44.0 APEX_CODE,FINEST;APEX_PROFILING,INFO;CALLOUT,INFO;DB,INFO;NBA,INFO;SYSTEM,DEBUG;VALIDATION,INFO;VISUALFORCE,INFO;WAVE,INFO;WORKFLOW,INFO
Execute Anonymous: Summation sum=new Summation();
Execute Anonymous: sum.display(5);
08:53:13.1 (1225038)|USER_INFO|[EXTERNAL]|0056F00000ATCAZ|ayman.shaikh@gmail.com|Pacific Standard Time|GMT-07:00
08:53:13.1 (1246900)|EXECUTION_STARTED
08:53:13.1 (1251935)|CODE_UNIT_STARTED|[EXTERNAL]|execute_anonymous_apex
08:53:13.1 (7630253)|VARIABLE_SCOPE_BEGIN|[1]|sum|Summation|true|false
08:53:13.1 (7747212)|HEAP_ALLOCATE|[72]|Bytes:3
08:53:13.1 (7780304)|HEAP_ALLOCATE|[77]|Bytes:152
08:53:13.1 (7793543)|HEAP_ALLOCATE|[342]|Bytes:408
08:53:13.1 (7806410)|HEAP_ALLOCATE|[355]|Bytes:408
08:53:13.1 (7818129)|HEAP_ALLOCATE|[467]|Bytes:48
08:53:13.1 (7842498)|HEAP_ALLOCATE|[139]|Bytes:6
08:53:13.1 (7866284)|HEAP_ALLOCATE|[EXTERNAL]|Bytes:3
08:53:13.1 (7896854)|STATEMENT_EXECUTE|[1]
08:53:13.1 (7899771)|STATEMENT_EXECUTE|[1]
08:53:13.1 (7903423)|HEAP_ALLOCATE|[1]|Bytes:1
08:53:13.1 (7909017)|HEAP_ALLOCATE|[1]|Bytes:2
08:53:13.1 (7939855)|METHOD_ENTRY|[1]|01p6F00000MPcfR|Summation.Summation()
08:53:13.1 (7946213)|STATEMENT_EXECUTE|[1]
08:53:13.1 (7949621)|STATEMENT_EXECUTE|[1]
08:53:13.1 (7976278)|HEAP_ALLOCATE|[50]|Bytes:5
08:53:13.1 (7997642)|HEAP_ALLOCATE|[56]|Bytes:5
08:53:13.1 (8005253)|HEAP_ALLOCATE|[64]|Bytes:7
08:53:13.1 (8023129)|SYSTEM_MODE_ENTER|false
08:53:13.1 (8034387)|HEAP_ALLOCATE|[1]|Bytes:5
08:53:13.1 (8042037)|SYSTEM_MODE_EXIT|false
08:53:13.1 (8052790)|METHOD_EXIT|[1]|Summation
08:53:13.1 (8066083)|HEAP_ALLOCATE|[1]|Bytes:4
08:53:13.1 (8088059)|SYSTEM_MODE_ENTER|false
08:53:13.1 (8111072)|HEAP_ALLOCATE|[1]|Bytes:5
08:53:13.1 (8124229)|CONSTRUCTOR_ENTRY|[1]|01p6F00000MPcfR|<init>()|Summation
08:53:13.1 (8153722)|VARIABLE_SCOPE_BEGIN|[1]|this|Summation|true|false
08:53:13.1 (8193018)|VARIABLE_ASSIGNMENT|[1]|this|{}|0x50ed438
08:53:13.1 (8204733)|HEAP_ALLOCATE|[EXTERNAL]|Bytes:5
08:53:13.1 (8213003)|HEAP_ALLOCATE|[EXTERNAL]|Bytes:6
08:53:13.1 (8248289)|STATEMENT_EXECUTE|[1]
08:53:13.1 (8252908)|HEAP_ALLOCATE|[EXTERNAL]|Bytes:5
08:53:13.1 (8262662)|CONSTRUCTOR_EXIT|[1]|01p6F00000MPcfR|<init>()|Summation
08:53:13.1 (8270135)|SYSTEM_MODE_EXIT|false
08:53:13.1 (8290881)|VARIABLE_ASSIGNMENT|[1]|sum|{}|0x50ed438
08:53:13.1 (8297820)|STATEMENT_EXECUTE|[2]
08:53:13.1 (8321279)|SYSTEM_MODE_ENTER|false
08:53:13.1 (8339212)|HEAP_ALLOCATE|[2]|Bytes:5
08:53:13.1 (8365591)|METHOD_ENTRY|[2]|01p6F00000MPcfR|Summation.display(Integer)
08:53:13.1 (8388238)|VARIABLE_SCOPE_BEGIN|[2]|this|Summation|true|false
08:53:13.1 (8410124)|VARIABLE_ASSIGNMENT|[2]|this|{}|0x50ed438
08:53:13.1 (8417561)|VARIABLE_SCOPE_BEGIN|[2]|num|Integer|false|false
08:53:13.1 (8426775)|VARIABLE_ASSIGNMENT|[2]|num|5
08:53:13.1 (8438338)|HEAP_ALLOCATE|[3]|Bytes:5
08:53:13.1 (8443278)|STATEMENT_EXECUTE|[2]
08:53:13.1 (8445286)|STATEMENT_EXECUTE|[3]
08:53:13.1 (8449136)|VARIABLE_SCOPE_BEGIN|[3]|i|Integer|false|false
08:53:13.1 (8458931)|VARIABLE_ASSIGNMENT|[3]|i|null
08:53:13.1 (8462755)|STATEMENT_EXECUTE|[4]
08:53:13.1 (8465438)|VARIABLE_SCOPE_BEGIN|[4]|sum|Integer|false|false
08:53:13.1 (8471833)|HEAP_ALLOCATE|[4]|Bytes:4
08:53:13.1 (8477348)|VARIABLE_ASSIGNMENT|[4]|sum|0
08:53:13.1 (8481856)|STATEMENT_EXECUTE|[5]
08:53:13.1 (8483944)|HEAP_ALLOCATE|[5]|Bytes:4
08:53:13.1 (8488764)|VARIABLE_ASSIGNMENT|[5]|i|1
08:53:13.1 (8494696)|STATEMENT_EXECUTE|[5]
08:53:13.1 (8496314)|STATEMENT_EXECUTE|[7]
08:53:13.1 (8498795)|HEAP_ALLOCATE|[7]|Bytes:4
08:53:13.1 (8503849)|VARIABLE_ASSIGNMENT|[7]|sum|1
08:53:13.1 (8508269)|HEAP_ALLOCATE|[5]|Bytes:4
08:53:13.1 (8514853)|VARIABLE_ASSIGNMENT|[5]|i|2
08:53:13.1 (8521121)|STATEMENT_EXECUTE|[5]
08:53:13.1 (8522814)|STATEMENT_EXECUTE|[7]
08:53:13.1 (8524871)|HEAP_ALLOCATE|[7]|Bytes:4
08:53:13.1 (8530145)|VARIABLE_ASSIGNMENT|[7]|sum|3
08:53:13.1 (8534561)|HEAP_ALLOCATE|[5]|Bytes:4
08:53:13.1 (8539005)|VARIABLE_ASSIGNMENT|[5]|i|3
08:53:13.1 (8543344)|STATEMENT_EXECUTE|[5]
08:53:13.1 (8544989)|STATEMENT_EXECUTE|[7]
08:53:13.1 (8546934)|HEAP_ALLOCATE|[7]|Bytes:4
08:53:13.1 (8551916)|VARIABLE_ASSIGNMENT|[7]|sum|6
08:53:13.1 (8555973)|HEAP_ALLOCATE|[5]|Bytes:4
08:53:13.1 (8560389)|VARIABLE_ASSIGNMENT|[5]|i|4
08:53:13.1 (8565031)|STATEMENT_EXECUTE|[5]
08:53:13.1 (8566603)|STATEMENT_EXECUTE|[7]
08:53:13.1 (8568580)|HEAP_ALLOCATE|[7]|Bytes:4
08:53:13.1 (8573425)|VARIABLE_ASSIGNMENT|[7]|sum|10
08:53:13.1 (8576959)|HEAP_ALLOCATE|[5]|Bytes:4
08:53:13.1 (8581323)|VARIABLE_ASSIGNMENT|[5]|i|5
08:53:13.1 (8585293)|STATEMENT_EXECUTE|[5]
08:53:13.1 (8586922)|STATEMENT_EXECUTE|[7]
08:53:13.1 (8588897)|HEAP_ALLOCATE|[7]|Bytes:4
08:53:13.1 (8593846)|VARIABLE_ASSIGNMENT|[7]|sum|15
08:53:13.1 (8597695)|HEAP_ALLOCATE|[5]|Bytes:4
08:53:13.1 (8602106)|VARIABLE_ASSIGNMENT|[5]|i|6
08:53:13.1 (8606462)|STATEMENT_EXECUTE|[10]
08:53:13.1 (8654802)|USER_DEBUG|[10]|DEBUG|15
08:53:13.1 (8674084)|METHOD_EXIT|[2]|01p6F00000MPcfR|Summation.display(Integer)
08:53:13.1 (8680094)|SYSTEM_MODE_EXIT|false
08:53:13.8 (8709450)|CUMULATIVE_LIMIT_USAGE
08:53:13.8 (8709450)|LIMIT_USAGE_FOR_NS|(default)|
  Number of SOQL queries: 0 out of 100
  Number of query rows: 0 out of 50000
  Number of SOSL queries: 0 out of 20
  Number of DML statements: 0 out of 150
  Number of DML rows: 0 out of 10000
  Maximum CPU time: 0 out of 10000
  Maximum heap size: 0 out of 6000000
  Number of callouts: 0 out of 100
  Number of Email Invocations: 0 out of 10
  Number of future calls: 0 out of 50
  Number of queueable jobs added to the queue: 0 out of 50
  Number of Mobile Apex push calls: 0 out of 10

08:53:13.8 (8709450)|CUMULATIVE_LIMIT_USAGE_END

08:53:13.1 (8747294)|CODE_UNIT_FINISHED|execute_anonymous_apex
08:53:13.1 (9669305)|EXECUTION_FINISHED
