44.0 APEX_CODE,DEBUG;APEX_PROFILING,INFO;CALLOUT,INFO;DB,INFO;NBA,INFO;SYSTEM,DEBUG;VALIDATION,INFO;VISUALFORCE,DEBUG;WAVE,INFO;WORKFLOW,INFO
07:06:25.0 (345606)|USER_INFO|[EXTERNAL]|0056F00000ATCAZ|ayman.shaikh@gmail.com|Pacific Standard Time|GMT-07:00
07:06:25.0 (414662)|EXECUTION_STARTED
07:06:25.0 (418804)|CODE_UNIT_STARTED|[EXTERNAL]|Validation:Employee:a056F00000lJj7Z
07:06:25.0 (454385)|VALIDATION_RULE|03d6F000001EXpW|Resignation_Date_rule
07:06:25.0 (747730)|VALIDATION_FORMULA|Is_on_Notice_Period__c= true && ISBLANK(Resignation_Date__c)|Is_on_Notice_Period__c=0 , Resignation_Date__c=null
07:06:25.0 (767608)|VALIDATION_PASS
07:06:25.0 (769463)|VALIDATION_RULE|03d6F000001EXr8|Restrict_DOB
07:06:25.0 (988312)|VALIDATION_FORMULA|Age__c  <= 18|Age__c=30
07:06:25.0 (995421)|VALIDATION_PASS
07:06:25.0 (996694)|VALIDATION_RULE|03d6F000001EWg3|Check_Dates
07:06:25.0 (1106251)|VALIDATION_FORMULA|Last_Working_Day__c  <  Date_of_Joining__c|Last_Working_Day__c=null , Date_of_Joining__c=2018-10-03 00:00:00
07:06:25.0 (1112988)|VALIDATION_PASS
07:06:25.0 (1114383)|VALIDATION_RULE|03d6F000001EWfy|Notice_Period
07:06:25.0 (1174013)|VALIDATION_FORMULA|Is_on_Notice_Period__c  = true && ISBLANK( Resignation_Date__c )|Is_on_Notice_Period__c=0 , Resignation_Date__c=null
07:06:25.0 (1179498)|VALIDATION_PASS
07:06:25.0 (1371807)|CODE_UNIT_FINISHED|Validation:Employee:a056F00000lJj7Z
07:06:25.0 (1381369)|EXECUTION_FINISHED
07:06:25.16 (16952079)|USER_INFO|[EXTERNAL]|0056F00000ATCAZ|ayman.shaikh@gmail.com|Pacific Standard Time|GMT-07:00
07:06:25.16 (16976222)|EXECUTION_STARTED
07:06:25.16 (16980925)|CODE_UNIT_STARTED|[EXTERNAL]|Workflow:01I6F000002DSKA
07:06:25.16 (25884413)|WF_RULE_EVAL_BEGIN|Workflow
07:06:25.16 (25934492)|WF_CRITERIA_BEGIN|[Employee: EMP-000001 a056F00000lJj7Z]|one to one|01Q6F0000015jKG|ON_ALL_CHANGES|0
07:06:25.16 (27239485)|WF_RULE_FILTER|[Employee : Employees ID not equal to NULL]
07:06:25.16 (27266794)|WF_RULE_EVAL_VALUE|EMP-000001
07:06:25.16 (27283936)|WF_CRITERIA_END|true
07:06:25.16 (27904286)|WF_CRITERIA_BEGIN|[Employee: EMP-000001 a056F00000lJj7Z]|Record deactivated|01Q6F0000015jIy|ON_CREATE_OR_TRIGGERING_UPDATE|0
07:06:25.16 (28237245)|WF_FORMULA|Formula:ENCODED:[treatNullAsNull]NOT({!ID:00N6F00000RfoKy})|Values:Is_Active__c=0
07:06:25.16 (28250038)|WF_CRITERIA_END|true
07:06:25.16 (28294867)|WF_SPOOL_ACTION_BEGIN|Workflow
07:06:25.16 (28620583)|WF_RULE_INVOCATION|[Employee: EMP-000001 a056F00000lJj7Z]
07:06:25.16 (28638134)|WF_EMAIL_ALERT|Id=01W6F000000kHXy|CurrentRule:Record deactivated (Id=01Q6F0000015jIy)
07:06:25.16 (66987119)|WF_EMAIL_SENT|Template:00X6F0000027G3n|Recipients:ayman.shaikh@eternussolutions.com |CcEmails:
07:06:25.16 (67063813)|WF_ACTION| Field Update: 1; Email Alert: 1;
07:06:25.16 (67088988)|WF_RULE_EVAL_END
07:06:25.16 (67340636)|WF_ACTIONS_END| Field Update: 1; Email Alert: 1;
07:06:25.16 (67351936)|CODE_UNIT_FINISHED|Workflow:01I6F000002DSKA
07:06:25.16 (67364358)|EXECUTION_FINISHED
