44.0 APEX_CODE,DEBUG;APEX_PROFILING,INFO;CALLOUT,INFO;DB,INFO;NBA,INFO;SYSTEM,DEBUG;VALIDATION,INFO;VISUALFORCE,DEBUG;WAVE,INFO;WORKFLOW,INFO
07:05:49.0 (662331)|USER_INFO|[EXTERNAL]|0056F00000ATCAZ|ayman.shaikh@gmail.com|Pacific Standard Time|GMT-07:00
07:05:49.0 (923515)|EXECUTION_STARTED
07:05:49.0 (931764)|CODE_UNIT_STARTED|[EXTERNAL]|Validation:Employee:a056F00000lJj7Z
07:05:49.0 (1030780)|VALIDATION_RULE|03d6F000001EXpW|Resignation_Date_rule
07:05:49.0 (1333374)|VALIDATION_FORMULA|Is_on_Notice_Period__c= true && ISBLANK(Resignation_Date__c)|Is_on_Notice_Period__c=0 , Resignation_Date__c=null
07:05:49.0 (1364468)|VALIDATION_PASS
07:05:49.0 (1378662)|VALIDATION_RULE|03d6F000001EXr8|Restrict_DOB
07:05:49.0 (1768287)|VALIDATION_FORMULA|Age__c  <= 18|Age__c=30
07:05:49.0 (1796927)|VALIDATION_PASS
07:05:49.0 (1800953)|VALIDATION_RULE|03d6F000001EWg3|Check_Dates
07:05:49.0 (2018251)|VALIDATION_FORMULA|Last_Working_Day__c  <  Date_of_Joining__c|Last_Working_Day__c=null , Date_of_Joining__c=2018-10-03 00:00:00
07:05:49.0 (2058362)|VALIDATION_PASS
07:05:49.0 (2062501)|VALIDATION_RULE|03d6F000001EWfy|Notice_Period
07:05:49.0 (2194081)|VALIDATION_FORMULA|Is_on_Notice_Period__c  = true && ISBLANK( Resignation_Date__c )|Is_on_Notice_Period__c=0 , Resignation_Date__c=null
07:05:49.0 (2207979)|VALIDATION_PASS
07:05:49.0 (2520760)|CODE_UNIT_FINISHED|Validation:Employee:a056F00000lJj7Z
07:05:49.0 (2645842)|EXECUTION_FINISHED
07:05:49.23 (23630965)|USER_INFO|[EXTERNAL]|0056F00000ATCAZ|ayman.shaikh@gmail.com|Pacific Standard Time|GMT-07:00
07:05:49.23 (23656550)|EXECUTION_STARTED
07:05:49.23 (23660633)|CODE_UNIT_STARTED|[EXTERNAL]|Workflow:01I6F000002DSKA
07:05:49.23 (36028611)|WF_RULE_EVAL_BEGIN|Workflow
07:05:49.23 (36102919)|WF_CRITERIA_BEGIN|[Employee: EMP-000001 a056F00000lJj7Z]|one to one|01Q6F0000015jKG|ON_ALL_CHANGES|0
07:05:49.23 (38371109)|WF_RULE_FILTER|[Employee : Employees ID not equal to NULL]
07:05:49.23 (38403592)|WF_RULE_EVAL_VALUE|EMP-000001
07:05:49.23 (38423308)|WF_CRITERIA_END|true
07:05:49.23 (49074732)|WF_CRITERIA_BEGIN|[Employee: EMP-000001 a056F00000lJj7Z]|Record deactivated|01Q6F0000015jIy|ON_CREATE_OR_TRIGGERING_UPDATE|0
07:05:49.23 (49396184)|WF_FORMULA|Formula:ENCODED:[treatNullAsNull]NOT({!ID:00N6F00000RfoKy})|Values:Is_Active__c=0
07:05:49.23 (49410283)|WF_CRITERIA_END|true
07:05:49.23 (49451023)|WF_SPOOL_ACTION_BEGIN|Workflow
07:05:49.23 (49808503)|WF_RULE_INVOCATION|[Employee: EMP-000001 a056F00000lJj7Z]
07:05:49.23 (49837434)|WF_EMAIL_ALERT|Id=01W6F000000kHXy|CurrentRule:Record deactivated (Id=01Q6F0000015jIy)
07:05:49.23 (96563468)|WF_EMAIL_SENT|Template:00X6F0000027G3n|Recipients:ayman.shaikh@eternussolutions.com |CcEmails:
07:05:49.23 (96607613)|WF_ACTION| Field Update: 1; Email Alert: 1;
07:05:49.23 (96613382)|WF_RULE_EVAL_END
07:05:49.23 (96904774)|WF_ACTIONS_END| Field Update: 1; Email Alert: 1;
07:05:49.23 (96928412)|CODE_UNIT_FINISHED|Workflow:01I6F000002DSKA
07:05:49.23 (96939719)|EXECUTION_FINISHED
