44.0 APEX_CODE,FINEST;APEX_PROFILING,INFO;CALLOUT,INFO;DB,INFO;NBA,INFO;SYSTEM,DEBUG;VALIDATION,INFO;VISUALFORCE,INFO;WAVE,INFO;WORKFLOW,INFO
Execute Anonymous: Array_Operations obj = new Array_Operations();
Execute Anonymous: obj.Duplicate();
04:14:00.1 (1277681)|USER_INFO|[EXTERNAL]|0056F00000ATCAZ|ayman.shaikh@gmail.com|Pacific Standard Time|GMT-07:00
04:14:00.1 (1305894)|EXECUTION_STARTED
04:14:00.1 (1311139)|CODE_UNIT_STARTED|[EXTERNAL]|execute_anonymous_apex
04:14:00.1 (12167757)|VARIABLE_SCOPE_BEGIN|[1]|obj|Array_Operations|true|false
04:14:00.1 (12345028)|HEAP_ALLOCATE|[72]|Bytes:3
04:14:00.1 (12396055)|HEAP_ALLOCATE|[77]|Bytes:152
04:14:00.1 (12413618)|HEAP_ALLOCATE|[342]|Bytes:408
04:14:00.1 (12434476)|HEAP_ALLOCATE|[355]|Bytes:408
04:14:00.1 (12453203)|HEAP_ALLOCATE|[467]|Bytes:48
04:14:00.1 (12486384)|HEAP_ALLOCATE|[139]|Bytes:6
04:14:00.1 (12515746)|HEAP_ALLOCATE|[EXTERNAL]|Bytes:3
04:14:00.1 (12553150)|STATEMENT_EXECUTE|[1]
04:14:00.1 (12556811)|STATEMENT_EXECUTE|[1]
04:14:00.1 (12561308)|HEAP_ALLOCATE|[1]|Bytes:13
04:14:00.1 (12568337)|HEAP_ALLOCATE|[1]|Bytes:22
04:14:00.1 (12603472)|METHOD_ENTRY|[1]|01p6F00000MPtB2|Array_Operations.Array_Operations()
04:14:00.1 (12612769)|STATEMENT_EXECUTE|[1]
04:14:00.1 (12617680)|STATEMENT_EXECUTE|[1]
04:14:00.1 (12649589)|HEAP_ALLOCATE|[50]|Bytes:5
04:14:00.1 (12679720)|HEAP_ALLOCATE|[56]|Bytes:5
04:14:00.1 (12689966)|HEAP_ALLOCATE|[64]|Bytes:7
04:14:00.1 (12728777)|SYSTEM_MODE_ENTER|false
04:14:00.1 (12749754)|HEAP_ALLOCATE|[1]|Bytes:5
04:14:00.1 (12760052)|SYSTEM_MODE_EXIT|false
04:14:00.1 (12772023)|METHOD_EXIT|[1]|Array_Operations
04:14:00.1 (12828864)|HEAP_ALLOCATE|[1]|Bytes:8
04:14:00.1 (12857684)|SYSTEM_MODE_ENTER|false
04:14:00.1 (12886162)|HEAP_ALLOCATE|[1]|Bytes:5
04:14:00.1 (12901664)|CONSTRUCTOR_ENTRY|[1]|01p6F00000MPtB2|<init>()|Array_Operations
04:14:00.1 (12963972)|VARIABLE_SCOPE_BEGIN|[1]|this|Array_Operations|true|false
04:14:00.1 (13032720)|VARIABLE_ASSIGNMENT|[1]|this|{}|0x7632bfaa
04:14:00.1 (13047667)|HEAP_ALLOCATE|[3]|Bytes:5
04:14:00.1 (13058995)|HEAP_ALLOCATE|[3]|Bytes:6
04:14:00.1 (13114454)|STATEMENT_EXECUTE|[1]
04:14:00.1 (13120875)|HEAP_ALLOCATE|[3]|Bytes:5
04:14:00.1 (13127061)|STATEMENT_EXECUTE|[3]
04:14:00.1 (13148893)|HEAP_ALLOCATE|[3]|Bytes:4
04:14:00.1 (13223504)|HEAP_ALLOCATE|[3]|Bytes:4
04:14:00.1 (13232530)|HEAP_ALLOCATE|[3]|Bytes:4
04:14:00.1 (13238179)|HEAP_ALLOCATE|[3]|Bytes:4
04:14:00.1 (13243791)|HEAP_ALLOCATE|[3]|Bytes:4
04:14:00.1 (13249630)|HEAP_ALLOCATE|[3]|Bytes:4
04:14:00.1 (13254916)|HEAP_ALLOCATE|[3]|Bytes:4
04:14:00.1 (13305019)|HEAP_ALLOCATE|[EXTERNAL]|Bytes:28
04:14:00.1 (13330210)|VARIABLE_ASSIGNMENT|[3]|this.integerList|"List of size 6 too large to display"|0x7632bfaa
04:14:00.1 (13343828)|CONSTRUCTOR_EXIT|[1]|01p6F00000MPtB2|<init>()|Array_Operations
04:14:00.1 (13354523)|SYSTEM_MODE_EXIT|false
04:14:00.1 (13386960)|VARIABLE_ASSIGNMENT|[1]|obj|{"integerList":"0xfb17bd1"}|0x7632bfaa
04:14:00.1 (13396453)|STATEMENT_EXECUTE|[2]
04:14:00.1 (13422954)|SYSTEM_MODE_ENTER|false
04:14:00.1 (13444900)|HEAP_ALLOCATE|[2]|Bytes:5
04:14:00.1 (13477495)|METHOD_ENTRY|[2]|01p6F00000MPtB2|Array_Operations.Duplicate()
04:14:00.1 (13508018)|VARIABLE_SCOPE_BEGIN|[55]|this|Array_Operations|true|false
04:14:00.1 (13533265)|VARIABLE_ASSIGNMENT|[55]|this|{"integerList":"0xfb17bd1"}|0x7632bfaa
04:14:00.1 (13550799)|HEAP_ALLOCATE|[57]|Bytes:5
04:14:00.1 (13556862)|STATEMENT_EXECUTE|[56]
04:14:00.1 (13559157)|STATEMENT_EXECUTE|[57]
04:14:00.1 (13563743)|VARIABLE_SCOPE_BEGIN|[57]|count|Integer|false|false
04:14:00.1 (13574577)|HEAP_ALLOCATE|[57]|Bytes:4
04:14:00.1 (13583774)|VARIABLE_ASSIGNMENT|[57]|count|1
04:14:00.1 (13591197)|STATEMENT_EXECUTE|[59]
04:14:00.1 (13594107)|VARIABLE_SCOPE_BEGIN|[59]|i|Integer|false|false
04:14:00.1 (13603505)|HEAP_ALLOCATE|[59]|Bytes:4
04:14:00.1 (13609708)|VARIABLE_ASSIGNMENT|[59]|i|0
04:14:00.1 (13653629)|STATEMENT_EXECUTE|[59]
04:14:00.1 (13656892)|STATEMENT_EXECUTE|[60]
04:14:00.1 (13660801)|VARIABLE_SCOPE_BEGIN|[60]|j|Integer|false|false
04:14:00.1 (13671132)|HEAP_ALLOCATE|[60]|Bytes:4
04:14:00.1 (13678852)|VARIABLE_ASSIGNMENT|[60]|j|1
04:14:00.1 (13699550)|STATEMENT_EXECUTE|[60]
04:14:00.1 (13708892)|HEAP_ALLOCATE|[61]|Bytes:8
04:14:00.1 (13717766)|HEAP_ALLOCATE|[61]|Bytes:8
04:14:00.1 (13723701)|STATEMENT_EXECUTE|[61]
04:14:00.1 (13726537)|HEAP_ALLOCATE|[60]|Bytes:4
04:14:00.1 (13733759)|VARIABLE_ASSIGNMENT|[60]|j|2
04:14:00.1 (13748002)|STATEMENT_EXECUTE|[60]
04:14:00.1 (13751973)|HEAP_ALLOCATE|[61]|Bytes:8
04:14:00.1 (13759244)|HEAP_ALLOCATE|[61]|Bytes:8
04:14:00.1 (13764382)|STATEMENT_EXECUTE|[61]
04:14:00.1 (13766685)|HEAP_ALLOCATE|[60]|Bytes:4
04:14:00.1 (13773650)|VARIABLE_ASSIGNMENT|[60]|j|3
04:14:00.1 (13786637)|STATEMENT_EXECUTE|[60]
04:14:00.1 (13790305)|HEAP_ALLOCATE|[61]|Bytes:8
04:14:00.1 (13797408)|HEAP_ALLOCATE|[61]|Bytes:8
04:14:00.1 (13802508)|STATEMENT_EXECUTE|[61]
04:14:00.1 (13805077)|STATEMENT_EXECUTE|[62]
04:14:00.1 (13807325)|HEAP_ALLOCATE|[62]|Bytes:4
04:14:00.1 (13814593)|VARIABLE_ASSIGNMENT|[62]|count|2
04:14:00.1 (13820420)|STATEMENT_EXECUTE|[63]
04:14:00.1 (13892091)|HEAP_ALLOCATE|[63]|Bytes:4
04:14:00.1 (13906463)|HEAP_ALLOCATE|[60]|Bytes:4
04:14:00.1 (13913998)|VARIABLE_ASSIGNMENT|[60]|j|4
04:14:00.1 (13928007)|STATEMENT_EXECUTE|[60]
04:14:00.1 (13932005)|HEAP_ALLOCATE|[61]|Bytes:8
04:14:00.1 (13938907)|HEAP_ALLOCATE|[61]|Bytes:8
04:14:00.1 (13943885)|STATEMENT_EXECUTE|[61]
04:14:00.1 (13946172)|HEAP_ALLOCATE|[60]|Bytes:4
04:14:00.1 (13958755)|VARIABLE_ASSIGNMENT|[60]|j|5
04:14:00.1 (13971684)|STATEMENT_EXECUTE|[60]
04:14:00.1 (13979315)|HEAP_ALLOCATE|[61]|Bytes:8
04:14:00.1 (13986571)|HEAP_ALLOCATE|[61]|Bytes:8
04:14:00.1 (13991576)|STATEMENT_EXECUTE|[61]
04:14:00.1 (13993721)|STATEMENT_EXECUTE|[62]
04:14:00.1 (13996013)|HEAP_ALLOCATE|[62]|Bytes:4
04:14:00.1 (14002612)|VARIABLE_ASSIGNMENT|[62]|count|3
04:14:00.1 (14009029)|STATEMENT_EXECUTE|[63]
04:14:00.1 (14016123)|HEAP_ALLOCATE|[63]|Bytes:4
04:14:00.1 (14024644)|HEAP_ALLOCATE|[60]|Bytes:4
04:14:00.1 (14032213)|VARIABLE_ASSIGNMENT|[60]|j|6
04:14:00.1 (14045619)|STATEMENT_EXECUTE|[60]
04:14:00.1 (14049229)|HEAP_ALLOCATE|[61]|Bytes:8
04:14:00.1 (14106152)|HEAP_ALLOCATE|[61]|Bytes:31
04:14:00.1 (14124429)|METHOD_EXIT|[2]|01p6F00000MPtB2|Array_Operations.Duplicate()
04:14:00.1 (14136905)|SYSTEM_MODE_EXIT|false
04:14:00.1 (14265640)|FATAL_ERROR|System.ListException: List index out of bounds: 6

Class.Array_Operations.Duplicate: line 61, column 1
AnonymousBlock: line 2, column 1
AnonymousBlock: line 2, column 1
04:14:00.14 (14325149)|CUMULATIVE_LIMIT_USAGE
04:14:00.14 (14325149)|LIMIT_USAGE_FOR_NS|(default)|
  Number of SOQL queries: 0 out of 100
  Number of query rows: 0 out of 50000
  Number of SOSL queries: 0 out of 20
  Number of DML statements: 0 out of 150
  Number of DML rows: 0 out of 10000
  Maximum CPU time: 0 out of 10000
  Maximum heap size: 0 out of 6000000
  Number of callouts: 0 out of 100
  Number of Email Invocations: 0 out of 10
  Number of future calls: 0 out of 50
  Number of queueable jobs added to the queue: 0 out of 50
  Number of Mobile Apex push calls: 0 out of 10

04:14:00.14 (14325149)|CUMULATIVE_LIMIT_USAGE_END

04:14:00.1 (14373816)|CODE_UNIT_FINISHED|execute_anonymous_apex
04:14:00.1 (15362760)|EXECUTION_FINISHED
