43.0 APEX_CODE,FINEST;APEX_PROFILING,INFO;CALLOUT,INFO;DB,INFO;NBA,INFO;SYSTEM,DEBUG;VALIDATION,INFO;VISUALFORCE,INFO;WAVE,INFO;WORKFLOW,INFO
Execute Anonymous: ParentToChild objParentToChild = new ParentToChild();
Execute Anonymous: objParentToChild.AccountToContact();
07:43:42.17 (17662582)|USER_INFO|[EXTERNAL]|0056F00000ATCAZ|ayman.shaikh@gmail.com|Pacific Standard Time|GMT-08:00
07:43:42.17 (17686009)|EXECUTION_STARTED
07:43:42.17 (17690774)|CODE_UNIT_STARTED|[EXTERNAL]|execute_anonymous_apex
07:43:42.17 (18959990)|VARIABLE_SCOPE_BEGIN|[1]|objParentToChild|ParentToChild|true|false
07:43:42.17 (19102261)|HEAP_ALLOCATE|[72]|Bytes:3
07:43:42.17 (19160888)|HEAP_ALLOCATE|[77]|Bytes:152
07:43:42.17 (19183441)|HEAP_ALLOCATE|[342]|Bytes:408
07:43:42.17 (19206133)|HEAP_ALLOCATE|[355]|Bytes:408
07:43:42.17 (19226773)|HEAP_ALLOCATE|[467]|Bytes:48
07:43:42.17 (19277280)|HEAP_ALLOCATE|[139]|Bytes:6
07:43:42.17 (19300045)|HEAP_ALLOCATE|[EXTERNAL]|Bytes:3
07:43:42.17 (19323619)|STATEMENT_EXECUTE|[1]
07:43:42.17 (19326536)|STATEMENT_EXECUTE|[1]
07:43:42.17 (19330156)|HEAP_ALLOCATE|[1]|Bytes:6
07:43:42.17 (19335006)|HEAP_ALLOCATE|[1]|Bytes:7
07:43:42.17 (19362248)|METHOD_ENTRY|[1]|01p6F00000MRjNH|ParentToChild.ParentToChild()
07:43:42.17 (19368953)|STATEMENT_EXECUTE|[1]
07:43:42.17 (19372307)|STATEMENT_EXECUTE|[1]
07:43:42.17 (19378308)|METHOD_EXIT|[1]|ParentToChild
07:43:42.17 (19396110)|HEAP_ALLOCATE|[1]|Bytes:4
07:43:42.17 (19429256)|HEAP_ALLOCATE|[50]|Bytes:5
07:43:42.17 (19449533)|HEAP_ALLOCATE|[56]|Bytes:5
07:43:42.17 (19457282)|HEAP_ALLOCATE|[64]|Bytes:7
07:43:42.17 (19474868)|SYSTEM_MODE_ENTER|false
07:43:42.17 (19516801)|HEAP_ALLOCATE|[1]|Bytes:5
07:43:42.17 (19534187)|CONSTRUCTOR_ENTRY|[1]|01p6F00000MRjNH|<init>()|ParentToChild
07:43:42.17 (19570785)|VARIABLE_SCOPE_BEGIN|[1]|this|ParentToChild|true|false
07:43:42.17 (19613629)|VARIABLE_ASSIGNMENT|[1]|this|{}|0x65e68e9b
07:43:42.17 (19625939)|HEAP_ALLOCATE|[EXTERNAL]|Bytes:6
07:43:42.17 (19670430)|STATEMENT_EXECUTE|[1]
07:43:42.17 (19676984)|CONSTRUCTOR_EXIT|[1]|01p6F00000MRjNH|<init>()|ParentToChild
07:43:42.17 (19696960)|SYSTEM_MODE_EXIT|false
07:43:42.17 (19724594)|VARIABLE_ASSIGNMENT|[1]|objParentToChild|{}|0x65e68e9b
07:43:42.17 (19734905)|STATEMENT_EXECUTE|[2]
07:43:42.17 (19764499)|SYSTEM_MODE_ENTER|false
07:43:42.17 (19788159)|HEAP_ALLOCATE|[2]|Bytes:5
07:43:42.17 (19817031)|METHOD_ENTRY|[2]|01p6F00000MRjNH|ParentToChild.AccountToContact()
07:43:42.17 (19839178)|VARIABLE_SCOPE_BEGIN|[2]|this|ParentToChild|true|false
07:43:42.17 (19866350)|VARIABLE_ASSIGNMENT|[2]|this|{}|0x65e68e9b
07:43:42.17 (19876929)|STATEMENT_EXECUTE|[2]
07:43:42.17 (19878515)|STATEMENT_EXECUTE|[3]
07:43:42.17 (19881899)|HEAP_ALLOCATE|[3]|Bytes:100
07:43:42.17 (19904817)|HEAP_ALLOCATE|[3]|Bytes:4
07:43:42.17 (20336616)|SOQL_EXECUTE_BEGIN|[3]|Aggregations:1|SELECT Account.Name, (SELECT Contact.FirstName, Contact.LastName FROM Account.Contacts) FROM Account
07:43:42.17 (27435238)|SOQL_EXECUTE_END|[3]|Rows:18
07:43:42.17 (27500095)|HEAP_ALLOCATE|[3]|Bytes:76
07:43:42.17 (27594762)|HEAP_ALLOCATE|[3]|Bytes:4068
07:43:42.17 (27717679)|HEAP_ALLOCATE|[3]|Bytes:76
07:43:42.17 (27735677)|VARIABLE_SCOPE_BEGIN|[3]|AccList|List<Account>|true|false
07:43:42.17 (27763082)|VARIABLE_ASSIGNMENT|[3]|AccList|"List of size 18 too large to display"|0x25948805
07:43:42.17 (27773896)|STATEMENT_EXECUTE|[4]
07:43:42.17 (27935115)|USER_DEBUG|[4]|DEBUG|(Account:{Name=sForce, Id=0016F00002o0fjCQAQ}, Account:{Name=University of Arizona, Id=0016F00002o0fj8QAA}, Account:{Name=United Oil & Gas Corp., Id=0016F00002o0fj6QAA}, Account:{Name=GenePoint, Id=0016F00002o0fjBQAQ}, Account:{Name=United Oil & Gas, UK, Id=0016F00002o0fj9QAA}, Account:{Name=United Oil & Gas, Singapore, Id=0016F00002o0fjAQAQ}, Account:{Name=Edge Communications, Id=0016F00002o0fj1QAA}, Account:{Name=Burlington Textiles Corp of America, Id=0016F00002o0fj2QAA}, Account:{Name=Pyramid Construction Inc., Id=0016F00002o0fj3QAA}, Account:{Name=Dickenson plc, Id=0016F00002o0fj4QAA}, ...)
07:43:42.17 (27960011)|METHOD_EXIT|[2]|01p6F00000MRjNH|ParentToChild.AccountToContact()
07:43:42.17 (27969732)|SYSTEM_MODE_EXIT|false
07:43:42.27 (27998967)|CUMULATIVE_LIMIT_USAGE
07:43:42.27 (27998967)|LIMIT_USAGE_FOR_NS|(default)|
  Number of SOQL queries: 1 out of 100
  Number of query rows: 51 out of 50000
  Number of SOSL queries: 0 out of 20
  Number of DML statements: 0 out of 150
  Number of DML rows: 0 out of 10000
  Maximum CPU time: 0 out of 10000
  Maximum heap size: 0 out of 6000000
  Number of callouts: 0 out of 100
  Number of Email Invocations: 0 out of 10
  Number of future calls: 0 out of 50
  Number of queueable jobs added to the queue: 0 out of 50
  Number of Mobile Apex push calls: 0 out of 10

07:43:42.27 (27998967)|CUMULATIVE_LIMIT_USAGE_END

07:43:42.17 (28037833)|CODE_UNIT_FINISHED|execute_anonymous_apex
07:43:42.17 (29135316)|EXECUTION_FINISHED
