44.0 APEX_CODE,FINEST;APEX_PROFILING,INFO;CALLOUT,INFO;DB,INFO;NBA,INFO;SYSTEM,DEBUG;VALIDATION,INFO;VISUALFORCE,INFO;WAVE,INFO;WORKFLOW,INFO
Execute Anonymous: DatabaseQueryAndSearch objDatabaseQueryAndSearch = new DatabaseQueryAndSearch();
Execute Anonymous: objDatabaseQueryAndSearch.DatabaseQuery();
05:46:53.1 (1686654)|USER_INFO|[EXTERNAL]|0056F00000ATCAZ|ayman.shaikh@gmail.com|Pacific Standard Time|GMT-07:00
05:46:53.1 (1716162)|EXECUTION_STARTED
05:46:53.1 (1721780)|CODE_UNIT_STARTED|[EXTERNAL]|execute_anonymous_apex
05:46:53.1 (21409084)|VARIABLE_SCOPE_BEGIN|[1]|objDatabaseQueryAndSearch|DatabaseQueryAndSearch|true|false
05:46:53.1 (21519474)|HEAP_ALLOCATE|[72]|Bytes:3
05:46:53.1 (21550393)|HEAP_ALLOCATE|[77]|Bytes:152
05:46:53.1 (21562911)|HEAP_ALLOCATE|[342]|Bytes:408
05:46:53.1 (21575873)|HEAP_ALLOCATE|[355]|Bytes:408
05:46:53.1 (21593944)|HEAP_ALLOCATE|[467]|Bytes:48
05:46:53.1 (21619523)|HEAP_ALLOCATE|[139]|Bytes:6
05:46:53.1 (21638682)|HEAP_ALLOCATE|[EXTERNAL]|Bytes:3
05:46:53.1 (21669662)|STATEMENT_EXECUTE|[1]
05:46:53.1 (21672485)|STATEMENT_EXECUTE|[1]
05:46:53.1 (21676715)|HEAP_ALLOCATE|[1]|Bytes:3
05:46:53.1 (21703854)|METHOD_ENTRY|[1]|01p6F00000MRIMH|DatabaseQueryAndSearch.DatabaseQueryAndSearch()
05:46:53.1 (21710527)|STATEMENT_EXECUTE|[1]
05:46:53.1 (21715763)|STATEMENT_EXECUTE|[1]
05:46:53.1 (21741638)|HEAP_ALLOCATE|[50]|Bytes:5
05:46:53.1 (21761809)|HEAP_ALLOCATE|[56]|Bytes:5
05:46:53.1 (21770657)|HEAP_ALLOCATE|[64]|Bytes:7
05:46:53.1 (21789807)|SYSTEM_MODE_ENTER|false
05:46:53.1 (21801665)|HEAP_ALLOCATE|[1]|Bytes:5
05:46:53.1 (21808092)|SYSTEM_MODE_EXIT|false
05:46:53.1 (21817979)|METHOD_EXIT|[1]|DatabaseQueryAndSearch
05:46:53.1 (21830660)|HEAP_ALLOCATE|[1]|Bytes:4
05:46:53.1 (21853286)|SYSTEM_MODE_ENTER|false
05:46:53.1 (21875587)|HEAP_ALLOCATE|[1]|Bytes:5
05:46:53.1 (21889101)|CONSTRUCTOR_ENTRY|[1]|01p6F00000MRIMH|<init>()|DatabaseQueryAndSearch
05:46:53.1 (21915406)|VARIABLE_SCOPE_BEGIN|[1]|this|DatabaseQueryAndSearch|true|false
05:46:53.1 (21954844)|VARIABLE_ASSIGNMENT|[1]|this|{}|0x2202604
05:46:53.1 (21964890)|HEAP_ALLOCATE|[EXTERNAL]|Bytes:5
05:46:53.1 (21973814)|HEAP_ALLOCATE|[EXTERNAL]|Bytes:6
05:46:53.1 (22015271)|STATEMENT_EXECUTE|[1]
05:46:53.1 (22021798)|HEAP_ALLOCATE|[EXTERNAL]|Bytes:5
05:46:53.1 (22031331)|CONSTRUCTOR_EXIT|[1]|01p6F00000MRIMH|<init>()|DatabaseQueryAndSearch
05:46:53.1 (22038466)|SYSTEM_MODE_EXIT|false
05:46:53.1 (22080993)|VARIABLE_ASSIGNMENT|[1]|objDatabaseQueryAndSearch|{}|0x2202604
05:46:53.1 (22088264)|STATEMENT_EXECUTE|[2]
05:46:53.1 (22111968)|SYSTEM_MODE_ENTER|false
05:46:53.1 (22129129)|HEAP_ALLOCATE|[2]|Bytes:5
05:46:53.1 (22153575)|METHOD_ENTRY|[2]|01p6F00000MRIMH|DatabaseQueryAndSearch.DatabaseQuery()
05:46:53.1 (22177137)|VARIABLE_SCOPE_BEGIN|[2]|this|DatabaseQueryAndSearch|true|false
05:46:53.1 (22193257)|VARIABLE_ASSIGNMENT|[2]|this|{}|0x2202604
05:46:53.1 (22206332)|HEAP_ALLOCATE|[3]|Bytes:5
05:46:53.1 (22210898)|STATEMENT_EXECUTE|[2]
05:46:53.1 (22213111)|STATEMENT_EXECUTE|[3]
05:46:53.1 (22216401)|HEAP_ALLOCATE|[3]|Bytes:5
05:46:53.1 (22222489)|VARIABLE_SCOPE_BEGIN|[3]|myTestString|String|false|false
05:46:53.1 (22235576)|VARIABLE_ASSIGNMENT|[3]|myTestString|"Ayman"
05:46:53.1 (22239795)|STATEMENT_EXECUTE|[5]
05:46:53.1 (22242245)|HEAP_ALLOCATE|[5]|Bytes:53
05:46:53.1 (23999921)|SOQL_EXECUTE_BEGIN|[5]|Aggregations:0|SELECT Id FROM Employee__c WHERE Name = :myTestString
05:46:53.1 (44600972)|SOQL_EXECUTE_END|[5]|Rows:0
05:46:53.1 (44649030)|HEAP_ALLOCATE|[5]|Bytes:4
05:46:53.1 (44666880)|HEAP_ALLOCATE|[5]|Bytes:0
05:46:53.1 (44775139)|HEAP_ALLOCATE|[5]|Bytes:4
05:46:53.1 (44802761)|VARIABLE_SCOPE_BEGIN|[5]|sobjList|List<SObject>|true|false
05:46:53.1 (44828019)|VARIABLE_ASSIGNMENT|[5]|sobjList|[]|0x431a45bc
05:46:53.1 (44844535)|METHOD_EXIT|[2]|01p6F00000MRIMH|DatabaseQueryAndSearch.DatabaseQuery()
05:46:53.1 (44852751)|SYSTEM_MODE_EXIT|false
05:46:53.44 (44882872)|CUMULATIVE_LIMIT_USAGE
05:46:53.44 (44882872)|LIMIT_USAGE_FOR_NS|(default)|
  Number of SOQL queries: 1 out of 100
  Number of query rows: 0 out of 50000
  Number of SOSL queries: 0 out of 20
  Number of DML statements: 0 out of 150
  Number of DML rows: 0 out of 10000
  Maximum CPU time: 0 out of 10000
  Maximum heap size: 0 out of 6000000
  Number of callouts: 0 out of 100
  Number of Email Invocations: 0 out of 10
  Number of future calls: 0 out of 50
  Number of queueable jobs added to the queue: 0 out of 50
  Number of Mobile Apex push calls: 0 out of 10

05:46:53.44 (44882872)|CUMULATIVE_LIMIT_USAGE_END

05:46:53.1 (44921538)|CODE_UNIT_FINISHED|execute_anonymous_apex
05:46:53.1 (46504549)|EXECUTION_FINISHED
