44.0 APEX_CODE,FINEST;APEX_PROFILING,INFO;CALLOUT,INFO;DB,INFO;NBA,INFO;SYSTEM,DEBUG;VALIDATION,INFO;VISUALFORCE,INFO;WAVE,INFO;WORKFLOW,INFO
Execute Anonymous: 
Execute Anonymous: ParentClass obj1, obj2;
Execute Anonymous: obj1 = new ParentClass();
Execute Anonymous: obj1.write();
Execute Anonymous: obj2 = new ChildClass();
Execute Anonymous: obj2.write();
Execute Anonymous: obj1.ParentClassAdd();
05:47:50.1 (1001394)|USER_INFO|[EXTERNAL]|0056F00000ATCAZ|ayman.shaikh@gmail.com|Pacific Standard Time|GMT-07:00
05:47:50.1 (1023852)|EXECUTION_STARTED
05:47:50.1 (1028519)|CODE_UNIT_STARTED|[EXTERNAL]|execute_anonymous_apex
05:47:50.1 (2090404)|VARIABLE_SCOPE_BEGIN|[2]|obj1|ParentClass|true|false
05:47:50.1 (2105967)|VARIABLE_SCOPE_BEGIN|[2]|obj2|ParentClass|true|false
05:47:50.1 (2239263)|HEAP_ALLOCATE|[72]|Bytes:3
05:47:50.1 (2279156)|HEAP_ALLOCATE|[77]|Bytes:152
05:47:50.1 (2293420)|HEAP_ALLOCATE|[342]|Bytes:408
05:47:50.1 (2305534)|HEAP_ALLOCATE|[355]|Bytes:408
05:47:50.1 (2316141)|HEAP_ALLOCATE|[467]|Bytes:48
05:47:50.1 (2342335)|HEAP_ALLOCATE|[139]|Bytes:6
05:47:50.1 (2369378)|HEAP_ALLOCATE|[EXTERNAL]|Bytes:11
05:47:50.1 (2406613)|STATEMENT_EXECUTE|[1]
05:47:50.1 (2409377)|STATEMENT_EXECUTE|[2]
05:47:50.1 (2429128)|VARIABLE_ASSIGNMENT|[2]|obj1|null|
05:47:50.1 (2434730)|STATEMENT_EXECUTE|[2]
05:47:50.1 (2439719)|VARIABLE_ASSIGNMENT|[2]|obj2|null|
05:47:50.1 (2443660)|STATEMENT_EXECUTE|[3]
05:47:50.1 (2447397)|HEAP_ALLOCATE|[3]|Bytes:4
05:47:50.1 (2452583)|HEAP_ALLOCATE|[3]|Bytes:4
05:47:50.1 (2477533)|METHOD_ENTRY|[1]|01p6F00000MR10y|ParentClass.ParentClass()
05:47:50.1 (2483323)|STATEMENT_EXECUTE|[1]
05:47:50.1 (2487230)|STATEMENT_EXECUTE|[1]
05:47:50.1 (2492090)|METHOD_EXIT|[1]|ParentClass
05:47:50.1 (2508366)|HEAP_ALLOCATE|[3]|Bytes:4
05:47:50.1 (2536920)|HEAP_ALLOCATE|[50]|Bytes:5
05:47:50.1 (2557150)|HEAP_ALLOCATE|[56]|Bytes:5
05:47:50.1 (2564769)|HEAP_ALLOCATE|[64]|Bytes:7
05:47:50.1 (2580594)|SYSTEM_MODE_ENTER|false
05:47:50.1 (2612903)|HEAP_ALLOCATE|[3]|Bytes:5
05:47:50.1 (2626828)|CONSTRUCTOR_ENTRY|[3]|01p6F00000MR10y|<init>()|ParentClass
05:47:50.1 (2652781)|VARIABLE_SCOPE_BEGIN|[1]|this|ParentClass|true|false
05:47:50.1 (2690109)|VARIABLE_ASSIGNMENT|[1]|this|{}|0x32fa2df1
05:47:50.1 (2700880)|HEAP_ALLOCATE|[EXTERNAL]|Bytes:6
05:47:50.1 (2738045)|STATEMENT_EXECUTE|[1]
05:47:50.1 (2743521)|CONSTRUCTOR_EXIT|[3]|01p6F00000MR10y|<init>()|ParentClass
05:47:50.1 (2754129)|SYSTEM_MODE_EXIT|false
05:47:50.1 (2771192)|VARIABLE_ASSIGNMENT|[3]|obj1|{}|0x32fa2df1
05:47:50.1 (2776595)|STATEMENT_EXECUTE|[4]
05:47:50.1 (2797034)|SYSTEM_MODE_ENTER|false
05:47:50.1 (2814691)|HEAP_ALLOCATE|[4]|Bytes:5
05:47:50.1 (2838492)|METHOD_ENTRY|[4]|01p6F00000MR10y|ParentClass.write()
05:47:50.1 (2882144)|VARIABLE_SCOPE_BEGIN|[3]|this|ParentClass|true|false
05:47:50.1 (2903318)|VARIABLE_ASSIGNMENT|[3]|this|{}|0x32fa2df1
05:47:50.1 (2916370)|STATEMENT_EXECUTE|[3]
05:47:50.1 (2918551)|STATEMENT_EXECUTE|[5]
05:47:50.1 (2922726)|HEAP_ALLOCATE|[5]|Bytes:20
05:47:50.1 (2986988)|USER_DEBUG|[5]|DEBUG|This is Parent Class
05:47:50.1 (3016123)|METHOD_EXIT|[4]|01p6F00000MR10y|ParentClass.write()
05:47:50.1 (3027254)|SYSTEM_MODE_EXIT|false
05:47:50.1 (3036245)|STATEMENT_EXECUTE|[5]
05:47:50.1 (3652501)|HEAP_ALLOCATE|[5]|Bytes:1
05:47:50.1 (3661486)|HEAP_ALLOCATE|[5]|Bytes:1
05:47:50.1 (3674573)|METHOD_ENTRY|[1]|01p6F00000MR2GO|ChildClass.ChildClass()
05:47:50.1 (3680434)|STATEMENT_EXECUTE|[1]
05:47:50.1 (3684099)|STATEMENT_EXECUTE|[1]
05:47:50.1 (3688091)|METHOD_EXIT|[1]|ChildClass
05:47:50.1 (3699407)|HEAP_ALLOCATE|[5]|Bytes:4
05:47:50.1 (3720733)|SYSTEM_MODE_ENTER|false
05:47:50.1 (3735609)|HEAP_ALLOCATE|[5]|Bytes:5
05:47:50.1 (3744827)|CONSTRUCTOR_ENTRY|[5]|01p6F00000MR2GO|<init>()|ChildClass
05:47:50.1 (3761499)|VARIABLE_SCOPE_BEGIN|[1]|this|ChildClass|true|false
05:47:50.1 (3781910)|VARIABLE_ASSIGNMENT|[1]|this|{}|0x23eba599
05:47:50.1 (3789953)|CONSTRUCTOR_ENTRY|[EXTERNAL]|01p6F00000MR10y|<init>()|ParentClass
05:47:50.1 (3799946)|VARIABLE_SCOPE_BEGIN|[1]|this|ParentClass|true|false
05:47:50.1 (3816257)|VARIABLE_ASSIGNMENT|[1]|this|{}|0x23eba599
05:47:50.1 (3833186)|STATEMENT_EXECUTE|[1]
05:47:50.1 (3836956)|CONSTRUCTOR_EXIT|[EXTERNAL]|01p6F00000MR10y|<init>()|ParentClass
05:47:50.1 (3842644)|STATEMENT_EXECUTE|[1]
05:47:50.1 (3845288)|CONSTRUCTOR_EXIT|[5]|01p6F00000MR2GO|<init>()|ChildClass
05:47:50.1 (3853216)|SYSTEM_MODE_EXIT|false
05:47:50.1 (3875110)|VARIABLE_ASSIGNMENT|[5]|obj2|{}|0x23eba599
05:47:50.1 (3886167)|STATEMENT_EXECUTE|[6]
05:47:50.1 (3904154)|SYSTEM_MODE_ENTER|false
05:47:50.1 (3915884)|HEAP_ALLOCATE|[6]|Bytes:5
05:47:50.1 (3933593)|METHOD_ENTRY|[6]|01p6F00000MR2GO|ChildClass.write()
05:47:50.1 (3955239)|VARIABLE_SCOPE_BEGIN|[2]|this|ChildClass|true|false
05:47:50.1 (3969467)|VARIABLE_ASSIGNMENT|[2]|this|{}|0x23eba599
05:47:50.1 (3976225)|STATEMENT_EXECUTE|[2]
05:47:50.1 (3977779)|STATEMENT_EXECUTE|[4]
05:47:50.1 (3980729)|HEAP_ALLOCATE|[4]|Bytes:19
05:47:50.1 (4010915)|USER_DEBUG|[4]|DEBUG|This is ChildClass.
05:47:50.1 (4023062)|METHOD_EXIT|[6]|01p6F00000MR2GO|ChildClass.write()
05:47:50.1 (4028878)|SYSTEM_MODE_EXIT|false
05:47:50.1 (4033976)|STATEMENT_EXECUTE|[7]
05:47:50.1 (4050164)|SYSTEM_MODE_ENTER|false
05:47:50.1 (4061076)|HEAP_ALLOCATE|[7]|Bytes:5
05:47:50.1 (4069814)|METHOD_ENTRY|[7]|01p6F00000MR10y|ParentClass.ParentClassAdd()
05:47:50.1 (4081634)|VARIABLE_SCOPE_BEGIN|[11]|this|ParentClass|true|false
05:47:50.1 (4094670)|VARIABLE_ASSIGNMENT|[11]|this|{}|0x32fa2df1
05:47:50.1 (4101619)|STATEMENT_EXECUTE|[11]
05:47:50.1 (4103326)|STATEMENT_EXECUTE|[12]
05:47:50.1 (4106927)|VARIABLE_SCOPE_BEGIN|[12]|IntNum1|Integer|false|false
05:47:50.1 (4116453)|VARIABLE_ASSIGNMENT|[12]|IntNum1|null
05:47:50.1 (4119980)|STATEMENT_EXECUTE|[12]
05:47:50.1 (4121935)|VARIABLE_SCOPE_BEGIN|[12]|IntNum2|Integer|false|false
05:47:50.1 (4128724)|VARIABLE_ASSIGNMENT|[12]|IntNum2|null
05:47:50.1 (4132267)|STATEMENT_EXECUTE|[12]
05:47:50.1 (4135342)|VARIABLE_SCOPE_BEGIN|[12]|IntSum|Integer|false|false
05:47:50.1 (4140799)|HEAP_ALLOCATE|[12]|Bytes:4
05:47:50.1 (4147213)|VARIABLE_ASSIGNMENT|[12]|IntSum|0
05:47:50.1 (4150564)|STATEMENT_EXECUTE|[13]
05:47:50.1 (4198304)|HEAP_ALLOCATE|[13]|Bytes:41
05:47:50.1 (4213248)|METHOD_EXIT|[7]|01p6F00000MR10y|ParentClass.ParentClassAdd()
05:47:50.1 (4220990)|SYSTEM_MODE_EXIT|false
05:47:50.1 (4324846)|FATAL_ERROR|System.NullPointerException: Attempt to de-reference a null object

Class.ParentClass.ParentClassAdd: line 13, column 1
AnonymousBlock: line 7, column 1
AnonymousBlock: line 7, column 1
05:47:50.4 (4367399)|CUMULATIVE_LIMIT_USAGE
05:47:50.4 (4367399)|LIMIT_USAGE_FOR_NS|(default)|
  Number of SOQL queries: 0 out of 100
  Number of query rows: 0 out of 50000
  Number of SOSL queries: 0 out of 20
  Number of DML statements: 0 out of 150
  Number of DML rows: 0 out of 10000
  Maximum CPU time: 0 out of 10000
  Maximum heap size: 0 out of 6000000
  Number of callouts: 0 out of 100
  Number of Email Invocations: 0 out of 10
  Number of future calls: 0 out of 50
  Number of queueable jobs added to the queue: 0 out of 50
  Number of Mobile Apex push calls: 0 out of 10

05:47:50.4 (4367399)|CUMULATIVE_LIMIT_USAGE_END

05:47:50.1 (4402902)|CODE_UNIT_FINISHED|execute_anonymous_apex
05:47:50.1 (5375244)|EXECUTION_FINISHED
