44.0 APEX_CODE,FINEST;APEX_PROFILING,INFO;CALLOUT,INFO;DB,INFO;NBA,INFO;SYSTEM,DEBUG;VALIDATION,INFO;VISUALFORCE,INFO;WAVE,INFO;WORKFLOW,INFO
Execute Anonymous: DatabaseQueryAndSearch objDatabaseQueryAndSearch = new DatabaseQueryAndSearch();
Execute Anonymous: objDatabaseQueryAndSearch.DatabaseQuery();
05:54:33.1 (1122559)|USER_INFO|[EXTERNAL]|0056F00000ATCAZ|ayman.shaikh@gmail.com|Pacific Standard Time|GMT-07:00
05:54:33.1 (1142308)|EXECUTION_STARTED
05:54:33.1 (1146590)|CODE_UNIT_STARTED|[EXTERNAL]|execute_anonymous_apex
05:54:33.1 (7269383)|VARIABLE_SCOPE_BEGIN|[1]|objDatabaseQueryAndSearch|DatabaseQueryAndSearch|true|false
05:54:33.1 (7381617)|HEAP_ALLOCATE|[72]|Bytes:3
05:54:33.1 (7410606)|HEAP_ALLOCATE|[77]|Bytes:152
05:54:33.1 (7423727)|HEAP_ALLOCATE|[342]|Bytes:408
05:54:33.1 (7435396)|HEAP_ALLOCATE|[355]|Bytes:408
05:54:33.1 (7450482)|HEAP_ALLOCATE|[467]|Bytes:48
05:54:33.1 (7474542)|HEAP_ALLOCATE|[139]|Bytes:6
05:54:33.1 (7493728)|HEAP_ALLOCATE|[EXTERNAL]|Bytes:3
05:54:33.1 (7524741)|STATEMENT_EXECUTE|[1]
05:54:33.1 (7527363)|STATEMENT_EXECUTE|[1]
05:54:33.1 (7531024)|HEAP_ALLOCATE|[1]|Bytes:3
05:54:33.1 (7558056)|METHOD_ENTRY|[1]|01p6F00000MRIMH|DatabaseQueryAndSearch.DatabaseQueryAndSearch()
05:54:33.1 (7564175)|STATEMENT_EXECUTE|[1]
05:54:33.1 (7568168)|STATEMENT_EXECUTE|[1]
05:54:33.1 (7592058)|HEAP_ALLOCATE|[50]|Bytes:5
05:54:33.1 (7613078)|HEAP_ALLOCATE|[56]|Bytes:5
05:54:33.1 (7620869)|HEAP_ALLOCATE|[64]|Bytes:7
05:54:33.1 (7637274)|SYSTEM_MODE_ENTER|false
05:54:33.1 (7653520)|HEAP_ALLOCATE|[1]|Bytes:5
05:54:33.1 (7660345)|SYSTEM_MODE_EXIT|false
05:54:33.1 (7668681)|METHOD_EXIT|[1]|DatabaseQueryAndSearch
05:54:33.1 (7680449)|HEAP_ALLOCATE|[1]|Bytes:4
05:54:33.1 (7699662)|SYSTEM_MODE_ENTER|false
05:54:33.1 (7720402)|HEAP_ALLOCATE|[1]|Bytes:5
05:54:33.1 (7731676)|CONSTRUCTOR_ENTRY|[1]|01p6F00000MRIMH|<init>()|DatabaseQueryAndSearch
05:54:33.1 (7757825)|VARIABLE_SCOPE_BEGIN|[1]|this|DatabaseQueryAndSearch|true|false
05:54:33.1 (7798840)|VARIABLE_ASSIGNMENT|[1]|this|{}|0x4c856d39
05:54:33.1 (7809386)|HEAP_ALLOCATE|[EXTERNAL]|Bytes:5
05:54:33.1 (7817256)|HEAP_ALLOCATE|[EXTERNAL]|Bytes:6
05:54:33.1 (7853375)|STATEMENT_EXECUTE|[1]
05:54:33.1 (7858199)|HEAP_ALLOCATE|[EXTERNAL]|Bytes:5
05:54:33.1 (7866540)|CONSTRUCTOR_EXIT|[1]|01p6F00000MRIMH|<init>()|DatabaseQueryAndSearch
05:54:33.1 (7873776)|SYSTEM_MODE_EXIT|false
05:54:33.1 (7891251)|VARIABLE_ASSIGNMENT|[1]|objDatabaseQueryAndSearch|{}|0x4c856d39
05:54:33.1 (7897407)|STATEMENT_EXECUTE|[2]
05:54:33.1 (7915291)|SYSTEM_MODE_ENTER|false
05:54:33.1 (7938742)|HEAP_ALLOCATE|[2]|Bytes:5
05:54:33.1 (7964160)|METHOD_ENTRY|[2]|01p6F00000MRIMH|DatabaseQueryAndSearch.DatabaseQuery()
05:54:33.1 (7985587)|VARIABLE_SCOPE_BEGIN|[2]|this|DatabaseQueryAndSearch|true|false
05:54:33.1 (8000778)|VARIABLE_ASSIGNMENT|[2]|this|{}|0x4c856d39
05:54:33.1 (8014181)|HEAP_ALLOCATE|[3]|Bytes:5
05:54:33.1 (8018550)|STATEMENT_EXECUTE|[2]
05:54:33.1 (8020303)|STATEMENT_EXECUTE|[3]
05:54:33.1 (8023112)|HEAP_ALLOCATE|[3]|Bytes:6
05:54:33.1 (8029086)|VARIABLE_SCOPE_BEGIN|[3]|myTestString|String|false|false
05:54:33.1 (8043753)|VARIABLE_ASSIGNMENT|[3]|myTestString|"Sharma"
05:54:33.1 (8048078)|STATEMENT_EXECUTE|[5]
05:54:33.1 (8050035)|HEAP_ALLOCATE|[5]|Bytes:73
05:54:33.1 (9353917)|SOQL_EXECUTE_BEGIN|[5]|Aggregations:0|SELECT First_Name__c FROM Employee__c WHERE First_Name__c = :myTestString
05:54:33.1 (18289375)|SOQL_EXECUTE_END|[5]|Rows:0
05:54:33.1 (18322237)|HEAP_ALLOCATE|[5]|Bytes:4
05:54:33.1 (18335442)|HEAP_ALLOCATE|[5]|Bytes:0
05:54:33.1 (18453987)|HEAP_ALLOCATE|[5]|Bytes:4
05:54:33.1 (18474588)|VARIABLE_SCOPE_BEGIN|[5]|sobjList|List<SObject>|true|false
05:54:33.1 (18496938)|VARIABLE_ASSIGNMENT|[5]|sobjList|[]|0x294d0dbf
05:54:33.1 (18510820)|METHOD_EXIT|[2]|01p6F00000MRIMH|DatabaseQueryAndSearch.DatabaseQuery()
05:54:33.1 (18517413)|SYSTEM_MODE_EXIT|false
05:54:33.18 (18543378)|CUMULATIVE_LIMIT_USAGE
05:54:33.18 (18543378)|LIMIT_USAGE_FOR_NS|(default)|
  Number of SOQL queries: 1 out of 100
  Number of query rows: 0 out of 50000
  Number of SOSL queries: 0 out of 20
  Number of DML statements: 0 out of 150
  Number of DML rows: 0 out of 10000
  Maximum CPU time: 0 out of 10000
  Maximum heap size: 0 out of 6000000
  Number of callouts: 0 out of 100
  Number of Email Invocations: 0 out of 10
  Number of future calls: 0 out of 50
  Number of queueable jobs added to the queue: 0 out of 50
  Number of Mobile Apex push calls: 0 out of 10

05:54:33.18 (18543378)|CUMULATIVE_LIMIT_USAGE_END

05:54:33.1 (18575492)|CODE_UNIT_FINISHED|execute_anonymous_apex
05:54:33.1 (19734361)|EXECUTION_FINISHED
