43.0 APEX_CODE,FINEST;APEX_PROFILING,INFO;CALLOUT,INFO;DB,INFO;NBA,INFO;SYSTEM,DEBUG;VALIDATION,INFO;VISUALFORCE,INFO;WAVE,INFO;WORKFLOW,INFO
Execute Anonymous: Array_Operations objArrayOpp = new Array_Operations();
Execute Anonymous: Integer num = 0;
Execute Anonymous: objArrayOpp.Descending();
07:50:36.77 (77299906)|USER_INFO|[EXTERNAL]|0056F00000ATCAZ|ayman.shaikh@gmail.com|Pacific Standard Time|GMT-07:00
07:50:36.77 (77390641)|EXECUTION_STARTED
07:50:36.77 (77398156)|CODE_UNIT_STARTED|[EXTERNAL]|execute_anonymous_apex
07:50:36.77 (77499827)|VARIABLE_SCOPE_BEGIN|[2]|num|Integer|false|false
07:50:36.77 (99127811)|VARIABLE_SCOPE_BEGIN|[1]|objArrayOpp|Array_Operations|true|false
07:50:36.77 (99368676)|HEAP_ALLOCATE|[72]|Bytes:3
07:50:36.77 (99434807)|HEAP_ALLOCATE|[77]|Bytes:152
07:50:36.77 (99454557)|HEAP_ALLOCATE|[342]|Bytes:408
07:50:36.77 (99474939)|HEAP_ALLOCATE|[355]|Bytes:408
07:50:36.77 (99493981)|HEAP_ALLOCATE|[467]|Bytes:48
07:50:36.77 (99531154)|HEAP_ALLOCATE|[139]|Bytes:6
07:50:36.77 (99569403)|HEAP_ALLOCATE|[EXTERNAL]|Bytes:5
07:50:36.77 (99639414)|STATEMENT_EXECUTE|[1]
07:50:36.77 (99644108)|STATEMENT_EXECUTE|[1]
07:50:36.77 (99650907)|HEAP_ALLOCATE|[1]|Bytes:13
07:50:36.77 (99660990)|HEAP_ALLOCATE|[1]|Bytes:28
07:50:36.77 (99721066)|METHOD_ENTRY|[1]|01p6F00000MPtB2|Array_Operations.Array_Operations()
07:50:36.77 (99734767)|STATEMENT_EXECUTE|[1]
07:50:36.77 (99741148)|STATEMENT_EXECUTE|[1]
07:50:36.77 (99785510)|HEAP_ALLOCATE|[50]|Bytes:5
07:50:36.77 (99808847)|HEAP_ALLOCATE|[56]|Bytes:5
07:50:36.77 (99818838)|HEAP_ALLOCATE|[64]|Bytes:7
07:50:36.77 (99840777)|SYSTEM_MODE_ENTER|false
07:50:36.77 (99855231)|HEAP_ALLOCATE|[1]|Bytes:5
07:50:36.77 (99863032)|SYSTEM_MODE_EXIT|false
07:50:36.77 (99897210)|METHOD_EXIT|[1]|Array_Operations
07:50:36.77 (99948519)|HEAP_ALLOCATE|[1]|Bytes:8
07:50:36.77 (99979993)|SYSTEM_MODE_ENTER|false
07:50:36.77 (100009060)|HEAP_ALLOCATE|[1]|Bytes:5
07:50:36.77 (100044140)|CONSTRUCTOR_ENTRY|[1]|01p6F00000MPtB2|<init>()|Array_Operations
07:50:36.77 (100088030)|VARIABLE_SCOPE_BEGIN|[1]|this|Array_Operations|true|false
07:50:36.77 (100160966)|VARIABLE_ASSIGNMENT|[1]|this|{}|0x2ce6ea44
07:50:36.77 (100175704)|HEAP_ALLOCATE|[3]|Bytes:5
07:50:36.77 (100185035)|HEAP_ALLOCATE|[3]|Bytes:6
07:50:36.77 (100226115)|STATEMENT_EXECUTE|[1]
07:50:36.77 (100231250)|HEAP_ALLOCATE|[3]|Bytes:5
07:50:36.77 (100235643)|STATEMENT_EXECUTE|[3]
07:50:36.77 (100247395)|HEAP_ALLOCATE|[3]|Bytes:4
07:50:36.77 (100338223)|HEAP_ALLOCATE|[3]|Bytes:4
07:50:36.77 (100345950)|HEAP_ALLOCATE|[3]|Bytes:4
07:50:36.77 (100350109)|HEAP_ALLOCATE|[3]|Bytes:4
07:50:36.77 (100353843)|HEAP_ALLOCATE|[3]|Bytes:4
07:50:36.77 (100357717)|HEAP_ALLOCATE|[3]|Bytes:4
07:50:36.77 (100361927)|HEAP_ALLOCATE|[3]|Bytes:4
07:50:36.77 (100365926)|HEAP_ALLOCATE|[3]|Bytes:4
07:50:36.77 (100369729)|HEAP_ALLOCATE|[3]|Bytes:4
07:50:36.77 (100373496)|HEAP_ALLOCATE|[3]|Bytes:4
07:50:36.77 (100377096)|HEAP_ALLOCATE|[3]|Bytes:4
07:50:36.77 (100381252)|HEAP_ALLOCATE|[3]|Bytes:4
07:50:36.77 (100384878)|HEAP_ALLOCATE|[3]|Bytes:4
07:50:36.77 (100388350)|HEAP_ALLOCATE|[3]|Bytes:4
07:50:36.77 (100391877)|HEAP_ALLOCATE|[3]|Bytes:4
07:50:36.77 (100395349)|HEAP_ALLOCATE|[3]|Bytes:4
07:50:36.77 (100399373)|HEAP_ALLOCATE|[3]|Bytes:4
07:50:36.77 (100437350)|HEAP_ALLOCATE|[EXTERNAL]|Bytes:68
07:50:36.77 (100459020)|VARIABLE_ASSIGNMENT|[3]|this.integerList|"List of size 16 too large to display"|0x2ce6ea44
07:50:36.77 (100470687)|CONSTRUCTOR_EXIT|[1]|01p6F00000MPtB2|<init>()|Array_Operations
07:50:36.77 (100479746)|SYSTEM_MODE_EXIT|false
07:50:36.77 (100522294)|VARIABLE_ASSIGNMENT|[1]|objArrayOpp|{"integerList":"0xd23c48c"}|0x2ce6ea44
07:50:36.77 (100531085)|STATEMENT_EXECUTE|[2]
07:50:36.77 (100535333)|HEAP_ALLOCATE|[2]|Bytes:4
07:50:36.77 (100546181)|VARIABLE_ASSIGNMENT|[2]|num|0
07:50:36.77 (100551216)|STATEMENT_EXECUTE|[3]
07:50:36.77 (100577871)|SYSTEM_MODE_ENTER|false
07:50:36.77 (100601719)|HEAP_ALLOCATE|[3]|Bytes:5
07:50:36.77 (100651504)|METHOD_ENTRY|[3]|01p6F00000MPtB2|Array_Operations.Descending()
07:50:36.77 (100682886)|VARIABLE_SCOPE_BEGIN|[6]|this|Array_Operations|true|false
07:50:36.77 (100708490)|VARIABLE_ASSIGNMENT|[6]|this|{"integerList":"0xd23c48c"}|0x2ce6ea44
07:50:36.77 (100723326)|HEAP_ALLOCATE|[7]|Bytes:5
07:50:36.77 (100728159)|STATEMENT_EXECUTE|[6]
07:50:36.77 (100730028)|STATEMENT_EXECUTE|[7]
07:50:36.77 (100733503)|HEAP_ALLOCATE|[7]|Bytes:27
07:50:36.77 (100867797)|USER_DEBUG|[7]|DEBUG|Sorting in Descending order
07:50:36.77 (100906500)|STATEMENT_EXECUTE|[9]
07:50:36.77 (100913799)|VARIABLE_SCOPE_BEGIN|[9]|i|Integer|false|false
07:50:36.77 (100923702)|HEAP_ALLOCATE|[9]|Bytes:4
07:50:36.77 (100932642)|VARIABLE_ASSIGNMENT|[9]|i|0
07:50:36.77 (100970298)|STATEMENT_EXECUTE|[9]
07:50:36.77 (100972886)|STATEMENT_EXECUTE|[10]
07:50:36.77 (100976559)|VARIABLE_SCOPE_BEGIN|[10]|j|Integer|false|false
07:50:36.77 (100984999)|HEAP_ALLOCATE|[10]|Bytes:4
07:50:36.77 (100991300)|VARIABLE_ASSIGNMENT|[10]|j|1
07:50:36.77 (101011847)|STATEMENT_EXECUTE|[10]
07:50:36.77 (101014906)|STATEMENT_EXECUTE|[11]
07:50:36.77 (101022103)|VARIABLE_SCOPE_BEGIN|[11]|x|Integer|false|false
07:50:36.77 (101035572)|HEAP_ALLOCATE|[11]|Bytes:4
07:50:36.77 (101045384)|VARIABLE_ASSIGNMENT|[11]|x|0
07:50:36.77 (101069777)|HEAP_ALLOCATE|[12]|Bytes:8
07:50:36.77 (101081113)|HEAP_ALLOCATE|[12]|Bytes:8
07:50:36.77 (101088600)|STATEMENT_EXECUTE|[12]
07:50:36.77 (101092075)|HEAP_ALLOCATE|[10]|Bytes:4
07:50:36.77 (101098785)|VARIABLE_ASSIGNMENT|[10]|j|2
07:50:36.77 (101115520)|STATEMENT_EXECUTE|[10]
07:50:36.77 (101118006)|STATEMENT_EXECUTE|[11]
07:50:36.77 (101121713)|VARIABLE_SCOPE_BEGIN|[11]|x|Integer|false|false
07:50:36.77 (101129122)|HEAP_ALLOCATE|[11]|Bytes:4
07:50:36.77 (101134449)|VARIABLE_ASSIGNMENT|[11]|x|0
07:50:36.77 (101140730)|HEAP_ALLOCATE|[12]|Bytes:8
07:50:36.77 (101145483)|HEAP_ALLOCATE|[12]|Bytes:8
07:50:36.77 (101150103)|STATEMENT_EXECUTE|[12]
07:50:36.77 (101152402)|HEAP_ALLOCATE|[10]|Bytes:4
07:50:36.77 (101157116)|VARIABLE_ASSIGNMENT|[10]|j|3
07:50:36.77 (101167586)|STATEMENT_EXECUTE|[10]
07:50:36.77 (101169387)|STATEMENT_EXECUTE|[11]
07:50:36.77 (101171659)|VARIABLE_SCOPE_BEGIN|[11]|x|Integer|false|false
07:50:36.77 (101177395)|HEAP_ALLOCATE|[11]|Bytes:4
07:50:36.77 (101182569)|VARIABLE_ASSIGNMENT|[11]|x|0
07:50:36.77 (101187467)|HEAP_ALLOCATE|[12]|Bytes:8
07:50:36.77 (101192239)|HEAP_ALLOCATE|[12]|Bytes:8
07:50:36.77 (101196054)|STATEMENT_EXECUTE|[12]
07:50:36.77 (101198598)|HEAP_ALLOCATE|[10]|Bytes:4
07:50:36.77 (101203792)|VARIABLE_ASSIGNMENT|[10]|j|4
07:50:36.77 (101214274)|STATEMENT_EXECUTE|[10]
07:50:36.77 (101216032)|STATEMENT_EXECUTE|[11]
07:50:36.77 (101218292)|VARIABLE_SCOPE_BEGIN|[11]|x|Integer|false|false
07:50:36.77 (101225249)|HEAP_ALLOCATE|[11]|Bytes:4
07:50:36.77 (101232264)|VARIABLE_ASSIGNMENT|[11]|x|0
07:50:36.77 (101240480)|HEAP_ALLOCATE|[12]|Bytes:8
07:50:36.77 (101247763)|HEAP_ALLOCATE|[12]|Bytes:8
07:50:36.77 (101253829)|STATEMENT_EXECUTE|[12]
07:50:36.77 (101257538)|HEAP_ALLOCATE|[10]|Bytes:4
07:50:36.77 (101265813)|VARIABLE_ASSIGNMENT|[10]|j|5
07:50:36.77 (101282583)|STATEMENT_EXECUTE|[10]
07:50:36.77 (101284719)|STATEMENT_EXECUTE|[11]
07:50:36.77 (101287539)|VARIABLE_SCOPE_BEGIN|[11]|x|Integer|false|false
07:50:36.77 (101294468)|HEAP_ALLOCATE|[11]|Bytes:4
07:50:36.77 (101299883)|VARIABLE_ASSIGNMENT|[11]|x|0
07:50:36.77 (101305407)|HEAP_ALLOCATE|[12]|Bytes:8
07:50:36.77 (101310406)|HEAP_ALLOCATE|[12]|Bytes:8
07:50:36.77 (101314212)|STATEMENT_EXECUTE|[12]
07:50:36.77 (101316083)|HEAP_ALLOCATE|[10]|Bytes:4
07:50:36.77 (101321080)|VARIABLE_ASSIGNMENT|[10]|j|6
07:50:36.77 (101331119)|STATEMENT_EXECUTE|[10]
07:50:36.77 (101332865)|STATEMENT_EXECUTE|[11]
07:50:36.77 (101335119)|VARIABLE_SCOPE_BEGIN|[11]|x|Integer|false|false
07:50:36.77 (101341385)|HEAP_ALLOCATE|[11]|Bytes:4
07:50:36.77 (101346101)|VARIABLE_ASSIGNMENT|[11]|x|0
07:50:36.77 (101350706)|HEAP_ALLOCATE|[12]|Bytes:8
07:50:36.77 (101355171)|HEAP_ALLOCATE|[12]|Bytes:8
07:50:36.77 (101359172)|STATEMENT_EXECUTE|[12]
07:50:36.77 (101361097)|HEAP_ALLOCATE|[10]|Bytes:4
07:50:36.77 (101365872)|VARIABLE_ASSIGNMENT|[10]|j|7
07:50:36.77 (101375451)|STATEMENT_EXECUTE|[10]
07:50:36.77 (101377191)|STATEMENT_EXECUTE|[11]
07:50:36.77 (101379426)|VARIABLE_SCOPE_BEGIN|[11]|x|Integer|false|false
07:50:36.77 (101385378)|HEAP_ALLOCATE|[11]|Bytes:4
07:50:36.77 (101390688)|VARIABLE_ASSIGNMENT|[11]|x|0
07:50:36.77 (101395629)|HEAP_ALLOCATE|[12]|Bytes:8
07:50:36.77 (101400057)|HEAP_ALLOCATE|[12]|Bytes:8
07:50:36.77 (101404006)|STATEMENT_EXECUTE|[12]
07:50:36.77 (101405811)|HEAP_ALLOCATE|[10]|Bytes:4
07:50:36.77 (101410476)|VARIABLE_ASSIGNMENT|[10]|j|8
07:50:36.77 (101420088)|STATEMENT_EXECUTE|[10]
07:50:36.77 (101421828)|STATEMENT_EXECUTE|[11]
07:50:36.77 (101424158)|VARIABLE_SCOPE_BEGIN|[11]|x|Integer|false|false
07:50:36.77 (101429875)|HEAP_ALLOCATE|[11]|Bytes:4
07:50:36.77 (101434515)|VARIABLE_ASSIGNMENT|[11]|x|0
07:50:36.77 (101439060)|HEAP_ALLOCATE|[12]|Bytes:8
07:50:36.77 (101443480)|HEAP_ALLOCATE|[12]|Bytes:8
07:50:36.77 (101447252)|STATEMENT_EXECUTE|[12]
07:50:36.77 (101449067)|HEAP_ALLOCATE|[10]|Bytes:4
07:50:36.77 (101453783)|VARIABLE_ASSIGNMENT|[10]|j|9
07:50:36.77 (101463455)|STATEMENT_EXECUTE|[10]
07:50:36.77 (101465171)|STATEMENT_EXECUTE|[11]
07:50:36.77 (101467457)|VARIABLE_SCOPE_BEGIN|[11]|x|Integer|false|false
07:50:36.77 (101474126)|HEAP_ALLOCATE|[11]|Bytes:4
07:50:36.77 (101478709)|VARIABLE_ASSIGNMENT|[11]|x|0
07:50:36.77 (101483773)|HEAP_ALLOCATE|[12]|Bytes:8
07:50:36.77 (101488325)|HEAP_ALLOCATE|[12]|Bytes:8
07:50:36.77 (101491777)|STATEMENT_EXECUTE|[12]
07:50:36.77 (101493562)|HEAP_ALLOCATE|[10]|Bytes:4
07:50:36.77 (101498416)|VARIABLE_ASSIGNMENT|[10]|j|10
07:50:36.77 (101508301)|STATEMENT_EXECUTE|[10]
07:50:36.77 (101510052)|STATEMENT_EXECUTE|[11]
07:50:36.77 (101512260)|VARIABLE_SCOPE_BEGIN|[11]|x|Integer|false|false
07:50:36.77 (101518108)|HEAP_ALLOCATE|[11]|Bytes:4
07:50:36.77 (101522795)|VARIABLE_ASSIGNMENT|[11]|x|0
07:50:36.77 (101527788)|HEAP_ALLOCATE|[12]|Bytes:8
07:50:36.77 (101532093)|HEAP_ALLOCATE|[12]|Bytes:8
07:50:36.77 (101536017)|STATEMENT_EXECUTE|[12]
07:50:36.77 (101538034)|HEAP_ALLOCATE|[10]|Bytes:4
07:50:36.77 (101542928)|VARIABLE_ASSIGNMENT|[10]|j|11
07:50:36.77 (101552737)|STATEMENT_EXECUTE|[10]
07:50:36.77 (101554478)|STATEMENT_EXECUTE|[11]
07:50:36.77 (101556735)|VARIABLE_SCOPE_BEGIN|[11]|x|Integer|false|false
07:50:36.77 (101562689)|HEAP_ALLOCATE|[11]|Bytes:4
07:50:36.77 (101567302)|VARIABLE_ASSIGNMENT|[11]|x|0
07:50:36.77 (101571913)|HEAP_ALLOCATE|[12]|Bytes:8
07:50:36.77 (101576268)|HEAP_ALLOCATE|[12]|Bytes:8
07:50:36.77 (101579937)|STATEMENT_EXECUTE|[12]
07:50:36.77 (101581768)|HEAP_ALLOCATE|[10]|Bytes:4
07:50:36.77 (101587227)|VARIABLE_ASSIGNMENT|[10]|j|12
07:50:36.77 (101597098)|STATEMENT_EXECUTE|[10]
07:50:36.77 (101598999)|STATEMENT_EXECUTE|[11]
07:50:36.77 (101601242)|VARIABLE_SCOPE_BEGIN|[11]|x|Integer|false|false
07:50:36.77 (101607605)|HEAP_ALLOCATE|[11]|Bytes:4
07:50:36.77 (101612205)|VARIABLE_ASSIGNMENT|[11]|x|0
07:50:36.77 (101621106)|HEAP_ALLOCATE|[12]|Bytes:8
07:50:36.77 (101626371)|HEAP_ALLOCATE|[12]|Bytes:8
07:50:36.77 (101630060)|STATEMENT_EXECUTE|[12]
07:50:36.77 (101631982)|HEAP_ALLOCATE|[10]|Bytes:4
07:50:36.77 (101636976)|VARIABLE_ASSIGNMENT|[10]|j|13
07:50:36.77 (101647101)|STATEMENT_EXECUTE|[10]
07:50:36.77 (101648879)|STATEMENT_EXECUTE|[11]
07:50:36.77 (101651175)|VARIABLE_SCOPE_BEGIN|[11]|x|Integer|false|false
07:50:36.77 (101657189)|HEAP_ALLOCATE|[11]|Bytes:4
07:50:36.77 (101662308)|VARIABLE_ASSIGNMENT|[11]|x|0
07:50:36.77 (101666978)|HEAP_ALLOCATE|[12]|Bytes:8
07:50:36.77 (101671747)|HEAP_ALLOCATE|[12]|Bytes:8
07:50:36.77 (101675268)|STATEMENT_EXECUTE|[12]
07:50:36.77 (101677064)|HEAP_ALLOCATE|[10]|Bytes:4
07:50:36.77 (101681735)|VARIABLE_ASSIGNMENT|[10]|j|14
07:50:36.77 (101694425)|STATEMENT_EXECUTE|[10]
07:50:36.77 (101696263)|STATEMENT_EXECUTE|[11]
07:50:36.77 (101698508)|VARIABLE_SCOPE_BEGIN|[11]|x|Integer|false|false
07:50:36.77 (101704429)|HEAP_ALLOCATE|[11]|Bytes:4
07:50:36.77 (101709261)|VARIABLE_ASSIGNMENT|[11]|x|0
07:50:36.77 (101714074)|HEAP_ALLOCATE|[12]|Bytes:8
07:50:36.77 (101720020)|HEAP_ALLOCATE|[12]|Bytes:8
07:50:36.77 (101724950)|STATEMENT_EXECUTE|[12]
07:50:36.77 (101726954)|HEAP_ALLOCATE|[10]|Bytes:4
07:50:36.77 (101732029)|VARIABLE_ASSIGNMENT|[10]|j|15
07:50:36.77 (101741779)|STATEMENT_EXECUTE|[10]
07:50:36.77 (101743612)|STATEMENT_EXECUTE|[11]
07:50:36.77 (101750379)|VARIABLE_SCOPE_BEGIN|[11]|x|Integer|false|false
07:50:36.77 (101757518)|HEAP_ALLOCATE|[11]|Bytes:4
07:50:36.77 (101762760)|VARIABLE_ASSIGNMENT|[11]|x|0
07:50:36.77 (101768128)|HEAP_ALLOCATE|[12]|Bytes:8
07:50:36.77 (101772900)|HEAP_ALLOCATE|[12]|Bytes:8
07:50:36.77 (101776536)|STATEMENT_EXECUTE|[12]
07:50:36.77 (101778357)|HEAP_ALLOCATE|[10]|Bytes:4
07:50:36.77 (101783136)|VARIABLE_ASSIGNMENT|[10]|j|16
07:50:36.77 (101794131)|HEAP_ALLOCATE|[9]|Bytes:4
07:50:36.77 (101799554)|VARIABLE_ASSIGNMENT|[9]|i|1
07:50:36.77 (101809873)|STATEMENT_EXECUTE|[9]
07:50:36.77 (101812176)|STATEMENT_EXECUTE|[10]
07:50:36.77 (101814881)|VARIABLE_SCOPE_BEGIN|[10]|j|Integer|false|false
07:50:36.77 (101820826)|HEAP_ALLOCATE|[10]|Bytes:4
07:50:36.77 (101826187)|VARIABLE_ASSIGNMENT|[10]|j|2
07:50:36.77 (101835635)|STATEMENT_EXECUTE|[10]
07:50:36.77 (101837403)|STATEMENT_EXECUTE|[11]
07:50:36.77 (101839585)|VARIABLE_SCOPE_BEGIN|[11]|x|Integer|false|false
07:50:36.77 (101845096)|HEAP_ALLOCATE|[11]|Bytes:4
07:50:36.77 (101849901)|VARIABLE_ASSIGNMENT|[11]|x|0
07:50:36.77 (101854615)|HEAP_ALLOCATE|[12]|Bytes:8
07:50:36.77 (101859187)|HEAP_ALLOCATE|[12]|Bytes:8
07:50:36.77 (101862712)|STATEMENT_EXECUTE|[12]
07:50:36.77 (101864570)|STATEMENT_EXECUTE|[13]
07:50:36.77 (101869177)|HEAP_ALLOCATE|[13]|Bytes:8
07:50:36.77 (101874922)|VARIABLE_ASSIGNMENT|[13]|x|1
07:50:36.77 (101878844)|STATEMENT_EXECUTE|[14]
07:50:36.77 (101882257)|HEAP_ALLOCATE|[14]|Bytes:8
07:50:36.77 (101929603)|STATEMENT_EXECUTE|[15]
07:50:36.77 (101938175)|HEAP_ALLOCATE|[10]|Bytes:4
07:50:36.77 (101946185)|VARIABLE_ASSIGNMENT|[10]|j|3
07:50:36.77 (101959678)|STATEMENT_EXECUTE|[10]
07:50:36.77 (101961538)|STATEMENT_EXECUTE|[11]
07:50:36.77 (101964598)|VARIABLE_SCOPE_BEGIN|[11]|x|Integer|false|false
07:50:36.77 (101971611)|HEAP_ALLOCATE|[11]|Bytes:4
07:50:36.77 (101976536)|VARIABLE_ASSIGNMENT|[11]|x|0
07:50:36.77 (101981956)|HEAP_ALLOCATE|[12]|Bytes:8
07:50:36.77 (101986648)|HEAP_ALLOCATE|[12]|Bytes:8
07:50:36.77 (101990472)|STATEMENT_EXECUTE|[12]
07:50:36.77 (101992339)|HEAP_ALLOCATE|[10]|Bytes:4
07:50:36.77 (101997135)|VARIABLE_ASSIGNMENT|[10]|j|4
07:50:36.77 (102006876)|STATEMENT_EXECUTE|[10]
07:50:36.77 (102009265)|STATEMENT_EXECUTE|[11]
07:50:36.77 (102011606)|VARIABLE_SCOPE_BEGIN|[11]|x|Integer|false|false
07:50:36.77 (102018037)|HEAP_ALLOCATE|[11]|Bytes:4
07:50:36.77 (102022775)|VARIABLE_ASSIGNMENT|[11]|x|0
07:50:36.77 (102028217)|HEAP_ALLOCATE|[12]|Bytes:8
07:50:36.77 (102032785)|HEAP_ALLOCATE|[12]|Bytes:8
07:50:36.77 (102036430)|STATEMENT_EXECUTE|[12]
07:50:36.77 (102038088)|STATEMENT_EXECUTE|[13]
07:50:36.77 (102040544)|HEAP_ALLOCATE|[13]|Bytes:8
07:50:36.77 (102045860)|VARIABLE_ASSIGNMENT|[13]|x|5
07:50:36.77 (102050164)|STATEMENT_EXECUTE|[14]
07:50:36.77 (102053469)|HEAP_ALLOCATE|[14]|Bytes:8
07:50:36.77 (102062010)|STATEMENT_EXECUTE|[15]
07:50:36.77 (102066482)|HEAP_ALLOCATE|[10]|Bytes:4
07:50:36.77 (102071842)|VARIABLE_ASSIGNMENT|[10]|j|5
07:50:36.77 (102083043)|STATEMENT_EXECUTE|[10]
07:50:36.77 (102084793)|STATEMENT_EXECUTE|[11]
07:50:36.77 (102087065)|VARIABLE_SCOPE_BEGIN|[11]|x|Integer|false|false
07:50:36.77 (102093066)|HEAP_ALLOCATE|[11]|Bytes:4
07:50:36.77 (102097777)|VARIABLE_ASSIGNMENT|[11]|x|0
07:50:36.77 (102102633)|HEAP_ALLOCATE|[12]|Bytes:8
07:50:36.77 (102106967)|HEAP_ALLOCATE|[12]|Bytes:8
07:50:36.77 (102110546)|STATEMENT_EXECUTE|[12]
07:50:36.77 (102112359)|HEAP_ALLOCATE|[10]|Bytes:4
07:50:36.77 (102117121)|VARIABLE_ASSIGNMENT|[10]|j|6
07:50:36.77 (102127100)|STATEMENT_EXECUTE|[10]
07:50:36.77 (102128833)|STATEMENT_EXECUTE|[11]
07:50:36.77 (102131089)|VARIABLE_SCOPE_BEGIN|[11]|x|Integer|false|false
07:50:36.77 (102137302)|HEAP_ALLOCATE|[11]|Bytes:4
07:50:36.77 (102142040)|VARIABLE_ASSIGNMENT|[11]|x|0
07:50:36.77 (102146795)|HEAP_ALLOCATE|[12]|Bytes:8
07:50:36.77 (102151322)|HEAP_ALLOCATE|[12]|Bytes:8
07:50:36.77 (102155237)|STATEMENT_EXECUTE|[12]
07:50:36.77 (102157047)|HEAP_ALLOCATE|[10]|Bytes:4
07:50:36.77 (102161859)|VARIABLE_ASSIGNMENT|[10]|j|7
07:50:36.77 (102171465)|STATEMENT_EXECUTE|[10]
07:50:36.77 (102173211)|STATEMENT_EXECUTE|[11]
07:50:36.77 (102175478)|VARIABLE_SCOPE_BEGIN|[11]|x|Integer|false|false
07:50:36.77 (102181019)|HEAP_ALLOCATE|[11]|Bytes:4
07:50:36.77 (102185743)|VARIABLE_ASSIGNMENT|[11]|x|0
07:50:36.77 (102190543)|HEAP_ALLOCATE|[12]|Bytes:8
07:50:36.77 (102194851)|HEAP_ALLOCATE|[12]|Bytes:8
07:50:36.77 (102198299)|STATEMENT_EXECUTE|[12]
07:50:36.77 (102200279)|HEAP_ALLOCATE|[10]|Bytes:4
07:50:36.77 (102204841)|VARIABLE_ASSIGNMENT|[10]|j|8
07:50:36.77 (102214540)|STATEMENT_EXECUTE|[10]
07:50:36.77 (102216236)|STATEMENT_EXECUTE|[11]
07:50:36.77 (102218451)|VARIABLE_SCOPE_BEGIN|[11]|x|Integer|false|false
07:50:36.77 (102224669)|HEAP_ALLOCATE|[11]|Bytes:4
07:50:36.77 (102229456)|VARIABLE_ASSIGNMENT|[11]|x|0
07:50:36.77 (102234563)|HEAP_ALLOCATE|[12]|Bytes:8
07:50:36.77 (102238871)|HEAP_ALLOCATE|[12]|Bytes:8
07:50:36.77 (102242715)|STATEMENT_EXECUTE|[12]
07:50:36.77 (102244492)|HEAP_ALLOCATE|[10]|Bytes:4
07:50:36.77 (102249848)|VARIABLE_ASSIGNMENT|[10]|j|9
07:50:36.77 (102259615)|STATEMENT_EXECUTE|[10]
07:50:36.77 (102261353)|STATEMENT_EXECUTE|[11]
07:50:36.77 (102263782)|VARIABLE_SCOPE_BEGIN|[11]|x|Integer|false|false
07:50:36.77 (102269326)|HEAP_ALLOCATE|[11]|Bytes:4
07:50:36.77 (102274423)|VARIABLE_ASSIGNMENT|[11]|x|0
07:50:36.77 (102279271)|HEAP_ALLOCATE|[12]|Bytes:8
07:50:36.77 (102283567)|HEAP_ALLOCATE|[12]|Bytes:8
07:50:36.77 (102287087)|STATEMENT_EXECUTE|[12]
07:50:36.77 (102288850)|HEAP_ALLOCATE|[10]|Bytes:4
07:50:36.77 (102293474)|VARIABLE_ASSIGNMENT|[10]|j|10
07:50:36.77 (102303446)|STATEMENT_EXECUTE|[10]
07:50:36.77 (102305145)|STATEMENT_EXECUTE|[11]
07:50:36.77 (102307453)|VARIABLE_SCOPE_BEGIN|[11]|x|Integer|false|false
07:50:36.77 (102313138)|HEAP_ALLOCATE|[11]|Bytes:4
07:50:36.77 (102318139)|VARIABLE_ASSIGNMENT|[11]|x|0
07:50:36.77 (102323157)|HEAP_ALLOCATE|[12]|Bytes:8
07:50:36.77 (102327716)|HEAP_ALLOCATE|[12]|Bytes:8
07:50:36.77 (102331452)|STATEMENT_EXECUTE|[12]
07:50:36.77 (102333132)|STATEMENT_EXECUTE|[13]
07:50:36.77 (102335604)|HEAP_ALLOCATE|[13]|Bytes:8
07:50:36.77 (102341005)|VARIABLE_ASSIGNMENT|[13]|x|7
07:50:36.77 (102345398)|STATEMENT_EXECUTE|[14]
07:50:36.77 (102347992)|HEAP_ALLOCATE|[14]|Bytes:8
07:50:36.77 (102355455)|STATEMENT_EXECUTE|[15]
07:50:36.77 (102360009)|HEAP_ALLOCATE|[10]|Bytes:4
07:50:36.77 (102365432)|VARIABLE_ASSIGNMENT|[10]|j|11
07:50:36.77 (102375779)|STATEMENT_EXECUTE|[10]
07:50:36.77 (102377487)|STATEMENT_EXECUTE|[11]
07:50:36.77 (102379855)|VARIABLE_SCOPE_BEGIN|[11]|x|Integer|false|false
07:50:36.77 (102386976)|HEAP_ALLOCATE|[11]|Bytes:4
07:50:36.77 (102391887)|VARIABLE_ASSIGNMENT|[11]|x|0
07:50:36.77 (102397378)|HEAP_ALLOCATE|[12]|Bytes:8
07:50:36.77 (102401893)|HEAP_ALLOCATE|[12]|Bytes:8
07:50:36.77 (102406028)|STATEMENT_EXECUTE|[12]
07:50:36.77 (102407863)|HEAP_ALLOCATE|[10]|Bytes:4
07:50:36.77 (102413468)|VARIABLE_ASSIGNMENT|[10]|j|12
07:50:36.77 (102423447)|STATEMENT_EXECUTE|[10]
07:50:36.77 (102425150)|STATEMENT_EXECUTE|[11]
07:50:36.77 (102427377)|VARIABLE_SCOPE_BEGIN|[11]|x|Integer|false|false
07:50:36.77 (102433337)|HEAP_ALLOCATE|[11]|Bytes:4
07:50:36.77 (102438192)|VARIABLE_ASSIGNMENT|[11]|x|0
07:50:36.77 (102442782)|HEAP_ALLOCATE|[12]|Bytes:8
07:50:36.77 (102447536)|HEAP_ALLOCATE|[12]|Bytes:8
07:50:36.77 (102451369)|STATEMENT_EXECUTE|[12]
07:50:36.77 (102453192)|HEAP_ALLOCATE|[10]|Bytes:4
07:50:36.77 (102457876)|VARIABLE_ASSIGNMENT|[10]|j|13
07:50:36.77 (102467669)|STATEMENT_EXECUTE|[10]
07:50:36.77 (102469466)|STATEMENT_EXECUTE|[11]
07:50:36.77 (102471652)|VARIABLE_SCOPE_BEGIN|[11]|x|Integer|false|false
07:50:36.77 (102477631)|HEAP_ALLOCATE|[11]|Bytes:4
07:50:36.77 (102482362)|VARIABLE_ASSIGNMENT|[11]|x|0
07:50:36.77 (102487130)|HEAP_ALLOCATE|[12]|Bytes:8
07:50:36.77 (102491526)|HEAP_ALLOCATE|[12]|Bytes:8
07:50:36.77 (102495238)|STATEMENT_EXECUTE|[12]
07:50:36.77 (102497179)|HEAP_ALLOCATE|[10]|Bytes:4
07:50:36.77 (102502052)|VARIABLE_ASSIGNMENT|[10]|j|14
07:50:36.77 (102511749)|STATEMENT_EXECUTE|[10]
07:50:36.77 (102513480)|STATEMENT_EXECUTE|[11]
07:50:36.77 (102515682)|VARIABLE_SCOPE_BEGIN|[11]|x|Integer|false|false
07:50:36.77 (102522027)|HEAP_ALLOCATE|[11]|Bytes:4
07:50:36.77 (102527042)|VARIABLE_ASSIGNMENT|[11]|x|0
07:50:36.77 (102531766)|HEAP_ALLOCATE|[12]|Bytes:8
07:50:36.77 (102536115)|HEAP_ALLOCATE|[12]|Bytes:8
07:50:36.77 (102539833)|STATEMENT_EXECUTE|[12]
07:50:36.77 (102541622)|HEAP_ALLOCATE|[10]|Bytes:4
07:50:36.77 (102546371)|VARIABLE_ASSIGNMENT|[10]|j|15
07:50:36.77 (102556452)|STATEMENT_EXECUTE|[10]
07:50:36.77 (102558210)|STATEMENT_EXECUTE|[11]
07:50:36.77 (102560491)|VARIABLE_SCOPE_BEGIN|[11]|x|Integer|false|false
07:50:36.77 (102566092)|HEAP_ALLOCATE|[11]|Bytes:4
07:50:36.77 (102570726)|VARIABLE_ASSIGNMENT|[11]|x|0
07:50:36.77 (102575450)|HEAP_ALLOCATE|[12]|Bytes:8
07:50:36.77 (102579763)|HEAP_ALLOCATE|[12]|Bytes:8
07:50:36.77 (102583233)|STATEMENT_EXECUTE|[12]
07:50:36.77 (102585420)|HEAP_ALLOCATE|[10]|Bytes:4
07:50:36.77 (102590137)|VARIABLE_ASSIGNMENT|[10]|j|16
07:50:36.77 (102600204)|HEAP_ALLOCATE|[9]|Bytes:4
07:50:36.77 (102605426)|VARIABLE_ASSIGNMENT|[9]|i|2
07:50:36.77 (102615620)|STATEMENT_EXECUTE|[9]
07:50:36.77 (102617708)|STATEMENT_EXECUTE|[10]
07:50:36.77 (102620445)|VARIABLE_SCOPE_BEGIN|[10]|j|Integer|false|false
07:50:36.77 (102627379)|HEAP_ALLOCATE|[10]|Bytes:4
07:50:36.77 (102632048)|VARIABLE_ASSIGNMENT|[10]|j|3
07:50:36.77 (102641629)|STATEMENT_EXECUTE|[10]
07:50:36.77 (102643350)|STATEMENT_EXECUTE|[11]
07:50:36.77 (102645525)|VARIABLE_SCOPE_BEGIN|[11]|x|Integer|false|false
07:50:36.77 (102651305)|HEAP_ALLOCATE|[11]|Bytes:4
07:50:36.77 (102656122)|VARIABLE_ASSIGNMENT|[11]|x|0
07:50:36.77 (102660851)|HEAP_ALLOCATE|[12]|Bytes:8
07:50:36.77 (102665845)|HEAP_ALLOCATE|[12]|Bytes:8
07:50:36.77 (102669258)|STATEMENT_EXECUTE|[12]
07:50:36.77 (102670907)|STATEMENT_EXECUTE|[13]
07:50:36.77 (102673411)|HEAP_ALLOCATE|[13]|Bytes:8
07:50:36.77 (102678849)|VARIABLE_ASSIGNMENT|[13]|x|1
07:50:36.77 (102683062)|STATEMENT_EXECUTE|[14]
07:50:36.77 (102686947)|HEAP_ALLOCATE|[14]|Bytes:8
07:50:36.77 (102695362)|STATEMENT_EXECUTE|[15]
07:50:36.77 (102699775)|HEAP_ALLOCATE|[10]|Bytes:4
07:50:36.77 (102704940)|VARIABLE_ASSIGNMENT|[10]|j|4
07:50:36.77 (102715596)|STATEMENT_EXECUTE|[10]
07:50:36.77 (102717353)|STATEMENT_EXECUTE|[11]
07:50:36.77 (102719663)|VARIABLE_SCOPE_BEGIN|[11]|x|Integer|false|false
07:50:36.77 (102726016)|HEAP_ALLOCATE|[11]|Bytes:4
07:50:36.77 (102731022)|VARIABLE_ASSIGNMENT|[11]|x|0
07:50:36.77 (102736227)|HEAP_ALLOCATE|[12]|Bytes:8
07:50:36.77 (102740803)|HEAP_ALLOCATE|[12]|Bytes:8
07:50:36.77 (102748415)|STATEMENT_EXECUTE|[12]
07:50:36.77 (102750226)|STATEMENT_EXECUTE|[13]
07:50:36.77 (102752957)|HEAP_ALLOCATE|[13]|Bytes:8
07:50:36.77 (102759025)|VARIABLE_ASSIGNMENT|[13]|x|3
07:50:36.77 (102763378)|STATEMENT_EXECUTE|[14]
07:50:36.77 (102766001)|HEAP_ALLOCATE|[14]|Bytes:8
07:50:36.77 (102772908)|STATEMENT_EXECUTE|[15]
07:50:36.77 (102777503)|HEAP_ALLOCATE|[10]|Bytes:4
07:50:36.77 (102783315)|VARIABLE_ASSIGNMENT|[10]|j|5
07:50:36.77 (102794113)|STATEMENT_EXECUTE|[10]
07:50:36.77 (102795912)|STATEMENT_EXECUTE|[11]
07:50:36.77 (102798287)|VARIABLE_SCOPE_BEGIN|[11]|x|Integer|false|false
07:50:36.77 (102804569)|HEAP_ALLOCATE|[11]|Bytes:4
07:50:36.77 (102809280)|VARIABLE_ASSIGNMENT|[11]|x|0
07:50:36.77 (102814321)|HEAP_ALLOCATE|[12]|Bytes:8
07:50:36.77 (102818662)|HEAP_ALLOCATE|[12]|Bytes:8
07:50:36.77 (102822401)|STATEMENT_EXECUTE|[12]
07:50:36.77 (102824200)|HEAP_ALLOCATE|[10]|Bytes:4
07:50:36.77 (102829315)|VARIABLE_ASSIGNMENT|[10]|j|6
07:50:36.77 (102839038)|STATEMENT_EXECUTE|[10]
07:50:36.77 (102840788)|STATEMENT_EXECUTE|[11]
07:50:36.77 (102843105)|VARIABLE_SCOPE_BEGIN|[11]|x|Integer|false|false
07:50:36.77 (102849128)|HEAP_ALLOCATE|[11]|Bytes:4
07:50:36.77 (102853919)|VARIABLE_ASSIGNMENT|[11]|x|0
07:50:36.77 (102859280)|HEAP_ALLOCATE|[12]|Bytes:8
07:50:36.77 (102863544)|HEAP_ALLOCATE|[12]|Bytes:8
07:50:36.77 (102867078)|STATEMENT_EXECUTE|[12]
07:50:36.77 (102869350)|HEAP_ALLOCATE|[10]|Bytes:4
07:50:36.77 (102875216)|VARIABLE_ASSIGNMENT|[10]|j|7
07:50:36.77 (102891782)|STATEMENT_EXECUTE|[10]
07:50:36.77 (102894465)|STATEMENT_EXECUTE|[11]
07:50:36.77 (102898476)|VARIABLE_SCOPE_BEGIN|[11]|x|Integer|false|false
07:50:36.77 (102908577)|HEAP_ALLOCATE|[11]|Bytes:4
07:50:36.77 (102917359)|VARIABLE_ASSIGNMENT|[11]|x|0
07:50:36.77 (102926561)|HEAP_ALLOCATE|[12]|Bytes:8
07:50:36.77 (102932036)|HEAP_ALLOCATE|[12]|Bytes:8
07:50:36.77 (102936109)|STATEMENT_EXECUTE|[12]
07:50:36.77 (102938142)|HEAP_ALLOCATE|[10]|Bytes:4
07:50:36.77 (102948204)|VARIABLE_ASSIGNMENT|[10]|j|8
07:50:36.77 (102961015)|STATEMENT_EXECUTE|[10]
07:50:36.77 (102962859)|STATEMENT_EXECUTE|[11]
07:50:36.77 (102965293)|VARIABLE_SCOPE_BEGIN|[11]|x|Integer|false|false
07:50:36.77 (102971916)|HEAP_ALLOCATE|[11]|Bytes:4
07:50:36.77 (102976956)|VARIABLE_ASSIGNMENT|[11]|x|0
07:50:36.77 (102981975)|HEAP_ALLOCATE|[12]|Bytes:8
07:50:36.77 (102986388)|HEAP_ALLOCATE|[12]|Bytes:8
07:50:36.77 (102990316)|STATEMENT_EXECUTE|[12]
07:50:36.77 (102992403)|HEAP_ALLOCATE|[10]|Bytes:4
07:50:36.77 (102997228)|VARIABLE_ASSIGNMENT|[10]|j|9
07:50:36.77 (103007004)|STATEMENT_EXECUTE|[10]
07:50:36.77 (103009083)|STATEMENT_EXECUTE|[11]
07:50:36.77 (103011345)|VARIABLE_SCOPE_BEGIN|[11]|x|Integer|false|false
07:50:36.77 (103016905)|HEAP_ALLOCATE|[11]|Bytes:4
07:50:36.77 (103021915)|VARIABLE_ASSIGNMENT|[11]|x|0
07:50:36.77 (103026659)|HEAP_ALLOCATE|[12]|Bytes:8
07:50:36.77 (103031267)|HEAP_ALLOCATE|[12]|Bytes:8
07:50:36.77 (103034821)|STATEMENT_EXECUTE|[12]
07:50:36.77 (103036767)|HEAP_ALLOCATE|[10]|Bytes:4
07:50:36.77 (103041608)|VARIABLE_ASSIGNMENT|[10]|j|10
07:50:36.77 (103051432)|STATEMENT_EXECUTE|[10]
07:50:36.77 (103053114)|STATEMENT_EXECUTE|[11]
07:50:36.77 (103055392)|VARIABLE_SCOPE_BEGIN|[11]|x|Integer|false|false
07:50:36.77 (103061254)|HEAP_ALLOCATE|[11]|Bytes:4
07:50:36.77 (103065999)|VARIABLE_ASSIGNMENT|[11]|x|0
07:50:36.77 (103070687)|HEAP_ALLOCATE|[12]|Bytes:8
07:50:36.77 (103075035)|HEAP_ALLOCATE|[12]|Bytes:8
07:50:36.77 (103078826)|STATEMENT_EXECUTE|[12]
07:50:36.77 (103080540)|STATEMENT_EXECUTE|[13]
07:50:36.77 (103083157)|HEAP_ALLOCATE|[13]|Bytes:8
07:50:36.77 (103088569)|VARIABLE_ASSIGNMENT|[13]|x|5
07:50:36.77 (103092634)|STATEMENT_EXECUTE|[14]
07:50:36.77 (103095240)|HEAP_ALLOCATE|[14]|Bytes:8
07:50:36.77 (103104656)|STATEMENT_EXECUTE|[15]
07:50:36.77 (103109036)|HEAP_ALLOCATE|[10]|Bytes:4
07:50:36.77 (103114882)|VARIABLE_ASSIGNMENT|[10]|j|11
07:50:36.77 (103125459)|STATEMENT_EXECUTE|[10]
07:50:36.77 (103127201)|STATEMENT_EXECUTE|[11]
07:50:36.77 (103129581)|VARIABLE_SCOPE_BEGIN|[11]|x|Integer|false|false
07:50:36.77 (103135361)|HEAP_ALLOCATE|[11]|Bytes:4
07:50:36.77 (103140071)|VARIABLE_ASSIGNMENT|[11]|x|0
07:50:36.77 (103145558)|HEAP_ALLOCATE|[12]|Bytes:8
07:50:36.77 (103150226)|HEAP_ALLOCATE|[12]|Bytes:8
07:50:36.77 (103153790)|STATEMENT_EXECUTE|[12]
07:50:36.77 (103155653)|HEAP_ALLOCATE|[10]|Bytes:4
07:50:36.77 (103160482)|VARIABLE_ASSIGNMENT|[10]|j|12
07:50:36.77 (103170037)|STATEMENT_EXECUTE|[10]
07:50:36.77 (103171991)|STATEMENT_EXECUTE|[11]
07:50:36.77 (103174477)|VARIABLE_SCOPE_BEGIN|[11]|x|Integer|false|false
07:50:36.77 (103180514)|HEAP_ALLOCATE|[11]|Bytes:4
07:50:36.77 (103185189)|VARIABLE_ASSIGNMENT|[11]|x|0
07:50:36.77 (103190052)|HEAP_ALLOCATE|[12]|Bytes:8
07:50:36.77 (103194286)|HEAP_ALLOCATE|[12]|Bytes:8
07:50:36.77 (103198015)|STATEMENT_EXECUTE|[12]
07:50:36.77 (103199855)|HEAP_ALLOCATE|[10]|Bytes:4
07:50:36.77 (103204769)|VARIABLE_ASSIGNMENT|[10]|j|13
07:50:36.77 (103214797)|STATEMENT_EXECUTE|[10]
07:50:36.77 (103216477)|STATEMENT_EXECUTE|[11]
07:50:36.77 (103218720)|VARIABLE_SCOPE_BEGIN|[11]|x|Integer|false|false
07:50:36.77 (103224732)|HEAP_ALLOCATE|[11]|Bytes:4
07:50:36.77 (103229479)|VARIABLE_ASSIGNMENT|[11]|x|0
07:50:36.77 (103234543)|HEAP_ALLOCATE|[12]|Bytes:8
07:50:36.77 (103238858)|HEAP_ALLOCATE|[12]|Bytes:8
07:50:36.77 (103242435)|STATEMENT_EXECUTE|[12]
07:50:36.77 (103244187)|HEAP_ALLOCATE|[10]|Bytes:4
07:50:36.77 (103248817)|VARIABLE_ASSIGNMENT|[10]|j|14
07:50:36.77 (103258322)|STATEMENT_EXECUTE|[10]
07:50:36.77 (103260189)|STATEMENT_EXECUTE|[11]
07:50:36.77 (103262400)|VARIABLE_SCOPE_BEGIN|[11]|x|Integer|false|false
07:50:36.77 (103268361)|HEAP_ALLOCATE|[11]|Bytes:4
07:50:36.77 (103273211)|VARIABLE_ASSIGNMENT|[11]|x|0
07:50:36.77 (103277755)|HEAP_ALLOCATE|[12]|Bytes:8
07:50:36.77 (103282117)|HEAP_ALLOCATE|[12]|Bytes:8
07:50:36.77 (103285774)|STATEMENT_EXECUTE|[12]
07:50:36.77 (103287549)|HEAP_ALLOCATE|[10]|Bytes:4
07:50:36.77 (103292400)|VARIABLE_ASSIGNMENT|[10]|j|15
07:50:36.77 (103302339)|STATEMENT_EXECUTE|[10]
07:50:36.77 (103304052)|STATEMENT_EXECUTE|[11]
07:50:36.77 (103306259)|VARIABLE_SCOPE_BEGIN|[11]|x|Integer|false|false
07:50:36.77 (103312922)|HEAP_ALLOCATE|[11]|Bytes:4
07:50:36.77 (103317590)|VARIABLE_ASSIGNMENT|[11]|x|0
07:50:36.77 (103322600)|HEAP_ALLOCATE|[12]|Bytes:8
07:50:36.77 (103326826)|HEAP_ALLOCATE|[12]|Bytes:8
07:50:36.77 (103330346)|STATEMENT_EXECUTE|[12]
07:50:36.77 (103332140)|HEAP_ALLOCATE|[10]|Bytes:4
07:50:36.77 (103336943)|VARIABLE_ASSIGNMENT|[10]|j|16
07:50:36.77 (103347306)|HEAP_ALLOCATE|[9]|Bytes:4
07:50:36.77 (103352740)|VARIABLE_ASSIGNMENT|[9]|i|3
07:50:36.77 (103362485)|STATEMENT_EXECUTE|[9]
07:50:36.77 (103364811)|STATEMENT_EXECUTE|[10]
07:50:36.77 (103367440)|VARIABLE_SCOPE_BEGIN|[10]|j|Integer|false|false
07:50:36.77 (103373472)|HEAP_ALLOCATE|[10]|Bytes:4
07:50:36.77 (103378319)|VARIABLE_ASSIGNMENT|[10]|j|4
07:50:36.77 (103388017)|STATEMENT_EXECUTE|[10]
07:50:36.77 (103389766)|STATEMENT_EXECUTE|[11]
07:50:36.77 (103391940)|VARIABLE_SCOPE_BEGIN|[11]|x|Integer|false|false
07:50:36.77 (103398131)|HEAP_ALLOCATE|[11]|Bytes:4
07:50:36.77 (103402990)|VARIABLE_ASSIGNMENT|[11]|x|0
07:50:36.77 (103407773)|HEAP_ALLOCATE|[12]|Bytes:8
07:50:36.77 (103412131)|HEAP_ALLOCATE|[12]|Bytes:8
07:50:36.77 (103416023)|STATEMENT_EXECUTE|[12]
07:50:36.77 (103417684)|STATEMENT_EXECUTE|[13]
07:50:36.77 (103420232)|HEAP_ALLOCATE|[13]|Bytes:8
07:50:36.77 (103425454)|VARIABLE_ASSIGNMENT|[13]|x|1
07:50:36.77 (103429620)|STATEMENT_EXECUTE|[14]
07:50:36.77 (103432262)|HEAP_ALLOCATE|[14]|Bytes:8
07:50:36.77 (103440099)|STATEMENT_EXECUTE|[15]
07:50:36.77 (103444396)|HEAP_ALLOCATE|[10]|Bytes:4
07:50:36.77 (103449782)|VARIABLE_ASSIGNMENT|[10]|j|5
07:50:36.77 (103460108)|STATEMENT_EXECUTE|[10]
07:50:36.77 (103461837)|STATEMENT_EXECUTE|[11]
07:50:36.77 (103464132)|VARIABLE_SCOPE_BEGIN|[11]|x|Integer|false|false
07:50:36.77 (103469825)|HEAP_ALLOCATE|[11]|Bytes:4
07:50:36.77 (103474613)|VARIABLE_ASSIGNMENT|[11]|x|0
07:50:36.77 (103479381)|HEAP_ALLOCATE|[12]|Bytes:8
07:50:36.77 (103483746)|HEAP_ALLOCATE|[12]|Bytes:8
07:50:36.77 (103487336)|STATEMENT_EXECUTE|[12]
07:50:36.77 (103489252)|HEAP_ALLOCATE|[10]|Bytes:4
07:50:36.77 (103494078)|VARIABLE_ASSIGNMENT|[10]|j|6
07:50:36.77 (103503959)|STATEMENT_EXECUTE|[10]
07:50:36.77 (103505855)|STATEMENT_EXECUTE|[11]
07:50:36.77 (103508068)|VARIABLE_SCOPE_BEGIN|[11]|x|Integer|false|false
07:50:36.77 (103514426)|HEAP_ALLOCATE|[11]|Bytes:4
07:50:36.77 (103519177)|VARIABLE_ASSIGNMENT|[11]|x|0
07:50:36.77 (103523914)|HEAP_ALLOCATE|[12]|Bytes:8
07:50:36.77 (103528828)|HEAP_ALLOCATE|[12]|Bytes:8
07:50:36.77 (103532638)|STATEMENT_EXECUTE|[12]
07:50:36.77 (103534414)|HEAP_ALLOCATE|[10]|Bytes:4
07:50:36.77 (103539233)|VARIABLE_ASSIGNMENT|[10]|j|7
07:50:36.77 (103548578)|STATEMENT_EXECUTE|[10]
07:50:36.77 (103550286)|STATEMENT_EXECUTE|[11]
07:50:36.77 (103552590)|VARIABLE_SCOPE_BEGIN|[11]|x|Integer|false|false
07:50:36.77 (103558458)|HEAP_ALLOCATE|[11]|Bytes:4
07:50:36.77 (103563177)|VARIABLE_ASSIGNMENT|[11]|x|0
07:50:36.77 (103567813)|HEAP_ALLOCATE|[12]|Bytes:8
07:50:36.77 (103572217)|HEAP_ALLOCATE|[12]|Bytes:8
07:50:36.77 (103575797)|STATEMENT_EXECUTE|[12]
07:50:36.77 (103577674)|HEAP_ALLOCATE|[10]|Bytes:4
07:50:36.77 (103582403)|VARIABLE_ASSIGNMENT|[10]|j|8
07:50:36.77 (103591750)|STATEMENT_EXECUTE|[10]
07:50:36.77 (103593455)|STATEMENT_EXECUTE|[11]
07:50:36.77 (103595719)|VARIABLE_SCOPE_BEGIN|[11]|x|Integer|false|false
07:50:36.77 (103601469)|HEAP_ALLOCATE|[11]|Bytes:4
07:50:36.77 (103606488)|VARIABLE_ASSIGNMENT|[11]|x|0
07:50:36.77 (103611169)|HEAP_ALLOCATE|[12]|Bytes:8
07:50:36.77 (103616335)|HEAP_ALLOCATE|[12]|Bytes:8
07:50:36.77 (103620330)|STATEMENT_EXECUTE|[12]
07:50:36.77 (103622196)|HEAP_ALLOCATE|[10]|Bytes:4
07:50:36.77 (103627070)|VARIABLE_ASSIGNMENT|[10]|j|9
07:50:36.77 (103636642)|STATEMENT_EXECUTE|[10]
07:50:36.77 (103638341)|STATEMENT_EXECUTE|[11]
07:50:36.77 (103640561)|VARIABLE_SCOPE_BEGIN|[11]|x|Integer|false|false
07:50:36.77 (103646501)|HEAP_ALLOCATE|[11]|Bytes:4
07:50:36.77 (103651344)|VARIABLE_ASSIGNMENT|[11]|x|0
07:50:36.77 (103656435)|HEAP_ALLOCATE|[12]|Bytes:8
07:50:36.77 (103660705)|HEAP_ALLOCATE|[12]|Bytes:8
07:50:36.77 (103664182)|STATEMENT_EXECUTE|[12]
07:50:36.77 (103666000)|HEAP_ALLOCATE|[10]|Bytes:4
07:50:36.77 (103670625)|VARIABLE_ASSIGNMENT|[10]|j|10
07:50:36.77 (103680158)|STATEMENT_EXECUTE|[10]
07:50:36.77 (103681885)|STATEMENT_EXECUTE|[11]
07:50:36.77 (103685189)|VARIABLE_SCOPE_BEGIN|[11]|x|Integer|false|false
07:50:36.77 (103692362)|HEAP_ALLOCATE|[11]|Bytes:4
07:50:36.77 (103697753)|VARIABLE_ASSIGNMENT|[11]|x|0
07:50:36.77 (103703410)|HEAP_ALLOCATE|[12]|Bytes:8
07:50:36.77 (103708393)|HEAP_ALLOCATE|[12]|Bytes:8
07:50:36.77 (103712048)|STATEMENT_EXECUTE|[12]
07:50:36.77 (103713738)|STATEMENT_EXECUTE|[13]
07:50:36.77 (103716280)|HEAP_ALLOCATE|[13]|Bytes:8
07:50:36.77 (103721391)|VARIABLE_ASSIGNMENT|[13]|x|3
07:50:36.77 (103725154)|STATEMENT_EXECUTE|[14]
07:50:36.77 (103727724)|HEAP_ALLOCATE|[14]|Bytes:8
07:50:36.77 (103735142)|STATEMENT_EXECUTE|[15]
07:50:36.77 (103739343)|HEAP_ALLOCATE|[10]|Bytes:4
07:50:36.77 (103748967)|VARIABLE_ASSIGNMENT|[10]|j|11
07:50:36.77 (103760913)|STATEMENT_EXECUTE|[10]
07:50:36.77 (103762732)|STATEMENT_EXECUTE|[11]
07:50:36.77 (103765112)|VARIABLE_SCOPE_BEGIN|[11]|x|Integer|false|false
07:50:36.77 (103771677)|HEAP_ALLOCATE|[11]|Bytes:4
07:50:36.77 (103776482)|VARIABLE_ASSIGNMENT|[11]|x|0
07:50:36.77 (103781614)|HEAP_ALLOCATE|[12]|Bytes:8
07:50:36.77 (103786092)|HEAP_ALLOCATE|[12]|Bytes:8
07:50:36.77 (103789999)|STATEMENT_EXECUTE|[12]
07:50:36.77 (103791881)|HEAP_ALLOCATE|[10]|Bytes:4
07:50:36.77 (103796909)|VARIABLE_ASSIGNMENT|[10]|j|12
07:50:36.77 (103807640)|STATEMENT_EXECUTE|[10]
07:50:36.77 (103809560)|STATEMENT_EXECUTE|[11]
07:50:36.77 (103811863)|VARIABLE_SCOPE_BEGIN|[11]|x|Integer|false|false
07:50:36.77 (103817900)|HEAP_ALLOCATE|[11]|Bytes:4
07:50:36.77 (103822934)|VARIABLE_ASSIGNMENT|[11]|x|0
07:50:36.77 (103827494)|HEAP_ALLOCATE|[12]|Bytes:8
07:50:36.77 (103832056)|HEAP_ALLOCATE|[12]|Bytes:8
07:50:36.77 (103837795)|STATEMENT_EXECUTE|[12]
07:50:36.77 (103840464)|HEAP_ALLOCATE|[10]|Bytes:4
07:50:36.77 (103848226)|VARIABLE_ASSIGNMENT|[10]|j|13
07:50:36.77 (103866275)|STATEMENT_EXECUTE|[10]
07:50:36.77 (103869029)|STATEMENT_EXECUTE|[11]
07:50:36.77 (103872892)|VARIABLE_SCOPE_BEGIN|[11]|x|Integer|false|false
07:50:36.77 (103882935)|HEAP_ALLOCATE|[11]|Bytes:4
07:50:36.77 (103888631)|VARIABLE_ASSIGNMENT|[11]|x|0
07:50:36.77 (103894505)|HEAP_ALLOCATE|[12]|Bytes:8
07:50:36.77 (103899229)|HEAP_ALLOCATE|[12]|Bytes:8
07:50:36.77 (103903052)|STATEMENT_EXECUTE|[12]
07:50:36.77 (103905014)|HEAP_ALLOCATE|[10]|Bytes:4
07:50:36.77 (103910357)|VARIABLE_ASSIGNMENT|[10]|j|14
07:50:36.77 (103921041)|STATEMENT_EXECUTE|[10]
07:50:36.77 (103922834)|STATEMENT_EXECUTE|[11]
07:50:36.77 (103925423)|VARIABLE_SCOPE_BEGIN|[11]|x|Integer|false|false
07:50:36.77 (103931052)|HEAP_ALLOCATE|[11]|Bytes:4
07:50:36.77 (103936352)|VARIABLE_ASSIGNMENT|[11]|x|0
07:50:36.77 (103941345)|HEAP_ALLOCATE|[12]|Bytes:8
07:50:36.77 (103945844)|HEAP_ALLOCATE|[12]|Bytes:8
07:50:36.77 (103949404)|STATEMENT_EXECUTE|[12]
07:50:36.77 (103951204)|HEAP_ALLOCATE|[10]|Bytes:4
07:50:36.77 (103955860)|VARIABLE_ASSIGNMENT|[10]|j|15
07:50:36.77 (103965551)|STATEMENT_EXECUTE|[10]
07:50:36.77 (103967296)|STATEMENT_EXECUTE|[11]
07:50:36.77 (103969535)|VARIABLE_SCOPE_BEGIN|[11]|x|Integer|false|false
07:50:36.77 (103975002)|HEAP_ALLOCATE|[11]|Bytes:4
07:50:36.77 (103979687)|VARIABLE_ASSIGNMENT|[11]|x|0
07:50:36.77 (103984290)|HEAP_ALLOCATE|[12]|Bytes:8
07:50:36.77 (103988829)|HEAP_ALLOCATE|[12]|Bytes:8
07:50:36.77 (103992311)|STATEMENT_EXECUTE|[12]
07:50:36.77 (103993964)|STATEMENT_EXECUTE|[13]
07:50:36.77 (103996927)|HEAP_ALLOCATE|[13]|Bytes:8
07:50:36.77 (104002280)|VARIABLE_ASSIGNMENT|[13]|x|5
07:50:36.77 (104006773)|STATEMENT_EXECUTE|[14]
07:50:36.77 (104009424)|HEAP_ALLOCATE|[14]|Bytes:8
07:50:36.77 (104019241)|STATEMENT_EXECUTE|[15]
07:50:36.77 (104023668)|HEAP_ALLOCATE|[10]|Bytes:4
07:50:36.77 (104029221)|VARIABLE_ASSIGNMENT|[10]|j|16
07:50:36.77 (104040558)|HEAP_ALLOCATE|[9]|Bytes:4
07:50:36.77 (104046707)|VARIABLE_ASSIGNMENT|[9]|i|4
07:50:36.77 (104058228)|STATEMENT_EXECUTE|[9]
07:50:36.77 (104060469)|STATEMENT_EXECUTE|[10]
07:50:36.77 (104063136)|VARIABLE_SCOPE_BEGIN|[10]|j|Integer|false|false
07:50:36.77 (104070128)|HEAP_ALLOCATE|[10]|Bytes:4
07:50:36.77 (104074873)|VARIABLE_ASSIGNMENT|[10]|j|5
07:50:36.77 (104087859)|STATEMENT_EXECUTE|[10]
07:50:36.77 (104090674)|STATEMENT_EXECUTE|[11]
07:50:36.77 (104094275)|VARIABLE_SCOPE_BEGIN|[11]|x|Integer|false|false
07:50:36.77 (104104247)|HEAP_ALLOCATE|[11]|Bytes:4
07:50:36.77 (104112930)|VARIABLE_ASSIGNMENT|[11]|x|0
07:50:36.77 (104122950)|HEAP_ALLOCATE|[12]|Bytes:8
07:50:36.77 (104131403)|HEAP_ALLOCATE|[12]|Bytes:8
07:50:36.77 (104137589)|STATEMENT_EXECUTE|[12]
07:50:36.77 (104140085)|STATEMENT_EXECUTE|[13]
07:50:36.77 (104144380)|HEAP_ALLOCATE|[13]|Bytes:8
07:50:36.77 (104156001)|VARIABLE_ASSIGNMENT|[13]|x|1
07:50:36.77 (104162421)|STATEMENT_EXECUTE|[14]
07:50:36.77 (104167657)|HEAP_ALLOCATE|[14]|Bytes:8
07:50:36.77 (104184106)|STATEMENT_EXECUTE|[15]
07:50:36.77 (104191893)|HEAP_ALLOCATE|[10]|Bytes:4
07:50:36.77 (104202819)|VARIABLE_ASSIGNMENT|[10]|j|6
07:50:36.77 (104222761)|STATEMENT_EXECUTE|[10]
07:50:36.77 (104224847)|STATEMENT_EXECUTE|[11]
07:50:36.77 (104227752)|VARIABLE_SCOPE_BEGIN|[11]|x|Integer|false|false
07:50:36.77 (104235111)|HEAP_ALLOCATE|[11]|Bytes:4
07:50:36.77 (104240656)|VARIABLE_ASSIGNMENT|[11]|x|0
07:50:36.77 (104246639)|HEAP_ALLOCATE|[12]|Bytes:8
07:50:36.77 (104251422)|HEAP_ALLOCATE|[12]|Bytes:8
07:50:36.77 (104254942)|STATEMENT_EXECUTE|[12]
07:50:36.77 (104256645)|STATEMENT_EXECUTE|[13]
07:50:36.77 (104259188)|HEAP_ALLOCATE|[13]|Bytes:8
07:50:36.77 (104265159)|VARIABLE_ASSIGNMENT|[13]|x|2
07:50:36.77 (104268855)|STATEMENT_EXECUTE|[14]
07:50:36.77 (104271457)|HEAP_ALLOCATE|[14]|Bytes:8
07:50:36.77 (104279787)|STATEMENT_EXECUTE|[15]
07:50:36.77 (104287015)|HEAP_ALLOCATE|[10]|Bytes:4
07:50:36.77 (104292649)|VARIABLE_ASSIGNMENT|[10]|j|7
07:50:36.77 (104303915)|STATEMENT_EXECUTE|[10]
07:50:36.77 (104305743)|STATEMENT_EXECUTE|[11]
07:50:36.77 (104308159)|VARIABLE_SCOPE_BEGIN|[11]|x|Integer|false|false
07:50:36.77 (104314894)|HEAP_ALLOCATE|[11]|Bytes:4
07:50:36.77 (104321830)|VARIABLE_ASSIGNMENT|[11]|x|0
07:50:36.77 (104331249)|HEAP_ALLOCATE|[12]|Bytes:8
07:50:36.77 (104339199)|HEAP_ALLOCATE|[12]|Bytes:8
07:50:36.77 (104345392)|STATEMENT_EXECUTE|[12]
07:50:36.77 (104348143)|HEAP_ALLOCATE|[10]|Bytes:4
07:50:36.77 (104356363)|VARIABLE_ASSIGNMENT|[10]|j|8
07:50:36.77 (104374858)|STATEMENT_EXECUTE|[10]
07:50:36.77 (104377462)|STATEMENT_EXECUTE|[11]
07:50:36.77 (104381914)|VARIABLE_SCOPE_BEGIN|[11]|x|Integer|false|false
07:50:36.77 (104393116)|HEAP_ALLOCATE|[11]|Bytes:4
07:50:36.77 (104402427)|VARIABLE_ASSIGNMENT|[11]|x|0
07:50:36.77 (104412021)|HEAP_ALLOCATE|[12]|Bytes:8
07:50:36.77 (104420738)|HEAP_ALLOCATE|[12]|Bytes:8
07:50:36.77 (104427202)|STATEMENT_EXECUTE|[12]
07:50:36.77 (104430462)|HEAP_ALLOCATE|[10]|Bytes:4
07:50:36.77 (104439790)|VARIABLE_ASSIGNMENT|[10]|j|9
07:50:36.77 (104462383)|STATEMENT_EXECUTE|[10]
07:50:36.77 (104465504)|STATEMENT_EXECUTE|[11]
07:50:36.77 (104469941)|VARIABLE_SCOPE_BEGIN|[11]|x|Integer|false|false
07:50:36.77 (104481465)|HEAP_ALLOCATE|[11]|Bytes:4
07:50:36.77 (104490833)|VARIABLE_ASSIGNMENT|[11]|x|0
07:50:36.77 (104500412)|HEAP_ALLOCATE|[12]|Bytes:8
07:50:36.77 (104509455)|HEAP_ALLOCATE|[12]|Bytes:8
07:50:36.77 (104515674)|STATEMENT_EXECUTE|[12]
07:50:36.77 (104518651)|HEAP_ALLOCATE|[10]|Bytes:4
07:50:36.77 (104527542)|VARIABLE_ASSIGNMENT|[10]|j|10
07:50:36.77 (104548359)|STATEMENT_EXECUTE|[10]
07:50:36.77 (104551302)|STATEMENT_EXECUTE|[11]
07:50:36.77 (104556033)|VARIABLE_SCOPE_BEGIN|[11]|x|Integer|false|false
07:50:36.77 (104568149)|HEAP_ALLOCATE|[11]|Bytes:4
07:50:36.77 (104578240)|VARIABLE_ASSIGNMENT|[11]|x|0
07:50:36.77 (104590367)|HEAP_ALLOCATE|[12]|Bytes:8
07:50:36.77 (104601257)|HEAP_ALLOCATE|[12]|Bytes:8
07:50:36.77 (104609405)|STATEMENT_EXECUTE|[12]
07:50:36.77 (104612628)|HEAP_ALLOCATE|[10]|Bytes:4
07:50:36.77 (104623843)|VARIABLE_ASSIGNMENT|[10]|j|11
07:50:36.77 (104647716)|STATEMENT_EXECUTE|[10]
07:50:36.77 (104650820)|STATEMENT_EXECUTE|[11]
07:50:36.77 (104654782)|VARIABLE_SCOPE_BEGIN|[11]|x|Integer|false|false
07:50:36.77 (104665980)|HEAP_ALLOCATE|[11]|Bytes:4
07:50:36.77 (104675755)|VARIABLE_ASSIGNMENT|[11]|x|0
07:50:36.77 (104685413)|HEAP_ALLOCATE|[12]|Bytes:8
07:50:36.77 (104694616)|HEAP_ALLOCATE|[12]|Bytes:8
07:50:36.77 (104701418)|STATEMENT_EXECUTE|[12]
07:50:36.77 (104704769)|HEAP_ALLOCATE|[10]|Bytes:4
07:50:36.77 (104713558)|VARIABLE_ASSIGNMENT|[10]|j|12
07:50:36.77 (104734323)|STATEMENT_EXECUTE|[10]
07:50:36.77 (104737383)|STATEMENT_EXECUTE|[11]
07:50:36.77 (104741430)|VARIABLE_SCOPE_BEGIN|[11]|x|Integer|false|false
07:50:36.77 (104759146)|HEAP_ALLOCATE|[11]|Bytes:4
07:50:36.77 (104768616)|VARIABLE_ASSIGNMENT|[11]|x|0
07:50:36.77 (104779335)|HEAP_ALLOCATE|[12]|Bytes:8
07:50:36.77 (104789244)|HEAP_ALLOCATE|[12]|Bytes:8
07:50:36.77 (104796064)|STATEMENT_EXECUTE|[12]
07:50:36.77 (104799184)|HEAP_ALLOCATE|[10]|Bytes:4
07:50:36.77 (104808667)|VARIABLE_ASSIGNMENT|[10]|j|13
07:50:36.77 (104831888)|STATEMENT_EXECUTE|[10]
07:50:36.77 (104835087)|STATEMENT_EXECUTE|[11]
07:50:36.77 (104839365)|VARIABLE_SCOPE_BEGIN|[11]|x|Integer|false|false
07:50:36.77 (104852428)|HEAP_ALLOCATE|[11]|Bytes:4
07:50:36.77 (104862708)|VARIABLE_ASSIGNMENT|[11]|x|0
07:50:36.77 (104873096)|HEAP_ALLOCATE|[12]|Bytes:8
07:50:36.77 (104882429)|HEAP_ALLOCATE|[12]|Bytes:8
07:50:36.77 (104889247)|STATEMENT_EXECUTE|[12]
07:50:36.77 (104892205)|HEAP_ALLOCATE|[10]|Bytes:4
07:50:36.77 (104901056)|VARIABLE_ASSIGNMENT|[10]|j|14
07:50:36.77 (104921586)|STATEMENT_EXECUTE|[10]
07:50:36.77 (104924462)|STATEMENT_EXECUTE|[11]
07:50:36.77 (104928974)|VARIABLE_SCOPE_BEGIN|[11]|x|Integer|false|false
07:50:36.77 (104940831)|HEAP_ALLOCATE|[11]|Bytes:4
07:50:36.77 (104950133)|VARIABLE_ASSIGNMENT|[11]|x|0
07:50:36.77 (104962224)|HEAP_ALLOCATE|[12]|Bytes:8
07:50:36.77 (104970921)|HEAP_ALLOCATE|[12]|Bytes:8
07:50:36.77 (104976991)|STATEMENT_EXECUTE|[12]
07:50:36.77 (104979926)|HEAP_ALLOCATE|[10]|Bytes:4
07:50:36.77 (104988348)|VARIABLE_ASSIGNMENT|[10]|j|15
07:50:36.77 (105007045)|STATEMENT_EXECUTE|[10]
07:50:36.77 (105010593)|STATEMENT_EXECUTE|[11]
07:50:36.77 (105014422)|VARIABLE_SCOPE_BEGIN|[11]|x|Integer|false|false
07:50:36.77 (105025044)|HEAP_ALLOCATE|[11]|Bytes:4
07:50:36.77 (105032909)|VARIABLE_ASSIGNMENT|[11]|x|0
07:50:36.77 (105042714)|HEAP_ALLOCATE|[12]|Bytes:8
07:50:36.77 (105050278)|HEAP_ALLOCATE|[12]|Bytes:8
07:50:36.77 (105056423)|STATEMENT_EXECUTE|[12]
07:50:36.77 (105058866)|STATEMENT_EXECUTE|[13]
07:50:36.77 (105062888)|HEAP_ALLOCATE|[13]|Bytes:8
07:50:36.77 (105071880)|VARIABLE_ASSIGNMENT|[13]|x|3
07:50:36.77 (105078411)|STATEMENT_EXECUTE|[14]
07:50:36.77 (105083419)|HEAP_ALLOCATE|[14]|Bytes:8
07:50:36.77 (105100992)|STATEMENT_EXECUTE|[15]
07:50:36.77 (105109108)|HEAP_ALLOCATE|[10]|Bytes:4
07:50:36.77 (105118913)|VARIABLE_ASSIGNMENT|[10]|j|16
07:50:36.77 (105139786)|HEAP_ALLOCATE|[9]|Bytes:4
07:50:36.77 (105149656)|VARIABLE_ASSIGNMENT|[9]|i|5
07:50:36.77 (105168581)|STATEMENT_EXECUTE|[9]
07:50:36.77 (105172521)|STATEMENT_EXECUTE|[10]
07:50:36.77 (105177502)|VARIABLE_SCOPE_BEGIN|[10]|j|Integer|false|false
07:50:36.77 (105189079)|HEAP_ALLOCATE|[10]|Bytes:4
07:50:36.77 (105195984)|VARIABLE_ASSIGNMENT|[10]|j|6
07:50:36.77 (105207918)|STATEMENT_EXECUTE|[10]
07:50:36.77 (105209752)|STATEMENT_EXECUTE|[11]
07:50:36.77 (105212327)|VARIABLE_SCOPE_BEGIN|[11]|x|Integer|false|false
07:50:36.77 (105218672)|HEAP_ALLOCATE|[11]|Bytes:4
07:50:36.77 (105223615)|VARIABLE_ASSIGNMENT|[11]|x|0
07:50:36.77 (105229472)|HEAP_ALLOCATE|[12]|Bytes:8
07:50:36.77 (105234377)|HEAP_ALLOCATE|[12]|Bytes:8
07:50:36.77 (105238202)|STATEMENT_EXECUTE|[12]
07:50:36.77 (105240097)|STATEMENT_EXECUTE|[13]
07:50:36.77 (105242670)|HEAP_ALLOCATE|[13]|Bytes:8
07:50:36.77 (105247956)|VARIABLE_ASSIGNMENT|[13]|x|1
07:50:36.77 (105251770)|STATEMENT_EXECUTE|[14]
07:50:36.77 (105254405)|HEAP_ALLOCATE|[14]|Bytes:8
07:50:36.77 (105264669)|STATEMENT_EXECUTE|[15]
07:50:36.77 (105269607)|HEAP_ALLOCATE|[10]|Bytes:4
07:50:36.77 (105275209)|VARIABLE_ASSIGNMENT|[10]|j|7
07:50:36.77 (105286498)|STATEMENT_EXECUTE|[10]
07:50:36.77 (105288343)|STATEMENT_EXECUTE|[11]
07:50:36.77 (105290742)|VARIABLE_SCOPE_BEGIN|[11]|x|Integer|false|false
07:50:36.77 (105296550)|HEAP_ALLOCATE|[11]|Bytes:4
07:50:36.77 (105301364)|VARIABLE_ASSIGNMENT|[11]|x|0
07:50:36.77 (105306341)|HEAP_ALLOCATE|[12]|Bytes:8
07:50:36.77 (105310939)|HEAP_ALLOCATE|[12]|Bytes:8
07:50:36.77 (105314775)|STATEMENT_EXECUTE|[12]
07:50:36.77 (105316594)|HEAP_ALLOCATE|[10]|Bytes:4
07:50:36.77 (105321503)|VARIABLE_ASSIGNMENT|[10]|j|8
07:50:36.77 (105331561)|STATEMENT_EXECUTE|[10]
07:50:36.77 (105333409)|STATEMENT_EXECUTE|[11]
07:50:36.77 (105335665)|VARIABLE_SCOPE_BEGIN|[11]|x|Integer|false|false
07:50:36.77 (105342156)|HEAP_ALLOCATE|[11]|Bytes:4
07:50:36.77 (105347340)|VARIABLE_ASSIGNMENT|[11]|x|0
07:50:36.77 (105352268)|HEAP_ALLOCATE|[12]|Bytes:8
07:50:36.77 (105356891)|HEAP_ALLOCATE|[12]|Bytes:8
07:50:36.77 (105360362)|STATEMENT_EXECUTE|[12]
07:50:36.77 (105361997)|STATEMENT_EXECUTE|[13]
07:50:36.77 (105364408)|HEAP_ALLOCATE|[13]|Bytes:8
07:50:36.77 (105369804)|VARIABLE_ASSIGNMENT|[13]|x|2
07:50:36.77 (105373578)|STATEMENT_EXECUTE|[14]
07:50:36.77 (105376241)|HEAP_ALLOCATE|[14]|Bytes:8
07:50:36.77 (105383086)|STATEMENT_EXECUTE|[15]
07:50:36.77 (105387419)|HEAP_ALLOCATE|[10]|Bytes:4
07:50:36.77 (105392532)|VARIABLE_ASSIGNMENT|[10]|j|9
07:50:36.77 (105402797)|STATEMENT_EXECUTE|[10]
07:50:36.77 (105404588)|STATEMENT_EXECUTE|[11]
07:50:36.77 (105406927)|VARIABLE_SCOPE_BEGIN|[11]|x|Integer|false|false
07:50:36.77 (105413047)|HEAP_ALLOCATE|[11]|Bytes:4
07:50:36.77 (105418019)|VARIABLE_ASSIGNMENT|[11]|x|0
07:50:36.77 (105422696)|HEAP_ALLOCATE|[12]|Bytes:8
07:50:36.77 (105428116)|HEAP_ALLOCATE|[12]|Bytes:8
07:50:36.77 (105431800)|STATEMENT_EXECUTE|[12]
07:50:36.77 (105433650)|HEAP_ALLOCATE|[10]|Bytes:4
07:50:36.77 (105438395)|VARIABLE_ASSIGNMENT|[10]|j|10
07:50:36.77 (105448120)|STATEMENT_EXECUTE|[10]
07:50:36.77 (105449967)|STATEMENT_EXECUTE|[11]
07:50:36.77 (105452225)|VARIABLE_SCOPE_BEGIN|[11]|x|Integer|false|false
07:50:36.77 (105458254)|HEAP_ALLOCATE|[11]|Bytes:4
07:50:36.77 (105462919)|VARIABLE_ASSIGNMENT|[11]|x|0
07:50:36.77 (105467849)|HEAP_ALLOCATE|[12]|Bytes:8
07:50:36.77 (105472212)|HEAP_ALLOCATE|[12]|Bytes:8
07:50:36.77 (105475699)|STATEMENT_EXECUTE|[12]
07:50:36.77 (105477463)|HEAP_ALLOCATE|[10]|Bytes:4
07:50:36.77 (105482189)|VARIABLE_ASSIGNMENT|[10]|j|11
07:50:36.77 (105491769)|STATEMENT_EXECUTE|[10]
07:50:36.77 (105493533)|STATEMENT_EXECUTE|[11]
07:50:36.77 (105495773)|VARIABLE_SCOPE_BEGIN|[11]|x|Integer|false|false
07:50:36.77 (105501487)|HEAP_ALLOCATE|[11]|Bytes:4
07:50:36.77 (105506845)|VARIABLE_ASSIGNMENT|[11]|x|0
07:50:36.77 (105511870)|HEAP_ALLOCATE|[12]|Bytes:8
07:50:36.77 (105516558)|HEAP_ALLOCATE|[12]|Bytes:8
07:50:36.77 (105520017)|STATEMENT_EXECUTE|[12]
07:50:36.77 (105521808)|HEAP_ALLOCATE|[10]|Bytes:4
07:50:36.77 (105526909)|VARIABLE_ASSIGNMENT|[10]|j|12
07:50:36.77 (105536798)|STATEMENT_EXECUTE|[10]
07:50:36.77 (105538553)|STATEMENT_EXECUTE|[11]
07:50:36.77 (105540776)|VARIABLE_SCOPE_BEGIN|[11]|x|Integer|false|false
07:50:36.77 (105547310)|HEAP_ALLOCATE|[11]|Bytes:4
07:50:36.77 (105552048)|VARIABLE_ASSIGNMENT|[11]|x|0
07:50:36.77 (105556903)|HEAP_ALLOCATE|[12]|Bytes:8
07:50:36.77 (105561240)|HEAP_ALLOCATE|[12]|Bytes:8
07:50:36.77 (105564682)|STATEMENT_EXECUTE|[12]
07:50:36.77 (105566514)|HEAP_ALLOCATE|[10]|Bytes:4
07:50:36.77 (105571411)|VARIABLE_ASSIGNMENT|[10]|j|13
07:50:36.77 (105581278)|STATEMENT_EXECUTE|[10]
07:50:36.77 (105583025)|STATEMENT_EXECUTE|[11]
07:50:36.77 (105585348)|VARIABLE_SCOPE_BEGIN|[11]|x|Integer|false|false
07:50:36.77 (105591833)|HEAP_ALLOCATE|[11]|Bytes:4
07:50:36.77 (105596551)|VARIABLE_ASSIGNMENT|[11]|x|0
07:50:36.77 (105601943)|HEAP_ALLOCATE|[12]|Bytes:8
07:50:36.77 (105606327)|HEAP_ALLOCATE|[12]|Bytes:8
07:50:36.77 (105609712)|STATEMENT_EXECUTE|[12]
07:50:36.77 (105611551)|HEAP_ALLOCATE|[10]|Bytes:4
07:50:36.77 (105616197)|VARIABLE_ASSIGNMENT|[10]|j|14
07:50:36.77 (105625848)|STATEMENT_EXECUTE|[10]
07:50:36.77 (105627604)|STATEMENT_EXECUTE|[11]
07:50:36.77 (105629793)|VARIABLE_SCOPE_BEGIN|[11]|x|Integer|false|false
07:50:36.77 (105635753)|HEAP_ALLOCATE|[11]|Bytes:4
07:50:36.77 (105640457)|VARIABLE_ASSIGNMENT|[11]|x|0
07:50:36.77 (105645153)|HEAP_ALLOCATE|[12]|Bytes:8
07:50:36.77 (105649699)|HEAP_ALLOCATE|[12]|Bytes:8
07:50:36.77 (105653133)|STATEMENT_EXECUTE|[12]
07:50:36.77 (105654927)|HEAP_ALLOCATE|[10]|Bytes:4
07:50:36.77 (105659774)|VARIABLE_ASSIGNMENT|[10]|j|15
07:50:36.77 (105669642)|STATEMENT_EXECUTE|[10]
07:50:36.77 (105671364)|STATEMENT_EXECUTE|[11]
07:50:36.77 (105673604)|VARIABLE_SCOPE_BEGIN|[11]|x|Integer|false|false
07:50:36.77 (105679945)|HEAP_ALLOCATE|[11]|Bytes:4
07:50:36.77 (105685634)|VARIABLE_ASSIGNMENT|[11]|x|0
07:50:36.77 (105692478)|HEAP_ALLOCATE|[12]|Bytes:8
07:50:36.77 (105697267)|HEAP_ALLOCATE|[12]|Bytes:8
07:50:36.77 (105700731)|STATEMENT_EXECUTE|[12]
07:50:36.77 (105702553)|HEAP_ALLOCATE|[10]|Bytes:4
07:50:36.77 (105707281)|VARIABLE_ASSIGNMENT|[10]|j|16
07:50:36.77 (105717732)|HEAP_ALLOCATE|[9]|Bytes:4
07:50:36.77 (105723105)|VARIABLE_ASSIGNMENT|[9]|i|6
07:50:36.77 (105732653)|STATEMENT_EXECUTE|[9]
07:50:36.77 (105734846)|STATEMENT_EXECUTE|[10]
07:50:36.77 (105737490)|VARIABLE_SCOPE_BEGIN|[10]|j|Integer|false|false
07:50:36.77 (105743346)|HEAP_ALLOCATE|[10]|Bytes:4
07:50:36.77 (105753488)|VARIABLE_ASSIGNMENT|[10]|j|7
07:50:36.77 (105763544)|STATEMENT_EXECUTE|[10]
07:50:36.77 (105765303)|STATEMENT_EXECUTE|[11]
07:50:36.77 (105767525)|VARIABLE_SCOPE_BEGIN|[11]|x|Integer|false|false
07:50:36.77 (105773881)|HEAP_ALLOCATE|[11]|Bytes:4
07:50:36.77 (105778758)|VARIABLE_ASSIGNMENT|[11]|x|0
07:50:36.77 (105783930)|HEAP_ALLOCATE|[12]|Bytes:8
07:50:36.77 (105788548)|HEAP_ALLOCATE|[12]|Bytes:8
07:50:36.77 (105792337)|STATEMENT_EXECUTE|[12]
07:50:36.77 (105794406)|HEAP_ALLOCATE|[10]|Bytes:4
07:50:36.77 (105799196)|VARIABLE_ASSIGNMENT|[10]|j|8
07:50:36.77 (105809154)|STATEMENT_EXECUTE|[10]
07:50:36.77 (105810905)|STATEMENT_EXECUTE|[11]
07:50:36.77 (105813164)|VARIABLE_SCOPE_BEGIN|[11]|x|Integer|false|false
07:50:36.77 (105818936)|HEAP_ALLOCATE|[11]|Bytes:4
07:50:36.77 (105823864)|VARIABLE_ASSIGNMENT|[11]|x|0
07:50:36.77 (105828484)|HEAP_ALLOCATE|[12]|Bytes:8
07:50:36.77 (105832922)|HEAP_ALLOCATE|[12]|Bytes:8
07:50:36.77 (105836432)|STATEMENT_EXECUTE|[12]
07:50:36.77 (105838041)|STATEMENT_EXECUTE|[13]
07:50:36.77 (105840701)|HEAP_ALLOCATE|[13]|Bytes:8
07:50:36.77 (105846041)|VARIABLE_ASSIGNMENT|[13]|x|1
07:50:36.77 (105849686)|STATEMENT_EXECUTE|[14]
07:50:36.77 (105852307)|HEAP_ALLOCATE|[14]|Bytes:8
07:50:36.77 (105860295)|STATEMENT_EXECUTE|[15]
07:50:36.77 (105864696)|HEAP_ALLOCATE|[10]|Bytes:4
07:50:36.77 (105870047)|VARIABLE_ASSIGNMENT|[10]|j|9
07:50:36.77 (105880583)|STATEMENT_EXECUTE|[10]
07:50:36.77 (105882559)|STATEMENT_EXECUTE|[11]
07:50:36.77 (105885189)|VARIABLE_SCOPE_BEGIN|[11]|x|Integer|false|false
07:50:36.77 (105891517)|HEAP_ALLOCATE|[11]|Bytes:4
07:50:36.77 (105896216)|VARIABLE_ASSIGNMENT|[11]|x|0
07:50:36.77 (105901227)|HEAP_ALLOCATE|[12]|Bytes:8
07:50:36.77 (105905683)|HEAP_ALLOCATE|[12]|Bytes:8
07:50:36.77 (105909202)|STATEMENT_EXECUTE|[12]
07:50:36.77 (105911016)|HEAP_ALLOCATE|[10]|Bytes:4
07:50:36.77 (105915723)|VARIABLE_ASSIGNMENT|[10]|j|10
07:50:36.77 (105925427)|STATEMENT_EXECUTE|[10]
07:50:36.77 (105927156)|STATEMENT_EXECUTE|[11]
07:50:36.77 (105929392)|VARIABLE_SCOPE_BEGIN|[11]|x|Integer|false|false
07:50:36.77 (105935311)|HEAP_ALLOCATE|[11]|Bytes:4
07:50:36.77 (105940331)|VARIABLE_ASSIGNMENT|[11]|x|0
07:50:36.77 (105948363)|HEAP_ALLOCATE|[12]|Bytes:8
07:50:36.77 (105953421)|HEAP_ALLOCATE|[12]|Bytes:8
07:50:36.77 (105956884)|STATEMENT_EXECUTE|[12]
07:50:36.77 (105958547)|STATEMENT_EXECUTE|[13]
07:50:36.77 (105961134)|HEAP_ALLOCATE|[13]|Bytes:8
07:50:36.77 (105966907)|VARIABLE_ASSIGNMENT|[13]|x|2
07:50:36.77 (105971169)|STATEMENT_EXECUTE|[14]
07:50:36.77 (105973811)|HEAP_ALLOCATE|[14]|Bytes:8
07:50:36.77 (105981117)|STATEMENT_EXECUTE|[15]
07:50:36.77 (105985443)|HEAP_ALLOCATE|[10]|Bytes:4
07:50:36.77 (105990662)|VARIABLE_ASSIGNMENT|[10]|j|11
07:50:36.77 (106001665)|STATEMENT_EXECUTE|[10]
07:50:36.77 (106003985)|STATEMENT_EXECUTE|[11]
07:50:36.77 (106006366)|VARIABLE_SCOPE_BEGIN|[11]|x|Integer|false|false
07:50:36.77 (106012699)|HEAP_ALLOCATE|[11]|Bytes:4
07:50:36.77 (106017352)|VARIABLE_ASSIGNMENT|[11]|x|0
07:50:36.77 (106022410)|HEAP_ALLOCATE|[12]|Bytes:8
07:50:36.77 (106027340)|HEAP_ALLOCATE|[12]|Bytes:8
07:50:36.77 (106030895)|STATEMENT_EXECUTE|[12]
07:50:36.77 (106032678)|HEAP_ALLOCATE|[10]|Bytes:4
07:50:36.77 (106037381)|VARIABLE_ASSIGNMENT|[10]|j|12
07:50:36.77 (106047017)|STATEMENT_EXECUTE|[10]
07:50:36.77 (106048763)|STATEMENT_EXECUTE|[11]
07:50:36.77 (106050994)|VARIABLE_SCOPE_BEGIN|[11]|x|Integer|false|false
07:50:36.77 (106056805)|HEAP_ALLOCATE|[11]|Bytes:4
07:50:36.77 (106061668)|VARIABLE_ASSIGNMENT|[11]|x|0
07:50:36.77 (106067039)|HEAP_ALLOCATE|[12]|Bytes:8
07:50:36.77 (106071367)|HEAP_ALLOCATE|[12]|Bytes:8
07:50:36.77 (106074842)|STATEMENT_EXECUTE|[12]
07:50:36.77 (106076794)|HEAP_ALLOCATE|[10]|Bytes:4
07:50:36.77 (106081467)|VARIABLE_ASSIGNMENT|[10]|j|13
07:50:36.77 (106091250)|STATEMENT_EXECUTE|[10]
07:50:36.77 (106093000)|STATEMENT_EXECUTE|[11]
07:50:36.77 (106095224)|VARIABLE_SCOPE_BEGIN|[11]|x|Integer|false|false
07:50:36.77 (106101119)|HEAP_ALLOCATE|[11]|Bytes:4
07:50:36.77 (106106286)|VARIABLE_ASSIGNMENT|[11]|x|0
07:50:36.77 (106111301)|HEAP_ALLOCATE|[12]|Bytes:8
07:50:36.77 (106116135)|HEAP_ALLOCATE|[12]|Bytes:8
07:50:36.77 (106119540)|STATEMENT_EXECUTE|[12]
07:50:36.77 (106121361)|HEAP_ALLOCATE|[10]|Bytes:4
07:50:36.77 (106125991)|VARIABLE_ASSIGNMENT|[10]|j|14
07:50:36.77 (106136154)|STATEMENT_EXECUTE|[10]
07:50:36.77 (106137925)|STATEMENT_EXECUTE|[11]
07:50:36.77 (106140129)|VARIABLE_SCOPE_BEGIN|[11]|x|Integer|false|false
07:50:36.77 (106146217)|HEAP_ALLOCATE|[11]|Bytes:4
07:50:36.77 (106151613)|VARIABLE_ASSIGNMENT|[11]|x|0
07:50:36.77 (106156489)|HEAP_ALLOCATE|[12]|Bytes:8
07:50:36.77 (106160814)|HEAP_ALLOCATE|[12]|Bytes:8
07:50:36.77 (106164308)|STATEMENT_EXECUTE|[12]
07:50:36.77 (106166210)|HEAP_ALLOCATE|[10]|Bytes:4
07:50:36.77 (106170864)|VARIABLE_ASSIGNMENT|[10]|j|15
07:50:36.77 (106180354)|STATEMENT_EXECUTE|[10]
07:50:36.77 (106182079)|STATEMENT_EXECUTE|[11]
07:50:36.77 (106184311)|VARIABLE_SCOPE_BEGIN|[11]|x|Integer|false|false
07:50:36.77 (106189873)|HEAP_ALLOCATE|[11]|Bytes:4
07:50:36.77 (106195045)|VARIABLE_ASSIGNMENT|[11]|x|0
07:50:36.77 (106199934)|HEAP_ALLOCATE|[12]|Bytes:8
07:50:36.77 (106204443)|HEAP_ALLOCATE|[12]|Bytes:8
07:50:36.77 (106207989)|STATEMENT_EXECUTE|[12]
07:50:36.77 (106209755)|HEAP_ALLOCATE|[10]|Bytes:4
07:50:36.77 (106214411)|VARIABLE_ASSIGNMENT|[10]|j|16
07:50:36.77 (106224360)|HEAP_ALLOCATE|[9]|Bytes:4
07:50:36.77 (106229760)|VARIABLE_ASSIGNMENT|[9]|i|7
07:50:36.77 (106239276)|STATEMENT_EXECUTE|[9]
07:50:36.77 (106241536)|STATEMENT_EXECUTE|[10]
07:50:36.77 (106244590)|VARIABLE_SCOPE_BEGIN|[10]|j|Integer|false|false
07:50:36.77 (106250891)|HEAP_ALLOCATE|[10]|Bytes:4
07:50:36.77 (106255643)|VARIABLE_ASSIGNMENT|[10]|j|8
07:50:36.77 (106265111)|STATEMENT_EXECUTE|[10]
07:50:36.77 (106266896)|STATEMENT_EXECUTE|[11]
07:50:36.77 (106269119)|VARIABLE_SCOPE_BEGIN|[11]|x|Integer|false|false
07:50:36.77 (106274833)|HEAP_ALLOCATE|[11]|Bytes:4
07:50:36.77 (106279719)|VARIABLE_ASSIGNMENT|[11]|x|0
07:50:36.77 (106284314)|HEAP_ALLOCATE|[12]|Bytes:8
07:50:36.77 (106288606)|HEAP_ALLOCATE|[12]|Bytes:8
07:50:36.77 (106292032)|STATEMENT_EXECUTE|[12]
07:50:36.77 (106293675)|STATEMENT_EXECUTE|[13]
07:50:36.77 (106296171)|HEAP_ALLOCATE|[13]|Bytes:8
07:50:36.77 (106301627)|VARIABLE_ASSIGNMENT|[13]|x|0
07:50:36.77 (106305366)|STATEMENT_EXECUTE|[14]
07:50:36.77 (106307971)|HEAP_ALLOCATE|[14]|Bytes:8
07:50:36.77 (106315319)|STATEMENT_EXECUTE|[15]
07:50:36.77 (106319570)|HEAP_ALLOCATE|[10]|Bytes:4
07:50:36.77 (106324857)|VARIABLE_ASSIGNMENT|[10]|j|9
07:50:36.77 (106387474)|STATEMENT_EXECUTE|[10]
07:50:36.77 (106390532)|STATEMENT_EXECUTE|[11]
07:50:36.77 (106393903)|VARIABLE_SCOPE_BEGIN|[11]|x|Integer|false|false
07:50:36.77 (106401779)|HEAP_ALLOCATE|[11]|Bytes:4
07:50:36.77 (106407246)|VARIABLE_ASSIGNMENT|[11]|x|0
07:50:36.77 (106413867)|HEAP_ALLOCATE|[12]|Bytes:8
07:50:36.77 (106418583)|HEAP_ALLOCATE|[12]|Bytes:8
07:50:36.77 (106422043)|STATEMENT_EXECUTE|[12]
07:50:36.77 (106423690)|STATEMENT_EXECUTE|[13]
07:50:36.77 (106426177)|HEAP_ALLOCATE|[13]|Bytes:8
07:50:36.77 (106431416)|VARIABLE_ASSIGNMENT|[13]|x|1
07:50:36.77 (106435532)|STATEMENT_EXECUTE|[14]
07:50:36.77 (106438123)|HEAP_ALLOCATE|[14]|Bytes:8
07:50:36.77 (106446985)|STATEMENT_EXECUTE|[15]
07:50:36.77 (106451326)|HEAP_ALLOCATE|[10]|Bytes:4
07:50:36.77 (106456893)|VARIABLE_ASSIGNMENT|[10]|j|10
07:50:36.77 (106468263)|STATEMENT_EXECUTE|[10]
07:50:36.77 (106470052)|STATEMENT_EXECUTE|[11]
07:50:36.77 (106472643)|VARIABLE_SCOPE_BEGIN|[11]|x|Integer|false|false
07:50:36.77 (106482716)|HEAP_ALLOCATE|[11]|Bytes:4
07:50:36.77 (106491250)|VARIABLE_ASSIGNMENT|[11]|x|0
07:50:36.77 (106505822)|HEAP_ALLOCATE|[12]|Bytes:8
07:50:36.77 (106515128)|HEAP_ALLOCATE|[12]|Bytes:8
07:50:36.77 (106521559)|STATEMENT_EXECUTE|[12]
07:50:36.77 (106524441)|HEAP_ALLOCATE|[10]|Bytes:4
07:50:36.77 (106533394)|VARIABLE_ASSIGNMENT|[10]|j|11
07:50:36.77 (106554189)|STATEMENT_EXECUTE|[10]
07:50:36.77 (106556241)|STATEMENT_EXECUTE|[11]
07:50:36.77 (106559495)|VARIABLE_SCOPE_BEGIN|[11]|x|Integer|false|false
07:50:36.77 (106566857)|HEAP_ALLOCATE|[11]|Bytes:4
07:50:36.77 (106572918)|VARIABLE_ASSIGNMENT|[11]|x|0
07:50:36.77 (106578424)|HEAP_ALLOCATE|[12]|Bytes:8
07:50:36.77 (106583019)|HEAP_ALLOCATE|[12]|Bytes:8
07:50:36.77 (106587094)|STATEMENT_EXECUTE|[12]
07:50:36.77 (106589361)|STATEMENT_EXECUTE|[13]
07:50:36.77 (106593293)|HEAP_ALLOCATE|[13]|Bytes:8
07:50:36.77 (106602514)|VARIABLE_ASSIGNMENT|[13]|x|2
07:50:36.77 (106606626)|STATEMENT_EXECUTE|[14]
07:50:36.77 (106609639)|HEAP_ALLOCATE|[14]|Bytes:8
07:50:36.77 (106620206)|STATEMENT_EXECUTE|[15]
07:50:36.77 (106625189)|HEAP_ALLOCATE|[10]|Bytes:4
07:50:36.77 (106631156)|VARIABLE_ASSIGNMENT|[10]|j|12
07:50:36.77 (106643211)|STATEMENT_EXECUTE|[10]
07:50:36.77 (106645107)|STATEMENT_EXECUTE|[11]
07:50:36.77 (106647583)|VARIABLE_SCOPE_BEGIN|[11]|x|Integer|false|false
07:50:36.77 (106653725)|HEAP_ALLOCATE|[11]|Bytes:4
07:50:36.77 (106658621)|VARIABLE_ASSIGNMENT|[11]|x|0
07:50:36.77 (106663643)|HEAP_ALLOCATE|[12]|Bytes:8
07:50:36.77 (106668574)|HEAP_ALLOCATE|[12]|Bytes:8
07:50:36.77 (106672219)|STATEMENT_EXECUTE|[12]
07:50:36.77 (106674147)|HEAP_ALLOCATE|[10]|Bytes:4
07:50:36.77 (106679011)|VARIABLE_ASSIGNMENT|[10]|j|13
07:50:36.77 (106691745)|STATEMENT_EXECUTE|[10]
07:50:36.77 (106693636)|STATEMENT_EXECUTE|[11]
07:50:36.77 (106695939)|VARIABLE_SCOPE_BEGIN|[11]|x|Integer|false|false
07:50:36.77 (106702034)|HEAP_ALLOCATE|[11]|Bytes:4
07:50:36.77 (106707285)|VARIABLE_ASSIGNMENT|[11]|x|0
07:50:36.77 (106712191)|HEAP_ALLOCATE|[12]|Bytes:8
07:50:36.77 (106717349)|HEAP_ALLOCATE|[12]|Bytes:8
07:50:36.77 (106721116)|STATEMENT_EXECUTE|[12]
07:50:36.77 (106723235)|HEAP_ALLOCATE|[10]|Bytes:4
07:50:36.77 (106728244)|VARIABLE_ASSIGNMENT|[10]|j|14
07:50:36.77 (106738054)|STATEMENT_EXECUTE|[10]
07:50:36.77 (106739750)|STATEMENT_EXECUTE|[11]
07:50:36.77 (106742020)|VARIABLE_SCOPE_BEGIN|[11]|x|Integer|false|false
07:50:36.77 (106753245)|HEAP_ALLOCATE|[11]|Bytes:4
07:50:36.77 (106758132)|VARIABLE_ASSIGNMENT|[11]|x|0
07:50:36.77 (106763589)|HEAP_ALLOCATE|[12]|Bytes:8
07:50:36.77 (106768063)|HEAP_ALLOCATE|[12]|Bytes:8
07:50:36.77 (106771608)|STATEMENT_EXECUTE|[12]
07:50:36.77 (106773488)|HEAP_ALLOCATE|[10]|Bytes:4
07:50:36.77 (106778260)|VARIABLE_ASSIGNMENT|[10]|j|15
07:50:36.77 (106788534)|STATEMENT_EXECUTE|[10]
07:50:36.77 (106790280)|STATEMENT_EXECUTE|[11]
07:50:36.77 (106792534)|VARIABLE_SCOPE_BEGIN|[11]|x|Integer|false|false
07:50:36.77 (106798502)|HEAP_ALLOCATE|[11]|Bytes:4
07:50:36.77 (106803617)|VARIABLE_ASSIGNMENT|[11]|x|0
07:50:36.77 (106808776)|HEAP_ALLOCATE|[12]|Bytes:8
07:50:36.77 (106814444)|HEAP_ALLOCATE|[12]|Bytes:8
07:50:36.77 (106819401)|STATEMENT_EXECUTE|[12]
07:50:36.77 (106821228)|HEAP_ALLOCATE|[10]|Bytes:4
07:50:36.77 (106826642)|VARIABLE_ASSIGNMENT|[10]|j|16
07:50:36.77 (106837351)|HEAP_ALLOCATE|[9]|Bytes:4
07:50:36.77 (106842374)|VARIABLE_ASSIGNMENT|[9]|i|8
07:50:36.77 (106852164)|STATEMENT_EXECUTE|[9]
07:50:36.77 (106854732)|STATEMENT_EXECUTE|[10]
07:50:36.77 (106857427)|VARIABLE_SCOPE_BEGIN|[10]|j|Integer|false|false
07:50:36.77 (106863940)|HEAP_ALLOCATE|[10]|Bytes:4
07:50:36.77 (106868858)|VARIABLE_ASSIGNMENT|[10]|j|9
07:50:36.77 (106878138)|STATEMENT_EXECUTE|[10]
07:50:36.77 (106879921)|STATEMENT_EXECUTE|[11]
07:50:36.77 (106882069)|VARIABLE_SCOPE_BEGIN|[11]|x|Integer|false|false
07:50:36.77 (106887442)|HEAP_ALLOCATE|[11]|Bytes:4
07:50:36.77 (106892134)|VARIABLE_ASSIGNMENT|[11]|x|0
07:50:36.77 (106896816)|HEAP_ALLOCATE|[12]|Bytes:8
07:50:36.77 (106901159)|HEAP_ALLOCATE|[12]|Bytes:8
07:50:36.77 (106904514)|STATEMENT_EXECUTE|[12]
07:50:36.77 (106906149)|STATEMENT_EXECUTE|[13]
07:50:36.77 (106908625)|HEAP_ALLOCATE|[13]|Bytes:8
07:50:36.77 (106914446)|VARIABLE_ASSIGNMENT|[13]|x|0
07:50:36.77 (106918542)|STATEMENT_EXECUTE|[14]
07:50:36.77 (106921065)|HEAP_ALLOCATE|[14]|Bytes:8
07:50:36.77 (106929181)|STATEMENT_EXECUTE|[15]
07:50:36.77 (106933364)|HEAP_ALLOCATE|[10]|Bytes:4
07:50:36.77 (106938972)|VARIABLE_ASSIGNMENT|[10]|j|10
07:50:36.77 (106949675)|STATEMENT_EXECUTE|[10]
07:50:36.77 (106951459)|STATEMENT_EXECUTE|[11]
07:50:36.77 (106953724)|VARIABLE_SCOPE_BEGIN|[11]|x|Integer|false|false
07:50:36.77 (106960348)|HEAP_ALLOCATE|[11]|Bytes:4
07:50:36.77 (106965042)|VARIABLE_ASSIGNMENT|[11]|x|0
07:50:36.77 (106970187)|HEAP_ALLOCATE|[12]|Bytes:8
07:50:36.77 (106974588)|HEAP_ALLOCATE|[12]|Bytes:8
07:50:36.77 (106978135)|STATEMENT_EXECUTE|[12]
07:50:36.77 (106979868)|STATEMENT_EXECUTE|[13]
07:50:36.77 (106982285)|HEAP_ALLOCATE|[13]|Bytes:8
07:50:36.77 (106987557)|VARIABLE_ASSIGNMENT|[13]|x|1
07:50:36.77 (106991583)|STATEMENT_EXECUTE|[14]
07:50:36.77 (106994204)|HEAP_ALLOCATE|[14]|Bytes:8
07:50:36.77 (107001251)|STATEMENT_EXECUTE|[15]
07:50:36.77 (107006353)|HEAP_ALLOCATE|[10]|Bytes:4
07:50:36.77 (107011457)|VARIABLE_ASSIGNMENT|[10]|j|11
07:50:36.77 (107021486)|STATEMENT_EXECUTE|[10]
07:50:36.77 (107023303)|STATEMENT_EXECUTE|[11]
07:50:36.77 (107025609)|VARIABLE_SCOPE_BEGIN|[11]|x|Integer|false|false
07:50:36.77 (107031402)|HEAP_ALLOCATE|[11]|Bytes:4
07:50:36.77 (107036575)|VARIABLE_ASSIGNMENT|[11]|x|0
07:50:36.77 (107041289)|HEAP_ALLOCATE|[12]|Bytes:8
07:50:36.77 (107046111)|HEAP_ALLOCATE|[12]|Bytes:8
07:50:36.77 (107049802)|STATEMENT_EXECUTE|[12]
07:50:36.77 (107051619)|HEAP_ALLOCATE|[10]|Bytes:4
07:50:36.77 (107056335)|VARIABLE_ASSIGNMENT|[10]|j|12
07:50:36.77 (107066488)|STATEMENT_EXECUTE|[10]
07:50:36.77 (107068249)|STATEMENT_EXECUTE|[11]
07:50:36.77 (107070502)|VARIABLE_SCOPE_BEGIN|[11]|x|Integer|false|false
07:50:36.77 (107076248)|HEAP_ALLOCATE|[11]|Bytes:4
07:50:36.77 (107081047)|VARIABLE_ASSIGNMENT|[11]|x|0
07:50:36.77 (107085958)|HEAP_ALLOCATE|[12]|Bytes:8
07:50:36.77 (107090143)|HEAP_ALLOCATE|[12]|Bytes:8
07:50:36.77 (107093650)|STATEMENT_EXECUTE|[12]
07:50:36.77 (107095546)|STATEMENT_EXECUTE|[13]
07:50:36.77 (107098072)|HEAP_ALLOCATE|[13]|Bytes:8
07:50:36.77 (107103379)|VARIABLE_ASSIGNMENT|[13]|x|2
07:50:36.77 (107107479)|STATEMENT_EXECUTE|[14]
07:50:36.77 (107110009)|HEAP_ALLOCATE|[14]|Bytes:8
07:50:36.77 (107116818)|STATEMENT_EXECUTE|[15]
07:50:36.77 (107120951)|HEAP_ALLOCATE|[10]|Bytes:4
07:50:36.77 (107126281)|VARIABLE_ASSIGNMENT|[10]|j|13
07:50:36.77 (107136393)|STATEMENT_EXECUTE|[10]
07:50:36.77 (107138104)|STATEMENT_EXECUTE|[11]
07:50:36.77 (107140496)|VARIABLE_SCOPE_BEGIN|[11]|x|Integer|false|false
07:50:36.77 (107146351)|HEAP_ALLOCATE|[11]|Bytes:4
07:50:36.77 (107151496)|VARIABLE_ASSIGNMENT|[11]|x|0
07:50:36.77 (107156615)|HEAP_ALLOCATE|[12]|Bytes:8
07:50:36.77 (107160900)|HEAP_ALLOCATE|[12]|Bytes:8
07:50:36.77 (107164407)|STATEMENT_EXECUTE|[12]
07:50:36.77 (107166206)|HEAP_ALLOCATE|[10]|Bytes:4
07:50:36.77 (107171149)|VARIABLE_ASSIGNMENT|[10]|j|14
07:50:36.77 (107180560)|STATEMENT_EXECUTE|[10]
07:50:36.77 (107182262)|STATEMENT_EXECUTE|[11]
07:50:36.77 (107184707)|VARIABLE_SCOPE_BEGIN|[11]|x|Integer|false|false
07:50:36.77 (107190856)|HEAP_ALLOCATE|[11]|Bytes:4
07:50:36.77 (107195444)|VARIABLE_ASSIGNMENT|[11]|x|0
07:50:36.77 (107200124)|HEAP_ALLOCATE|[12]|Bytes:8
07:50:36.77 (107204401)|HEAP_ALLOCATE|[12]|Bytes:8
07:50:36.77 (107208380)|STATEMENT_EXECUTE|[12]
07:50:36.77 (107210163)|HEAP_ALLOCATE|[10]|Bytes:4
07:50:36.77 (107215209)|VARIABLE_ASSIGNMENT|[10]|j|15
07:50:36.77 (107225206)|STATEMENT_EXECUTE|[10]
07:50:36.77 (107226914)|STATEMENT_EXECUTE|[11]
07:50:36.77 (107229163)|VARIABLE_SCOPE_BEGIN|[11]|x|Integer|false|false
07:50:36.77 (107234953)|HEAP_ALLOCATE|[11]|Bytes:4
07:50:36.77 (107239555)|VARIABLE_ASSIGNMENT|[11]|x|0
07:50:36.77 (107244474)|HEAP_ALLOCATE|[12]|Bytes:8
07:50:36.77 (107248609)|HEAP_ALLOCATE|[12]|Bytes:8
07:50:36.77 (107252091)|STATEMENT_EXECUTE|[12]
07:50:36.77 (107254429)|HEAP_ALLOCATE|[10]|Bytes:4
07:50:36.77 (107260865)|VARIABLE_ASSIGNMENT|[10]|j|16
07:50:36.77 (107271356)|HEAP_ALLOCATE|[9]|Bytes:4
07:50:36.77 (107277002)|VARIABLE_ASSIGNMENT|[9]|i|9
07:50:36.77 (107286330)|STATEMENT_EXECUTE|[9]
07:50:36.77 (107288426)|STATEMENT_EXECUTE|[10]
07:50:36.77 (107291097)|VARIABLE_SCOPE_BEGIN|[10]|j|Integer|false|false
07:50:36.77 (107296961)|HEAP_ALLOCATE|[10]|Bytes:4
07:50:36.77 (107301873)|VARIABLE_ASSIGNMENT|[10]|j|10
07:50:36.77 (107311442)|STATEMENT_EXECUTE|[10]
07:50:36.77 (107313156)|STATEMENT_EXECUTE|[11]
07:50:36.77 (107315322)|VARIABLE_SCOPE_BEGIN|[11]|x|Integer|false|false
07:50:36.77 (107324701)|HEAP_ALLOCATE|[11]|Bytes:4
07:50:36.77 (107330106)|VARIABLE_ASSIGNMENT|[11]|x|0
07:50:36.77 (107335583)|HEAP_ALLOCATE|[12]|Bytes:8
07:50:36.77 (107340125)|HEAP_ALLOCATE|[12]|Bytes:8
07:50:36.77 (107343883)|STATEMENT_EXECUTE|[12]
07:50:36.77 (107345534)|STATEMENT_EXECUTE|[13]
07:50:36.77 (107348033)|HEAP_ALLOCATE|[13]|Bytes:8
07:50:36.77 (107353452)|VARIABLE_ASSIGNMENT|[13]|x|0
07:50:36.77 (107357255)|STATEMENT_EXECUTE|[14]
07:50:36.77 (107359786)|HEAP_ALLOCATE|[14]|Bytes:8
07:50:36.77 (107367219)|STATEMENT_EXECUTE|[15]
07:50:36.77 (107372461)|HEAP_ALLOCATE|[10]|Bytes:4
07:50:36.77 (107377740)|VARIABLE_ASSIGNMENT|[10]|j|11
07:50:36.77 (107388375)|STATEMENT_EXECUTE|[10]
07:50:36.77 (107390156)|STATEMENT_EXECUTE|[11]
07:50:36.77 (107392472)|VARIABLE_SCOPE_BEGIN|[11]|x|Integer|false|false
07:50:36.77 (107398658)|HEAP_ALLOCATE|[11]|Bytes:4
07:50:36.77 (107403371)|VARIABLE_ASSIGNMENT|[11]|x|0
07:50:36.77 (107408194)|HEAP_ALLOCATE|[12]|Bytes:8
07:50:36.77 (107412516)|HEAP_ALLOCATE|[12]|Bytes:8
07:50:36.77 (107416080)|STATEMENT_EXECUTE|[12]
07:50:36.77 (107417720)|STATEMENT_EXECUTE|[13]
07:50:36.77 (107420204)|HEAP_ALLOCATE|[13]|Bytes:8
07:50:36.77 (107425296)|VARIABLE_ASSIGNMENT|[13]|x|1
07:50:36.77 (107428937)|STATEMENT_EXECUTE|[14]
07:50:36.77 (107431530)|HEAP_ALLOCATE|[14]|Bytes:8
07:50:36.77 (107438145)|STATEMENT_EXECUTE|[15]
07:50:36.77 (107442212)|HEAP_ALLOCATE|[10]|Bytes:4
07:50:36.77 (107447370)|VARIABLE_ASSIGNMENT|[10]|j|12
07:50:36.77 (107457467)|STATEMENT_EXECUTE|[10]
07:50:36.77 (107459208)|STATEMENT_EXECUTE|[11]
07:50:36.77 (107461956)|VARIABLE_SCOPE_BEGIN|[11]|x|Integer|false|false
07:50:36.77 (107467862)|HEAP_ALLOCATE|[11]|Bytes:4
07:50:36.77 (107472508)|VARIABLE_ASSIGNMENT|[11]|x|0
07:50:36.77 (107477594)|HEAP_ALLOCATE|[12]|Bytes:8
07:50:36.77 (107481753)|HEAP_ALLOCATE|[12]|Bytes:8
07:50:36.77 (107485403)|STATEMENT_EXECUTE|[12]
07:50:36.77 (107487314)|HEAP_ALLOCATE|[10]|Bytes:4
07:50:36.77 (107491887)|VARIABLE_ASSIGNMENT|[10]|j|13
07:50:36.77 (107501394)|STATEMENT_EXECUTE|[10]
07:50:36.77 (107503157)|STATEMENT_EXECUTE|[11]
07:50:36.77 (107505328)|VARIABLE_SCOPE_BEGIN|[11]|x|Integer|false|false
07:50:36.77 (107511044)|HEAP_ALLOCATE|[11]|Bytes:4
07:50:36.77 (107516070)|VARIABLE_ASSIGNMENT|[11]|x|0
07:50:36.77 (107520768)|HEAP_ALLOCATE|[12]|Bytes:8
07:50:36.77 (107525219)|HEAP_ALLOCATE|[12]|Bytes:8
07:50:36.77 (107529018)|STATEMENT_EXECUTE|[12]
07:50:36.77 (107530793)|HEAP_ALLOCATE|[10]|Bytes:4
07:50:36.77 (107535882)|VARIABLE_ASSIGNMENT|[10]|j|14
07:50:36.77 (107547677)|STATEMENT_EXECUTE|[10]
07:50:36.77 (107549676)|STATEMENT_EXECUTE|[11]
07:50:36.77 (107552312)|VARIABLE_SCOPE_BEGIN|[11]|x|Integer|false|false
07:50:36.77 (107558700)|HEAP_ALLOCATE|[11]|Bytes:4
07:50:36.77 (107563470)|VARIABLE_ASSIGNMENT|[11]|x|0
07:50:36.77 (107568637)|HEAP_ALLOCATE|[12]|Bytes:8
07:50:36.77 (107572926)|HEAP_ALLOCATE|[12]|Bytes:8
07:50:36.77 (107576389)|STATEMENT_EXECUTE|[12]
07:50:36.77 (107578175)|HEAP_ALLOCATE|[10]|Bytes:4
07:50:36.77 (107583052)|VARIABLE_ASSIGNMENT|[10]|j|15
07:50:36.77 (107592551)|STATEMENT_EXECUTE|[10]
07:50:36.77 (107594271)|STATEMENT_EXECUTE|[11]
07:50:36.77 (107596489)|VARIABLE_SCOPE_BEGIN|[11]|x|Integer|false|false
07:50:36.77 (107602268)|HEAP_ALLOCATE|[11]|Bytes:4
07:50:36.77 (107607344)|VARIABLE_ASSIGNMENT|[11]|x|0
07:50:36.77 (107612366)|HEAP_ALLOCATE|[12]|Bytes:8
07:50:36.77 (107616516)|HEAP_ALLOCATE|[12]|Bytes:8
07:50:36.77 (107620330)|STATEMENT_EXECUTE|[12]
07:50:36.77 (107621960)|STATEMENT_EXECUTE|[13]
07:50:36.77 (107624480)|HEAP_ALLOCATE|[13]|Bytes:8
07:50:36.77 (107629912)|VARIABLE_ASSIGNMENT|[13]|x|2
07:50:36.77 (107634064)|STATEMENT_EXECUTE|[14]
07:50:36.77 (107636859)|HEAP_ALLOCATE|[14]|Bytes:8
07:50:36.77 (107643701)|STATEMENT_EXECUTE|[15]
07:50:36.77 (107647885)|HEAP_ALLOCATE|[10]|Bytes:4
07:50:36.77 (107653148)|VARIABLE_ASSIGNMENT|[10]|j|16
07:50:36.77 (107663870)|HEAP_ALLOCATE|[9]|Bytes:4
07:50:36.77 (107669335)|VARIABLE_ASSIGNMENT|[9]|i|10
07:50:36.77 (107678728)|STATEMENT_EXECUTE|[9]
07:50:36.77 (107680828)|STATEMENT_EXECUTE|[10]
07:50:36.77 (107683832)|VARIABLE_SCOPE_BEGIN|[10]|j|Integer|false|false
07:50:36.77 (107690977)|HEAP_ALLOCATE|[10]|Bytes:4
07:50:36.77 (107695918)|VARIABLE_ASSIGNMENT|[10]|j|11
07:50:36.77 (107705491)|STATEMENT_EXECUTE|[10]
07:50:36.77 (107707263)|STATEMENT_EXECUTE|[11]
07:50:36.77 (107709764)|VARIABLE_SCOPE_BEGIN|[11]|x|Integer|false|false
07:50:36.77 (107715778)|HEAP_ALLOCATE|[11]|Bytes:4
07:50:36.77 (107721460)|VARIABLE_ASSIGNMENT|[11]|x|0
07:50:36.77 (107726832)|HEAP_ALLOCATE|[12]|Bytes:8
07:50:36.77 (107731701)|HEAP_ALLOCATE|[12]|Bytes:8
07:50:36.77 (107735538)|STATEMENT_EXECUTE|[12]
07:50:36.77 (107737364)|STATEMENT_EXECUTE|[13]
07:50:36.77 (107739816)|HEAP_ALLOCATE|[13]|Bytes:8
07:50:36.77 (107749027)|VARIABLE_ASSIGNMENT|[13]|x|0
07:50:36.77 (107753015)|STATEMENT_EXECUTE|[14]
07:50:36.77 (107755709)|HEAP_ALLOCATE|[14]|Bytes:8
07:50:36.77 (107762960)|STATEMENT_EXECUTE|[15]
07:50:36.77 (107767109)|HEAP_ALLOCATE|[10]|Bytes:4
07:50:36.77 (107772499)|VARIABLE_ASSIGNMENT|[10]|j|12
07:50:36.77 (107783369)|STATEMENT_EXECUTE|[10]
07:50:36.77 (107785145)|STATEMENT_EXECUTE|[11]
07:50:36.77 (107787416)|VARIABLE_SCOPE_BEGIN|[11]|x|Integer|false|false
07:50:36.77 (107793832)|HEAP_ALLOCATE|[11]|Bytes:4
07:50:36.77 (107798517)|VARIABLE_ASSIGNMENT|[11]|x|0
07:50:36.77 (107803485)|HEAP_ALLOCATE|[12]|Bytes:8
07:50:36.77 (107807897)|HEAP_ALLOCATE|[12]|Bytes:8
07:50:36.77 (107811520)|STATEMENT_EXECUTE|[12]
07:50:36.77 (107813301)|STATEMENT_EXECUTE|[13]
07:50:36.77 (107815796)|HEAP_ALLOCATE|[13]|Bytes:8
07:50:36.77 (107821007)|VARIABLE_ASSIGNMENT|[13]|x|1
07:50:36.77 (107824836)|STATEMENT_EXECUTE|[14]
07:50:36.77 (107827809)|HEAP_ALLOCATE|[14]|Bytes:8
07:50:36.77 (107834429)|STATEMENT_EXECUTE|[15]
07:50:36.77 (107838506)|HEAP_ALLOCATE|[10]|Bytes:4
07:50:36.77 (107843635)|VARIABLE_ASSIGNMENT|[10]|j|13
07:50:36.77 (107853760)|STATEMENT_EXECUTE|[10]
07:50:36.77 (107855662)|STATEMENT_EXECUTE|[11]
07:50:36.77 (107857994)|VARIABLE_SCOPE_BEGIN|[11]|x|Integer|false|false
07:50:36.77 (107863932)|HEAP_ALLOCATE|[11]|Bytes:4
07:50:36.77 (107868824)|VARIABLE_ASSIGNMENT|[11]|x|0
07:50:36.77 (107873496)|HEAP_ALLOCATE|[12]|Bytes:8
07:50:36.77 (107877911)|HEAP_ALLOCATE|[12]|Bytes:8
07:50:36.77 (107881453)|STATEMENT_EXECUTE|[12]
07:50:36.77 (107883393)|HEAP_ALLOCATE|[10]|Bytes:4
07:50:36.77 (107888212)|VARIABLE_ASSIGNMENT|[10]|j|14
07:50:36.77 (107897684)|STATEMENT_EXECUTE|[10]
07:50:36.77 (107899477)|STATEMENT_EXECUTE|[11]
07:50:36.77 (107901997)|VARIABLE_SCOPE_BEGIN|[11]|x|Integer|false|false
07:50:36.77 (107907769)|HEAP_ALLOCATE|[11]|Bytes:4
07:50:36.77 (107912792)|VARIABLE_ASSIGNMENT|[11]|x|0
07:50:36.77 (107917889)|HEAP_ALLOCATE|[12]|Bytes:8
07:50:36.77 (107922454)|HEAP_ALLOCATE|[12]|Bytes:8
07:50:36.77 (107926372)|STATEMENT_EXECUTE|[12]
07:50:36.77 (107928205)|HEAP_ALLOCATE|[10]|Bytes:4
07:50:36.77 (107933419)|VARIABLE_ASSIGNMENT|[10]|j|15
07:50:36.77 (107943145)|STATEMENT_EXECUTE|[10]
07:50:36.77 (107944853)|STATEMENT_EXECUTE|[11]
07:50:36.77 (107947281)|VARIABLE_SCOPE_BEGIN|[11]|x|Integer|false|false
07:50:36.77 (107953224)|HEAP_ALLOCATE|[11]|Bytes:4
07:50:36.77 (107957885)|VARIABLE_ASSIGNMENT|[11]|x|0
07:50:36.77 (107962775)|HEAP_ALLOCATE|[12]|Bytes:8
07:50:36.77 (107967110)|HEAP_ALLOCATE|[12]|Bytes:8
07:50:36.77 (107970602)|STATEMENT_EXECUTE|[12]
07:50:36.77 (107972407)|HEAP_ALLOCATE|[10]|Bytes:4
07:50:36.77 (107977212)|VARIABLE_ASSIGNMENT|[10]|j|16
07:50:36.77 (107987175)|HEAP_ALLOCATE|[9]|Bytes:4
07:50:36.77 (107992232)|VARIABLE_ASSIGNMENT|[9]|i|11
07:50:36.77 (108001551)|STATEMENT_EXECUTE|[9]
07:50:36.77 (108003962)|STATEMENT_EXECUTE|[10]
07:50:36.77 (108006670)|VARIABLE_SCOPE_BEGIN|[10]|j|Integer|false|false
07:50:36.77 (108013609)|HEAP_ALLOCATE|[10]|Bytes:4
07:50:36.77 (108018462)|VARIABLE_ASSIGNMENT|[10]|j|12
07:50:36.77 (108027947)|STATEMENT_EXECUTE|[10]
07:50:36.77 (108029726)|STATEMENT_EXECUTE|[11]
07:50:36.77 (108032012)|VARIABLE_SCOPE_BEGIN|[11]|x|Integer|false|false
07:50:36.77 (108037882)|HEAP_ALLOCATE|[11]|Bytes:4
07:50:36.77 (108043289)|VARIABLE_ASSIGNMENT|[11]|x|0
07:50:36.77 (108048536)|HEAP_ALLOCATE|[12]|Bytes:8
07:50:36.77 (108053095)|HEAP_ALLOCATE|[12]|Bytes:8
07:50:36.77 (108057037)|STATEMENT_EXECUTE|[12]
07:50:36.77 (108058709)|STATEMENT_EXECUTE|[13]
07:50:36.77 (108061191)|HEAP_ALLOCATE|[13]|Bytes:8
07:50:36.77 (108066951)|VARIABLE_ASSIGNMENT|[13]|x|0
07:50:36.77 (108070935)|STATEMENT_EXECUTE|[14]
07:50:36.77 (108073557)|HEAP_ALLOCATE|[14]|Bytes:8
07:50:36.77 (108080470)|STATEMENT_EXECUTE|[15]
07:50:36.77 (108084479)|HEAP_ALLOCATE|[10]|Bytes:4
07:50:36.77 (108089586)|VARIABLE_ASSIGNMENT|[10]|j|13
07:50:36.77 (108099567)|STATEMENT_EXECUTE|[10]
07:50:36.77 (108101416)|STATEMENT_EXECUTE|[11]
07:50:36.77 (108103863)|VARIABLE_SCOPE_BEGIN|[11]|x|Integer|false|false
07:50:36.77 (108110105)|HEAP_ALLOCATE|[11]|Bytes:4
07:50:36.77 (108114770)|VARIABLE_ASSIGNMENT|[11]|x|0
07:50:36.77 (108119712)|HEAP_ALLOCATE|[12]|Bytes:8
07:50:36.77 (108123992)|HEAP_ALLOCATE|[12]|Bytes:8
07:50:36.77 (108127601)|STATEMENT_EXECUTE|[12]
07:50:36.77 (108129398)|HEAP_ALLOCATE|[10]|Bytes:4
07:50:36.77 (108134347)|VARIABLE_ASSIGNMENT|[10]|j|14
07:50:36.77 (108144262)|STATEMENT_EXECUTE|[10]
07:50:36.77 (108145943)|STATEMENT_EXECUTE|[11]
07:50:36.77 (108148226)|VARIABLE_SCOPE_BEGIN|[11]|x|Integer|false|false
07:50:36.77 (108154875)|HEAP_ALLOCATE|[11]|Bytes:4
07:50:36.77 (108159495)|VARIABLE_ASSIGNMENT|[11]|x|0
07:50:36.77 (108164721)|HEAP_ALLOCATE|[12]|Bytes:8
07:50:36.77 (108169072)|HEAP_ALLOCATE|[12]|Bytes:8
07:50:36.77 (108172573)|STATEMENT_EXECUTE|[12]
07:50:36.77 (108174513)|HEAP_ALLOCATE|[10]|Bytes:4
07:50:36.77 (108179258)|VARIABLE_ASSIGNMENT|[10]|j|15
07:50:36.77 (108188874)|STATEMENT_EXECUTE|[10]
07:50:36.77 (108190889)|STATEMENT_EXECUTE|[11]
07:50:36.77 (108193107)|VARIABLE_SCOPE_BEGIN|[11]|x|Integer|false|false
07:50:36.77 (108198814)|HEAP_ALLOCATE|[11]|Bytes:4
07:50:36.77 (108203395)|VARIABLE_ASSIGNMENT|[11]|x|0
07:50:36.77 (108208061)|HEAP_ALLOCATE|[12]|Bytes:8
07:50:36.77 (108212304)|HEAP_ALLOCATE|[12]|Bytes:8
07:50:36.77 (108215830)|STATEMENT_EXECUTE|[12]
07:50:36.77 (108217473)|STATEMENT_EXECUTE|[13]
07:50:36.77 (108219898)|HEAP_ALLOCATE|[13]|Bytes:8
07:50:36.77 (108225295)|VARIABLE_ASSIGNMENT|[13]|x|1
07:50:36.77 (108229046)|STATEMENT_EXECUTE|[14]
07:50:36.77 (108231569)|HEAP_ALLOCATE|[14]|Bytes:8
07:50:36.77 (108237991)|STATEMENT_EXECUTE|[15]
07:50:36.77 (108242298)|HEAP_ALLOCATE|[10]|Bytes:4
07:50:36.77 (108249665)|VARIABLE_ASSIGNMENT|[10]|j|16
07:50:36.77 (108261092)|HEAP_ALLOCATE|[9]|Bytes:4
07:50:36.77 (108266258)|VARIABLE_ASSIGNMENT|[9]|i|12
07:50:36.77 (108275740)|STATEMENT_EXECUTE|[9]
07:50:36.77 (108277892)|STATEMENT_EXECUTE|[10]
07:50:36.77 (108280553)|VARIABLE_SCOPE_BEGIN|[10]|j|Integer|false|false
07:50:36.77 (108287086)|HEAP_ALLOCATE|[10]|Bytes:4
07:50:36.77 (108292636)|VARIABLE_ASSIGNMENT|[10]|j|13
07:50:36.77 (108303259)|STATEMENT_EXECUTE|[10]
07:50:36.77 (108305035)|STATEMENT_EXECUTE|[11]
07:50:36.77 (108307312)|VARIABLE_SCOPE_BEGIN|[11]|x|Integer|false|false
07:50:36.77 (108312973)|HEAP_ALLOCATE|[11]|Bytes:4
07:50:36.77 (108317657)|VARIABLE_ASSIGNMENT|[11]|x|0
07:50:36.77 (108322472)|HEAP_ALLOCATE|[12]|Bytes:8
07:50:36.77 (108327255)|HEAP_ALLOCATE|[12]|Bytes:8
07:50:36.77 (108330666)|STATEMENT_EXECUTE|[12]
07:50:36.77 (108332299)|STATEMENT_EXECUTE|[13]
07:50:36.77 (108334737)|HEAP_ALLOCATE|[13]|Bytes:8
07:50:36.77 (108340411)|VARIABLE_ASSIGNMENT|[13]|x|0
07:50:36.77 (108345055)|STATEMENT_EXECUTE|[14]
07:50:36.77 (108347881)|HEAP_ALLOCATE|[14]|Bytes:8
07:50:36.77 (108354903)|STATEMENT_EXECUTE|[15]
07:50:36.77 (108359184)|HEAP_ALLOCATE|[10]|Bytes:4
07:50:36.77 (108364655)|VARIABLE_ASSIGNMENT|[10]|j|14
07:50:36.77 (108375133)|STATEMENT_EXECUTE|[10]
07:50:36.77 (108376977)|STATEMENT_EXECUTE|[11]
07:50:36.77 (108379631)|VARIABLE_SCOPE_BEGIN|[11]|x|Integer|false|false
07:50:36.77 (108385890)|HEAP_ALLOCATE|[11]|Bytes:4
07:50:36.77 (108390645)|VARIABLE_ASSIGNMENT|[11]|x|0
07:50:36.77 (108396013)|HEAP_ALLOCATE|[12]|Bytes:8
07:50:36.77 (108400463)|HEAP_ALLOCATE|[12]|Bytes:8
07:50:36.77 (108403936)|STATEMENT_EXECUTE|[12]
07:50:36.77 (108405768)|HEAP_ALLOCATE|[10]|Bytes:4
07:50:36.77 (108410532)|VARIABLE_ASSIGNMENT|[10]|j|15
07:50:36.77 (108420030)|STATEMENT_EXECUTE|[10]
07:50:36.77 (108421776)|STATEMENT_EXECUTE|[11]
07:50:36.77 (108424073)|VARIABLE_SCOPE_BEGIN|[11]|x|Integer|false|false
07:50:36.77 (108429596)|HEAP_ALLOCATE|[11]|Bytes:4
07:50:36.77 (108434974)|VARIABLE_ASSIGNMENT|[11]|x|0
07:50:36.77 (108440201)|HEAP_ALLOCATE|[12]|Bytes:8
07:50:36.77 (108444613)|HEAP_ALLOCATE|[12]|Bytes:8
07:50:36.77 (108448102)|STATEMENT_EXECUTE|[12]
07:50:36.77 (108449904)|HEAP_ALLOCATE|[10]|Bytes:4
07:50:36.77 (108454618)|VARIABLE_ASSIGNMENT|[10]|j|16
07:50:36.77 (108464551)|HEAP_ALLOCATE|[9]|Bytes:4
07:50:36.77 (108469965)|VARIABLE_ASSIGNMENT|[9]|i|13
07:50:36.77 (108479395)|STATEMENT_EXECUTE|[9]
07:50:36.77 (108481413)|STATEMENT_EXECUTE|[10]
07:50:36.77 (108483972)|VARIABLE_SCOPE_BEGIN|[10]|j|Integer|false|false
07:50:36.77 (108490442)|HEAP_ALLOCATE|[10]|Bytes:4
07:50:36.77 (108495094)|VARIABLE_ASSIGNMENT|[10]|j|14
07:50:36.77 (108504362)|STATEMENT_EXECUTE|[10]
07:50:36.77 (108506100)|STATEMENT_EXECUTE|[11]
07:50:36.77 (108508259)|VARIABLE_SCOPE_BEGIN|[11]|x|Integer|false|false
07:50:36.77 (108513771)|HEAP_ALLOCATE|[11]|Bytes:4
07:50:36.77 (108518360)|VARIABLE_ASSIGNMENT|[11]|x|0
07:50:36.77 (108523128)|HEAP_ALLOCATE|[12]|Bytes:8
07:50:36.77 (108527430)|HEAP_ALLOCATE|[12]|Bytes:8
07:50:36.77 (108530958)|STATEMENT_EXECUTE|[12]
07:50:36.77 (108532796)|HEAP_ALLOCATE|[10]|Bytes:4
07:50:36.77 (108537438)|VARIABLE_ASSIGNMENT|[10]|j|15
07:50:36.77 (108546970)|STATEMENT_EXECUTE|[10]
07:50:36.77 (108548703)|STATEMENT_EXECUTE|[11]
07:50:36.77 (108550950)|VARIABLE_SCOPE_BEGIN|[11]|x|Integer|false|false
07:50:36.77 (108556959)|HEAP_ALLOCATE|[11]|Bytes:4
07:50:36.77 (108562232)|VARIABLE_ASSIGNMENT|[11]|x|0
07:50:36.77 (108567380)|HEAP_ALLOCATE|[12]|Bytes:8
07:50:36.77 (108571714)|HEAP_ALLOCATE|[12]|Bytes:8
07:50:36.77 (108575506)|STATEMENT_EXECUTE|[12]
07:50:36.77 (108579182)|STATEMENT_EXECUTE|[13]
07:50:36.77 (108581861)|HEAP_ALLOCATE|[13]|Bytes:8
07:50:36.77 (108587579)|VARIABLE_ASSIGNMENT|[13]|x|0
07:50:36.77 (108591833)|STATEMENT_EXECUTE|[14]
07:50:36.77 (108594408)|HEAP_ALLOCATE|[14]|Bytes:8
07:50:36.77 (108601527)|STATEMENT_EXECUTE|[15]
07:50:36.77 (108605740)|HEAP_ALLOCATE|[10]|Bytes:4
07:50:36.77 (108610976)|VARIABLE_ASSIGNMENT|[10]|j|16
07:50:36.77 (108621721)|HEAP_ALLOCATE|[9]|Bytes:4
07:50:36.77 (108627074)|VARIABLE_ASSIGNMENT|[9]|i|14
07:50:36.77 (108636685)|STATEMENT_EXECUTE|[9]
07:50:36.77 (108638789)|STATEMENT_EXECUTE|[10]
07:50:36.77 (108641332)|VARIABLE_SCOPE_BEGIN|[10]|j|Integer|false|false
07:50:36.77 (108647593)|HEAP_ALLOCATE|[10]|Bytes:4
07:50:36.77 (108652253)|VARIABLE_ASSIGNMENT|[10]|j|15
07:50:36.77 (108661803)|STATEMENT_EXECUTE|[10]
07:50:36.77 (108663844)|STATEMENT_EXECUTE|[11]
07:50:36.77 (108666179)|VARIABLE_SCOPE_BEGIN|[11]|x|Integer|false|false
07:50:36.77 (108672499)|HEAP_ALLOCATE|[11]|Bytes:4
07:50:36.77 (108677318)|VARIABLE_ASSIGNMENT|[11]|x|0
07:50:36.77 (108682950)|HEAP_ALLOCATE|[12]|Bytes:8
07:50:36.77 (108690031)|HEAP_ALLOCATE|[12]|Bytes:8
07:50:36.77 (108701472)|STATEMENT_EXECUTE|[12]
07:50:36.77 (108704650)|HEAP_ALLOCATE|[10]|Bytes:4
07:50:36.77 (108716222)|VARIABLE_ASSIGNMENT|[10]|j|16
07:50:36.77 (108735749)|HEAP_ALLOCATE|[9]|Bytes:4
07:50:36.77 (108742420)|VARIABLE_ASSIGNMENT|[9]|i|15
07:50:36.77 (108758960)|STATEMENT_EXECUTE|[9]
07:50:36.77 (108761331)|STATEMENT_EXECUTE|[10]
07:50:36.77 (108764343)|VARIABLE_SCOPE_BEGIN|[10]|j|Integer|false|false
07:50:36.77 (108771714)|HEAP_ALLOCATE|[10]|Bytes:4
07:50:36.77 (108776661)|VARIABLE_ASSIGNMENT|[10]|j|16
07:50:36.77 (108786906)|STATEMENT_EXECUTE|[10]
07:50:36.77 (108789090)|HEAP_ALLOCATE|[9]|Bytes:4
07:50:36.77 (108794484)|VARIABLE_ASSIGNMENT|[9]|i|16
07:50:36.77 (108804827)|STATEMENT_EXECUTE|[20]
07:50:36.77 (108867929)|USER_DEBUG|[20]|DEBUG|(9, 9, 7, 7, 5, 3, 3, 3, 3, 3, ...)
07:50:36.77 (108892997)|METHOD_EXIT|[3]|01p6F00000MPtB2|Array_Operations.Descending()
07:50:36.77 (108903286)|SYSTEM_MODE_EXIT|false
07:50:36.108 (108947033)|CUMULATIVE_LIMIT_USAGE
07:50:36.108 (108947033)|LIMIT_USAGE_FOR_NS|(default)|
  Number of SOQL queries: 0 out of 100
  Number of query rows: 0 out of 50000
  Number of SOSL queries: 0 out of 20
  Number of DML statements: 0 out of 150
  Number of DML rows: 0 out of 10000
  Maximum CPU time: 0 out of 10000
  Maximum heap size: 0 out of 6000000
  Number of callouts: 0 out of 100
  Number of Email Invocations: 0 out of 10
  Number of future calls: 0 out of 50
  Number of queueable jobs added to the queue: 0 out of 50
  Number of Mobile Apex push calls: 0 out of 10

07:50:36.108 (108947033)|CUMULATIVE_LIMIT_USAGE_END

07:50:36.77 (109008021)|CODE_UNIT_FINISHED|execute_anonymous_apex
07:50:36.77 (110262022)|EXECUTION_FINISHED
