44.0 APEX_CODE,FINEST;APEX_PROFILING,INFO;CALLOUT,INFO;DB,INFO;NBA,INFO;SYSTEM,DEBUG;VALIDATION,INFO;VISUALFORCE,INFO;WAVE,INFO;WORKFLOW,INFO
Execute Anonymous: Even_Odd objEven_Odd= new Even_Odd();
Execute Anonymous: objEven_Odd.checking(2147483644);
07:19:58.1 (1111535)|USER_INFO|[EXTERNAL]|0056F00000ATCAZ|ayman.shaikh@gmail.com|Pacific Standard Time|GMT-07:00
07:19:58.1 (1131321)|EXECUTION_STARTED
07:19:58.1 (1135990)|CODE_UNIT_STARTED|[EXTERNAL]|execute_anonymous_apex
07:19:58.1 (6478796)|VARIABLE_SCOPE_BEGIN|[1]|objEven_Odd|Even_Odd|true|false
07:19:58.1 (6607946)|HEAP_ALLOCATE|[72]|Bytes:3
07:19:58.1 (6650308)|HEAP_ALLOCATE|[77]|Bytes:152
07:19:58.1 (6664881)|HEAP_ALLOCATE|[342]|Bytes:408
07:19:58.1 (6677967)|HEAP_ALLOCATE|[355]|Bytes:408
07:19:58.1 (6689203)|HEAP_ALLOCATE|[467]|Bytes:48
07:19:58.1 (6713874)|HEAP_ALLOCATE|[139]|Bytes:6
07:19:58.1 (6731520)|HEAP_ALLOCATE|[EXTERNAL]|Bytes:3
07:19:58.1 (6761310)|STATEMENT_EXECUTE|[1]
07:19:58.1 (6763973)|STATEMENT_EXECUTE|[1]
07:19:58.1 (6767492)|HEAP_ALLOCATE|[1]|Bytes:1
07:19:58.1 (6772213)|HEAP_ALLOCATE|[1]|Bytes:4
07:19:58.1 (6796337)|METHOD_ENTRY|[5]|01p6F00000MPY1Z|Even_Odd.Even_Odd()
07:19:58.1 (6802606)|STATEMENT_EXECUTE|[5]
07:19:58.1 (6805647)|STATEMENT_EXECUTE|[5]
07:19:58.1 (6830537)|HEAP_ALLOCATE|[50]|Bytes:5
07:19:58.1 (6859527)|HEAP_ALLOCATE|[56]|Bytes:5
07:19:58.1 (6867482)|HEAP_ALLOCATE|[64]|Bytes:7
07:19:58.1 (6884170)|SYSTEM_MODE_ENTER|false
07:19:58.1 (6898484)|HEAP_ALLOCATE|[1]|Bytes:5
07:19:58.1 (6905132)|SYSTEM_MODE_EXIT|false
07:19:58.1 (6913128)|METHOD_EXIT|[5]|Even_Odd
07:19:58.1 (6925513)|HEAP_ALLOCATE|[1]|Bytes:4
07:19:58.1 (6946297)|SYSTEM_MODE_ENTER|false
07:19:58.1 (6966351)|HEAP_ALLOCATE|[1]|Bytes:5
07:19:58.1 (6978853)|CONSTRUCTOR_ENTRY|[1]|01p6F00000MPY1Z|<init>()|Even_Odd
07:19:58.1 (7018899)|VARIABLE_SCOPE_BEGIN|[5]|this|Even_Odd|true|false
07:19:58.1 (7058698)|VARIABLE_ASSIGNMENT|[5]|this|{}|0x249eb148
07:19:58.1 (7068726)|HEAP_ALLOCATE|[EXTERNAL]|Bytes:5
07:19:58.1 (7076770)|HEAP_ALLOCATE|[EXTERNAL]|Bytes:6
07:19:58.1 (7107991)|STATEMENT_EXECUTE|[5]
07:19:58.1 (7112141)|HEAP_ALLOCATE|[EXTERNAL]|Bytes:5
07:19:58.1 (7119535)|CONSTRUCTOR_EXIT|[1]|01p6F00000MPY1Z|<init>()|Even_Odd
07:19:58.1 (7126686)|SYSTEM_MODE_EXIT|false
07:19:58.1 (7143845)|VARIABLE_ASSIGNMENT|[1]|objEven_Odd|{}|0x249eb148
07:19:58.1 (7149684)|STATEMENT_EXECUTE|[2]
07:19:58.1 (7171112)|SYSTEM_MODE_ENTER|false
07:19:58.1 (7185260)|HEAP_ALLOCATE|[2]|Bytes:5
07:19:58.1 (7211214)|METHOD_ENTRY|[2]|01p6F00000MPY1Z|Even_Odd.checking(Integer)
07:19:58.1 (7231537)|VARIABLE_SCOPE_BEGIN|[7]|this|Even_Odd|true|false
07:19:58.1 (7245735)|VARIABLE_ASSIGNMENT|[7]|this|{}|0x249eb148
07:19:58.1 (7253197)|VARIABLE_SCOPE_BEGIN|[7]|num|Integer|false|false
07:19:58.1 (7263426)|VARIABLE_ASSIGNMENT|[7]|num|2147483644
07:19:58.1 (7274210)|HEAP_ALLOCATE|[8]|Bytes:5
07:19:58.1 (7278649)|STATEMENT_EXECUTE|[7]
07:19:58.1 (7285041)|STATEMENT_EXECUTE|[12]
07:19:58.1 (7286643)|STATEMENT_EXECUTE|[13]
07:19:58.1 (7289520)|HEAP_ALLOCATE|[13]|Bytes:21
07:19:58.1 (7343953)|USER_DEBUG|[13]|DEBUG|Number Entered is ODD
07:19:58.1 (7359462)|METHOD_EXIT|[2]|01p6F00000MPY1Z|Even_Odd.checking(Integer)
07:19:58.1 (7365212)|SYSTEM_MODE_EXIT|false
07:19:58.7 (7391871)|CUMULATIVE_LIMIT_USAGE
07:19:58.7 (7391871)|LIMIT_USAGE_FOR_NS|(default)|
  Number of SOQL queries: 0 out of 100
  Number of query rows: 0 out of 50000
  Number of SOSL queries: 0 out of 20
  Number of DML statements: 0 out of 150
  Number of DML rows: 0 out of 10000
  Maximum CPU time: 0 out of 10000
  Maximum heap size: 0 out of 6000000
  Number of callouts: 0 out of 100
  Number of Email Invocations: 0 out of 10
  Number of future calls: 0 out of 50
  Number of queueable jobs added to the queue: 0 out of 50
  Number of Mobile Apex push calls: 0 out of 10

07:19:58.7 (7391871)|CUMULATIVE_LIMIT_USAGE_END

07:19:58.1 (7424592)|CODE_UNIT_FINISHED|execute_anonymous_apex
07:19:58.1 (8286430)|EXECUTION_FINISHED
