44.0 APEX_CODE,FINEST;APEX_PROFILING,INFO;CALLOUT,INFO;DB,INFO;NBA,INFO;SYSTEM,DEBUG;VALIDATION,INFO;VISUALFORCE,INFO;WAVE,INFO;WORKFLOW,INFO
Execute Anonymous: Array_Operations obj = new Array_Operations();
Execute Anonymous: obj.Duplicate();
04:28:58.1 (1320703)|USER_INFO|[EXTERNAL]|0056F00000ATCAZ|ayman.shaikh@gmail.com|Pacific Standard Time|GMT-07:00
04:28:58.1 (1340755)|EXECUTION_STARTED
04:28:58.1 (1344609)|CODE_UNIT_STARTED|[EXTERNAL]|execute_anonymous_apex
04:28:58.1 (9679599)|VARIABLE_SCOPE_BEGIN|[1]|obj|Array_Operations|true|false
04:28:58.1 (9847137)|HEAP_ALLOCATE|[72]|Bytes:3
04:28:58.1 (9894409)|HEAP_ALLOCATE|[77]|Bytes:152
04:28:58.1 (9914711)|HEAP_ALLOCATE|[342]|Bytes:408
04:28:58.1 (9937045)|HEAP_ALLOCATE|[355]|Bytes:408
04:28:58.1 (9958684)|HEAP_ALLOCATE|[467]|Bytes:48
04:28:58.1 (10000825)|HEAP_ALLOCATE|[139]|Bytes:6
04:28:58.1 (10048539)|HEAP_ALLOCATE|[EXTERNAL]|Bytes:3
04:28:58.1 (10093850)|STATEMENT_EXECUTE|[1]
04:28:58.1 (10098477)|STATEMENT_EXECUTE|[1]
04:28:58.1 (10105385)|HEAP_ALLOCATE|[1]|Bytes:13
04:28:58.1 (10115475)|HEAP_ALLOCATE|[1]|Bytes:28
04:28:58.1 (10152396)|METHOD_ENTRY|[1]|01p6F00000MPtB2|Array_Operations.Array_Operations()
04:28:58.1 (10162261)|STATEMENT_EXECUTE|[1]
04:28:58.1 (10167515)|STATEMENT_EXECUTE|[1]
04:28:58.1 (10202629)|HEAP_ALLOCATE|[50]|Bytes:5
04:28:58.1 (10231744)|HEAP_ALLOCATE|[56]|Bytes:5
04:28:58.1 (10245319)|HEAP_ALLOCATE|[64]|Bytes:7
04:28:58.1 (10272411)|SYSTEM_MODE_ENTER|false
04:28:58.1 (10289981)|HEAP_ALLOCATE|[1]|Bytes:5
04:28:58.1 (10300324)|SYSTEM_MODE_EXIT|false
04:28:58.1 (10319609)|METHOD_EXIT|[1]|Array_Operations
04:28:58.1 (10375933)|HEAP_ALLOCATE|[1]|Bytes:8
04:28:58.1 (10417619)|SYSTEM_MODE_ENTER|false
04:28:58.1 (10448682)|HEAP_ALLOCATE|[1]|Bytes:5
04:28:58.1 (10466857)|CONSTRUCTOR_ENTRY|[1]|01p6F00000MPtB2|<init>()|Array_Operations
04:28:58.1 (10504750)|VARIABLE_SCOPE_BEGIN|[1]|this|Array_Operations|true|false
04:28:58.1 (10571055)|VARIABLE_ASSIGNMENT|[1]|this|{}|0x31754363
04:28:58.1 (10589321)|HEAP_ALLOCATE|[3]|Bytes:5
04:28:58.1 (10603134)|HEAP_ALLOCATE|[3]|Bytes:6
04:28:58.1 (10654350)|STATEMENT_EXECUTE|[1]
04:28:58.1 (10662897)|HEAP_ALLOCATE|[3]|Bytes:5
04:28:58.1 (10670172)|STATEMENT_EXECUTE|[3]
04:28:58.1 (10686072)|HEAP_ALLOCATE|[3]|Bytes:4
04:28:58.1 (10767798)|HEAP_ALLOCATE|[3]|Bytes:4
04:28:58.1 (10781241)|HEAP_ALLOCATE|[3]|Bytes:4
04:28:58.1 (10788584)|HEAP_ALLOCATE|[3]|Bytes:4
04:28:58.1 (10795235)|HEAP_ALLOCATE|[3]|Bytes:4
04:28:58.1 (10801419)|HEAP_ALLOCATE|[3]|Bytes:4
04:28:58.1 (10807926)|HEAP_ALLOCATE|[3]|Bytes:4
04:28:58.1 (10847258)|HEAP_ALLOCATE|[EXTERNAL]|Bytes:28
04:28:58.1 (10876796)|VARIABLE_ASSIGNMENT|[3]|this.integerList|"List of size 6 too large to display"|0x31754363
04:28:58.1 (10897228)|CONSTRUCTOR_EXIT|[1]|01p6F00000MPtB2|<init>()|Array_Operations
04:28:58.1 (10909223)|SYSTEM_MODE_EXIT|false
04:28:58.1 (10952065)|VARIABLE_ASSIGNMENT|[1]|obj|{"integerList":"0x763fb54d"}|0x31754363
04:28:58.1 (10963621)|STATEMENT_EXECUTE|[2]
04:28:58.1 (11002705)|SYSTEM_MODE_ENTER|false
04:28:58.1 (11031929)|HEAP_ALLOCATE|[2]|Bytes:5
04:28:58.1 (11066336)|METHOD_ENTRY|[2]|01p6F00000MPtB2|Array_Operations.Duplicate()
04:28:58.1 (11100978)|VARIABLE_SCOPE_BEGIN|[55]|this|Array_Operations|true|false
04:28:58.1 (11133492)|VARIABLE_ASSIGNMENT|[55]|this|{"integerList":"0x763fb54d"}|0x31754363
04:28:58.1 (11154939)|HEAP_ALLOCATE|[58]|Bytes:5
04:28:58.1 (11162240)|STATEMENT_EXECUTE|[56]
04:28:58.1 (11164826)|STATEMENT_EXECUTE|[58]
04:28:58.1 (11170389)|VARIABLE_SCOPE_BEGIN|[58]|count|Integer|false|false
04:28:58.1 (11181648)|HEAP_ALLOCATE|[58]|Bytes:4
04:28:58.1 (11212805)|VARIABLE_ASSIGNMENT|[58]|count|0
04:28:58.1 (11221908)|STATEMENT_EXECUTE|[59]
04:28:58.1 (11226397)|VARIABLE_SCOPE_BEGIN|[59]|i|Integer|false|false
04:28:58.1 (11236661)|HEAP_ALLOCATE|[59]|Bytes:4
04:28:58.1 (11248547)|VARIABLE_ASSIGNMENT|[59]|i|0
04:28:58.1 (11303164)|STATEMENT_EXECUTE|[59]
04:28:58.1 (11307290)|STATEMENT_EXECUTE|[61]
04:28:58.1 (11317961)|VARIABLE_SCOPE_BEGIN|[61]|j|Integer|false|false
04:28:58.1 (11330570)|HEAP_ALLOCATE|[61]|Bytes:4
04:28:58.1 (11340532)|VARIABLE_ASSIGNMENT|[61]|j|1
04:28:58.1 (11374221)|STATEMENT_EXECUTE|[61]
04:28:58.1 (11385604)|HEAP_ALLOCATE|[63]|Bytes:8
04:28:58.1 (11397475)|HEAP_ALLOCATE|[63]|Bytes:8
04:28:58.1 (11405246)|STATEMENT_EXECUTE|[63]
04:28:58.1 (11408970)|HEAP_ALLOCATE|[61]|Bytes:4
04:28:58.1 (11419848)|VARIABLE_ASSIGNMENT|[61]|j|2
04:28:58.1 (11440671)|STATEMENT_EXECUTE|[61]
04:28:58.1 (11446387)|HEAP_ALLOCATE|[63]|Bytes:8
04:28:58.1 (11455257)|HEAP_ALLOCATE|[63]|Bytes:8
04:28:58.1 (11461388)|STATEMENT_EXECUTE|[63]
04:28:58.1 (11464251)|HEAP_ALLOCATE|[61]|Bytes:4
04:28:58.1 (11473909)|VARIABLE_ASSIGNMENT|[61]|j|3
04:28:58.1 (11490620)|STATEMENT_EXECUTE|[61]
04:28:58.1 (11495290)|HEAP_ALLOCATE|[63]|Bytes:8
04:28:58.1 (11503194)|HEAP_ALLOCATE|[63]|Bytes:8
04:28:58.1 (11509382)|STATEMENT_EXECUTE|[63]
04:28:58.1 (11512268)|STATEMENT_EXECUTE|[64]
04:28:58.1 (11515229)|HEAP_ALLOCATE|[64]|Bytes:4
04:28:58.1 (11523501)|VARIABLE_ASSIGNMENT|[64]|count|1
04:28:58.1 (11529707)|STATEMENT_EXECUTE|[65]
04:28:58.1 (11570676)|HEAP_ALLOCATE|[65]|Bytes:4
04:28:58.1 (11587035)|HEAP_ALLOCATE|[61]|Bytes:4
04:28:58.1 (11596471)|VARIABLE_ASSIGNMENT|[61]|j|4
04:28:58.1 (11613678)|STATEMENT_EXECUTE|[61]
04:28:58.1 (11618738)|HEAP_ALLOCATE|[63]|Bytes:8
04:28:58.1 (11626777)|HEAP_ALLOCATE|[63]|Bytes:8
04:28:58.1 (11633000)|STATEMENT_EXECUTE|[63]
04:28:58.1 (11635874)|HEAP_ALLOCATE|[61]|Bytes:4
04:28:58.1 (11644196)|VARIABLE_ASSIGNMENT|[61]|j|5
04:28:58.1 (11659856)|STATEMENT_EXECUTE|[61]
04:28:58.1 (11664225)|HEAP_ALLOCATE|[63]|Bytes:8
04:28:58.1 (11672033)|HEAP_ALLOCATE|[63]|Bytes:8
04:28:58.1 (11678339)|STATEMENT_EXECUTE|[63]
04:28:58.1 (11681061)|HEAP_ALLOCATE|[61]|Bytes:4
04:28:58.1 (11689750)|VARIABLE_ASSIGNMENT|[61]|j|6
04:28:58.1 (11706080)|STATEMENT_EXECUTE|[61]
04:28:58.1 (11710672)|HEAP_ALLOCATE|[63]|Bytes:8
04:28:58.1 (11769432)|HEAP_ALLOCATE|[63]|Bytes:31
04:28:58.1 (11790445)|METHOD_EXIT|[2]|01p6F00000MPtB2|Array_Operations.Duplicate()
04:28:58.1 (11800750)|SYSTEM_MODE_EXIT|false
04:28:58.1 (11944556)|FATAL_ERROR|System.ListException: List index out of bounds: 6

Class.Array_Operations.Duplicate: line 63, column 1
AnonymousBlock: line 2, column 1
AnonymousBlock: line 2, column 1
04:28:58.12 (12015608)|CUMULATIVE_LIMIT_USAGE
04:28:58.12 (12015608)|LIMIT_USAGE_FOR_NS|(default)|
  Number of SOQL queries: 0 out of 100
  Number of query rows: 0 out of 50000
  Number of SOSL queries: 0 out of 20
  Number of DML statements: 0 out of 150
  Number of DML rows: 0 out of 10000
  Maximum CPU time: 0 out of 10000
  Maximum heap size: 0 out of 6000000
  Number of callouts: 0 out of 100
  Number of Email Invocations: 0 out of 10
  Number of future calls: 0 out of 50
  Number of queueable jobs added to the queue: 0 out of 50
  Number of Mobile Apex push calls: 0 out of 10

04:28:58.12 (12015608)|CUMULATIVE_LIMIT_USAGE_END

04:28:58.1 (12063132)|CODE_UNIT_FINISHED|execute_anonymous_apex
04:28:58.1 (13192876)|EXECUTION_FINISHED
