44.0 APEX_CODE,FINEST;APEX_PROFILING,INFO;CALLOUT,INFO;DB,INFO;NBA,INFO;SYSTEM,DEBUG;VALIDATION,INFO;VISUALFORCE,INFO;WAVE,INFO;WORKFLOW,INFO
Execute Anonymous: 
Execute Anonymous: ParentClass obj1, obj2;
Execute Anonymous: obj1 = new ParentClass();
Execute Anonymous: obj1.write();
Execute Anonymous: obj2 = new ChildClass();
Execute Anonymous: obj2.write();
05:32:42.1 (1790145)|USER_INFO|[EXTERNAL]|0056F00000ATCAZ|ayman.shaikh@gmail.com|Pacific Standard Time|GMT-07:00
05:32:42.1 (1823617)|EXECUTION_STARTED
05:32:42.1 (1831162)|CODE_UNIT_STARTED|[EXTERNAL]|execute_anonymous_apex
05:32:42.1 (3470791)|VARIABLE_SCOPE_BEGIN|[2]|obj1|ParentClass|true|false
05:32:42.1 (3495492)|VARIABLE_SCOPE_BEGIN|[2]|obj2|ParentClass|true|false
05:32:42.1 (3637536)|HEAP_ALLOCATE|[72]|Bytes:3
05:32:42.1 (3683464)|HEAP_ALLOCATE|[77]|Bytes:152
05:32:42.1 (3709560)|HEAP_ALLOCATE|[342]|Bytes:408
05:32:42.1 (3736928)|HEAP_ALLOCATE|[355]|Bytes:408
05:32:42.1 (3760156)|HEAP_ALLOCATE|[467]|Bytes:48
05:32:42.1 (3802639)|HEAP_ALLOCATE|[139]|Bytes:6
05:32:42.1 (3845825)|HEAP_ALLOCATE|[EXTERNAL]|Bytes:9
05:32:42.1 (3905260)|STATEMENT_EXECUTE|[1]
05:32:42.1 (3910794)|STATEMENT_EXECUTE|[2]
05:32:42.1 (3942865)|VARIABLE_ASSIGNMENT|[2]|obj1|null|
05:32:42.1 (3954546)|STATEMENT_EXECUTE|[2]
05:32:42.1 (3965117)|VARIABLE_ASSIGNMENT|[2]|obj2|null|
05:32:42.1 (3972966)|STATEMENT_EXECUTE|[3]
05:32:42.1 (3978725)|HEAP_ALLOCATE|[3]|Bytes:4
05:32:42.1 (3987690)|HEAP_ALLOCATE|[3]|Bytes:4
05:32:42.1 (4024764)|METHOD_ENTRY|[1]|01p6F00000MR10y|ParentClass.ParentClass()
05:32:42.1 (4037002)|STATEMENT_EXECUTE|[1]
05:32:42.1 (4043168)|STATEMENT_EXECUTE|[1]
05:32:42.1 (4051468)|METHOD_EXIT|[1]|ParentClass
05:32:42.1 (4072950)|HEAP_ALLOCATE|[3]|Bytes:4
05:32:42.1 (4123386)|HEAP_ALLOCATE|[50]|Bytes:5
05:32:42.1 (4153793)|HEAP_ALLOCATE|[56]|Bytes:5
05:32:42.1 (4171523)|HEAP_ALLOCATE|[64]|Bytes:7
05:32:42.1 (4200762)|SYSTEM_MODE_ENTER|false
05:32:42.1 (4247101)|HEAP_ALLOCATE|[3]|Bytes:5
05:32:42.1 (4270893)|CONSTRUCTOR_ENTRY|[3]|01p6F00000MR10y|<init>()|ParentClass
05:32:42.1 (4309791)|VARIABLE_SCOPE_BEGIN|[1]|this|ParentClass|true|false
05:32:42.1 (4360411)|VARIABLE_ASSIGNMENT|[1]|this|{}|0x4334c235
05:32:42.1 (4380004)|HEAP_ALLOCATE|[EXTERNAL]|Bytes:6
05:32:42.1 (4445525)|STATEMENT_EXECUTE|[1]
05:32:42.1 (4455374)|CONSTRUCTOR_EXIT|[3]|01p6F00000MR10y|<init>()|ParentClass
05:32:42.1 (4474488)|SYSTEM_MODE_EXIT|false
05:32:42.1 (4509204)|VARIABLE_ASSIGNMENT|[3]|obj1|{}|0x4334c235
05:32:42.1 (4522230)|STATEMENT_EXECUTE|[4]
05:32:42.1 (4558215)|SYSTEM_MODE_ENTER|false
05:32:42.1 (4590232)|HEAP_ALLOCATE|[4]|Bytes:5
05:32:42.1 (4628141)|METHOD_ENTRY|[4]|01p6F00000MR10y|ParentClass.write()
05:32:42.1 (4664738)|VARIABLE_SCOPE_BEGIN|[3]|this|ParentClass|true|false
05:32:42.1 (4692811)|VARIABLE_ASSIGNMENT|[3]|this|{}|0x4334c235
05:32:42.1 (4707438)|STATEMENT_EXECUTE|[3]
05:32:42.1 (4710155)|STATEMENT_EXECUTE|[5]
05:32:42.1 (4715139)|HEAP_ALLOCATE|[5]|Bytes:20
05:32:42.1 (4794647)|USER_DEBUG|[5]|DEBUG|This is Parent Class
05:32:42.1 (4819077)|METHOD_EXIT|[4]|01p6F00000MR10y|ParentClass.write()
05:32:42.1 (4831383)|SYSTEM_MODE_EXIT|false
05:32:42.1 (4840991)|STATEMENT_EXECUTE|[5]
05:32:42.1 (5746974)|HEAP_ALLOCATE|[5]|Bytes:1
05:32:42.1 (5763342)|HEAP_ALLOCATE|[5]|Bytes:1
05:32:42.1 (5782966)|METHOD_ENTRY|[1]|01p6F00000MR2GO|ChildClass.ChildClass()
05:32:42.1 (5793637)|STATEMENT_EXECUTE|[1]
05:32:42.1 (5798951)|STATEMENT_EXECUTE|[1]
05:32:42.1 (5806091)|METHOD_EXIT|[1]|ChildClass
05:32:42.1 (5906277)|HEAP_ALLOCATE|[5]|Bytes:4
05:32:42.1 (5952008)|SYSTEM_MODE_ENTER|false
05:32:42.1 (5976245)|HEAP_ALLOCATE|[5]|Bytes:5
05:32:42.1 (5995192)|CONSTRUCTOR_ENTRY|[5]|01p6F00000MR2GO|<init>()|ChildClass
05:32:42.1 (6024663)|VARIABLE_SCOPE_BEGIN|[1]|this|ChildClass|true|false
05:32:42.1 (6064271)|VARIABLE_ASSIGNMENT|[1]|this|{}|0x7c6a8fd3
05:32:42.1 (6081582)|CONSTRUCTOR_ENTRY|[EXTERNAL]|01p6F00000MR10y|<init>()|ParentClass
05:32:42.1 (6099340)|VARIABLE_SCOPE_BEGIN|[1]|this|ParentClass|true|false
05:32:42.1 (6123579)|VARIABLE_ASSIGNMENT|[1]|this|{}|0x7c6a8fd3
05:32:42.1 (6151982)|STATEMENT_EXECUTE|[1]
05:32:42.1 (6159047)|CONSTRUCTOR_EXIT|[EXTERNAL]|01p6F00000MR10y|<init>()|ParentClass
05:32:42.1 (6170909)|STATEMENT_EXECUTE|[1]
05:32:42.1 (6175640)|CONSTRUCTOR_EXIT|[5]|01p6F00000MR2GO|<init>()|ChildClass
05:32:42.1 (6190315)|SYSTEM_MODE_EXIT|false
05:32:42.1 (6224996)|VARIABLE_ASSIGNMENT|[5]|obj2|{}|0x7c6a8fd3
05:32:42.1 (6237569)|STATEMENT_EXECUTE|[6]
05:32:42.1 (6271650)|SYSTEM_MODE_ENTER|false
05:32:42.1 (6294070)|HEAP_ALLOCATE|[6]|Bytes:5
05:32:42.1 (6323506)|METHOD_ENTRY|[6]|01p6F00000MR2GO|ChildClass.write()
05:32:42.1 (6359908)|VARIABLE_SCOPE_BEGIN|[2]|this|ChildClass|true|false
05:32:42.1 (6386995)|VARIABLE_ASSIGNMENT|[2]|this|{}|0x7c6a8fd3
05:32:42.1 (6400032)|STATEMENT_EXECUTE|[2]
05:32:42.1 (6402977)|STATEMENT_EXECUTE|[4]
05:32:42.1 (6408255)|HEAP_ALLOCATE|[4]|Bytes:19
05:32:42.1 (6465148)|USER_DEBUG|[4]|DEBUG|This is ChildClass.
05:32:42.1 (6487116)|METHOD_EXIT|[6]|01p6F00000MR2GO|ChildClass.write()
05:32:42.1 (6497684)|SYSTEM_MODE_EXIT|false
05:32:42.6 (6546187)|CUMULATIVE_LIMIT_USAGE
05:32:42.6 (6546187)|LIMIT_USAGE_FOR_NS|(default)|
  Number of SOQL queries: 0 out of 100
  Number of query rows: 0 out of 50000
  Number of SOSL queries: 0 out of 20
  Number of DML statements: 0 out of 150
  Number of DML rows: 0 out of 10000
  Maximum CPU time: 0 out of 10000
  Maximum heap size: 0 out of 6000000
  Number of callouts: 0 out of 100
  Number of Email Invocations: 0 out of 10
  Number of future calls: 0 out of 50
  Number of queueable jobs added to the queue: 0 out of 50
  Number of Mobile Apex push calls: 0 out of 10

05:32:42.6 (6546187)|CUMULATIVE_LIMIT_USAGE_END

05:32:42.1 (6601849)|CODE_UNIT_FINISHED|execute_anonymous_apex
05:32:42.1 (8049992)|EXECUTION_FINISHED
