44.0 APEX_CODE,DEBUG;APEX_PROFILING,INFO;CALLOUT,INFO;DB,INFO;NBA,INFO;SYSTEM,DEBUG;VALIDATION,INFO;VISUALFORCE,DEBUG;WAVE,INFO;WORKFLOW,INFO
06:07:16.0 (345666)|USER_INFO|[EXTERNAL]|0056F00000ATCAZ|ayman.shaikh@gmail.com|Pacific Standard Time|GMT-07:00
06:07:16.0 (385389)|EXECUTION_STARTED
06:07:16.0 (388911)|CODE_UNIT_STARTED|[EXTERNAL]|Validation:Employee:a056F00000lJzNL
06:07:16.0 (405279)|VALIDATION_RULE|03d6F000001EXpW|Resignation_Date_rule
06:07:16.0 (565975)|VALIDATION_FORMULA|Is_on_Notice_Period__c= true && ISBLANK(Resignation_Date__c)|Is_on_Notice_Period__c=0 , Resignation_Date__c=2018-10-19 00:00:00
06:07:16.0 (574072)|VALIDATION_PASS
06:07:16.0 (575565)|VALIDATION_RULE|03d6F000001EXr8|Restrict_DOB
06:07:16.0 (760539)|VALIDATION_FORMULA|Age__c  <= 18|Age__c=25
06:07:16.0 (766196)|VALIDATION_PASS
06:07:16.0 (767180)|VALIDATION_RULE|03d6F000001EWg3|Check_Dates
06:07:16.0 (884605)|VALIDATION_FORMULA|Last_Working_Day__c  <  Date_of_Joining__c|Last_Working_Day__c=2018-12-18 00:00:00 , Date_of_Joining__c=2018-10-03 00:00:00
06:07:16.0 (889744)|VALIDATION_PASS
06:07:16.0 (890602)|VALIDATION_RULE|03d6F000001EWfy|Notice_Period
06:07:16.0 (942559)|VALIDATION_FORMULA|Is_on_Notice_Period__c  = true && ISBLANK( Resignation_Date__c )|Is_on_Notice_Period__c=0 , Resignation_Date__c=2018-10-19 00:00:00
06:07:16.0 (947313)|VALIDATION_PASS
06:07:16.0 (1115032)|CODE_UNIT_FINISHED|Validation:Employee:a056F00000lJzNL
06:07:16.0 (1122458)|EXECUTION_FINISHED
06:07:16.18 (18039803)|USER_INFO|[EXTERNAL]|0056F00000ATCAZ|ayman.shaikh@gmail.com|Pacific Standard Time|GMT-07:00
06:07:16.18 (18058906)|EXECUTION_STARTED
06:07:16.18 (18061450)|CODE_UNIT_STARTED|[EXTERNAL]|Workflow:01I6F000002DSKA
06:07:16.18 (26957912)|WF_RULE_EVAL_BEGIN|Workflow
06:07:16.18 (26983297)|WF_CRITERIA_BEGIN|[Employee: EMP-000006 a056F00000lJzNL]|one to one|01Q6F0000015jKG|ON_ALL_CHANGES|0
06:07:16.18 (28270589)|WF_RULE_FILTER|[Employee : Employees ID not equal to NULL]
06:07:16.18 (28290071)|WF_RULE_EVAL_VALUE|EMP-000006
06:07:16.18 (28293944)|WF_CRITERIA_END|true
06:07:16.18 (28960461)|WF_CRITERIA_BEGIN|[Employee: EMP-000006 a056F00000lJzNL]|Record deactivated|01Q6F0000015jIy|ON_CREATE_OR_TRIGGERING_UPDATE|0
06:07:16.18 (29115346)|WF_RULE_NOT_EVALUATED
06:07:16.18 (29127160)|WF_SPOOL_ACTION_BEGIN|Workflow
06:07:16.18 (29339413)|WF_ACTION| Field Update: 1;
06:07:16.18 (29347280)|WF_RULE_EVAL_END
06:07:16.18 (29425723)|WF_ACTIONS_END| Field Update: 1;
06:07:16.18 (29432155)|CODE_UNIT_FINISHED|Workflow:01I6F000002DSKA
06:07:16.18 (29437322)|EXECUTION_FINISHED
