44.0 APEX_CODE,FINEST;APEX_PROFILING,INFO;CALLOUT,INFO;DB,INFO;NBA,INFO;SYSTEM,DEBUG;VALIDATION,INFO;VISUALFORCE,INFO;WAVE,INFO;WORKFLOW,INFO
Execute Anonymous: ContactRecord objContactRecord = new ContactRecord();
Execute Anonymous: objContactRecord.SelectRecord();
07:04:16.1 (1297519)|USER_INFO|[EXTERNAL]|0056F00000ATCAZ|ayman.shaikh@gmail.com|Pacific Standard Time|GMT-07:00
07:04:16.1 (1318660)|EXECUTION_STARTED
07:04:16.1 (1323318)|CODE_UNIT_STARTED|[EXTERNAL]|execute_anonymous_apex
07:04:16.1 (7221449)|VARIABLE_SCOPE_BEGIN|[1]|objContactRecord|ContactRecord|true|false
07:04:16.1 (7358521)|HEAP_ALLOCATE|[72]|Bytes:3
07:04:16.1 (7400248)|HEAP_ALLOCATE|[77]|Bytes:152
07:04:16.1 (7414148)|HEAP_ALLOCATE|[342]|Bytes:408
07:04:16.1 (7426811)|HEAP_ALLOCATE|[355]|Bytes:408
07:04:16.1 (7439710)|HEAP_ALLOCATE|[467]|Bytes:48
07:04:16.1 (7466331)|HEAP_ALLOCATE|[139]|Bytes:6
07:04:16.1 (7485693)|HEAP_ALLOCATE|[EXTERNAL]|Bytes:3
07:04:16.1 (7520009)|STATEMENT_EXECUTE|[1]
07:04:16.1 (7522732)|STATEMENT_EXECUTE|[1]
07:04:16.1 (7526594)|HEAP_ALLOCATE|[1]|Bytes:1
07:04:16.1 (7532510)|HEAP_ALLOCATE|[1]|Bytes:1
07:04:16.1 (7565181)|METHOD_ENTRY|[1]|01p6F00000MRJNE|ContactRecord.ContactRecord()
07:04:16.1 (7572045)|STATEMENT_EXECUTE|[1]
07:04:16.1 (7575869)|STATEMENT_EXECUTE|[1]
07:04:16.1 (7605670)|HEAP_ALLOCATE|[50]|Bytes:5
07:04:16.1 (7630447)|HEAP_ALLOCATE|[56]|Bytes:5
07:04:16.1 (7639775)|HEAP_ALLOCATE|[64]|Bytes:7
07:04:16.1 (7667035)|SYSTEM_MODE_ENTER|false
07:04:16.1 (7683963)|HEAP_ALLOCATE|[1]|Bytes:5
07:04:16.1 (7692060)|SYSTEM_MODE_EXIT|false
07:04:16.1 (7702545)|METHOD_EXIT|[1]|ContactRecord
07:04:16.1 (7715968)|HEAP_ALLOCATE|[1]|Bytes:4
07:04:16.1 (7740836)|SYSTEM_MODE_ENTER|false
07:04:16.1 (7764269)|HEAP_ALLOCATE|[1]|Bytes:5
07:04:16.1 (7776168)|CONSTRUCTOR_ENTRY|[1]|01p6F00000MRJNE|<init>()|ContactRecord
07:04:16.1 (7805848)|VARIABLE_SCOPE_BEGIN|[1]|this|ContactRecord|true|false
07:04:16.1 (7850843)|VARIABLE_ASSIGNMENT|[1]|this|{}|0x7ff3a2fc
07:04:16.1 (7862556)|HEAP_ALLOCATE|[EXTERNAL]|Bytes:5
07:04:16.1 (7871085)|HEAP_ALLOCATE|[EXTERNAL]|Bytes:6
07:04:16.1 (7909530)|STATEMENT_EXECUTE|[1]
07:04:16.1 (7914909)|HEAP_ALLOCATE|[EXTERNAL]|Bytes:5
07:04:16.1 (7924942)|CONSTRUCTOR_EXIT|[1]|01p6F00000MRJNE|<init>()|ContactRecord
07:04:16.1 (7932224)|SYSTEM_MODE_EXIT|false
07:04:16.1 (7951476)|VARIABLE_ASSIGNMENT|[1]|objContactRecord|{}|0x7ff3a2fc
07:04:16.1 (7958638)|STATEMENT_EXECUTE|[2]
07:04:16.1 (7981494)|SYSTEM_MODE_ENTER|false
07:04:16.1 (8000277)|HEAP_ALLOCATE|[2]|Bytes:5
07:04:16.1 (8029117)|METHOD_ENTRY|[2]|01p6F00000MRJNE|ContactRecord.SelectRecord()
07:04:16.1 (8052790)|VARIABLE_SCOPE_BEGIN|[2]|this|ContactRecord|true|false
07:04:16.1 (8068979)|VARIABLE_ASSIGNMENT|[2]|this|{}|0x7ff3a2fc
07:04:16.1 (8082511)|HEAP_ALLOCATE|[3]|Bytes:5
07:04:16.1 (8087428)|STATEMENT_EXECUTE|[2]
07:04:16.1 (8089609)|STATEMENT_EXECUTE|[3]
07:04:16.1 (8092805)|HEAP_ALLOCATE|[3]|Bytes:28
07:04:16.1 (8116004)|HEAP_ALLOCATE|[3]|Bytes:4
07:04:16.1 (8393163)|SOQL_EXECUTE_BEGIN|[3]|Aggregations:0|SELECT Id, Name FROM Contact
07:04:16.1 (23548707)|SOQL_EXECUTE_END|[3]|Rows:28
07:04:16.1 (23602952)|HEAP_ALLOCATE|[3]|Bytes:116
07:04:16.1 (23668489)|HEAP_ALLOCATE|[3]|Bytes:1304
07:04:16.1 (23788397)|HEAP_ALLOCATE|[3]|Bytes:116
07:04:16.1 (23810107)|VARIABLE_SCOPE_BEGIN|[3]|ContactList|List<Contact>|true|false
07:04:16.1 (23842085)|VARIABLE_ASSIGNMENT|[3]|ContactList|"List of size 28 too large to display"|0x39074c5c
07:04:16.1 (23850238)|STATEMENT_EXECUTE|[4]
07:04:16.1 (23994540)|USER_DEBUG|[4]|DEBUG|(Contact:{Id=0036F00002nBlPZQA0, Name=Shaikh}, Contact:{Id=0036F00002nBlPaQAK, Name=Shaikh}, Contact:{Id=0036F00002nBlPbQAK, Name=Shaikh}, Contact:{Id=0036F00002nBlPcQAK, Name=Shaikh}, Contact:{Id=0036F00002nBlPdQAK, Name=Shaikh}, Contact:{Id=0036F00002mhjlEQAQ, Name=Ketki}, Contact:{Id=0036F00002mhjmWQAQ, Name=Ketki}, Contact:{Id=0036F00002mjt0aQAA, Name=Shaikh}, Contact:{Id=0036F00002m0FcNQAU, Name=Sean Forbes}, Contact:{Id=0036F00002m0FcOQAU, Name=Jack Rogers}, ...)
07:04:16.1 (24024213)|METHOD_EXIT|[2]|01p6F00000MRJNE|ContactRecord.SelectRecord()
07:04:16.1 (24032729)|SYSTEM_MODE_EXIT|false
07:04:16.24 (24071282)|CUMULATIVE_LIMIT_USAGE
07:04:16.24 (24071282)|LIMIT_USAGE_FOR_NS|(default)|
  Number of SOQL queries: 1 out of 100
  Number of query rows: 28 out of 50000
  Number of SOSL queries: 0 out of 20
  Number of DML statements: 0 out of 150
  Number of DML rows: 0 out of 10000
  Maximum CPU time: 0 out of 10000
  Maximum heap size: 0 out of 6000000
  Number of callouts: 0 out of 100
  Number of Email Invocations: 0 out of 10
  Number of future calls: 0 out of 50
  Number of queueable jobs added to the queue: 0 out of 50
  Number of Mobile Apex push calls: 0 out of 10

07:04:16.24 (24071282)|CUMULATIVE_LIMIT_USAGE_END

07:04:16.1 (24115307)|CODE_UNIT_FINISHED|execute_anonymous_apex
07:04:16.1 (25369078)|EXECUTION_FINISHED
