44.0 APEX_CODE,DEBUG;APEX_PROFILING,INFO;CALLOUT,INFO;DB,INFO;NBA,INFO;SYSTEM,DEBUG;VALIDATION,INFO;VISUALFORCE,DEBUG;WAVE,INFO;WORKFLOW,INFO
06:59:26.0 (310882)|USER_INFO|[EXTERNAL]|0056F00000ATCAZ|ayman.shaikh@gmail.com|Pacific Standard Time|GMT-07:00
06:59:26.0 (338257)|EXECUTION_STARTED
06:59:26.0 (340897)|CODE_UNIT_STARTED|[EXTERNAL]|Validation:Employee:a056F00000lJj7Z
06:59:26.0 (350526)|VALIDATION_RULE|03d6F000001EXpW|Resignation_Date_rule
06:59:26.0 (480459)|VALIDATION_FORMULA|Is_on_Notice_Period__c= true && ISBLANK(Resignation_Date__c)|Is_on_Notice_Period__c=0 , Resignation_Date__c=null
06:59:26.0 (486993)|VALIDATION_PASS
06:59:26.0 (488344)|VALIDATION_RULE|03d6F000001EXr8|Restrict_DOB
06:59:26.0 (694822)|VALIDATION_FORMULA|Age__c  <= 18|Age__c=73
06:59:26.0 (701437)|VALIDATION_PASS
06:59:26.0 (702414)|VALIDATION_RULE|03d6F000001EWg3|Check_Dates
06:59:26.0 (806093)|VALIDATION_FORMULA|Last_Working_Day__c  <  Date_of_Joining__c|Last_Working_Day__c=null , Date_of_Joining__c=2018-10-03 00:00:00
06:59:26.0 (811635)|VALIDATION_PASS
06:59:26.0 (812430)|VALIDATION_RULE|03d6F000001EWfy|Notice_Period
06:59:26.0 (872817)|VALIDATION_FORMULA|Is_on_Notice_Period__c  = true && ISBLANK( Resignation_Date__c )|Is_on_Notice_Period__c=0 , Resignation_Date__c=null
06:59:26.0 (877496)|VALIDATION_PASS
06:59:26.0 (1029508)|CODE_UNIT_FINISHED|Validation:Employee:a056F00000lJj7Z
06:59:26.0 (1036569)|EXECUTION_FINISHED
06:59:26.27 (27187399)|USER_INFO|[EXTERNAL]|0056F00000ATCAZ|ayman.shaikh@gmail.com|Pacific Standard Time|GMT-07:00
06:59:26.27 (27209712)|EXECUTION_STARTED
06:59:26.27 (27212898)|CODE_UNIT_STARTED|[EXTERNAL]|Workflow:01I6F000002DSKA
06:59:26.27 (38860208)|WF_RULE_EVAL_BEGIN|Workflow
06:59:26.27 (38882485)|WF_CRITERIA_BEGIN|[Employee: EMP-000001 a056F00000lJj7Z]|one to one|01Q6F0000015jKG|ON_ALL_CHANGES|0
06:59:26.27 (40169389)|WF_RULE_FILTER|[Employee : Employees ID not equal to NULL]
06:59:26.27 (40191798)|WF_RULE_EVAL_VALUE|EMP-000001
06:59:26.27 (40198124)|WF_CRITERIA_END|true
06:59:26.27 (40865516)|WF_CRITERIA_BEGIN|[Employee: EMP-000001 a056F00000lJj7Z]|Record deactivated|01Q6F0000015jIy|ON_CREATE_OR_TRIGGERING_UPDATE|0
06:59:26.27 (41087336)|WF_RULE_NOT_EVALUATED
06:59:26.27 (41100932)|WF_SPOOL_ACTION_BEGIN|Workflow
06:59:26.27 (41339102)|WF_ACTION| Field Update: 1;
06:59:26.27 (41344903)|WF_RULE_EVAL_END
06:59:26.27 (41408357)|WF_ACTIONS_END| Field Update: 1;
06:59:26.27 (41416231)|CODE_UNIT_FINISHED|Workflow:01I6F000002DSKA
06:59:26.27 (41421549)|EXECUTION_FINISHED
