44.0 APEX_CODE,FINEST;APEX_PROFILING,INFO;CALLOUT,INFO;DB,INFO;NBA,INFO;SYSTEM,DEBUG;VALIDATION,INFO;VISUALFORCE,INFO;WAVE,INFO;WORKFLOW,INFO
Execute Anonymous: ParentClass obj1 =  new ParentClass();
Execute Anonymous: ChildClass obj2 = new ChildClass();
Execute Anonymous: 
Execute Anonymous: obj1.write();
Execute Anonymous: 
Execute Anonymous: obj2.write();
07:20:28.1 (1232058)|USER_INFO|[EXTERNAL]|0056F00000ATCAZ|ayman.shaikh@gmail.com|Pacific Standard Time|GMT-07:00
07:20:28.1 (1252563)|EXECUTION_STARTED
07:20:28.1 (1256369)|CODE_UNIT_STARTED|[EXTERNAL]|execute_anonymous_apex
07:20:28.1 (2236355)|VARIABLE_SCOPE_BEGIN|[1]|obj1|ParentClass|true|false
07:20:28.1 (2826015)|VARIABLE_SCOPE_BEGIN|[2]|obj2|ChildClass|true|false
07:20:28.1 (2933741)|HEAP_ALLOCATE|[72]|Bytes:3
07:20:28.1 (2963150)|HEAP_ALLOCATE|[77]|Bytes:152
07:20:28.1 (2976140)|HEAP_ALLOCATE|[342]|Bytes:408
07:20:28.1 (2988784)|HEAP_ALLOCATE|[355]|Bytes:408
07:20:28.1 (2999009)|HEAP_ALLOCATE|[467]|Bytes:48
07:20:28.1 (3023385)|HEAP_ALLOCATE|[139]|Bytes:6
07:20:28.1 (3045726)|HEAP_ALLOCATE|[EXTERNAL]|Bytes:7
07:20:28.1 (3075684)|STATEMENT_EXECUTE|[1]
07:20:28.1 (3078293)|STATEMENT_EXECUTE|[1]
07:20:28.1 (3081782)|HEAP_ALLOCATE|[1]|Bytes:3
07:20:28.1 (3086687)|HEAP_ALLOCATE|[1]|Bytes:4
07:20:28.1 (3113253)|METHOD_ENTRY|[1]|01p6F00000MR10y|ParentClass.ParentClass()
07:20:28.1 (3119551)|STATEMENT_EXECUTE|[1]
07:20:28.1 (3123190)|STATEMENT_EXECUTE|[1]
07:20:28.1 (3127594)|METHOD_EXIT|[1]|ParentClass
07:20:28.1 (3142100)|HEAP_ALLOCATE|[1]|Bytes:4
07:20:28.1 (3169864)|HEAP_ALLOCATE|[50]|Bytes:5
07:20:28.1 (3186664)|HEAP_ALLOCATE|[56]|Bytes:5
07:20:28.1 (3194296)|HEAP_ALLOCATE|[64]|Bytes:7
07:20:28.1 (3209931)|SYSTEM_MODE_ENTER|false
07:20:28.1 (3234708)|HEAP_ALLOCATE|[1]|Bytes:5
07:20:28.1 (3247523)|CONSTRUCTOR_ENTRY|[1]|01p6F00000MR10y|<init>()|ParentClass
07:20:28.1 (3272606)|VARIABLE_SCOPE_BEGIN|[1]|this|ParentClass|true|false
07:20:28.1 (3307426)|VARIABLE_ASSIGNMENT|[1]|this|{}|0x70be9141
07:20:28.1 (3317862)|HEAP_ALLOCATE|[EXTERNAL]|Bytes:6
07:20:28.1 (3349695)|STATEMENT_EXECUTE|[1]
07:20:28.1 (3355266)|CONSTRUCTOR_EXIT|[1]|01p6F00000MR10y|<init>()|ParentClass
07:20:28.1 (3365776)|SYSTEM_MODE_EXIT|false
07:20:28.1 (3382285)|VARIABLE_ASSIGNMENT|[1]|obj1|{}|0x70be9141
07:20:28.1 (3388368)|STATEMENT_EXECUTE|[2]
07:20:28.1 (3391807)|HEAP_ALLOCATE|[2]|Bytes:1
07:20:28.1 (3401155)|HEAP_ALLOCATE|[2]|Bytes:1
07:20:28.1 (3411416)|METHOD_ENTRY|[1]|01p6F00000MR2GO|ChildClass.ChildClass()
07:20:28.1 (3416153)|STATEMENT_EXECUTE|[1]
07:20:28.1 (3419219)|STATEMENT_EXECUTE|[1]
07:20:28.1 (3422162)|METHOD_EXIT|[1]|ChildClass
07:20:28.1 (3431614)|HEAP_ALLOCATE|[2]|Bytes:4
07:20:28.1 (3450566)|SYSTEM_MODE_ENTER|false
07:20:28.1 (3468067)|HEAP_ALLOCATE|[2]|Bytes:5
07:20:28.1 (3476998)|CONSTRUCTOR_ENTRY|[2]|01p6F00000MR2GO|<init>()|ChildClass
07:20:28.1 (3493950)|VARIABLE_SCOPE_BEGIN|[1]|this|ChildClass|true|false
07:20:28.1 (3510530)|VARIABLE_ASSIGNMENT|[1]|this|{}|0x26bfc41e
07:20:28.1 (3518570)|CONSTRUCTOR_ENTRY|[EXTERNAL]|01p6F00000MR10y|<init>()|ParentClass
07:20:28.1 (3527359)|VARIABLE_SCOPE_BEGIN|[1]|this|ParentClass|true|false
07:20:28.1 (3538542)|VARIABLE_ASSIGNMENT|[1]|this|{}|0x26bfc41e
07:20:28.1 (3553017)|STATEMENT_EXECUTE|[1]
07:20:28.1 (3556086)|CONSTRUCTOR_EXIT|[EXTERNAL]|01p6F00000MR10y|<init>()|ParentClass
07:20:28.1 (3562077)|STATEMENT_EXECUTE|[1]
07:20:28.1 (3564705)|CONSTRUCTOR_EXIT|[2]|01p6F00000MR2GO|<init>()|ChildClass
07:20:28.1 (3572201)|SYSTEM_MODE_EXIT|false
07:20:28.1 (3585912)|VARIABLE_ASSIGNMENT|[2]|obj2|{}|0x26bfc41e
07:20:28.1 (3592248)|STATEMENT_EXECUTE|[4]
07:20:28.1 (3608601)|SYSTEM_MODE_ENTER|false
07:20:28.1 (3619812)|HEAP_ALLOCATE|[4]|Bytes:5
07:20:28.1 (3640739)|METHOD_ENTRY|[4]|01p6F00000MR10y|ParentClass.write()
07:20:28.1 (3661239)|VARIABLE_SCOPE_BEGIN|[3]|this|ParentClass|true|false
07:20:28.1 (3673983)|VARIABLE_ASSIGNMENT|[3]|this|{}|0x70be9141
07:20:28.1 (3681913)|STATEMENT_EXECUTE|[3]
07:20:28.1 (3683544)|STATEMENT_EXECUTE|[5]
07:20:28.1 (3686331)|HEAP_ALLOCATE|[5]|Bytes:20
07:20:28.1 (3736071)|USER_DEBUG|[5]|DEBUG|This is Parent Class
07:20:28.1 (3749350)|METHOD_EXIT|[4]|01p6F00000MR10y|ParentClass.write()
07:20:28.1 (3756115)|SYSTEM_MODE_EXIT|false
07:20:28.1 (3761161)|STATEMENT_EXECUTE|[6]
07:20:28.1 (3776472)|SYSTEM_MODE_ENTER|false
07:20:28.1 (3787798)|HEAP_ALLOCATE|[6]|Bytes:5
07:20:28.1 (3802460)|METHOD_ENTRY|[6]|01p6F00000MR2GO|ChildClass.write()
07:20:28.1 (3819739)|VARIABLE_SCOPE_BEGIN|[2]|this|ChildClass|true|false
07:20:28.1 (3834736)|VARIABLE_ASSIGNMENT|[2]|this|{}|0x26bfc41e
07:20:28.1 (3842575)|STATEMENT_EXECUTE|[2]
07:20:28.1 (3844069)|STATEMENT_EXECUTE|[3]
07:20:28.1 (3849981)|METHOD_ENTRY|[3]|01p6F00000MR10y|ParentClass.ParentClassAdd()
07:20:28.1 (3870344)|VARIABLE_SCOPE_BEGIN|[8]|this|ParentClass|true|false
07:20:28.1 (3882976)|VARIABLE_ASSIGNMENT|[8]|this|{}|0x26bfc41e
07:20:28.1 (3889790)|STATEMENT_EXECUTE|[8]
07:20:28.1 (3891404)|STATEMENT_EXECUTE|[9]
07:20:28.1 (3895290)|VARIABLE_SCOPE_BEGIN|[9]|IntNum1|Integer|false|false
07:20:28.1 (3905439)|VARIABLE_ASSIGNMENT|[9]|IntNum1|null
07:20:28.1 (3910115)|STATEMENT_EXECUTE|[9]
07:20:28.1 (3912177)|VARIABLE_SCOPE_BEGIN|[9]|IntNum2|Integer|false|false
07:20:28.1 (3919797)|VARIABLE_ASSIGNMENT|[9]|IntNum2|null
07:20:28.1 (3922877)|STATEMENT_EXECUTE|[9]
07:20:28.1 (3925506)|VARIABLE_SCOPE_BEGIN|[9]|IntSum|Integer|false|false
07:20:28.1 (3930929)|HEAP_ALLOCATE|[9]|Bytes:4
07:20:28.1 (3937622)|VARIABLE_ASSIGNMENT|[9]|IntSum|0
07:20:28.1 (3942278)|STATEMENT_EXECUTE|[10]
07:20:28.1 (3980733)|HEAP_ALLOCATE|[10]|Bytes:41
07:20:28.1 (3994604)|METHOD_EXIT|[3]|01p6F00000MR10y|ParentClass.ParentClassAdd()
07:20:28.1 (4001099)|METHOD_EXIT|[6]|01p6F00000MR2GO|ChildClass.write()
07:20:28.1 (4008582)|SYSTEM_MODE_EXIT|false
07:20:28.1 (4095307)|FATAL_ERROR|System.NullPointerException: Attempt to de-reference a null object

Class.ParentClass.ParentClassAdd: line 10, column 1
Class.ChildClass.write: line 3, column 1
AnonymousBlock: line 6, column 1
AnonymousBlock: line 6, column 1
07:20:28.4 (4137656)|CUMULATIVE_LIMIT_USAGE
07:20:28.4 (4137656)|LIMIT_USAGE_FOR_NS|(default)|
  Number of SOQL queries: 0 out of 100
  Number of query rows: 0 out of 50000
  Number of SOSL queries: 0 out of 20
  Number of DML statements: 0 out of 150
  Number of DML rows: 0 out of 10000
  Maximum CPU time: 0 out of 10000
  Maximum heap size: 0 out of 6000000
  Number of callouts: 0 out of 100
  Number of Email Invocations: 0 out of 10
  Number of future calls: 0 out of 50
  Number of queueable jobs added to the queue: 0 out of 50
  Number of Mobile Apex push calls: 0 out of 10

07:20:28.4 (4137656)|CUMULATIVE_LIMIT_USAGE_END

07:20:28.1 (4170988)|CODE_UNIT_FINISHED|execute_anonymous_apex
07:20:28.1 (5286742)|EXECUTION_FINISHED
