44.0 APEX_CODE,FINEST;APEX_PROFILING,INFO;CALLOUT,INFO;DB,INFO;NBA,INFO;SYSTEM,DEBUG;VALIDATION,INFO;VISUALFORCE,INFO;WAVE,INFO;WORKFLOW,INFO
Execute Anonymous: ParentClass obj1, obj2;
Execute Anonymous: obj1 = new ParentClass();
Execute Anonymous: obj1.write();
Execute Anonymous: obj2 = new ChildClass();
Execute Anonymous: obj2.write();
Execute Anonymous: obj2.ParentClassAdd();
05:31:44.1 (1180338)|USER_INFO|[EXTERNAL]|0056F00000ATCAZ|ayman.shaikh@gmail.com|Pacific Standard Time|GMT-07:00
05:31:44.1 (1200506)|EXECUTION_STARTED
05:31:44.1 (1204318)|CODE_UNIT_STARTED|[EXTERNAL]|execute_anonymous_apex
05:31:44.1 (13932711)|VARIABLE_SCOPE_BEGIN|[1]|obj1|ParentClass|true|false
05:31:44.1 (13954811)|VARIABLE_SCOPE_BEGIN|[1]|obj2|ParentClass|true|false
05:31:44.1 (14097895)|HEAP_ALLOCATE|[72]|Bytes:3
05:31:44.1 (14150614)|HEAP_ALLOCATE|[77]|Bytes:152
05:31:44.1 (14165556)|HEAP_ALLOCATE|[342]|Bytes:408
05:31:44.1 (14178480)|HEAP_ALLOCATE|[355]|Bytes:408
05:31:44.1 (14189520)|HEAP_ALLOCATE|[467]|Bytes:48
05:31:44.1 (14216936)|HEAP_ALLOCATE|[139]|Bytes:6
05:31:44.1 (14241353)|HEAP_ALLOCATE|[EXTERNAL]|Bytes:11
05:31:44.1 (14283385)|STATEMENT_EXECUTE|[1]
05:31:44.1 (14286467)|STATEMENT_EXECUTE|[1]
05:31:44.1 (14307610)|VARIABLE_ASSIGNMENT|[1]|obj1|null|
05:31:44.1 (14313105)|STATEMENT_EXECUTE|[1]
05:31:44.1 (14318661)|VARIABLE_ASSIGNMENT|[1]|obj2|null|
05:31:44.1 (14322678)|STATEMENT_EXECUTE|[2]
05:31:44.1 (14326531)|HEAP_ALLOCATE|[2]|Bytes:4
05:31:44.1 (14330795)|HEAP_ALLOCATE|[2]|Bytes:4
05:31:44.1 (14357627)|METHOD_ENTRY|[1]|01p6F00000MR10y|ParentClass.ParentClass()
05:31:44.1 (14363974)|STATEMENT_EXECUTE|[1]
05:31:44.1 (14368163)|STATEMENT_EXECUTE|[1]
05:31:44.1 (14372155)|METHOD_EXIT|[1]|ParentClass
05:31:44.1 (14387823)|HEAP_ALLOCATE|[2]|Bytes:4
05:31:44.1 (14419249)|HEAP_ALLOCATE|[50]|Bytes:5
05:31:44.1 (14442930)|HEAP_ALLOCATE|[56]|Bytes:5
05:31:44.1 (14451272)|HEAP_ALLOCATE|[64]|Bytes:7
05:31:44.1 (14467711)|SYSTEM_MODE_ENTER|false
05:31:44.1 (14496854)|HEAP_ALLOCATE|[2]|Bytes:5
05:31:44.1 (14506865)|CONSTRUCTOR_ENTRY|[2]|01p6F00000MR10y|<init>()|ParentClass
05:31:44.1 (14533677)|VARIABLE_SCOPE_BEGIN|[1]|this|ParentClass|true|false
05:31:44.1 (14564021)|VARIABLE_ASSIGNMENT|[1]|this|{}|0x62979220
05:31:44.1 (14574934)|HEAP_ALLOCATE|[EXTERNAL]|Bytes:6
05:31:44.1 (14607608)|STATEMENT_EXECUTE|[1]
05:31:44.1 (14612687)|CONSTRUCTOR_EXIT|[2]|01p6F00000MR10y|<init>()|ParentClass
05:31:44.1 (14623416)|SYSTEM_MODE_EXIT|false
05:31:44.1 (14639329)|VARIABLE_ASSIGNMENT|[2]|obj1|{}|0x62979220
05:31:44.1 (14644923)|STATEMENT_EXECUTE|[3]
05:31:44.1 (14664845)|SYSTEM_MODE_ENTER|false
05:31:44.1 (14681703)|HEAP_ALLOCATE|[3]|Bytes:5
05:31:44.1 (14707478)|METHOD_ENTRY|[3]|01p6F00000MR10y|ParentClass.write()
05:31:44.1 (14729399)|VARIABLE_SCOPE_BEGIN|[3]|this|ParentClass|true|false
05:31:44.1 (14743770)|VARIABLE_ASSIGNMENT|[3]|this|{}|0x62979220
05:31:44.1 (14751669)|STATEMENT_EXECUTE|[3]
05:31:44.1 (14753335)|STATEMENT_EXECUTE|[5]
05:31:44.1 (14756484)|HEAP_ALLOCATE|[5]|Bytes:20
05:31:44.1 (14810414)|USER_DEBUG|[5]|DEBUG|This is Parent Class
05:31:44.1 (14823183)|METHOD_EXIT|[3]|01p6F00000MR10y|ParentClass.write()
05:31:44.1 (14829917)|SYSTEM_MODE_EXIT|false
05:31:44.1 (14835209)|STATEMENT_EXECUTE|[4]
05:31:44.1 (23427559)|HEAP_ALLOCATE|[4]|Bytes:1
05:31:44.1 (23441867)|HEAP_ALLOCATE|[4]|Bytes:1
05:31:44.1 (23462983)|METHOD_ENTRY|[1]|01p6F00000MR2GO|ChildClass.ChildClass()
05:31:44.1 (23469614)|STATEMENT_EXECUTE|[1]
05:31:44.1 (23475123)|STATEMENT_EXECUTE|[1]
05:31:44.1 (23480308)|METHOD_EXIT|[1]|ChildClass
05:31:44.1 (23496524)|HEAP_ALLOCATE|[4]|Bytes:4
05:31:44.1 (23523159)|SYSTEM_MODE_ENTER|false
05:31:44.1 (23539159)|HEAP_ALLOCATE|[4]|Bytes:5
05:31:44.1 (23565865)|CONSTRUCTOR_ENTRY|[4]|01p6F00000MR2GO|<init>()|ChildClass
05:31:44.1 (23593505)|VARIABLE_SCOPE_BEGIN|[1]|this|ChildClass|true|false
05:31:44.1 (23624090)|VARIABLE_ASSIGNMENT|[1]|this|{}|0x682c1623
05:31:44.1 (23632921)|CONSTRUCTOR_ENTRY|[EXTERNAL]|01p6F00000MR10y|<init>()|ParentClass
05:31:44.1 (23644214)|VARIABLE_SCOPE_BEGIN|[1]|this|ParentClass|true|false
05:31:44.1 (23656400)|VARIABLE_ASSIGNMENT|[1]|this|{}|0x682c1623
05:31:44.1 (23679171)|STATEMENT_EXECUTE|[1]
05:31:44.1 (23684522)|CONSTRUCTOR_EXIT|[EXTERNAL]|01p6F00000MR10y|<init>()|ParentClass
05:31:44.1 (23690181)|STATEMENT_EXECUTE|[1]
05:31:44.1 (23692649)|CONSTRUCTOR_EXIT|[4]|01p6F00000MR2GO|<init>()|ChildClass
05:31:44.1 (23700786)|SYSTEM_MODE_EXIT|false
05:31:44.1 (23723287)|VARIABLE_ASSIGNMENT|[4]|obj2|{}|0x682c1623
05:31:44.1 (23728984)|STATEMENT_EXECUTE|[5]
05:31:44.1 (23748562)|SYSTEM_MODE_ENTER|false
05:31:44.1 (23759785)|HEAP_ALLOCATE|[5]|Bytes:5
05:31:44.1 (23782095)|METHOD_ENTRY|[5]|01p6F00000MR2GO|ChildClass.write()
05:31:44.1 (23809772)|VARIABLE_SCOPE_BEGIN|[2]|this|ChildClass|true|false
05:31:44.1 (23823763)|VARIABLE_ASSIGNMENT|[2]|this|{}|0x682c1623
05:31:44.1 (23831647)|STATEMENT_EXECUTE|[2]
05:31:44.1 (23833284)|STATEMENT_EXECUTE|[4]
05:31:44.1 (23836610)|HEAP_ALLOCATE|[4]|Bytes:19
05:31:44.1 (23876636)|USER_DEBUG|[4]|DEBUG|This is ChildClass.
05:31:44.1 (23888563)|METHOD_EXIT|[5]|01p6F00000MR2GO|ChildClass.write()
05:31:44.1 (23894244)|SYSTEM_MODE_EXIT|false
05:31:44.1 (23899777)|STATEMENT_EXECUTE|[6]
05:31:44.1 (23916158)|SYSTEM_MODE_ENTER|false
05:31:44.1 (23926173)|HEAP_ALLOCATE|[6]|Bytes:5
05:31:44.1 (23934985)|METHOD_ENTRY|[6]|01p6F00000MR10y|ParentClass.ParentClassAdd()
05:31:44.1 (23952536)|VARIABLE_SCOPE_BEGIN|[11]|this|ParentClass|true|false
05:31:44.1 (23965925)|VARIABLE_ASSIGNMENT|[11]|this|{}|0x682c1623
05:31:44.1 (23973234)|STATEMENT_EXECUTE|[11]
05:31:44.1 (23974978)|STATEMENT_EXECUTE|[12]
05:31:44.1 (23980267)|VARIABLE_SCOPE_BEGIN|[12]|IntNum1|Integer|false|false
05:31:44.1 (23994896)|VARIABLE_ASSIGNMENT|[12]|IntNum1|null
05:31:44.1 (24012598)|STATEMENT_EXECUTE|[12]
05:31:44.1 (24016523)|VARIABLE_SCOPE_BEGIN|[12]|IntNum2|Integer|false|false
05:31:44.1 (24024259)|VARIABLE_ASSIGNMENT|[12]|IntNum2|null
05:31:44.1 (24041583)|STATEMENT_EXECUTE|[12]
05:31:44.1 (24045560)|VARIABLE_SCOPE_BEGIN|[12]|IntSum|Integer|false|false
05:31:44.1 (24053010)|HEAP_ALLOCATE|[12]|Bytes:4
05:31:44.1 (24059630)|VARIABLE_ASSIGNMENT|[12]|IntSum|0
05:31:44.1 (24063795)|STATEMENT_EXECUTE|[13]
05:31:44.1 (24215649)|HEAP_ALLOCATE|[13]|Bytes:41
05:31:44.1 (24238238)|METHOD_EXIT|[6]|01p6F00000MR10y|ParentClass.ParentClassAdd()
05:31:44.1 (24247782)|SYSTEM_MODE_EXIT|false
05:31:44.1 (24426339)|FATAL_ERROR|System.NullPointerException: Attempt to de-reference a null object

Class.ParentClass.ParentClassAdd: line 13, column 1
AnonymousBlock: line 6, column 1
AnonymousBlock: line 6, column 1
05:31:44.24 (24471012)|CUMULATIVE_LIMIT_USAGE
05:31:44.24 (24471012)|LIMIT_USAGE_FOR_NS|(default)|
  Number of SOQL queries: 0 out of 100
  Number of query rows: 0 out of 50000
  Number of SOSL queries: 0 out of 20
  Number of DML statements: 0 out of 150
  Number of DML rows: 0 out of 10000
  Maximum CPU time: 0 out of 10000
  Maximum heap size: 0 out of 6000000
  Number of callouts: 0 out of 100
  Number of Email Invocations: 0 out of 10
  Number of future calls: 0 out of 50
  Number of queueable jobs added to the queue: 0 out of 50
  Number of Mobile Apex push calls: 0 out of 10

05:31:44.24 (24471012)|CUMULATIVE_LIMIT_USAGE_END

05:31:44.1 (24511725)|CODE_UNIT_FINISHED|execute_anonymous_apex
05:31:44.1 (25506421)|EXECUTION_FINISHED
