44.0 APEX_CODE,DEBUG;APEX_PROFILING,INFO;CALLOUT,INFO;DB,INFO;NBA,INFO;SYSTEM,DEBUG;VALIDATION,INFO;VISUALFORCE,DEBUG;WAVE,INFO;WORKFLOW,INFO
06:06:32.0 (870782)|USER_INFO|[EXTERNAL]|0056F00000ATCAZ|ayman.shaikh@gmail.com|Pacific Standard Time|GMT-07:00
06:06:32.0 (900469)|EXECUTION_STARTED
06:06:32.0 (904571)|CODE_UNIT_STARTED|[EXTERNAL]|Validation:Employee:a056F00000lJzNL
06:06:32.0 (915411)|VALIDATION_RULE|03d6F000001EXpW|Resignation_Date_rule
06:06:32.0 (1094683)|VALIDATION_FORMULA|Is_on_Notice_Period__c= true && ISBLANK(Resignation_Date__c)|Is_on_Notice_Period__c=0 , Resignation_Date__c=2018-10-19 00:00:00
06:06:32.0 (1101719)|VALIDATION_PASS
06:06:32.0 (1102996)|VALIDATION_RULE|03d6F000001EXr8|Restrict_DOB
06:06:32.0 (1299834)|VALIDATION_FORMULA|Age__c  <= 18|Age__c=25
06:06:32.0 (1305856)|VALIDATION_PASS
06:06:32.0 (1306862)|VALIDATION_RULE|03d6F000001EWg3|Check_Dates
06:06:32.0 (1430154)|VALIDATION_FORMULA|Last_Working_Day__c  <  Date_of_Joining__c|Last_Working_Day__c=2018-12-18 00:00:00 , Date_of_Joining__c=2018-10-03 00:00:00
06:06:32.0 (1435704)|VALIDATION_PASS
06:06:32.0 (1436791)|VALIDATION_RULE|03d6F000001EWfy|Notice_Period
06:06:32.0 (1495323)|VALIDATION_FORMULA|Is_on_Notice_Period__c  = true && ISBLANK( Resignation_Date__c )|Is_on_Notice_Period__c=0 , Resignation_Date__c=2018-10-19 00:00:00
06:06:32.0 (1499505)|VALIDATION_PASS
06:06:32.0 (1763588)|CODE_UNIT_FINISHED|Validation:Employee:a056F00000lJzNL
06:06:32.0 (1771157)|EXECUTION_FINISHED
06:06:32.39 (39118201)|USER_INFO|[EXTERNAL]|0056F00000ATCAZ|ayman.shaikh@gmail.com|Pacific Standard Time|GMT-07:00
06:06:32.39 (39137629)|EXECUTION_STARTED
06:06:32.39 (39141168)|CODE_UNIT_STARTED|[EXTERNAL]|Workflow:01I6F000002DSKA
06:06:32.39 (49466716)|WF_RULE_EVAL_BEGIN|Workflow
06:06:32.39 (49490018)|WF_CRITERIA_BEGIN|[Employee: EMP-000006 a056F00000lJzNL]|one to one|01Q6F0000015jKG|ON_ALL_CHANGES|0
06:06:32.39 (50884541)|WF_RULE_FILTER|[Employee : Employees ID not equal to NULL]
06:06:32.39 (50903459)|WF_RULE_EVAL_VALUE|EMP-000006
06:06:32.39 (50907358)|WF_CRITERIA_END|true
06:06:32.39 (51458141)|WF_CRITERIA_BEGIN|[Employee: EMP-000006 a056F00000lJzNL]|Record deactivated|01Q6F0000015jIy|ON_CREATE_OR_TRIGGERING_UPDATE|0
06:06:32.39 (51757480)|WF_FORMULA|Formula:ENCODED:[treatNullAsNull]NOT({!ID:00N6F00000RfoKy})|Values:Is_Active__c=0
06:06:32.39 (51765166)|WF_CRITERIA_END|true
06:06:32.39 (51780308)|WF_SPOOL_ACTION_BEGIN|Workflow
06:06:32.39 (51996724)|WF_RULE_INVOCATION|[Employee: EMP-000006 a056F00000lJzNL]
06:06:32.39 (52005052)|WF_EMAIL_ALERT|Id=01W6F000000kHXy|CurrentRule:Record deactivated (Id=01Q6F0000015jIy)
06:06:32.39 (84930802)|WF_EMAIL_SENT|Template:00X6F0000027G3n|Recipients:ayman.shaikh@eternussolutions.com |CcEmails:
06:06:32.39 (84962090)|WF_ACTION| Field Update: 1; Email Alert: 1;
06:06:32.39 (84966537)|WF_RULE_EVAL_END
06:06:32.39 (85154532)|WF_ACTIONS_END| Field Update: 1; Email Alert: 1;
06:06:32.39 (85163461)|CODE_UNIT_FINISHED|Workflow:01I6F000002DSKA
06:06:32.39 (85169734)|EXECUTION_FINISHED
