44.0 APEX_CODE,FINEST;APEX_PROFILING,INFO;CALLOUT,INFO;DB,INFO;NBA,INFO;SYSTEM,DEBUG;VALIDATION,INFO;VISUALFORCE,INFO;WAVE,INFO;WORKFLOW,INFO
Execute Anonymous: ChildClass obj2 = new ChildClass();
Execute Anonymous: obj2.write();
07:40:53.1 (1212095)|USER_INFO|[EXTERNAL]|0056F00000ATCAZ|ayman.shaikh@gmail.com|Pacific Standard Time|GMT-07:00
07:40:53.1 (1248422)|EXECUTION_STARTED
07:40:53.1 (1252875)|CODE_UNIT_STARTED|[EXTERNAL]|execute_anonymous_apex
07:40:53.1 (3036477)|VARIABLE_SCOPE_BEGIN|[1]|obj2|ChildClass|true|false
07:40:53.1 (3166480)|HEAP_ALLOCATE|[72]|Bytes:3
07:40:53.1 (3205800)|HEAP_ALLOCATE|[77]|Bytes:152
07:40:53.1 (3219185)|HEAP_ALLOCATE|[342]|Bytes:408
07:40:53.1 (3232185)|HEAP_ALLOCATE|[355]|Bytes:408
07:40:53.1 (3243628)|HEAP_ALLOCATE|[467]|Bytes:48
07:40:53.1 (3270626)|HEAP_ALLOCATE|[139]|Bytes:6
07:40:53.1 (3294976)|HEAP_ALLOCATE|[EXTERNAL]|Bytes:3
07:40:53.1 (3326163)|STATEMENT_EXECUTE|[1]
07:40:53.1 (3329148)|STATEMENT_EXECUTE|[1]
07:40:53.1 (3333743)|HEAP_ALLOCATE|[1]|Bytes:1
07:40:53.1 (3362163)|METHOD_ENTRY|[1]|01p6F00000MR2GO|ChildClass.ChildClass()
07:40:53.1 (3368576)|STATEMENT_EXECUTE|[1]
07:40:53.1 (3372557)|STATEMENT_EXECUTE|[1]
07:40:53.1 (3377468)|METHOD_EXIT|[1]|ChildClass
07:40:53.1 (3396730)|HEAP_ALLOCATE|[1]|Bytes:4
07:40:53.1 (3431673)|HEAP_ALLOCATE|[50]|Bytes:5
07:40:53.1 (3459842)|HEAP_ALLOCATE|[56]|Bytes:5
07:40:53.1 (3468368)|HEAP_ALLOCATE|[64]|Bytes:7
07:40:53.1 (3488700)|SYSTEM_MODE_ENTER|false
07:40:53.1 (3522075)|HEAP_ALLOCATE|[1]|Bytes:5
07:40:53.1 (3534712)|CONSTRUCTOR_ENTRY|[1]|01p6F00000MR2GO|<init>()|ChildClass
07:40:53.1 (3561447)|VARIABLE_SCOPE_BEGIN|[1]|this|ChildClass|true|false
07:40:53.1 (3602217)|VARIABLE_ASSIGNMENT|[1]|this|{}|0x4ae9c063
07:40:53.1 (3613878)|HEAP_ALLOCATE|[EXTERNAL]|Bytes:3
07:40:53.1 (3619855)|HEAP_ALLOCATE|[EXTERNAL]|Bytes:4
07:40:53.1 (3632244)|METHOD_ENTRY|[1]|01p6F00000MR10y|ParentClass.ParentClass()
07:40:53.1 (3637086)|STATEMENT_EXECUTE|[1]
07:40:53.1 (3640553)|STATEMENT_EXECUTE|[1]
07:40:53.1 (3644142)|METHOD_EXIT|[1]|ParentClass
07:40:53.1 (3650428)|CONSTRUCTOR_ENTRY|[EXTERNAL]|01p6F00000MR10y|<init>()|ParentClass
07:40:53.1 (3664244)|VARIABLE_SCOPE_BEGIN|[1]|this|ParentClass|true|false
07:40:53.1 (3678765)|VARIABLE_ASSIGNMENT|[1]|this|{}|0x4ae9c063
07:40:53.1 (3687729)|HEAP_ALLOCATE|[EXTERNAL]|Bytes:6
07:40:53.1 (3730246)|STATEMENT_EXECUTE|[1]
07:40:53.1 (3735110)|CONSTRUCTOR_EXIT|[EXTERNAL]|01p6F00000MR10y|<init>()|ParentClass
07:40:53.1 (3741752)|STATEMENT_EXECUTE|[1]
07:40:53.1 (3744390)|CONSTRUCTOR_EXIT|[1]|01p6F00000MR2GO|<init>()|ChildClass
07:40:53.1 (3754313)|SYSTEM_MODE_EXIT|false
07:40:53.1 (3773445)|VARIABLE_ASSIGNMENT|[1]|obj2|{}|0x4ae9c063
07:40:53.1 (3779856)|STATEMENT_EXECUTE|[2]
07:40:53.1 (3804530)|SYSTEM_MODE_ENTER|false
07:40:53.1 (3825865)|HEAP_ALLOCATE|[2]|Bytes:5
07:40:53.1 (3854407)|METHOD_ENTRY|[2]|01p6F00000MR2GO|ChildClass.write()
07:40:53.1 (3879044)|VARIABLE_SCOPE_BEGIN|[3]|this|ChildClass|true|false
07:40:53.1 (3895878)|VARIABLE_ASSIGNMENT|[3]|this|{}|0x4ae9c063
07:40:53.1 (3905420)|STATEMENT_EXECUTE|[3]
07:40:53.1 (3907291)|STATEMENT_EXECUTE|[4]
07:40:53.1 (3919465)|METHOD_ENTRY|[4]|01p6F00000MR10y|ParentClass.ParentClassAdd()
07:40:53.1 (3950878)|VARIABLE_SCOPE_BEGIN|[8]|this|ParentClass|true|false
07:40:53.1 (3964739)|VARIABLE_ASSIGNMENT|[8]|this|{}|0x4ae9c063
07:40:53.1 (3971614)|STATEMENT_EXECUTE|[8]
07:40:53.1 (3973460)|STATEMENT_EXECUTE|[9]
07:40:53.1 (3977821)|VARIABLE_SCOPE_BEGIN|[9]|IntNum1|Integer|false|false
07:40:53.1 (3988234)|VARIABLE_ASSIGNMENT|[9]|IntNum1|null
07:40:53.1 (3992625)|STATEMENT_EXECUTE|[9]
07:40:53.1 (3994813)|VARIABLE_SCOPE_BEGIN|[9]|IntNum2|Integer|false|false
07:40:53.1 (4002856)|VARIABLE_ASSIGNMENT|[9]|IntNum2|null
07:40:53.1 (4007402)|STATEMENT_EXECUTE|[9]
07:40:53.1 (4010979)|VARIABLE_SCOPE_BEGIN|[9]|IntSum|Integer|false|false
07:40:53.1 (4017940)|HEAP_ALLOCATE|[9]|Bytes:4
07:40:53.1 (4025143)|VARIABLE_ASSIGNMENT|[9]|IntSum|0
07:40:53.1 (4029442)|STATEMENT_EXECUTE|[10]
07:40:53.1 (4073975)|HEAP_ALLOCATE|[10]|Bytes:41
07:40:53.1 (4090518)|METHOD_EXIT|[4]|01p6F00000MR10y|ParentClass.ParentClassAdd()
07:40:53.1 (4097629)|METHOD_EXIT|[2]|01p6F00000MR2GO|ChildClass.write()
07:40:53.1 (4112903)|SYSTEM_MODE_EXIT|false
07:40:53.1 (4277411)|FATAL_ERROR|System.NullPointerException: Attempt to de-reference a null object

Class.ParentClass.ParentClassAdd: line 10, column 1
Class.ChildClass.write: line 4, column 1
AnonymousBlock: line 2, column 1
AnonymousBlock: line 2, column 1
07:40:53.4 (4328909)|CUMULATIVE_LIMIT_USAGE
07:40:53.4 (4328909)|LIMIT_USAGE_FOR_NS|(default)|
  Number of SOQL queries: 0 out of 100
  Number of query rows: 0 out of 50000
  Number of SOSL queries: 0 out of 20
  Number of DML statements: 0 out of 150
  Number of DML rows: 0 out of 10000
  Maximum CPU time: 0 out of 10000
  Maximum heap size: 0 out of 6000000
  Number of callouts: 0 out of 100
  Number of Email Invocations: 0 out of 10
  Number of future calls: 0 out of 50
  Number of queueable jobs added to the queue: 0 out of 50
  Number of Mobile Apex push calls: 0 out of 10

07:40:53.4 (4328909)|CUMULATIVE_LIMIT_USAGE_END

07:40:53.1 (4364777)|CODE_UNIT_FINISHED|execute_anonymous_apex
07:40:53.1 (5188536)|EXECUTION_FINISHED
