43.0 APEX_CODE,FINEST;APEX_PROFILING,INFO;CALLOUT,INFO;DB,INFO;NBA,INFO;SYSTEM,DEBUG;VALIDATION,INFO;VISUALFORCE,INFO;WAVE,INFO;WORKFLOW,INFO
Execute Anonymous: ParentToChild objParentToChild = new ParentToChild();
Execute Anonymous: objParentToChild.AccountToOpp();
Execute Anonymous: 
08:02:24.33 (33543076)|USER_INFO|[EXTERNAL]|0056F00000ATCAZ|ayman.shaikh@gmail.com|Pacific Standard Time|GMT-08:00
08:02:24.33 (33570834)|EXECUTION_STARTED
08:02:24.33 (33577012)|CODE_UNIT_STARTED|[EXTERNAL]|execute_anonymous_apex
08:02:24.33 (39797514)|VARIABLE_SCOPE_BEGIN|[1]|objParentToChild|ParentToChild|true|false
08:02:24.33 (40267055)|HEAP_ALLOCATE|[72]|Bytes:3
08:02:24.33 (40312920)|HEAP_ALLOCATE|[77]|Bytes:152
08:02:24.33 (40328035)|HEAP_ALLOCATE|[342]|Bytes:408
08:02:24.33 (40340430)|HEAP_ALLOCATE|[355]|Bytes:408
08:02:24.33 (40352616)|HEAP_ALLOCATE|[467]|Bytes:48
08:02:24.33 (40380876)|HEAP_ALLOCATE|[139]|Bytes:6
08:02:24.33 (40402750)|HEAP_ALLOCATE|[EXTERNAL]|Bytes:3
08:02:24.33 (40455527)|STATEMENT_EXECUTE|[1]
08:02:24.33 (40458435)|STATEMENT_EXECUTE|[1]
08:02:24.33 (40462468)|HEAP_ALLOCATE|[1]|Bytes:7
08:02:24.33 (40468727)|HEAP_ALLOCATE|[1]|Bytes:8
08:02:24.33 (40499616)|METHOD_ENTRY|[1]|01p6F00000MRjNH|ParentToChild.ParentToChild()
08:02:24.33 (40506833)|STATEMENT_EXECUTE|[1]
08:02:24.33 (40510731)|STATEMENT_EXECUTE|[1]
08:02:24.33 (40515061)|METHOD_EXIT|[1]|ParentToChild
08:02:24.33 (40529592)|HEAP_ALLOCATE|[1]|Bytes:4
08:02:24.33 (40561316)|HEAP_ALLOCATE|[50]|Bytes:5
08:02:24.33 (40579574)|HEAP_ALLOCATE|[56]|Bytes:5
08:02:24.33 (40588529)|HEAP_ALLOCATE|[64]|Bytes:7
08:02:24.33 (40608409)|SYSTEM_MODE_ENTER|false
08:02:24.33 (40638124)|HEAP_ALLOCATE|[1]|Bytes:5
08:02:24.33 (40649356)|CONSTRUCTOR_ENTRY|[1]|01p6F00000MRjNH|<init>()|ParentToChild
08:02:24.33 (40680289)|VARIABLE_SCOPE_BEGIN|[1]|this|ParentToChild|true|false
08:02:24.33 (40725165)|VARIABLE_ASSIGNMENT|[1]|this|{}|0x7554f23f
08:02:24.33 (40736325)|HEAP_ALLOCATE|[EXTERNAL]|Bytes:6
08:02:24.33 (40771940)|STATEMENT_EXECUTE|[1]
08:02:24.33 (40777241)|CONSTRUCTOR_EXIT|[1]|01p6F00000MRjNH|<init>()|ParentToChild
08:02:24.33 (40789252)|SYSTEM_MODE_EXIT|false
08:02:24.33 (40811717)|VARIABLE_ASSIGNMENT|[1]|objParentToChild|{}|0x7554f23f
08:02:24.33 (40818406)|STATEMENT_EXECUTE|[2]
08:02:24.33 (40838091)|SYSTEM_MODE_ENTER|false
08:02:24.33 (40854136)|HEAP_ALLOCATE|[2]|Bytes:5
08:02:24.33 (40880853)|METHOD_ENTRY|[2]|01p6F00000MRjNH|ParentToChild.AccountToOpp()
08:02:24.33 (40905011)|VARIABLE_SCOPE_BEGIN|[20]|this|ParentToChild|true|false
08:02:24.33 (40918542)|VARIABLE_ASSIGNMENT|[20]|this|{}|0x7554f23f
08:02:24.33 (40927240)|STATEMENT_EXECUTE|[20]
08:02:24.33 (40928997)|STATEMENT_EXECUTE|[21]
08:02:24.33 (40932062)|HEAP_ALLOCATE|[21]|Bytes:102
08:02:24.33 (40952122)|HEAP_ALLOCATE|[21]|Bytes:4
08:02:24.33 (41323782)|SOQL_EXECUTE_BEGIN|[21]|Aggregations:1|SELECT Id, Name, (SELECT Id, StageName FROM Opportunities WHERE StageName = 'Closed Won') FROM Account
08:02:24.33 (54881020)|SOQL_EXECUTE_END|[21]|Rows:18
08:02:24.33 (54985052)|HEAP_ALLOCATE|[21]|Bytes:76
08:02:24.33 (55074433)|HEAP_ALLOCATE|[21]|Bytes:2662
08:02:24.33 (55250087)|HEAP_ALLOCATE|[21]|Bytes:76
08:02:24.33 (55276238)|VARIABLE_SCOPE_BEGIN|[21]|AccList|List<Account>|true|false
08:02:24.33 (55314482)|VARIABLE_ASSIGNMENT|[21]|AccList|"List of size 18 too large to display"|0x116a1085
08:02:24.33 (55327565)|STATEMENT_EXECUTE|[35]
08:02:24.33 (55538117)|USER_DEBUG|[35]|DEBUG|(Account:{Id=0016F00002o0fjCQAQ, Name=sForce}, Account:{Id=0016F00002o0fj8QAA, Name=University of Arizona}, Account:{Id=0016F00002o0fj6QAA, Name=United Oil & Gas Corp.}, Account:{Id=0016F00002o0fjBQAQ, Name=GenePoint}, Account:{Id=0016F00002o0fj9QAA, Name=United Oil & Gas, UK}, Account:{Id=0016F00002o0fjAQAQ, Name=United Oil & Gas, Singapore}, Account:{Id=0016F00002o0fj1QAA, Name=Edge Communications}, Account:{Id=0016F00002o0fj2QAA, Name=Burlington Textiles Corp of America}, Account:{Id=0016F00002o0fj3QAA, Name=Pyramid Construction Inc.}, Account:{Id=0016F00002o0fj4QAA, Name=Dickenson plc}, ...)
08:02:24.33 (55578649)|METHOD_EXIT|[2]|01p6F00000MRjNH|ParentToChild.AccountToOpp()
08:02:24.33 (55592737)|SYSTEM_MODE_EXIT|false
08:02:24.55 (55641763)|CUMULATIVE_LIMIT_USAGE
08:02:24.55 (55641763)|LIMIT_USAGE_FOR_NS|(default)|
  Number of SOQL queries: 1 out of 100
  Number of query rows: 37 out of 50000
  Number of SOSL queries: 0 out of 20
  Number of DML statements: 0 out of 150
  Number of DML rows: 0 out of 10000
  Maximum CPU time: 0 out of 10000
  Maximum heap size: 0 out of 6000000
  Number of callouts: 0 out of 100
  Number of Email Invocations: 0 out of 10
  Number of future calls: 0 out of 50
  Number of queueable jobs added to the queue: 0 out of 50
  Number of Mobile Apex push calls: 0 out of 10

08:02:24.55 (55641763)|CUMULATIVE_LIMIT_USAGE_END

08:02:24.33 (55692462)|CODE_UNIT_FINISHED|execute_anonymous_apex
08:02:24.33 (57057708)|EXECUTION_FINISHED
