44.0 APEX_CODE,FINEST;APEX_PROFILING,INFO;CALLOUT,INFO;DB,INFO;NBA,INFO;SYSTEM,DEBUG;VALIDATION,INFO;VISUALFORCE,INFO;WAVE,INFO;WORKFLOW,INFO
Execute Anonymous: Array_Operations obj = new Array_Operations();
Execute Anonymous: obj.Duplicate();
04:34:30.1 (1114428)|USER_INFO|[EXTERNAL]|0056F00000ATCAZ|ayman.shaikh@gmail.com|Pacific Standard Time|GMT-07:00
04:34:30.1 (1142189)|EXECUTION_STARTED
04:34:30.1 (1146515)|CODE_UNIT_STARTED|[EXTERNAL]|execute_anonymous_apex
04:34:30.1 (8654676)|VARIABLE_SCOPE_BEGIN|[1]|obj|Array_Operations|true|false
04:34:30.1 (8776351)|HEAP_ALLOCATE|[72]|Bytes:3
04:34:30.1 (8813785)|HEAP_ALLOCATE|[77]|Bytes:152
04:34:30.1 (8826341)|HEAP_ALLOCATE|[342]|Bytes:408
04:34:30.1 (8838024)|HEAP_ALLOCATE|[355]|Bytes:408
04:34:30.1 (8851998)|HEAP_ALLOCATE|[467]|Bytes:48
04:34:30.1 (8877859)|HEAP_ALLOCATE|[139]|Bytes:6
04:34:30.1 (8902172)|HEAP_ALLOCATE|[EXTERNAL]|Bytes:3
04:34:30.1 (8931069)|STATEMENT_EXECUTE|[1]
04:34:30.1 (8933487)|STATEMENT_EXECUTE|[1]
04:34:30.1 (8937310)|HEAP_ALLOCATE|[1]|Bytes:13
04:34:30.1 (8942828)|HEAP_ALLOCATE|[1]|Bytes:28
04:34:30.1 (8970352)|METHOD_ENTRY|[1]|01p6F00000MPtB2|Array_Operations.Array_Operations()
04:34:30.1 (8976208)|STATEMENT_EXECUTE|[1]
04:34:30.1 (8979812)|STATEMENT_EXECUTE|[1]
04:34:30.1 (9006522)|HEAP_ALLOCATE|[50]|Bytes:5
04:34:30.1 (9028517)|HEAP_ALLOCATE|[56]|Bytes:5
04:34:30.1 (9037445)|HEAP_ALLOCATE|[64]|Bytes:7
04:34:30.1 (9053115)|SYSTEM_MODE_ENTER|false
04:34:30.1 (9066316)|HEAP_ALLOCATE|[1]|Bytes:5
04:34:30.1 (9075655)|SYSTEM_MODE_EXIT|false
04:34:30.1 (9084820)|METHOD_EXIT|[1]|Array_Operations
04:34:30.1 (9123088)|HEAP_ALLOCATE|[1]|Bytes:8
04:34:30.1 (9152973)|SYSTEM_MODE_ENTER|false
04:34:30.1 (9173740)|HEAP_ALLOCATE|[1]|Bytes:5
04:34:30.1 (9187744)|CONSTRUCTOR_ENTRY|[1]|01p6F00000MPtB2|<init>()|Array_Operations
04:34:30.1 (9212573)|VARIABLE_SCOPE_BEGIN|[1]|this|Array_Operations|true|false
04:34:30.1 (9261297)|VARIABLE_ASSIGNMENT|[1]|this|{}|0x823d03d
04:34:30.1 (9272323)|HEAP_ALLOCATE|[3]|Bytes:5
04:34:30.1 (9280404)|HEAP_ALLOCATE|[3]|Bytes:6
04:34:30.1 (9315184)|STATEMENT_EXECUTE|[1]
04:34:30.1 (9319892)|HEAP_ALLOCATE|[3]|Bytes:5
04:34:30.1 (9324158)|STATEMENT_EXECUTE|[3]
04:34:30.1 (9336281)|HEAP_ALLOCATE|[3]|Bytes:4
04:34:30.1 (9388413)|HEAP_ALLOCATE|[3]|Bytes:4
04:34:30.1 (9395573)|HEAP_ALLOCATE|[3]|Bytes:4
04:34:30.1 (9399543)|HEAP_ALLOCATE|[3]|Bytes:4
04:34:30.1 (9403572)|HEAP_ALLOCATE|[3]|Bytes:4
04:34:30.1 (9410110)|HEAP_ALLOCATE|[3]|Bytes:4
04:34:30.1 (9415826)|HEAP_ALLOCATE|[3]|Bytes:4
04:34:30.1 (9443040)|HEAP_ALLOCATE|[EXTERNAL]|Bytes:28
04:34:30.1 (9460438)|VARIABLE_ASSIGNMENT|[3]|this.integerList|"List of size 6 too large to display"|0x823d03d
04:34:30.1 (9474727)|CONSTRUCTOR_EXIT|[1]|01p6F00000MPtB2|<init>()|Array_Operations
04:34:30.1 (9482366)|SYSTEM_MODE_EXIT|false
04:34:30.1 (9509431)|VARIABLE_ASSIGNMENT|[1]|obj|{"integerList":"0x529c8114"}|0x823d03d
04:34:30.1 (9516886)|STATEMENT_EXECUTE|[2]
04:34:30.1 (9538665)|SYSTEM_MODE_ENTER|false
04:34:30.1 (9554529)|HEAP_ALLOCATE|[2]|Bytes:5
04:34:30.1 (9576695)|METHOD_ENTRY|[2]|01p6F00000MPtB2|Array_Operations.Duplicate()
04:34:30.1 (9599098)|VARIABLE_SCOPE_BEGIN|[55]|this|Array_Operations|true|false
04:34:30.1 (9618890)|VARIABLE_ASSIGNMENT|[55]|this|{"integerList":"0x529c8114"}|0x823d03d
04:34:30.1 (9632797)|HEAP_ALLOCATE|[58]|Bytes:5
04:34:30.1 (9638499)|STATEMENT_EXECUTE|[56]
04:34:30.1 (9640296)|STATEMENT_EXECUTE|[58]
04:34:30.1 (9644359)|VARIABLE_SCOPE_BEGIN|[58]|count|Integer|false|false
04:34:30.1 (9652337)|HEAP_ALLOCATE|[58]|Bytes:4
04:34:30.1 (9660049)|VARIABLE_ASSIGNMENT|[58]|count|1
04:34:30.1 (9665557)|STATEMENT_EXECUTE|[59]
04:34:30.1 (9667639)|VARIABLE_SCOPE_BEGIN|[59]|i|Integer|false|false
04:34:30.1 (9673840)|HEAP_ALLOCATE|[59]|Bytes:4
04:34:30.1 (9678163)|VARIABLE_ASSIGNMENT|[59]|i|0
04:34:30.1 (9714428)|STATEMENT_EXECUTE|[59]
04:34:30.1 (9717312)|STATEMENT_EXECUTE|[61]
04:34:30.1 (9720650)|VARIABLE_SCOPE_BEGIN|[61]|j|Integer|false|false
04:34:30.1 (9728471)|HEAP_ALLOCATE|[61]|Bytes:4
04:34:30.1 (9734283)|VARIABLE_ASSIGNMENT|[61]|j|1
04:34:30.1 (9753425)|STATEMENT_EXECUTE|[61]
04:34:30.1 (9761490)|HEAP_ALLOCATE|[63]|Bytes:8
04:34:30.1 (9768167)|HEAP_ALLOCATE|[63]|Bytes:8
04:34:30.1 (9772347)|STATEMENT_EXECUTE|[63]
04:34:30.1 (9774916)|HEAP_ALLOCATE|[61]|Bytes:4
04:34:30.1 (9781237)|VARIABLE_ASSIGNMENT|[61]|j|2
04:34:30.1 (9790748)|STATEMENT_EXECUTE|[61]
04:34:30.1 (9793902)|HEAP_ALLOCATE|[63]|Bytes:8
04:34:30.1 (9801946)|HEAP_ALLOCATE|[63]|Bytes:8
04:34:30.1 (9807081)|STATEMENT_EXECUTE|[63]
04:34:30.1 (9808801)|HEAP_ALLOCATE|[61]|Bytes:4
04:34:30.1 (9813301)|VARIABLE_ASSIGNMENT|[61]|j|3
04:34:30.1 (9821997)|STATEMENT_EXECUTE|[61]
04:34:30.1 (9824517)|HEAP_ALLOCATE|[63]|Bytes:8
04:34:30.1 (9828500)|HEAP_ALLOCATE|[63]|Bytes:8
04:34:30.1 (9831742)|STATEMENT_EXECUTE|[63]
04:34:30.1 (9833210)|STATEMENT_EXECUTE|[64]
04:34:30.1 (9834708)|HEAP_ALLOCATE|[64]|Bytes:4
04:34:30.1 (9839595)|VARIABLE_ASSIGNMENT|[64]|count|2
04:34:30.1 (9843312)|STATEMENT_EXECUTE|[65]
04:34:30.1 (9870693)|HEAP_ALLOCATE|[65]|Bytes:4
04:34:30.1 (9880815)|HEAP_ALLOCATE|[61]|Bytes:4
04:34:30.1 (9887008)|VARIABLE_ASSIGNMENT|[61]|j|4
04:34:30.1 (9896603)|STATEMENT_EXECUTE|[61]
04:34:30.1 (9899644)|HEAP_ALLOCATE|[63]|Bytes:8
04:34:30.1 (9904780)|HEAP_ALLOCATE|[63]|Bytes:8
04:34:30.1 (9910583)|STATEMENT_EXECUTE|[63]
04:34:30.1 (9913141)|HEAP_ALLOCATE|[61]|Bytes:4
04:34:30.1 (9918634)|VARIABLE_ASSIGNMENT|[61]|j|5
04:34:30.1 (9928212)|STATEMENT_EXECUTE|[61]
04:34:30.1 (9930894)|HEAP_ALLOCATE|[63]|Bytes:8
04:34:30.1 (9935509)|HEAP_ALLOCATE|[63]|Bytes:8
04:34:30.1 (9939552)|STATEMENT_EXECUTE|[63]
04:34:30.1 (9941010)|STATEMENT_EXECUTE|[64]
04:34:30.1 (9942503)|HEAP_ALLOCATE|[64]|Bytes:4
04:34:30.1 (9947396)|VARIABLE_ASSIGNMENT|[64]|count|3
04:34:30.1 (9951266)|STATEMENT_EXECUTE|[65]
04:34:30.1 (9955422)|HEAP_ALLOCATE|[65]|Bytes:4
04:34:30.1 (9962165)|HEAP_ALLOCATE|[61]|Bytes:4
04:34:30.1 (9969601)|VARIABLE_ASSIGNMENT|[61]|j|6
04:34:30.1 (9978076)|STATEMENT_EXECUTE|[61]
04:34:30.1 (9980589)|HEAP_ALLOCATE|[63]|Bytes:8
04:34:30.1 (10022049)|HEAP_ALLOCATE|[63]|Bytes:31
04:34:30.1 (10037123)|METHOD_EXIT|[2]|01p6F00000MPtB2|Array_Operations.Duplicate()
04:34:30.1 (10044028)|SYSTEM_MODE_EXIT|false
04:34:30.1 (10197471)|FATAL_ERROR|System.ListException: List index out of bounds: 6

Class.Array_Operations.Duplicate: line 63, column 1
AnonymousBlock: line 2, column 1
AnonymousBlock: line 2, column 1
04:34:30.10 (10244055)|CUMULATIVE_LIMIT_USAGE
04:34:30.10 (10244055)|LIMIT_USAGE_FOR_NS|(default)|
  Number of SOQL queries: 0 out of 100
  Number of query rows: 0 out of 50000
  Number of SOSL queries: 0 out of 20
  Number of DML statements: 0 out of 150
  Number of DML rows: 0 out of 10000
  Maximum CPU time: 0 out of 10000
  Maximum heap size: 0 out of 6000000
  Number of callouts: 0 out of 100
  Number of Email Invocations: 0 out of 10
  Number of future calls: 0 out of 50
  Number of queueable jobs added to the queue: 0 out of 50
  Number of Mobile Apex push calls: 0 out of 10

04:34:30.10 (10244055)|CUMULATIVE_LIMIT_USAGE_END

04:34:30.1 (10275543)|CODE_UNIT_FINISHED|execute_anonymous_apex
04:34:30.1 (11119148)|EXECUTION_FINISHED
