44.0 APEX_CODE,DEBUG;APEX_PROFILING,INFO;CALLOUT,INFO;DB,INFO;NBA,INFO;SYSTEM,DEBUG;VALIDATION,INFO;VISUALFORCE,DEBUG;WAVE,INFO;WORKFLOW,INFO
06:33:16.0 (74958)|USER_INFO|[EXTERNAL]|0056F00000ATCAZ|ayman.shaikh@gmail.com|Pacific Standard Time|GMT-07:00
06:33:16.0 (103013)|EXECUTION_STARTED
06:33:16.0 (106590)|CODE_UNIT_STARTED|[EXTERNAL]|Validation:Employee:a056F00000lJnQb
06:33:16.0 (118661)|VALIDATION_RULE|03d6F000001EXpW|Resignation_Date_rule
06:33:16.0 (250646)|VALIDATION_FORMULA|Is_on_Notice_Period__c= true && ISBLANK(Resignation_Date__c)|Is_on_Notice_Period__c=0 , Resignation_Date__c=null
06:33:16.0 (257703)|VALIDATION_PASS
06:33:16.0 (259194)|VALIDATION_RULE|03d6F000001EXr8|Restrict_DOB
06:33:16.0 (425752)|VALIDATION_FORMULA|Age__c  <= 18|Age__c=23
06:33:16.0 (431355)|VALIDATION_PASS
06:33:16.0 (432385)|VALIDATION_RULE|03d6F000001EWg3|Check_Dates
06:33:16.0 (537245)|VALIDATION_FORMULA|Last_Working_Day__c  <  Date_of_Joining__c|Last_Working_Day__c=null , Date_of_Joining__c=2018-10-06 00:00:00
06:33:16.0 (543067)|VALIDATION_PASS
06:33:16.0 (543899)|VALIDATION_RULE|03d6F000001EWfy|Notice_Period
06:33:16.0 (599890)|VALIDATION_FORMULA|Is_on_Notice_Period__c  = true && ISBLANK( Resignation_Date__c )|Is_on_Notice_Period__c=0 , Resignation_Date__c=null
06:33:16.0 (604995)|VALIDATION_PASS
06:33:16.0 (826222)|CODE_UNIT_FINISHED|Validation:Employee:a056F00000lJnQb
06:33:16.0 (833692)|EXECUTION_FINISHED
06:33:16.8 (8619497)|USER_INFO|[EXTERNAL]|0056F00000ATCAZ|ayman.shaikh@gmail.com|Pacific Standard Time|GMT-07:00
06:33:16.8 (8642986)|EXECUTION_STARTED
06:33:16.8 (8645419)|CODE_UNIT_STARTED|[EXTERNAL]|Workflow:01I6F000002DSKA
06:33:16.8 (13706850)|WF_RULE_EVAL_BEGIN|Workflow
06:33:16.8 (13729089)|WF_CRITERIA_BEGIN|[Employee: EMP-000004 a056F00000lJnQb]|one to one|01Q6F0000015jKG|ON_ALL_CHANGES|0
06:33:16.8 (13770527)|WF_RULE_FILTER|[Employee : Employees ID not equal to NULL]
06:33:16.8 (13796166)|WF_RULE_EVAL_VALUE|EMP-000004
06:33:16.8 (13800785)|WF_CRITERIA_END|true
06:33:16.8 (14244257)|WF_CRITERIA_BEGIN|[Employee: EMP-000004 a056F00000lJnQb]|Record deactivated|01Q6F0000015jIy|ON_CREATE_OR_TRIGGERING_UPDATE|0
06:33:16.8 (14503849)|WF_RULE_NOT_EVALUATED
06:33:16.8 (14517731)|WF_SPOOL_ACTION_BEGIN|Workflow
06:33:16.8 (17359578)|WF_ACTION| Field Update: 1;
06:33:16.8 (17372827)|WF_RULE_EVAL_END
06:33:16.8 (17460487)|WF_ACTIONS_END| Field Update: 1;
06:33:16.8 (17470427)|CODE_UNIT_FINISHED|Workflow:01I6F000002DSKA
06:33:16.8 (17476006)|EXECUTION_FINISHED
