44.0 APEX_CODE,DEBUG;APEX_PROFILING,INFO;CALLOUT,INFO;DB,INFO;NBA,INFO;SYSTEM,DEBUG;VALIDATION,INFO;VISUALFORCE,DEBUG;WAVE,INFO;WORKFLOW,INFO
06:34:40.0 (271484)|USER_INFO|[EXTERNAL]|0056F00000ATCAZ|ayman.shaikh@gmail.com|Pacific Standard Time|GMT-07:00
06:34:40.0 (301510)|EXECUTION_STARTED
06:34:40.0 (304555)|CODE_UNIT_STARTED|[EXTERNAL]|Validation:Employee:a056F00000lKAkx
06:34:40.0 (314240)|VALIDATION_RULE|03d6F000001EXpW|Resignation_Date_rule
06:34:40.0 (450424)|VALIDATION_FORMULA|Is_on_Notice_Period__c= true && ISBLANK(Resignation_Date__c)|Is_on_Notice_Period__c=0 , Resignation_Date__c=null
06:34:40.0 (458221)|VALIDATION_PASS
06:34:40.0 (459518)|VALIDATION_RULE|03d6F000001EXr8|Restrict_DOB
06:34:40.0 (661766)|VALIDATION_FORMULA|Age__c  <= 18|Age__c=32
06:34:40.0 (668248)|VALIDATION_PASS
06:34:40.0 (669163)|VALIDATION_RULE|03d6F000001EWg3|Check_Dates
06:34:40.0 (789916)|VALIDATION_FORMULA|Last_Working_Day__c  <  Date_of_Joining__c|Last_Working_Day__c=null , Date_of_Joining__c=2018-09-30 00:00:00
06:34:40.0 (796436)|VALIDATION_PASS
06:34:40.0 (797348)|VALIDATION_RULE|03d6F000001EWfy|Notice_Period
06:34:40.0 (856323)|VALIDATION_FORMULA|Is_on_Notice_Period__c  = true && ISBLANK( Resignation_Date__c )|Is_on_Notice_Period__c=0 , Resignation_Date__c=null
06:34:40.0 (861727)|VALIDATION_PASS
06:34:40.0 (1037965)|CODE_UNIT_FINISHED|Validation:Employee:a056F00000lKAkx
06:34:40.0 (1046660)|EXECUTION_FINISHED
06:34:40.14 (14876788)|USER_INFO|[EXTERNAL]|0056F00000ATCAZ|ayman.shaikh@gmail.com|Pacific Standard Time|GMT-07:00
06:34:40.14 (14897217)|EXECUTION_STARTED
06:34:40.14 (14900868)|CODE_UNIT_STARTED|[EXTERNAL]|Workflow:01I6F000002DSKA
06:34:40.14 (23847163)|WF_RULE_EVAL_BEGIN|Workflow
06:34:40.14 (23873821)|WF_CRITERIA_BEGIN|[Employee: EMP-000037 a056F00000lKAkx]|one to one|01Q6F0000015jKG|ON_ALL_CHANGES|0
06:34:40.14 (25269741)|WF_RULE_FILTER|[Employee : Employees ID not equal to NULL]
06:34:40.14 (25290060)|WF_RULE_EVAL_VALUE|EMP-000037
06:34:40.14 (25295154)|WF_CRITERIA_END|true
06:34:40.14 (25911841)|WF_CRITERIA_BEGIN|[Employee: EMP-000037 a056F00000lKAkx]|Record deactivated|01Q6F0000015jIy|ON_CREATE_OR_TRIGGERING_UPDATE|0
06:34:40.14 (26213704)|WF_FORMULA|Formula:ENCODED:[treatNullAsNull]NOT({!ID:00N6F00000RfoKy})|Values:Is_Active__c=0
06:34:40.14 (26227408)|WF_CRITERIA_END|true
06:34:40.14 (26248627)|WF_SPOOL_ACTION_BEGIN|Workflow
06:34:40.14 (28860594)|WF_FIELD_UPDATE|[Employee: EMP-000037 a056F00000lKAkx]|Field:Employee: Roll Id|Value:5|Id=04Y6F000000kSXA|CurrentRule:one to one (Id=01Q6F0000015jKG)
06:34:40.14 (28890609)|WF_RULE_INVOCATION|[Employee: EMP-000037 a056F00000lKAkx]
06:34:40.14 (28896336)|WF_EMAIL_ALERT|Id=01W6F000000kHXy|CurrentRule:Record deactivated (Id=01Q6F0000015jIy)
06:34:40.14 (71438431)|WF_EMAIL_SENT|Template:00X6F0000027G3n|Recipients:abc@gmail.com |CcEmails:
06:34:40.14 (71481639)|WF_ACTION| Field Update: 1; Email Alert: 1;
06:34:40.14 (71485566)|WF_RULE_EVAL_END
06:34:40.14 (80664379)|WF_ACTIONS_END| Field Update: 1; Email Alert: 1;
06:34:40.14 (80679737)|CODE_UNIT_FINISHED|Workflow:01I6F000002DSKA
06:34:40.14 (80687043)|EXECUTION_FINISHED
