43.0 APEX_CODE,FINEST;APEX_PROFILING,INFO;CALLOUT,INFO;DB,INFO;NBA,INFO;SYSTEM,DEBUG;VALIDATION,INFO;VISUALFORCE,INFO;WAVE,INFO;WORKFLOW,INFO
Execute Anonymous: Array_Operations objArrayOpp = new Array_Operations();
Execute Anonymous: Integer num = 0;
Execute Anonymous: objArrayOpp.Descending();
07:51:30.28 (28490801)|USER_INFO|[EXTERNAL]|0056F00000ATCAZ|ayman.shaikh@gmail.com|Pacific Standard Time|GMT-07:00
07:51:30.28 (28529070)|EXECUTION_STARTED
07:51:30.28 (28538708)|CODE_UNIT_STARTED|[EXTERNAL]|execute_anonymous_apex
07:51:30.28 (28666481)|VARIABLE_SCOPE_BEGIN|[2]|num|Integer|false|false
07:51:30.28 (38396358)|VARIABLE_SCOPE_BEGIN|[1]|objArrayOpp|Array_Operations|true|false
07:51:30.28 (38532356)|HEAP_ALLOCATE|[72]|Bytes:3
07:51:30.28 (38597342)|HEAP_ALLOCATE|[77]|Bytes:152
07:51:30.28 (38621610)|HEAP_ALLOCATE|[342]|Bytes:408
07:51:30.28 (38634713)|HEAP_ALLOCATE|[355]|Bytes:408
07:51:30.28 (38646710)|HEAP_ALLOCATE|[467]|Bytes:48
07:51:30.28 (38673964)|HEAP_ALLOCATE|[139]|Bytes:6
07:51:30.28 (38699646)|HEAP_ALLOCATE|[EXTERNAL]|Bytes:5
07:51:30.28 (38746756)|STATEMENT_EXECUTE|[1]
07:51:30.28 (38750951)|STATEMENT_EXECUTE|[1]
07:51:30.28 (38756014)|HEAP_ALLOCATE|[1]|Bytes:13
07:51:30.28 (38762095)|HEAP_ALLOCATE|[1]|Bytes:28
07:51:30.28 (38795257)|METHOD_ENTRY|[1]|01p6F00000MPtB2|Array_Operations.Array_Operations()
07:51:30.28 (38803444)|STATEMENT_EXECUTE|[1]
07:51:30.28 (38807609)|STATEMENT_EXECUTE|[1]
07:51:30.28 (38834701)|HEAP_ALLOCATE|[50]|Bytes:5
07:51:30.28 (38856806)|HEAP_ALLOCATE|[56]|Bytes:5
07:51:30.28 (38875965)|HEAP_ALLOCATE|[64]|Bytes:7
07:51:30.28 (38898421)|SYSTEM_MODE_ENTER|false
07:51:30.28 (38915592)|HEAP_ALLOCATE|[1]|Bytes:5
07:51:30.28 (38926039)|SYSTEM_MODE_EXIT|false
07:51:30.28 (38939488)|METHOD_EXIT|[1]|Array_Operations
07:51:30.28 (38990793)|HEAP_ALLOCATE|[1]|Bytes:8
07:51:30.28 (39019457)|SYSTEM_MODE_ENTER|false
07:51:30.28 (39048669)|HEAP_ALLOCATE|[1]|Bytes:5
07:51:30.28 (39069696)|CONSTRUCTOR_ENTRY|[1]|01p6F00000MPtB2|<init>()|Array_Operations
07:51:30.28 (39106318)|VARIABLE_SCOPE_BEGIN|[1]|this|Array_Operations|true|false
07:51:30.28 (39166170)|VARIABLE_ASSIGNMENT|[1]|this|{}|0xed3e9c
07:51:30.28 (39180251)|HEAP_ALLOCATE|[3]|Bytes:5
07:51:30.28 (39189642)|HEAP_ALLOCATE|[3]|Bytes:6
07:51:30.28 (39231681)|STATEMENT_EXECUTE|[1]
07:51:30.28 (39238087)|HEAP_ALLOCATE|[3]|Bytes:5
07:51:30.28 (39243164)|STATEMENT_EXECUTE|[3]
07:51:30.28 (39255369)|HEAP_ALLOCATE|[3]|Bytes:4
07:51:30.28 (39343899)|HEAP_ALLOCATE|[3]|Bytes:4
07:51:30.28 (39351792)|HEAP_ALLOCATE|[3]|Bytes:4
07:51:30.28 (39355775)|HEAP_ALLOCATE|[3]|Bytes:4
07:51:30.28 (39359797)|HEAP_ALLOCATE|[3]|Bytes:4
07:51:30.28 (39363451)|HEAP_ALLOCATE|[3]|Bytes:4
07:51:30.28 (39367700)|HEAP_ALLOCATE|[3]|Bytes:4
07:51:30.28 (39371661)|HEAP_ALLOCATE|[3]|Bytes:4
07:51:30.28 (39375478)|HEAP_ALLOCATE|[3]|Bytes:4
07:51:30.28 (39379097)|HEAP_ALLOCATE|[3]|Bytes:4
07:51:30.28 (39382794)|HEAP_ALLOCATE|[3]|Bytes:4
07:51:30.28 (39386550)|HEAP_ALLOCATE|[3]|Bytes:4
07:51:30.28 (39390328)|HEAP_ALLOCATE|[3]|Bytes:4
07:51:30.28 (39393933)|HEAP_ALLOCATE|[3]|Bytes:4
07:51:30.28 (39397525)|HEAP_ALLOCATE|[3]|Bytes:4
07:51:30.28 (39426444)|HEAP_ALLOCATE|[EXTERNAL]|Bytes:60
07:51:30.28 (39451143)|VARIABLE_ASSIGNMENT|[3]|this.integerList|"List of size 14 too large to display"|0xed3e9c
07:51:30.28 (39469606)|CONSTRUCTOR_EXIT|[1]|01p6F00000MPtB2|<init>()|Array_Operations
07:51:30.28 (39479340)|SYSTEM_MODE_EXIT|false
07:51:30.28 (39546246)|VARIABLE_ASSIGNMENT|[1]|objArrayOpp|{"integerList":"0x191b9d09"}|0xed3e9c
07:51:30.28 (39559761)|STATEMENT_EXECUTE|[2]
07:51:30.28 (39564476)|HEAP_ALLOCATE|[2]|Bytes:4
07:51:30.28 (39592739)|VARIABLE_ASSIGNMENT|[2]|num|0
07:51:30.28 (39598870)|STATEMENT_EXECUTE|[3]
07:51:30.28 (39627929)|SYSTEM_MODE_ENTER|false
07:51:30.28 (39651088)|HEAP_ALLOCATE|[3]|Bytes:5
07:51:30.28 (39679274)|METHOD_ENTRY|[3]|01p6F00000MPtB2|Array_Operations.Descending()
07:51:30.28 (39706451)|VARIABLE_SCOPE_BEGIN|[6]|this|Array_Operations|true|false
07:51:30.28 (39729902)|VARIABLE_ASSIGNMENT|[6]|this|{"integerList":"0x191b9d09"}|0xed3e9c
07:51:30.28 (39744105)|HEAP_ALLOCATE|[7]|Bytes:5
07:51:30.28 (39763803)|STATEMENT_EXECUTE|[6]
07:51:30.28 (39766649)|STATEMENT_EXECUTE|[7]
07:51:30.28 (39770225)|HEAP_ALLOCATE|[7]|Bytes:27
07:51:30.28 (39813115)|USER_DEBUG|[7]|DEBUG|Sorting in Descending order
07:51:30.28 (39827334)|STATEMENT_EXECUTE|[9]
07:51:30.28 (39831726)|VARIABLE_SCOPE_BEGIN|[9]|i|Integer|false|false
07:51:30.28 (39839418)|HEAP_ALLOCATE|[9]|Bytes:4
07:51:30.28 (39847639)|VARIABLE_ASSIGNMENT|[9]|i|0
07:51:30.28 (39884238)|STATEMENT_EXECUTE|[9]
07:51:30.28 (39887533)|STATEMENT_EXECUTE|[10]
07:51:30.28 (39891304)|VARIABLE_SCOPE_BEGIN|[10]|j|Integer|false|false
07:51:30.28 (39898701)|HEAP_ALLOCATE|[10]|Bytes:4
07:51:30.28 (39904947)|VARIABLE_ASSIGNMENT|[10]|j|1
07:51:30.28 (39927232)|STATEMENT_EXECUTE|[10]
07:51:30.28 (39929791)|STATEMENT_EXECUTE|[11]
07:51:30.28 (39932753)|VARIABLE_SCOPE_BEGIN|[11]|x|Integer|false|false
07:51:30.28 (39939576)|HEAP_ALLOCATE|[11]|Bytes:4
07:51:30.28 (39945223)|VARIABLE_ASSIGNMENT|[11]|x|0
07:51:30.28 (39955410)|HEAP_ALLOCATE|[12]|Bytes:8
07:51:30.28 (39961887)|HEAP_ALLOCATE|[12]|Bytes:8
07:51:30.28 (39966834)|STATEMENT_EXECUTE|[12]
07:51:30.28 (39969538)|HEAP_ALLOCATE|[10]|Bytes:4
07:51:30.28 (39975262)|VARIABLE_ASSIGNMENT|[10]|j|2
07:51:30.28 (39992924)|STATEMENT_EXECUTE|[10]
07:51:30.28 (39995349)|STATEMENT_EXECUTE|[11]
07:51:30.28 (39997963)|VARIABLE_SCOPE_BEGIN|[11]|x|Integer|false|false
07:51:30.28 (40004343)|HEAP_ALLOCATE|[11]|Bytes:4
07:51:30.28 (40010175)|VARIABLE_ASSIGNMENT|[11]|x|0
07:51:30.28 (40015681)|HEAP_ALLOCATE|[12]|Bytes:8
07:51:30.28 (40020544)|HEAP_ALLOCATE|[12]|Bytes:8
07:51:30.28 (40024882)|STATEMENT_EXECUTE|[12]
07:51:30.28 (40026969)|HEAP_ALLOCATE|[10]|Bytes:4
07:51:30.28 (40031752)|VARIABLE_ASSIGNMENT|[10]|j|3
07:51:30.28 (40042303)|STATEMENT_EXECUTE|[10]
07:51:30.28 (40044536)|STATEMENT_EXECUTE|[11]
07:51:30.28 (40047016)|VARIABLE_SCOPE_BEGIN|[11]|x|Integer|false|false
07:51:30.28 (40053237)|HEAP_ALLOCATE|[11]|Bytes:4
07:51:30.28 (40058084)|VARIABLE_ASSIGNMENT|[11]|x|0
07:51:30.28 (40063177)|HEAP_ALLOCATE|[12]|Bytes:8
07:51:30.28 (40067779)|HEAP_ALLOCATE|[12]|Bytes:8
07:51:30.28 (40072268)|STATEMENT_EXECUTE|[12]
07:51:30.28 (40074293)|HEAP_ALLOCATE|[10]|Bytes:4
07:51:30.28 (40079435)|VARIABLE_ASSIGNMENT|[10]|j|4
07:51:30.28 (40089564)|STATEMENT_EXECUTE|[10]
07:51:30.28 (40091699)|STATEMENT_EXECUTE|[11]
07:51:30.28 (40094128)|VARIABLE_SCOPE_BEGIN|[11]|x|Integer|false|false
07:51:30.28 (40099915)|HEAP_ALLOCATE|[11]|Bytes:4
07:51:30.28 (40104699)|VARIABLE_ASSIGNMENT|[11]|x|0
07:51:30.28 (40109810)|HEAP_ALLOCATE|[12]|Bytes:8
07:51:30.28 (40114489)|HEAP_ALLOCATE|[12]|Bytes:8
07:51:30.28 (40118671)|STATEMENT_EXECUTE|[12]
07:51:30.28 (40120622)|HEAP_ALLOCATE|[10]|Bytes:4
07:51:30.28 (40125332)|VARIABLE_ASSIGNMENT|[10]|j|5
07:51:30.28 (40135484)|STATEMENT_EXECUTE|[10]
07:51:30.28 (40137731)|STATEMENT_EXECUTE|[11]
07:51:30.28 (40140176)|VARIABLE_SCOPE_BEGIN|[11]|x|Integer|false|false
07:51:30.28 (40146134)|HEAP_ALLOCATE|[11]|Bytes:4
07:51:30.28 (40150897)|VARIABLE_ASSIGNMENT|[11]|x|0
07:51:30.28 (40155837)|HEAP_ALLOCATE|[12]|Bytes:8
07:51:30.28 (40160469)|HEAP_ALLOCATE|[12]|Bytes:8
07:51:30.28 (40165145)|STATEMENT_EXECUTE|[12]
07:51:30.28 (40167128)|HEAP_ALLOCATE|[10]|Bytes:4
07:51:30.28 (40172055)|VARIABLE_ASSIGNMENT|[10]|j|6
07:51:30.28 (40182010)|STATEMENT_EXECUTE|[10]
07:51:30.28 (40184151)|STATEMENT_EXECUTE|[11]
07:51:30.28 (40186463)|VARIABLE_SCOPE_BEGIN|[11]|x|Integer|false|false
07:51:30.28 (40192258)|HEAP_ALLOCATE|[11]|Bytes:4
07:51:30.28 (40196989)|VARIABLE_ASSIGNMENT|[11]|x|0
07:51:30.28 (40201756)|HEAP_ALLOCATE|[12]|Bytes:8
07:51:30.28 (40206256)|HEAP_ALLOCATE|[12]|Bytes:8
07:51:30.28 (40210482)|STATEMENT_EXECUTE|[12]
07:51:30.28 (40212467)|HEAP_ALLOCATE|[10]|Bytes:4
07:51:30.28 (40217236)|VARIABLE_ASSIGNMENT|[10]|j|7
07:51:30.28 (40227204)|STATEMENT_EXECUTE|[10]
07:51:30.28 (40229407)|STATEMENT_EXECUTE|[11]
07:51:30.28 (40231900)|VARIABLE_SCOPE_BEGIN|[11]|x|Integer|false|false
07:51:30.28 (40238037)|HEAP_ALLOCATE|[11]|Bytes:4
07:51:30.28 (40242667)|VARIABLE_ASSIGNMENT|[11]|x|0
07:51:30.28 (40247585)|HEAP_ALLOCATE|[12]|Bytes:8
07:51:30.28 (40252160)|HEAP_ALLOCATE|[12]|Bytes:8
07:51:30.28 (40256731)|STATEMENT_EXECUTE|[12]
07:51:30.28 (40258717)|HEAP_ALLOCATE|[10]|Bytes:4
07:51:30.28 (40263879)|VARIABLE_ASSIGNMENT|[10]|j|8
07:51:30.28 (40273905)|STATEMENT_EXECUTE|[10]
07:51:30.28 (40276060)|STATEMENT_EXECUTE|[11]
07:51:30.28 (40278380)|VARIABLE_SCOPE_BEGIN|[11]|x|Integer|false|false
07:51:30.28 (40284125)|HEAP_ALLOCATE|[11]|Bytes:4
07:51:30.28 (40288868)|VARIABLE_ASSIGNMENT|[11]|x|0
07:51:30.28 (40293781)|HEAP_ALLOCATE|[12]|Bytes:8
07:51:30.28 (40298129)|HEAP_ALLOCATE|[12]|Bytes:8
07:51:30.28 (40302378)|STATEMENT_EXECUTE|[12]
07:51:30.28 (40304399)|HEAP_ALLOCATE|[10]|Bytes:4
07:51:30.28 (40309356)|VARIABLE_ASSIGNMENT|[10]|j|9
07:51:30.28 (40319091)|STATEMENT_EXECUTE|[10]
07:51:30.28 (40321193)|STATEMENT_EXECUTE|[11]
07:51:30.28 (40323687)|VARIABLE_SCOPE_BEGIN|[11]|x|Integer|false|false
07:51:30.28 (40329674)|HEAP_ALLOCATE|[11]|Bytes:4
07:51:30.28 (40334306)|VARIABLE_ASSIGNMENT|[11]|x|0
07:51:30.28 (40339039)|HEAP_ALLOCATE|[12]|Bytes:8
07:51:30.28 (40343422)|HEAP_ALLOCATE|[12]|Bytes:8
07:51:30.28 (40347704)|STATEMENT_EXECUTE|[12]
07:51:30.28 (40349610)|HEAP_ALLOCATE|[10]|Bytes:4
07:51:30.28 (40354559)|VARIABLE_ASSIGNMENT|[10]|j|10
07:51:30.28 (40364720)|STATEMENT_EXECUTE|[10]
07:51:30.28 (40366768)|STATEMENT_EXECUTE|[11]
07:51:30.28 (40369081)|VARIABLE_SCOPE_BEGIN|[11]|x|Integer|false|false
07:51:30.28 (40375321)|HEAP_ALLOCATE|[11]|Bytes:4
07:51:30.28 (40379922)|VARIABLE_ASSIGNMENT|[11]|x|0
07:51:30.28 (40384829)|HEAP_ALLOCATE|[12]|Bytes:8
07:51:30.28 (40389504)|HEAP_ALLOCATE|[12]|Bytes:8
07:51:30.28 (40393621)|STATEMENT_EXECUTE|[12]
07:51:30.28 (40395756)|HEAP_ALLOCATE|[10]|Bytes:4
07:51:30.28 (40400459)|VARIABLE_ASSIGNMENT|[10]|j|11
07:51:30.28 (40410129)|STATEMENT_EXECUTE|[10]
07:51:30.28 (40412204)|STATEMENT_EXECUTE|[11]
07:51:30.28 (40414647)|VARIABLE_SCOPE_BEGIN|[11]|x|Integer|false|false
07:51:30.28 (40420794)|HEAP_ALLOCATE|[11]|Bytes:4
07:51:30.28 (40425397)|VARIABLE_ASSIGNMENT|[11]|x|0
07:51:30.28 (40430251)|HEAP_ALLOCATE|[12]|Bytes:8
07:51:30.28 (40434646)|HEAP_ALLOCATE|[12]|Bytes:8
07:51:30.28 (40438870)|STATEMENT_EXECUTE|[12]
07:51:30.28 (40440824)|HEAP_ALLOCATE|[10]|Bytes:4
07:51:30.28 (40446211)|VARIABLE_ASSIGNMENT|[10]|j|12
07:51:30.28 (40456035)|STATEMENT_EXECUTE|[10]
07:51:30.28 (40458099)|STATEMENT_EXECUTE|[11]
07:51:30.28 (40460427)|VARIABLE_SCOPE_BEGIN|[11]|x|Integer|false|false
07:51:30.28 (40466702)|HEAP_ALLOCATE|[11]|Bytes:4
07:51:30.28 (40471286)|VARIABLE_ASSIGNMENT|[11]|x|0
07:51:30.28 (40476667)|HEAP_ALLOCATE|[12]|Bytes:8
07:51:30.28 (40481143)|HEAP_ALLOCATE|[12]|Bytes:8
07:51:30.28 (40485296)|STATEMENT_EXECUTE|[12]
07:51:30.28 (40487246)|HEAP_ALLOCATE|[10]|Bytes:4
07:51:30.28 (40492070)|VARIABLE_ASSIGNMENT|[10]|j|13
07:51:30.28 (40501804)|STATEMENT_EXECUTE|[10]
07:51:30.28 (40503948)|STATEMENT_EXECUTE|[11]
07:51:30.28 (40506511)|VARIABLE_SCOPE_BEGIN|[11]|x|Integer|false|false
07:51:30.28 (40512402)|HEAP_ALLOCATE|[11]|Bytes:4
07:51:30.28 (40517120)|VARIABLE_ASSIGNMENT|[11]|x|0
07:51:30.28 (40522124)|HEAP_ALLOCATE|[12]|Bytes:8
07:51:30.28 (40526494)|HEAP_ALLOCATE|[12]|Bytes:8
07:51:30.28 (40530694)|STATEMENT_EXECUTE|[12]
07:51:30.28 (40532635)|HEAP_ALLOCATE|[10]|Bytes:4
07:51:30.28 (40537404)|VARIABLE_ASSIGNMENT|[10]|j|14
07:51:30.28 (40547476)|HEAP_ALLOCATE|[9]|Bytes:4
07:51:30.28 (40552542)|VARIABLE_ASSIGNMENT|[9]|i|1
07:51:30.28 (40562514)|STATEMENT_EXECUTE|[9]
07:51:30.28 (40564995)|STATEMENT_EXECUTE|[10]
07:51:30.28 (40567692)|VARIABLE_SCOPE_BEGIN|[10]|j|Integer|false|false
07:51:30.28 (40573847)|HEAP_ALLOCATE|[10]|Bytes:4
07:51:30.28 (40578645)|VARIABLE_ASSIGNMENT|[10]|j|2
07:51:30.28 (40588536)|STATEMENT_EXECUTE|[10]
07:51:30.28 (40590726)|STATEMENT_EXECUTE|[11]
07:51:30.28 (40593103)|VARIABLE_SCOPE_BEGIN|[11]|x|Integer|false|false
07:51:30.28 (40598901)|HEAP_ALLOCATE|[11]|Bytes:4
07:51:30.28 (40603984)|VARIABLE_ASSIGNMENT|[11]|x|0
07:51:30.28 (40609548)|HEAP_ALLOCATE|[12]|Bytes:8
07:51:30.28 (40614107)|HEAP_ALLOCATE|[12]|Bytes:8
07:51:30.28 (40618433)|STATEMENT_EXECUTE|[12]
07:51:30.28 (40620538)|STATEMENT_EXECUTE|[13]
07:51:30.28 (40624738)|HEAP_ALLOCATE|[13]|Bytes:8
07:51:30.28 (40630534)|VARIABLE_ASSIGNMENT|[13]|x|1
07:51:30.28 (40635119)|STATEMENT_EXECUTE|[14]
07:51:30.28 (40638603)|HEAP_ALLOCATE|[14]|Bytes:8
07:51:30.28 (40659192)|STATEMENT_EXECUTE|[15]
07:51:30.28 (40665159)|HEAP_ALLOCATE|[10]|Bytes:4
07:51:30.28 (40671294)|VARIABLE_ASSIGNMENT|[10]|j|3
07:51:30.28 (40683369)|STATEMENT_EXECUTE|[10]
07:51:30.28 (40685669)|STATEMENT_EXECUTE|[11]
07:51:30.28 (40688213)|VARIABLE_SCOPE_BEGIN|[11]|x|Integer|false|false
07:51:30.28 (40694711)|HEAP_ALLOCATE|[11]|Bytes:4
07:51:30.28 (40699573)|VARIABLE_ASSIGNMENT|[11]|x|0
07:51:30.28 (40704923)|HEAP_ALLOCATE|[12]|Bytes:8
07:51:30.28 (40709608)|HEAP_ALLOCATE|[12]|Bytes:8
07:51:30.28 (40713974)|STATEMENT_EXECUTE|[12]
07:51:30.28 (40715973)|HEAP_ALLOCATE|[10]|Bytes:4
07:51:30.28 (40721173)|VARIABLE_ASSIGNMENT|[10]|j|4
07:51:30.28 (40731669)|STATEMENT_EXECUTE|[10]
07:51:30.28 (40733851)|STATEMENT_EXECUTE|[11]
07:51:30.28 (40736195)|VARIABLE_SCOPE_BEGIN|[11]|x|Integer|false|false
07:51:30.28 (40742220)|HEAP_ALLOCATE|[11]|Bytes:4
07:51:30.28 (40746983)|VARIABLE_ASSIGNMENT|[11]|x|0
07:51:30.28 (40751740)|HEAP_ALLOCATE|[12]|Bytes:8
07:51:30.28 (40756136)|HEAP_ALLOCATE|[12]|Bytes:8
07:51:30.28 (40760387)|STATEMENT_EXECUTE|[12]
07:51:30.28 (40762483)|STATEMENT_EXECUTE|[13]
07:51:30.28 (40765243)|HEAP_ALLOCATE|[13]|Bytes:8
07:51:30.28 (40770598)|VARIABLE_ASSIGNMENT|[13]|x|5
07:51:30.28 (40775022)|STATEMENT_EXECUTE|[14]
07:51:30.28 (40777876)|HEAP_ALLOCATE|[14]|Bytes:8
07:51:30.28 (40785353)|STATEMENT_EXECUTE|[15]
07:51:30.28 (40789804)|HEAP_ALLOCATE|[10]|Bytes:4
07:51:30.28 (40795002)|VARIABLE_ASSIGNMENT|[10]|j|5
07:51:30.28 (40805856)|STATEMENT_EXECUTE|[10]
07:51:30.28 (40808054)|STATEMENT_EXECUTE|[11]
07:51:30.28 (40810434)|VARIABLE_SCOPE_BEGIN|[11]|x|Integer|false|false
07:51:30.28 (40816975)|HEAP_ALLOCATE|[11]|Bytes:4
07:51:30.28 (40821894)|VARIABLE_ASSIGNMENT|[11]|x|0
07:51:30.28 (40827188)|HEAP_ALLOCATE|[12]|Bytes:8
07:51:30.28 (40831869)|HEAP_ALLOCATE|[12]|Bytes:8
07:51:30.28 (40836233)|STATEMENT_EXECUTE|[12]
07:51:30.28 (40838235)|HEAP_ALLOCATE|[10]|Bytes:4
07:51:30.28 (40842943)|VARIABLE_ASSIGNMENT|[10]|j|6
07:51:30.28 (40865564)|STATEMENT_EXECUTE|[10]
07:51:30.28 (40868363)|STATEMENT_EXECUTE|[11]
07:51:30.28 (40871152)|VARIABLE_SCOPE_BEGIN|[11]|x|Integer|false|false
07:51:30.28 (40877716)|HEAP_ALLOCATE|[11]|Bytes:4
07:51:30.28 (40883331)|VARIABLE_ASSIGNMENT|[11]|x|0
07:51:30.28 (40888736)|HEAP_ALLOCATE|[12]|Bytes:8
07:51:30.28 (40893904)|HEAP_ALLOCATE|[12]|Bytes:8
07:51:30.28 (40898477)|STATEMENT_EXECUTE|[12]
07:51:30.28 (40900682)|HEAP_ALLOCATE|[10]|Bytes:4
07:51:30.28 (40905597)|VARIABLE_ASSIGNMENT|[10]|j|7
07:51:30.28 (40916821)|STATEMENT_EXECUTE|[10]
07:51:30.28 (40934882)|STATEMENT_EXECUTE|[11]
07:51:30.28 (40937696)|VARIABLE_SCOPE_BEGIN|[11]|x|Integer|false|false
07:51:30.28 (40945175)|HEAP_ALLOCATE|[11]|Bytes:4
07:51:30.28 (40950480)|VARIABLE_ASSIGNMENT|[11]|x|0
07:51:30.28 (40956199)|HEAP_ALLOCATE|[12]|Bytes:8
07:51:30.28 (40961102)|HEAP_ALLOCATE|[12]|Bytes:8
07:51:30.28 (40965459)|STATEMENT_EXECUTE|[12]
07:51:30.28 (40967600)|HEAP_ALLOCATE|[10]|Bytes:4
07:51:30.28 (40972426)|VARIABLE_ASSIGNMENT|[10]|j|8
07:51:30.28 (40990217)|STATEMENT_EXECUTE|[10]
07:51:30.28 (40993008)|STATEMENT_EXECUTE|[11]
07:51:30.28 (40995511)|VARIABLE_SCOPE_BEGIN|[11]|x|Integer|false|false
07:51:30.28 (41002119)|HEAP_ALLOCATE|[11]|Bytes:4
07:51:30.28 (41008239)|VARIABLE_ASSIGNMENT|[11]|x|0
07:51:30.28 (41013852)|HEAP_ALLOCATE|[12]|Bytes:8
07:51:30.28 (41018777)|HEAP_ALLOCATE|[12]|Bytes:8
07:51:30.28 (41023115)|STATEMENT_EXECUTE|[12]
07:51:30.28 (41025183)|HEAP_ALLOCATE|[10]|Bytes:4
07:51:30.28 (41030040)|VARIABLE_ASSIGNMENT|[10]|j|9
07:51:30.28 (41040622)|STATEMENT_EXECUTE|[10]
07:51:30.28 (41042786)|STATEMENT_EXECUTE|[11]
07:51:30.28 (41045059)|VARIABLE_SCOPE_BEGIN|[11]|x|Integer|false|false
07:51:30.28 (41051180)|HEAP_ALLOCATE|[11]|Bytes:4
07:51:30.28 (41055947)|VARIABLE_ASSIGNMENT|[11]|x|0
07:51:30.28 (41060967)|HEAP_ALLOCATE|[12]|Bytes:8
07:51:30.28 (41065355)|HEAP_ALLOCATE|[12]|Bytes:8
07:51:30.28 (41069716)|STATEMENT_EXECUTE|[12]
07:51:30.28 (41071680)|HEAP_ALLOCATE|[10]|Bytes:4
07:51:30.28 (41076457)|VARIABLE_ASSIGNMENT|[10]|j|10
07:51:30.28 (41086366)|STATEMENT_EXECUTE|[10]
07:51:30.28 (41088482)|STATEMENT_EXECUTE|[11]
07:51:30.28 (41090783)|VARIABLE_SCOPE_BEGIN|[11]|x|Integer|false|false
07:51:30.28 (41096669)|HEAP_ALLOCATE|[11]|Bytes:4
07:51:30.28 (41101739)|VARIABLE_ASSIGNMENT|[11]|x|0
07:51:30.28 (41106770)|HEAP_ALLOCATE|[12]|Bytes:8
07:51:30.28 (41111273)|HEAP_ALLOCATE|[12]|Bytes:8
07:51:30.28 (41115713)|STATEMENT_EXECUTE|[12]
07:51:30.28 (41117793)|STATEMENT_EXECUTE|[13]
07:51:30.28 (41120584)|HEAP_ALLOCATE|[13]|Bytes:8
07:51:30.28 (41126295)|VARIABLE_ASSIGNMENT|[13]|x|7
07:51:30.28 (41130847)|STATEMENT_EXECUTE|[14]
07:51:30.28 (41133929)|HEAP_ALLOCATE|[14]|Bytes:8
07:51:30.28 (41147715)|STATEMENT_EXECUTE|[15]
07:51:30.28 (41152843)|HEAP_ALLOCATE|[10]|Bytes:4
07:51:30.28 (41158749)|VARIABLE_ASSIGNMENT|[10]|j|11
07:51:30.28 (41170560)|STATEMENT_EXECUTE|[10]
07:51:30.28 (41172835)|STATEMENT_EXECUTE|[11]
07:51:30.28 (41175221)|VARIABLE_SCOPE_BEGIN|[11]|x|Integer|false|false
07:51:30.28 (41181547)|HEAP_ALLOCATE|[11]|Bytes:4
07:51:30.28 (41186354)|VARIABLE_ASSIGNMENT|[11]|x|0
07:51:30.28 (41191288)|HEAP_ALLOCATE|[12]|Bytes:8
07:51:30.28 (41195897)|HEAP_ALLOCATE|[12]|Bytes:8
07:51:30.28 (41200336)|STATEMENT_EXECUTE|[12]
07:51:30.28 (41202359)|HEAP_ALLOCATE|[10]|Bytes:4
07:51:30.28 (41207588)|VARIABLE_ASSIGNMENT|[10]|j|12
07:51:30.28 (41217756)|STATEMENT_EXECUTE|[10]
07:51:30.28 (41219951)|STATEMENT_EXECUTE|[11]
07:51:30.28 (41222266)|VARIABLE_SCOPE_BEGIN|[11]|x|Integer|false|false
07:51:30.28 (41228149)|HEAP_ALLOCATE|[11]|Bytes:4
07:51:30.28 (41233050)|VARIABLE_ASSIGNMENT|[11]|x|0
07:51:30.28 (41238113)|HEAP_ALLOCATE|[12]|Bytes:8
07:51:30.28 (41242523)|HEAP_ALLOCATE|[12]|Bytes:8
07:51:30.28 (41246996)|STATEMENT_EXECUTE|[12]
07:51:30.28 (41249094)|HEAP_ALLOCATE|[10]|Bytes:4
07:51:30.28 (41253814)|VARIABLE_ASSIGNMENT|[10]|j|13
07:51:30.28 (41263773)|STATEMENT_EXECUTE|[10]
07:51:30.28 (41265913)|STATEMENT_EXECUTE|[11]
07:51:30.28 (41268149)|VARIABLE_SCOPE_BEGIN|[11]|x|Integer|false|false
07:51:30.28 (41274025)|HEAP_ALLOCATE|[11]|Bytes:4
07:51:30.28 (41278597)|VARIABLE_ASSIGNMENT|[11]|x|0
07:51:30.28 (41283324)|HEAP_ALLOCATE|[12]|Bytes:8
07:51:30.28 (41287875)|HEAP_ALLOCATE|[12]|Bytes:8
07:51:30.28 (41292142)|STATEMENT_EXECUTE|[12]
07:51:30.28 (41294126)|HEAP_ALLOCATE|[10]|Bytes:4
07:51:30.28 (41299134)|VARIABLE_ASSIGNMENT|[10]|j|14
07:51:30.28 (41309205)|HEAP_ALLOCATE|[9]|Bytes:4
07:51:30.28 (41314192)|VARIABLE_ASSIGNMENT|[9]|i|2
07:51:30.28 (41324132)|STATEMENT_EXECUTE|[9]
07:51:30.28 (41326735)|STATEMENT_EXECUTE|[10]
07:51:30.28 (41329567)|VARIABLE_SCOPE_BEGIN|[10]|j|Integer|false|false
07:51:30.28 (41336131)|HEAP_ALLOCATE|[10]|Bytes:4
07:51:30.28 (41340863)|VARIABLE_ASSIGNMENT|[10]|j|3
07:51:30.28 (41350916)|STATEMENT_EXECUTE|[10]
07:51:30.28 (41353138)|STATEMENT_EXECUTE|[11]
07:51:30.28 (41355400)|VARIABLE_SCOPE_BEGIN|[11]|x|Integer|false|false
07:51:30.28 (41361647)|HEAP_ALLOCATE|[11]|Bytes:4
07:51:30.28 (41366366)|VARIABLE_ASSIGNMENT|[11]|x|0
07:51:30.28 (41371835)|HEAP_ALLOCATE|[12]|Bytes:8
07:51:30.28 (41376319)|HEAP_ALLOCATE|[12]|Bytes:8
07:51:30.28 (41380569)|STATEMENT_EXECUTE|[12]
07:51:30.28 (41382694)|STATEMENT_EXECUTE|[13]
07:51:30.28 (41385472)|HEAP_ALLOCATE|[13]|Bytes:8
07:51:30.28 (41391119)|VARIABLE_ASSIGNMENT|[13]|x|1
07:51:30.28 (41395559)|STATEMENT_EXECUTE|[14]
07:51:30.28 (41398392)|HEAP_ALLOCATE|[14]|Bytes:8
07:51:30.28 (41406347)|STATEMENT_EXECUTE|[15]
07:51:30.28 (41410715)|HEAP_ALLOCATE|[10]|Bytes:4
07:51:30.28 (41416220)|VARIABLE_ASSIGNMENT|[10]|j|4
07:51:30.28 (41427003)|STATEMENT_EXECUTE|[10]
07:51:30.28 (41429195)|STATEMENT_EXECUTE|[11]
07:51:30.28 (41431643)|VARIABLE_SCOPE_BEGIN|[11]|x|Integer|false|false
07:51:30.28 (41437593)|HEAP_ALLOCATE|[11]|Bytes:4
07:51:30.28 (41442638)|VARIABLE_ASSIGNMENT|[11]|x|0
07:51:30.28 (41447670)|HEAP_ALLOCATE|[12]|Bytes:8
07:51:30.28 (41452363)|HEAP_ALLOCATE|[12]|Bytes:8
07:51:30.28 (41456707)|STATEMENT_EXECUTE|[12]
07:51:30.28 (41458808)|STATEMENT_EXECUTE|[13]
07:51:30.28 (41461402)|HEAP_ALLOCATE|[13]|Bytes:8
07:51:30.28 (41466879)|VARIABLE_ASSIGNMENT|[13]|x|3
07:51:30.28 (41471203)|STATEMENT_EXECUTE|[14]
07:51:30.28 (41474018)|HEAP_ALLOCATE|[14]|Bytes:8
07:51:30.28 (41481079)|STATEMENT_EXECUTE|[15]
07:51:30.28 (41485487)|HEAP_ALLOCATE|[10]|Bytes:4
07:51:30.28 (41490652)|VARIABLE_ASSIGNMENT|[10]|j|5
07:51:30.28 (41501292)|STATEMENT_EXECUTE|[10]
07:51:30.28 (41503513)|STATEMENT_EXECUTE|[11]
07:51:30.28 (41505869)|VARIABLE_SCOPE_BEGIN|[11]|x|Integer|false|false
07:51:30.28 (41511923)|HEAP_ALLOCATE|[11]|Bytes:4
07:51:30.28 (41516757)|VARIABLE_ASSIGNMENT|[11]|x|0
07:51:30.28 (41521729)|HEAP_ALLOCATE|[12]|Bytes:8
07:51:30.28 (41526334)|HEAP_ALLOCATE|[12]|Bytes:8
07:51:30.28 (41530710)|STATEMENT_EXECUTE|[12]
07:51:30.28 (41532717)|HEAP_ALLOCATE|[10]|Bytes:4
07:51:30.28 (41537848)|VARIABLE_ASSIGNMENT|[10]|j|6
07:51:30.28 (41547896)|STATEMENT_EXECUTE|[10]
07:51:30.28 (41550098)|STATEMENT_EXECUTE|[11]
07:51:30.28 (41552446)|VARIABLE_SCOPE_BEGIN|[11]|x|Integer|false|false
07:51:30.28 (41558093)|HEAP_ALLOCATE|[11]|Bytes:4
07:51:30.28 (41562859)|VARIABLE_ASSIGNMENT|[11]|x|0
07:51:30.28 (41567542)|HEAP_ALLOCATE|[12]|Bytes:8
07:51:30.28 (41571978)|HEAP_ALLOCATE|[12]|Bytes:8
07:51:30.28 (41576143)|STATEMENT_EXECUTE|[12]
07:51:30.28 (41578119)|HEAP_ALLOCATE|[10]|Bytes:4
07:51:30.28 (41583058)|VARIABLE_ASSIGNMENT|[10]|j|7
07:51:30.28 (41596069)|STATEMENT_EXECUTE|[10]
07:51:30.28 (41598350)|STATEMENT_EXECUTE|[11]
07:51:30.28 (41600747)|VARIABLE_SCOPE_BEGIN|[11]|x|Integer|false|false
07:51:30.28 (41606686)|HEAP_ALLOCATE|[11]|Bytes:4
07:51:30.28 (41611630)|VARIABLE_ASSIGNMENT|[11]|x|0
07:51:30.28 (41616394)|HEAP_ALLOCATE|[12]|Bytes:8
07:51:30.28 (41621216)|HEAP_ALLOCATE|[12]|Bytes:8
07:51:30.28 (41625527)|STATEMENT_EXECUTE|[12]
07:51:30.28 (41627527)|HEAP_ALLOCATE|[10]|Bytes:4
07:51:30.28 (41632703)|VARIABLE_ASSIGNMENT|[10]|j|8
07:51:30.28 (41642982)|STATEMENT_EXECUTE|[10]
07:51:30.28 (41645163)|STATEMENT_EXECUTE|[11]
07:51:30.28 (41647454)|VARIABLE_SCOPE_BEGIN|[11]|x|Integer|false|false
07:51:30.28 (41653285)|HEAP_ALLOCATE|[11]|Bytes:4
07:51:30.28 (41657929)|VARIABLE_ASSIGNMENT|[11]|x|0
07:51:30.28 (41662809)|HEAP_ALLOCATE|[12]|Bytes:8
07:51:30.28 (41667323)|HEAP_ALLOCATE|[12]|Bytes:8
07:51:30.28 (41671654)|STATEMENT_EXECUTE|[12]
07:51:30.28 (41673604)|HEAP_ALLOCATE|[10]|Bytes:4
07:51:30.28 (41678490)|VARIABLE_ASSIGNMENT|[10]|j|9
07:51:30.28 (41688415)|STATEMENT_EXECUTE|[10]
07:51:30.28 (41690616)|STATEMENT_EXECUTE|[11]
07:51:30.28 (41692853)|VARIABLE_SCOPE_BEGIN|[11]|x|Integer|false|false
07:51:30.28 (41698753)|HEAP_ALLOCATE|[11]|Bytes:4
07:51:30.28 (41703731)|VARIABLE_ASSIGNMENT|[11]|x|0
07:51:30.28 (41708431)|HEAP_ALLOCATE|[12]|Bytes:8
07:51:30.28 (41713071)|HEAP_ALLOCATE|[12]|Bytes:8
07:51:30.28 (41717311)|STATEMENT_EXECUTE|[12]
07:51:30.28 (41719384)|HEAP_ALLOCATE|[10]|Bytes:4
07:51:30.28 (41724342)|VARIABLE_ASSIGNMENT|[10]|j|10
07:51:30.28 (41734261)|STATEMENT_EXECUTE|[10]
07:51:30.28 (41736351)|STATEMENT_EXECUTE|[11]
07:51:30.28 (41738602)|VARIABLE_SCOPE_BEGIN|[11]|x|Integer|false|false
07:51:30.28 (41744583)|HEAP_ALLOCATE|[11]|Bytes:4
07:51:30.28 (41749399)|VARIABLE_ASSIGNMENT|[11]|x|0
07:51:30.28 (41754341)|HEAP_ALLOCATE|[12]|Bytes:8
07:51:30.28 (41758704)|HEAP_ALLOCATE|[12]|Bytes:8
07:51:30.28 (41762964)|STATEMENT_EXECUTE|[12]
07:51:30.28 (41765017)|STATEMENT_EXECUTE|[13]
07:51:30.28 (41767695)|HEAP_ALLOCATE|[13]|Bytes:8
07:51:30.28 (41773020)|VARIABLE_ASSIGNMENT|[13]|x|5
07:51:30.28 (41777298)|STATEMENT_EXECUTE|[14]
07:51:30.28 (41780116)|HEAP_ALLOCATE|[14]|Bytes:8
07:51:30.28 (41797409)|STATEMENT_EXECUTE|[15]
07:51:30.28 (41802893)|HEAP_ALLOCATE|[10]|Bytes:4
07:51:30.28 (41809099)|VARIABLE_ASSIGNMENT|[10]|j|11
07:51:30.28 (41820914)|STATEMENT_EXECUTE|[10]
07:51:30.28 (41823212)|STATEMENT_EXECUTE|[11]
07:51:30.28 (41825674)|VARIABLE_SCOPE_BEGIN|[11]|x|Integer|false|false
07:51:30.28 (41831947)|HEAP_ALLOCATE|[11]|Bytes:4
07:51:30.28 (41836802)|VARIABLE_ASSIGNMENT|[11]|x|0
07:51:30.28 (41842084)|HEAP_ALLOCATE|[12]|Bytes:8
07:51:30.28 (41846868)|HEAP_ALLOCATE|[12]|Bytes:8
07:51:30.28 (41851249)|STATEMENT_EXECUTE|[12]
07:51:30.28 (41853276)|HEAP_ALLOCATE|[10]|Bytes:4
07:51:30.28 (41858176)|VARIABLE_ASSIGNMENT|[10]|j|12
07:51:30.28 (41868723)|STATEMENT_EXECUTE|[10]
07:51:30.28 (41870958)|STATEMENT_EXECUTE|[11]
07:51:30.28 (41873475)|VARIABLE_SCOPE_BEGIN|[11]|x|Integer|false|false
07:51:30.28 (41879761)|HEAP_ALLOCATE|[11]|Bytes:4
07:51:30.28 (41884763)|VARIABLE_ASSIGNMENT|[11]|x|0
07:51:30.28 (41889675)|HEAP_ALLOCATE|[12]|Bytes:8
07:51:30.28 (41897798)|HEAP_ALLOCATE|[12]|Bytes:8
07:51:30.28 (41902299)|STATEMENT_EXECUTE|[12]
07:51:30.28 (41904297)|HEAP_ALLOCATE|[10]|Bytes:4
07:51:30.28 (41909320)|VARIABLE_ASSIGNMENT|[10]|j|13
07:51:30.28 (41919995)|STATEMENT_EXECUTE|[10]
07:51:30.28 (41922210)|STATEMENT_EXECUTE|[11]
07:51:30.28 (41924549)|VARIABLE_SCOPE_BEGIN|[11]|x|Integer|false|false
07:51:30.28 (41930730)|HEAP_ALLOCATE|[11]|Bytes:4
07:51:30.28 (41935476)|VARIABLE_ASSIGNMENT|[11]|x|0
07:51:30.28 (41940482)|HEAP_ALLOCATE|[12]|Bytes:8
07:51:30.28 (41945159)|HEAP_ALLOCATE|[12]|Bytes:8
07:51:30.28 (41949405)|STATEMENT_EXECUTE|[12]
07:51:30.28 (41951427)|HEAP_ALLOCATE|[10]|Bytes:4
07:51:30.28 (41956317)|VARIABLE_ASSIGNMENT|[10]|j|14
07:51:30.28 (41966527)|HEAP_ALLOCATE|[9]|Bytes:4
07:51:30.28 (41971344)|VARIABLE_ASSIGNMENT|[9]|i|3
07:51:30.28 (41984922)|STATEMENT_EXECUTE|[9]
07:51:30.28 (41987650)|STATEMENT_EXECUTE|[10]
07:51:30.28 (41990447)|VARIABLE_SCOPE_BEGIN|[10]|j|Integer|false|false
07:51:30.28 (41996735)|HEAP_ALLOCATE|[10]|Bytes:4
07:51:30.28 (42001722)|VARIABLE_ASSIGNMENT|[10]|j|4
07:51:30.28 (42013242)|STATEMENT_EXECUTE|[10]
07:51:30.28 (42015520)|STATEMENT_EXECUTE|[11]
07:51:30.28 (42017850)|VARIABLE_SCOPE_BEGIN|[11]|x|Integer|false|false
07:51:30.28 (42024054)|HEAP_ALLOCATE|[11]|Bytes:4
07:51:30.28 (42028894)|VARIABLE_ASSIGNMENT|[11]|x|0
07:51:30.28 (42034045)|HEAP_ALLOCATE|[12]|Bytes:8
07:51:30.28 (42038629)|HEAP_ALLOCATE|[12]|Bytes:8
07:51:30.28 (42043098)|STATEMENT_EXECUTE|[12]
07:51:30.28 (42045172)|STATEMENT_EXECUTE|[13]
07:51:30.28 (42047946)|HEAP_ALLOCATE|[13]|Bytes:8
07:51:30.28 (42053472)|VARIABLE_ASSIGNMENT|[13]|x|1
07:51:30.28 (42058088)|STATEMENT_EXECUTE|[14]
07:51:30.28 (42060931)|HEAP_ALLOCATE|[14]|Bytes:8
07:51:30.28 (42069602)|STATEMENT_EXECUTE|[15]
07:51:30.28 (42074004)|HEAP_ALLOCATE|[10]|Bytes:4
07:51:30.28 (42079332)|VARIABLE_ASSIGNMENT|[10]|j|5
07:51:30.28 (42090228)|STATEMENT_EXECUTE|[10]
07:51:30.28 (42092444)|STATEMENT_EXECUTE|[11]
07:51:30.28 (42094836)|VARIABLE_SCOPE_BEGIN|[11]|x|Integer|false|false
07:51:30.28 (42100787)|HEAP_ALLOCATE|[11]|Bytes:4
07:51:30.28 (42105748)|VARIABLE_ASSIGNMENT|[11]|x|0
07:51:30.28 (42110794)|HEAP_ALLOCATE|[12]|Bytes:8
07:51:30.28 (42115524)|HEAP_ALLOCATE|[12]|Bytes:8
07:51:30.28 (42119882)|STATEMENT_EXECUTE|[12]
07:51:30.28 (42121931)|HEAP_ALLOCATE|[10]|Bytes:4
07:51:30.28 (42126725)|VARIABLE_ASSIGNMENT|[10]|j|6
07:51:30.28 (42136986)|STATEMENT_EXECUTE|[10]
07:51:30.28 (42139178)|STATEMENT_EXECUTE|[11]
07:51:30.28 (42141569)|VARIABLE_SCOPE_BEGIN|[11]|x|Integer|false|false
07:51:30.28 (42147608)|HEAP_ALLOCATE|[11]|Bytes:4
07:51:30.28 (42152424)|VARIABLE_ASSIGNMENT|[11]|x|0
07:51:30.28 (42157355)|HEAP_ALLOCATE|[12]|Bytes:8
07:51:30.28 (42161730)|HEAP_ALLOCATE|[12]|Bytes:8
07:51:30.28 (42165921)|STATEMENT_EXECUTE|[12]
07:51:30.28 (42167905)|HEAP_ALLOCATE|[10]|Bytes:4
07:51:30.28 (42172728)|VARIABLE_ASSIGNMENT|[10]|j|7
07:51:30.28 (42182749)|STATEMENT_EXECUTE|[10]
07:51:30.28 (42187598)|STATEMENT_EXECUTE|[11]
07:51:30.28 (42190059)|VARIABLE_SCOPE_BEGIN|[11]|x|Integer|false|false
07:51:30.28 (42196237)|HEAP_ALLOCATE|[11]|Bytes:4
07:51:30.28 (42201443)|VARIABLE_ASSIGNMENT|[11]|x|0
07:51:30.28 (42206479)|HEAP_ALLOCATE|[12]|Bytes:8
07:51:30.28 (42211211)|HEAP_ALLOCATE|[12]|Bytes:8
07:51:30.28 (42215697)|STATEMENT_EXECUTE|[12]
07:51:30.28 (42217637)|HEAP_ALLOCATE|[10]|Bytes:4
07:51:30.28 (42233832)|VARIABLE_ASSIGNMENT|[10]|j|8
07:51:30.28 (42246484)|STATEMENT_EXECUTE|[10]
07:51:30.28 (42248957)|STATEMENT_EXECUTE|[11]
07:51:30.28 (42251556)|VARIABLE_SCOPE_BEGIN|[11]|x|Integer|false|false
07:51:30.28 (42258442)|HEAP_ALLOCATE|[11]|Bytes:4
07:51:30.28 (42263384)|VARIABLE_ASSIGNMENT|[11]|x|0
07:51:30.28 (42268642)|HEAP_ALLOCATE|[12]|Bytes:8
07:51:30.28 (42273441)|HEAP_ALLOCATE|[12]|Bytes:8
07:51:30.28 (42277749)|STATEMENT_EXECUTE|[12]
07:51:30.28 (42279776)|HEAP_ALLOCATE|[10]|Bytes:4
07:51:30.28 (42284612)|VARIABLE_ASSIGNMENT|[10]|j|9
07:51:30.28 (42294669)|STATEMENT_EXECUTE|[10]
07:51:30.28 (42296789)|STATEMENT_EXECUTE|[11]
07:51:30.28 (42299028)|VARIABLE_SCOPE_BEGIN|[11]|x|Integer|false|false
07:51:30.28 (42305140)|HEAP_ALLOCATE|[11]|Bytes:4
07:51:30.28 (42309946)|VARIABLE_ASSIGNMENT|[11]|x|0
07:51:30.28 (42314762)|HEAP_ALLOCATE|[12]|Bytes:8
07:51:30.28 (42319293)|HEAP_ALLOCATE|[12]|Bytes:8
07:51:30.28 (42323816)|STATEMENT_EXECUTE|[12]
07:51:30.28 (42325824)|HEAP_ALLOCATE|[10]|Bytes:4
07:51:30.28 (42330668)|VARIABLE_ASSIGNMENT|[10]|j|10
07:51:30.28 (42340798)|STATEMENT_EXECUTE|[10]
07:51:30.28 (42342983)|STATEMENT_EXECUTE|[11]
07:51:30.28 (42345280)|VARIABLE_SCOPE_BEGIN|[11]|x|Integer|false|false
07:51:30.28 (42351958)|HEAP_ALLOCATE|[11]|Bytes:4
07:51:30.28 (42356673)|VARIABLE_ASSIGNMENT|[11]|x|0
07:51:30.28 (42361419)|HEAP_ALLOCATE|[12]|Bytes:8
07:51:30.28 (42366087)|HEAP_ALLOCATE|[12]|Bytes:8
07:51:30.28 (42370387)|STATEMENT_EXECUTE|[12]
07:51:30.28 (42372441)|STATEMENT_EXECUTE|[13]
07:51:30.28 (42375174)|HEAP_ALLOCATE|[13]|Bytes:8
07:51:30.28 (42380550)|VARIABLE_ASSIGNMENT|[13]|x|3
07:51:30.28 (42385004)|STATEMENT_EXECUTE|[14]
07:51:30.28 (42387890)|HEAP_ALLOCATE|[14]|Bytes:8
07:51:30.28 (42396529)|STATEMENT_EXECUTE|[15]
07:51:30.28 (42411174)|HEAP_ALLOCATE|[10]|Bytes:4
07:51:30.28 (42417408)|VARIABLE_ASSIGNMENT|[10]|j|11
07:51:30.28 (42429356)|STATEMENT_EXECUTE|[10]
07:51:30.28 (42431662)|STATEMENT_EXECUTE|[11]
07:51:30.28 (42434076)|VARIABLE_SCOPE_BEGIN|[11]|x|Integer|false|false
07:51:30.28 (42440449)|HEAP_ALLOCATE|[11]|Bytes:4
07:51:30.28 (42445515)|VARIABLE_ASSIGNMENT|[11]|x|0
07:51:30.28 (42450540)|HEAP_ALLOCATE|[12]|Bytes:8
07:51:30.28 (42455509)|HEAP_ALLOCATE|[12]|Bytes:8
07:51:30.28 (42459940)|STATEMENT_EXECUTE|[12]
07:51:30.28 (42461966)|HEAP_ALLOCATE|[10]|Bytes:4
07:51:30.28 (42466670)|VARIABLE_ASSIGNMENT|[10]|j|12
07:51:30.28 (42477036)|STATEMENT_EXECUTE|[10]
07:51:30.28 (42479246)|STATEMENT_EXECUTE|[11]
07:51:30.28 (42481598)|VARIABLE_SCOPE_BEGIN|[11]|x|Integer|false|false
07:51:30.28 (42487332)|HEAP_ALLOCATE|[11]|Bytes:4
07:51:30.28 (42491922)|VARIABLE_ASSIGNMENT|[11]|x|0
07:51:30.28 (42496720)|HEAP_ALLOCATE|[12]|Bytes:8
07:51:30.28 (42501145)|HEAP_ALLOCATE|[12]|Bytes:8
07:51:30.28 (42505399)|STATEMENT_EXECUTE|[12]
07:51:30.28 (42507378)|HEAP_ALLOCATE|[10]|Bytes:4
07:51:30.28 (42512262)|VARIABLE_ASSIGNMENT|[10]|j|13
07:51:30.28 (42522291)|STATEMENT_EXECUTE|[10]
07:51:30.28 (42524456)|STATEMENT_EXECUTE|[11]
07:51:30.28 (42526677)|VARIABLE_SCOPE_BEGIN|[11]|x|Integer|false|false
07:51:30.28 (42532911)|HEAP_ALLOCATE|[11]|Bytes:4
07:51:30.28 (42537883)|VARIABLE_ASSIGNMENT|[11]|x|0
07:51:30.28 (42542867)|HEAP_ALLOCATE|[12]|Bytes:8
07:51:30.28 (42557110)|HEAP_ALLOCATE|[12]|Bytes:8
07:51:30.28 (42562135)|STATEMENT_EXECUTE|[12]
07:51:30.28 (42564388)|STATEMENT_EXECUTE|[13]
07:51:30.28 (42567242)|HEAP_ALLOCATE|[13]|Bytes:8
07:51:30.28 (42573266)|VARIABLE_ASSIGNMENT|[13]|x|5
07:51:30.28 (42577678)|STATEMENT_EXECUTE|[14]
07:51:30.28 (42580599)|HEAP_ALLOCATE|[14]|Bytes:8
07:51:30.28 (42588587)|STATEMENT_EXECUTE|[15]
07:51:30.28 (42595533)|HEAP_ALLOCATE|[10]|Bytes:4
07:51:30.28 (42601099)|VARIABLE_ASSIGNMENT|[10]|j|14
07:51:30.28 (42612149)|HEAP_ALLOCATE|[9]|Bytes:4
07:51:30.28 (42617029)|VARIABLE_ASSIGNMENT|[9]|i|4
07:51:30.28 (42626660)|STATEMENT_EXECUTE|[9]
07:51:30.28 (42629320)|STATEMENT_EXECUTE|[10]
07:51:30.28 (42632016)|VARIABLE_SCOPE_BEGIN|[10]|j|Integer|false|false
07:51:30.28 (42638125)|HEAP_ALLOCATE|[10]|Bytes:4
07:51:30.28 (42643107)|VARIABLE_ASSIGNMENT|[10]|j|5
07:51:30.28 (42653148)|STATEMENT_EXECUTE|[10]
07:51:30.28 (42655608)|STATEMENT_EXECUTE|[11]
07:51:30.28 (42658027)|VARIABLE_SCOPE_BEGIN|[11]|x|Integer|false|false
07:51:30.28 (42664043)|HEAP_ALLOCATE|[11]|Bytes:4
07:51:30.28 (42669037)|VARIABLE_ASSIGNMENT|[11]|x|0
07:51:30.28 (42674003)|HEAP_ALLOCATE|[12]|Bytes:8
07:51:30.28 (42679026)|HEAP_ALLOCATE|[12]|Bytes:8
07:51:30.28 (42683251)|STATEMENT_EXECUTE|[12]
07:51:30.28 (42685466)|STATEMENT_EXECUTE|[13]
07:51:30.28 (42688352)|HEAP_ALLOCATE|[13]|Bytes:8
07:51:30.28 (42694032)|VARIABLE_ASSIGNMENT|[13]|x|1
07:51:30.28 (42698381)|STATEMENT_EXECUTE|[14]
07:51:30.28 (42701199)|HEAP_ALLOCATE|[14]|Bytes:8
07:51:30.28 (42708489)|STATEMENT_EXECUTE|[15]
07:51:30.28 (42712864)|HEAP_ALLOCATE|[10]|Bytes:4
07:51:30.28 (42717972)|VARIABLE_ASSIGNMENT|[10]|j|6
07:51:30.28 (42728573)|STATEMENT_EXECUTE|[10]
07:51:30.28 (42730856)|STATEMENT_EXECUTE|[11]
07:51:30.28 (42733229)|VARIABLE_SCOPE_BEGIN|[11]|x|Integer|false|false
07:51:30.28 (42739275)|HEAP_ALLOCATE|[11]|Bytes:4
07:51:30.28 (42744011)|VARIABLE_ASSIGNMENT|[11]|x|0
07:51:30.28 (42749108)|HEAP_ALLOCATE|[12]|Bytes:8
07:51:30.28 (42753772)|HEAP_ALLOCATE|[12]|Bytes:8
07:51:30.28 (42758284)|STATEMENT_EXECUTE|[12]
07:51:30.28 (42760341)|STATEMENT_EXECUTE|[13]
07:51:30.28 (42762963)|HEAP_ALLOCATE|[13]|Bytes:8
07:51:30.28 (42768534)|VARIABLE_ASSIGNMENT|[13]|x|2
07:51:30.28 (42773037)|STATEMENT_EXECUTE|[14]
07:51:30.28 (42775798)|HEAP_ALLOCATE|[14]|Bytes:8
07:51:30.28 (42782788)|STATEMENT_EXECUTE|[15]
07:51:30.28 (42787002)|HEAP_ALLOCATE|[10]|Bytes:4
07:51:30.28 (42792119)|VARIABLE_ASSIGNMENT|[10]|j|7
07:51:30.28 (42802562)|STATEMENT_EXECUTE|[10]
07:51:30.28 (42804767)|STATEMENT_EXECUTE|[11]
07:51:30.28 (42807139)|VARIABLE_SCOPE_BEGIN|[11]|x|Integer|false|false
07:51:30.28 (42813167)|HEAP_ALLOCATE|[11]|Bytes:4
07:51:30.28 (42818257)|VARIABLE_ASSIGNMENT|[11]|x|0
07:51:30.28 (42823389)|HEAP_ALLOCATE|[12]|Bytes:8
07:51:30.28 (42828109)|HEAP_ALLOCATE|[12]|Bytes:8
07:51:30.28 (42833645)|STATEMENT_EXECUTE|[12]
07:51:30.28 (42835703)|HEAP_ALLOCATE|[10]|Bytes:4
07:51:30.28 (42840804)|VARIABLE_ASSIGNMENT|[10]|j|8
07:51:30.28 (42851491)|STATEMENT_EXECUTE|[10]
07:51:30.28 (42853701)|STATEMENT_EXECUTE|[11]
07:51:30.28 (42856147)|VARIABLE_SCOPE_BEGIN|[11]|x|Integer|false|false
07:51:30.28 (42862319)|HEAP_ALLOCATE|[11]|Bytes:4
07:51:30.28 (42867124)|VARIABLE_ASSIGNMENT|[11]|x|0
07:51:30.28 (42872037)|HEAP_ALLOCATE|[12]|Bytes:8
07:51:30.28 (42876407)|HEAP_ALLOCATE|[12]|Bytes:8
07:51:30.28 (42880802)|STATEMENT_EXECUTE|[12]
07:51:30.28 (42882764)|HEAP_ALLOCATE|[10]|Bytes:4
07:51:30.28 (42898100)|VARIABLE_ASSIGNMENT|[10]|j|9
07:51:30.28 (42909598)|STATEMENT_EXECUTE|[10]
07:51:30.28 (42911978)|STATEMENT_EXECUTE|[11]
07:51:30.28 (42914425)|VARIABLE_SCOPE_BEGIN|[11]|x|Integer|false|false
07:51:30.28 (42920687)|HEAP_ALLOCATE|[11]|Bytes:4
07:51:30.28 (42925467)|VARIABLE_ASSIGNMENT|[11]|x|0
07:51:30.28 (42930599)|HEAP_ALLOCATE|[12]|Bytes:8
07:51:30.28 (42935170)|HEAP_ALLOCATE|[12]|Bytes:8
07:51:30.28 (42939825)|STATEMENT_EXECUTE|[12]
07:51:30.28 (42941894)|HEAP_ALLOCATE|[10]|Bytes:4
07:51:30.28 (42946713)|VARIABLE_ASSIGNMENT|[10]|j|10
07:51:30.28 (42957017)|STATEMENT_EXECUTE|[10]
07:51:30.28 (42959287)|STATEMENT_EXECUTE|[11]
07:51:30.28 (42961625)|VARIABLE_SCOPE_BEGIN|[11]|x|Integer|false|false
07:51:30.28 (42967825)|HEAP_ALLOCATE|[11]|Bytes:4
07:51:30.28 (42972519)|VARIABLE_ASSIGNMENT|[11]|x|0
07:51:30.28 (42977502)|HEAP_ALLOCATE|[12]|Bytes:8
07:51:30.28 (42985749)|HEAP_ALLOCATE|[12]|Bytes:8
07:51:30.28 (42990449)|STATEMENT_EXECUTE|[12]
07:51:30.28 (42992544)|HEAP_ALLOCATE|[10]|Bytes:4
07:51:30.28 (42997636)|VARIABLE_ASSIGNMENT|[10]|j|11
07:51:30.28 (43007975)|STATEMENT_EXECUTE|[10]
07:51:30.28 (43010702)|STATEMENT_EXECUTE|[11]
07:51:30.28 (43013042)|VARIABLE_SCOPE_BEGIN|[11]|x|Integer|false|false
07:51:30.28 (43019234)|HEAP_ALLOCATE|[11]|Bytes:4
07:51:30.28 (43024089)|VARIABLE_ASSIGNMENT|[11]|x|0
07:51:30.28 (43029175)|HEAP_ALLOCATE|[12]|Bytes:8
07:51:30.28 (43033807)|HEAP_ALLOCATE|[12]|Bytes:8
07:51:30.28 (43038191)|STATEMENT_EXECUTE|[12]
07:51:30.28 (43040148)|HEAP_ALLOCATE|[10]|Bytes:4
07:51:30.28 (43045173)|VARIABLE_ASSIGNMENT|[10]|j|12
07:51:30.28 (43055391)|STATEMENT_EXECUTE|[10]
07:51:30.28 (43057586)|STATEMENT_EXECUTE|[11]
07:51:30.28 (43059875)|VARIABLE_SCOPE_BEGIN|[11]|x|Integer|false|false
07:51:30.28 (43066015)|HEAP_ALLOCATE|[11]|Bytes:4
07:51:30.28 (43070769)|VARIABLE_ASSIGNMENT|[11]|x|0
07:51:30.28 (43075530)|HEAP_ALLOCATE|[12]|Bytes:8
07:51:30.28 (43080057)|HEAP_ALLOCATE|[12]|Bytes:8
07:51:30.28 (43084348)|STATEMENT_EXECUTE|[12]
07:51:30.28 (43088475)|HEAP_ALLOCATE|[10]|Bytes:4
07:51:30.28 (43093223)|VARIABLE_ASSIGNMENT|[10]|j|13
07:51:30.28 (43103228)|STATEMENT_EXECUTE|[10]
07:51:30.28 (43105401)|STATEMENT_EXECUTE|[11]
07:51:30.28 (43107659)|VARIABLE_SCOPE_BEGIN|[11]|x|Integer|false|false
07:51:30.28 (43113832)|HEAP_ALLOCATE|[11]|Bytes:4
07:51:30.28 (43118578)|VARIABLE_ASSIGNMENT|[11]|x|0
07:51:30.28 (43123422)|HEAP_ALLOCATE|[12]|Bytes:8
07:51:30.28 (43127959)|HEAP_ALLOCATE|[12]|Bytes:8
07:51:30.28 (43132606)|STATEMENT_EXECUTE|[12]
07:51:30.28 (43134678)|STATEMENT_EXECUTE|[13]
07:51:30.28 (43137330)|HEAP_ALLOCATE|[13]|Bytes:8
07:51:30.28 (43142974)|VARIABLE_ASSIGNMENT|[13]|x|3
07:51:30.28 (43147212)|STATEMENT_EXECUTE|[14]
07:51:30.28 (43150204)|HEAP_ALLOCATE|[14]|Bytes:8
07:51:30.28 (43158532)|STATEMENT_EXECUTE|[15]
07:51:30.28 (43163035)|HEAP_ALLOCATE|[10]|Bytes:4
07:51:30.28 (43168343)|VARIABLE_ASSIGNMENT|[10]|j|14
07:51:30.28 (43179119)|HEAP_ALLOCATE|[9]|Bytes:4
07:51:30.28 (43184000)|VARIABLE_ASSIGNMENT|[9]|i|5
07:51:30.28 (43193774)|STATEMENT_EXECUTE|[9]
07:51:30.28 (43196407)|STATEMENT_EXECUTE|[10]
07:51:30.28 (43199091)|VARIABLE_SCOPE_BEGIN|[10]|j|Integer|false|false
07:51:30.28 (43204881)|HEAP_ALLOCATE|[10]|Bytes:4
07:51:30.28 (43209590)|VARIABLE_ASSIGNMENT|[10]|j|6
07:51:30.28 (43219195)|STATEMENT_EXECUTE|[10]
07:51:30.28 (43221364)|STATEMENT_EXECUTE|[11]
07:51:30.28 (43223749)|VARIABLE_SCOPE_BEGIN|[11]|x|Integer|false|false
07:51:30.28 (43229806)|HEAP_ALLOCATE|[11]|Bytes:4
07:51:30.28 (43234746)|VARIABLE_ASSIGNMENT|[11]|x|0
07:51:30.28 (43239949)|HEAP_ALLOCATE|[12]|Bytes:8
07:51:30.28 (43244511)|HEAP_ALLOCATE|[12]|Bytes:8
07:51:30.28 (43249082)|STATEMENT_EXECUTE|[12]
07:51:30.28 (43251164)|STATEMENT_EXECUTE|[13]
07:51:30.28 (43253760)|HEAP_ALLOCATE|[13]|Bytes:8
07:51:30.28 (43259046)|VARIABLE_ASSIGNMENT|[13]|x|1
07:51:30.28 (43263327)|STATEMENT_EXECUTE|[14]
07:51:30.28 (43266153)|HEAP_ALLOCATE|[14]|Bytes:8
07:51:30.28 (43273379)|STATEMENT_EXECUTE|[15]
07:51:30.28 (43277713)|HEAP_ALLOCATE|[10]|Bytes:4
07:51:30.28 (43282937)|VARIABLE_ASSIGNMENT|[10]|j|7
07:51:30.28 (43293936)|STATEMENT_EXECUTE|[10]
07:51:30.28 (43296104)|STATEMENT_EXECUTE|[11]
07:51:30.28 (43298445)|VARIABLE_SCOPE_BEGIN|[11]|x|Integer|false|false
07:51:30.28 (43304455)|HEAP_ALLOCATE|[11]|Bytes:4
07:51:30.28 (43309127)|VARIABLE_ASSIGNMENT|[11]|x|0
07:51:30.28 (43313971)|HEAP_ALLOCATE|[12]|Bytes:8
07:51:30.28 (43318416)|HEAP_ALLOCATE|[12]|Bytes:8
07:51:30.28 (43322716)|STATEMENT_EXECUTE|[12]
07:51:30.28 (43324705)|HEAP_ALLOCATE|[10]|Bytes:4
07:51:30.28 (43329872)|VARIABLE_ASSIGNMENT|[10]|j|8
07:51:30.28 (43340054)|STATEMENT_EXECUTE|[10]
07:51:30.28 (43342497)|STATEMENT_EXECUTE|[11]
07:51:30.28 (43344801)|VARIABLE_SCOPE_BEGIN|[11]|x|Integer|false|false
07:51:30.28 (43350773)|HEAP_ALLOCATE|[11]|Bytes:4
07:51:30.28 (43355722)|VARIABLE_ASSIGNMENT|[11]|x|0
07:51:30.28 (43360420)|HEAP_ALLOCATE|[12]|Bytes:8
07:51:30.28 (43365138)|HEAP_ALLOCATE|[12]|Bytes:8
07:51:30.28 (43369511)|STATEMENT_EXECUTE|[12]
07:51:30.28 (43371621)|STATEMENT_EXECUTE|[13]
07:51:30.28 (43374253)|HEAP_ALLOCATE|[13]|Bytes:8
07:51:30.28 (43379720)|VARIABLE_ASSIGNMENT|[13]|x|2
07:51:30.28 (43383953)|STATEMENT_EXECUTE|[14]
07:51:30.28 (43386754)|HEAP_ALLOCATE|[14]|Bytes:8
07:51:30.28 (43393832)|STATEMENT_EXECUTE|[15]
07:51:30.28 (43398173)|HEAP_ALLOCATE|[10]|Bytes:4
07:51:30.28 (43403473)|VARIABLE_ASSIGNMENT|[10]|j|9
07:51:30.28 (43414128)|STATEMENT_EXECUTE|[10]
07:51:30.28 (43416384)|STATEMENT_EXECUTE|[11]
07:51:30.28 (43418789)|VARIABLE_SCOPE_BEGIN|[11]|x|Integer|false|false
07:51:30.28 (43425000)|HEAP_ALLOCATE|[11]|Bytes:4
07:51:30.28 (43429923)|VARIABLE_ASSIGNMENT|[11]|x|0
07:51:30.28 (43434724)|HEAP_ALLOCATE|[12]|Bytes:8
07:51:30.28 (43439318)|HEAP_ALLOCATE|[12]|Bytes:8
07:51:30.28 (43444142)|STATEMENT_EXECUTE|[12]
07:51:30.28 (43446120)|HEAP_ALLOCATE|[10]|Bytes:4
07:51:30.28 (43451037)|VARIABLE_ASSIGNMENT|[10]|j|10
07:51:30.28 (43460906)|STATEMENT_EXECUTE|[10]
07:51:30.28 (43463068)|STATEMENT_EXECUTE|[11]
07:51:30.28 (43465383)|VARIABLE_SCOPE_BEGIN|[11]|x|Integer|false|false
07:51:30.28 (43471167)|HEAP_ALLOCATE|[11]|Bytes:4
07:51:30.28 (43476213)|VARIABLE_ASSIGNMENT|[11]|x|0
07:51:30.28 (43481149)|HEAP_ALLOCATE|[12]|Bytes:8
07:51:30.28 (43485603)|HEAP_ALLOCATE|[12]|Bytes:8
07:51:30.28 (43489789)|STATEMENT_EXECUTE|[12]
07:51:30.28 (43491763)|HEAP_ALLOCATE|[10]|Bytes:4
07:51:30.28 (43496846)|VARIABLE_ASSIGNMENT|[10]|j|11
07:51:30.28 (43506773)|STATEMENT_EXECUTE|[10]
07:51:30.28 (43508912)|STATEMENT_EXECUTE|[11]
07:51:30.28 (43511179)|VARIABLE_SCOPE_BEGIN|[11]|x|Integer|false|false
07:51:30.28 (43517166)|HEAP_ALLOCATE|[11]|Bytes:4
07:51:30.28 (43522118)|VARIABLE_ASSIGNMENT|[11]|x|0
07:51:30.28 (43526913)|HEAP_ALLOCATE|[12]|Bytes:8
07:51:30.28 (43531443)|HEAP_ALLOCATE|[12]|Bytes:8
07:51:30.28 (43535754)|STATEMENT_EXECUTE|[12]
07:51:30.28 (43537770)|HEAP_ALLOCATE|[10]|Bytes:4
07:51:30.28 (43542832)|VARIABLE_ASSIGNMENT|[10]|j|12
07:51:30.28 (43552866)|STATEMENT_EXECUTE|[10]
07:51:30.28 (43555026)|STATEMENT_EXECUTE|[11]
07:51:30.28 (43557373)|VARIABLE_SCOPE_BEGIN|[11]|x|Integer|false|false
07:51:30.28 (43563273)|HEAP_ALLOCATE|[11]|Bytes:4
07:51:30.28 (43568072)|VARIABLE_ASSIGNMENT|[11]|x|0
07:51:30.28 (43573037)|HEAP_ALLOCATE|[12]|Bytes:8
07:51:30.28 (43577500)|HEAP_ALLOCATE|[12]|Bytes:8
07:51:30.28 (43581736)|STATEMENT_EXECUTE|[12]
07:51:30.28 (43583761)|HEAP_ALLOCATE|[10]|Bytes:4
07:51:30.28 (43588525)|VARIABLE_ASSIGNMENT|[10]|j|13
07:51:30.28 (43598359)|STATEMENT_EXECUTE|[10]
07:51:30.28 (43600485)|STATEMENT_EXECUTE|[11]
07:51:30.28 (43602772)|VARIABLE_SCOPE_BEGIN|[11]|x|Integer|false|false
07:51:30.28 (43608549)|HEAP_ALLOCATE|[11]|Bytes:4
07:51:30.28 (43613371)|VARIABLE_ASSIGNMENT|[11]|x|0
07:51:30.28 (43618317)|HEAP_ALLOCATE|[12]|Bytes:8
07:51:30.28 (43622805)|HEAP_ALLOCATE|[12]|Bytes:8
07:51:30.28 (43627232)|STATEMENT_EXECUTE|[12]
07:51:30.28 (43629140)|HEAP_ALLOCATE|[10]|Bytes:4
07:51:30.28 (43634143)|VARIABLE_ASSIGNMENT|[10]|j|14
07:51:30.28 (43644069)|HEAP_ALLOCATE|[9]|Bytes:4
07:51:30.28 (43648918)|VARIABLE_ASSIGNMENT|[9]|i|6
07:51:30.28 (43658491)|STATEMENT_EXECUTE|[9]
07:51:30.28 (43660972)|STATEMENT_EXECUTE|[10]
07:51:30.28 (43663623)|VARIABLE_SCOPE_BEGIN|[10]|j|Integer|false|false
07:51:30.28 (43669830)|HEAP_ALLOCATE|[10]|Bytes:4
07:51:30.28 (43674554)|VARIABLE_ASSIGNMENT|[10]|j|7
07:51:30.28 (43684343)|STATEMENT_EXECUTE|[10]
07:51:30.28 (43686525)|STATEMENT_EXECUTE|[11]
07:51:30.28 (43688834)|VARIABLE_SCOPE_BEGIN|[11]|x|Integer|false|false
07:51:30.28 (43694659)|HEAP_ALLOCATE|[11]|Bytes:4
07:51:30.28 (43699354)|VARIABLE_ASSIGNMENT|[11]|x|0
07:51:30.28 (43704058)|HEAP_ALLOCATE|[12]|Bytes:8
07:51:30.28 (43708571)|HEAP_ALLOCATE|[12]|Bytes:8
07:51:30.28 (43712814)|STATEMENT_EXECUTE|[12]
07:51:30.28 (43715071)|HEAP_ALLOCATE|[10]|Bytes:4
07:51:30.28 (43719863)|VARIABLE_ASSIGNMENT|[10]|j|8
07:51:30.28 (43730153)|STATEMENT_EXECUTE|[10]
07:51:30.28 (43732285)|STATEMENT_EXECUTE|[11]
07:51:30.28 (43734597)|VARIABLE_SCOPE_BEGIN|[11]|x|Integer|false|false
07:51:30.28 (43740461)|HEAP_ALLOCATE|[11]|Bytes:4
07:51:30.28 (43745315)|VARIABLE_ASSIGNMENT|[11]|x|0
07:51:30.28 (43750306)|HEAP_ALLOCATE|[12]|Bytes:8
07:51:30.28 (43755023)|HEAP_ALLOCATE|[12]|Bytes:8
07:51:30.28 (43759370)|STATEMENT_EXECUTE|[12]
07:51:30.28 (43761479)|STATEMENT_EXECUTE|[13]
07:51:30.28 (43764146)|HEAP_ALLOCATE|[13]|Bytes:8
07:51:30.28 (43769845)|VARIABLE_ASSIGNMENT|[13]|x|1
07:51:30.28 (43774312)|STATEMENT_EXECUTE|[14]
07:51:30.28 (43777194)|HEAP_ALLOCATE|[14]|Bytes:8
07:51:30.28 (43784822)|STATEMENT_EXECUTE|[15]
07:51:30.28 (43789226)|HEAP_ALLOCATE|[10]|Bytes:4
07:51:30.28 (43794588)|VARIABLE_ASSIGNMENT|[10]|j|9
07:51:30.28 (43805023)|STATEMENT_EXECUTE|[10]
07:51:30.28 (43807269)|STATEMENT_EXECUTE|[11]
07:51:30.28 (43809580)|VARIABLE_SCOPE_BEGIN|[11]|x|Integer|false|false
07:51:30.28 (43815386)|HEAP_ALLOCATE|[11]|Bytes:4
07:51:30.28 (43820179)|VARIABLE_ASSIGNMENT|[11]|x|0
07:51:30.28 (43836458)|HEAP_ALLOCATE|[12]|Bytes:8
07:51:30.28 (43841647)|HEAP_ALLOCATE|[12]|Bytes:8
07:51:30.28 (43856245)|STATEMENT_EXECUTE|[12]
07:51:30.28 (43858680)|HEAP_ALLOCATE|[10]|Bytes:4
07:51:30.28 (43864517)|VARIABLE_ASSIGNMENT|[10]|j|10
07:51:30.28 (43876337)|STATEMENT_EXECUTE|[10]
07:51:30.28 (43878584)|STATEMENT_EXECUTE|[11]
07:51:30.28 (43881055)|VARIABLE_SCOPE_BEGIN|[11]|x|Integer|false|false
07:51:30.28 (43887116)|HEAP_ALLOCATE|[11]|Bytes:4
07:51:30.28 (43891916)|VARIABLE_ASSIGNMENT|[11]|x|0
07:51:30.28 (43897126)|HEAP_ALLOCATE|[12]|Bytes:8
07:51:30.28 (43901630)|HEAP_ALLOCATE|[12]|Bytes:8
07:51:30.28 (43905863)|STATEMENT_EXECUTE|[12]
07:51:30.28 (43908000)|STATEMENT_EXECUTE|[13]
07:51:30.28 (43910576)|HEAP_ALLOCATE|[13]|Bytes:8
07:51:30.28 (43915956)|VARIABLE_ASSIGNMENT|[13]|x|2
07:51:30.28 (43920512)|STATEMENT_EXECUTE|[14]
07:51:30.28 (43923355)|HEAP_ALLOCATE|[14]|Bytes:8
07:51:30.28 (43931530)|STATEMENT_EXECUTE|[15]
07:51:30.28 (43936056)|HEAP_ALLOCATE|[10]|Bytes:4
07:51:30.28 (43941525)|VARIABLE_ASSIGNMENT|[10]|j|11
07:51:30.28 (43962238)|STATEMENT_EXECUTE|[10]
07:51:30.28 (43964711)|STATEMENT_EXECUTE|[11]
07:51:30.28 (43967224)|VARIABLE_SCOPE_BEGIN|[11]|x|Integer|false|false
07:51:30.28 (43973623)|HEAP_ALLOCATE|[11]|Bytes:4
07:51:30.28 (43978701)|VARIABLE_ASSIGNMENT|[11]|x|0
07:51:30.28 (43988292)|HEAP_ALLOCATE|[12]|Bytes:8
07:51:30.28 (43993234)|HEAP_ALLOCATE|[12]|Bytes:8
07:51:30.28 (43997607)|STATEMENT_EXECUTE|[12]
07:51:30.28 (43999826)|HEAP_ALLOCATE|[10]|Bytes:4
07:51:30.28 (44004892)|VARIABLE_ASSIGNMENT|[10]|j|12
07:51:30.28 (44015975)|STATEMENT_EXECUTE|[10]
07:51:30.28 (44018150)|STATEMENT_EXECUTE|[11]
07:51:30.28 (44020531)|VARIABLE_SCOPE_BEGIN|[11]|x|Integer|false|false
07:51:30.28 (44026603)|HEAP_ALLOCATE|[11]|Bytes:4
07:51:30.28 (44031398)|VARIABLE_ASSIGNMENT|[11]|x|0
07:51:30.28 (44036256)|HEAP_ALLOCATE|[12]|Bytes:8
07:51:30.28 (44041084)|HEAP_ALLOCATE|[12]|Bytes:8
07:51:30.28 (44045316)|STATEMENT_EXECUTE|[12]
07:51:30.28 (44047285)|HEAP_ALLOCATE|[10]|Bytes:4
07:51:30.28 (44052088)|VARIABLE_ASSIGNMENT|[10]|j|13
07:51:30.28 (44065302)|STATEMENT_EXECUTE|[10]
07:51:30.28 (44067520)|STATEMENT_EXECUTE|[11]
07:51:30.28 (44069934)|VARIABLE_SCOPE_BEGIN|[11]|x|Integer|false|false
07:51:30.28 (44075925)|HEAP_ALLOCATE|[11]|Bytes:4
07:51:30.28 (44080824)|VARIABLE_ASSIGNMENT|[11]|x|0
07:51:30.28 (44085536)|HEAP_ALLOCATE|[12]|Bytes:8
07:51:30.28 (44089993)|HEAP_ALLOCATE|[12]|Bytes:8
07:51:30.28 (44094198)|STATEMENT_EXECUTE|[12]
07:51:30.28 (44096178)|HEAP_ALLOCATE|[10]|Bytes:4
07:51:30.28 (44101151)|VARIABLE_ASSIGNMENT|[10]|j|14
07:51:30.28 (44111195)|HEAP_ALLOCATE|[9]|Bytes:4
07:51:30.28 (44116098)|VARIABLE_ASSIGNMENT|[9]|i|7
07:51:30.28 (44125598)|STATEMENT_EXECUTE|[9]
07:51:30.28 (44128059)|STATEMENT_EXECUTE|[10]
07:51:30.28 (44130714)|VARIABLE_SCOPE_BEGIN|[10]|j|Integer|false|false
07:51:30.28 (44136626)|HEAP_ALLOCATE|[10]|Bytes:4
07:51:30.28 (44141776)|VARIABLE_ASSIGNMENT|[10]|j|8
07:51:30.28 (44151521)|STATEMENT_EXECUTE|[10]
07:51:30.28 (44153761)|STATEMENT_EXECUTE|[11]
07:51:30.28 (44156058)|VARIABLE_SCOPE_BEGIN|[11]|x|Integer|false|false
07:51:30.28 (44171829)|HEAP_ALLOCATE|[11]|Bytes:4
07:51:30.28 (44177551)|VARIABLE_ASSIGNMENT|[11]|x|0
07:51:30.28 (44183164)|HEAP_ALLOCATE|[12]|Bytes:8
07:51:30.28 (44188330)|HEAP_ALLOCATE|[12]|Bytes:8
07:51:30.28 (44193051)|STATEMENT_EXECUTE|[12]
07:51:30.28 (44195234)|STATEMENT_EXECUTE|[13]
07:51:30.28 (44197882)|HEAP_ALLOCATE|[13]|Bytes:8
07:51:30.28 (44203568)|VARIABLE_ASSIGNMENT|[13]|x|0
07:51:30.28 (44207796)|STATEMENT_EXECUTE|[14]
07:51:30.28 (44210752)|HEAP_ALLOCATE|[14]|Bytes:8
07:51:30.28 (44219238)|STATEMENT_EXECUTE|[15]
07:51:30.28 (44223865)|HEAP_ALLOCATE|[10]|Bytes:4
07:51:30.28 (44229160)|VARIABLE_ASSIGNMENT|[10]|j|9
07:51:30.28 (44240772)|STATEMENT_EXECUTE|[10]
07:51:30.28 (44243143)|STATEMENT_EXECUTE|[11]
07:51:30.28 (44245532)|VARIABLE_SCOPE_BEGIN|[11]|x|Integer|false|false
07:51:30.28 (44251797)|HEAP_ALLOCATE|[11]|Bytes:4
07:51:30.28 (44256987)|VARIABLE_ASSIGNMENT|[11]|x|0
07:51:30.28 (44262332)|HEAP_ALLOCATE|[12]|Bytes:8
07:51:30.28 (44266982)|HEAP_ALLOCATE|[12]|Bytes:8
07:51:30.28 (44271559)|STATEMENT_EXECUTE|[12]
07:51:30.28 (44273645)|STATEMENT_EXECUTE|[13]
07:51:30.28 (44276342)|HEAP_ALLOCATE|[13]|Bytes:8
07:51:30.28 (44281853)|VARIABLE_ASSIGNMENT|[13]|x|1
07:51:30.28 (44286380)|STATEMENT_EXECUTE|[14]
07:51:30.28 (44289206)|HEAP_ALLOCATE|[14]|Bytes:8
07:51:30.28 (44296159)|STATEMENT_EXECUTE|[15]
07:51:30.28 (44300459)|HEAP_ALLOCATE|[10]|Bytes:4
07:51:30.28 (44305729)|VARIABLE_ASSIGNMENT|[10]|j|10
07:51:30.28 (44316399)|STATEMENT_EXECUTE|[10]
07:51:30.28 (44318591)|STATEMENT_EXECUTE|[11]
07:51:30.28 (44320913)|VARIABLE_SCOPE_BEGIN|[11]|x|Integer|false|false
07:51:30.28 (44326944)|HEAP_ALLOCATE|[11]|Bytes:4
07:51:30.28 (44332006)|VARIABLE_ASSIGNMENT|[11]|x|0
07:51:30.28 (44337248)|HEAP_ALLOCATE|[12]|Bytes:8
07:51:30.28 (44342207)|HEAP_ALLOCATE|[12]|Bytes:8
07:51:30.28 (44346552)|STATEMENT_EXECUTE|[12]
07:51:30.28 (44348826)|HEAP_ALLOCATE|[10]|Bytes:4
07:51:30.28 (44353936)|VARIABLE_ASSIGNMENT|[10]|j|11
07:51:30.28 (44364089)|STATEMENT_EXECUTE|[10]
07:51:30.28 (44366259)|STATEMENT_EXECUTE|[11]
07:51:30.28 (44368593)|VARIABLE_SCOPE_BEGIN|[11]|x|Integer|false|false
07:51:30.28 (44374640)|HEAP_ALLOCATE|[11]|Bytes:4
07:51:30.28 (44379392)|VARIABLE_ASSIGNMENT|[11]|x|0
07:51:30.28 (44384332)|HEAP_ALLOCATE|[12]|Bytes:8
07:51:30.28 (44388876)|HEAP_ALLOCATE|[12]|Bytes:8
07:51:30.28 (44393124)|STATEMENT_EXECUTE|[12]
07:51:30.28 (44395070)|HEAP_ALLOCATE|[10]|Bytes:4
07:51:30.28 (44399897)|VARIABLE_ASSIGNMENT|[10]|j|12
07:51:30.28 (44409720)|STATEMENT_EXECUTE|[10]
07:51:30.28 (44411843)|STATEMENT_EXECUTE|[11]
07:51:30.28 (44414085)|VARIABLE_SCOPE_BEGIN|[11]|x|Integer|false|false
07:51:30.28 (44419781)|HEAP_ALLOCATE|[11]|Bytes:4
07:51:30.28 (44424861)|VARIABLE_ASSIGNMENT|[11]|x|0
07:51:30.28 (44429800)|HEAP_ALLOCATE|[12]|Bytes:8
07:51:30.28 (44434168)|HEAP_ALLOCATE|[12]|Bytes:8
07:51:30.28 (44438551)|STATEMENT_EXECUTE|[12]
07:51:30.28 (44440615)|HEAP_ALLOCATE|[10]|Bytes:4
07:51:30.28 (44445470)|VARIABLE_ASSIGNMENT|[10]|j|13
07:51:30.28 (44455494)|STATEMENT_EXECUTE|[10]
07:51:30.28 (44457635)|STATEMENT_EXECUTE|[11]
07:51:30.28 (44459956)|VARIABLE_SCOPE_BEGIN|[11]|x|Integer|false|false
07:51:30.28 (44466557)|HEAP_ALLOCATE|[11]|Bytes:4
07:51:30.28 (44471261)|VARIABLE_ASSIGNMENT|[11]|x|0
07:51:30.28 (44476077)|HEAP_ALLOCATE|[12]|Bytes:8
07:51:30.28 (44480385)|HEAP_ALLOCATE|[12]|Bytes:8
07:51:30.28 (44484492)|STATEMENT_EXECUTE|[12]
07:51:30.28 (44486572)|STATEMENT_EXECUTE|[13]
07:51:30.28 (44489198)|HEAP_ALLOCATE|[13]|Bytes:8
07:51:30.28 (44494575)|VARIABLE_ASSIGNMENT|[13]|x|2
07:51:30.28 (44499047)|STATEMENT_EXECUTE|[14]
07:51:30.28 (44502032)|HEAP_ALLOCATE|[14]|Bytes:8
07:51:30.28 (44521598)|STATEMENT_EXECUTE|[15]
07:51:30.28 (44526926)|HEAP_ALLOCATE|[10]|Bytes:4
07:51:30.28 (44533265)|VARIABLE_ASSIGNMENT|[10]|j|14
07:51:30.28 (44547211)|HEAP_ALLOCATE|[9]|Bytes:4
07:51:30.28 (44552469)|VARIABLE_ASSIGNMENT|[9]|i|8
07:51:30.28 (44562865)|STATEMENT_EXECUTE|[9]
07:51:30.28 (44565444)|STATEMENT_EXECUTE|[10]
07:51:30.28 (44568221)|VARIABLE_SCOPE_BEGIN|[10]|j|Integer|false|false
07:51:30.28 (44574272)|HEAP_ALLOCATE|[10]|Bytes:4
07:51:30.28 (44579260)|VARIABLE_ASSIGNMENT|[10]|j|9
07:51:30.28 (44589908)|STATEMENT_EXECUTE|[10]
07:51:30.28 (44592063)|STATEMENT_EXECUTE|[11]
07:51:30.28 (44594319)|VARIABLE_SCOPE_BEGIN|[11]|x|Integer|false|false
07:51:30.28 (44600501)|HEAP_ALLOCATE|[11]|Bytes:4
07:51:30.28 (44605218)|VARIABLE_ASSIGNMENT|[11]|x|0
07:51:30.28 (44610691)|HEAP_ALLOCATE|[12]|Bytes:8
07:51:30.28 (44615451)|HEAP_ALLOCATE|[12]|Bytes:8
07:51:30.28 (44619700)|STATEMENT_EXECUTE|[12]
07:51:30.28 (44621847)|STATEMENT_EXECUTE|[13]
07:51:30.28 (44624454)|HEAP_ALLOCATE|[13]|Bytes:8
07:51:30.28 (44629883)|VARIABLE_ASSIGNMENT|[13]|x|0
07:51:30.28 (44634270)|STATEMENT_EXECUTE|[14]
07:51:30.28 (44637066)|HEAP_ALLOCATE|[14]|Bytes:8
07:51:30.28 (44644382)|STATEMENT_EXECUTE|[15]
07:51:30.28 (44648618)|HEAP_ALLOCATE|[10]|Bytes:4
07:51:30.28 (44654069)|VARIABLE_ASSIGNMENT|[10]|j|10
07:51:30.28 (44664706)|STATEMENT_EXECUTE|[10]
07:51:30.28 (44666947)|STATEMENT_EXECUTE|[11]
07:51:30.28 (44669311)|VARIABLE_SCOPE_BEGIN|[11]|x|Integer|false|false
07:51:30.28 (44675329)|HEAP_ALLOCATE|[11]|Bytes:4
07:51:30.28 (44680255)|VARIABLE_ASSIGNMENT|[11]|x|0
07:51:30.28 (44685277)|HEAP_ALLOCATE|[12]|Bytes:8
07:51:30.28 (44690009)|HEAP_ALLOCATE|[12]|Bytes:8
07:51:30.28 (44694151)|STATEMENT_EXECUTE|[12]
07:51:30.28 (44696258)|STATEMENT_EXECUTE|[13]
07:51:30.28 (44698872)|HEAP_ALLOCATE|[13]|Bytes:8
07:51:30.28 (44704284)|VARIABLE_ASSIGNMENT|[13]|x|1
07:51:30.28 (44708778)|STATEMENT_EXECUTE|[14]
07:51:30.28 (44711575)|HEAP_ALLOCATE|[14]|Bytes:8
07:51:30.28 (44718301)|STATEMENT_EXECUTE|[15]
07:51:30.28 (44722290)|HEAP_ALLOCATE|[10]|Bytes:4
07:51:30.28 (44727311)|VARIABLE_ASSIGNMENT|[10]|j|11
07:51:30.28 (44738462)|STATEMENT_EXECUTE|[10]
07:51:30.28 (44740687)|STATEMENT_EXECUTE|[11]
07:51:30.28 (44743078)|VARIABLE_SCOPE_BEGIN|[11]|x|Integer|false|false
07:51:30.28 (44749455)|HEAP_ALLOCATE|[11]|Bytes:4
07:51:30.28 (44754485)|VARIABLE_ASSIGNMENT|[11]|x|0
07:51:30.28 (44759465)|HEAP_ALLOCATE|[12]|Bytes:8
07:51:30.28 (44764458)|HEAP_ALLOCATE|[12]|Bytes:8
07:51:30.28 (44769988)|STATEMENT_EXECUTE|[12]
07:51:30.28 (44772106)|HEAP_ALLOCATE|[10]|Bytes:4
07:51:30.28 (44777270)|VARIABLE_ASSIGNMENT|[10]|j|12
07:51:30.28 (44787717)|STATEMENT_EXECUTE|[10]
07:51:30.28 (44789878)|STATEMENT_EXECUTE|[11]
07:51:30.28 (44792181)|VARIABLE_SCOPE_BEGIN|[11]|x|Integer|false|false
07:51:30.28 (44797867)|HEAP_ALLOCATE|[11]|Bytes:4
07:51:30.28 (44802513)|VARIABLE_ASSIGNMENT|[11]|x|0
07:51:30.28 (44807203)|HEAP_ALLOCATE|[12]|Bytes:8
07:51:30.28 (44811652)|HEAP_ALLOCATE|[12]|Bytes:8
07:51:30.28 (44815928)|STATEMENT_EXECUTE|[12]
07:51:30.28 (44817870)|HEAP_ALLOCATE|[10]|Bytes:4
07:51:30.28 (44822841)|VARIABLE_ASSIGNMENT|[10]|j|13
07:51:30.28 (44833155)|STATEMENT_EXECUTE|[10]
07:51:30.28 (44835365)|STATEMENT_EXECUTE|[11]
07:51:30.28 (44837699)|VARIABLE_SCOPE_BEGIN|[11]|x|Integer|false|false
07:51:30.28 (44843856)|HEAP_ALLOCATE|[11]|Bytes:4
07:51:30.28 (44848673)|VARIABLE_ASSIGNMENT|[11]|x|0
07:51:30.28 (44853466)|HEAP_ALLOCATE|[12]|Bytes:8
07:51:30.28 (44858243)|HEAP_ALLOCATE|[12]|Bytes:8
07:51:30.28 (44862836)|STATEMENT_EXECUTE|[12]
07:51:30.28 (44864900)|HEAP_ALLOCATE|[10]|Bytes:4
07:51:30.28 (44869773)|VARIABLE_ASSIGNMENT|[10]|j|14
07:51:30.28 (44879704)|HEAP_ALLOCATE|[9]|Bytes:4
07:51:30.28 (44884693)|VARIABLE_ASSIGNMENT|[9]|i|9
07:51:30.28 (44894293)|STATEMENT_EXECUTE|[9]
07:51:30.28 (44896839)|STATEMENT_EXECUTE|[10]
07:51:30.28 (44899436)|VARIABLE_SCOPE_BEGIN|[10]|j|Integer|false|false
07:51:30.28 (44905476)|HEAP_ALLOCATE|[10]|Bytes:4
07:51:30.28 (44910405)|VARIABLE_ASSIGNMENT|[10]|j|10
07:51:30.28 (44920179)|STATEMENT_EXECUTE|[10]
07:51:30.28 (44922322)|STATEMENT_EXECUTE|[11]
07:51:30.28 (44924604)|VARIABLE_SCOPE_BEGIN|[11]|x|Integer|false|false
07:51:30.28 (44930432)|HEAP_ALLOCATE|[11]|Bytes:4
07:51:30.28 (44935182)|VARIABLE_ASSIGNMENT|[11]|x|0
07:51:30.28 (44939969)|HEAP_ALLOCATE|[12]|Bytes:8
07:51:30.28 (44944774)|HEAP_ALLOCATE|[12]|Bytes:8
07:51:30.28 (44958765)|STATEMENT_EXECUTE|[12]
07:51:30.28 (44961188)|STATEMENT_EXECUTE|[13]
07:51:30.28 (44964114)|HEAP_ALLOCATE|[13]|Bytes:8
07:51:30.28 (44970412)|VARIABLE_ASSIGNMENT|[13]|x|0
07:51:30.28 (44974845)|STATEMENT_EXECUTE|[14]
07:51:30.28 (44977701)|HEAP_ALLOCATE|[14]|Bytes:8
07:51:30.28 (44989655)|STATEMENT_EXECUTE|[15]
07:51:30.28 (44994104)|HEAP_ALLOCATE|[10]|Bytes:4
07:51:30.28 (44999996)|VARIABLE_ASSIGNMENT|[10]|j|11
07:51:30.28 (45011390)|STATEMENT_EXECUTE|[10]
07:51:30.28 (45014188)|STATEMENT_EXECUTE|[11]
07:51:30.28 (45016670)|VARIABLE_SCOPE_BEGIN|[11]|x|Integer|false|false
07:51:30.28 (45023022)|HEAP_ALLOCATE|[11]|Bytes:4
07:51:30.28 (45027745)|VARIABLE_ASSIGNMENT|[11]|x|0
07:51:30.28 (45032765)|HEAP_ALLOCATE|[12]|Bytes:8
07:51:30.28 (45037438)|HEAP_ALLOCATE|[12]|Bytes:8
07:51:30.28 (45041834)|STATEMENT_EXECUTE|[12]
07:51:30.28 (45043828)|HEAP_ALLOCATE|[10]|Bytes:4
07:51:30.28 (45048613)|VARIABLE_ASSIGNMENT|[10]|j|12
07:51:30.28 (45059453)|STATEMENT_EXECUTE|[10]
07:51:30.28 (45061910)|STATEMENT_EXECUTE|[11]
07:51:30.28 (45064246)|VARIABLE_SCOPE_BEGIN|[11]|x|Integer|false|false
07:51:30.28 (45070356)|HEAP_ALLOCATE|[11]|Bytes:4
07:51:30.28 (45085324)|VARIABLE_ASSIGNMENT|[11]|x|0
07:51:30.28 (45091255)|HEAP_ALLOCATE|[12]|Bytes:8
07:51:30.28 (45096077)|HEAP_ALLOCATE|[12]|Bytes:8
07:51:30.28 (45100964)|STATEMENT_EXECUTE|[12]
07:51:30.28 (45103078)|HEAP_ALLOCATE|[10]|Bytes:4
07:51:30.28 (45108033)|VARIABLE_ASSIGNMENT|[10]|j|13
07:51:30.28 (45118731)|STATEMENT_EXECUTE|[10]
07:51:30.28 (45120986)|STATEMENT_EXECUTE|[11]
07:51:30.28 (45123396)|VARIABLE_SCOPE_BEGIN|[11]|x|Integer|false|false
07:51:30.28 (45129636)|HEAP_ALLOCATE|[11]|Bytes:4
07:51:30.28 (45134341)|VARIABLE_ASSIGNMENT|[11]|x|0
07:51:30.28 (45139200)|HEAP_ALLOCATE|[12]|Bytes:8
07:51:30.28 (45143582)|HEAP_ALLOCATE|[12]|Bytes:8
07:51:30.28 (45147759)|STATEMENT_EXECUTE|[12]
07:51:30.28 (45149910)|STATEMENT_EXECUTE|[13]
07:51:30.28 (45152622)|HEAP_ALLOCATE|[13]|Bytes:8
07:51:30.28 (45158074)|VARIABLE_ASSIGNMENT|[13]|x|1
07:51:30.28 (45162554)|STATEMENT_EXECUTE|[14]
07:51:30.28 (45165548)|HEAP_ALLOCATE|[14]|Bytes:8
07:51:30.28 (45173551)|STATEMENT_EXECUTE|[15]
07:51:30.28 (45177840)|HEAP_ALLOCATE|[10]|Bytes:4
07:51:30.28 (45183143)|VARIABLE_ASSIGNMENT|[10]|j|14
07:51:30.28 (45193755)|HEAP_ALLOCATE|[9]|Bytes:4
07:51:30.28 (45198688)|VARIABLE_ASSIGNMENT|[9]|i|10
07:51:30.28 (45208529)|STATEMENT_EXECUTE|[9]
07:51:30.28 (45211141)|STATEMENT_EXECUTE|[10]
07:51:30.28 (45213827)|VARIABLE_SCOPE_BEGIN|[10]|j|Integer|false|false
07:51:30.28 (45219911)|HEAP_ALLOCATE|[10]|Bytes:4
07:51:30.28 (45224797)|VARIABLE_ASSIGNMENT|[10]|j|11
07:51:30.28 (45234562)|STATEMENT_EXECUTE|[10]
07:51:30.28 (45236708)|STATEMENT_EXECUTE|[11]
07:51:30.28 (45239111)|VARIABLE_SCOPE_BEGIN|[11]|x|Integer|false|false
07:51:30.28 (45244811)|HEAP_ALLOCATE|[11]|Bytes:4
07:51:30.28 (45249458)|VARIABLE_ASSIGNMENT|[11]|x|0
07:51:30.28 (45254372)|HEAP_ALLOCATE|[12]|Bytes:8
07:51:30.28 (45258979)|HEAP_ALLOCATE|[12]|Bytes:8
07:51:30.28 (45263315)|STATEMENT_EXECUTE|[12]
07:51:30.28 (45265620)|STATEMENT_EXECUTE|[13]
07:51:30.28 (45268376)|HEAP_ALLOCATE|[13]|Bytes:8
07:51:30.28 (45273845)|VARIABLE_ASSIGNMENT|[13]|x|0
07:51:30.28 (45287801)|STATEMENT_EXECUTE|[14]
07:51:30.28 (45291126)|HEAP_ALLOCATE|[14]|Bytes:8
07:51:30.28 (45299457)|STATEMENT_EXECUTE|[15]
07:51:30.28 (45303611)|HEAP_ALLOCATE|[10]|Bytes:4
07:51:30.28 (45309136)|VARIABLE_ASSIGNMENT|[10]|j|12
07:51:30.28 (45320189)|STATEMENT_EXECUTE|[10]
07:51:30.28 (45322471)|STATEMENT_EXECUTE|[11]
07:51:30.28 (45324921)|VARIABLE_SCOPE_BEGIN|[11]|x|Integer|false|false
07:51:30.28 (45331167)|HEAP_ALLOCATE|[11]|Bytes:4
07:51:30.28 (45335953)|VARIABLE_ASSIGNMENT|[11]|x|0
07:51:30.28 (45341159)|HEAP_ALLOCATE|[12]|Bytes:8
07:51:30.28 (45345693)|HEAP_ALLOCATE|[12]|Bytes:8
07:51:30.28 (45349937)|STATEMENT_EXECUTE|[12]
07:51:30.28 (45351911)|HEAP_ALLOCATE|[10]|Bytes:4
07:51:30.28 (45356763)|VARIABLE_ASSIGNMENT|[10]|j|13
07:51:30.28 (45366734)|STATEMENT_EXECUTE|[10]
07:51:30.28 (45368904)|STATEMENT_EXECUTE|[11]
07:51:30.28 (45371370)|VARIABLE_SCOPE_BEGIN|[11]|x|Integer|false|false
07:51:30.28 (45377454)|HEAP_ALLOCATE|[11]|Bytes:4
07:51:30.28 (45382249)|VARIABLE_ASSIGNMENT|[11]|x|0
07:51:30.28 (45387099)|HEAP_ALLOCATE|[12]|Bytes:8
07:51:30.28 (45391677)|HEAP_ALLOCATE|[12]|Bytes:8
07:51:30.28 (45396066)|STATEMENT_EXECUTE|[12]
07:51:30.28 (45398060)|HEAP_ALLOCATE|[10]|Bytes:4
07:51:30.28 (45403156)|VARIABLE_ASSIGNMENT|[10]|j|14
07:51:30.28 (45413117)|HEAP_ALLOCATE|[9]|Bytes:4
07:51:30.28 (45417949)|VARIABLE_ASSIGNMENT|[9]|i|11
07:51:30.28 (45427975)|STATEMENT_EXECUTE|[9]
07:51:30.28 (45430484)|STATEMENT_EXECUTE|[10]
07:51:30.28 (45433115)|VARIABLE_SCOPE_BEGIN|[10]|j|Integer|false|false
07:51:30.28 (45439198)|HEAP_ALLOCATE|[10]|Bytes:4
07:51:30.28 (45443881)|VARIABLE_ASSIGNMENT|[10]|j|12
07:51:30.28 (45453601)|STATEMENT_EXECUTE|[10]
07:51:30.28 (45455722)|STATEMENT_EXECUTE|[11]
07:51:30.28 (45458022)|VARIABLE_SCOPE_BEGIN|[11]|x|Integer|false|false
07:51:30.28 (45463714)|HEAP_ALLOCATE|[11]|Bytes:4
07:51:30.28 (45468333)|VARIABLE_ASSIGNMENT|[11]|x|0
07:51:30.28 (45473615)|HEAP_ALLOCATE|[12]|Bytes:8
07:51:30.28 (45478119)|HEAP_ALLOCATE|[12]|Bytes:8
07:51:30.28 (45482334)|STATEMENT_EXECUTE|[12]
07:51:30.28 (45484273)|HEAP_ALLOCATE|[10]|Bytes:4
07:51:30.28 (45489094)|VARIABLE_ASSIGNMENT|[10]|j|13
07:51:30.28 (45498938)|STATEMENT_EXECUTE|[10]
07:51:30.28 (45501130)|STATEMENT_EXECUTE|[11]
07:51:30.28 (45503412)|VARIABLE_SCOPE_BEGIN|[11]|x|Integer|false|false
07:51:30.28 (45509377)|HEAP_ALLOCATE|[11]|Bytes:4
07:51:30.28 (45514301)|VARIABLE_ASSIGNMENT|[11]|x|0
07:51:30.28 (45519392)|HEAP_ALLOCATE|[12]|Bytes:8
07:51:30.28 (45523792)|HEAP_ALLOCATE|[12]|Bytes:8
07:51:30.28 (45528179)|STATEMENT_EXECUTE|[12]
07:51:30.28 (45530366)|STATEMENT_EXECUTE|[13]
07:51:30.28 (45533004)|HEAP_ALLOCATE|[13]|Bytes:8
07:51:30.28 (45538655)|VARIABLE_ASSIGNMENT|[13]|x|0
07:51:30.28 (45543185)|STATEMENT_EXECUTE|[14]
07:51:30.28 (45546071)|HEAP_ALLOCATE|[14]|Bytes:8
07:51:30.28 (45553553)|STATEMENT_EXECUTE|[15]
07:51:30.28 (45557965)|HEAP_ALLOCATE|[10]|Bytes:4
07:51:30.28 (45563341)|VARIABLE_ASSIGNMENT|[10]|j|14
07:51:30.28 (45573885)|HEAP_ALLOCATE|[9]|Bytes:4
07:51:30.28 (45578765)|VARIABLE_ASSIGNMENT|[9]|i|12
07:51:30.28 (45588642)|STATEMENT_EXECUTE|[9]
07:51:30.28 (45591149)|STATEMENT_EXECUTE|[10]
07:51:30.28 (45593695)|VARIABLE_SCOPE_BEGIN|[10]|j|Integer|false|false
07:51:30.28 (45599484)|HEAP_ALLOCATE|[10]|Bytes:4
07:51:30.28 (45604195)|VARIABLE_ASSIGNMENT|[10]|j|13
07:51:30.28 (45613810)|STATEMENT_EXECUTE|[10]
07:51:30.28 (45616010)|STATEMENT_EXECUTE|[11]
07:51:30.28 (45618322)|VARIABLE_SCOPE_BEGIN|[11]|x|Integer|false|false
07:51:30.28 (45624497)|HEAP_ALLOCATE|[11]|Bytes:4
07:51:30.28 (45629423)|VARIABLE_ASSIGNMENT|[11]|x|0
07:51:30.28 (45634622)|HEAP_ALLOCATE|[12]|Bytes:8
07:51:30.28 (45639273)|HEAP_ALLOCATE|[12]|Bytes:8
07:51:30.28 (45643595)|STATEMENT_EXECUTE|[12]
07:51:30.28 (45645612)|HEAP_ALLOCATE|[10]|Bytes:4
07:51:30.28 (45650682)|VARIABLE_ASSIGNMENT|[10]|j|14
07:51:30.28 (45660234)|HEAP_ALLOCATE|[9]|Bytes:4
07:51:30.28 (45665344)|VARIABLE_ASSIGNMENT|[9]|i|13
07:51:30.28 (45674898)|STATEMENT_EXECUTE|[9]
07:51:30.28 (45677416)|STATEMENT_EXECUTE|[10]
07:51:30.28 (45679902)|VARIABLE_SCOPE_BEGIN|[10]|j|Integer|false|false
07:51:30.28 (45686128)|HEAP_ALLOCATE|[10]|Bytes:4
07:51:30.28 (45690866)|VARIABLE_ASSIGNMENT|[10]|j|14
07:51:30.28 (45701018)|STATEMENT_EXECUTE|[10]
07:51:30.28 (45703095)|HEAP_ALLOCATE|[9]|Bytes:4
07:51:30.28 (45708029)|VARIABLE_ASSIGNMENT|[9]|i|14
07:51:30.28 (45718082)|STATEMENT_EXECUTE|[20]
07:51:30.28 (45771207)|USER_DEBUG|[20]|DEBUG|(9, 9, 7, 7, 5, 3, 3, 3, 2, 2, ...)
07:51:30.28 (45791547)|METHOD_EXIT|[3]|01p6F00000MPtB2|Array_Operations.Descending()
07:51:30.28 (45802763)|SYSTEM_MODE_EXIT|false
07:51:30.45 (45865436)|CUMULATIVE_LIMIT_USAGE
07:51:30.45 (45865436)|LIMIT_USAGE_FOR_NS|(default)|
  Number of SOQL queries: 0 out of 100
  Number of query rows: 0 out of 50000
  Number of SOSL queries: 0 out of 20
  Number of DML statements: 0 out of 150
  Number of DML rows: 0 out of 10000
  Maximum CPU time: 0 out of 10000
  Maximum heap size: 0 out of 6000000
  Number of callouts: 0 out of 100
  Number of Email Invocations: 0 out of 10
  Number of future calls: 0 out of 50
  Number of queueable jobs added to the queue: 0 out of 50
  Number of Mobile Apex push calls: 0 out of 10

07:51:30.45 (45865436)|CUMULATIVE_LIMIT_USAGE_END

07:51:30.28 (45924221)|CODE_UNIT_FINISHED|execute_anonymous_apex
07:51:30.28 (46914716)|EXECUTION_FINISHED
