44.0 APEX_CODE,DEBUG;APEX_PROFILING,INFO;CALLOUT,INFO;DB,INFO;NBA,INFO;SYSTEM,DEBUG;VALIDATION,INFO;VISUALFORCE,DEBUG;WAVE,INFO;WORKFLOW,INFO
06:59:31.1 (1940584)|USER_INFO|[EXTERNAL]|0056F00000ATCAZ|ayman.shaikh@gmail.com|Pacific Standard Time|GMT-07:00
06:59:31.1 (2015187)|EXECUTION_STARTED
06:59:31.1 (2023230)|CODE_UNIT_STARTED|[EXTERNAL]|Validation:Employee:a056F00000lJj7Z
06:59:31.1 (2101192)|VALIDATION_RULE|03d6F000001EXpW|Resignation_Date_rule
06:59:31.1 (2471424)|VALIDATION_FORMULA|Is_on_Notice_Period__c= true && ISBLANK(Resignation_Date__c)|Is_on_Notice_Period__c=0 , Resignation_Date__c=null
06:59:31.1 (2497341)|VALIDATION_PASS
06:59:31.1 (2508070)|VALIDATION_RULE|03d6F000001EXr8|Restrict_DOB
06:59:31.1 (2784876)|VALIDATION_FORMULA|Age__c  <= 18|Age__c=73
06:59:31.1 (2794780)|VALIDATION_PASS
06:59:31.1 (2798200)|VALIDATION_RULE|03d6F000001EWg3|Check_Dates
06:59:31.1 (3011930)|VALIDATION_FORMULA|Last_Working_Day__c  <  Date_of_Joining__c|Last_Working_Day__c=null , Date_of_Joining__c=2018-10-03 00:00:00
06:59:31.1 (3022593)|VALIDATION_PASS
06:59:31.1 (3025901)|VALIDATION_RULE|03d6F000001EWfy|Notice_Period
06:59:31.1 (3096704)|VALIDATION_FORMULA|Is_on_Notice_Period__c  = true && ISBLANK( Resignation_Date__c )|Is_on_Notice_Period__c=0 , Resignation_Date__c=null
06:59:31.1 (3105575)|VALIDATION_PASS
06:59:31.1 (3320926)|CODE_UNIT_FINISHED|Validation:Employee:a056F00000lJj7Z
06:59:31.1 (3334376)|EXECUTION_FINISHED
06:59:31.43 (43297628)|USER_INFO|[EXTERNAL]|0056F00000ATCAZ|ayman.shaikh@gmail.com|Pacific Standard Time|GMT-07:00
06:59:31.43 (43324409)|EXECUTION_STARTED
06:59:31.43 (43330909)|CODE_UNIT_STARTED|[EXTERNAL]|Workflow:01I6F000002DSKA
06:59:31.43 (61282471)|WF_RULE_EVAL_BEGIN|Workflow
06:59:31.43 (61535540)|WF_CRITERIA_BEGIN|[Employee: EMP-000001 a056F00000lJj7Z]|one to one|01Q6F0000015jKG|ON_ALL_CHANGES|0
06:59:31.43 (63454694)|WF_RULE_FILTER|[Employee : Employees ID not equal to NULL]
06:59:31.43 (63567096)|WF_RULE_EVAL_VALUE|EMP-000001
06:59:31.43 (63669141)|WF_CRITERIA_END|true
06:59:31.43 (76863545)|WF_CRITERIA_BEGIN|[Employee: EMP-000001 a056F00000lJj7Z]|Record deactivated|01Q6F0000015jIy|ON_CREATE_OR_TRIGGERING_UPDATE|0
06:59:31.43 (77516270)|WF_FORMULA|Formula:ENCODED:[treatNullAsNull]NOT({!ID:00N6F00000RfoKy})|Values:Is_Active__c=0
06:59:31.43 (77559547)|WF_CRITERIA_END|true
06:59:31.43 (77620776)|WF_SPOOL_ACTION_BEGIN|Workflow
06:59:31.43 (77930043)|WF_RULE_INVOCATION|[Employee: EMP-000001 a056F00000lJj7Z]
06:59:31.43 (77950834)|WF_EMAIL_ALERT|Id=01W6F000000kHXy|CurrentRule:Record deactivated (Id=01Q6F0000015jIy)
06:59:31.43 (224180477)|WF_EMAIL_SENT|Template:00X6F0000027G3n|Recipients:ayman.shaikh@eternussolutions.com |CcEmails:
06:59:31.43 (224266448)|WF_ACTION| Field Update: 1; Email Alert: 1;
06:59:31.43 (224288605)|WF_RULE_EVAL_END
06:59:31.43 (224605810)|WF_ACTIONS_END| Field Update: 1; Email Alert: 1;
06:59:31.43 (224628753)|CODE_UNIT_FINISHED|Workflow:01I6F000002DSKA
06:59:31.43 (224641258)|EXECUTION_FINISHED
