44.0 APEX_CODE,FINEST;APEX_PROFILING,INFO;CALLOUT,INFO;DB,INFO;NBA,INFO;SYSTEM,DEBUG;VALIDATION,INFO;VISUALFORCE,INFO;WAVE,INFO;WORKFLOW,INFO
Execute Anonymous: ParentClass obj1 =  new ParentClass();
Execute Anonymous: ChildClass obj2 = new ChildClass();
Execute Anonymous: obj1.write();
Execute Anonymous: obj2.write();
07:30:44.1 (1253687)|USER_INFO|[EXTERNAL]|0056F00000ATCAZ|ayman.shaikh@gmail.com|Pacific Standard Time|GMT-07:00
07:30:44.1 (1286200)|EXECUTION_STARTED
07:30:44.1 (1292646)|CODE_UNIT_STARTED|[EXTERNAL]|execute_anonymous_apex
07:30:44.1 (8102213)|VARIABLE_SCOPE_BEGIN|[1]|obj1|ParentClass|true|false
07:30:44.1 (11746256)|VARIABLE_SCOPE_BEGIN|[2]|obj2|ChildClass|true|false
07:30:44.1 (11896115)|HEAP_ALLOCATE|[72]|Bytes:3
07:30:44.1 (11938591)|HEAP_ALLOCATE|[77]|Bytes:152
07:30:44.1 (11958705)|HEAP_ALLOCATE|[342]|Bytes:408
07:30:44.1 (11972992)|HEAP_ALLOCATE|[355]|Bytes:408
07:30:44.1 (11984813)|HEAP_ALLOCATE|[467]|Bytes:48
07:30:44.1 (12014695)|HEAP_ALLOCATE|[139]|Bytes:6
07:30:44.1 (12040342)|HEAP_ALLOCATE|[EXTERNAL]|Bytes:7
07:30:44.1 (12077117)|STATEMENT_EXECUTE|[1]
07:30:44.1 (12080117)|STATEMENT_EXECUTE|[1]
07:30:44.1 (12084735)|HEAP_ALLOCATE|[1]|Bytes:3
07:30:44.1 (12090976)|HEAP_ALLOCATE|[1]|Bytes:4
07:30:44.1 (12119955)|METHOD_ENTRY|[1]|01p6F00000MR10y|ParentClass.ParentClass()
07:30:44.1 (12126974)|STATEMENT_EXECUTE|[1]
07:30:44.1 (12131519)|STATEMENT_EXECUTE|[1]
07:30:44.1 (12136676)|METHOD_EXIT|[1]|ParentClass
07:30:44.1 (12158186)|HEAP_ALLOCATE|[1]|Bytes:4
07:30:44.1 (12194614)|HEAP_ALLOCATE|[50]|Bytes:5
07:30:44.1 (12220604)|HEAP_ALLOCATE|[56]|Bytes:5
07:30:44.1 (12229194)|HEAP_ALLOCATE|[64]|Bytes:7
07:30:44.1 (12249734)|SYSTEM_MODE_ENTER|false
07:30:44.1 (12291511)|HEAP_ALLOCATE|[1]|Bytes:5
07:30:44.1 (12304292)|CONSTRUCTOR_ENTRY|[1]|01p6F00000MR10y|<init>()|ParentClass
07:30:44.1 (12333324)|VARIABLE_SCOPE_BEGIN|[1]|this|ParentClass|true|false
07:30:44.1 (12373052)|VARIABLE_ASSIGNMENT|[1]|this|{}|0x75559b41
07:30:44.1 (12384352)|HEAP_ALLOCATE|[EXTERNAL]|Bytes:6
07:30:44.1 (12420051)|STATEMENT_EXECUTE|[1]
07:30:44.1 (12424871)|CONSTRUCTOR_EXIT|[1]|01p6F00000MR10y|<init>()|ParentClass
07:30:44.1 (12436123)|SYSTEM_MODE_EXIT|false
07:30:44.1 (12455047)|VARIABLE_ASSIGNMENT|[1]|obj1|{}|0x75559b41
07:30:44.1 (12461312)|STATEMENT_EXECUTE|[2]
07:30:44.1 (12465178)|HEAP_ALLOCATE|[2]|Bytes:1
07:30:44.1 (12470145)|HEAP_ALLOCATE|[2]|Bytes:1
07:30:44.1 (12480663)|METHOD_ENTRY|[1]|01p6F00000MR2GO|ChildClass.ChildClass()
07:30:44.1 (12485919)|STATEMENT_EXECUTE|[1]
07:30:44.1 (12488854)|STATEMENT_EXECUTE|[1]
07:30:44.1 (12492125)|METHOD_EXIT|[1]|ChildClass
07:30:44.1 (12501178)|HEAP_ALLOCATE|[2]|Bytes:4
07:30:44.1 (12525196)|SYSTEM_MODE_ENTER|false
07:30:44.1 (12546791)|HEAP_ALLOCATE|[2]|Bytes:5
07:30:44.1 (12555270)|CONSTRUCTOR_ENTRY|[2]|01p6F00000MR2GO|<init>()|ChildClass
07:30:44.1 (12572492)|VARIABLE_SCOPE_BEGIN|[1]|this|ChildClass|true|false
07:30:44.1 (12591481)|VARIABLE_ASSIGNMENT|[1]|this|{}|0x683f4b5b
07:30:44.1 (12600447)|CONSTRUCTOR_ENTRY|[EXTERNAL]|01p6F00000MR10y|<init>()|ParentClass
07:30:44.1 (12610748)|VARIABLE_SCOPE_BEGIN|[1]|this|ParentClass|true|false
07:30:44.1 (12622129)|VARIABLE_ASSIGNMENT|[1]|this|{}|0x683f4b5b
07:30:44.1 (12636453)|STATEMENT_EXECUTE|[1]
07:30:44.1 (12639794)|CONSTRUCTOR_EXIT|[EXTERNAL]|01p6F00000MR10y|<init>()|ParentClass
07:30:44.1 (12646530)|STATEMENT_EXECUTE|[1]
07:30:44.1 (12649130)|CONSTRUCTOR_EXIT|[2]|01p6F00000MR2GO|<init>()|ChildClass
07:30:44.1 (12656356)|SYSTEM_MODE_EXIT|false
07:30:44.1 (12670294)|VARIABLE_ASSIGNMENT|[2]|obj2|{}|0x683f4b5b
07:30:44.1 (12676064)|STATEMENT_EXECUTE|[3]
07:30:44.1 (12697504)|SYSTEM_MODE_ENTER|false
07:30:44.1 (12710130)|HEAP_ALLOCATE|[3]|Bytes:5
07:30:44.1 (12735886)|METHOD_ENTRY|[3]|01p6F00000MR10y|ParentClass.write()
07:30:44.1 (12759118)|VARIABLE_SCOPE_BEGIN|[3]|this|ParentClass|true|false
07:30:44.1 (12773071)|VARIABLE_ASSIGNMENT|[3]|this|{}|0x75559b41
07:30:44.1 (12782245)|STATEMENT_EXECUTE|[3]
07:30:44.1 (12800968)|STATEMENT_EXECUTE|[5]
07:30:44.1 (12805539)|HEAP_ALLOCATE|[5]|Bytes:20
07:30:44.1 (12867321)|USER_DEBUG|[5]|DEBUG|This is Parent Class
07:30:44.1 (12881853)|METHOD_EXIT|[3]|01p6F00000MR10y|ParentClass.write()
07:30:44.1 (12888642)|SYSTEM_MODE_EXIT|false
07:30:44.1 (12894315)|STATEMENT_EXECUTE|[4]
07:30:44.1 (12914750)|SYSTEM_MODE_ENTER|false
07:30:44.1 (12943969)|HEAP_ALLOCATE|[4]|Bytes:5
07:30:44.1 (12967201)|METHOD_ENTRY|[4]|01p6F00000MR2GO|ChildClass.write()
07:30:44.1 (12999695)|VARIABLE_SCOPE_BEGIN|[2]|this|ChildClass|true|false
07:30:44.1 (13018740)|VARIABLE_ASSIGNMENT|[2]|this|{}|0x683f4b5b
07:30:44.1 (13027283)|STATEMENT_EXECUTE|[2]
07:30:44.1 (13029025)|STATEMENT_EXECUTE|[3]
07:30:44.1 (13037493)|METHOD_ENTRY|[3]|01p6F00000MR10y|ParentClass.ParentClassAdd()
07:30:44.1 (13064643)|VARIABLE_SCOPE_BEGIN|[8]|this|ParentClass|true|false
07:30:44.1 (13078117)|VARIABLE_ASSIGNMENT|[8]|this|{}|0x683f4b5b
07:30:44.1 (13084388)|STATEMENT_EXECUTE|[8]
07:30:44.1 (13086114)|STATEMENT_EXECUTE|[9]
07:30:44.1 (13091040)|VARIABLE_SCOPE_BEGIN|[9]|IntNum1|Integer|false|false
07:30:44.1 (13100751)|VARIABLE_ASSIGNMENT|[9]|IntNum1|null
07:30:44.1 (13105263)|STATEMENT_EXECUTE|[9]
07:30:44.1 (13107493)|VARIABLE_SCOPE_BEGIN|[9]|IntNum2|Integer|false|false
07:30:44.1 (13115483)|VARIABLE_ASSIGNMENT|[9]|IntNum2|null
07:30:44.1 (13119098)|STATEMENT_EXECUTE|[9]
07:30:44.1 (13122762)|VARIABLE_SCOPE_BEGIN|[9]|IntSum|Integer|false|false
07:30:44.1 (13130430)|HEAP_ALLOCATE|[9]|Bytes:4
07:30:44.1 (13137478)|VARIABLE_ASSIGNMENT|[9]|IntSum|0
07:30:44.1 (13141639)|STATEMENT_EXECUTE|[10]
07:30:44.1 (13206568)|HEAP_ALLOCATE|[10]|Bytes:41
07:30:44.1 (13230804)|METHOD_EXIT|[3]|01p6F00000MR10y|ParentClass.ParentClassAdd()
07:30:44.1 (13241814)|METHOD_EXIT|[4]|01p6F00000MR2GO|ChildClass.write()
07:30:44.1 (13254931)|SYSTEM_MODE_EXIT|false
07:30:44.1 (13512916)|FATAL_ERROR|System.NullPointerException: Attempt to de-reference a null object

Class.ParentClass.ParentClassAdd: line 10, column 1
Class.ChildClass.write: line 3, column 1
AnonymousBlock: line 4, column 1
AnonymousBlock: line 4, column 1
07:30:44.13 (13574983)|CUMULATIVE_LIMIT_USAGE
07:30:44.13 (13574983)|LIMIT_USAGE_FOR_NS|(default)|
  Number of SOQL queries: 0 out of 100
  Number of query rows: 0 out of 50000
  Number of SOSL queries: 0 out of 20
  Number of DML statements: 0 out of 150
  Number of DML rows: 0 out of 10000
  Maximum CPU time: 0 out of 10000
  Maximum heap size: 0 out of 6000000
  Number of callouts: 0 out of 100
  Number of Email Invocations: 0 out of 10
  Number of future calls: 0 out of 50
  Number of queueable jobs added to the queue: 0 out of 50
  Number of Mobile Apex push calls: 0 out of 10

07:30:44.13 (13574983)|CUMULATIVE_LIMIT_USAGE_END

07:30:44.1 (13619639)|CODE_UNIT_FINISHED|execute_anonymous_apex
07:30:44.1 (14667736)|EXECUTION_FINISHED
