44.0 APEX_CODE,FINEST;APEX_PROFILING,INFO;CALLOUT,INFO;DB,INFO;NBA,INFO;SYSTEM,DEBUG;VALIDATION,INFO;VISUALFORCE,INFO;WAVE,INFO;WORKFLOW,INFO
Execute Anonymous: Array_Of_Shape objArray = new Array_Of_Shape();
Execute Anonymous: objArray.Shape_Selection(3);
06:47:47.1 (1264734)|USER_INFO|[EXTERNAL]|0056F00000ATCAZ|ayman.shaikh@gmail.com|Pacific Standard Time|GMT-07:00
06:47:47.1 (1282287)|EXECUTION_STARTED
06:47:47.1 (1286095)|CODE_UNIT_STARTED|[EXTERNAL]|execute_anonymous_apex
06:47:47.1 (7184873)|VARIABLE_SCOPE_BEGIN|[1]|objArray|Array_Of_Shape|true|false
06:47:47.1 (7274800)|HEAP_ALLOCATE|[72]|Bytes:3
06:47:47.1 (7301495)|HEAP_ALLOCATE|[77]|Bytes:152
06:47:47.1 (7313211)|HEAP_ALLOCATE|[342]|Bytes:408
06:47:47.1 (7324741)|HEAP_ALLOCATE|[355]|Bytes:408
06:47:47.1 (7335062)|HEAP_ALLOCATE|[467]|Bytes:48
06:47:47.1 (7355790)|HEAP_ALLOCATE|[139]|Bytes:6
06:47:47.1 (7371321)|HEAP_ALLOCATE|[EXTERNAL]|Bytes:3
06:47:47.1 (7396989)|STATEMENT_EXECUTE|[1]
06:47:47.1 (7400192)|STATEMENT_EXECUTE|[1]
06:47:47.1 (7403666)|HEAP_ALLOCATE|[1]|Bytes:1
06:47:47.1 (7408616)|HEAP_ALLOCATE|[1]|Bytes:2
06:47:47.1 (7432534)|METHOD_ENTRY|[1]|01p6F00000MPYhK|Array_Of_Shape.Array_Of_Shape()
06:47:47.1 (7438159)|STATEMENT_EXECUTE|[1]
06:47:47.1 (7441530)|STATEMENT_EXECUTE|[1]
06:47:47.1 (7463294)|HEAP_ALLOCATE|[50]|Bytes:5
06:47:47.1 (7479829)|HEAP_ALLOCATE|[56]|Bytes:5
06:47:47.1 (7487004)|HEAP_ALLOCATE|[64]|Bytes:7
06:47:47.1 (7501469)|SYSTEM_MODE_ENTER|false
06:47:47.1 (7511383)|HEAP_ALLOCATE|[1]|Bytes:5
06:47:47.1 (7518195)|SYSTEM_MODE_EXIT|false
06:47:47.1 (7527400)|METHOD_EXIT|[1]|Array_Of_Shape
06:47:47.1 (7540480)|HEAP_ALLOCATE|[1]|Bytes:4
06:47:47.1 (7559724)|SYSTEM_MODE_ENTER|false
06:47:47.1 (7578072)|HEAP_ALLOCATE|[1]|Bytes:5
06:47:47.1 (7613629)|CONSTRUCTOR_ENTRY|[1]|01p6F00000MPYhK|<init>()|Array_Of_Shape
06:47:47.1 (7652005)|VARIABLE_SCOPE_BEGIN|[1]|this|Array_Of_Shape|true|false
06:47:47.1 (7690925)|VARIABLE_ASSIGNMENT|[1]|this|{}|0x571d2e89
06:47:47.1 (7704232)|HEAP_ALLOCATE|[EXTERNAL]|Bytes:5
06:47:47.1 (7712426)|HEAP_ALLOCATE|[EXTERNAL]|Bytes:6
06:47:47.1 (7745186)|STATEMENT_EXECUTE|[1]
06:47:47.1 (7749696)|HEAP_ALLOCATE|[EXTERNAL]|Bytes:5
06:47:47.1 (7775470)|CONSTRUCTOR_EXIT|[1]|01p6F00000MPYhK|<init>()|Array_Of_Shape
06:47:47.1 (7786635)|SYSTEM_MODE_EXIT|false
06:47:47.1 (7806872)|VARIABLE_ASSIGNMENT|[1]|objArray|{}|0x571d2e89
06:47:47.1 (7813236)|STATEMENT_EXECUTE|[2]
06:47:47.1 (7834767)|SYSTEM_MODE_ENTER|false
06:47:47.1 (7849765)|HEAP_ALLOCATE|[2]|Bytes:5
06:47:47.1 (7873457)|METHOD_ENTRY|[2]|01p6F00000MPYhK|Array_Of_Shape.Shape_Selection(Integer)
06:47:47.1 (7911369)|VARIABLE_SCOPE_BEGIN|[4]|this|Array_Of_Shape|true|false
06:47:47.1 (7926035)|VARIABLE_ASSIGNMENT|[4]|this|{}|0x571d2e89
06:47:47.1 (7933548)|VARIABLE_SCOPE_BEGIN|[4]|number1|Integer|false|false
06:47:47.1 (7943522)|VARIABLE_ASSIGNMENT|[4]|number1|3
06:47:47.1 (7952589)|HEAP_ALLOCATE|[5]|Bytes:5
06:47:47.1 (7956683)|STATEMENT_EXECUTE|[4]
06:47:47.1 (7958268)|STATEMENT_EXECUTE|[5]
06:47:47.1 (7991540)|HEAP_ALLOCATE|[5]|Bytes:4
06:47:47.1 (8033992)|VARIABLE_SCOPE_BEGIN|[5]|arrayOfShape|List<String>|true|false
06:47:47.1 (8062177)|HEAP_ALLOCATE|[EXTERNAL]|Bytes:4
06:47:47.1 (8074927)|VARIABLE_ASSIGNMENT|[5]|arrayOfShape|[]|0x14c93767
06:47:47.1 (8080066)|STATEMENT_EXECUTE|[8]
06:47:47.1 (8083425)|HEAP_ALLOCATE|[8]|Bytes:9
06:47:47.1 (8118293)|HEAP_ALLOCATE|[EXTERNAL]|Bytes:4
06:47:47.1 (8127550)|STATEMENT_EXECUTE|[9]
06:47:47.1 (8130338)|HEAP_ALLOCATE|[9]|Bytes:10
06:47:47.1 (8161655)|HEAP_ALLOCATE|[EXTERNAL]|Bytes:4
06:47:47.1 (8169185)|STATEMENT_EXECUTE|[10]
06:47:47.1 (8172122)|HEAP_ALLOCATE|[10]|Bytes:7
06:47:47.1 (8186609)|HEAP_ALLOCATE|[EXTERNAL]|Bytes:4
06:47:47.1 (8192634)|STATEMENT_EXECUTE|[11]
06:47:47.1 (8194948)|HEAP_ALLOCATE|[11]|Bytes:7
06:47:47.1 (8206390)|HEAP_ALLOCATE|[EXTERNAL]|Bytes:4
06:47:47.1 (8211647)|STATEMENT_EXECUTE|[12]
06:47:47.1 (8214289)|HEAP_ALLOCATE|[12]|Bytes:9
06:47:47.1 (8225422)|HEAP_ALLOCATE|[EXTERNAL]|Bytes:4
06:47:47.1 (8231050)|STATEMENT_EXECUTE|[13]
06:47:47.1 (8233391)|HEAP_ALLOCATE|[13]|Bytes:8
06:47:47.1 (8245120)|HEAP_ALLOCATE|[EXTERNAL]|Bytes:4
06:47:47.1 (8250361)|STATEMENT_EXECUTE|[14]
06:47:47.1 (8252537)|HEAP_ALLOCATE|[14]|Bytes:8
06:47:47.1 (8264022)|HEAP_ALLOCATE|[EXTERNAL]|Bytes:4
06:47:47.1 (8270789)|STATEMENT_EXECUTE|[16]
06:47:47.1 (8274347)|VARIABLE_SCOPE_BEGIN|[16]|i|Integer|false|false
06:47:47.1 (8281431)|HEAP_ALLOCATE|[16]|Bytes:4
06:47:47.1 (8288086)|VARIABLE_ASSIGNMENT|[16]|i|0
06:47:47.1 (8317520)|STATEMENT_EXECUTE|[16]
06:47:47.1 (8319394)|STATEMENT_EXECUTE|[18]
06:47:47.1 (8322143)|HEAP_ALLOCATE|[18]|Bytes:17
06:47:47.1 (8330190)|HEAP_ALLOCATE|[18]|Bytes:9
06:47:47.1 (8352260)|HEAP_ALLOCATE|[18]|Bytes:26
06:47:47.1 (8379429)|USER_DEBUG|[18]|DEBUG|Values In Array: Triangle 
06:47:47.1 (8389453)|HEAP_ALLOCATE|[16]|Bytes:4
06:47:47.1 (8397814)|VARIABLE_ASSIGNMENT|[16]|i|1
06:47:47.1 (8409802)|STATEMENT_EXECUTE|[16]
06:47:47.1 (8411365)|STATEMENT_EXECUTE|[18]
06:47:47.1 (8414841)|HEAP_ALLOCATE|[18]|Bytes:10
06:47:47.1 (8420030)|HEAP_ALLOCATE|[18]|Bytes:27
06:47:47.1 (8427330)|USER_DEBUG|[18]|DEBUG|Values In Array: Rectangle 
06:47:47.1 (8433381)|HEAP_ALLOCATE|[16]|Bytes:4
06:47:47.1 (8438000)|VARIABLE_ASSIGNMENT|[16]|i|2
06:47:47.1 (8446835)|STATEMENT_EXECUTE|[16]
06:47:47.1 (8448370)|STATEMENT_EXECUTE|[18]
06:47:47.1 (8451090)|HEAP_ALLOCATE|[18]|Bytes:7
06:47:47.1 (8455530)|HEAP_ALLOCATE|[18]|Bytes:24
06:47:47.1 (8460888)|USER_DEBUG|[18]|DEBUG|Values In Array: Square 
06:47:47.1 (8469662)|HEAP_ALLOCATE|[16]|Bytes:4
06:47:47.1 (8474837)|VARIABLE_ASSIGNMENT|[16]|i|3
06:47:47.1 (8483822)|STATEMENT_EXECUTE|[16]
06:47:47.1 (8485499)|STATEMENT_EXECUTE|[18]
06:47:47.1 (8487983)|HEAP_ALLOCATE|[18]|Bytes:7
06:47:47.1 (8492697)|HEAP_ALLOCATE|[18]|Bytes:24
06:47:47.1 (8497811)|USER_DEBUG|[18]|DEBUG|Values In Array: Circle 
06:47:47.1 (8503541)|HEAP_ALLOCATE|[16]|Bytes:4
06:47:47.1 (8508618)|VARIABLE_ASSIGNMENT|[16]|i|4
06:47:47.1 (8516655)|STATEMENT_EXECUTE|[16]
06:47:47.1 (8518132)|STATEMENT_EXECUTE|[18]
06:47:47.1 (8520667)|HEAP_ALLOCATE|[18]|Bytes:9
06:47:47.1 (8524697)|HEAP_ALLOCATE|[18]|Bytes:26
06:47:47.1 (8529982)|USER_DEBUG|[18]|DEBUG|Values In Array: Pantagon 
06:47:47.1 (8536160)|HEAP_ALLOCATE|[16]|Bytes:4
06:47:47.1 (8540650)|VARIABLE_ASSIGNMENT|[16]|i|5
06:47:47.1 (8548483)|STATEMENT_EXECUTE|[16]
06:47:47.1 (8550003)|STATEMENT_EXECUTE|[18]
06:47:47.1 (8552457)|HEAP_ALLOCATE|[18]|Bytes:8
06:47:47.1 (8556409)|HEAP_ALLOCATE|[18]|Bytes:25
06:47:47.1 (8561221)|USER_DEBUG|[18]|DEBUG|Values In Array: Hexagon 
06:47:47.1 (8566968)|HEAP_ALLOCATE|[16]|Bytes:4
06:47:47.1 (8571049)|VARIABLE_ASSIGNMENT|[16]|i|6
06:47:47.1 (8578607)|STATEMENT_EXECUTE|[16]
06:47:47.1 (8580077)|STATEMENT_EXECUTE|[18]
06:47:47.1 (8582507)|HEAP_ALLOCATE|[18]|Bytes:8
06:47:47.1 (8586689)|HEAP_ALLOCATE|[18]|Bytes:25
06:47:47.1 (8591331)|USER_DEBUG|[18]|DEBUG|Values In Array: Octagon 
06:47:47.1 (8596843)|HEAP_ALLOCATE|[16]|Bytes:4
06:47:47.1 (8601187)|VARIABLE_ASSIGNMENT|[16]|i|7
06:47:47.1 (8615430)|METHOD_EXIT|[2]|01p6F00000MPYhK|Array_Of_Shape.Shape_Selection(Integer)
06:47:47.1 (8627676)|SYSTEM_MODE_EXIT|false
06:47:47.8 (8662971)|CUMULATIVE_LIMIT_USAGE
06:47:47.8 (8662971)|LIMIT_USAGE_FOR_NS|(default)|
  Number of SOQL queries: 0 out of 100
  Number of query rows: 0 out of 50000
  Number of SOSL queries: 0 out of 20
  Number of DML statements: 0 out of 150
  Number of DML rows: 0 out of 10000
  Maximum CPU time: 0 out of 10000
  Maximum heap size: 0 out of 6000000
  Number of callouts: 0 out of 100
  Number of Email Invocations: 0 out of 10
  Number of future calls: 0 out of 50
  Number of queueable jobs added to the queue: 0 out of 50
  Number of Mobile Apex push calls: 0 out of 10

06:47:47.8 (8662971)|CUMULATIVE_LIMIT_USAGE_END

06:47:47.1 (8694539)|CODE_UNIT_FINISHED|execute_anonymous_apex
06:47:47.1 (9553738)|EXECUTION_FINISHED
