43.0 APEX_CODE,FINEST;APEX_PROFILING,INFO;CALLOUT,INFO;DB,INFO;NBA,INFO;SYSTEM,DEBUG;VALIDATION,INFO;VISUALFORCE,INFO;WAVE,INFO;WORKFLOW,INFO
Execute Anonymous: ParentToChild objParentToChild = new ParentToChild();
Execute Anonymous: objParentToChild.AccountToContact();
07:48:58.28 (28971280)|USER_INFO|[EXTERNAL]|0056F00000ATCAZ|ayman.shaikh@gmail.com|Pacific Standard Time|GMT-08:00
07:48:58.28 (28993213)|EXECUTION_STARTED
07:48:58.28 (28997867)|CODE_UNIT_STARTED|[EXTERNAL]|execute_anonymous_apex
07:48:58.28 (34776336)|VARIABLE_SCOPE_BEGIN|[1]|objParentToChild|ParentToChild|true|false
07:48:58.28 (34898911)|HEAP_ALLOCATE|[72]|Bytes:3
07:48:58.28 (34938672)|HEAP_ALLOCATE|[77]|Bytes:152
07:48:58.28 (34953133)|HEAP_ALLOCATE|[342]|Bytes:408
07:48:58.28 (34965756)|HEAP_ALLOCATE|[355]|Bytes:408
07:48:58.28 (34975757)|HEAP_ALLOCATE|[467]|Bytes:48
07:48:58.28 (34999751)|HEAP_ALLOCATE|[139]|Bytes:6
07:48:58.28 (35018733)|HEAP_ALLOCATE|[EXTERNAL]|Bytes:3
07:48:58.28 (35044716)|STATEMENT_EXECUTE|[1]
07:48:58.28 (35047221)|STATEMENT_EXECUTE|[1]
07:48:58.28 (35051542)|HEAP_ALLOCATE|[1]|Bytes:7
07:48:58.28 (35056428)|HEAP_ALLOCATE|[1]|Bytes:8
07:48:58.28 (35087440)|METHOD_ENTRY|[1]|01p6F00000MRjNH|ParentToChild.ParentToChild()
07:48:58.28 (35094628)|STATEMENT_EXECUTE|[1]
07:48:58.28 (35097838)|STATEMENT_EXECUTE|[1]
07:48:58.28 (35102937)|METHOD_EXIT|[1]|ParentToChild
07:48:58.28 (35119690)|HEAP_ALLOCATE|[1]|Bytes:4
07:48:58.28 (35167677)|HEAP_ALLOCATE|[50]|Bytes:5
07:48:58.28 (35192897)|HEAP_ALLOCATE|[56]|Bytes:5
07:48:58.28 (35201040)|HEAP_ALLOCATE|[64]|Bytes:7
07:48:58.28 (35219165)|SYSTEM_MODE_ENTER|false
07:48:58.28 (35247631)|HEAP_ALLOCATE|[1]|Bytes:5
07:48:58.28 (35258148)|CONSTRUCTOR_ENTRY|[1]|01p6F00000MRjNH|<init>()|ParentToChild
07:48:58.28 (35284873)|VARIABLE_SCOPE_BEGIN|[1]|this|ParentToChild|true|false
07:48:58.28 (35327363)|VARIABLE_ASSIGNMENT|[1]|this|{}|0x6711214e
07:48:58.28 (35339454)|HEAP_ALLOCATE|[EXTERNAL]|Bytes:6
07:48:58.28 (35370633)|STATEMENT_EXECUTE|[1]
07:48:58.28 (35375275)|CONSTRUCTOR_EXIT|[1]|01p6F00000MRjNH|<init>()|ParentToChild
07:48:58.28 (35390942)|SYSTEM_MODE_EXIT|false
07:48:58.28 (35411661)|VARIABLE_ASSIGNMENT|[1]|objParentToChild|{}|0x6711214e
07:48:58.28 (35418347)|STATEMENT_EXECUTE|[2]
07:48:58.28 (35439303)|SYSTEM_MODE_ENTER|false
07:48:58.28 (35455200)|HEAP_ALLOCATE|[2]|Bytes:5
07:48:58.28 (35479679)|METHOD_ENTRY|[2]|01p6F00000MRjNH|ParentToChild.AccountToContact()
07:48:58.28 (35499347)|VARIABLE_SCOPE_BEGIN|[2]|this|ParentToChild|true|false
07:48:58.28 (35512184)|VARIABLE_ASSIGNMENT|[2]|this|{}|0x6711214e
07:48:58.28 (35521052)|STATEMENT_EXECUTE|[2]
07:48:58.28 (35522633)|STATEMENT_EXECUTE|[3]
07:48:58.28 (35525442)|HEAP_ALLOCATE|[3]|Bytes:96
07:48:58.28 (35550572)|HEAP_ALLOCATE|[3]|Bytes:4
07:48:58.28 (35900374)|SOQL_EXECUTE_BEGIN|[3]|Aggregations:1|SELECT Id, Name, (SELECT Id, FirstName, LastName FROM Contacts) FROM Account WHERE Name = 'john'
07:48:58.28 (56427949)|SOQL_EXECUTE_END|[3]|Rows:1
07:48:58.28 (56477912)|HEAP_ALLOCATE|[3]|Bytes:8
07:48:58.28 (56507581)|HEAP_ALLOCATE|[3]|Bytes:209
07:48:58.28 (56643099)|HEAP_ALLOCATE|[3]|Bytes:8
07:48:58.28 (56666453)|VARIABLE_SCOPE_BEGIN|[3]|AccList|List<Account>|true|false
07:48:58.28 (56719923)|VARIABLE_ASSIGNMENT|[3]|AccList|[{"Id":"0016F00002yfopzQAA","Name":"John","Contacts":[{"AccountId":"0016F00002yfopzQAA","Id":"0036F00002o3pbbQAA","LastName":"Shaikh"},{"AccountId":"0016F00002yfopzQAA","Id":"0036F00002o3pdlQAA","LastName":"Kapoor"}]}]|0x43979054
07:48:58.28 (56729548)|STATEMENT_EXECUTE|[17]
07:48:58.28 (56836883)|USER_DEBUG|[17]|DEBUG|(Account:{Id=0016F00002yfopzQAA, Name=John})
07:48:58.28 (56857922)|METHOD_EXIT|[2]|01p6F00000MRjNH|ParentToChild.AccountToContact()
07:48:58.28 (56869280)|SYSTEM_MODE_EXIT|false
07:48:58.56 (56907696)|CUMULATIVE_LIMIT_USAGE
07:48:58.56 (56907696)|LIMIT_USAGE_FOR_NS|(default)|
  Number of SOQL queries: 1 out of 100
  Number of query rows: 3 out of 50000
  Number of SOSL queries: 0 out of 20
  Number of DML statements: 0 out of 150
  Number of DML rows: 0 out of 10000
  Maximum CPU time: 0 out of 10000
  Maximum heap size: 0 out of 6000000
  Number of callouts: 0 out of 100
  Number of Email Invocations: 0 out of 10
  Number of future calls: 0 out of 50
  Number of queueable jobs added to the queue: 0 out of 50
  Number of Mobile Apex push calls: 0 out of 10

07:48:58.56 (56907696)|CUMULATIVE_LIMIT_USAGE_END

07:48:58.28 (56947080)|CODE_UNIT_FINISHED|execute_anonymous_apex
07:48:58.28 (58164878)|EXECUTION_FINISHED
