44.0 APEX_CODE,FINEST;APEX_PROFILING,INFO;CALLOUT,INFO;DB,INFO;NBA,INFO;SYSTEM,DEBUG;VALIDATION,INFO;VISUALFORCE,INFO;WAVE,INFO;WORKFLOW,INFO
Execute Anonymous: AccountProgram objAccountProgram = new AccountProgram();
Execute Anonymous: objAccountProgram.queryOnAccount1();
Execute Anonymous: objAccountProgram.queryOnAccount2();
Execute Anonymous: objAccountProgram.queryOnAccount3();
03:09:13.1 (1074998)|USER_INFO|[EXTERNAL]|0056F00000ATCAZ|ayman.shaikh@gmail.com|Pacific Standard Time|GMT-07:00
03:09:13.1 (1098171)|EXECUTION_STARTED
03:09:13.1 (1102238)|CODE_UNIT_STARTED|[EXTERNAL]|execute_anonymous_apex
03:09:13.1 (7460204)|VARIABLE_SCOPE_BEGIN|[1]|objAccountProgram|AccountProgram|true|false
03:09:13.1 (7589960)|HEAP_ALLOCATE|[72]|Bytes:3
03:09:13.1 (7633292)|HEAP_ALLOCATE|[77]|Bytes:152
03:09:13.1 (7647693)|HEAP_ALLOCATE|[342]|Bytes:408
03:09:13.1 (7660777)|HEAP_ALLOCATE|[355]|Bytes:408
03:09:13.1 (7672302)|HEAP_ALLOCATE|[467]|Bytes:48
03:09:13.1 (7704022)|HEAP_ALLOCATE|[139]|Bytes:6
03:09:13.1 (7724069)|HEAP_ALLOCATE|[EXTERNAL]|Bytes:7
03:09:13.1 (7755439)|STATEMENT_EXECUTE|[1]
03:09:13.1 (7758368)|STATEMENT_EXECUTE|[1]
03:09:13.1 (7761416)|HEAP_ALLOCATE|[1]|Bytes:7
03:09:13.1 (7766747)|HEAP_ALLOCATE|[1]|Bytes:15
03:09:13.1 (7793262)|METHOD_ENTRY|[1]|01p6F00000MR33H|AccountProgram.AccountProgram()
03:09:13.1 (7799895)|STATEMENT_EXECUTE|[1]
03:09:13.1 (7803465)|STATEMENT_EXECUTE|[1]
03:09:13.1 (7831319)|HEAP_ALLOCATE|[50]|Bytes:5
03:09:13.1 (7855700)|HEAP_ALLOCATE|[56]|Bytes:5
03:09:13.1 (7864295)|HEAP_ALLOCATE|[64]|Bytes:7
03:09:13.1 (7882145)|SYSTEM_MODE_ENTER|false
03:09:13.1 (7897735)|HEAP_ALLOCATE|[1]|Bytes:5
03:09:13.1 (7905357)|SYSTEM_MODE_EXIT|false
03:09:13.1 (7913941)|METHOD_EXIT|[1]|AccountProgram
03:09:13.1 (7926354)|HEAP_ALLOCATE|[1]|Bytes:4
03:09:13.1 (7945372)|SYSTEM_MODE_ENTER|false
03:09:13.1 (7967281)|HEAP_ALLOCATE|[1]|Bytes:5
03:09:13.1 (7978142)|CONSTRUCTOR_ENTRY|[1]|01p6F00000MR33H|<init>()|AccountProgram
03:09:13.1 (8004450)|VARIABLE_SCOPE_BEGIN|[1]|this|AccountProgram|true|false
03:09:13.1 (8043723)|VARIABLE_ASSIGNMENT|[1]|this|{}|0x2befa795
03:09:13.1 (8053891)|HEAP_ALLOCATE|[EXTERNAL]|Bytes:5
03:09:13.1 (8061515)|HEAP_ALLOCATE|[EXTERNAL]|Bytes:6
03:09:13.1 (8094299)|STATEMENT_EXECUTE|[1]
03:09:13.1 (8098448)|HEAP_ALLOCATE|[EXTERNAL]|Bytes:5
03:09:13.1 (8106472)|CONSTRUCTOR_EXIT|[1]|01p6F00000MR33H|<init>()|AccountProgram
03:09:13.1 (8113491)|SYSTEM_MODE_EXIT|false
03:09:13.1 (8130506)|VARIABLE_ASSIGNMENT|[1]|objAccountProgram|{}|0x2befa795
03:09:13.1 (8137535)|STATEMENT_EXECUTE|[2]
03:09:13.1 (8156938)|SYSTEM_MODE_ENTER|false
03:09:13.1 (8171258)|HEAP_ALLOCATE|[2]|Bytes:5
03:09:13.1 (8196148)|METHOD_ENTRY|[2]|01p6F00000MR33H|AccountProgram.queryOnAccount1()
03:09:13.1 (8216643)|VARIABLE_SCOPE_BEGIN|[2]|this|AccountProgram|true|false
03:09:13.1 (8230666)|VARIABLE_ASSIGNMENT|[2]|this|{}|0x2befa795
03:09:13.1 (8244475)|HEAP_ALLOCATE|[4]|Bytes:5
03:09:13.1 (8248504)|STATEMENT_EXECUTE|[2]
03:09:13.1 (8250131)|STATEMENT_EXECUTE|[4]
03:09:13.1 (8252718)|HEAP_ALLOCATE|[4]|Bytes:24
03:09:13.1 (8276081)|HEAP_ALLOCATE|[4]|Bytes:4
03:09:13.1 (8499270)|SOQL_EXECUTE_BEGIN|[4]|Aggregations:0|SELECT Name FROM Account
03:09:13.1 (11970441)|SOQL_EXECUTE_END|[4]|Rows:14
03:09:13.1 (11996171)|HEAP_ALLOCATE|[4]|Bytes:60
03:09:13.1 (12025546)|HEAP_ALLOCATE|[4]|Bytes:782
03:09:13.1 (12125709)|HEAP_ALLOCATE|[4]|Bytes:60
03:09:13.1 (12141717)|VARIABLE_SCOPE_BEGIN|[4]|AccName1|List<Account>|true|false
03:09:13.1 (12164044)|VARIABLE_ASSIGNMENT|[4]|AccName1|"List of size 14 too large to display"|0x21a94b20
03:09:13.1 (12171201)|STATEMENT_EXECUTE|[5]
03:09:13.1 (12175072)|HEAP_ALLOCATE|[5]|Bytes:17
03:09:13.1 (12215928)|USER_DEBUG|[5]|DEBUG|Advanced For Loop
03:09:13.1 (12404557)|HEAP_ALLOCATE|[6]|Bytes:5
03:09:13.1 (12440559)|HEAP_ALLOCATE|[6]|Bytes:12
03:09:13.1 (12452127)|VARIABLE_SCOPE_BEGIN|[6]|acc|Account|true|false
03:09:13.1 (12475963)|VARIABLE_ASSIGNMENT|[6]|acc|{"Name":"sForce","Id":"0016F00002o0fjCQAQ"}|0x73bd32f0
03:09:13.1 (12483547)|STATEMENT_EXECUTE|[6]
03:09:13.1 (12485744)|STATEMENT_EXECUTE|[7]
03:09:13.1 (12488623)|HEAP_ALLOCATE|[7]|Bytes:13
03:09:13.1 (12568270)|HEAP_ALLOCATE|[7]|Bytes:44
03:09:13.1 (12588108)|HEAP_ALLOCATE|[7]|Bytes:57
03:09:13.1 (12598741)|USER_DEBUG|[7]|DEBUG|Account Name Account:{Name=sForce, Id=0016F00002o0fjCQAQ}
03:09:13.1 (12613847)|HEAP_ALLOCATE|[6]|Bytes:5
03:09:13.1 (12625006)|HEAP_ALLOCATE|[6]|Bytes:12
03:09:13.1 (12632468)|VARIABLE_SCOPE_BEGIN|[6]|acc|Account|true|false
03:09:13.1 (12652376)|VARIABLE_ASSIGNMENT|[6]|acc|{"Name":"University of Arizon (1 more) ...","Id":"0016F00002o0fj8QAA"}|0x52ac479d
03:09:13.1 (12658548)|STATEMENT_EXECUTE|[6]
03:09:13.1 (12660516)|STATEMENT_EXECUTE|[7]
03:09:13.1 (12684979)|HEAP_ALLOCATE|[7]|Bytes:59
03:09:13.1 (12702164)|HEAP_ALLOCATE|[7]|Bytes:72
03:09:13.1 (12709480)|USER_DEBUG|[7]|DEBUG|Account Name Account:{Name=University of Arizona, Id=0016F00002o0fj8QAA}
03:09:13.1 (12722949)|HEAP_ALLOCATE|[6]|Bytes:5
03:09:13.1 (12732550)|HEAP_ALLOCATE|[6]|Bytes:12
03:09:13.1 (12739113)|VARIABLE_SCOPE_BEGIN|[6]|acc|Account|true|false
03:09:13.1 (12755279)|VARIABLE_ASSIGNMENT|[6]|acc|{"Name":"United Oil & Gas Cor (2 more) ...","Id":"0016F00002o0fj6QAA"}|0x564ab231
03:09:13.1 (12761336)|STATEMENT_EXECUTE|[6]
03:09:13.1 (12762949)|STATEMENT_EXECUTE|[7]
03:09:13.1 (12783325)|HEAP_ALLOCATE|[7]|Bytes:60
03:09:13.1 (12794354)|HEAP_ALLOCATE|[7]|Bytes:73
03:09:13.1 (12800989)|USER_DEBUG|[7]|DEBUG|Account Name Account:{Name=United Oil & Gas Corp., Id=0016F00002o0fj6QAA}
03:09:13.1 (12812827)|HEAP_ALLOCATE|[6]|Bytes:5
03:09:13.1 (12821327)|HEAP_ALLOCATE|[6]|Bytes:12
03:09:13.1 (12826218)|VARIABLE_SCOPE_BEGIN|[6]|acc|Account|true|false
03:09:13.1 (12840201)|VARIABLE_ASSIGNMENT|[6]|acc|{"Name":"GenePoint","Id":"0016F00002o0fjBQAQ"}|0x72f4142e
03:09:13.1 (12845622)|STATEMENT_EXECUTE|[6]
03:09:13.1 (12847215)|STATEMENT_EXECUTE|[7]
03:09:13.1 (12866332)|HEAP_ALLOCATE|[7]|Bytes:47
03:09:13.1 (12876528)|HEAP_ALLOCATE|[7]|Bytes:60
03:09:13.1 (12883842)|USER_DEBUG|[7]|DEBUG|Account Name Account:{Name=GenePoint, Id=0016F00002o0fjBQAQ}
03:09:13.1 (12896414)|HEAP_ALLOCATE|[6]|Bytes:5
03:09:13.1 (12904575)|HEAP_ALLOCATE|[6]|Bytes:12
03:09:13.1 (12909393)|VARIABLE_SCOPE_BEGIN|[6]|acc|Account|true|false
03:09:13.1 (12923712)|VARIABLE_ASSIGNMENT|[6]|acc|{"Name":"United Oil & Gas, UK","Id":"0016F00002o0fj9QAA"}|0x68c48232
03:09:13.1 (12929201)|STATEMENT_EXECUTE|[6]
03:09:13.1 (12930729)|STATEMENT_EXECUTE|[7]
03:09:13.1 (12947888)|HEAP_ALLOCATE|[7]|Bytes:58
03:09:13.1 (12958340)|HEAP_ALLOCATE|[7]|Bytes:71
03:09:13.1 (12965128)|USER_DEBUG|[7]|DEBUG|Account Name Account:{Name=United Oil & Gas, UK, Id=0016F00002o0fj9QAA}
03:09:13.1 (12976392)|HEAP_ALLOCATE|[6]|Bytes:5
03:09:13.1 (12984236)|HEAP_ALLOCATE|[6]|Bytes:12
03:09:13.1 (12989099)|VARIABLE_SCOPE_BEGIN|[6]|acc|Account|true|false
03:09:13.1 (13003178)|VARIABLE_ASSIGNMENT|[6]|acc|{"Name":"United Oil & Gas, Si (7 more) ...","Id":"0016F00002o0fjAQAQ"}|0x5864b018
03:09:13.1 (13009952)|STATEMENT_EXECUTE|[6]
03:09:13.1 (13011577)|STATEMENT_EXECUTE|[7]
03:09:13.1 (13029617)|HEAP_ALLOCATE|[7]|Bytes:65
03:09:13.1 (13040656)|HEAP_ALLOCATE|[7]|Bytes:78
03:09:13.1 (13047481)|USER_DEBUG|[7]|DEBUG|Account Name Account:{Name=United Oil & Gas, Singapore, Id=0016F00002o0fjAQAQ}
03:09:13.1 (13058716)|HEAP_ALLOCATE|[6]|Bytes:5
03:09:13.1 (13067205)|HEAP_ALLOCATE|[6]|Bytes:12
03:09:13.1 (13072060)|VARIABLE_SCOPE_BEGIN|[6]|acc|Account|true|false
03:09:13.1 (13085121)|VARIABLE_ASSIGNMENT|[6]|acc|{"Name":"Edge Communications","Id":"0016F00002o0fj1QAA"}|0x5bbc5a1f
03:09:13.1 (13091660)|STATEMENT_EXECUTE|[6]
03:09:13.1 (13093190)|STATEMENT_EXECUTE|[7]
03:09:13.1 (13109867)|HEAP_ALLOCATE|[7]|Bytes:57
03:09:13.1 (13120825)|HEAP_ALLOCATE|[7]|Bytes:70
03:09:13.1 (13126606)|USER_DEBUG|[7]|DEBUG|Account Name Account:{Name=Edge Communications, Id=0016F00002o0fj1QAA}
03:09:13.1 (13137425)|HEAP_ALLOCATE|[6]|Bytes:5
03:09:13.1 (13145477)|HEAP_ALLOCATE|[6]|Bytes:12
03:09:13.1 (13150264)|VARIABLE_SCOPE_BEGIN|[6]|acc|Account|true|false
03:09:13.1 (13165480)|VARIABLE_ASSIGNMENT|[6]|acc|{"Name":"Burlington Textiles  (15 more) ...","Id":"0016F00002o0fj2QAA"}|0x93b6022
03:09:13.1 (13171950)|STATEMENT_EXECUTE|[6]
03:09:13.1 (13173563)|STATEMENT_EXECUTE|[7]
03:09:13.1 (13190932)|HEAP_ALLOCATE|[7]|Bytes:73
03:09:13.1 (13201035)|HEAP_ALLOCATE|[7]|Bytes:86
03:09:13.1 (13206793)|USER_DEBUG|[7]|DEBUG|Account Name Account:{Name=Burlington Textiles Corp of America, Id=0016F00002o0fj2QAA}
03:09:13.1 (13217938)|HEAP_ALLOCATE|[6]|Bytes:5
03:09:13.1 (13226100)|HEAP_ALLOCATE|[6]|Bytes:12
03:09:13.1 (13231568)|VARIABLE_SCOPE_BEGIN|[6]|acc|Account|true|false
03:09:13.1 (13247505)|VARIABLE_ASSIGNMENT|[6]|acc|{"Name":"Pyramid Construction (5 more) ...","Id":"0016F00002o0fj3QAA"}|0x45a2b625
03:09:13.1 (13253305)|STATEMENT_EXECUTE|[6]
03:09:13.1 (13255065)|STATEMENT_EXECUTE|[7]
03:09:13.1 (13272007)|HEAP_ALLOCATE|[7]|Bytes:63
03:09:13.1 (13282276)|HEAP_ALLOCATE|[7]|Bytes:76
03:09:13.1 (13288908)|USER_DEBUG|[7]|DEBUG|Account Name Account:{Name=Pyramid Construction Inc., Id=0016F00002o0fj3QAA}
03:09:13.1 (13319534)|HEAP_ALLOCATE|[6]|Bytes:5
03:09:13.1 (13329019)|HEAP_ALLOCATE|[6]|Bytes:12
03:09:13.1 (13334073)|VARIABLE_SCOPE_BEGIN|[6]|acc|Account|true|false
03:09:13.1 (13347737)|VARIABLE_ASSIGNMENT|[6]|acc|{"Name":"Dickenson plc","Id":"0016F00002o0fj4QAA"}|0x383b3af9
03:09:13.1 (13353328)|STATEMENT_EXECUTE|[6]
03:09:13.1 (13354869)|STATEMENT_EXECUTE|[7]
03:09:13.1 (13373888)|HEAP_ALLOCATE|[7]|Bytes:51
03:09:13.1 (13397353)|HEAP_ALLOCATE|[7]|Bytes:64
03:09:13.1 (13404480)|USER_DEBUG|[7]|DEBUG|Account Name Account:{Name=Dickenson plc, Id=0016F00002o0fj4QAA}
03:09:13.1 (13415818)|HEAP_ALLOCATE|[6]|Bytes:5
03:09:13.1 (13424185)|HEAP_ALLOCATE|[6]|Bytes:12
03:09:13.1 (13429751)|VARIABLE_SCOPE_BEGIN|[6]|acc|Account|true|false
03:09:13.1 (13444863)|VARIABLE_ASSIGNMENT|[6]|acc|{"Name":"Grand Hotels & Resor (6 more) ...","Id":"0016F00002o0fj5QAA"}|0x1eee343
03:09:13.1 (13451260)|STATEMENT_EXECUTE|[6]
03:09:13.1 (13452793)|STATEMENT_EXECUTE|[7]
03:09:13.1 (13470391)|HEAP_ALLOCATE|[7]|Bytes:64
03:09:13.1 (13481123)|HEAP_ALLOCATE|[7]|Bytes:77
03:09:13.1 (13487830)|USER_DEBUG|[7]|DEBUG|Account Name Account:{Name=Grand Hotels & Resorts Ltd, Id=0016F00002o0fj5QAA}
03:09:13.1 (13498487)|HEAP_ALLOCATE|[6]|Bytes:5
03:09:13.1 (13506568)|HEAP_ALLOCATE|[6]|Bytes:12
03:09:13.1 (13511282)|VARIABLE_SCOPE_BEGIN|[6]|acc|Account|true|false
03:09:13.1 (13525932)|VARIABLE_ASSIGNMENT|[6]|acc|{"Name":"Express Logistics an (11 more) ...","Id":"0016F00002o0fj7QAA"}|0x5386a92c
03:09:13.1 (13531817)|STATEMENT_EXECUTE|[6]
03:09:13.1 (13533318)|STATEMENT_EXECUTE|[7]
03:09:13.1 (13550715)|HEAP_ALLOCATE|[7]|Bytes:69
03:09:13.1 (13561293)|HEAP_ALLOCATE|[7]|Bytes:82
03:09:13.1 (13566975)|USER_DEBUG|[7]|DEBUG|Account Name Account:{Name=Express Logistics and Transport, Id=0016F00002o0fj7QAA}
03:09:13.1 (13577309)|HEAP_ALLOCATE|[6]|Bytes:5
03:09:13.1 (13585449)|HEAP_ALLOCATE|[6]|Bytes:12
03:09:13.1 (13590282)|VARIABLE_SCOPE_BEGIN|[6]|acc|Account|true|false
03:09:13.1 (13602910)|VARIABLE_ASSIGNMENT|[6]|acc|{"Name":"Almas","Id":"0016F00002vJCC2QAO"}|0x3452ee7
03:09:13.1 (13608888)|STATEMENT_EXECUTE|[6]
03:09:13.1 (13610361)|STATEMENT_EXECUTE|[7]
03:09:13.1 (13627188)|HEAP_ALLOCATE|[7]|Bytes:43
03:09:13.1 (13640502)|HEAP_ALLOCATE|[7]|Bytes:56
03:09:13.1 (13647189)|USER_DEBUG|[7]|DEBUG|Account Name Account:{Name=Almas, Id=0016F00002vJCC2QAO}
03:09:13.1 (13658452)|HEAP_ALLOCATE|[6]|Bytes:5
03:09:13.1 (13667319)|HEAP_ALLOCATE|[6]|Bytes:12
03:09:13.1 (13672096)|VARIABLE_SCOPE_BEGIN|[6]|acc|Account|true|false
03:09:13.1 (13685306)|VARIABLE_ASSIGNMENT|[6]|acc|{"Name":"Ketki","Id":"0016F00002sP67wQAC"}|0x62c82084
03:09:13.1 (13690145)|STATEMENT_EXECUTE|[6]
03:09:13.1 (13695340)|STATEMENT_EXECUTE|[7]
03:09:13.1 (13713169)|HEAP_ALLOCATE|[7]|Bytes:43
03:09:13.1 (13723704)|HEAP_ALLOCATE|[7]|Bytes:56
03:09:13.1 (13729925)|USER_DEBUG|[7]|DEBUG|Account Name Account:{Name=Ketki, Id=0016F00002sP67wQAC}
03:09:13.1 (13740999)|HEAP_ALLOCATE|[6]|Bytes:5
03:09:13.1 (13751602)|VARIABLE_ASSIGNMENT|[6]|acc|null|
03:09:13.1 (13763252)|METHOD_EXIT|[2]|01p6F00000MR33H|AccountProgram.queryOnAccount1()
03:09:13.1 (13770588)|SYSTEM_MODE_EXIT|false
03:09:13.1 (13776784)|STATEMENT_EXECUTE|[3]
03:09:13.1 (13804135)|SYSTEM_MODE_ENTER|false
03:09:13.1 (13816030)|HEAP_ALLOCATE|[3]|Bytes:5
03:09:13.1 (13828321)|METHOD_ENTRY|[3]|01p6F00000MR33H|AccountProgram.queryOnAccount2()
03:09:13.1 (13850181)|VARIABLE_SCOPE_BEGIN|[12]|this|AccountProgram|true|false
03:09:13.1 (13867241)|VARIABLE_ASSIGNMENT|[12]|this|{}|0x2befa795
03:09:13.1 (13878111)|HEAP_ALLOCATE|[14]|Bytes:5
03:09:13.1 (13882487)|STATEMENT_EXECUTE|[12]
03:09:13.1 (13884344)|STATEMENT_EXECUTE|[14]
03:09:13.1 (13896630)|HEAP_ALLOCATE|[14]|Bytes:4
03:09:13.1 (13993595)|SOQL_EXECUTE_BEGIN|[14]|Aggregations:0|SELECT Name FROM Account
03:09:13.1 (16768555)|SOQL_EXECUTE_END|[14]|Rows:14
03:09:13.1 (16791046)|HEAP_ALLOCATE|[14]|Bytes:60
03:09:13.1 (16814128)|HEAP_ALLOCATE|[14]|Bytes:782
03:09:13.1 (16840295)|HEAP_ALLOCATE|[14]|Bytes:60
03:09:13.1 (16851050)|VARIABLE_SCOPE_BEGIN|[14]|AccName2|List<Account>|true|false
03:09:13.1 (16868961)|VARIABLE_ASSIGNMENT|[14]|AccName2|"List of size 14 too large to display"|0x15b2943e
03:09:13.1 (16875883)|STATEMENT_EXECUTE|[15]
03:09:13.1 (16879849)|HEAP_ALLOCATE|[15]|Bytes:20
03:09:13.1 (16903500)|USER_DEBUG|[15]|DEBUG|Traditional For Loop
03:09:13.1 (16913136)|STATEMENT_EXECUTE|[16]
03:09:13.1 (16916833)|VARIABLE_SCOPE_BEGIN|[16]|i|Integer|false|false
03:09:13.1 (16926657)|VARIABLE_ASSIGNMENT|[16]|i|null
03:09:13.1 (16952305)|STATEMENT_EXECUTE|[16]
03:09:13.1 (16959994)|METHOD_EXIT|[3]|01p6F00000MR33H|AccountProgram.queryOnAccount2()
03:09:13.1 (16966727)|SYSTEM_MODE_EXIT|false
03:09:13.1 (16972858)|STATEMENT_EXECUTE|[4]
03:09:13.1 (16996265)|SYSTEM_MODE_ENTER|false
03:09:13.1 (17009498)|HEAP_ALLOCATE|[4]|Bytes:5
03:09:13.1 (17021632)|METHOD_ENTRY|[4]|01p6F00000MR33H|AccountProgram.queryOnAccount3()
03:09:13.1 (17041570)|VARIABLE_SCOPE_BEGIN|[21]|this|AccountProgram|true|false
03:09:13.1 (17058213)|VARIABLE_ASSIGNMENT|[21]|this|{}|0x2befa795
03:09:13.1 (17070184)|HEAP_ALLOCATE|[23]|Bytes:5
03:09:13.1 (17075519)|STATEMENT_EXECUTE|[21]
03:09:13.1 (17077127)|STATEMENT_EXECUTE|[23]
03:09:13.1 (17088822)|HEAP_ALLOCATE|[23]|Bytes:4
03:09:13.1 (17176992)|SOQL_EXECUTE_BEGIN|[23]|Aggregations:0|SELECT Name FROM Account
03:09:13.1 (19197467)|SOQL_EXECUTE_END|[23]|Rows:14
03:09:13.1 (19218750)|HEAP_ALLOCATE|[23]|Bytes:60
03:09:13.1 (19240659)|HEAP_ALLOCATE|[23]|Bytes:782
03:09:13.1 (19265056)|HEAP_ALLOCATE|[23]|Bytes:60
03:09:13.1 (19275974)|VARIABLE_SCOPE_BEGIN|[23]|AccName3|List<Account>|true|false
03:09:13.1 (19293287)|VARIABLE_ASSIGNMENT|[23]|AccName3|"List of size 14 too large to display"|0x6ccf33df
03:09:13.1 (19300093)|STATEMENT_EXECUTE|[24]
03:09:13.1 (19303911)|VARIABLE_SCOPE_BEGIN|[24]|i|Integer|false|false
03:09:13.1 (19312996)|VARIABLE_ASSIGNMENT|[24]|i|null
03:09:13.1 (19316718)|STATEMENT_EXECUTE|[25]
03:09:13.1 (19320362)|HEAP_ALLOCATE|[25]|Bytes:10
03:09:13.1 (19343445)|USER_DEBUG|[25]|DEBUG|While Loop
03:09:13.1 (19371728)|STATEMENT_EXECUTE|[26]
03:09:13.1 (19379795)|METHOD_EXIT|[4]|01p6F00000MR33H|AccountProgram.queryOnAccount3()
03:09:13.1 (19386493)|SYSTEM_MODE_EXIT|false
03:09:13.19 (19419547)|CUMULATIVE_LIMIT_USAGE
03:09:13.19 (19419547)|LIMIT_USAGE_FOR_NS|(default)|
  Number of SOQL queries: 3 out of 100
  Number of query rows: 42 out of 50000
  Number of SOSL queries: 0 out of 20
  Number of DML statements: 0 out of 150
  Number of DML rows: 0 out of 10000
  Maximum CPU time: 0 out of 10000
  Maximum heap size: 0 out of 6000000
  Number of callouts: 0 out of 100
  Number of Email Invocations: 0 out of 10
  Number of future calls: 0 out of 50
  Number of queueable jobs added to the queue: 0 out of 50
  Number of Mobile Apex push calls: 0 out of 10

03:09:13.19 (19419547)|CUMULATIVE_LIMIT_USAGE_END

03:09:13.1 (19455152)|CODE_UNIT_FINISHED|execute_anonymous_apex
03:09:13.1 (20529420)|EXECUTION_FINISHED
