44.0 APEX_CODE,FINEST;APEX_PROFILING,INFO;CALLOUT,INFO;DB,INFO;NBA,INFO;SYSTEM,DEBUG;VALIDATION,INFO;VISUALFORCE,INFO;WAVE,INFO;WORKFLOW,INFO
Execute Anonymous: Even_Odd objEven_Odd= new Even_Odd();
Execute Anonymous: objEven_Odd.checking(2147483645);
07:22:03.1 (1248312)|USER_INFO|[EXTERNAL]|0056F00000ATCAZ|ayman.shaikh@gmail.com|Pacific Standard Time|GMT-07:00
07:22:03.1 (1274365)|EXECUTION_STARTED
07:22:03.1 (1278907)|CODE_UNIT_STARTED|[EXTERNAL]|execute_anonymous_apex
07:22:03.1 (2396428)|VARIABLE_SCOPE_BEGIN|[1]|objEven_Odd|Even_Odd|true|false
07:22:03.1 (2516251)|HEAP_ALLOCATE|[72]|Bytes:3
07:22:03.1 (2549945)|HEAP_ALLOCATE|[77]|Bytes:152
07:22:03.1 (2563454)|HEAP_ALLOCATE|[342]|Bytes:408
07:22:03.1 (2575900)|HEAP_ALLOCATE|[355]|Bytes:408
07:22:03.1 (2587185)|HEAP_ALLOCATE|[467]|Bytes:48
07:22:03.1 (2612320)|HEAP_ALLOCATE|[139]|Bytes:6
07:22:03.1 (2629970)|HEAP_ALLOCATE|[EXTERNAL]|Bytes:3
07:22:03.1 (2661302)|STATEMENT_EXECUTE|[1]
07:22:03.1 (2664375)|STATEMENT_EXECUTE|[1]
07:22:03.1 (2668035)|HEAP_ALLOCATE|[1]|Bytes:1
07:22:03.1 (2674008)|HEAP_ALLOCATE|[1]|Bytes:4
07:22:03.1 (2701028)|METHOD_ENTRY|[5]|01p6F00000MPY1Z|Even_Odd.Even_Odd()
07:22:03.1 (2707159)|STATEMENT_EXECUTE|[5]
07:22:03.1 (2710612)|STATEMENT_EXECUTE|[5]
07:22:03.1 (2738101)|HEAP_ALLOCATE|[50]|Bytes:5
07:22:03.1 (2759641)|HEAP_ALLOCATE|[56]|Bytes:5
07:22:03.1 (2767449)|HEAP_ALLOCATE|[64]|Bytes:7
07:22:03.1 (2783382)|SYSTEM_MODE_ENTER|false
07:22:03.1 (2794105)|HEAP_ALLOCATE|[1]|Bytes:5
07:22:03.1 (2800871)|SYSTEM_MODE_EXIT|false
07:22:03.1 (2809377)|METHOD_EXIT|[5]|Even_Odd
07:22:03.1 (2822504)|HEAP_ALLOCATE|[1]|Bytes:4
07:22:03.1 (2844722)|SYSTEM_MODE_ENTER|false
07:22:03.1 (2869409)|HEAP_ALLOCATE|[1]|Bytes:5
07:22:03.1 (2880523)|CONSTRUCTOR_ENTRY|[1]|01p6F00000MPY1Z|<init>()|Even_Odd
07:22:03.1 (2908011)|VARIABLE_SCOPE_BEGIN|[5]|this|Even_Odd|true|false
07:22:03.1 (2948422)|VARIABLE_ASSIGNMENT|[5]|this|{}|0x1272387b
07:22:03.1 (2960161)|HEAP_ALLOCATE|[EXTERNAL]|Bytes:5
07:22:03.1 (2968588)|HEAP_ALLOCATE|[EXTERNAL]|Bytes:6
07:22:03.1 (3006898)|STATEMENT_EXECUTE|[5]
07:22:03.1 (3012308)|HEAP_ALLOCATE|[EXTERNAL]|Bytes:5
07:22:03.1 (3022177)|CONSTRUCTOR_EXIT|[1]|01p6F00000MPY1Z|<init>()|Even_Odd
07:22:03.1 (3029548)|SYSTEM_MODE_EXIT|false
07:22:03.1 (3048045)|VARIABLE_ASSIGNMENT|[1]|objEven_Odd|{}|0x1272387b
07:22:03.1 (3054393)|STATEMENT_EXECUTE|[2]
07:22:03.1 (3077313)|SYSTEM_MODE_ENTER|false
07:22:03.1 (3094722)|HEAP_ALLOCATE|[2]|Bytes:5
07:22:03.1 (3122585)|METHOD_ENTRY|[2]|01p6F00000MPY1Z|Even_Odd.checking(Integer)
07:22:03.1 (3145307)|VARIABLE_SCOPE_BEGIN|[7]|this|Even_Odd|true|false
07:22:03.1 (3160559)|VARIABLE_ASSIGNMENT|[7]|this|{}|0x1272387b
07:22:03.1 (3167748)|VARIABLE_SCOPE_BEGIN|[7]|num|Integer|false|false
07:22:03.1 (3178308)|VARIABLE_ASSIGNMENT|[7]|num|2147483645
07:22:03.1 (3189103)|HEAP_ALLOCATE|[8]|Bytes:5
07:22:03.1 (3193909)|STATEMENT_EXECUTE|[7]
07:22:03.1 (3199235)|STATEMENT_EXECUTE|[12]
07:22:03.1 (3201098)|STATEMENT_EXECUTE|[13]
07:22:03.1 (3204158)|HEAP_ALLOCATE|[13]|Bytes:21
07:22:03.1 (3256385)|USER_DEBUG|[13]|DEBUG|Number Entered is ODD
07:22:03.1 (3278107)|METHOD_EXIT|[2]|01p6F00000MPY1Z|Even_Odd.checking(Integer)
07:22:03.1 (3284311)|SYSTEM_MODE_EXIT|false
07:22:03.3 (3323984)|CUMULATIVE_LIMIT_USAGE
07:22:03.3 (3323984)|LIMIT_USAGE_FOR_NS|(default)|
  Number of SOQL queries: 0 out of 100
  Number of query rows: 0 out of 50000
  Number of SOSL queries: 0 out of 20
  Number of DML statements: 0 out of 150
  Number of DML rows: 0 out of 10000
  Maximum CPU time: 0 out of 10000
  Maximum heap size: 0 out of 6000000
  Number of callouts: 0 out of 100
  Number of Email Invocations: 0 out of 10
  Number of future calls: 0 out of 50
  Number of queueable jobs added to the queue: 0 out of 50
  Number of Mobile Apex push calls: 0 out of 10

07:22:03.3 (3323984)|CUMULATIVE_LIMIT_USAGE_END

07:22:03.1 (3357322)|CODE_UNIT_FINISHED|execute_anonymous_apex
07:22:03.1 (4501746)|EXECUTION_FINISHED
