44.0 APEX_CODE,FINEST;APEX_PROFILING,INFO;CALLOUT,INFO;DB,INFO;NBA,INFO;SYSTEM,DEBUG;VALIDATION,INFO;VISUALFORCE,INFO;WAVE,INFO;WORKFLOW,INFO
Execute Anonymous: ParentClass obj1 =  new ParentClass();
Execute Anonymous: ChildClass obj2 = new ChildClass();
Execute Anonymous: 
Execute Anonymous: obj1.write();
Execute Anonymous: 
Execute Anonymous: obj2.write();
07:20:36.1 (1383475)|USER_INFO|[EXTERNAL]|0056F00000ATCAZ|ayman.shaikh@gmail.com|Pacific Standard Time|GMT-07:00
07:20:36.1 (1403708)|EXECUTION_STARTED
07:20:36.1 (1419220)|CODE_UNIT_STARTED|[EXTERNAL]|execute_anonymous_apex
07:20:36.1 (8497973)|VARIABLE_SCOPE_BEGIN|[1]|obj1|ParentClass|true|false
07:20:36.1 (12044174)|VARIABLE_SCOPE_BEGIN|[2]|obj2|ChildClass|true|false
07:20:36.1 (12290440)|HEAP_ALLOCATE|[72]|Bytes:3
07:20:36.1 (12343371)|HEAP_ALLOCATE|[77]|Bytes:152
07:20:36.1 (12371053)|HEAP_ALLOCATE|[342]|Bytes:408
07:20:36.1 (12402231)|HEAP_ALLOCATE|[355]|Bytes:408
07:20:36.1 (12418408)|HEAP_ALLOCATE|[467]|Bytes:48
07:20:36.1 (12451013)|HEAP_ALLOCATE|[139]|Bytes:6
07:20:36.1 (12486718)|HEAP_ALLOCATE|[EXTERNAL]|Bytes:7
07:20:36.1 (12540471)|STATEMENT_EXECUTE|[1]
07:20:36.1 (12543608)|STATEMENT_EXECUTE|[1]
07:20:36.1 (12548378)|HEAP_ALLOCATE|[1]|Bytes:3
07:20:36.1 (12583250)|HEAP_ALLOCATE|[1]|Bytes:4
07:20:36.1 (12612874)|METHOD_ENTRY|[1]|01p6F00000MR10y|ParentClass.ParentClass()
07:20:36.1 (12620228)|STATEMENT_EXECUTE|[1]
07:20:36.1 (12624545)|STATEMENT_EXECUTE|[1]
07:20:36.1 (12629814)|METHOD_EXIT|[1]|ParentClass
07:20:36.1 (12645542)|HEAP_ALLOCATE|[1]|Bytes:4
07:20:36.1 (12683331)|HEAP_ALLOCATE|[50]|Bytes:5
07:20:36.1 (12704909)|HEAP_ALLOCATE|[56]|Bytes:5
07:20:36.1 (12713328)|HEAP_ALLOCATE|[64]|Bytes:7
07:20:36.1 (12731601)|SYSTEM_MODE_ENTER|false
07:20:36.1 (12760487)|HEAP_ALLOCATE|[1]|Bytes:5
07:20:36.1 (12774371)|CONSTRUCTOR_ENTRY|[1]|01p6F00000MR10y|<init>()|ParentClass
07:20:36.1 (12807953)|VARIABLE_SCOPE_BEGIN|[1]|this|ParentClass|true|false
07:20:36.1 (12851447)|VARIABLE_ASSIGNMENT|[1]|this|{}|0x2f355597
07:20:36.1 (12863171)|HEAP_ALLOCATE|[EXTERNAL]|Bytes:6
07:20:36.1 (12914276)|STATEMENT_EXECUTE|[1]
07:20:36.1 (12921553)|CONSTRUCTOR_EXIT|[1]|01p6F00000MR10y|<init>()|ParentClass
07:20:36.1 (12935546)|SYSTEM_MODE_EXIT|false
07:20:36.1 (12956139)|VARIABLE_ASSIGNMENT|[1]|obj1|{}|0x2f355597
07:20:36.1 (12962289)|STATEMENT_EXECUTE|[2]
07:20:36.1 (12967236)|HEAP_ALLOCATE|[2]|Bytes:1
07:20:36.1 (12971701)|HEAP_ALLOCATE|[2]|Bytes:1
07:20:36.1 (12983002)|METHOD_ENTRY|[1]|01p6F00000MR2GO|ChildClass.ChildClass()
07:20:36.1 (12988021)|STATEMENT_EXECUTE|[1]
07:20:36.1 (12991001)|STATEMENT_EXECUTE|[1]
07:20:36.1 (12994422)|METHOD_EXIT|[1]|ChildClass
07:20:36.1 (13003914)|HEAP_ALLOCATE|[2]|Bytes:4
07:20:36.1 (13040681)|SYSTEM_MODE_ENTER|false
07:20:36.1 (13062662)|HEAP_ALLOCATE|[2]|Bytes:5
07:20:36.1 (13072914)|CONSTRUCTOR_ENTRY|[2]|01p6F00000MR2GO|<init>()|ChildClass
07:20:36.1 (13102667)|VARIABLE_SCOPE_BEGIN|[1]|this|ChildClass|true|false
07:20:36.1 (13133357)|VARIABLE_ASSIGNMENT|[1]|this|{}|0x74bed9a1
07:20:36.1 (13147542)|CONSTRUCTOR_ENTRY|[EXTERNAL]|01p6F00000MR10y|<init>()|ParentClass
07:20:36.1 (13163188)|VARIABLE_SCOPE_BEGIN|[1]|this|ParentClass|true|false
07:20:36.1 (13184451)|VARIABLE_ASSIGNMENT|[1]|this|{}|0x74bed9a1
07:20:36.1 (13227599)|STATEMENT_EXECUTE|[1]
07:20:36.1 (13237232)|CONSTRUCTOR_EXIT|[EXTERNAL]|01p6F00000MR10y|<init>()|ParentClass
07:20:36.1 (13249062)|STATEMENT_EXECUTE|[1]
07:20:36.1 (13253916)|CONSTRUCTOR_EXIT|[2]|01p6F00000MR2GO|<init>()|ChildClass
07:20:36.1 (13267030)|SYSTEM_MODE_EXIT|false
07:20:36.1 (13297807)|VARIABLE_ASSIGNMENT|[2]|obj2|{}|0x74bed9a1
07:20:36.1 (13308656)|STATEMENT_EXECUTE|[4]
07:20:36.1 (13340509)|SYSTEM_MODE_ENTER|false
07:20:36.1 (13360531)|HEAP_ALLOCATE|[4]|Bytes:5
07:20:36.1 (13416834)|METHOD_ENTRY|[4]|01p6F00000MR10y|ParentClass.write()
07:20:36.1 (13461329)|VARIABLE_SCOPE_BEGIN|[3]|this|ParentClass|true|false
07:20:36.1 (13487580)|VARIABLE_ASSIGNMENT|[3]|this|{}|0x2f355597
07:20:36.1 (13501253)|STATEMENT_EXECUTE|[3]
07:20:36.1 (13504202)|STATEMENT_EXECUTE|[5]
07:20:36.1 (13509746)|HEAP_ALLOCATE|[5]|Bytes:20
07:20:36.1 (13592770)|USER_DEBUG|[5]|DEBUG|This is Parent Class
07:20:36.1 (13616527)|METHOD_EXIT|[4]|01p6F00000MR10y|ParentClass.write()
07:20:36.1 (13627163)|SYSTEM_MODE_EXIT|false
07:20:36.1 (13637241)|STATEMENT_EXECUTE|[6]
07:20:36.1 (13685727)|SYSTEM_MODE_ENTER|false
07:20:36.1 (13707009)|HEAP_ALLOCATE|[6]|Bytes:5
07:20:36.1 (13732423)|METHOD_ENTRY|[6]|01p6F00000MR2GO|ChildClass.write()
07:20:36.1 (13763156)|VARIABLE_SCOPE_BEGIN|[2]|this|ChildClass|true|false
07:20:36.1 (13787533)|VARIABLE_ASSIGNMENT|[2]|this|{}|0x74bed9a1
07:20:36.1 (13798495)|STATEMENT_EXECUTE|[2]
07:20:36.1 (13807012)|STATEMENT_EXECUTE|[4]
07:20:36.1 (13812075)|HEAP_ALLOCATE|[4]|Bytes:19
07:20:36.1 (13854210)|USER_DEBUG|[4]|DEBUG|This is ChildClass.
07:20:36.1 (13872812)|METHOD_EXIT|[6]|01p6F00000MR2GO|ChildClass.write()
07:20:36.1 (13882863)|SYSTEM_MODE_EXIT|false
07:20:36.13 (13928272)|CUMULATIVE_LIMIT_USAGE
07:20:36.13 (13928272)|LIMIT_USAGE_FOR_NS|(default)|
  Number of SOQL queries: 0 out of 100
  Number of query rows: 0 out of 50000
  Number of SOSL queries: 0 out of 20
  Number of DML statements: 0 out of 150
  Number of DML rows: 0 out of 10000
  Maximum CPU time: 0 out of 10000
  Maximum heap size: 0 out of 6000000
  Number of callouts: 0 out of 100
  Number of Email Invocations: 0 out of 10
  Number of future calls: 0 out of 50
  Number of queueable jobs added to the queue: 0 out of 50
  Number of Mobile Apex push calls: 0 out of 10

07:20:36.13 (13928272)|CUMULATIVE_LIMIT_USAGE_END

07:20:36.1 (13970466)|CODE_UNIT_FINISHED|execute_anonymous_apex
07:20:36.1 (14911470)|EXECUTION_FINISHED
