44.0 APEX_CODE,FINEST;APEX_PROFILING,INFO;CALLOUT,INFO;DB,INFO;NBA,INFO;SYSTEM,DEBUG;VALIDATION,INFO;VISUALFORCE,INFO;WAVE,INFO;WORKFLOW,INFO
Execute Anonymous: Array_Operations obj = new Array_Operations();
Execute Anonymous: obj.Duplicate();
05:01:29.1 (1453552)|USER_INFO|[EXTERNAL]|0056F00000ATCAZ|ayman.shaikh@gmail.com|Pacific Standard Time|GMT-07:00
05:01:29.1 (1484137)|EXECUTION_STARTED
05:01:29.1 (1490192)|CODE_UNIT_STARTED|[EXTERNAL]|execute_anonymous_apex
05:01:29.1 (10150859)|VARIABLE_SCOPE_BEGIN|[1]|obj|Array_Operations|true|false
05:01:29.1 (10325139)|HEAP_ALLOCATE|[72]|Bytes:3
05:01:29.1 (10368441)|HEAP_ALLOCATE|[77]|Bytes:152
05:01:29.1 (10386256)|HEAP_ALLOCATE|[342]|Bytes:408
05:01:29.1 (10408656)|HEAP_ALLOCATE|[355]|Bytes:408
05:01:29.1 (10430587)|HEAP_ALLOCATE|[467]|Bytes:48
05:01:29.1 (10466046)|HEAP_ALLOCATE|[139]|Bytes:6
05:01:29.1 (10499093)|HEAP_ALLOCATE|[EXTERNAL]|Bytes:3
05:01:29.1 (10538375)|STATEMENT_EXECUTE|[1]
05:01:29.1 (10542413)|STATEMENT_EXECUTE|[1]
05:01:29.1 (10548061)|HEAP_ALLOCATE|[1]|Bytes:13
05:01:29.1 (10557113)|HEAP_ALLOCATE|[1]|Bytes:37
05:01:29.1 (10599304)|METHOD_ENTRY|[1]|01p6F00000MPtB2|Array_Operations.Array_Operations()
05:01:29.1 (10609289)|STATEMENT_EXECUTE|[1]
05:01:29.1 (10614692)|STATEMENT_EXECUTE|[1]
05:01:29.1 (10650086)|HEAP_ALLOCATE|[50]|Bytes:5
05:01:29.1 (10678835)|HEAP_ALLOCATE|[56]|Bytes:5
05:01:29.1 (10690294)|HEAP_ALLOCATE|[64]|Bytes:7
05:01:29.1 (10713447)|SYSTEM_MODE_ENTER|false
05:01:29.1 (10729514)|HEAP_ALLOCATE|[1]|Bytes:5
05:01:29.1 (10739179)|SYSTEM_MODE_EXIT|false
05:01:29.1 (10751734)|METHOD_EXIT|[1]|Array_Operations
05:01:29.1 (10805995)|HEAP_ALLOCATE|[1]|Bytes:8
05:01:29.1 (10841405)|SYSTEM_MODE_ENTER|false
05:01:29.1 (10877602)|HEAP_ALLOCATE|[1]|Bytes:5
05:01:29.1 (10894230)|CONSTRUCTOR_ENTRY|[1]|01p6F00000MPtB2|<init>()|Array_Operations
05:01:29.1 (10933122)|VARIABLE_SCOPE_BEGIN|[1]|this|Array_Operations|true|false
05:01:29.1 (10999289)|VARIABLE_ASSIGNMENT|[1]|this|{}|0x64220a4c
05:01:29.1 (11016500)|HEAP_ALLOCATE|[3]|Bytes:5
05:01:29.1 (11029654)|HEAP_ALLOCATE|[3]|Bytes:6
05:01:29.1 (11077931)|STATEMENT_EXECUTE|[1]
05:01:29.1 (11084658)|HEAP_ALLOCATE|[3]|Bytes:5
05:01:29.1 (11091390)|STATEMENT_EXECUTE|[3]
05:01:29.1 (11105952)|HEAP_ALLOCATE|[3]|Bytes:4
05:01:29.1 (11182413)|HEAP_ALLOCATE|[3]|Bytes:4
05:01:29.1 (11194070)|HEAP_ALLOCATE|[3]|Bytes:4
05:01:29.1 (11200895)|HEAP_ALLOCATE|[3]|Bytes:4
05:01:29.1 (11207341)|HEAP_ALLOCATE|[3]|Bytes:4
05:01:29.1 (11213973)|HEAP_ALLOCATE|[3]|Bytes:4
05:01:29.1 (11220302)|HEAP_ALLOCATE|[3]|Bytes:4
05:01:29.1 (11226608)|HEAP_ALLOCATE|[3]|Bytes:4
05:01:29.1 (11233039)|HEAP_ALLOCATE|[3]|Bytes:4
05:01:29.1 (11240127)|HEAP_ALLOCATE|[3]|Bytes:4
05:01:29.1 (11246428)|HEAP_ALLOCATE|[3]|Bytes:4
05:01:29.1 (11286337)|HEAP_ALLOCATE|[EXTERNAL]|Bytes:44
05:01:29.1 (11313945)|VARIABLE_ASSIGNMENT|[3]|this.integerList|"List of size 10 too large to display"|0x64220a4c
05:01:29.1 (11331038)|CONSTRUCTOR_EXIT|[1]|01p6F00000MPtB2|<init>()|Array_Operations
05:01:29.1 (11342740)|SYSTEM_MODE_EXIT|false
05:01:29.1 (11399431)|VARIABLE_ASSIGNMENT|[1]|obj|{"integerList":"0x1bd80bc0"}|0x64220a4c
05:01:29.1 (11411565)|STATEMENT_EXECUTE|[2]
05:01:29.1 (11443056)|SYSTEM_MODE_ENTER|false
05:01:29.1 (11468938)|HEAP_ALLOCATE|[2]|Bytes:5
05:01:29.1 (11499569)|METHOD_ENTRY|[2]|01p6F00000MPtB2|Array_Operations.Duplicate()
05:01:29.1 (11533278)|VARIABLE_SCOPE_BEGIN|[55]|this|Array_Operations|true|false
05:01:29.1 (11562474)|VARIABLE_ASSIGNMENT|[55]|this|{"integerList":"0x1bd80bc0"}|0x64220a4c
05:01:29.1 (11580415)|HEAP_ALLOCATE|[57]|Bytes:5
05:01:29.1 (11587786)|STATEMENT_EXECUTE|[56]
05:01:29.1 (11590692)|STATEMENT_EXECUTE|[57]
05:01:29.1 (11596942)|VARIABLE_SCOPE_BEGIN|[57]|Digit|Integer|false|false
05:01:29.1 (11613930)|VARIABLE_ASSIGNMENT|[57]|Digit|null
05:01:29.1 (11620874)|STATEMENT_EXECUTE|[58]
05:01:29.1 (11635843)|HEAP_ALLOCATE|[58]|Bytes:4
05:01:29.1 (11667300)|HEAP_ALLOCATE|[58]|Bytes:4
05:01:29.1 (11675992)|HEAP_ALLOCATE|[58]|Bytes:4
05:01:29.1 (11682273)|HEAP_ALLOCATE|[58]|Bytes:4
05:01:29.1 (11688679)|HEAP_ALLOCATE|[58]|Bytes:4
05:01:29.1 (11695550)|HEAP_ALLOCATE|[58]|Bytes:4
05:01:29.1 (11701753)|HEAP_ALLOCATE|[58]|Bytes:4
05:01:29.1 (11707932)|HEAP_ALLOCATE|[58]|Bytes:4
05:01:29.1 (11714293)|HEAP_ALLOCATE|[58]|Bytes:4
05:01:29.1 (11720759)|HEAP_ALLOCATE|[58]|Bytes:4
05:01:29.1 (11727089)|HEAP_ALLOCATE|[58]|Bytes:4
05:01:29.1 (11734231)|VARIABLE_SCOPE_BEGIN|[58]|countList|List<Integer>|true|false
05:01:29.1 (11767222)|HEAP_ALLOCATE|[EXTERNAL]|Bytes:44
05:01:29.1 (11782976)|VARIABLE_ASSIGNMENT|[58]|countList|"List of size 10 too large to display"|0x4a6e6832
05:01:29.1 (11794132)|STATEMENT_EXECUTE|[60]
05:01:29.1 (11798496)|VARIABLE_SCOPE_BEGIN|[60]|j|Integer|false|false
05:01:29.1 (11811147)|HEAP_ALLOCATE|[60]|Bytes:4
05:01:29.1 (11820350)|VARIABLE_ASSIGNMENT|[60]|j|0
05:01:29.1 (11830467)|STATEMENT_EXECUTE|[60]
05:01:29.1 (11833931)|STATEMENT_EXECUTE|[62]
05:01:29.1 (11847064)|HEAP_ALLOCATE|[62]|Bytes:8
05:01:29.1 (11858664)|VARIABLE_ASSIGNMENT|[62]|Digit|43
05:01:29.1 (11871124)|STATEMENT_EXECUTE|[63]
05:01:29.1 (11924514)|HEAP_ALLOCATE|[63]|Bytes:32
05:01:29.1 (11947998)|METHOD_EXIT|[2]|01p6F00000MPtB2|Array_Operations.Duplicate()
05:01:29.1 (11959920)|SYSTEM_MODE_EXIT|false
05:01:29.1 (12132961)|FATAL_ERROR|System.ListException: List index out of bounds: 43

Class.Array_Operations.Duplicate: line 63, column 1
AnonymousBlock: line 2, column 1
AnonymousBlock: line 2, column 1
05:01:29.12 (12197521)|CUMULATIVE_LIMIT_USAGE
05:01:29.12 (12197521)|LIMIT_USAGE_FOR_NS|(default)|
  Number of SOQL queries: 0 out of 100
  Number of query rows: 0 out of 50000
  Number of SOSL queries: 0 out of 20
  Number of DML statements: 0 out of 150
  Number of DML rows: 0 out of 10000
  Maximum CPU time: 0 out of 10000
  Maximum heap size: 0 out of 6000000
  Number of callouts: 0 out of 100
  Number of Email Invocations: 0 out of 10
  Number of future calls: 0 out of 50
  Number of queueable jobs added to the queue: 0 out of 50
  Number of Mobile Apex push calls: 0 out of 10

05:01:29.12 (12197521)|CUMULATIVE_LIMIT_USAGE_END

05:01:29.1 (12243312)|CODE_UNIT_FINISHED|execute_anonymous_apex
05:01:29.1 (13286555)|EXECUTION_FINISHED
