44.0 APEX_CODE,FINEST;APEX_PROFILING,INFO;CALLOUT,INFO;DB,INFO;NBA,INFO;SYSTEM,DEBUG;VALIDATION,INFO;VISUALFORCE,INFO;WAVE,INFO;WORKFLOW,INFO
Execute Anonymous: DatabaseQueryAndSearch objDatabaseQueryAndSearch = new DatabaseQueryAndSearch();
Execute Anonymous: objDatabaseQueryAndSearch.DatabaseQuery();
05:51:29.1 (1230731)|USER_INFO|[EXTERNAL]|0056F00000ATCAZ|ayman.shaikh@gmail.com|Pacific Standard Time|GMT-07:00
05:51:29.1 (1260905)|EXECUTION_STARTED
05:51:29.1 (1266087)|CODE_UNIT_STARTED|[EXTERNAL]|execute_anonymous_apex
05:51:29.1 (7746476)|VARIABLE_SCOPE_BEGIN|[1]|objDatabaseQueryAndSearch|DatabaseQueryAndSearch|true|false
05:51:29.1 (7900396)|HEAP_ALLOCATE|[72]|Bytes:3
05:51:29.1 (7939325)|HEAP_ALLOCATE|[77]|Bytes:152
05:51:29.1 (7952681)|HEAP_ALLOCATE|[342]|Bytes:408
05:51:29.1 (7982388)|HEAP_ALLOCATE|[355]|Bytes:408
05:51:29.1 (8003529)|HEAP_ALLOCATE|[467]|Bytes:48
05:51:29.1 (8038158)|HEAP_ALLOCATE|[139]|Bytes:6
05:51:29.1 (8057940)|HEAP_ALLOCATE|[EXTERNAL]|Bytes:3
05:51:29.1 (8087872)|STATEMENT_EXECUTE|[1]
05:51:29.1 (8090817)|STATEMENT_EXECUTE|[1]
05:51:29.1 (8094438)|HEAP_ALLOCATE|[1]|Bytes:3
05:51:29.1 (8122083)|METHOD_ENTRY|[1]|01p6F00000MRIMH|DatabaseQueryAndSearch.DatabaseQueryAndSearch()
05:51:29.1 (8129206)|STATEMENT_EXECUTE|[1]
05:51:29.1 (8144823)|STATEMENT_EXECUTE|[1]
05:51:29.1 (8179509)|HEAP_ALLOCATE|[50]|Bytes:5
05:51:29.1 (8210317)|HEAP_ALLOCATE|[56]|Bytes:5
05:51:29.1 (8219652)|HEAP_ALLOCATE|[64]|Bytes:7
05:51:29.1 (8236800)|SYSTEM_MODE_ENTER|false
05:51:29.1 (8252846)|HEAP_ALLOCATE|[1]|Bytes:5
05:51:29.1 (8259418)|SYSTEM_MODE_EXIT|false
05:51:29.1 (8267614)|METHOD_EXIT|[1]|DatabaseQueryAndSearch
05:51:29.1 (8281089)|HEAP_ALLOCATE|[1]|Bytes:4
05:51:29.1 (8318524)|SYSTEM_MODE_ENTER|false
05:51:29.1 (8354821)|HEAP_ALLOCATE|[1]|Bytes:5
05:51:29.1 (8368403)|CONSTRUCTOR_ENTRY|[1]|01p6F00000MRIMH|<init>()|DatabaseQueryAndSearch
05:51:29.1 (8395319)|VARIABLE_SCOPE_BEGIN|[1]|this|DatabaseQueryAndSearch|true|false
05:51:29.1 (8441151)|VARIABLE_ASSIGNMENT|[1]|this|{}|0x1e8e5d63
05:51:29.1 (8457159)|HEAP_ALLOCATE|[EXTERNAL]|Bytes:5
05:51:29.1 (8489044)|HEAP_ALLOCATE|[EXTERNAL]|Bytes:6
05:51:29.1 (8543277)|STATEMENT_EXECUTE|[1]
05:51:29.1 (8552004)|HEAP_ALLOCATE|[EXTERNAL]|Bytes:5
05:51:29.1 (8565200)|CONSTRUCTOR_EXIT|[1]|01p6F00000MRIMH|<init>()|DatabaseQueryAndSearch
05:51:29.1 (8579306)|SYSTEM_MODE_EXIT|false
05:51:29.1 (8610003)|VARIABLE_ASSIGNMENT|[1]|objDatabaseQueryAndSearch|{}|0x1e8e5d63
05:51:29.1 (8620621)|STATEMENT_EXECUTE|[2]
05:51:29.1 (8648182)|SYSTEM_MODE_ENTER|false
05:51:29.1 (8666247)|HEAP_ALLOCATE|[2]|Bytes:5
05:51:29.1 (8692091)|METHOD_ENTRY|[2]|01p6F00000MRIMH|DatabaseQueryAndSearch.DatabaseQuery()
05:51:29.1 (8714783)|VARIABLE_SCOPE_BEGIN|[2]|this|DatabaseQueryAndSearch|true|false
05:51:29.1 (8729917)|VARIABLE_ASSIGNMENT|[2]|this|{}|0x1e8e5d63
05:51:29.1 (8741479)|HEAP_ALLOCATE|[3]|Bytes:5
05:51:29.1 (8746247)|STATEMENT_EXECUTE|[2]
05:51:29.1 (8747970)|STATEMENT_EXECUTE|[3]
05:51:29.1 (8750550)|HEAP_ALLOCATE|[3]|Bytes:6
05:51:29.1 (8755754)|VARIABLE_SCOPE_BEGIN|[3]|myTestString|String|false|false
05:51:29.1 (8786818)|VARIABLE_ASSIGNMENT|[3]|myTestString|"Sharma"
05:51:29.1 (8794405)|STATEMENT_EXECUTE|[5]
05:51:29.1 (8797990)|HEAP_ALLOCATE|[5]|Bytes:62
05:51:29.1 (9140029)|EXCEPTION_THROWN|[5]|System.QueryException: sObject type 'Employees__c' is not supported. If you are attempting to use a custom object, be sure to append the '__c' after the entity name. Please reference your WSDL or the describe call for the appropriate names.
05:51:29.1 (9236509)|HEAP_ALLOCATE|[5]|Bytes:221
05:51:29.1 (9265348)|METHOD_EXIT|[2]|01p6F00000MRIMH|DatabaseQueryAndSearch.DatabaseQuery()
05:51:29.1 (9272266)|SYSTEM_MODE_EXIT|false
05:51:29.1 (9386733)|FATAL_ERROR|System.QueryException: sObject type 'Employees__c' is not supported. If you are attempting to use a custom object, be sure to append the '__c' after the entity name. Please reference your WSDL or the describe call for the appropriate names.

Class.DatabaseQueryAndSearch.DatabaseQuery: line 5, column 1
AnonymousBlock: line 2, column 1
AnonymousBlock: line 2, column 1
05:51:29.9 (9432528)|CUMULATIVE_LIMIT_USAGE
05:51:29.9 (9432528)|LIMIT_USAGE_FOR_NS|(default)|
  Number of SOQL queries: 0 out of 100
  Number of query rows: 0 out of 50000
  Number of SOSL queries: 0 out of 20
  Number of DML statements: 0 out of 150
  Number of DML rows: 0 out of 10000
  Maximum CPU time: 0 out of 10000
  Maximum heap size: 0 out of 6000000
  Number of callouts: 0 out of 100
  Number of Email Invocations: 0 out of 10
  Number of future calls: 0 out of 50
  Number of queueable jobs added to the queue: 0 out of 50
  Number of Mobile Apex push calls: 0 out of 10

05:51:29.9 (9432528)|CUMULATIVE_LIMIT_USAGE_END

05:51:29.1 (9485245)|CODE_UNIT_FINISHED|execute_anonymous_apex
05:51:29.1 (10392774)|EXECUTION_FINISHED
