44.0 APEX_CODE,FINEST;APEX_PROFILING,INFO;CALLOUT,INFO;DB,INFO;NBA,INFO;SYSTEM,DEBUG;VALIDATION,INFO;VISUALFORCE,INFO;WAVE,INFO;WORKFLOW,INFO
04:49:28.0 (509045)|USER_INFO|[EXTERNAL]|0056F00000ATCAZ|ayman.shaikh@gmail.com|Pacific Standard Time|GMT-07:00
04:49:28.0 (550024)|EXECUTION_STARTED
04:49:28.0 (553415)|CODE_UNIT_STARTED|[EXTERNAL]|DuplicateDetector
04:49:28.0 (568468)|DUPLICATE_DETECTION_BEGIN
04:49:28.0 (1320232)|DUPLICATE_DETECTION_RULE_INVOCATION|DuplicateRuleId:0Bm6F000006fqOj|DuplicateRuleName:Standard Account Duplicate Rule|DmlType:INSERT
04:49:28.0 (27540757)|DUPLICATE_DETECTION_MATCH_INVOCATION_DETAILS|EntityType:Account|ActionTaken:Allow_[Alert,Report]|DuplicateRecordIds:
04:49:28.0 (27556778)|DUPLICATE_DETECTION_MATCH_INVOCATION_SUMMARY|EntityType:Account|NumRecordsToBeSaved:1|NumRecordsToBeSavedWithDuplicates:0|NumDuplicateRecordsFound:0
04:49:28.0 (27720775)|DUPLICATE_DETECTION_END
04:49:28.0 (27726047)|CODE_UNIT_FINISHED|DuplicateDetector
04:49:28.0 (27733042)|EXECUTION_FINISHED
04:49:28.83 (83365564)|USER_INFO|[EXTERNAL]|0056F00000ATCAZ|ayman.shaikh@gmail.com|Pacific Standard Time|GMT-07:00
04:49:28.83 (83385833)|EXECUTION_STARTED
04:49:28.83 (83388679)|CODE_UNIT_STARTED|[EXTERNAL]|Workflow:Account
04:49:28.83 (94191442)|WF_RULE_EVAL_BEGIN|Workflow
04:49:28.83 (94232946)|WF_CRITERIA_BEGIN|[Account: Aman 0016F00002yDoTn]|Account_Contact_Process_Builder3016F000000lJHE|01Q6F0000015jXe|ON_ALL_CHANGES|0
04:49:28.83 (94340579)|WF_FORMULA|Formula:ENCODED:[treatNullAsNull]true|Values:
04:49:28.83 (94347128)|WF_CRITERIA_END|true
04:49:28.83 (105313780)|WF_SPOOL_ACTION_BEGIN|Workflow
04:49:28.83 (105346392)|WF_ACTION| Flow Trigger: 1;
04:49:28.83 (105350755)|WF_RULE_EVAL_END
04:49:28.83 (114153682)|WF_FLOW_ACTION_BEGIN|09L6F000000kcMy
04:49:28.277 (277301965)|FLOW_CREATE_INTERVIEW_BEGIN|00D6F000002XQjE|3006F000000kPxn|3016F000000lJHE
04:49:28.277 (295670902)|FLOW_CREATE_INTERVIEW_END|144ce32a138ba3e5a725814ef1e166ba6cc06c-2c80|Account Contact Process Builder
04:49:28.296 (296082363)|FLOW_START_INTERVIEWS_BEGIN|1
04:49:28.296 (296109206)|FLOW_START_INTERVIEW_BEGIN|144ce32a138ba3e5a725814ef1e166ba6cc06c-2c80|Account Contact Process Builder
04:49:28.296 (313581479)|FLOW_START_INTERVIEW_END|144ce32a138ba3e5a725814ef1e166ba6cc06c-2c80|Account Contact Process Builder
04:49:28.296 (313613493)|FLOW_START_INTERVIEWS_END|1
04:49:28.83 (314762815)|WF_FLOW_ACTION_END|09L6F000000kcMy
04:49:28.83 (314923767)|WF_ACTIONS_END| Flow Trigger: 1;
04:49:28.83 (314938807)|CODE_UNIT_FINISHED|Workflow:Account
04:49:28.83 (315994569)|EXECUTION_FINISHED
04:49:28.343 (343722446)|USER_INFO|[EXTERNAL]|0056F00000ATCAZ|ayman.shaikh@gmail.com|Pacific Standard Time|GMT-07:00
04:49:28.343 (343748847)|EXECUTION_STARTED
04:49:28.343 (343753588)|CODE_UNIT_STARTED|[EXTERNAL]|DuplicateDetector
04:49:28.343 (343767725)|DUPLICATE_DETECTION_BEGIN
04:49:28.343 (343829442)|DUPLICATE_DETECTION_RULE_INVOCATION|DuplicateRuleId:0Bm6F000006fqOj|DuplicateRuleName:Standard Account Duplicate Rule|DmlType:INSERT
04:49:28.343 (353538336)|DUPLICATE_DETECTION_END
04:49:28.343 (353546340)|CODE_UNIT_FINISHED|DuplicateDetector
04:49:28.343 (354433494)|EXECUTION_FINISHED
