44.0 APEX_CODE,DEBUG;APEX_PROFILING,INFO;CALLOUT,INFO;DB,INFO;NBA,INFO;SYSTEM,DEBUG;VALIDATION,INFO;VISUALFORCE,DEBUG;WAVE,INFO;WORKFLOW,INFO
06:55:44.0 (325068)|USER_INFO|[EXTERNAL]|0056F00000ATCAZ|ayman.shaikh@gmail.com|Pacific Standard Time|GMT-07:00
06:55:44.0 (353488)|EXECUTION_STARTED
06:55:44.0 (356599)|CODE_UNIT_STARTED|[EXTERNAL]|Validation:Employee:a056F00000lKCW6
06:55:44.0 (372131)|VALIDATION_RULE|03d6F000001EXpW|Resignation_Date_rule
06:55:44.0 (504334)|VALIDATION_FORMULA|Is_on_Notice_Period__c= true && ISBLANK(Resignation_Date__c)|Is_on_Notice_Period__c=0 , Resignation_Date__c=null
06:55:44.0 (510793)|VALIDATION_PASS
06:55:44.0 (512102)|VALIDATION_RULE|03d6F000001EXr8|Restrict_DOB
06:55:44.0 (692826)|VALIDATION_FORMULA|Age__c  <= 18|Age__c=100
06:55:44.0 (698576)|VALIDATION_PASS
06:55:44.0 (699547)|VALIDATION_RULE|03d6F000001EWg3|Check_Dates
06:55:44.0 (804522)|VALIDATION_FORMULA|Last_Working_Day__c  <  Date_of_Joining__c|Last_Working_Day__c=null , Date_of_Joining__c=2018-10-01 00:00:00
06:55:44.0 (810662)|VALIDATION_PASS
06:55:44.0 (811458)|VALIDATION_RULE|03d6F000001EWfy|Notice_Period
06:55:44.0 (863039)|VALIDATION_FORMULA|Is_on_Notice_Period__c  = true && ISBLANK( Resignation_Date__c )|Is_on_Notice_Period__c=0 , Resignation_Date__c=null
06:55:44.0 (868280)|VALIDATION_PASS
06:55:44.0 (1128641)|CODE_UNIT_FINISHED|Validation:Employee:a056F00000lKCW6
06:55:44.0 (1136419)|EXECUTION_FINISHED
06:55:44.22 (22170126)|USER_INFO|[EXTERNAL]|0056F00000ATCAZ|ayman.shaikh@gmail.com|Pacific Standard Time|GMT-07:00
06:55:44.22 (22196693)|EXECUTION_STARTED
06:55:44.22 (22200644)|CODE_UNIT_STARTED|[EXTERNAL]|Workflow:01I6F000002DSKA
06:55:44.22 (33714327)|WF_RULE_EVAL_BEGIN|Workflow
06:55:44.22 (33737999)|WF_CRITERIA_BEGIN|[Employee: EMP-000052 a056F00000lKCW6]|one to one|01Q6F0000015jKG|ON_ALL_CHANGES|0
06:55:44.22 (35193692)|WF_RULE_FILTER|[Employee : Employees ID not equal to NULL]
06:55:44.22 (35213046)|WF_RULE_EVAL_VALUE|EMP-000052
06:55:44.22 (35217461)|WF_CRITERIA_END|true
06:55:44.22 (36043103)|WF_CRITERIA_BEGIN|[Employee: EMP-000052 a056F00000lKCW6]|Record deactivated|01Q6F0000015jIy|ON_CREATE_OR_TRIGGERING_UPDATE|0
06:55:44.22 (36276627)|WF_FORMULA|Formula:ENCODED:[treatNullAsNull]NOT({!ID:00N6F00000RfoKy})|Values:Is_Active__c=0
06:55:44.22 (36287681)|WF_CRITERIA_END|true
06:55:44.22 (36310694)|WF_SPOOL_ACTION_BEGIN|Workflow
06:55:44.22 (38137505)|WF_RULE_INVOCATION|[Employee: EMP-000052 a056F00000lKCW6]
06:55:44.22 (38154377)|WF_EMAIL_ALERT|Id=01W6F000000kHXy|CurrentRule:Record deactivated (Id=01Q6F0000015jIy)
06:55:44.22 (72097375)|WF_EMAIL_SENT|Template:00X6F0000027G3n|Recipients:ayman.shaikh@eternussolutions.com |CcEmails:
06:55:44.22 (72135298)|WF_ACTION| Field Update: 1; Email Alert: 1;
06:55:44.22 (72139553)|WF_RULE_EVAL_END
06:55:44.22 (72292364)|WF_ACTIONS_END| Field Update: 1; Email Alert: 1;
06:55:44.22 (72301858)|CODE_UNIT_FINISHED|Workflow:01I6F000002DSKA
06:55:44.22 (72308216)|EXECUTION_FINISHED
