44.0 APEX_CODE,FINEST;APEX_PROFILING,INFO;CALLOUT,INFO;DB,INFO;NBA,INFO;SYSTEM,DEBUG;VALIDATION,INFO;VISUALFORCE,INFO;WAVE,INFO;WORKFLOW,INFO
07:23:02.0 (398570)|USER_INFO|[EXTERNAL]|0056F00000ATCAZ|ayman.shaikh@gmail.com|Pacific Standard Time|GMT-08:00
07:23:02.0 (462252)|EXECUTION_STARTED
07:23:02.0 (465766)|CODE_UNIT_STARTED|[EXTERNAL]|DuplicateDetector
07:23:02.0 (479915)|DUPLICATE_DETECTION_BEGIN
07:23:02.0 (1212470)|DUPLICATE_DETECTION_RULE_INVOCATION|DuplicateRuleId:0Bm6F000006fqOk|DuplicateRuleName:Standard Contact Duplicate Rule|DmlType:INSERT
07:23:02.0 (39686633)|DUPLICATE_DETECTION_MATCH_INVOCATION_DETAILS|EntityType:Contact|ActionTaken:Allow_[Alert,Report]|DuplicateRecordIds:
07:23:02.0 (39712540)|DUPLICATE_DETECTION_MATCH_INVOCATION_SUMMARY|EntityType:Contact|NumRecordsToBeSaved:1|NumRecordsToBeSavedWithDuplicates:0|NumDuplicateRecordsFound:0
07:23:02.0 (39731439)|DUPLICATE_DETECTION_MATCH_INVOCATION_DETAILS|EntityType:Contact|ActionTaken:Allow_[Alert,Report]|DuplicateRecordIds:
07:23:02.0 (39740253)|DUPLICATE_DETECTION_MATCH_INVOCATION_SUMMARY|EntityType:Contact|NumRecordsToBeSaved:1|NumRecordsToBeSavedWithDuplicates:0|NumDuplicateRecordsFound:0
07:23:02.0 (40002133)|DUPLICATE_DETECTION_END
07:23:02.0 (40019725)|CODE_UNIT_FINISHED|DuplicateDetector
07:23:02.0 (40032635)|EXECUTION_FINISHED
07:23:02.71 (71496409)|USER_INFO|[EXTERNAL]|0056F00000ATCAZ|ayman.shaikh@gmail.com|Pacific Standard Time|GMT-08:00
07:23:02.71 (71519073)|EXECUTION_STARTED
07:23:02.71 (71522379)|CODE_UNIT_STARTED|[EXTERNAL]|Workflow:Contact
07:23:02.71 (80163582)|WF_RULE_EVAL_BEGIN|Workflow
07:23:02.71 (80215261)|WF_CRITERIA_BEGIN|[Contact: Kapoor 0036F00002o3pdl]|ChildToParent3016F000000lNv5|01Q6F0000015lQB|ON_ALL_CHANGES|0
07:23:02.71 (80303197)|WF_FORMULA|Formula:ENCODED:[treatNullAsNull]true|Values:
07:23:02.71 (80309852)|WF_CRITERIA_END|true
07:23:02.71 (80902319)|WF_SPOOL_ACTION_BEGIN|Workflow
07:23:02.71 (80929088)|WF_ACTION| Flow Trigger: 1;
07:23:02.71 (80933872)|WF_RULE_EVAL_END
07:23:02.71 (81691423)|WF_FLOW_ACTION_BEGIN|09L6F000000ke5w
07:23:02.84 (84650227)|FLOW_CREATE_INTERVIEW_BEGIN|00D6F000002XQjE|3006F000000kQmw|3016F000000lNv5
07:23:02.84 (85353924)|FLOW_CREATE_INTERVIEW_END|49872bee620d66bafe6c61988b2d166df3e59e4-1d70|ChildToParent
07:23:02.85 (85728969)|FLOW_START_INTERVIEWS_BEGIN|1
07:23:02.85 (85753146)|FLOW_START_INTERVIEW_BEGIN|49872bee620d66bafe6c61988b2d166df3e59e4-1d70|ChildToParent
07:23:02.85 (86907272)|FLOW_START_INTERVIEW_END|49872bee620d66bafe6c61988b2d166df3e59e4-1d70|ChildToParent
07:23:02.131 (131467283)|CODE_UNIT_STARTED|[EXTERNAL]|DuplicateDetector
07:23:02.131 (131499483)|DUPLICATE_DETECTION_BEGIN
07:23:02.131 (131551908)|DUPLICATE_DETECTION_RULE_INVOCATION|DuplicateRuleId:0Bm6F000006fqOj|DuplicateRuleName:Standard Account Duplicate Rule|DmlType:UPDATE
07:23:02.131 (131627838)|DUPLICATE_DETECTION_END
07:23:02.131 (131635224)|CODE_UNIT_FINISHED|DuplicateDetector
07:23:02.85 (155439482)|FLOW_START_INTERVIEWS_END|1
07:23:02.71 (156545456)|WF_FLOW_ACTION_END|09L6F000000ke5w
07:23:02.71 (156687666)|WF_ACTIONS_END| Flow Trigger: 1;
07:23:02.71 (156698752)|CODE_UNIT_FINISHED|Workflow:Contact
07:23:02.71 (157634245)|EXECUTION_FINISHED
07:23:02.184 (184085411)|USER_INFO|[EXTERNAL]|0056F00000ATCAZ|ayman.shaikh@gmail.com|Pacific Standard Time|GMT-08:00
07:23:02.184 (184112139)|EXECUTION_STARTED
07:23:02.184 (184122155)|CODE_UNIT_STARTED|[EXTERNAL]|DuplicateDetector
07:23:02.184 (184136522)|DUPLICATE_DETECTION_BEGIN
07:23:02.184 (184238692)|DUPLICATE_DETECTION_RULE_INVOCATION|DuplicateRuleId:0Bm6F000006fqOk|DuplicateRuleName:Standard Contact Duplicate Rule|DmlType:INSERT
07:23:02.184 (196853301)|DUPLICATE_DETECTION_END
07:23:02.184 (196864015)|CODE_UNIT_FINISHED|DuplicateDetector
07:23:02.184 (197805534)|EXECUTION_FINISHED
07:23:02.197 (197947693)|USER_INFO|[EXTERNAL]|0056F00000ATCAZ|ayman.shaikh@gmail.com|Pacific Standard Time|GMT-08:00
07:23:02.197 (197966043)|EXECUTION_STARTED
07:23:02.197 (197970183)|CODE_UNIT_STARTED|[EXTERNAL]|DuplicateDetector
07:23:02.197 (197998134)|DUPLICATE_DETECTION_BEGIN
07:23:02.197 (198048651)|DUPLICATE_DETECTION_RULE_INVOCATION|DuplicateRuleId:0Bm6F000006fqOj|DuplicateRuleName:Standard Account Duplicate Rule|DmlType:UPDATE
07:23:02.197 (207224958)|DUPLICATE_DETECTION_END
07:23:02.197 (207238427)|CODE_UNIT_FINISHED|DuplicateDetector
07:23:02.197 (208196132)|EXECUTION_FINISHED
