44.0 APEX_CODE,FINEST;APEX_PROFILING,INFO;CALLOUT,INFO;DB,INFO;NBA,INFO;SYSTEM,DEBUG;VALIDATION,INFO;VISUALFORCE,INFO;WAVE,INFO;WORKFLOW,INFO
Execute Anonymous: ParentToChild objParentToChild = new ParentToChild();
Execute Anonymous: objParentToChild.AccountToContact();
07:35:56.1 (1095908)|USER_INFO|[EXTERNAL]|0056F00000ATCAZ|ayman.shaikh@gmail.com|Pacific Standard Time|GMT-08:00
07:35:56.1 (1116562)|EXECUTION_STARTED
07:35:56.1 (1120630)|CODE_UNIT_STARTED|[EXTERNAL]|execute_anonymous_apex
07:35:56.1 (10743225)|VARIABLE_SCOPE_BEGIN|[1]|objParentToChild|ParentToChild|true|false
07:35:56.1 (10873576)|HEAP_ALLOCATE|[72]|Bytes:3
07:35:56.1 (10912241)|HEAP_ALLOCATE|[77]|Bytes:152
07:35:56.1 (10925598)|HEAP_ALLOCATE|[342]|Bytes:408
07:35:56.1 (10937831)|HEAP_ALLOCATE|[355]|Bytes:408
07:35:56.1 (10948012)|HEAP_ALLOCATE|[467]|Bytes:48
07:35:56.1 (10972467)|HEAP_ALLOCATE|[139]|Bytes:6
07:35:56.1 (10990631)|HEAP_ALLOCATE|[EXTERNAL]|Bytes:3
07:35:56.1 (11018863)|STATEMENT_EXECUTE|[1]
07:35:56.1 (11021694)|STATEMENT_EXECUTE|[1]
07:35:56.1 (11025864)|HEAP_ALLOCATE|[1]|Bytes:7
07:35:56.1 (11031010)|HEAP_ALLOCATE|[1]|Bytes:8
07:35:56.1 (11060561)|METHOD_ENTRY|[1]|01p6F00000MRjNH|ParentToChild.ParentToChild()
07:35:56.1 (11067803)|STATEMENT_EXECUTE|[1]
07:35:56.1 (11071388)|STATEMENT_EXECUTE|[1]
07:35:56.1 (11076090)|METHOD_EXIT|[1]|ParentToChild
07:35:56.1 (11092359)|HEAP_ALLOCATE|[1]|Bytes:4
07:35:56.1 (11124253)|HEAP_ALLOCATE|[50]|Bytes:5
07:35:56.1 (11146730)|HEAP_ALLOCATE|[56]|Bytes:5
07:35:56.1 (11154993)|HEAP_ALLOCATE|[64]|Bytes:7
07:35:56.1 (11172671)|SYSTEM_MODE_ENTER|false
07:35:56.1 (11204446)|HEAP_ALLOCATE|[1]|Bytes:5
07:35:56.1 (11215262)|CONSTRUCTOR_ENTRY|[1]|01p6F00000MRjNH|<init>()|ParentToChild
07:35:56.1 (11242206)|VARIABLE_SCOPE_BEGIN|[1]|this|ParentToChild|true|false
07:35:56.1 (11285753)|VARIABLE_ASSIGNMENT|[1]|this|{}|0x49322f5d
07:35:56.1 (11296837)|HEAP_ALLOCATE|[EXTERNAL]|Bytes:6
07:35:56.1 (11327802)|STATEMENT_EXECUTE|[1]
07:35:56.1 (11332228)|CONSTRUCTOR_EXIT|[1]|01p6F00000MRjNH|<init>()|ParentToChild
07:35:56.1 (11342903)|SYSTEM_MODE_EXIT|false
07:35:56.1 (11383601)|VARIABLE_ASSIGNMENT|[1]|objParentToChild|{}|0x49322f5d
07:35:56.1 (11390255)|STATEMENT_EXECUTE|[2]
07:35:56.1 (11411941)|SYSTEM_MODE_ENTER|false
07:35:56.1 (11428939)|HEAP_ALLOCATE|[2]|Bytes:5
07:35:56.1 (11453092)|METHOD_ENTRY|[2]|01p6F00000MRjNH|ParentToChild.AccountToContact()
07:35:56.1 (11473609)|VARIABLE_SCOPE_BEGIN|[2]|this|ParentToChild|true|false
07:35:56.1 (11487065)|VARIABLE_ASSIGNMENT|[2]|this|{}|0x49322f5d
07:35:56.1 (11495212)|STATEMENT_EXECUTE|[2]
07:35:56.1 (11496875)|STATEMENT_EXECUTE|[3]
07:35:56.1 (11499665)|HEAP_ALLOCATE|[3]|Bytes:81
07:35:56.1 (11518916)|HEAP_ALLOCATE|[3]|Bytes:4
07:35:56.1 (11811441)|SOQL_EXECUTE_BEGIN|[3]|Aggregations:1|SELECT Account.Name, (SELECT Contact.LastName FROM Account.Contacts) FROM Account
07:35:56.1 (34973979)|SOQL_EXECUTE_END|[3]|Rows:18
07:35:56.1 (35043967)|HEAP_ALLOCATE|[3]|Bytes:76
07:35:56.1 (35134585)|HEAP_ALLOCATE|[3]|Bytes:3718
07:35:56.1 (35227021)|HEAP_ALLOCATE|[3]|Bytes:76
07:35:56.1 (35247154)|VARIABLE_SCOPE_BEGIN|[3]|AccList|List<Account>|true|false
07:35:56.1 (35432937)|VARIABLE_ASSIGNMENT|[3]|AccList|"List of size 18 too large to display"|0x28f3195d
07:35:56.1 (35441791)|STATEMENT_EXECUTE|[14]
07:35:56.1 (35584677)|USER_DEBUG|[14]|DEBUG|(Account:{Name=sForce, Id=0016F00002o0fjCQAQ}, Account:{Name=University of Arizona, Id=0016F00002o0fj8QAA}, Account:{Name=United Oil & Gas Corp., Id=0016F00002o0fj6QAA}, Account:{Name=GenePoint, Id=0016F00002o0fjBQAQ}, Account:{Name=United Oil & Gas, UK, Id=0016F00002o0fj9QAA}, Account:{Name=United Oil & Gas, Singapore, Id=0016F00002o0fjAQAQ}, Account:{Name=Edge Communications, Id=0016F00002o0fj1QAA}, Account:{Name=Burlington Textiles Corp of America, Id=0016F00002o0fj2QAA}, Account:{Name=Pyramid Construction Inc., Id=0016F00002o0fj3QAA}, Account:{Name=Dickenson plc, Id=0016F00002o0fj4QAA}, ...)
07:35:56.1 (35610578)|METHOD_EXIT|[2]|01p6F00000MRjNH|ParentToChild.AccountToContact()
07:35:56.1 (35624225)|SYSTEM_MODE_EXIT|false
07:35:56.35 (35661185)|CUMULATIVE_LIMIT_USAGE
07:35:56.35 (35661185)|LIMIT_USAGE_FOR_NS|(default)|
  Number of SOQL queries: 1 out of 100
  Number of query rows: 51 out of 50000
  Number of SOSL queries: 0 out of 20
  Number of DML statements: 0 out of 150
  Number of DML rows: 0 out of 10000
  Maximum CPU time: 0 out of 10000
  Maximum heap size: 0 out of 6000000
  Number of callouts: 0 out of 100
  Number of Email Invocations: 0 out of 10
  Number of future calls: 0 out of 50
  Number of queueable jobs added to the queue: 0 out of 50
  Number of Mobile Apex push calls: 0 out of 10

07:35:56.35 (35661185)|CUMULATIVE_LIMIT_USAGE_END

07:35:56.1 (35705197)|CODE_UNIT_FINISHED|execute_anonymous_apex
07:35:56.1 (36961780)|EXECUTION_FINISHED
