44.0 APEX_CODE,FINEST;APEX_PROFILING,INFO;CALLOUT,INFO;DB,INFO;NBA,INFO;SYSTEM,DEBUG;VALIDATION,INFO;VISUALFORCE,INFO;WAVE,INFO;WORKFLOW,INFO
Execute Anonymous: Array_Operations obj_Arr_opp = new Array_Operations();
Execute Anonymous: obj_Arr_opp.Perform_Operation(); 
07:31:08.1 (1143582)|USER_INFO|[EXTERNAL]|0056F00000ATCAZ|ayman.shaikh@gmail.com|Pacific Standard Time|GMT-07:00
07:31:08.1 (1163521)|EXECUTION_STARTED
07:31:08.1 (1167964)|CODE_UNIT_STARTED|[EXTERNAL]|execute_anonymous_apex
07:31:08.1 (7908730)|VARIABLE_SCOPE_BEGIN|[1]|obj_Arr_opp|Array_Operations|true|false
07:31:08.1 (8033815)|HEAP_ALLOCATE|[72]|Bytes:3
07:31:08.1 (8064824)|HEAP_ALLOCATE|[77]|Bytes:152
07:31:08.1 (8079351)|HEAP_ALLOCATE|[342]|Bytes:408
07:31:08.1 (8090952)|HEAP_ALLOCATE|[355]|Bytes:408
07:31:08.1 (8101275)|HEAP_ALLOCATE|[467]|Bytes:48
07:31:08.1 (8123636)|HEAP_ALLOCATE|[139]|Bytes:6
07:31:08.1 (8147138)|HEAP_ALLOCATE|[EXTERNAL]|Bytes:3
07:31:08.1 (8178317)|STATEMENT_EXECUTE|[1]
07:31:08.1 (8181659)|STATEMENT_EXECUTE|[1]
07:31:08.1 (8185359)|HEAP_ALLOCATE|[1]|Bytes:1
07:31:08.1 (8213286)|METHOD_ENTRY|[1]|01p6F00000MPtB2|Array_Operations.Array_Operations()
07:31:08.1 (8219507)|STATEMENT_EXECUTE|[1]
07:31:08.1 (8223703)|STATEMENT_EXECUTE|[1]
07:31:08.1 (8251945)|HEAP_ALLOCATE|[50]|Bytes:5
07:31:08.1 (8273182)|HEAP_ALLOCATE|[56]|Bytes:5
07:31:08.1 (8281880)|HEAP_ALLOCATE|[64]|Bytes:7
07:31:08.1 (8298179)|SYSTEM_MODE_ENTER|false
07:31:08.1 (8309694)|HEAP_ALLOCATE|[1]|Bytes:5
07:31:08.1 (8316439)|SYSTEM_MODE_EXIT|false
07:31:08.1 (8325796)|METHOD_EXIT|[1]|Array_Operations
07:31:08.1 (8338089)|HEAP_ALLOCATE|[1]|Bytes:4
07:31:08.1 (8357588)|SYSTEM_MODE_ENTER|false
07:31:08.1 (8378249)|HEAP_ALLOCATE|[1]|Bytes:5
07:31:08.1 (8389916)|CONSTRUCTOR_ENTRY|[1]|01p6F00000MPtB2|<init>()|Array_Operations
07:31:08.1 (8415158)|VARIABLE_SCOPE_BEGIN|[1]|this|Array_Operations|true|false
07:31:08.1 (8455958)|VARIABLE_ASSIGNMENT|[1]|this|{}|0x75f931b2
07:31:08.1 (8466743)|HEAP_ALLOCATE|[EXTERNAL]|Bytes:5
07:31:08.1 (8474905)|HEAP_ALLOCATE|[EXTERNAL]|Bytes:6
07:31:08.1 (8513400)|STATEMENT_EXECUTE|[1]
07:31:08.1 (8517872)|HEAP_ALLOCATE|[EXTERNAL]|Bytes:5
07:31:08.1 (8526788)|CONSTRUCTOR_EXIT|[1]|01p6F00000MPtB2|<init>()|Array_Operations
07:31:08.1 (8534476)|SYSTEM_MODE_EXIT|false
07:31:08.1 (8551844)|VARIABLE_ASSIGNMENT|[1]|obj_Arr_opp|{}|0x75f931b2
07:31:08.1 (8558092)|STATEMENT_EXECUTE|[2]
07:31:08.1 (8576541)|SYSTEM_MODE_ENTER|false
07:31:08.1 (8592730)|HEAP_ALLOCATE|[2]|Bytes:5
07:31:08.1 (8616069)|METHOD_ENTRY|[2]|01p6F00000MPtB2|Array_Operations.Perform_Operation()
07:31:08.1 (8637520)|VARIABLE_SCOPE_BEGIN|[2]|this|Array_Operations|true|false
07:31:08.1 (8652916)|VARIABLE_ASSIGNMENT|[2]|this|{}|0x75f931b2
07:31:08.1 (8664646)|HEAP_ALLOCATE|[3]|Bytes:5
07:31:08.1 (8668974)|STATEMENT_EXECUTE|[2]
07:31:08.1 (8670469)|STATEMENT_EXECUTE|[3]
07:31:08.1 (8711145)|HEAP_ALLOCATE|[3]|Bytes:4
07:31:08.1 (8753861)|VARIABLE_SCOPE_BEGIN|[3]|myList|List<Integer>|true|false
07:31:08.1 (8779266)|HEAP_ALLOCATE|[EXTERNAL]|Bytes:4
07:31:08.1 (8791662)|VARIABLE_ASSIGNMENT|[3]|myList|[]|0x179256d
07:31:08.1 (8799542)|STATEMENT_EXECUTE|[6]
07:31:08.1 (8832577)|HEAP_ALLOCATE|[6]|Bytes:4
07:31:08.1 (8839202)|HEAP_ALLOCATE|[EXTERNAL]|Bytes:4
07:31:08.1 (8847699)|STATEMENT_EXECUTE|[7]
07:31:08.1 (8861359)|HEAP_ALLOCATE|[7]|Bytes:4
07:31:08.1 (8865818)|HEAP_ALLOCATE|[EXTERNAL]|Bytes:4
07:31:08.1 (8871900)|STATEMENT_EXECUTE|[8]
07:31:08.1 (8883453)|HEAP_ALLOCATE|[8]|Bytes:4
07:31:08.1 (8887435)|HEAP_ALLOCATE|[EXTERNAL]|Bytes:4
07:31:08.1 (8892657)|STATEMENT_EXECUTE|[9]
07:31:08.1 (8903260)|HEAP_ALLOCATE|[9]|Bytes:4
07:31:08.1 (8907092)|HEAP_ALLOCATE|[EXTERNAL]|Bytes:4
07:31:08.1 (8912579)|STATEMENT_EXECUTE|[10]
07:31:08.1 (8923455)|HEAP_ALLOCATE|[10]|Bytes:4
07:31:08.1 (8927584)|HEAP_ALLOCATE|[EXTERNAL]|Bytes:4
07:31:08.1 (8932850)|STATEMENT_EXECUTE|[11]
07:31:08.1 (8944342)|HEAP_ALLOCATE|[11]|Bytes:4
07:31:08.1 (8948566)|HEAP_ALLOCATE|[EXTERNAL]|Bytes:4
07:31:08.1 (8953382)|STATEMENT_EXECUTE|[12]
07:31:08.1 (8964277)|HEAP_ALLOCATE|[12]|Bytes:4
07:31:08.1 (8968181)|HEAP_ALLOCATE|[EXTERNAL]|Bytes:4
07:31:08.1 (8973270)|STATEMENT_EXECUTE|[13]
07:31:08.1 (8983700)|HEAP_ALLOCATE|[13]|Bytes:4
07:31:08.1 (8988370)|HEAP_ALLOCATE|[EXTERNAL]|Bytes:4
07:31:08.1 (8994024)|STATEMENT_EXECUTE|[14]
07:31:08.1 (9004653)|HEAP_ALLOCATE|[14]|Bytes:4
07:31:08.1 (9009123)|HEAP_ALLOCATE|[EXTERNAL]|Bytes:4
07:31:08.1 (9014580)|STATEMENT_EXECUTE|[16]
07:31:08.1 (9038651)|METHOD_EXIT|[2]|01p6F00000MPtB2|Array_Operations.Perform_Operation()
07:31:08.1 (9045853)|SYSTEM_MODE_EXIT|false
07:31:08.9 (9079604)|CUMULATIVE_LIMIT_USAGE
07:31:08.9 (9079604)|LIMIT_USAGE_FOR_NS|(default)|
  Number of SOQL queries: 0 out of 100
  Number of query rows: 0 out of 50000
  Number of SOSL queries: 0 out of 20
  Number of DML statements: 0 out of 150
  Number of DML rows: 0 out of 10000
  Maximum CPU time: 0 out of 10000
  Maximum heap size: 0 out of 6000000
  Number of callouts: 0 out of 100
  Number of Email Invocations: 0 out of 10
  Number of future calls: 0 out of 50
  Number of queueable jobs added to the queue: 0 out of 50
  Number of Mobile Apex push calls: 0 out of 10

07:31:08.9 (9079604)|CUMULATIVE_LIMIT_USAGE_END

07:31:08.1 (9113841)|CODE_UNIT_FINISHED|execute_anonymous_apex
07:31:08.1 (10092098)|EXECUTION_FINISHED
