44.0 APEX_CODE,FINEST;APEX_PROFILING,INFO;CALLOUT,INFO;DB,INFO;NBA,INFO;SYSTEM,DEBUG;VALIDATION,INFO;VISUALFORCE,INFO;WAVE,INFO;WORKFLOW,INFO
Execute Anonymous: Array_Of_Shape objArray = new Array_Of_Shape();
Execute Anonymous: objArray.Shape_Selection(3);
06:45:57.1 (1327275)|USER_INFO|[EXTERNAL]|0056F00000ATCAZ|ayman.shaikh@gmail.com|Pacific Standard Time|GMT-07:00
06:45:57.1 (1357375)|EXECUTION_STARTED
06:45:57.1 (1362089)|CODE_UNIT_STARTED|[EXTERNAL]|execute_anonymous_apex
06:45:57.1 (7948618)|VARIABLE_SCOPE_BEGIN|[1]|objArray|Array_Of_Shape|true|false
06:45:57.1 (8076137)|HEAP_ALLOCATE|[72]|Bytes:3
06:45:57.1 (8121251)|HEAP_ALLOCATE|[77]|Bytes:152
06:45:57.1 (8135272)|HEAP_ALLOCATE|[342]|Bytes:408
06:45:57.1 (8147953)|HEAP_ALLOCATE|[355]|Bytes:408
06:45:57.1 (8158952)|HEAP_ALLOCATE|[467]|Bytes:48
06:45:57.1 (8184244)|HEAP_ALLOCATE|[139]|Bytes:6
06:45:57.1 (8201746)|HEAP_ALLOCATE|[EXTERNAL]|Bytes:3
06:45:57.1 (8231742)|STATEMENT_EXECUTE|[1]
06:45:57.1 (8234243)|STATEMENT_EXECUTE|[1]
06:45:57.1 (8238153)|HEAP_ALLOCATE|[1]|Bytes:1
06:45:57.1 (8243551)|HEAP_ALLOCATE|[1]|Bytes:2
06:45:57.1 (8268232)|METHOD_ENTRY|[1]|01p6F00000MPYhK|Array_Of_Shape.Array_Of_Shape()
06:45:57.1 (8274867)|STATEMENT_EXECUTE|[1]
06:45:57.1 (8278837)|STATEMENT_EXECUTE|[1]
06:45:57.1 (8327130)|HEAP_ALLOCATE|[50]|Bytes:5
06:45:57.1 (8361155)|HEAP_ALLOCATE|[56]|Bytes:5
06:45:57.1 (8373809)|HEAP_ALLOCATE|[64]|Bytes:7
06:45:57.1 (8397578)|SYSTEM_MODE_ENTER|false
06:45:57.1 (8421464)|HEAP_ALLOCATE|[1]|Bytes:5
06:45:57.1 (8429926)|SYSTEM_MODE_EXIT|false
06:45:57.1 (8439118)|METHOD_EXIT|[1]|Array_Of_Shape
06:45:57.1 (8453828)|HEAP_ALLOCATE|[1]|Bytes:4
06:45:57.1 (8476135)|SYSTEM_MODE_ENTER|false
06:45:57.1 (8496899)|HEAP_ALLOCATE|[1]|Bytes:5
06:45:57.1 (8508558)|CONSTRUCTOR_ENTRY|[1]|01p6F00000MPYhK|<init>()|Array_Of_Shape
06:45:57.1 (8536512)|VARIABLE_SCOPE_BEGIN|[1]|this|Array_Of_Shape|true|false
06:45:57.1 (8574763)|VARIABLE_ASSIGNMENT|[1]|this|{}|0x30eacccb
06:45:57.1 (8584279)|HEAP_ALLOCATE|[EXTERNAL]|Bytes:5
06:45:57.1 (8592159)|HEAP_ALLOCATE|[EXTERNAL]|Bytes:6
06:45:57.1 (8628683)|STATEMENT_EXECUTE|[1]
06:45:57.1 (8632814)|HEAP_ALLOCATE|[EXTERNAL]|Bytes:5
06:45:57.1 (8640591)|CONSTRUCTOR_EXIT|[1]|01p6F00000MPYhK|<init>()|Array_Of_Shape
06:45:57.1 (8647237)|SYSTEM_MODE_EXIT|false
06:45:57.1 (8663819)|VARIABLE_ASSIGNMENT|[1]|objArray|{}|0x30eacccb
06:45:57.1 (8669539)|STATEMENT_EXECUTE|[2]
06:45:57.1 (8690516)|SYSTEM_MODE_ENTER|false
06:45:57.1 (8705060)|HEAP_ALLOCATE|[2]|Bytes:5
06:45:57.1 (8738202)|METHOD_ENTRY|[2]|01p6F00000MPYhK|Array_Of_Shape.Shape_Selection(Integer)
06:45:57.1 (8766359)|VARIABLE_SCOPE_BEGIN|[4]|this|Array_Of_Shape|true|false
06:45:57.1 (8785062)|VARIABLE_ASSIGNMENT|[4]|this|{}|0x30eacccb
06:45:57.1 (8795106)|VARIABLE_SCOPE_BEGIN|[4]|number1|Integer|false|false
06:45:57.1 (8828806)|VARIABLE_ASSIGNMENT|[4]|number1|3
06:45:57.1 (8846365)|HEAP_ALLOCATE|[5]|Bytes:5
06:45:57.1 (8852710)|STATEMENT_EXECUTE|[4]
06:45:57.1 (8854933)|STATEMENT_EXECUTE|[5]
06:45:57.1 (8907610)|HEAP_ALLOCATE|[5]|Bytes:4
06:45:57.1 (8963533)|VARIABLE_SCOPE_BEGIN|[5]|arrayOfShape|List<String>|true|false
06:45:57.1 (8997059)|HEAP_ALLOCATE|[EXTERNAL]|Bytes:4
06:45:57.1 (9024645)|VARIABLE_ASSIGNMENT|[5]|arrayOfShape|[]|0x3f1e0784
06:45:57.1 (9034936)|STATEMENT_EXECUTE|[8]
06:45:57.1 (9040145)|HEAP_ALLOCATE|[8]|Bytes:9
06:45:57.1 (9092507)|HEAP_ALLOCATE|[EXTERNAL]|Bytes:4
06:45:57.1 (9107033)|STATEMENT_EXECUTE|[9]
06:45:57.1 (9111233)|HEAP_ALLOCATE|[9]|Bytes:10
06:45:57.1 (9131214)|HEAP_ALLOCATE|[EXTERNAL]|Bytes:4
06:45:57.1 (9137717)|STATEMENT_EXECUTE|[10]
06:45:57.1 (9140510)|HEAP_ALLOCATE|[10]|Bytes:7
06:45:57.1 (9153665)|HEAP_ALLOCATE|[EXTERNAL]|Bytes:4
06:45:57.1 (9159344)|STATEMENT_EXECUTE|[11]
06:45:57.1 (9161574)|HEAP_ALLOCATE|[11]|Bytes:7
06:45:57.1 (9173113)|HEAP_ALLOCATE|[EXTERNAL]|Bytes:4
06:45:57.1 (9178419)|STATEMENT_EXECUTE|[12]
06:45:57.1 (9181031)|HEAP_ALLOCATE|[12]|Bytes:9
06:45:57.1 (9192172)|HEAP_ALLOCATE|[EXTERNAL]|Bytes:4
06:45:57.1 (9197883)|STATEMENT_EXECUTE|[13]
06:45:57.1 (9200025)|HEAP_ALLOCATE|[13]|Bytes:8
06:45:57.1 (9212105)|HEAP_ALLOCATE|[EXTERNAL]|Bytes:4
06:45:57.1 (9217320)|STATEMENT_EXECUTE|[14]
06:45:57.1 (9219389)|HEAP_ALLOCATE|[14]|Bytes:8
06:45:57.1 (9230704)|HEAP_ALLOCATE|[EXTERNAL]|Bytes:4
06:45:57.1 (9237122)|STATEMENT_EXECUTE|[16]
06:45:57.1 (9240787)|VARIABLE_SCOPE_BEGIN|[16]|i|Integer|false|false
06:45:57.1 (9247569)|HEAP_ALLOCATE|[16]|Bytes:4
06:45:57.1 (9254076)|VARIABLE_ASSIGNMENT|[16]|i|0
06:45:57.1 (9261887)|STATEMENT_EXECUTE|[16]
06:45:57.1 (9263382)|STATEMENT_EXECUTE|[18]
06:45:57.1 (9265613)|HEAP_ALLOCATE|[18]|Bytes:17
06:45:57.1 (9278100)|HEAP_ALLOCATE|[18]|Bytes:9
06:45:57.1 (9300213)|HEAP_ALLOCATE|[18]|Bytes:26
06:45:57.1 (9338194)|USER_DEBUG|[18]|DEBUG|Values In Array: Triangle 
06:45:57.1 (9348301)|HEAP_ALLOCATE|[16]|Bytes:4
06:45:57.1 (9355884)|VARIABLE_ASSIGNMENT|[16]|i|1
06:45:57.1 (9361597)|STATEMENT_EXECUTE|[16]
06:45:57.1 (9363141)|STATEMENT_EXECUTE|[18]
06:45:57.1 (9367301)|HEAP_ALLOCATE|[18]|Bytes:10
06:45:57.1 (9372617)|HEAP_ALLOCATE|[18]|Bytes:27
06:45:57.1 (9379538)|USER_DEBUG|[18]|DEBUG|Values In Array: Rectangle 
06:45:57.1 (9385262)|HEAP_ALLOCATE|[16]|Bytes:4
06:45:57.1 (9390431)|VARIABLE_ASSIGNMENT|[16]|i|2
06:45:57.1 (9394850)|STATEMENT_EXECUTE|[16]
06:45:57.1 (9396281)|STATEMENT_EXECUTE|[18]
06:45:57.1 (9398919)|HEAP_ALLOCATE|[18]|Bytes:7
06:45:57.1 (9403725)|HEAP_ALLOCATE|[18]|Bytes:24
06:45:57.1 (9409241)|USER_DEBUG|[18]|DEBUG|Values In Array: Square 
06:45:57.1 (9415149)|HEAP_ALLOCATE|[16]|Bytes:4
06:45:57.1 (9420051)|VARIABLE_ASSIGNMENT|[16]|i|3
06:45:57.1 (9431376)|METHOD_EXIT|[2]|01p6F00000MPYhK|Array_Of_Shape.Shape_Selection(Integer)
06:45:57.1 (9437502)|SYSTEM_MODE_EXIT|false
06:45:57.9 (9461097)|CUMULATIVE_LIMIT_USAGE
06:45:57.9 (9461097)|LIMIT_USAGE_FOR_NS|(default)|
  Number of SOQL queries: 0 out of 100
  Number of query rows: 0 out of 50000
  Number of SOSL queries: 0 out of 20
  Number of DML statements: 0 out of 150
  Number of DML rows: 0 out of 10000
  Maximum CPU time: 0 out of 10000
  Maximum heap size: 0 out of 6000000
  Number of callouts: 0 out of 100
  Number of Email Invocations: 0 out of 10
  Number of future calls: 0 out of 50
  Number of queueable jobs added to the queue: 0 out of 50
  Number of Mobile Apex push calls: 0 out of 10

06:45:57.9 (9461097)|CUMULATIVE_LIMIT_USAGE_END

06:45:57.1 (9492241)|CODE_UNIT_FINISHED|execute_anonymous_apex
06:45:57.1 (10326105)|EXECUTION_FINISHED
