44.0 APEX_CODE,FINEST;APEX_PROFILING,INFO;CALLOUT,INFO;DB,INFO;NBA,INFO;SYSTEM,DEBUG;VALIDATION,INFO;VISUALFORCE,INFO;WAVE,INFO;WORKFLOW,INFO
Execute Anonymous: LeadRecordStatus objLeadRecordStatus= new LeadRecordStatus();
Execute Anonymous: objLeadRecordStatus.updaterecord();
03:50:52.1 (1162297)|USER_INFO|[EXTERNAL]|0056F00000ATCAZ|ayman.shaikh@gmail.com|Pacific Standard Time|GMT-07:00
03:50:52.1 (1182354)|EXECUTION_STARTED
03:50:52.1 (1186329)|CODE_UNIT_STARTED|[EXTERNAL]|execute_anonymous_apex
03:50:52.1 (8876331)|VARIABLE_SCOPE_BEGIN|[1]|objLeadRecordStatus|LeadRecordStatus|true|false
03:50:52.1 (9267033)|HEAP_ALLOCATE|[72]|Bytes:3
03:50:52.1 (9329749)|HEAP_ALLOCATE|[77]|Bytes:152
03:50:52.1 (9350468)|HEAP_ALLOCATE|[342]|Bytes:408
03:50:52.1 (9371914)|HEAP_ALLOCATE|[355]|Bytes:408
03:50:52.1 (9392374)|HEAP_ALLOCATE|[467]|Bytes:48
03:50:52.1 (9429692)|HEAP_ALLOCATE|[139]|Bytes:6
03:50:52.1 (9456039)|HEAP_ALLOCATE|[EXTERNAL]|Bytes:3
03:50:52.1 (9521761)|STATEMENT_EXECUTE|[1]
03:50:52.1 (9525733)|STATEMENT_EXECUTE|[1]
03:50:52.1 (9530881)|HEAP_ALLOCATE|[1]|Bytes:1
03:50:52.1 (9539118)|HEAP_ALLOCATE|[1]|Bytes:1
03:50:52.1 (9593006)|METHOD_ENTRY|[1]|01p6F00000MRI3z|LeadRecordStatus.LeadRecordStatus()
03:50:52.1 (9603775)|STATEMENT_EXECUTE|[1]
03:50:52.1 (9610194)|STATEMENT_EXECUTE|[1]
03:50:52.1 (9645719)|HEAP_ALLOCATE|[50]|Bytes:5
03:50:52.1 (9676517)|HEAP_ALLOCATE|[56]|Bytes:5
03:50:52.1 (9689262)|HEAP_ALLOCATE|[64]|Bytes:7
03:50:52.1 (9711569)|SYSTEM_MODE_ENTER|false
03:50:52.1 (9727279)|HEAP_ALLOCATE|[1]|Bytes:5
03:50:52.1 (9737126)|SYSTEM_MODE_EXIT|false
03:50:52.1 (9765216)|METHOD_EXIT|[1]|LeadRecordStatus
03:50:52.1 (9783350)|HEAP_ALLOCATE|[1]|Bytes:4
03:50:52.1 (9812493)|SYSTEM_MODE_ENTER|false
03:50:52.1 (9846796)|HEAP_ALLOCATE|[1]|Bytes:5
03:50:52.1 (9883655)|CONSTRUCTOR_ENTRY|[1]|01p6F00000MRI3z|<init>()|LeadRecordStatus
03:50:52.1 (9926147)|VARIABLE_SCOPE_BEGIN|[1]|this|LeadRecordStatus|true|false
03:50:52.1 (9993403)|VARIABLE_ASSIGNMENT|[1]|this|{}|0x1feeb8f3
03:50:52.1 (10009124)|HEAP_ALLOCATE|[EXTERNAL]|Bytes:5
03:50:52.1 (10022005)|HEAP_ALLOCATE|[EXTERNAL]|Bytes:6
03:50:52.1 (10069037)|STATEMENT_EXECUTE|[1]
03:50:52.1 (10075757)|HEAP_ALLOCATE|[EXTERNAL]|Bytes:5
03:50:52.1 (10111130)|CONSTRUCTOR_EXIT|[1]|01p6F00000MRI3z|<init>()|LeadRecordStatus
03:50:52.1 (10131370)|SYSTEM_MODE_EXIT|false
03:50:52.1 (10166185)|VARIABLE_ASSIGNMENT|[1]|objLeadRecordStatus|{}|0x1feeb8f3
03:50:52.1 (10176938)|STATEMENT_EXECUTE|[2]
03:50:52.1 (10202893)|SYSTEM_MODE_ENTER|false
03:50:52.1 (10227222)|HEAP_ALLOCATE|[2]|Bytes:5
03:50:52.1 (10300386)|METHOD_ENTRY|[2]|01p6F00000MRI3z|LeadRecordStatus.updaterecord()
03:50:52.1 (10340451)|VARIABLE_SCOPE_BEGIN|[2]|this|LeadRecordStatus|true|false
03:50:52.1 (10363653)|VARIABLE_ASSIGNMENT|[2]|this|{}|0x1feeb8f3
03:50:52.1 (10387399)|HEAP_ALLOCATE|[3]|Bytes:5
03:50:52.1 (10394922)|STATEMENT_EXECUTE|[2]
03:50:52.1 (10397376)|STATEMENT_EXECUTE|[3]
03:50:52.1 (10401944)|HEAP_ALLOCATE|[3]|Bytes:54
03:50:52.1 (10428926)|HEAP_ALLOCATE|[3]|Bytes:4
03:50:52.1 (10794826)|SOQL_EXECUTE_BEGIN|[3]|Aggregations:0|SELECT Id, Name, Status FROM Lead WHERE Status = 'Won'
03:50:52.1 (24615558)|SOQL_EXECUTE_END|[3]|Rows:0
03:50:52.1 (24650552)|HEAP_ALLOCATE|[3]|Bytes:4
03:50:52.1 (24667968)|HEAP_ALLOCATE|[3]|Bytes:0
03:50:52.1 (24774955)|HEAP_ALLOCATE|[3]|Bytes:4
03:50:52.1 (24789214)|VARIABLE_SCOPE_BEGIN|[3]|leadlist|List<Lead>|true|false
03:50:52.1 (24811485)|VARIABLE_ASSIGNMENT|[3]|leadlist|[]|0x6231cc93
03:50:52.1 (25034592)|HEAP_ALLOCATE|[4]|Bytes:5
03:50:52.1 (25076765)|VARIABLE_ASSIGNMENT|[4]|updateList|null|
03:50:52.1 (25083757)|STATEMENT_EXECUTE|[4]
03:50:52.1 (25093578)|METHOD_EXIT|[2]|01p6F00000MRI3z|LeadRecordStatus.updaterecord()
03:50:52.1 (25100720)|SYSTEM_MODE_EXIT|false
03:50:52.25 (25148898)|CUMULATIVE_LIMIT_USAGE
03:50:52.25 (25148898)|LIMIT_USAGE_FOR_NS|(default)|
  Number of SOQL queries: 1 out of 100
  Number of query rows: 0 out of 50000
  Number of SOSL queries: 0 out of 20
  Number of DML statements: 0 out of 150
  Number of DML rows: 0 out of 10000
  Maximum CPU time: 0 out of 10000
  Maximum heap size: 0 out of 6000000
  Number of callouts: 0 out of 100
  Number of Email Invocations: 0 out of 10
  Number of future calls: 0 out of 50
  Number of queueable jobs added to the queue: 0 out of 50
  Number of Mobile Apex push calls: 0 out of 10

03:50:52.25 (25148898)|CUMULATIVE_LIMIT_USAGE_END

03:50:52.1 (25186716)|CODE_UNIT_FINISHED|execute_anonymous_apex
03:50:52.1 (26370465)|EXECUTION_FINISHED
