43.0 APEX_CODE,FINEST;APEX_PROFILING,INFO;CALLOUT,INFO;DB,INFO;NBA,INFO;SYSTEM,DEBUG;VALIDATION,INFO;VISUALFORCE,INFO;WAVE,INFO;WORKFLOW,INFO
Execute Anonymous: ConstructorDemo objArrayOpp = new ConstructorDemo(123);
08:01:41.12 (12785077)|USER_INFO|[EXTERNAL]|0056F00000ATCAZ|ayman.shaikh@gmail.com|Pacific Standard Time|GMT-07:00
08:01:41.12 (12813347)|EXECUTION_STARTED
08:01:41.12 (12820541)|CODE_UNIT_STARTED|[EXTERNAL]|execute_anonymous_apex
08:01:41.12 (13888804)|VARIABLE_SCOPE_BEGIN|[1]|objArrayOpp|ConstructorDemo|true|false
08:01:41.12 (14030207)|HEAP_ALLOCATE|[72]|Bytes:3
08:01:41.12 (14069475)|HEAP_ALLOCATE|[77]|Bytes:152
08:01:41.12 (14082999)|HEAP_ALLOCATE|[342]|Bytes:408
08:01:41.12 (14096560)|HEAP_ALLOCATE|[355]|Bytes:408
08:01:41.12 (14109356)|HEAP_ALLOCATE|[467]|Bytes:48
08:01:41.12 (14136306)|HEAP_ALLOCATE|[139]|Bytes:6
08:01:41.12 (14171504)|HEAP_ALLOCATE|[EXTERNAL]|Bytes:1
08:01:41.12 (14202809)|STATEMENT_EXECUTE|[1]
08:01:41.12 (14207267)|STATEMENT_EXECUTE|[1]
08:01:41.12 (14211198)|HEAP_ALLOCATE|[1]|Bytes:3
08:01:41.12 (14217294)|HEAP_ALLOCATE|[1]|Bytes:4
08:01:41.12 (14258690)|METHOD_ENTRY|[1]|01p6F00000MQQ19|ConstructorDemo.ConstructorDemo()
08:01:41.12 (14267021)|STATEMENT_EXECUTE|[1]
08:01:41.12 (14270656)|STATEMENT_EXECUTE|[1]
08:01:41.12 (14301060)|HEAP_ALLOCATE|[50]|Bytes:5
08:01:41.12 (14324929)|HEAP_ALLOCATE|[56]|Bytes:5
08:01:41.12 (14333458)|HEAP_ALLOCATE|[64]|Bytes:7
08:01:41.12 (14352515)|SYSTEM_MODE_ENTER|false
08:01:41.12 (14365709)|HEAP_ALLOCATE|[1]|Bytes:5
08:01:41.12 (14376705)|SYSTEM_MODE_EXIT|false
08:01:41.12 (14390719)|METHOD_EXIT|[1]|ConstructorDemo
08:01:41.12 (14406947)|HEAP_ALLOCATE|[1]|Bytes:4
08:01:41.12 (14433496)|SYSTEM_MODE_ENTER|false
08:01:41.12 (14461444)|HEAP_ALLOCATE|[1]|Bytes:5
08:01:41.12 (14487240)|CONSTRUCTOR_ENTRY|[1]|01p6F00000MQQ19|<init>(Integer)|ConstructorDemo
08:01:41.12 (14521589)|VARIABLE_SCOPE_BEGIN|[8]|this|ConstructorDemo|true|false
08:01:41.12 (14580746)|VARIABLE_ASSIGNMENT|[8]|this|{}|0x6885840a
08:01:41.12 (14592158)|VARIABLE_SCOPE_BEGIN|[8]|int_Objectsize|Integer|false|false
08:01:41.12 (14605800)|VARIABLE_ASSIGNMENT|[8]|int_Objectsize|123
08:01:41.12 (14617769)|HEAP_ALLOCATE|[10]|Bytes:5
08:01:41.12 (14624167)|STATEMENT_EXECUTE|[1]
08:01:41.12 (14627705)|HEAP_ALLOCATE|[10]|Bytes:5
08:01:41.12 (14639248)|HEAP_ALLOCATE|[10]|Bytes:6
08:01:41.12 (14680412)|STATEMENT_EXECUTE|[8]
08:01:41.12 (14683361)|STATEMENT_EXECUTE|[10]
08:01:41.12 (14688636)|VARIABLE_SCOPE_BEGIN|[10]|size|Integer|false|false
08:01:41.12 (14704207)|VARIABLE_ASSIGNMENT|[10]|size|null
08:01:41.12 (14709667)|STATEMENT_EXECUTE|[11]
08:01:41.12 (14712522)|HEAP_ALLOCATE|[11]|Bytes:4
08:01:41.12 (14721150)|VARIABLE_ASSIGNMENT|[11]|size|123
08:01:41.12 (14725688)|STATEMENT_EXECUTE|[12]
08:01:41.12 (14729592)|HEAP_ALLOCATE|[12]|Bytes:58
08:01:41.12 (14813320)|HEAP_ALLOCATE|[12]|Bytes:3
08:01:41.12 (14842640)|HEAP_ALLOCATE|[12]|Bytes:61
08:01:41.12 (14875305)|USER_DEBUG|[12]|DEBUG|This is constructor with argument having object size as:  123
08:01:41.12 (14900226)|CONSTRUCTOR_EXIT|[1]|01p6F00000MQQ19|<init>(Integer)|ConstructorDemo
08:01:41.12 (14912107)|SYSTEM_MODE_EXIT|false
08:01:41.12 (14992780)|VARIABLE_ASSIGNMENT|[1]|objArrayOpp|{}|0x6885840a
08:01:41.15 (15035954)|CUMULATIVE_LIMIT_USAGE
08:01:41.15 (15035954)|LIMIT_USAGE_FOR_NS|(default)|
  Number of SOQL queries: 0 out of 100
  Number of query rows: 0 out of 50000
  Number of SOSL queries: 0 out of 20
  Number of DML statements: 0 out of 150
  Number of DML rows: 0 out of 10000
  Maximum CPU time: 0 out of 10000
  Maximum heap size: 0 out of 6000000
  Number of callouts: 0 out of 100
  Number of Email Invocations: 0 out of 10
  Number of future calls: 0 out of 50
  Number of queueable jobs added to the queue: 0 out of 50
  Number of Mobile Apex push calls: 0 out of 10

08:01:41.15 (15035954)|CUMULATIVE_LIMIT_USAGE_END

08:01:41.12 (15195197)|CODE_UNIT_FINISHED|execute_anonymous_apex
08:01:41.12 (16515810)|EXECUTION_FINISHED
