44.0 APEX_CODE,DEBUG;APEX_PROFILING,INFO;CALLOUT,INFO;DB,INFO;NBA,INFO;SYSTEM,DEBUG;VALIDATION,INFO;VISUALFORCE,DEBUG;WAVE,INFO;WORKFLOW,INFO
06:34:48.0 (468309)|USER_INFO|[EXTERNAL]|0056F00000ATCAZ|ayman.shaikh@gmail.com|Pacific Standard Time|GMT-07:00
06:34:48.0 (506729)|EXECUTION_STARTED
06:34:48.0 (510451)|CODE_UNIT_STARTED|[EXTERNAL]|Validation:Employee:a056F00000lKAkx
06:34:48.0 (523659)|VALIDATION_RULE|03d6F000001EXpW|Resignation_Date_rule
06:34:48.0 (708333)|VALIDATION_FORMULA|Is_on_Notice_Period__c= true && ISBLANK(Resignation_Date__c)|Is_on_Notice_Period__c=0 , Resignation_Date__c=null
06:34:48.0 (718534)|VALIDATION_PASS
06:34:48.0 (720575)|VALIDATION_RULE|03d6F000001EXr8|Restrict_DOB
06:34:48.0 (1021350)|VALIDATION_FORMULA|Age__c  <= 18|Age__c=32
06:34:48.0 (1031290)|VALIDATION_PASS
06:34:48.0 (1032773)|VALIDATION_RULE|03d6F000001EWg3|Check_Dates
06:34:48.0 (1200966)|VALIDATION_FORMULA|Last_Working_Day__c  <  Date_of_Joining__c|Last_Working_Day__c=null , Date_of_Joining__c=2018-09-30 00:00:00
06:34:48.0 (1210408)|VALIDATION_PASS
06:34:48.0 (1211691)|VALIDATION_RULE|03d6F000001EWfy|Notice_Period
06:34:48.0 (1302591)|VALIDATION_FORMULA|Is_on_Notice_Period__c  = true && ISBLANK( Resignation_Date__c )|Is_on_Notice_Period__c=0 , Resignation_Date__c=null
06:34:48.0 (1311860)|VALIDATION_PASS
06:34:48.0 (1593853)|CODE_UNIT_FINISHED|Validation:Employee:a056F00000lKAkx
06:34:48.0 (1603311)|EXECUTION_FINISHED
06:34:48.19 (19625050)|USER_INFO|[EXTERNAL]|0056F00000ATCAZ|ayman.shaikh@gmail.com|Pacific Standard Time|GMT-07:00
06:34:48.19 (19643553)|EXECUTION_STARTED
06:34:48.19 (19645578)|CODE_UNIT_STARTED|[EXTERNAL]|Workflow:01I6F000002DSKA
06:34:48.19 (30919965)|WF_RULE_EVAL_BEGIN|Workflow
06:34:48.19 (30942960)|WF_CRITERIA_BEGIN|[Employee: EMP-000037 a056F00000lKAkx]|one to one|01Q6F0000015jKG|ON_ALL_CHANGES|0
06:34:48.19 (32533513)|WF_RULE_FILTER|[Employee : Employees ID not equal to NULL]
06:34:48.19 (32552420)|WF_RULE_EVAL_VALUE|EMP-000037
06:34:48.19 (32557995)|WF_CRITERIA_END|true
06:34:48.19 (33239061)|WF_CRITERIA_BEGIN|[Employee: EMP-000037 a056F00000lKAkx]|Record deactivated|01Q6F0000015jIy|ON_CREATE_OR_TRIGGERING_UPDATE|0
06:34:48.19 (33443778)|WF_FORMULA|Formula:ENCODED:[treatNullAsNull]NOT({!ID:00N6F00000RfoKy})|Values:Is_Active__c=0
06:34:48.19 (33454369)|WF_CRITERIA_END|true
06:34:48.19 (33474426)|WF_SPOOL_ACTION_BEGIN|Workflow
06:34:48.19 (36319952)|WF_FIELD_UPDATE|[Employee: EMP-000037 a056F00000lKAkx]|Field:Employee: Roll Id|Value:1|Id=04Y6F000000kSXA|CurrentRule:one to one (Id=01Q6F0000015jKG)
06:34:48.19 (36357514)|WF_RULE_INVOCATION|[Employee: EMP-000037 a056F00000lKAkx]
06:34:48.19 (36366291)|WF_EMAIL_ALERT|Id=01W6F000000kHXy|CurrentRule:Record deactivated (Id=01Q6F0000015jIy)
06:34:48.19 (66995148)|WF_EMAIL_SENT|Template:00X6F0000027G3n|Recipients:abc@gmail.com |CcEmails:
06:34:48.19 (67040097)|WF_ACTION| Field Update: 1; Email Alert: 1;
06:34:48.19 (67045610)|WF_RULE_EVAL_END
06:34:48.19 (76767115)|WF_ACTIONS_END| Field Update: 1; Email Alert: 1;
06:34:48.19 (76781604)|CODE_UNIT_FINISHED|Workflow:01I6F000002DSKA
06:34:48.19 (76788036)|EXECUTION_FINISHED
