43.0 APEX_CODE,FINEST;APEX_PROFILING,INFO;CALLOUT,INFO;DB,INFO;NBA,INFO;SYSTEM,DEBUG;VALIDATION,INFO;VISUALFORCE,INFO;WAVE,INFO;WORKFLOW,INFO
Execute Anonymous: Array_Of_Shape objShape = new Array_Of_Shape();
Execute Anonymous: Integer num = 20;
Execute Anonymous: objShape.Shape_Selection(num);
07:44:49.58 (58126278)|USER_INFO|[EXTERNAL]|0056F00000ATCAZ|ayman.shaikh@gmail.com|Pacific Standard Time|GMT-07:00
07:44:49.58 (58152969)|EXECUTION_STARTED
07:44:49.58 (58159041)|CODE_UNIT_STARTED|[EXTERNAL]|execute_anonymous_apex
07:44:49.58 (58274480)|VARIABLE_SCOPE_BEGIN|[2]|num|Integer|false|false
07:44:49.58 (83162040)|VARIABLE_SCOPE_BEGIN|[1]|objShape|Array_Of_Shape|true|false
07:44:49.58 (83293615)|HEAP_ALLOCATE|[72]|Bytes:3
07:44:49.58 (83327531)|HEAP_ALLOCATE|[77]|Bytes:152
07:44:49.58 (83341964)|HEAP_ALLOCATE|[342]|Bytes:408
07:44:49.58 (83356060)|HEAP_ALLOCATE|[355]|Bytes:408
07:44:49.58 (83371952)|HEAP_ALLOCATE|[467]|Bytes:48
07:44:49.58 (83396444)|HEAP_ALLOCATE|[139]|Bytes:6
07:44:49.58 (83423353)|HEAP_ALLOCATE|[EXTERNAL]|Bytes:5
07:44:49.58 (83463770)|STATEMENT_EXECUTE|[1]
07:44:49.58 (83467522)|STATEMENT_EXECUTE|[1]
07:44:49.58 (83471921)|HEAP_ALLOCATE|[1]|Bytes:4
07:44:49.58 (83479011)|HEAP_ALLOCATE|[1]|Bytes:5
07:44:49.58 (83519649)|METHOD_ENTRY|[1]|01p6F00000MPYhK|Array_Of_Shape.Array_Of_Shape()
07:44:49.58 (83531381)|STATEMENT_EXECUTE|[1]
07:44:49.58 (83537052)|STATEMENT_EXECUTE|[1]
07:44:49.58 (83573526)|HEAP_ALLOCATE|[50]|Bytes:5
07:44:49.58 (83603394)|HEAP_ALLOCATE|[56]|Bytes:5
07:44:49.58 (83613982)|HEAP_ALLOCATE|[64]|Bytes:7
07:44:49.58 (83663712)|SYSTEM_MODE_ENTER|false
07:44:49.58 (83688054)|HEAP_ALLOCATE|[1]|Bytes:5
07:44:49.58 (83706222)|SYSTEM_MODE_EXIT|false
07:44:49.58 (83727678)|METHOD_EXIT|[1]|Array_Of_Shape
07:44:49.58 (83744610)|HEAP_ALLOCATE|[1]|Bytes:4
07:44:49.58 (83772847)|SYSTEM_MODE_ENTER|false
07:44:49.58 (83826471)|HEAP_ALLOCATE|[1]|Bytes:5
07:44:49.58 (83858699)|CONSTRUCTOR_ENTRY|[1]|01p6F00000MPYhK|<init>()|Array_Of_Shape
07:44:49.58 (83908250)|VARIABLE_SCOPE_BEGIN|[1]|this|Array_Of_Shape|true|false
07:44:49.58 (83988094)|VARIABLE_ASSIGNMENT|[1]|this|{}|0x1f1dbafe
07:44:49.58 (84004797)|HEAP_ALLOCATE|[EXTERNAL]|Bytes:5
07:44:49.58 (84017236)|HEAP_ALLOCATE|[EXTERNAL]|Bytes:6
07:44:49.58 (84063515)|STATEMENT_EXECUTE|[1]
07:44:49.58 (84070148)|HEAP_ALLOCATE|[EXTERNAL]|Bytes:5
07:44:49.58 (84088087)|CONSTRUCTOR_EXIT|[1]|01p6F00000MPYhK|<init>()|Array_Of_Shape
07:44:49.58 (84098451)|SYSTEM_MODE_EXIT|false
07:44:49.58 (84131668)|VARIABLE_ASSIGNMENT|[1]|objShape|{}|0x1f1dbafe
07:44:49.58 (84139457)|STATEMENT_EXECUTE|[2]
07:44:49.58 (84145482)|HEAP_ALLOCATE|[2]|Bytes:4
07:44:49.58 (84159826)|VARIABLE_ASSIGNMENT|[2]|num|20
07:44:49.58 (84164860)|STATEMENT_EXECUTE|[3]
07:44:49.58 (84191137)|SYSTEM_MODE_ENTER|false
07:44:49.58 (84214112)|HEAP_ALLOCATE|[3]|Bytes:5
07:44:49.58 (84370459)|METHOD_ENTRY|[3]|01p6F00000MPYhK|Array_Of_Shape.Shape_Selection(Integer)
07:44:49.58 (84407087)|VARIABLE_SCOPE_BEGIN|[4]|this|Array_Of_Shape|true|false
07:44:49.58 (84433436)|VARIABLE_ASSIGNMENT|[4]|this|{}|0x1f1dbafe
07:44:49.58 (84442648)|VARIABLE_SCOPE_BEGIN|[4]|number1|Integer|false|false
07:44:49.58 (84453541)|VARIABLE_ASSIGNMENT|[4]|number1|20
07:44:49.58 (84467610)|HEAP_ALLOCATE|[5]|Bytes:5
07:44:49.58 (84474197)|STATEMENT_EXECUTE|[4]
07:44:49.58 (84476187)|STATEMENT_EXECUTE|[5]
07:44:49.58 (84520310)|HEAP_ALLOCATE|[5]|Bytes:4
07:44:49.58 (84585974)|VARIABLE_SCOPE_BEGIN|[5]|arrayOfShape|List<String>|true|false
07:44:49.58 (84623212)|HEAP_ALLOCATE|[EXTERNAL]|Bytes:4
07:44:49.58 (84640529)|VARIABLE_ASSIGNMENT|[5]|arrayOfShape|[]|0x4c4e7490
07:44:49.58 (84647502)|STATEMENT_EXECUTE|[8]
07:44:49.58 (84651974)|HEAP_ALLOCATE|[8]|Bytes:9
07:44:49.58 (84700040)|HEAP_ALLOCATE|[EXTERNAL]|Bytes:4
07:44:49.58 (84713973)|STATEMENT_EXECUTE|[9]
07:44:49.58 (84718025)|HEAP_ALLOCATE|[9]|Bytes:10
07:44:49.58 (84741012)|HEAP_ALLOCATE|[EXTERNAL]|Bytes:4
07:44:49.58 (84749858)|STATEMENT_EXECUTE|[10]
07:44:49.58 (84753386)|HEAP_ALLOCATE|[10]|Bytes:7
07:44:49.58 (84772267)|HEAP_ALLOCATE|[EXTERNAL]|Bytes:4
07:44:49.58 (84779947)|STATEMENT_EXECUTE|[11]
07:44:49.58 (84782975)|HEAP_ALLOCATE|[11]|Bytes:7
07:44:49.58 (84800181)|HEAP_ALLOCATE|[EXTERNAL]|Bytes:4
07:44:49.58 (84807840)|STATEMENT_EXECUTE|[12]
07:44:49.58 (84810903)|HEAP_ALLOCATE|[12]|Bytes:9
07:44:49.58 (84827928)|HEAP_ALLOCATE|[EXTERNAL]|Bytes:4
07:44:49.58 (84858929)|STATEMENT_EXECUTE|[13]
07:44:49.58 (84863331)|HEAP_ALLOCATE|[13]|Bytes:8
07:44:49.58 (84887947)|HEAP_ALLOCATE|[EXTERNAL]|Bytes:4
07:44:49.58 (84896669)|STATEMENT_EXECUTE|[14]
07:44:49.58 (84899757)|HEAP_ALLOCATE|[14]|Bytes:8
07:44:49.58 (84917491)|HEAP_ALLOCATE|[EXTERNAL]|Bytes:4
07:44:49.58 (84926030)|STATEMENT_EXECUTE|[16]
07:44:49.58 (84932176)|VARIABLE_SCOPE_BEGIN|[16]|i|Integer|false|false
07:44:49.58 (84941101)|HEAP_ALLOCATE|[16]|Bytes:4
07:44:49.58 (84952214)|VARIABLE_ASSIGNMENT|[16]|i|0
07:44:49.58 (84961140)|STATEMENT_EXECUTE|[16]
07:44:49.58 (84962995)|STATEMENT_EXECUTE|[18]
07:44:49.58 (84966189)|HEAP_ALLOCATE|[18]|Bytes:17
07:44:49.58 (84977706)|HEAP_ALLOCATE|[18]|Bytes:9
07:44:49.58 (84995484)|HEAP_ALLOCATE|[18]|Bytes:26
07:44:49.58 (85041072)|USER_DEBUG|[18]|DEBUG|Values In Array: Triangle 
07:44:49.58 (85054854)|HEAP_ALLOCATE|[16]|Bytes:4
07:44:49.58 (85066896)|VARIABLE_ASSIGNMENT|[16]|i|1
07:44:49.58 (85073964)|STATEMENT_EXECUTE|[16]
07:44:49.58 (85075894)|STATEMENT_EXECUTE|[18]
07:44:49.58 (85081585)|HEAP_ALLOCATE|[18]|Bytes:10
07:44:49.58 (85088806)|HEAP_ALLOCATE|[18]|Bytes:27
07:44:49.58 (85099869)|USER_DEBUG|[18]|DEBUG|Values In Array: Rectangle 
07:44:49.58 (85108573)|HEAP_ALLOCATE|[16]|Bytes:4
07:44:49.58 (85117329)|VARIABLE_ASSIGNMENT|[16]|i|2
07:44:49.58 (85122877)|STATEMENT_EXECUTE|[16]
07:44:49.58 (85124770)|STATEMENT_EXECUTE|[18]
07:44:49.58 (85128765)|HEAP_ALLOCATE|[18]|Bytes:7
07:44:49.58 (85134763)|HEAP_ALLOCATE|[18]|Bytes:24
07:44:49.58 (85143637)|USER_DEBUG|[18]|DEBUG|Values In Array: Square 
07:44:49.58 (85151545)|HEAP_ALLOCATE|[16]|Bytes:4
07:44:49.58 (85159936)|VARIABLE_ASSIGNMENT|[16]|i|3
07:44:49.58 (85165817)|STATEMENT_EXECUTE|[16]
07:44:49.58 (85167653)|STATEMENT_EXECUTE|[18]
07:44:49.58 (85171290)|HEAP_ALLOCATE|[18]|Bytes:7
07:44:49.58 (85176971)|HEAP_ALLOCATE|[18]|Bytes:24
07:44:49.58 (85185178)|USER_DEBUG|[18]|DEBUG|Values In Array: Circle 
07:44:49.58 (85192947)|HEAP_ALLOCATE|[16]|Bytes:4
07:44:49.58 (85200680)|VARIABLE_ASSIGNMENT|[16]|i|4
07:44:49.58 (85206047)|STATEMENT_EXECUTE|[16]
07:44:49.58 (85207886)|STATEMENT_EXECUTE|[18]
07:44:49.58 (85211350)|HEAP_ALLOCATE|[18]|Bytes:9
07:44:49.58 (85216921)|HEAP_ALLOCATE|[18]|Bytes:26
07:44:49.58 (85225188)|USER_DEBUG|[18]|DEBUG|Values In Array: Pantagon 
07:44:49.58 (85233099)|HEAP_ALLOCATE|[16]|Bytes:4
07:44:49.58 (85240790)|VARIABLE_ASSIGNMENT|[16]|i|5
07:44:49.58 (85246243)|STATEMENT_EXECUTE|[16]
07:44:49.58 (85248125)|STATEMENT_EXECUTE|[18]
07:44:49.58 (85251589)|HEAP_ALLOCATE|[18]|Bytes:8
07:44:49.58 (85257658)|HEAP_ALLOCATE|[18]|Bytes:25
07:44:49.58 (85265845)|USER_DEBUG|[18]|DEBUG|Values In Array: Hexagon 
07:44:49.58 (85273436)|HEAP_ALLOCATE|[16]|Bytes:4
07:44:49.58 (85285140)|VARIABLE_ASSIGNMENT|[16]|i|6
07:44:49.58 (85291430)|STATEMENT_EXECUTE|[16]
07:44:49.58 (85293265)|STATEMENT_EXECUTE|[18]
07:44:49.58 (85296753)|HEAP_ALLOCATE|[18]|Bytes:8
07:44:49.58 (85302764)|HEAP_ALLOCATE|[18]|Bytes:25
07:44:49.58 (85311033)|USER_DEBUG|[18]|DEBUG|Values In Array: Octagon 
07:44:49.58 (85318539)|HEAP_ALLOCATE|[16]|Bytes:4
07:44:49.58 (85326277)|VARIABLE_ASSIGNMENT|[16]|i|7
07:44:49.58 (85331582)|STATEMENT_EXECUTE|[16]
07:44:49.58 (85333504)|STATEMENT_EXECUTE|[18]
07:44:49.58 (85378844)|HEAP_ALLOCATE|[18]|Bytes:31
07:44:49.58 (85420981)|METHOD_EXIT|[3]|01p6F00000MPYhK|Array_Of_Shape.Shape_Selection(Integer)
07:44:49.58 (85447776)|SYSTEM_MODE_EXIT|false
07:44:49.58 (85568273)|FATAL_ERROR|System.ListException: List index out of bounds: 7

Class.Array_Of_Shape.Shape_Selection: line 18, column 1
AnonymousBlock: line 3, column 1
AnonymousBlock: line 3, column 1
07:44:49.85 (85636427)|CUMULATIVE_LIMIT_USAGE
07:44:49.85 (85636427)|LIMIT_USAGE_FOR_NS|(default)|
  Number of SOQL queries: 0 out of 100
  Number of query rows: 0 out of 50000
  Number of SOSL queries: 0 out of 20
  Number of DML statements: 0 out of 150
  Number of DML rows: 0 out of 10000
  Maximum CPU time: 0 out of 10000
  Maximum heap size: 0 out of 6000000
  Number of callouts: 0 out of 100
  Number of Email Invocations: 0 out of 10
  Number of future calls: 0 out of 50
  Number of queueable jobs added to the queue: 0 out of 50
  Number of Mobile Apex push calls: 0 out of 10

07:44:49.85 (85636427)|CUMULATIVE_LIMIT_USAGE_END

07:44:49.58 (85694302)|CODE_UNIT_FINISHED|execute_anonymous_apex
07:44:49.58 (86600744)|EXECUTION_FINISHED
