44.0 APEX_CODE,DEBUG;APEX_PROFILING,INFO;CALLOUT,INFO;DB,INFO;NBA,INFO;SYSTEM,DEBUG;VALIDATION,INFO;VISUALFORCE,DEBUG;WAVE,INFO;WORKFLOW,INFO
07:10:33.0 (507244)|USER_INFO|[EXTERNAL]|0056F00000ATCAZ|ayman.shaikh@gmail.com|Pacific Standard Time|GMT-07:00
07:10:33.0 (614139)|EXECUTION_STARTED
07:10:33.0 (622603)|CODE_UNIT_STARTED|[EXTERNAL]|VisualForce View State
07:10:33.0 (199092873)|CODE_UNIT_FINISHED|VisualForce View State
07:10:33.0 (199458187)|EXECUTION_FINISHED
07:10:33.214 (214088289)|USER_INFO|[EXTERNAL]|0056F00000ATCAZ|ayman.shaikh@gmail.com|Pacific Standard Time|GMT-07:00
07:10:33.214 (214189812)|SYSTEM_MODE_ENTER|true
07:10:33.389 (389522194)|CUMULATIVE_LIMIT_USAGE
07:10:33.389 (389522194)|LIMIT_USAGE_FOR_NS|(default)|
  Number of SOQL queries: 0 out of 100
  Number of query rows: 0 out of 50000
  Number of SOSL queries: 0 out of 20
  Number of DML statements: 0 out of 150
  Number of DML rows: 0 out of 10000
  Maximum CPU time: 0 out of 10000
  Maximum heap size: 0 out of 6000000
  Number of callouts: 0 out of 100
  Number of Email Invocations: 0 out of 10
  Number of future calls: 0 out of 50
  Number of queueable jobs added to the queue: 0 out of 50
  Number of Mobile Apex push calls: 0 out of 10

07:10:33.389 (389522194)|CUMULATIVE_LIMIT_USAGE_END

