44.0 APEX_CODE,DEBUG;APEX_PROFILING,INFO;CALLOUT,INFO;DB,INFO;NBA,INFO;SYSTEM,DEBUG;VALIDATION,INFO;VISUALFORCE,DEBUG;WAVE,INFO;WORKFLOW,INFO
06:34:25.0 (367274)|USER_INFO|[EXTERNAL]|0056F00000ATCAZ|ayman.shaikh@gmail.com|Pacific Standard Time|GMT-07:00
06:34:25.0 (396042)|EXECUTION_STARTED
06:34:25.0 (399043)|CODE_UNIT_STARTED|[EXTERNAL]|Validation:Employee:a056F00000lKAkx
06:34:25.0 (412702)|VALIDATION_RULE|03d6F000001EXpW|Resignation_Date_rule
06:34:25.0 (580416)|VALIDATION_FORMULA|Is_on_Notice_Period__c= true && ISBLANK(Resignation_Date__c)|Is_on_Notice_Period__c=0 , Resignation_Date__c=null
06:34:25.0 (587321)|VALIDATION_PASS
06:34:25.0 (589021)|VALIDATION_RULE|03d6F000001EXr8|Restrict_DOB
06:34:25.0 (794577)|VALIDATION_FORMULA|Age__c  <= 18|Age__c=32
06:34:25.0 (800072)|VALIDATION_PASS
06:34:25.0 (801109)|VALIDATION_RULE|03d6F000001EWg3|Check_Dates
06:34:25.0 (899821)|VALIDATION_FORMULA|Last_Working_Day__c  <  Date_of_Joining__c|Last_Working_Day__c=null , Date_of_Joining__c=2018-09-30 00:00:00
06:34:25.0 (906203)|VALIDATION_PASS
06:34:25.0 (907011)|VALIDATION_RULE|03d6F000001EWfy|Notice_Period
06:34:25.0 (956895)|VALIDATION_FORMULA|Is_on_Notice_Period__c  = true && ISBLANK( Resignation_Date__c )|Is_on_Notice_Period__c=0 , Resignation_Date__c=null
06:34:25.0 (961260)|VALIDATION_PASS
06:34:25.0 (1166792)|CODE_UNIT_FINISHED|Validation:Employee:a056F00000lKAkx
06:34:25.0 (1175487)|EXECUTION_FINISHED
06:34:25.14 (14050023)|USER_INFO|[EXTERNAL]|0056F00000ATCAZ|ayman.shaikh@gmail.com|Pacific Standard Time|GMT-07:00
06:34:25.14 (14068155)|EXECUTION_STARTED
06:34:25.14 (14072180)|CODE_UNIT_STARTED|[EXTERNAL]|Workflow:01I6F000002DSKA
06:34:25.14 (22114217)|WF_RULE_EVAL_BEGIN|Workflow
06:34:25.14 (22142012)|WF_CRITERIA_BEGIN|[Employee: EMP-000037 a056F00000lKAkx]|one to one|01Q6F0000015jKG|ON_ALL_CHANGES|0
06:34:25.14 (23429752)|WF_RULE_FILTER|[Employee : Employees ID not equal to NULL]
06:34:25.14 (23451111)|WF_RULE_EVAL_VALUE|EMP-000037
06:34:25.14 (23455575)|WF_CRITERIA_END|true
06:34:25.14 (24373521)|WF_CRITERIA_BEGIN|[Employee: EMP-000037 a056F00000lKAkx]|Record deactivated|01Q6F0000015jIy|ON_CREATE_OR_TRIGGERING_UPDATE|0
06:34:25.14 (24712414)|WF_FORMULA|Formula:ENCODED:[treatNullAsNull]NOT({!ID:00N6F00000RfoKy})|Values:Is_Active__c=0
06:34:25.14 (24719402)|WF_CRITERIA_END|true
06:34:25.14 (24738295)|WF_SPOOL_ACTION_BEGIN|Workflow
06:34:25.14 (27093426)|WF_FIELD_UPDATE|[Employee: EMP-000037 a056F00000lKAkx]|Field:Employee: Roll Id|Value:3|Id=04Y6F000000kSXA|CurrentRule:one to one (Id=01Q6F0000015jKG)
06:34:25.14 (27115024)|WF_RULE_INVOCATION|[Employee: EMP-000037 a056F00000lKAkx]
06:34:25.14 (27119916)|WF_EMAIL_ALERT|Id=01W6F000000kHXy|CurrentRule:Record deactivated (Id=01Q6F0000015jIy)
06:34:25.14 (56760608)|WF_EMAIL_SENT|Template:00X6F0000027G3n|Recipients:abc@gmail.com |CcEmails:
06:34:25.14 (56797338)|WF_ACTION| Field Update: 1; Email Alert: 1;
06:34:25.14 (56801101)|WF_RULE_EVAL_END
06:34:25.14 (65665166)|WF_ACTIONS_END| Field Update: 1; Email Alert: 1;
06:34:25.14 (65681482)|CODE_UNIT_FINISHED|Workflow:01I6F000002DSKA
06:34:25.14 (65689165)|EXECUTION_FINISHED
