44.0 APEX_CODE,DEBUG;APEX_PROFILING,INFO;CALLOUT,INFO;DB,INFO;NBA,INFO;SYSTEM,DEBUG;VALIDATION,INFO;VISUALFORCE,DEBUG;WAVE,INFO;WORKFLOW,INFO
06:35:26.0 (84226)|USER_INFO|[EXTERNAL]|0056F00000ATCAZ|ayman.shaikh@gmail.com|Pacific Standard Time|GMT-07:00
06:35:26.0 (117949)|EXECUTION_STARTED
06:35:26.0 (121589)|CODE_UNIT_STARTED|[EXTERNAL]|Validation:Employee:a056F00000lKAkx
06:35:26.0 (132656)|VALIDATION_RULE|03d6F000001EXpW|Resignation_Date_rule
06:35:26.0 (271619)|VALIDATION_FORMULA|Is_on_Notice_Period__c= true && ISBLANK(Resignation_Date__c)|Is_on_Notice_Period__c=0 , Resignation_Date__c=null
06:35:26.0 (281616)|VALIDATION_PASS
06:35:26.0 (283201)|VALIDATION_RULE|03d6F000001EXr8|Restrict_DOB
06:35:26.0 (580886)|VALIDATION_FORMULA|Age__c  <= 18|Age__c=32
06:35:26.0 (588913)|VALIDATION_PASS
06:35:26.0 (592048)|VALIDATION_RULE|03d6F000001EWg3|Check_Dates
06:35:26.0 (735058)|VALIDATION_FORMULA|Last_Working_Day__c  <  Date_of_Joining__c|Last_Working_Day__c=null , Date_of_Joining__c=2018-09-30 00:00:00
06:35:26.0 (745156)|VALIDATION_PASS
06:35:26.0 (746259)|VALIDATION_RULE|03d6F000001EWfy|Notice_Period
06:35:26.0 (836136)|VALIDATION_FORMULA|Is_on_Notice_Period__c  = true && ISBLANK( Resignation_Date__c )|Is_on_Notice_Period__c=0 , Resignation_Date__c=null
06:35:26.0 (843071)|VALIDATION_PASS
06:35:26.0 (1036228)|CODE_UNIT_FINISHED|Validation:Employee:a056F00000lKAkx
06:35:26.0 (1044137)|EXECUTION_FINISHED
06:35:26.17 (17345259)|USER_INFO|[EXTERNAL]|0056F00000ATCAZ|ayman.shaikh@gmail.com|Pacific Standard Time|GMT-07:00
06:35:26.17 (17377227)|EXECUTION_STARTED
06:35:26.17 (17382046)|CODE_UNIT_STARTED|[EXTERNAL]|Workflow:01I6F000002DSKA
06:35:26.17 (27274547)|WF_RULE_EVAL_BEGIN|Workflow
06:35:26.17 (27309473)|WF_CRITERIA_BEGIN|[Employee: EMP-000037 a056F00000lKAkx]|one to one|01Q6F0000015jKG|ON_ALL_CHANGES|0
06:35:26.17 (27363483)|WF_RULE_FILTER|[Employee : Employees ID not equal to NULL]
06:35:26.17 (27393460)|WF_RULE_EVAL_VALUE|EMP-000037
06:35:26.17 (27399387)|WF_CRITERIA_END|true
06:35:26.17 (28028847)|WF_CRITERIA_BEGIN|[Employee: EMP-000037 a056F00000lKAkx]|Record deactivated|01Q6F0000015jIy|ON_CREATE_OR_TRIGGERING_UPDATE|0
06:35:26.17 (28490505)|WF_FORMULA|Formula:ENCODED:[treatNullAsNull]NOT({!ID:00N6F00000RfoKy})|Values:Is_Active__c=0
06:35:26.17 (28502063)|WF_CRITERIA_END|true
06:35:26.17 (28525602)|WF_SPOOL_ACTION_BEGIN|Workflow
06:35:26.17 (32774980)|WF_FIELD_UPDATE|[Employee: EMP-000037 a056F00000lKAkx]|Field:Employee: Roll Id|Value:1|Id=04Y6F000000kSXA|CurrentRule:one to one (Id=01Q6F0000015jKG)
06:35:26.17 (32821728)|WF_RULE_INVOCATION|[Employee: EMP-000037 a056F00000lKAkx]
06:35:26.17 (32830034)|WF_EMAIL_ALERT|Id=01W6F000000kHXy|CurrentRule:Record deactivated (Id=01Q6F0000015jIy)
06:35:26.17 (64688065)|WF_EMAIL_SENT|Template:00X6F0000027G3n|Recipients:abc@gmail.com |CcEmails:
06:35:26.17 (64741559)|WF_ACTION| Field Update: 1; Email Alert: 1;
06:35:26.17 (64748064)|WF_RULE_EVAL_END
06:35:26.17 (74478249)|WF_ACTIONS_END| Field Update: 1; Email Alert: 1;
06:35:26.17 (74499885)|CODE_UNIT_FINISHED|Workflow:01I6F000002DSKA
06:35:26.17 (74507053)|EXECUTION_FINISHED
