44.0 APEX_CODE,DEBUG;APEX_PROFILING,INFO;CALLOUT,INFO;DB,INFO;NBA,INFO;SYSTEM,DEBUG;VALIDATION,INFO;VISUALFORCE,DEBUG;WAVE,INFO;WORKFLOW,INFO
07:01:47.0 (514990)|USER_INFO|[EXTERNAL]|0056F00000ATCAZ|ayman.shaikh@gmail.com|Pacific Standard Time|GMT-07:00
07:01:47.0 (590559)|EXECUTION_STARTED
07:01:47.0 (598338)|CODE_UNIT_STARTED|[EXTERNAL]|Validation:Employee:a056F00000lJj7Z
07:01:47.0 (691166)|VALIDATION_RULE|03d6F000001EXpW|Resignation_Date_rule
07:01:47.0 (1170938)|VALIDATION_FORMULA|Is_on_Notice_Period__c= true && ISBLANK(Resignation_Date__c)|Is_on_Notice_Period__c=0 , Resignation_Date__c=null
07:01:47.0 (1221174)|VALIDATION_PASS
07:01:47.0 (1243293)|VALIDATION_RULE|03d6F000001EXr8|Restrict_DOB
07:01:47.0 (1584129)|VALIDATION_FORMULA|Age__c  <= 18|Age__c=32
07:01:47.0 (1601338)|VALIDATION_PASS
07:01:47.0 (1607039)|VALIDATION_RULE|03d6F000001EWg3|Check_Dates
07:01:47.0 (1848517)|VALIDATION_FORMULA|Last_Working_Day__c  <  Date_of_Joining__c|Last_Working_Day__c=null , Date_of_Joining__c=2018-10-03 00:00:00
07:01:47.0 (1866326)|VALIDATION_PASS
07:01:47.0 (1872201)|VALIDATION_RULE|03d6F000001EWfy|Notice_Period
07:01:47.0 (2016378)|VALIDATION_FORMULA|Is_on_Notice_Period__c  = true && ISBLANK( Resignation_Date__c )|Is_on_Notice_Period__c=0 , Resignation_Date__c=null
07:01:47.0 (2031406)|VALIDATION_PASS
07:01:47.0 (2222891)|CODE_UNIT_FINISHED|Validation:Employee:a056F00000lJj7Z
07:01:47.0 (2234573)|EXECUTION_FINISHED
07:01:47.43 (43224917)|USER_INFO|[EXTERNAL]|0056F00000ATCAZ|ayman.shaikh@gmail.com|Pacific Standard Time|GMT-07:00
07:01:47.43 (43255551)|EXECUTION_STARTED
07:01:47.43 (43263559)|CODE_UNIT_STARTED|[EXTERNAL]|Workflow:01I6F000002DSKA
07:01:47.43 (61819879)|WF_RULE_EVAL_BEGIN|Workflow
07:01:47.43 (62082196)|WF_CRITERIA_BEGIN|[Employee: EMP-000001 a056F00000lJj7Z]|one to one|01Q6F0000015jKG|ON_ALL_CHANGES|0
07:01:47.43 (64601591)|WF_RULE_FILTER|[Employee : Employees ID not equal to NULL]
07:01:47.43 (64670877)|WF_RULE_EVAL_VALUE|EMP-000001
07:01:47.43 (64793515)|WF_CRITERIA_END|true
07:01:47.43 (76334312)|WF_CRITERIA_BEGIN|[Employee: EMP-000001 a056F00000lJj7Z]|Record deactivated|01Q6F0000015jIy|ON_ALL_CHANGES|0
07:01:47.43 (76716888)|WF_FORMULA|Formula:ENCODED:[treatNullAsNull]NOT({!ID:00N6F00000RfoKy})|Values:Is_Active__c=0
07:01:47.43 (76737831)|WF_CRITERIA_END|true
07:01:47.43 (76823967)|WF_SPOOL_ACTION_BEGIN|Workflow
07:01:47.43 (77176478)|WF_RULE_INVOCATION|[Employee: EMP-000001 a056F00000lJj7Z]
07:01:47.43 (77200619)|WF_EMAIL_ALERT|Id=01W6F000000kHXy|CurrentRule:Record deactivated (Id=01Q6F0000015jIy)
07:01:47.43 (168766781)|WF_EMAIL_SENT|Template:00X6F0000027G3n|Recipients:ayman.shaikh@eternussolutions.com |CcEmails:
07:01:47.43 (168935059)|WF_ACTION| Field Update: 1; Email Alert: 1;
07:01:47.43 (168967193)|WF_RULE_EVAL_END
07:01:47.43 (169201853)|WF_ACTIONS_END| Field Update: 1; Email Alert: 1;
07:01:47.43 (169220284)|CODE_UNIT_FINISHED|Workflow:01I6F000002DSKA
07:01:47.43 (169229463)|EXECUTION_FINISHED
