44.0 APEX_CODE,FINEST;APEX_PROFILING,INFO;CALLOUT,INFO;DB,INFO;NBA,INFO;SYSTEM,DEBUG;VALIDATION,INFO;VISUALFORCE,INFO;WAVE,INFO;WORKFLOW,INFO
Execute Anonymous: ParentClass obj1 =  new ParentClass();
Execute Anonymous: ChildClass obj2 = new ChildClass();
Execute Anonymous: obj1.write();
Execute Anonymous: obj2.write();
Execute Anonymous: obj2.ParentClassAdd();
07:22:36.0 (921722)|USER_INFO|[EXTERNAL]|0056F00000ATCAZ|ayman.shaikh@gmail.com|Pacific Standard Time|GMT-07:00
07:22:36.0 (939896)|EXECUTION_STARTED
07:22:36.0 (943411)|CODE_UNIT_STARTED|[EXTERNAL]|execute_anonymous_apex
07:22:36.0 (1918968)|VARIABLE_SCOPE_BEGIN|[1]|obj1|ParentClass|true|false
07:22:36.0 (2535829)|VARIABLE_SCOPE_BEGIN|[2]|obj2|ChildClass|true|false
07:22:36.0 (2637493)|HEAP_ALLOCATE|[72]|Bytes:3
07:22:36.0 (2665834)|HEAP_ALLOCATE|[77]|Bytes:152
07:22:36.0 (2677930)|HEAP_ALLOCATE|[342]|Bytes:408
07:22:36.0 (2689550)|HEAP_ALLOCATE|[355]|Bytes:408
07:22:36.0 (2700355)|HEAP_ALLOCATE|[467]|Bytes:48
07:22:36.0 (2721710)|HEAP_ALLOCATE|[139]|Bytes:6
07:22:36.0 (2744333)|HEAP_ALLOCATE|[EXTERNAL]|Bytes:9
07:22:36.0 (2785025)|STATEMENT_EXECUTE|[1]
07:22:36.0 (2789798)|STATEMENT_EXECUTE|[1]
07:22:36.0 (2793996)|HEAP_ALLOCATE|[1]|Bytes:3
07:22:36.0 (2801021)|HEAP_ALLOCATE|[1]|Bytes:4
07:22:36.0 (2826770)|METHOD_ENTRY|[1]|01p6F00000MR10y|ParentClass.ParentClass()
07:22:36.0 (2832623)|STATEMENT_EXECUTE|[1]
07:22:36.0 (2836154)|STATEMENT_EXECUTE|[1]
07:22:36.0 (2840467)|METHOD_EXIT|[1]|ParentClass
07:22:36.0 (2853187)|HEAP_ALLOCATE|[1]|Bytes:4
07:22:36.0 (2883721)|HEAP_ALLOCATE|[50]|Bytes:5
07:22:36.0 (2901468)|HEAP_ALLOCATE|[56]|Bytes:5
07:22:36.0 (2908431)|HEAP_ALLOCATE|[64]|Bytes:7
07:22:36.0 (2924724)|SYSTEM_MODE_ENTER|false
07:22:36.0 (2948469)|HEAP_ALLOCATE|[1]|Bytes:5
07:22:36.0 (2958437)|CONSTRUCTOR_ENTRY|[1]|01p6F00000MR10y|<init>()|ParentClass
07:22:36.0 (2982943)|VARIABLE_SCOPE_BEGIN|[1]|this|ParentClass|true|false
07:22:36.0 (3023354)|VARIABLE_ASSIGNMENT|[1]|this|{}|0x3e200db4
07:22:36.0 (3033790)|HEAP_ALLOCATE|[EXTERNAL]|Bytes:6
07:22:36.0 (3085251)|STATEMENT_EXECUTE|[1]
07:22:36.0 (3090352)|CONSTRUCTOR_EXIT|[1]|01p6F00000MR10y|<init>()|ParentClass
07:22:36.0 (3100163)|SYSTEM_MODE_EXIT|false
07:22:36.0 (3117433)|VARIABLE_ASSIGNMENT|[1]|obj1|{}|0x3e200db4
07:22:36.0 (3122958)|STATEMENT_EXECUTE|[2]
07:22:36.0 (3126260)|HEAP_ALLOCATE|[2]|Bytes:1
07:22:36.0 (3130444)|HEAP_ALLOCATE|[2]|Bytes:1
07:22:36.0 (3140029)|METHOD_ENTRY|[1]|01p6F00000MR2GO|ChildClass.ChildClass()
07:22:36.0 (3144914)|STATEMENT_EXECUTE|[1]
07:22:36.0 (3147562)|STATEMENT_EXECUTE|[1]
07:22:36.0 (3150416)|METHOD_EXIT|[1]|ChildClass
07:22:36.0 (3159058)|HEAP_ALLOCATE|[2]|Bytes:4
07:22:36.0 (3178375)|SYSTEM_MODE_ENTER|false
07:22:36.0 (3194751)|HEAP_ALLOCATE|[2]|Bytes:5
07:22:36.0 (3202463)|CONSTRUCTOR_ENTRY|[2]|01p6F00000MR2GO|<init>()|ChildClass
07:22:36.0 (3217250)|VARIABLE_SCOPE_BEGIN|[1]|this|ChildClass|true|false
07:22:36.0 (3232096)|VARIABLE_ASSIGNMENT|[1]|this|{}|0x2f12953b
07:22:36.0 (3239523)|CONSTRUCTOR_ENTRY|[EXTERNAL]|01p6F00000MR10y|<init>()|ParentClass
07:22:36.0 (3247167)|VARIABLE_SCOPE_BEGIN|[1]|this|ParentClass|true|false
07:22:36.0 (3257529)|VARIABLE_ASSIGNMENT|[1]|this|{}|0x2f12953b
07:22:36.0 (3270344)|STATEMENT_EXECUTE|[1]
07:22:36.0 (3273234)|CONSTRUCTOR_EXIT|[EXTERNAL]|01p6F00000MR10y|<init>()|ParentClass
07:22:36.0 (3278115)|STATEMENT_EXECUTE|[1]
07:22:36.0 (3280601)|CONSTRUCTOR_EXIT|[2]|01p6F00000MR2GO|<init>()|ChildClass
07:22:36.0 (3288201)|SYSTEM_MODE_EXIT|false
07:22:36.0 (3300439)|VARIABLE_ASSIGNMENT|[2]|obj2|{}|0x2f12953b
07:22:36.0 (3305195)|STATEMENT_EXECUTE|[3]
07:22:36.0 (3321021)|SYSTEM_MODE_ENTER|false
07:22:36.0 (3330062)|HEAP_ALLOCATE|[3]|Bytes:5
07:22:36.0 (3348181)|METHOD_ENTRY|[3]|01p6F00000MR10y|ParentClass.write()
07:22:36.0 (3368505)|VARIABLE_SCOPE_BEGIN|[3]|this|ParentClass|true|false
07:22:36.0 (3380298)|VARIABLE_ASSIGNMENT|[3]|this|{}|0x3e200db4
07:22:36.0 (3387260)|STATEMENT_EXECUTE|[3]
07:22:36.0 (3388742)|STATEMENT_EXECUTE|[5]
07:22:36.0 (3391656)|HEAP_ALLOCATE|[5]|Bytes:20
07:22:36.0 (3439078)|USER_DEBUG|[5]|DEBUG|This is Parent Class
07:22:36.0 (3449991)|METHOD_EXIT|[3]|01p6F00000MR10y|ParentClass.write()
07:22:36.0 (3455371)|SYSTEM_MODE_EXIT|false
07:22:36.0 (3460471)|STATEMENT_EXECUTE|[4]
07:22:36.0 (3474888)|SYSTEM_MODE_ENTER|false
07:22:36.0 (3484512)|HEAP_ALLOCATE|[4]|Bytes:5
07:22:36.0 (3496736)|METHOD_ENTRY|[4]|01p6F00000MR2GO|ChildClass.write()
07:22:36.0 (3512598)|VARIABLE_SCOPE_BEGIN|[2]|this|ChildClass|true|false
07:22:36.0 (3525619)|VARIABLE_ASSIGNMENT|[2]|this|{}|0x2f12953b
07:22:36.0 (3531945)|STATEMENT_EXECUTE|[2]
07:22:36.0 (3533491)|STATEMENT_EXECUTE|[4]
07:22:36.0 (3551354)|HEAP_ALLOCATE|[4]|Bytes:19
07:22:36.0 (3574859)|USER_DEBUG|[4]|DEBUG|This is ChildClass.
07:22:36.0 (3584100)|METHOD_EXIT|[4]|01p6F00000MR2GO|ChildClass.write()
07:22:36.0 (3589528)|SYSTEM_MODE_EXIT|false
07:22:36.0 (3594339)|STATEMENT_EXECUTE|[5]
07:22:36.0 (3607409)|SYSTEM_MODE_ENTER|false
07:22:36.0 (3617231)|HEAP_ALLOCATE|[5]|Bytes:5
07:22:36.0 (3624681)|METHOD_ENTRY|[5]|01p6F00000MR10y|ParentClass.ParentClassAdd()
07:22:36.0 (3639960)|VARIABLE_SCOPE_BEGIN|[8]|this|ParentClass|true|false
07:22:36.0 (3652209)|VARIABLE_ASSIGNMENT|[8]|this|{}|0x2f12953b
07:22:36.0 (3658591)|STATEMENT_EXECUTE|[8]
07:22:36.0 (3660089)|STATEMENT_EXECUTE|[9]
07:22:36.0 (3663454)|VARIABLE_SCOPE_BEGIN|[9]|IntNum1|Integer|false|false
07:22:36.0 (3673594)|VARIABLE_ASSIGNMENT|[9]|IntNum1|null
07:22:36.0 (3677476)|STATEMENT_EXECUTE|[9]
07:22:36.0 (3679363)|VARIABLE_SCOPE_BEGIN|[9]|IntNum2|Integer|false|false
07:22:36.0 (3686105)|VARIABLE_ASSIGNMENT|[9]|IntNum2|null
07:22:36.0 (3689777)|STATEMENT_EXECUTE|[9]
07:22:36.0 (3692495)|VARIABLE_SCOPE_BEGIN|[9]|IntSum|Integer|false|false
07:22:36.0 (3698433)|HEAP_ALLOCATE|[9]|Bytes:4
07:22:36.0 (3704146)|VARIABLE_ASSIGNMENT|[9]|IntSum|0
07:22:36.0 (3707627)|STATEMENT_EXECUTE|[10]
07:22:36.0 (3847587)|HEAP_ALLOCATE|[10]|Bytes:41
07:22:36.0 (3869646)|METHOD_EXIT|[5]|01p6F00000MR10y|ParentClass.ParentClassAdd()
07:22:36.0 (3878217)|SYSTEM_MODE_EXIT|false
07:22:36.0 (4021905)|FATAL_ERROR|System.NullPointerException: Attempt to de-reference a null object

Class.ParentClass.ParentClassAdd: line 10, column 1
AnonymousBlock: line 5, column 1
AnonymousBlock: line 5, column 1
07:22:36.4 (4065283)|CUMULATIVE_LIMIT_USAGE
07:22:36.4 (4065283)|LIMIT_USAGE_FOR_NS|(default)|
  Number of SOQL queries: 0 out of 100
  Number of query rows: 0 out of 50000
  Number of SOSL queries: 0 out of 20
  Number of DML statements: 0 out of 150
  Number of DML rows: 0 out of 10000
  Maximum CPU time: 0 out of 10000
  Maximum heap size: 0 out of 6000000
  Number of callouts: 0 out of 100
  Number of Email Invocations: 0 out of 10
  Number of future calls: 0 out of 50
  Number of queueable jobs added to the queue: 0 out of 50
  Number of Mobile Apex push calls: 0 out of 10

07:22:36.4 (4065283)|CUMULATIVE_LIMIT_USAGE_END

07:22:36.0 (4104050)|CODE_UNIT_FINISHED|execute_anonymous_apex
07:22:36.0 (5135410)|EXECUTION_FINISHED
