44.0 APEX_CODE,FINEST;APEX_PROFILING,INFO;CALLOUT,INFO;DB,INFO;NBA,INFO;SYSTEM,DEBUG;VALIDATION,INFO;VISUALFORCE,INFO;WAVE,INFO;WORKFLOW,INFO
Execute Anonymous: AccountProgram objAccountProgram = new AccountProgram();
Execute Anonymous: objAccountProgram.queryOnAccount1();
Execute Anonymous: objAccountProgram.queryOnAccount2();
Execute Anonymous: objAccountProgram.queryOnAccount3();
03:21:26.1 (1098308)|USER_INFO|[EXTERNAL]|0056F00000ATCAZ|ayman.shaikh@gmail.com|Pacific Standard Time|GMT-07:00
03:21:26.1 (1118871)|EXECUTION_STARTED
03:21:26.1 (1122802)|CODE_UNIT_STARTED|[EXTERNAL]|execute_anonymous_apex
03:21:26.1 (9383628)|VARIABLE_SCOPE_BEGIN|[1]|objAccountProgram|AccountProgram|true|false
03:21:26.1 (9494599)|HEAP_ALLOCATE|[72]|Bytes:3
03:21:26.1 (9525992)|HEAP_ALLOCATE|[77]|Bytes:152
03:21:26.1 (9538592)|HEAP_ALLOCATE|[342]|Bytes:408
03:21:26.1 (9551532)|HEAP_ALLOCATE|[355]|Bytes:408
03:21:26.1 (9563224)|HEAP_ALLOCATE|[467]|Bytes:48
03:21:26.1 (9587392)|HEAP_ALLOCATE|[139]|Bytes:6
03:21:26.1 (9604749)|HEAP_ALLOCATE|[EXTERNAL]|Bytes:7
03:21:26.1 (9636097)|STATEMENT_EXECUTE|[1]
03:21:26.1 (9638847)|STATEMENT_EXECUTE|[1]
03:21:26.1 (9642785)|HEAP_ALLOCATE|[1]|Bytes:7
03:21:26.1 (9648318)|HEAP_ALLOCATE|[1]|Bytes:15
03:21:26.1 (9672167)|METHOD_ENTRY|[1]|01p6F00000MR33H|AccountProgram.AccountProgram()
03:21:26.1 (9678071)|STATEMENT_EXECUTE|[1]
03:21:26.1 (9682596)|STATEMENT_EXECUTE|[1]
03:21:26.1 (9706886)|HEAP_ALLOCATE|[50]|Bytes:5
03:21:26.1 (9726902)|HEAP_ALLOCATE|[56]|Bytes:5
03:21:26.1 (9736236)|HEAP_ALLOCATE|[64]|Bytes:7
03:21:26.1 (9754034)|SYSTEM_MODE_ENTER|false
03:21:26.1 (9766181)|HEAP_ALLOCATE|[1]|Bytes:5
03:21:26.1 (9772258)|SYSTEM_MODE_EXIT|false
03:21:26.1 (9782253)|METHOD_EXIT|[1]|AccountProgram
03:21:26.1 (9793205)|HEAP_ALLOCATE|[1]|Bytes:4
03:21:26.1 (9815310)|SYSTEM_MODE_ENTER|false
03:21:26.1 (9841483)|HEAP_ALLOCATE|[1]|Bytes:5
03:21:26.1 (9855293)|CONSTRUCTOR_ENTRY|[1]|01p6F00000MR33H|<init>()|AccountProgram
03:21:26.1 (9878651)|VARIABLE_SCOPE_BEGIN|[1]|this|AccountProgram|true|false
03:21:26.1 (9914193)|VARIABLE_ASSIGNMENT|[1]|this|{}|0x639ddcd
03:21:26.1 (9924534)|HEAP_ALLOCATE|[EXTERNAL]|Bytes:5
03:21:26.1 (9932811)|HEAP_ALLOCATE|[EXTERNAL]|Bytes:6
03:21:26.1 (9970490)|STATEMENT_EXECUTE|[1]
03:21:26.1 (9975817)|HEAP_ALLOCATE|[EXTERNAL]|Bytes:5
03:21:26.1 (9985411)|CONSTRUCTOR_EXIT|[1]|01p6F00000MR33H|<init>()|AccountProgram
03:21:26.1 (9992203)|SYSTEM_MODE_EXIT|false
03:21:26.1 (10011771)|VARIABLE_ASSIGNMENT|[1]|objAccountProgram|{}|0x639ddcd
03:21:26.1 (10018730)|STATEMENT_EXECUTE|[2]
03:21:26.1 (10040726)|SYSTEM_MODE_ENTER|false
03:21:26.1 (10056809)|HEAP_ALLOCATE|[2]|Bytes:5
03:21:26.1 (10081078)|METHOD_ENTRY|[2]|01p6F00000MR33H|AccountProgram.queryOnAccount1()
03:21:26.1 (10103470)|VARIABLE_SCOPE_BEGIN|[2]|this|AccountProgram|true|false
03:21:26.1 (10118643)|VARIABLE_ASSIGNMENT|[2]|this|{}|0x639ddcd
03:21:26.1 (10130338)|HEAP_ALLOCATE|[4]|Bytes:5
03:21:26.1 (10134809)|STATEMENT_EXECUTE|[2]
03:21:26.1 (10136717)|STATEMENT_EXECUTE|[4]
03:21:26.1 (10139955)|HEAP_ALLOCATE|[4]|Bytes:24
03:21:26.1 (10157555)|HEAP_ALLOCATE|[4]|Bytes:4
03:21:26.1 (10343661)|SOQL_EXECUTE_BEGIN|[4]|Aggregations:0|SELECT Name FROM Account
03:21:26.1 (14227036)|SOQL_EXECUTE_END|[4]|Rows:14
03:21:26.1 (14253823)|HEAP_ALLOCATE|[4]|Bytes:60
03:21:26.1 (14280059)|HEAP_ALLOCATE|[4]|Bytes:782
03:21:26.1 (14365731)|HEAP_ALLOCATE|[4]|Bytes:60
03:21:26.1 (14381344)|VARIABLE_SCOPE_BEGIN|[4]|AccName1|List<Account>|true|false
03:21:26.1 (14403245)|VARIABLE_ASSIGNMENT|[4]|AccName1|"List of size 14 too large to display"|0x71e80307
03:21:26.1 (14409680)|STATEMENT_EXECUTE|[5]
03:21:26.1 (14414232)|HEAP_ALLOCATE|[5]|Bytes:17
03:21:26.1 (14452914)|USER_DEBUG|[5]|DEBUG|Advanced For Loop
03:21:26.1 (14623354)|HEAP_ALLOCATE|[6]|Bytes:5
03:21:26.1 (14657945)|HEAP_ALLOCATE|[6]|Bytes:12
03:21:26.1 (14668503)|VARIABLE_SCOPE_BEGIN|[6]|acc|Account|true|false
03:21:26.1 (14692119)|VARIABLE_ASSIGNMENT|[6]|acc|{"Name":"sForce","Id":"0016F00002o0fjCQAQ"}|0x588116b0
03:21:26.1 (14698784)|STATEMENT_EXECUTE|[6]
03:21:26.1 (14700944)|STATEMENT_EXECUTE|[7]
03:21:26.1 (14704645)|HEAP_ALLOCATE|[7]|Bytes:13
03:21:26.1 (14784336)|HEAP_ALLOCATE|[7]|Bytes:44
03:21:26.1 (14806241)|HEAP_ALLOCATE|[7]|Bytes:57
03:21:26.1 (14818058)|USER_DEBUG|[7]|DEBUG|Account Name Account:{Name=sForce, Id=0016F00002o0fjCQAQ}
03:21:26.1 (14840313)|HEAP_ALLOCATE|[6]|Bytes:5
03:21:26.1 (14855154)|HEAP_ALLOCATE|[6]|Bytes:12
03:21:26.1 (14862673)|VARIABLE_SCOPE_BEGIN|[6]|acc|Account|true|false
03:21:26.1 (14881551)|VARIABLE_ASSIGNMENT|[6]|acc|{"Name":"University of Arizon (1 more) ...","Id":"0016F00002o0fj8QAA"}|0x4ffc7eb
03:21:26.1 (14887638)|STATEMENT_EXECUTE|[6]
03:21:26.1 (14889539)|STATEMENT_EXECUTE|[7]
03:21:26.1 (14918822)|HEAP_ALLOCATE|[7]|Bytes:59
03:21:26.1 (14932747)|HEAP_ALLOCATE|[7]|Bytes:72
03:21:26.1 (14941708)|USER_DEBUG|[7]|DEBUG|Account Name Account:{Name=University of Arizona, Id=0016F00002o0fj8QAA}
03:21:26.1 (14956688)|HEAP_ALLOCATE|[6]|Bytes:5
03:21:26.1 (14968125)|HEAP_ALLOCATE|[6]|Bytes:12
03:21:26.1 (14975116)|VARIABLE_SCOPE_BEGIN|[6]|acc|Account|true|false
03:21:26.1 (14991988)|VARIABLE_ASSIGNMENT|[6]|acc|{"Name":"United Oil & Gas Cor (2 more) ...","Id":"0016F00002o0fj6QAA"}|0x932b88f
03:21:26.1 (14997615)|STATEMENT_EXECUTE|[6]
03:21:26.1 (14999461)|STATEMENT_EXECUTE|[7]
03:21:26.1 (15024767)|HEAP_ALLOCATE|[7]|Bytes:60
03:21:26.1 (15038663)|HEAP_ALLOCATE|[7]|Bytes:73
03:21:26.1 (15046707)|USER_DEBUG|[7]|DEBUG|Account Name Account:{Name=United Oil & Gas Corp., Id=0016F00002o0fj6QAA}
03:21:26.1 (15060718)|HEAP_ALLOCATE|[6]|Bytes:5
03:21:26.1 (15071593)|HEAP_ALLOCATE|[6]|Bytes:12
03:21:26.1 (15077947)|VARIABLE_SCOPE_BEGIN|[6]|acc|Account|true|false
03:21:26.1 (15092910)|VARIABLE_ASSIGNMENT|[6]|acc|{"Name":"GenePoint","Id":"0016F00002o0fjBQAQ"}|0x104c20ab
03:21:26.1 (15098603)|STATEMENT_EXECUTE|[6]
03:21:26.1 (15100500)|STATEMENT_EXECUTE|[7]
03:21:26.1 (15123866)|HEAP_ALLOCATE|[7]|Bytes:47
03:21:26.1 (15135450)|HEAP_ALLOCATE|[7]|Bytes:60
03:21:26.1 (15142951)|USER_DEBUG|[7]|DEBUG|Account Name Account:{Name=GenePoint, Id=0016F00002o0fjBQAQ}
03:21:26.1 (15156050)|HEAP_ALLOCATE|[6]|Bytes:5
03:21:26.1 (15166371)|HEAP_ALLOCATE|[6]|Bytes:12
03:21:26.1 (15172564)|VARIABLE_SCOPE_BEGIN|[6]|acc|Account|true|false
03:21:26.1 (15187654)|VARIABLE_ASSIGNMENT|[6]|acc|{"Name":"United Oil & Gas, UK","Id":"0016F00002o0fj9QAA"}|0x40288084
03:21:26.1 (15192810)|STATEMENT_EXECUTE|[6]
03:21:26.1 (15194573)|STATEMENT_EXECUTE|[7]
03:21:26.1 (15217178)|HEAP_ALLOCATE|[7]|Bytes:58
03:21:26.1 (15228919)|HEAP_ALLOCATE|[7]|Bytes:71
03:21:26.1 (15236349)|USER_DEBUG|[7]|DEBUG|Account Name Account:{Name=United Oil & Gas, UK, Id=0016F00002o0fj9QAA}
03:21:26.1 (15249596)|HEAP_ALLOCATE|[6]|Bytes:5
03:21:26.1 (15259563)|HEAP_ALLOCATE|[6]|Bytes:12
03:21:26.1 (15265710)|VARIABLE_SCOPE_BEGIN|[6]|acc|Account|true|false
03:21:26.1 (15280951)|VARIABLE_ASSIGNMENT|[6]|acc|{"Name":"United Oil & Gas, Si (7 more) ...","Id":"0016F00002o0fjAQAQ"}|0x3a12d7f5
03:21:26.1 (15286321)|STATEMENT_EXECUTE|[6]
03:21:26.1 (15288067)|STATEMENT_EXECUTE|[7]
03:21:26.1 (15310794)|HEAP_ALLOCATE|[7]|Bytes:65
03:21:26.1 (15322321)|HEAP_ALLOCATE|[7]|Bytes:78
03:21:26.1 (15330140)|USER_DEBUG|[7]|DEBUG|Account Name Account:{Name=United Oil & Gas, Singapore, Id=0016F00002o0fjAQAQ}
03:21:26.1 (15342790)|HEAP_ALLOCATE|[6]|Bytes:5
03:21:26.1 (15352771)|HEAP_ALLOCATE|[6]|Bytes:12
03:21:26.1 (15358881)|VARIABLE_SCOPE_BEGIN|[6]|acc|Account|true|false
03:21:26.1 (15373125)|VARIABLE_ASSIGNMENT|[6]|acc|{"Name":"Edge Communications","Id":"0016F00002o0fj1QAA"}|0x26f8f6f8
03:21:26.1 (15378917)|STATEMENT_EXECUTE|[6]
03:21:26.1 (15380670)|STATEMENT_EXECUTE|[7]
03:21:26.1 (15402729)|HEAP_ALLOCATE|[7]|Bytes:57
03:21:26.1 (15414543)|HEAP_ALLOCATE|[7]|Bytes:70
03:21:26.1 (15422356)|USER_DEBUG|[7]|DEBUG|Account Name Account:{Name=Edge Communications, Id=0016F00002o0fj1QAA}
03:21:26.1 (15435092)|HEAP_ALLOCATE|[6]|Bytes:5
03:21:26.1 (15444790)|HEAP_ALLOCATE|[6]|Bytes:12
03:21:26.1 (15451015)|VARIABLE_SCOPE_BEGIN|[6]|acc|Account|true|false
03:21:26.1 (15466294)|VARIABLE_ASSIGNMENT|[6]|acc|{"Name":"Burlington Textiles  (15 more) ...","Id":"0016F00002o0fj2QAA"}|0x57c0d3f4
03:21:26.1 (15472383)|STATEMENT_EXECUTE|[6]
03:21:26.1 (15474088)|STATEMENT_EXECUTE|[7]
03:21:26.1 (15523129)|HEAP_ALLOCATE|[7]|Bytes:73
03:21:26.1 (15537092)|HEAP_ALLOCATE|[7]|Bytes:86
03:21:26.1 (15544957)|USER_DEBUG|[7]|DEBUG|Account Name Account:{Name=Burlington Textiles Corp of America, Id=0016F00002o0fj2QAA}
03:21:26.1 (15558798)|HEAP_ALLOCATE|[6]|Bytes:5
03:21:26.1 (15569344)|HEAP_ALLOCATE|[6]|Bytes:12
03:21:26.1 (15575518)|VARIABLE_SCOPE_BEGIN|[6]|acc|Account|true|false
03:21:26.1 (15591629)|VARIABLE_ASSIGNMENT|[6]|acc|{"Name":"Pyramid Construction (5 more) ...","Id":"0016F00002o0fj3QAA"}|0x53e84528
03:21:26.1 (15598026)|STATEMENT_EXECUTE|[6]
03:21:26.1 (15599838)|STATEMENT_EXECUTE|[7]
03:21:26.1 (15622245)|HEAP_ALLOCATE|[7]|Bytes:63
03:21:26.1 (15634106)|HEAP_ALLOCATE|[7]|Bytes:76
03:21:26.1 (15641590)|USER_DEBUG|[7]|DEBUG|Account Name Account:{Name=Pyramid Construction Inc., Id=0016F00002o0fj3QAA}
03:21:26.1 (15655214)|HEAP_ALLOCATE|[6]|Bytes:5
03:21:26.1 (15665782)|HEAP_ALLOCATE|[6]|Bytes:12
03:21:26.1 (15671911)|VARIABLE_SCOPE_BEGIN|[6]|acc|Account|true|false
03:21:26.1 (15686428)|VARIABLE_ASSIGNMENT|[6]|acc|{"Name":"Dickenson plc","Id":"0016F00002o0fj4QAA"}|0x7f698ddf
03:21:26.1 (15691860)|STATEMENT_EXECUTE|[6]
03:21:26.1 (15693599)|STATEMENT_EXECUTE|[7]
03:21:26.1 (15715416)|HEAP_ALLOCATE|[7]|Bytes:51
03:21:26.1 (15727094)|HEAP_ALLOCATE|[7]|Bytes:64
03:21:26.1 (15734427)|USER_DEBUG|[7]|DEBUG|Account Name Account:{Name=Dickenson plc, Id=0016F00002o0fj4QAA}
03:21:26.1 (15747413)|HEAP_ALLOCATE|[6]|Bytes:5
03:21:26.1 (15757389)|HEAP_ALLOCATE|[6]|Bytes:12
03:21:26.1 (15763195)|VARIABLE_SCOPE_BEGIN|[6]|acc|Account|true|false
03:21:26.1 (15778627)|VARIABLE_ASSIGNMENT|[6]|acc|{"Name":"Grand Hotels & Resor (6 more) ...","Id":"0016F00002o0fj5QAA"}|0x1e47ebfc
03:21:26.1 (15784296)|STATEMENT_EXECUTE|[6]
03:21:26.1 (15786054)|STATEMENT_EXECUTE|[7]
03:21:26.1 (15807593)|HEAP_ALLOCATE|[7]|Bytes:64
03:21:26.1 (15819766)|HEAP_ALLOCATE|[7]|Bytes:77
03:21:26.1 (15827467)|USER_DEBUG|[7]|DEBUG|Account Name Account:{Name=Grand Hotels & Resorts Ltd, Id=0016F00002o0fj5QAA}
03:21:26.1 (15846286)|HEAP_ALLOCATE|[6]|Bytes:5
03:21:26.1 (15856922)|HEAP_ALLOCATE|[6]|Bytes:12
03:21:26.1 (15863307)|VARIABLE_SCOPE_BEGIN|[6]|acc|Account|true|false
03:21:26.1 (15878870)|VARIABLE_ASSIGNMENT|[6]|acc|{"Name":"Express Logistics an (11 more) ...","Id":"0016F00002o0fj7QAA"}|0x4fc9d4b3
03:21:26.1 (15884478)|STATEMENT_EXECUTE|[6]
03:21:26.1 (15886252)|STATEMENT_EXECUTE|[7]
03:21:26.1 (15909398)|HEAP_ALLOCATE|[7]|Bytes:69
03:21:26.1 (15921252)|HEAP_ALLOCATE|[7]|Bytes:82
03:21:26.1 (15929325)|USER_DEBUG|[7]|DEBUG|Account Name Account:{Name=Express Logistics and Transport, Id=0016F00002o0fj7QAA}
03:21:26.1 (15942165)|HEAP_ALLOCATE|[6]|Bytes:5
03:21:26.1 (15952215)|HEAP_ALLOCATE|[6]|Bytes:12
03:21:26.1 (15958081)|VARIABLE_SCOPE_BEGIN|[6]|acc|Account|true|false
03:21:26.1 (15971763)|VARIABLE_ASSIGNMENT|[6]|acc|{"Name":"Almas","Id":"0016F00002vJCC2QAO"}|0x5e991967
03:21:26.1 (15977668)|STATEMENT_EXECUTE|[6]
03:21:26.1 (15979546)|STATEMENT_EXECUTE|[7]
03:21:26.1 (16001992)|HEAP_ALLOCATE|[7]|Bytes:43
03:21:26.1 (16014321)|HEAP_ALLOCATE|[7]|Bytes:56
03:21:26.1 (16022058)|USER_DEBUG|[7]|DEBUG|Account Name Account:{Name=Almas, Id=0016F00002vJCC2QAO}
03:21:26.1 (16035130)|HEAP_ALLOCATE|[6]|Bytes:5
03:21:26.1 (16044939)|HEAP_ALLOCATE|[6]|Bytes:12
03:21:26.1 (16050708)|VARIABLE_SCOPE_BEGIN|[6]|acc|Account|true|false
03:21:26.1 (16063882)|VARIABLE_ASSIGNMENT|[6]|acc|{"Name":"Ketki","Id":"0016F00002sP67wQAC"}|0x6d2d701e
03:21:26.1 (16069437)|STATEMENT_EXECUTE|[6]
03:21:26.1 (16071267)|STATEMENT_EXECUTE|[7]
03:21:26.1 (16092660)|HEAP_ALLOCATE|[7]|Bytes:43
03:21:26.1 (16104138)|HEAP_ALLOCATE|[7]|Bytes:56
03:21:26.1 (16111467)|USER_DEBUG|[7]|DEBUG|Account Name Account:{Name=Ketki, Id=0016F00002sP67wQAC}
03:21:26.1 (16124075)|HEAP_ALLOCATE|[6]|Bytes:5
03:21:26.1 (16136305)|VARIABLE_ASSIGNMENT|[6]|acc|null|
03:21:26.1 (16147461)|METHOD_EXIT|[2]|01p6F00000MR33H|AccountProgram.queryOnAccount1()
03:21:26.1 (16154247)|SYSTEM_MODE_EXIT|false
03:21:26.1 (16162111)|STATEMENT_EXECUTE|[3]
03:21:26.1 (16193323)|SYSTEM_MODE_ENTER|false
03:21:26.1 (16206936)|HEAP_ALLOCATE|[3]|Bytes:5
03:21:26.1 (16219806)|METHOD_ENTRY|[3]|01p6F00000MR33H|AccountProgram.queryOnAccount2()
03:21:26.1 (16241630)|VARIABLE_SCOPE_BEGIN|[12]|this|AccountProgram|true|false
03:21:26.1 (16260161)|VARIABLE_ASSIGNMENT|[12]|this|{}|0x639ddcd
03:21:26.1 (16271250)|HEAP_ALLOCATE|[14]|Bytes:5
03:21:26.1 (16275737)|STATEMENT_EXECUTE|[12]
03:21:26.1 (16277585)|STATEMENT_EXECUTE|[14]
03:21:26.1 (16291614)|HEAP_ALLOCATE|[14]|Bytes:4
03:21:26.1 (16395406)|SOQL_EXECUTE_BEGIN|[14]|Aggregations:0|SELECT Name FROM Account
03:21:26.1 (19007240)|SOQL_EXECUTE_END|[14]|Rows:14
03:21:26.1 (19032929)|HEAP_ALLOCATE|[14]|Bytes:60
03:21:26.1 (19058684)|HEAP_ALLOCATE|[14]|Bytes:782
03:21:26.1 (19087302)|HEAP_ALLOCATE|[14]|Bytes:60
03:21:26.1 (19099272)|VARIABLE_SCOPE_BEGIN|[14]|AccName2|List<Account>|true|false
03:21:26.1 (19117713)|VARIABLE_ASSIGNMENT|[14]|AccName2|"List of size 14 too large to display"|0x77f99fb5
03:21:26.1 (19123771)|STATEMENT_EXECUTE|[15]
03:21:26.1 (19128284)|HEAP_ALLOCATE|[15]|Bytes:20
03:21:26.1 (19155282)|USER_DEBUG|[15]|DEBUG|Traditional For Loop
03:21:26.1 (19165268)|STATEMENT_EXECUTE|[16]
03:21:26.1 (19169374)|VARIABLE_SCOPE_BEGIN|[16]|i|Integer|false|false
03:21:26.1 (19179563)|VARIABLE_ASSIGNMENT|[16]|i|null
03:21:26.1 (19208241)|STATEMENT_EXECUTE|[17]
03:21:26.1 (19217210)|METHOD_EXIT|[3]|01p6F00000MR33H|AccountProgram.queryOnAccount2()
03:21:26.1 (19224473)|SYSTEM_MODE_EXIT|false
03:21:26.1 (19231595)|STATEMENT_EXECUTE|[4]
03:21:26.1 (19258071)|SYSTEM_MODE_ENTER|false
03:21:26.1 (19272274)|HEAP_ALLOCATE|[4]|Bytes:5
03:21:26.1 (19284569)|METHOD_ENTRY|[4]|01p6F00000MR33H|AccountProgram.queryOnAccount3()
03:21:26.1 (19307390)|VARIABLE_SCOPE_BEGIN|[22]|this|AccountProgram|true|false
03:21:26.1 (19326609)|VARIABLE_ASSIGNMENT|[22]|this|{}|0x639ddcd
03:21:26.1 (19338920)|HEAP_ALLOCATE|[24]|Bytes:5
03:21:26.1 (19343720)|STATEMENT_EXECUTE|[22]
03:21:26.1 (19345476)|STATEMENT_EXECUTE|[24]
03:21:26.1 (19358917)|HEAP_ALLOCATE|[24]|Bytes:4
03:21:26.1 (19456421)|SOQL_EXECUTE_BEGIN|[24]|Aggregations:0|SELECT Name FROM Account
03:21:26.1 (26676628)|SOQL_EXECUTE_END|[24]|Rows:14
03:21:26.1 (26707139)|HEAP_ALLOCATE|[24]|Bytes:60
03:21:26.1 (26735970)|HEAP_ALLOCATE|[24]|Bytes:782
03:21:26.1 (26766016)|HEAP_ALLOCATE|[24]|Bytes:60
03:21:26.1 (26783284)|VARIABLE_SCOPE_BEGIN|[24]|AccName3|List<Account>|true|false
03:21:26.1 (26807902)|VARIABLE_ASSIGNMENT|[24]|AccName3|"List of size 14 too large to display"|0x2fefa871
03:21:26.1 (26814691)|STATEMENT_EXECUTE|[25]
03:21:26.1 (26822262)|VARIABLE_SCOPE_BEGIN|[25]|i|Integer|false|false
03:21:26.1 (26830291)|HEAP_ALLOCATE|[25]|Bytes:4
03:21:26.1 (26840574)|VARIABLE_ASSIGNMENT|[25]|i|0
03:21:26.1 (26845239)|STATEMENT_EXECUTE|[26]
03:21:26.1 (26849970)|HEAP_ALLOCATE|[26]|Bytes:10
03:21:26.1 (26889509)|USER_DEBUG|[26]|DEBUG|While Loop
03:21:26.1 (26933667)|STATEMENT_EXECUTE|[27]
03:21:26.1 (26935891)|STATEMENT_EXECUTE|[28]
03:21:26.1 (26939633)|HEAP_ALLOCATE|[28]|Bytes:12
03:21:26.1 (27059351)|HEAP_ALLOCATE|[28]|Bytes:602
03:21:26.1 (27079420)|HEAP_ALLOCATE|[28]|Bytes:614
03:21:26.1 (27090811)|USER_DEBUG|[28]|DEBUG|Account Name(Account:{Name=sForce, Id=0016F00002o0fjCQAQ}, Account:{Name=University of Arizona, Id=0016F00002o0fj8QAA}, Account:{Name=United Oil & Gas Corp., Id=0016F00002o0fj6QAA}, Account:{Name=GenePoint, Id=0016F00002o0fjBQAQ}, Account:{Name=United Oil & Gas, UK, Id=0016F00002o0fj9QAA}, Account:{Name=United Oil & Gas, Singapore, Id=0016F00002o0fjAQAQ}, Account:{Name=Edge Communications, Id=0016F00002o0fj1QAA}, Account:{Name=Burlington Textiles Corp of America, Id=0016F00002o0fj2QAA}, Account:{Name=Pyramid Construction Inc., Id=0016F00002o0fj3QAA}, Account:{Name=Dickenson plc, Id=0016F00002o0fj4QAA}, ...)
03:21:26.1 (27105712)|STATEMENT_EXECUTE|[29]
03:21:26.1 (27109375)|HEAP_ALLOCATE|[29]|Bytes:4
03:21:26.1 (27119393)|VARIABLE_ASSIGNMENT|[29]|i|1
03:21:26.1 (27134254)|STATEMENT_EXECUTE|[27]
03:21:26.1 (27136299)|STATEMENT_EXECUTE|[28]
03:21:26.1 (27203994)|HEAP_ALLOCATE|[28]|Bytes:602
03:21:26.1 (27226804)|HEAP_ALLOCATE|[28]|Bytes:614
03:21:26.1 (27238583)|USER_DEBUG|[28]|DEBUG|Account Name(Account:{Name=sForce, Id=0016F00002o0fjCQAQ}, Account:{Name=University of Arizona, Id=0016F00002o0fj8QAA}, Account:{Name=United Oil & Gas Corp., Id=0016F00002o0fj6QAA}, Account:{Name=GenePoint, Id=0016F00002o0fjBQAQ}, Account:{Name=United Oil & Gas, UK, Id=0016F00002o0fj9QAA}, Account:{Name=United Oil & Gas, Singapore, Id=0016F00002o0fjAQAQ}, Account:{Name=Edge Communications, Id=0016F00002o0fj1QAA}, Account:{Name=Burlington Textiles Corp of America, Id=0016F00002o0fj2QAA}, Account:{Name=Pyramid Construction Inc., Id=0016F00002o0fj3QAA}, Account:{Name=Dickenson plc, Id=0016F00002o0fj4QAA}, ...)
03:21:26.1 (27257754)|STATEMENT_EXECUTE|[29]
03:21:26.1 (27261032)|HEAP_ALLOCATE|[29]|Bytes:4
03:21:26.1 (27269469)|VARIABLE_ASSIGNMENT|[29]|i|2
03:21:26.1 (27282171)|STATEMENT_EXECUTE|[27]
03:21:26.1 (27284055)|STATEMENT_EXECUTE|[28]
03:21:26.1 (27348563)|HEAP_ALLOCATE|[28]|Bytes:602
03:21:26.1 (27361780)|HEAP_ALLOCATE|[28]|Bytes:614
03:21:26.1 (27369671)|USER_DEBUG|[28]|DEBUG|Account Name(Account:{Name=sForce, Id=0016F00002o0fjCQAQ}, Account:{Name=University of Arizona, Id=0016F00002o0fj8QAA}, Account:{Name=United Oil & Gas Corp., Id=0016F00002o0fj6QAA}, Account:{Name=GenePoint, Id=0016F00002o0fjBQAQ}, Account:{Name=United Oil & Gas, UK, Id=0016F00002o0fj9QAA}, Account:{Name=United Oil & Gas, Singapore, Id=0016F00002o0fjAQAQ}, Account:{Name=Edge Communications, Id=0016F00002o0fj1QAA}, Account:{Name=Burlington Textiles Corp of America, Id=0016F00002o0fj2QAA}, Account:{Name=Pyramid Construction Inc., Id=0016F00002o0fj3QAA}, Account:{Name=Dickenson plc, Id=0016F00002o0fj4QAA}, ...)
03:21:26.1 (27382338)|STATEMENT_EXECUTE|[29]
03:21:26.1 (27384772)|HEAP_ALLOCATE|[29]|Bytes:4
03:21:26.1 (27391179)|VARIABLE_ASSIGNMENT|[29]|i|3
03:21:26.1 (27402332)|STATEMENT_EXECUTE|[27]
03:21:26.1 (27404189)|STATEMENT_EXECUTE|[28]
03:21:26.1 (27462398)|HEAP_ALLOCATE|[28]|Bytes:602
03:21:26.1 (27474924)|HEAP_ALLOCATE|[28]|Bytes:614
03:21:26.1 (27482357)|USER_DEBUG|[28]|DEBUG|Account Name(Account:{Name=sForce, Id=0016F00002o0fjCQAQ}, Account:{Name=University of Arizona, Id=0016F00002o0fj8QAA}, Account:{Name=United Oil & Gas Corp., Id=0016F00002o0fj6QAA}, Account:{Name=GenePoint, Id=0016F00002o0fjBQAQ}, Account:{Name=United Oil & Gas, UK, Id=0016F00002o0fj9QAA}, Account:{Name=United Oil & Gas, Singapore, Id=0016F00002o0fjAQAQ}, Account:{Name=Edge Communications, Id=0016F00002o0fj1QAA}, Account:{Name=Burlington Textiles Corp of America, Id=0016F00002o0fj2QAA}, Account:{Name=Pyramid Construction Inc., Id=0016F00002o0fj3QAA}, Account:{Name=Dickenson plc, Id=0016F00002o0fj4QAA}, ...)
03:21:26.1 (27494420)|STATEMENT_EXECUTE|[29]
03:21:26.1 (27496871)|HEAP_ALLOCATE|[29]|Bytes:4
03:21:26.1 (27503057)|VARIABLE_ASSIGNMENT|[29]|i|4
03:21:26.1 (27513954)|STATEMENT_EXECUTE|[27]
03:21:26.1 (27515812)|STATEMENT_EXECUTE|[28]
03:21:26.1 (27574404)|HEAP_ALLOCATE|[28]|Bytes:602
03:21:26.1 (27586854)|HEAP_ALLOCATE|[28]|Bytes:614
03:21:26.1 (27593996)|USER_DEBUG|[28]|DEBUG|Account Name(Account:{Name=sForce, Id=0016F00002o0fjCQAQ}, Account:{Name=University of Arizona, Id=0016F00002o0fj8QAA}, Account:{Name=United Oil & Gas Corp., Id=0016F00002o0fj6QAA}, Account:{Name=GenePoint, Id=0016F00002o0fjBQAQ}, Account:{Name=United Oil & Gas, UK, Id=0016F00002o0fj9QAA}, Account:{Name=United Oil & Gas, Singapore, Id=0016F00002o0fjAQAQ}, Account:{Name=Edge Communications, Id=0016F00002o0fj1QAA}, Account:{Name=Burlington Textiles Corp of America, Id=0016F00002o0fj2QAA}, Account:{Name=Pyramid Construction Inc., Id=0016F00002o0fj3QAA}, Account:{Name=Dickenson plc, Id=0016F00002o0fj4QAA}, ...)
03:21:26.1 (27606705)|STATEMENT_EXECUTE|[29]
03:21:26.1 (27609093)|HEAP_ALLOCATE|[29]|Bytes:4
03:21:26.1 (27615916)|VARIABLE_ASSIGNMENT|[29]|i|5
03:21:26.1 (27626573)|STATEMENT_EXECUTE|[27]
03:21:26.1 (27628328)|STATEMENT_EXECUTE|[28]
03:21:26.1 (27686044)|HEAP_ALLOCATE|[28]|Bytes:602
03:21:26.1 (27698158)|HEAP_ALLOCATE|[28]|Bytes:614
03:21:26.1 (27705241)|USER_DEBUG|[28]|DEBUG|Account Name(Account:{Name=sForce, Id=0016F00002o0fjCQAQ}, Account:{Name=University of Arizona, Id=0016F00002o0fj8QAA}, Account:{Name=United Oil & Gas Corp., Id=0016F00002o0fj6QAA}, Account:{Name=GenePoint, Id=0016F00002o0fjBQAQ}, Account:{Name=United Oil & Gas, UK, Id=0016F00002o0fj9QAA}, Account:{Name=United Oil & Gas, Singapore, Id=0016F00002o0fjAQAQ}, Account:{Name=Edge Communications, Id=0016F00002o0fj1QAA}, Account:{Name=Burlington Textiles Corp of America, Id=0016F00002o0fj2QAA}, Account:{Name=Pyramid Construction Inc., Id=0016F00002o0fj3QAA}, Account:{Name=Dickenson plc, Id=0016F00002o0fj4QAA}, ...)
03:21:26.1 (27717713)|STATEMENT_EXECUTE|[29]
03:21:26.1 (27720064)|HEAP_ALLOCATE|[29]|Bytes:4
03:21:26.1 (27726210)|VARIABLE_ASSIGNMENT|[29]|i|6
03:21:26.1 (27736624)|STATEMENT_EXECUTE|[27]
03:21:26.1 (27738398)|STATEMENT_EXECUTE|[28]
03:21:26.1 (27795403)|HEAP_ALLOCATE|[28]|Bytes:602
03:21:26.1 (27807710)|HEAP_ALLOCATE|[28]|Bytes:614
03:21:26.1 (27814624)|USER_DEBUG|[28]|DEBUG|Account Name(Account:{Name=sForce, Id=0016F00002o0fjCQAQ}, Account:{Name=University of Arizona, Id=0016F00002o0fj8QAA}, Account:{Name=United Oil & Gas Corp., Id=0016F00002o0fj6QAA}, Account:{Name=GenePoint, Id=0016F00002o0fjBQAQ}, Account:{Name=United Oil & Gas, UK, Id=0016F00002o0fj9QAA}, Account:{Name=United Oil & Gas, Singapore, Id=0016F00002o0fjAQAQ}, Account:{Name=Edge Communications, Id=0016F00002o0fj1QAA}, Account:{Name=Burlington Textiles Corp of America, Id=0016F00002o0fj2QAA}, Account:{Name=Pyramid Construction Inc., Id=0016F00002o0fj3QAA}, Account:{Name=Dickenson plc, Id=0016F00002o0fj4QAA}, ...)
03:21:26.1 (27833429)|STATEMENT_EXECUTE|[29]
03:21:26.1 (27837472)|HEAP_ALLOCATE|[29]|Bytes:4
03:21:26.1 (27848785)|VARIABLE_ASSIGNMENT|[29]|i|7
03:21:26.1 (27867525)|STATEMENT_EXECUTE|[27]
03:21:26.1 (27869566)|STATEMENT_EXECUTE|[28]
03:21:26.1 (27938751)|HEAP_ALLOCATE|[28]|Bytes:602
03:21:26.1 (27952862)|HEAP_ALLOCATE|[28]|Bytes:614
03:21:26.1 (27961122)|USER_DEBUG|[28]|DEBUG|Account Name(Account:{Name=sForce, Id=0016F00002o0fjCQAQ}, Account:{Name=University of Arizona, Id=0016F00002o0fj8QAA}, Account:{Name=United Oil & Gas Corp., Id=0016F00002o0fj6QAA}, Account:{Name=GenePoint, Id=0016F00002o0fjBQAQ}, Account:{Name=United Oil & Gas, UK, Id=0016F00002o0fj9QAA}, Account:{Name=United Oil & Gas, Singapore, Id=0016F00002o0fjAQAQ}, Account:{Name=Edge Communications, Id=0016F00002o0fj1QAA}, Account:{Name=Burlington Textiles Corp of America, Id=0016F00002o0fj2QAA}, Account:{Name=Pyramid Construction Inc., Id=0016F00002o0fj3QAA}, Account:{Name=Dickenson plc, Id=0016F00002o0fj4QAA}, ...)
03:21:26.1 (27973765)|STATEMENT_EXECUTE|[29]
03:21:26.1 (27976180)|HEAP_ALLOCATE|[29]|Bytes:4
03:21:26.1 (27982956)|VARIABLE_ASSIGNMENT|[29]|i|8
03:21:26.1 (27994263)|STATEMENT_EXECUTE|[27]
03:21:26.1 (27996244)|STATEMENT_EXECUTE|[28]
03:21:26.1 (28053652)|HEAP_ALLOCATE|[28]|Bytes:602
03:21:26.1 (28066686)|HEAP_ALLOCATE|[28]|Bytes:614
03:21:26.1 (28074051)|USER_DEBUG|[28]|DEBUG|Account Name(Account:{Name=sForce, Id=0016F00002o0fjCQAQ}, Account:{Name=University of Arizona, Id=0016F00002o0fj8QAA}, Account:{Name=United Oil & Gas Corp., Id=0016F00002o0fj6QAA}, Account:{Name=GenePoint, Id=0016F00002o0fjBQAQ}, Account:{Name=United Oil & Gas, UK, Id=0016F00002o0fj9QAA}, Account:{Name=United Oil & Gas, Singapore, Id=0016F00002o0fjAQAQ}, Account:{Name=Edge Communications, Id=0016F00002o0fj1QAA}, Account:{Name=Burlington Textiles Corp of America, Id=0016F00002o0fj2QAA}, Account:{Name=Pyramid Construction Inc., Id=0016F00002o0fj3QAA}, Account:{Name=Dickenson plc, Id=0016F00002o0fj4QAA}, ...)
03:21:26.1 (28086365)|STATEMENT_EXECUTE|[29]
03:21:26.1 (28088972)|HEAP_ALLOCATE|[29]|Bytes:4
03:21:26.1 (28095265)|VARIABLE_ASSIGNMENT|[29]|i|9
03:21:26.1 (28106133)|STATEMENT_EXECUTE|[27]
03:21:26.1 (28107931)|STATEMENT_EXECUTE|[28]
03:21:26.1 (28165122)|HEAP_ALLOCATE|[28]|Bytes:602
03:21:26.1 (28177136)|HEAP_ALLOCATE|[28]|Bytes:614
03:21:26.1 (28184416)|USER_DEBUG|[28]|DEBUG|Account Name(Account:{Name=sForce, Id=0016F00002o0fjCQAQ}, Account:{Name=University of Arizona, Id=0016F00002o0fj8QAA}, Account:{Name=United Oil & Gas Corp., Id=0016F00002o0fj6QAA}, Account:{Name=GenePoint, Id=0016F00002o0fjBQAQ}, Account:{Name=United Oil & Gas, UK, Id=0016F00002o0fj9QAA}, Account:{Name=United Oil & Gas, Singapore, Id=0016F00002o0fjAQAQ}, Account:{Name=Edge Communications, Id=0016F00002o0fj1QAA}, Account:{Name=Burlington Textiles Corp of America, Id=0016F00002o0fj2QAA}, Account:{Name=Pyramid Construction Inc., Id=0016F00002o0fj3QAA}, Account:{Name=Dickenson plc, Id=0016F00002o0fj4QAA}, ...)
03:21:26.1 (28196031)|STATEMENT_EXECUTE|[29]
03:21:26.1 (28198470)|HEAP_ALLOCATE|[29]|Bytes:4
03:21:26.1 (28204835)|VARIABLE_ASSIGNMENT|[29]|i|10
03:21:26.1 (28215857)|STATEMENT_EXECUTE|[27]
03:21:26.1 (28217693)|STATEMENT_EXECUTE|[28]
03:21:26.1 (28274593)|HEAP_ALLOCATE|[28]|Bytes:602
03:21:26.1 (28286954)|HEAP_ALLOCATE|[28]|Bytes:614
03:21:26.1 (28294036)|USER_DEBUG|[28]|DEBUG|Account Name(Account:{Name=sForce, Id=0016F00002o0fjCQAQ}, Account:{Name=University of Arizona, Id=0016F00002o0fj8QAA}, Account:{Name=United Oil & Gas Corp., Id=0016F00002o0fj6QAA}, Account:{Name=GenePoint, Id=0016F00002o0fjBQAQ}, Account:{Name=United Oil & Gas, UK, Id=0016F00002o0fj9QAA}, Account:{Name=United Oil & Gas, Singapore, Id=0016F00002o0fjAQAQ}, Account:{Name=Edge Communications, Id=0016F00002o0fj1QAA}, Account:{Name=Burlington Textiles Corp of America, Id=0016F00002o0fj2QAA}, Account:{Name=Pyramid Construction Inc., Id=0016F00002o0fj3QAA}, Account:{Name=Dickenson plc, Id=0016F00002o0fj4QAA}, ...)
03:21:26.1 (28305429)|STATEMENT_EXECUTE|[29]
03:21:26.1 (28308096)|HEAP_ALLOCATE|[29]|Bytes:4
03:21:26.1 (28314461)|VARIABLE_ASSIGNMENT|[29]|i|11
03:21:26.1 (28325366)|STATEMENT_EXECUTE|[27]
03:21:26.1 (28327162)|STATEMENT_EXECUTE|[28]
03:21:26.1 (28383552)|HEAP_ALLOCATE|[28]|Bytes:602
03:21:26.1 (28395715)|HEAP_ALLOCATE|[28]|Bytes:614
03:21:26.1 (28402775)|USER_DEBUG|[28]|DEBUG|Account Name(Account:{Name=sForce, Id=0016F00002o0fjCQAQ}, Account:{Name=University of Arizona, Id=0016F00002o0fj8QAA}, Account:{Name=United Oil & Gas Corp., Id=0016F00002o0fj6QAA}, Account:{Name=GenePoint, Id=0016F00002o0fjBQAQ}, Account:{Name=United Oil & Gas, UK, Id=0016F00002o0fj9QAA}, Account:{Name=United Oil & Gas, Singapore, Id=0016F00002o0fjAQAQ}, Account:{Name=Edge Communications, Id=0016F00002o0fj1QAA}, Account:{Name=Burlington Textiles Corp of America, Id=0016F00002o0fj2QAA}, Account:{Name=Pyramid Construction Inc., Id=0016F00002o0fj3QAA}, Account:{Name=Dickenson plc, Id=0016F00002o0fj4QAA}, ...)
03:21:26.1 (28414528)|STATEMENT_EXECUTE|[29]
03:21:26.1 (28416938)|HEAP_ALLOCATE|[29]|Bytes:4
03:21:26.1 (28423307)|VARIABLE_ASSIGNMENT|[29]|i|12
03:21:26.1 (28434401)|STATEMENT_EXECUTE|[27]
03:21:26.1 (28436232)|STATEMENT_EXECUTE|[28]
03:21:26.1 (28492778)|HEAP_ALLOCATE|[28]|Bytes:602
03:21:26.1 (28504965)|HEAP_ALLOCATE|[28]|Bytes:614
03:21:26.1 (28512014)|USER_DEBUG|[28]|DEBUG|Account Name(Account:{Name=sForce, Id=0016F00002o0fjCQAQ}, Account:{Name=University of Arizona, Id=0016F00002o0fj8QAA}, Account:{Name=United Oil & Gas Corp., Id=0016F00002o0fj6QAA}, Account:{Name=GenePoint, Id=0016F00002o0fjBQAQ}, Account:{Name=United Oil & Gas, UK, Id=0016F00002o0fj9QAA}, Account:{Name=United Oil & Gas, Singapore, Id=0016F00002o0fjAQAQ}, Account:{Name=Edge Communications, Id=0016F00002o0fj1QAA}, Account:{Name=Burlington Textiles Corp of America, Id=0016F00002o0fj2QAA}, Account:{Name=Pyramid Construction Inc., Id=0016F00002o0fj3QAA}, Account:{Name=Dickenson plc, Id=0016F00002o0fj4QAA}, ...)
03:21:26.1 (28523815)|STATEMENT_EXECUTE|[29]
03:21:26.1 (28526186)|HEAP_ALLOCATE|[29]|Bytes:4
03:21:26.1 (28532253)|VARIABLE_ASSIGNMENT|[29]|i|13
03:21:26.1 (28545340)|STATEMENT_EXECUTE|[27]
03:21:26.1 (28548212)|STATEMENT_EXECUTE|[28]
03:21:26.1 (28625374)|HEAP_ALLOCATE|[28]|Bytes:602
03:21:26.1 (28646158)|HEAP_ALLOCATE|[28]|Bytes:614
03:21:26.1 (28659470)|USER_DEBUG|[28]|DEBUG|Account Name(Account:{Name=sForce, Id=0016F00002o0fjCQAQ}, Account:{Name=University of Arizona, Id=0016F00002o0fj8QAA}, Account:{Name=United Oil & Gas Corp., Id=0016F00002o0fj6QAA}, Account:{Name=GenePoint, Id=0016F00002o0fjBQAQ}, Account:{Name=United Oil & Gas, UK, Id=0016F00002o0fj9QAA}, Account:{Name=United Oil & Gas, Singapore, Id=0016F00002o0fjAQAQ}, Account:{Name=Edge Communications, Id=0016F00002o0fj1QAA}, Account:{Name=Burlington Textiles Corp of America, Id=0016F00002o0fj2QAA}, Account:{Name=Pyramid Construction Inc., Id=0016F00002o0fj3QAA}, Account:{Name=Dickenson plc, Id=0016F00002o0fj4QAA}, ...)
03:21:26.1 (28678936)|STATEMENT_EXECUTE|[29]
03:21:26.1 (28682039)|HEAP_ALLOCATE|[29]|Bytes:4
03:21:26.1 (28690523)|VARIABLE_ASSIGNMENT|[29]|i|14
03:21:26.1 (28713396)|METHOD_EXIT|[4]|01p6F00000MR33H|AccountProgram.queryOnAccount3()
03:21:26.1 (28720499)|SYSTEM_MODE_EXIT|false
03:21:26.28 (28758634)|CUMULATIVE_LIMIT_USAGE
03:21:26.28 (28758634)|LIMIT_USAGE_FOR_NS|(default)|
  Number of SOQL queries: 3 out of 100
  Number of query rows: 42 out of 50000
  Number of SOSL queries: 0 out of 20
  Number of DML statements: 0 out of 150
  Number of DML rows: 0 out of 10000
  Maximum CPU time: 0 out of 10000
  Maximum heap size: 0 out of 6000000
  Number of callouts: 0 out of 100
  Number of Email Invocations: 0 out of 10
  Number of future calls: 0 out of 50
  Number of queueable jobs added to the queue: 0 out of 50
  Number of Mobile Apex push calls: 0 out of 10

03:21:26.28 (28758634)|CUMULATIVE_LIMIT_USAGE_END

03:21:26.1 (28795426)|CODE_UNIT_FINISHED|execute_anonymous_apex
03:21:26.1 (30410038)|EXECUTION_FINISHED
