43.0 APEX_CODE,FINEST;APEX_PROFILING,INFO;CALLOUT,INFO;DB,INFO;NBA,INFO;SYSTEM,DEBUG;VALIDATION,INFO;VISUALFORCE,INFO;WAVE,INFO;WORKFLOW,INFO
Execute Anonymous: Array_Operations objArrayOpp = new Array_Operations();
Execute Anonymous: Integer num = 0;
Execute Anonymous: objArrayOpp.Duplicate();
07:55:25.27 (27770588)|USER_INFO|[EXTERNAL]|0056F00000ATCAZ|ayman.shaikh@gmail.com|Pacific Standard Time|GMT-07:00
07:55:25.27 (27793295)|EXECUTION_STARTED
07:55:25.27 (27798624)|CODE_UNIT_STARTED|[EXTERNAL]|execute_anonymous_apex
07:55:25.27 (27893936)|VARIABLE_SCOPE_BEGIN|[2]|num|Integer|false|false
07:55:25.27 (34771343)|VARIABLE_SCOPE_BEGIN|[1]|objArrayOpp|Array_Operations|true|false
07:55:25.27 (34879074)|HEAP_ALLOCATE|[72]|Bytes:3
07:55:25.27 (34915285)|HEAP_ALLOCATE|[77]|Bytes:152
07:55:25.27 (34930780)|HEAP_ALLOCATE|[342]|Bytes:408
07:55:25.27 (34943202)|HEAP_ALLOCATE|[355]|Bytes:408
07:55:25.27 (34953460)|HEAP_ALLOCATE|[467]|Bytes:48
07:55:25.27 (34983317)|HEAP_ALLOCATE|[139]|Bytes:6
07:55:25.27 (35005593)|HEAP_ALLOCATE|[EXTERNAL]|Bytes:5
07:55:25.27 (35034721)|STATEMENT_EXECUTE|[1]
07:55:25.27 (35037497)|STATEMENT_EXECUTE|[1]
07:55:25.27 (35041480)|HEAP_ALLOCATE|[1]|Bytes:13
07:55:25.27 (35047099)|HEAP_ALLOCATE|[1]|Bytes:28
07:55:25.27 (35083235)|METHOD_ENTRY|[1]|01p6F00000MPtB2|Array_Operations.Array_Operations()
07:55:25.27 (35090200)|STATEMENT_EXECUTE|[1]
07:55:25.27 (35093975)|STATEMENT_EXECUTE|[1]
07:55:25.27 (35120497)|HEAP_ALLOCATE|[50]|Bytes:5
07:55:25.27 (35141089)|HEAP_ALLOCATE|[56]|Bytes:5
07:55:25.27 (35149302)|HEAP_ALLOCATE|[64]|Bytes:7
07:55:25.27 (35166367)|SYSTEM_MODE_ENTER|false
07:55:25.27 (35180565)|HEAP_ALLOCATE|[1]|Bytes:5
07:55:25.27 (35190332)|SYSTEM_MODE_EXIT|false
07:55:25.27 (35203604)|METHOD_EXIT|[1]|Array_Operations
07:55:25.27 (35242403)|HEAP_ALLOCATE|[1]|Bytes:8
07:55:25.27 (35264247)|SYSTEM_MODE_ENTER|false
07:55:25.27 (35290866)|HEAP_ALLOCATE|[1]|Bytes:5
07:55:25.27 (35305618)|CONSTRUCTOR_ENTRY|[1]|01p6F00000MPtB2|<init>()|Array_Operations
07:55:25.27 (35331515)|VARIABLE_SCOPE_BEGIN|[1]|this|Array_Operations|true|false
07:55:25.27 (35384427)|VARIABLE_ASSIGNMENT|[1]|this|{}|0x2c473082
07:55:25.27 (35394859)|HEAP_ALLOCATE|[3]|Bytes:5
07:55:25.27 (35402372)|HEAP_ALLOCATE|[3]|Bytes:6
07:55:25.27 (35435335)|STATEMENT_EXECUTE|[1]
07:55:25.27 (35439607)|HEAP_ALLOCATE|[3]|Bytes:5
07:55:25.27 (35444122)|STATEMENT_EXECUTE|[3]
07:55:25.27 (35458856)|HEAP_ALLOCATE|[3]|Bytes:4
07:55:25.27 (35518642)|HEAP_ALLOCATE|[3]|Bytes:4
07:55:25.27 (35531040)|HEAP_ALLOCATE|[3]|Bytes:4
07:55:25.27 (35535912)|HEAP_ALLOCATE|[3]|Bytes:4
07:55:25.27 (35539678)|HEAP_ALLOCATE|[3]|Bytes:4
07:55:25.27 (35542989)|HEAP_ALLOCATE|[3]|Bytes:4
07:55:25.27 (35546791)|HEAP_ALLOCATE|[3]|Bytes:4
07:55:25.27 (35550376)|HEAP_ALLOCATE|[3]|Bytes:4
07:55:25.27 (35553895)|HEAP_ALLOCATE|[3]|Bytes:4
07:55:25.27 (35557622)|HEAP_ALLOCATE|[3]|Bytes:4
07:55:25.27 (35560953)|HEAP_ALLOCATE|[3]|Bytes:4
07:55:25.27 (35564275)|HEAP_ALLOCATE|[3]|Bytes:4
07:55:25.27 (35568243)|HEAP_ALLOCATE|[3]|Bytes:4
07:55:25.27 (35571574)|HEAP_ALLOCATE|[3]|Bytes:4
07:55:25.27 (35574922)|HEAP_ALLOCATE|[3]|Bytes:4
07:55:25.27 (35603824)|HEAP_ALLOCATE|[EXTERNAL]|Bytes:60
07:55:25.27 (35621535)|VARIABLE_ASSIGNMENT|[3]|this.integerList|"List of size 14 too large to display"|0x2c473082
07:55:25.27 (35634188)|CONSTRUCTOR_EXIT|[1]|01p6F00000MPtB2|<init>()|Array_Operations
07:55:25.27 (35644081)|SYSTEM_MODE_EXIT|false
07:55:25.27 (35681166)|VARIABLE_ASSIGNMENT|[1]|objArrayOpp|{"integerList":"0x772d658f"}|0x2c473082
07:55:25.27 (35688827)|STATEMENT_EXECUTE|[2]
07:55:25.27 (35692530)|HEAP_ALLOCATE|[2]|Bytes:4
07:55:25.27 (35702273)|VARIABLE_ASSIGNMENT|[2]|num|0
07:55:25.27 (35706734)|STATEMENT_EXECUTE|[3]
07:55:25.27 (35727802)|SYSTEM_MODE_ENTER|false
07:55:25.27 (35747392)|HEAP_ALLOCATE|[3]|Bytes:5
07:55:25.27 (35770097)|METHOD_ENTRY|[3]|01p6F00000MPtB2|Array_Operations.Duplicate()
07:55:25.27 (35791731)|VARIABLE_SCOPE_BEGIN|[60]|this|Array_Operations|true|false
07:55:25.27 (35813279)|VARIABLE_ASSIGNMENT|[60]|this|{"integerList":"0x772d658f"}|0x2c473082
07:55:25.27 (35825474)|HEAP_ALLOCATE|[62]|Bytes:5
07:55:25.27 (35829690)|STATEMENT_EXECUTE|[61]
07:55:25.27 (35831455)|STATEMENT_EXECUTE|[62]
07:55:25.27 (35834757)|VARIABLE_SCOPE_BEGIN|[62]|Digit|Integer|false|false
07:55:25.27 (35843736)|VARIABLE_ASSIGNMENT|[62]|Digit|null
07:55:25.27 (35847344)|STATEMENT_EXECUTE|[63]
07:55:25.27 (35858793)|HEAP_ALLOCATE|[63]|Bytes:4
07:55:25.27 (35899838)|HEAP_ALLOCATE|[74]|Bytes:4
07:55:25.27 (35922291)|HEAP_ALLOCATE|[63]|Bytes:12
07:55:25.27 (35931693)|HEAP_ALLOCATE|[63]|Bytes:12
07:55:25.27 (35936603)|HEAP_ALLOCATE|[63]|Bytes:12
07:55:25.27 (35940651)|HEAP_ALLOCATE|[63]|Bytes:12
07:55:25.27 (35944636)|HEAP_ALLOCATE|[63]|Bytes:12
07:55:25.27 (35948596)|HEAP_ALLOCATE|[63]|Bytes:12
07:55:25.27 (35953064)|HEAP_ALLOCATE|[63]|Bytes:12
07:55:25.27 (35957271)|HEAP_ALLOCATE|[63]|Bytes:12
07:55:25.27 (35961602)|HEAP_ALLOCATE|[63]|Bytes:12
07:55:25.27 (35965751)|HEAP_ALLOCATE|[63]|Bytes:12
07:55:25.27 (35969914)|HEAP_ALLOCATE|[63]|Bytes:12
07:55:25.27 (35974132)|HEAP_ALLOCATE|[63]|Bytes:12
07:55:25.27 (35982834)|HEAP_ALLOCATE|[63]|Bytes:12
07:55:25.27 (35987306)|HEAP_ALLOCATE|[63]|Bytes:12
07:55:25.27 (35991343)|HEAP_ALLOCATE|[63]|Bytes:12
07:55:25.27 (35995371)|HEAP_ALLOCATE|[63]|Bytes:12
07:55:25.27 (36000876)|VARIABLE_SCOPE_BEGIN|[63]|countList|List<Long>|true|false
07:55:25.27 (36027027)|HEAP_ALLOCATE|[EXTERNAL]|Bytes:68
07:55:25.27 (36037263)|VARIABLE_ASSIGNMENT|[63]|countList|"List of size 16 too large to display"|0x1cec2184
07:55:25.27 (36044271)|STATEMENT_EXECUTE|[64]
07:55:25.27 (36047096)|VARIABLE_SCOPE_BEGIN|[64]|j|Integer|false|false
07:55:25.27 (36053623)|HEAP_ALLOCATE|[64]|Bytes:4
07:55:25.27 (36059421)|VARIABLE_ASSIGNMENT|[64]|j|0
07:55:25.27 (36089639)|STATEMENT_EXECUTE|[64]
07:55:25.27 (36091478)|STATEMENT_EXECUTE|[66]
07:55:25.27 (36097319)|HEAP_ALLOCATE|[66]|Bytes:8
07:55:25.27 (36104761)|VARIABLE_ASSIGNMENT|[66]|Digit|19
07:55:25.27 (36108566)|STATEMENT_EXECUTE|[67]
07:55:25.27 (36151105)|HEAP_ALLOCATE|[67]|Bytes:32
07:55:25.27 (36166031)|METHOD_EXIT|[3]|01p6F00000MPtB2|Array_Operations.Duplicate()
07:55:25.27 (36181655)|SYSTEM_MODE_EXIT|false
07:55:25.27 (36363381)|FATAL_ERROR|System.ListException: List index out of bounds: 19

Class.Array_Operations.Duplicate: line 67, column 1
AnonymousBlock: line 3, column 1
AnonymousBlock: line 3, column 1
07:55:25.36 (36430825)|CUMULATIVE_LIMIT_USAGE
07:55:25.36 (36430825)|LIMIT_USAGE_FOR_NS|(default)|
  Number of SOQL queries: 0 out of 100
  Number of query rows: 0 out of 50000
  Number of SOSL queries: 0 out of 20
  Number of DML statements: 0 out of 150
  Number of DML rows: 0 out of 10000
  Maximum CPU time: 0 out of 10000
  Maximum heap size: 0 out of 6000000
  Number of callouts: 0 out of 100
  Number of Email Invocations: 0 out of 10
  Number of future calls: 0 out of 50
  Number of queueable jobs added to the queue: 0 out of 50
  Number of Mobile Apex push calls: 0 out of 10

07:55:25.36 (36430825)|CUMULATIVE_LIMIT_USAGE_END

07:55:25.27 (36915004)|CODE_UNIT_FINISHED|execute_anonymous_apex
07:55:25.27 (37822144)|EXECUTION_FINISHED
