44.0 APEX_CODE,FINEST;APEX_PROFILING,INFO;CALLOUT,INFO;DB,INFO;NBA,INFO;SYSTEM,DEBUG;VALIDATION,INFO;VISUALFORCE,INFO;WAVE,INFO;WORKFLOW,INFO
Execute Anonymous: ParentClass obj1 =  new ParentClass();
Execute Anonymous: 
Execute Anonymous: ChildClass obj2 = new ChildClass();
Execute Anonymous: obj2.write();
07:41:18.1 (1118725)|USER_INFO|[EXTERNAL]|0056F00000ATCAZ|ayman.shaikh@gmail.com|Pacific Standard Time|GMT-07:00
07:41:18.1 (1139039)|EXECUTION_STARTED
07:41:18.1 (1144164)|CODE_UNIT_STARTED|[EXTERNAL]|execute_anonymous_apex
07:41:18.1 (2224362)|VARIABLE_SCOPE_BEGIN|[1]|obj1|ParentClass|true|false
07:41:18.1 (2800272)|VARIABLE_SCOPE_BEGIN|[3]|obj2|ChildClass|true|false
07:41:18.1 (2922466)|HEAP_ALLOCATE|[72]|Bytes:3
07:41:18.1 (2959718)|HEAP_ALLOCATE|[77]|Bytes:152
07:41:18.1 (2972653)|HEAP_ALLOCATE|[342]|Bytes:408
07:41:18.1 (2984537)|HEAP_ALLOCATE|[355]|Bytes:408
07:41:18.1 (2995248)|HEAP_ALLOCATE|[467]|Bytes:48
07:41:18.1 (3018481)|HEAP_ALLOCATE|[139]|Bytes:6
07:41:18.1 (3041174)|HEAP_ALLOCATE|[EXTERNAL]|Bytes:5
07:41:18.1 (3073462)|STATEMENT_EXECUTE|[1]
07:41:18.1 (3076239)|STATEMENT_EXECUTE|[1]
07:41:18.1 (3079950)|HEAP_ALLOCATE|[1]|Bytes:3
07:41:18.1 (3084992)|HEAP_ALLOCATE|[1]|Bytes:4
07:41:18.1 (3109490)|METHOD_ENTRY|[1]|01p6F00000MR10y|ParentClass.ParentClass()
07:41:18.1 (3115111)|STATEMENT_EXECUTE|[1]
07:41:18.1 (3118652)|STATEMENT_EXECUTE|[1]
07:41:18.1 (3123106)|METHOD_EXIT|[1]|ParentClass
07:41:18.1 (3137509)|HEAP_ALLOCATE|[1]|Bytes:4
07:41:18.1 (3166786)|HEAP_ALLOCATE|[50]|Bytes:5
07:41:18.1 (3188113)|HEAP_ALLOCATE|[56]|Bytes:5
07:41:18.1 (3195640)|HEAP_ALLOCATE|[64]|Bytes:7
07:41:18.1 (3212574)|SYSTEM_MODE_ENTER|false
07:41:18.1 (3239558)|HEAP_ALLOCATE|[1]|Bytes:5
07:41:18.1 (3253651)|CONSTRUCTOR_ENTRY|[1]|01p6F00000MR10y|<init>()|ParentClass
07:41:18.1 (3280253)|VARIABLE_SCOPE_BEGIN|[1]|this|ParentClass|true|false
07:41:18.1 (3319779)|VARIABLE_ASSIGNMENT|[1]|this|{}|0xb7f4374
07:41:18.1 (3335274)|HEAP_ALLOCATE|[EXTERNAL]|Bytes:6
07:41:18.1 (3366175)|STATEMENT_EXECUTE|[1]
07:41:18.1 (3370763)|CONSTRUCTOR_EXIT|[1]|01p6F00000MR10y|<init>()|ParentClass
07:41:18.1 (3380780)|SYSTEM_MODE_EXIT|false
07:41:18.1 (3398296)|VARIABLE_ASSIGNMENT|[1]|obj1|{}|0xb7f4374
07:41:18.1 (3404451)|STATEMENT_EXECUTE|[3]
07:41:18.1 (3408109)|HEAP_ALLOCATE|[3]|Bytes:1
07:41:18.1 (3418511)|METHOD_ENTRY|[1]|01p6F00000MR2GO|ChildClass.ChildClass()
07:41:18.1 (3423079)|STATEMENT_EXECUTE|[1]
07:41:18.1 (3425677)|STATEMENT_EXECUTE|[1]
07:41:18.1 (3428574)|METHOD_EXIT|[1]|ChildClass
07:41:18.1 (3437406)|HEAP_ALLOCATE|[3]|Bytes:4
07:41:18.1 (3456307)|SYSTEM_MODE_ENTER|false
07:41:18.1 (3472590)|HEAP_ALLOCATE|[3]|Bytes:5
07:41:18.1 (3480022)|CONSTRUCTOR_ENTRY|[3]|01p6F00000MR2GO|<init>()|ChildClass
07:41:18.1 (3494400)|VARIABLE_SCOPE_BEGIN|[1]|this|ChildClass|true|false
07:41:18.1 (3510659)|VARIABLE_ASSIGNMENT|[1]|this|{}|0x760f2295
07:41:18.1 (3518384)|CONSTRUCTOR_ENTRY|[EXTERNAL]|01p6F00000MR10y|<init>()|ParentClass
07:41:18.1 (3527601)|VARIABLE_SCOPE_BEGIN|[1]|this|ParentClass|true|false
07:41:18.1 (3538617)|VARIABLE_ASSIGNMENT|[1]|this|{}|0x760f2295
07:41:18.1 (3552136)|STATEMENT_EXECUTE|[1]
07:41:18.1 (3555037)|CONSTRUCTOR_EXIT|[EXTERNAL]|01p6F00000MR10y|<init>()|ParentClass
07:41:18.1 (3560812)|STATEMENT_EXECUTE|[1]
07:41:18.1 (3563101)|CONSTRUCTOR_EXIT|[3]|01p6F00000MR2GO|<init>()|ChildClass
07:41:18.1 (3570474)|SYSTEM_MODE_EXIT|false
07:41:18.1 (3583038)|VARIABLE_ASSIGNMENT|[3]|obj2|{}|0x760f2295
07:41:18.1 (3588754)|STATEMENT_EXECUTE|[4]
07:41:18.1 (3605588)|SYSTEM_MODE_ENTER|false
07:41:18.1 (3615156)|HEAP_ALLOCATE|[4]|Bytes:5
07:41:18.1 (3640150)|METHOD_ENTRY|[4]|01p6F00000MR2GO|ChildClass.write()
07:41:18.1 (3658438)|VARIABLE_SCOPE_BEGIN|[3]|this|ChildClass|true|false
07:41:18.1 (3671554)|VARIABLE_ASSIGNMENT|[3]|this|{}|0x760f2295
07:41:18.1 (3679781)|STATEMENT_EXECUTE|[3]
07:41:18.1 (3681433)|STATEMENT_EXECUTE|[4]
07:41:18.1 (3691112)|METHOD_ENTRY|[4]|01p6F00000MR10y|ParentClass.ParentClassAdd()
07:41:18.1 (3718063)|VARIABLE_SCOPE_BEGIN|[8]|this|ParentClass|true|false
07:41:18.1 (3730062)|VARIABLE_ASSIGNMENT|[8]|this|{}|0x760f2295
07:41:18.1 (3736154)|STATEMENT_EXECUTE|[8]
07:41:18.1 (3737833)|STATEMENT_EXECUTE|[9]
07:41:18.1 (3741901)|VARIABLE_SCOPE_BEGIN|[9]|IntNum1|Integer|false|false
07:41:18.1 (3752529)|VARIABLE_ASSIGNMENT|[9]|IntNum1|null
07:41:18.1 (3756724)|STATEMENT_EXECUTE|[9]
07:41:18.1 (3759099)|VARIABLE_SCOPE_BEGIN|[9]|IntNum2|Integer|false|false
07:41:18.1 (3766787)|VARIABLE_ASSIGNMENT|[9]|IntNum2|null
07:41:18.1 (3770628)|STATEMENT_EXECUTE|[9]
07:41:18.1 (3773565)|VARIABLE_SCOPE_BEGIN|[9]|IntSum|Integer|false|false
07:41:18.1 (3780454)|HEAP_ALLOCATE|[9]|Bytes:4
07:41:18.1 (3787092)|VARIABLE_ASSIGNMENT|[9]|IntSum|0
07:41:18.1 (3790964)|STATEMENT_EXECUTE|[10]
07:41:18.1 (3856545)|HEAP_ALLOCATE|[10]|Bytes:41
07:41:18.1 (3871648)|METHOD_EXIT|[4]|01p6F00000MR10y|ParentClass.ParentClassAdd()
07:41:18.1 (3878264)|METHOD_EXIT|[4]|01p6F00000MR2GO|ChildClass.write()
07:41:18.1 (3885501)|SYSTEM_MODE_EXIT|false
07:41:18.1 (4012916)|FATAL_ERROR|System.NullPointerException: Attempt to de-reference a null object

Class.ParentClass.ParentClassAdd: line 10, column 1
Class.ChildClass.write: line 4, column 1
AnonymousBlock: line 4, column 1
AnonymousBlock: line 4, column 1
07:41:18.4 (4060536)|CUMULATIVE_LIMIT_USAGE
07:41:18.4 (4060536)|LIMIT_USAGE_FOR_NS|(default)|
  Number of SOQL queries: 0 out of 100
  Number of query rows: 0 out of 50000
  Number of SOSL queries: 0 out of 20
  Number of DML statements: 0 out of 150
  Number of DML rows: 0 out of 10000
  Maximum CPU time: 0 out of 10000
  Maximum heap size: 0 out of 6000000
  Number of callouts: 0 out of 100
  Number of Email Invocations: 0 out of 10
  Number of future calls: 0 out of 50
  Number of queueable jobs added to the queue: 0 out of 50
  Number of Mobile Apex push calls: 0 out of 10

07:41:18.4 (4060536)|CUMULATIVE_LIMIT_USAGE_END

07:41:18.1 (4098101)|CODE_UNIT_FINISHED|execute_anonymous_apex
07:41:18.1 (4853714)|EXECUTION_FINISHED
