43.0 APEX_CODE,FINEST;APEX_PROFILING,INFO;CALLOUT,INFO;DB,INFO;NBA,INFO;SYSTEM,DEBUG;VALIDATION,INFO;VISUALFORCE,INFO;WAVE,INFO;WORKFLOW,INFO
Execute Anonymous: Array_Of_Shape objShape = new Array_Of_Shape();
Execute Anonymous: Integer num = 20;
Execute Anonymous: objShape.List_Shape_Selection(num);
07:45:37.18 (18821248)|USER_INFO|[EXTERNAL]|0056F00000ATCAZ|ayman.shaikh@gmail.com|Pacific Standard Time|GMT-07:00
07:45:37.18 (18873580)|EXECUTION_STARTED
07:45:37.18 (18882380)|CODE_UNIT_STARTED|[EXTERNAL]|execute_anonymous_apex
07:45:37.18 (19022039)|VARIABLE_SCOPE_BEGIN|[2]|num|Integer|false|false
07:45:37.18 (20222244)|VARIABLE_SCOPE_BEGIN|[1]|objShape|Array_Of_Shape|true|false
07:45:37.18 (20352737)|HEAP_ALLOCATE|[72]|Bytes:3
07:45:37.18 (20390783)|HEAP_ALLOCATE|[77]|Bytes:152
07:45:37.18 (20403570)|HEAP_ALLOCATE|[342]|Bytes:408
07:45:37.18 (20418949)|HEAP_ALLOCATE|[355]|Bytes:408
07:45:37.18 (20430812)|HEAP_ALLOCATE|[467]|Bytes:48
07:45:37.18 (20455295)|HEAP_ALLOCATE|[139]|Bytes:6
07:45:37.18 (20479894)|HEAP_ALLOCATE|[EXTERNAL]|Bytes:5
07:45:37.18 (20513340)|STATEMENT_EXECUTE|[1]
07:45:37.18 (20516200)|STATEMENT_EXECUTE|[1]
07:45:37.18 (20520525)|HEAP_ALLOCATE|[1]|Bytes:4
07:45:37.18 (20526255)|HEAP_ALLOCATE|[1]|Bytes:5
07:45:37.18 (20566963)|METHOD_ENTRY|[1]|01p6F00000MPYhK|Array_Of_Shape.Array_Of_Shape()
07:45:37.18 (20574578)|STATEMENT_EXECUTE|[1]
07:45:37.18 (20578619)|STATEMENT_EXECUTE|[1]
07:45:37.18 (20611764)|HEAP_ALLOCATE|[50]|Bytes:5
07:45:37.18 (20637170)|HEAP_ALLOCATE|[56]|Bytes:5
07:45:37.18 (20645672)|HEAP_ALLOCATE|[64]|Bytes:7
07:45:37.18 (20665460)|SYSTEM_MODE_ENTER|false
07:45:37.18 (20682741)|HEAP_ALLOCATE|[1]|Bytes:5
07:45:37.18 (20693997)|SYSTEM_MODE_EXIT|false
07:45:37.18 (20707212)|METHOD_EXIT|[1]|Array_Of_Shape
07:45:37.18 (20721304)|HEAP_ALLOCATE|[1]|Bytes:4
07:45:37.18 (20745562)|SYSTEM_MODE_ENTER|false
07:45:37.18 (20771440)|HEAP_ALLOCATE|[1]|Bytes:5
07:45:37.18 (20783879)|CONSTRUCTOR_ENTRY|[1]|01p6F00000MPYhK|<init>()|Array_Of_Shape
07:45:37.18 (20815280)|VARIABLE_SCOPE_BEGIN|[1]|this|Array_Of_Shape|true|false
07:45:37.18 (20861393)|VARIABLE_ASSIGNMENT|[1]|this|{}|0x22344901
07:45:37.18 (20873541)|HEAP_ALLOCATE|[EXTERNAL]|Bytes:5
07:45:37.18 (20882646)|HEAP_ALLOCATE|[EXTERNAL]|Bytes:6
07:45:37.18 (20927461)|STATEMENT_EXECUTE|[1]
07:45:37.18 (20932787)|HEAP_ALLOCATE|[EXTERNAL]|Bytes:5
07:45:37.18 (20941388)|CONSTRUCTOR_EXIT|[1]|01p6F00000MPYhK|<init>()|Array_Of_Shape
07:45:37.18 (20955840)|SYSTEM_MODE_EXIT|false
07:45:37.18 (20993324)|VARIABLE_ASSIGNMENT|[1]|objShape|{}|0x22344901
07:45:37.18 (21001163)|STATEMENT_EXECUTE|[2]
07:45:37.18 (21006917)|HEAP_ALLOCATE|[2]|Bytes:4
07:45:37.18 (21026425)|VARIABLE_ASSIGNMENT|[2]|num|20
07:45:37.18 (21034451)|STATEMENT_EXECUTE|[3]
07:45:37.18 (21061041)|SYSTEM_MODE_ENTER|false
07:45:37.18 (21081729)|HEAP_ALLOCATE|[3]|Bytes:5
07:45:37.18 (21116188)|METHOD_ENTRY|[3]|01p6F00000MPYhK|Array_Of_Shape.List_Shape_Selection(Integer)
07:45:37.18 (21147938)|VARIABLE_SCOPE_BEGIN|[23]|this|Array_Of_Shape|true|false
07:45:37.18 (21167824)|VARIABLE_ASSIGNMENT|[23]|this|{}|0x22344901
07:45:37.18 (21175134)|VARIABLE_SCOPE_BEGIN|[23]|n|Integer|false|false
07:45:37.18 (21184504)|VARIABLE_ASSIGNMENT|[23]|n|20
07:45:37.18 (21201649)|HEAP_ALLOCATE|[24]|Bytes:5
07:45:37.18 (21206653)|STATEMENT_EXECUTE|[23]
07:45:37.18 (21208773)|STATEMENT_EXECUTE|[24]
07:45:37.18 (21258096)|HEAP_ALLOCATE|[24]|Bytes:4
07:45:37.18 (21309125)|VARIABLE_SCOPE_BEGIN|[24]|ShapeList|List<String>|true|false
07:45:37.18 (21344667)|HEAP_ALLOCATE|[EXTERNAL]|Bytes:4
07:45:37.18 (21358310)|VARIABLE_ASSIGNMENT|[24]|ShapeList|[]|0x17d5896f
07:45:37.18 (21366029)|STATEMENT_EXECUTE|[25]
07:45:37.18 (21369798)|VARIABLE_SCOPE_BEGIN|[25]|i|Integer|false|false
07:45:37.18 (21376252)|HEAP_ALLOCATE|[25]|Bytes:4
07:45:37.18 (21383292)|VARIABLE_ASSIGNMENT|[25]|i|0
07:45:37.18 (21392777)|STATEMENT_EXECUTE|[25]
07:45:37.18 (21394931)|STATEMENT_EXECUTE|[26]
07:45:37.18 (21398713)|HEAP_ALLOCATE|[26]|Bytes:5
07:45:37.18 (21455980)|HEAP_ALLOCATE|[26]|Bytes:1
07:45:37.18 (21476153)|HEAP_ALLOCATE|[26]|Bytes:6
07:45:37.18 (21493221)|HEAP_ALLOCATE|[EXTERNAL]|Bytes:4
07:45:37.18 (21500836)|HEAP_ALLOCATE|[25]|Bytes:4
07:45:37.18 (21507784)|VARIABLE_ASSIGNMENT|[25]|i|1
07:45:37.18 (21516628)|STATEMENT_EXECUTE|[25]
07:45:37.18 (21518625)|STATEMENT_EXECUTE|[26]
07:45:37.18 (21529638)|HEAP_ALLOCATE|[26]|Bytes:1
07:45:37.18 (21538538)|HEAP_ALLOCATE|[26]|Bytes:6
07:45:37.18 (21545842)|HEAP_ALLOCATE|[EXTERNAL]|Bytes:4
07:45:37.18 (21551796)|HEAP_ALLOCATE|[25]|Bytes:4
07:45:37.18 (21557538)|VARIABLE_ASSIGNMENT|[25]|i|2
07:45:37.18 (21562616)|STATEMENT_EXECUTE|[25]
07:45:37.18 (21564367)|STATEMENT_EXECUTE|[26]
07:45:37.18 (21572806)|HEAP_ALLOCATE|[26]|Bytes:1
07:45:37.18 (21582781)|HEAP_ALLOCATE|[26]|Bytes:6
07:45:37.18 (21588789)|HEAP_ALLOCATE|[EXTERNAL]|Bytes:4
07:45:37.18 (21594010)|HEAP_ALLOCATE|[25]|Bytes:4
07:45:37.18 (21599585)|VARIABLE_ASSIGNMENT|[25]|i|3
07:45:37.18 (21604710)|STATEMENT_EXECUTE|[25]
07:45:37.18 (21606437)|STATEMENT_EXECUTE|[26]
07:45:37.18 (21614756)|HEAP_ALLOCATE|[26]|Bytes:1
07:45:37.18 (21622843)|HEAP_ALLOCATE|[26]|Bytes:6
07:45:37.18 (21630939)|HEAP_ALLOCATE|[EXTERNAL]|Bytes:4
07:45:37.18 (21636683)|HEAP_ALLOCATE|[25]|Bytes:4
07:45:37.18 (21641837)|VARIABLE_ASSIGNMENT|[25]|i|4
07:45:37.18 (21646702)|STATEMENT_EXECUTE|[25]
07:45:37.18 (21648419)|STATEMENT_EXECUTE|[26]
07:45:37.18 (21656892)|HEAP_ALLOCATE|[26]|Bytes:1
07:45:37.18 (21665392)|HEAP_ALLOCATE|[26]|Bytes:6
07:45:37.18 (21671012)|HEAP_ALLOCATE|[EXTERNAL]|Bytes:4
07:45:37.18 (21676133)|HEAP_ALLOCATE|[25]|Bytes:4
07:45:37.18 (21681667)|VARIABLE_ASSIGNMENT|[25]|i|5
07:45:37.18 (21688483)|STATEMENT_EXECUTE|[25]
07:45:37.18 (21690294)|STATEMENT_EXECUTE|[26]
07:45:37.18 (21698318)|HEAP_ALLOCATE|[26]|Bytes:1
07:45:37.18 (21706601)|HEAP_ALLOCATE|[26]|Bytes:6
07:45:37.18 (21712541)|HEAP_ALLOCATE|[EXTERNAL]|Bytes:4
07:45:37.18 (21717568)|HEAP_ALLOCATE|[25]|Bytes:4
07:45:37.18 (21723174)|VARIABLE_ASSIGNMENT|[25]|i|6
07:45:37.18 (21727700)|STATEMENT_EXECUTE|[25]
07:45:37.18 (21729457)|STATEMENT_EXECUTE|[26]
07:45:37.18 (21737988)|HEAP_ALLOCATE|[26]|Bytes:1
07:45:37.18 (21746191)|HEAP_ALLOCATE|[26]|Bytes:6
07:45:37.18 (21752307)|HEAP_ALLOCATE|[EXTERNAL]|Bytes:4
07:45:37.18 (21757407)|HEAP_ALLOCATE|[25]|Bytes:4
07:45:37.18 (21762836)|VARIABLE_ASSIGNMENT|[25]|i|7
07:45:37.18 (21767666)|STATEMENT_EXECUTE|[25]
07:45:37.18 (21769406)|STATEMENT_EXECUTE|[26]
07:45:37.18 (21777102)|HEAP_ALLOCATE|[26]|Bytes:1
07:45:37.18 (21785302)|HEAP_ALLOCATE|[26]|Bytes:6
07:45:37.18 (21790911)|HEAP_ALLOCATE|[EXTERNAL]|Bytes:4
07:45:37.18 (21798242)|HEAP_ALLOCATE|[25]|Bytes:4
07:45:37.18 (21803432)|VARIABLE_ASSIGNMENT|[25]|i|8
07:45:37.18 (21808494)|STATEMENT_EXECUTE|[25]
07:45:37.18 (21810229)|STATEMENT_EXECUTE|[26]
07:45:37.18 (21817998)|HEAP_ALLOCATE|[26]|Bytes:1
07:45:37.18 (21826480)|HEAP_ALLOCATE|[26]|Bytes:6
07:45:37.18 (21832292)|HEAP_ALLOCATE|[EXTERNAL]|Bytes:4
07:45:37.18 (21837784)|HEAP_ALLOCATE|[25]|Bytes:4
07:45:37.18 (21844689)|VARIABLE_ASSIGNMENT|[25]|i|9
07:45:37.18 (21850071)|STATEMENT_EXECUTE|[25]
07:45:37.18 (21851791)|STATEMENT_EXECUTE|[26]
07:45:37.18 (21860331)|HEAP_ALLOCATE|[26]|Bytes:1
07:45:37.18 (21868737)|HEAP_ALLOCATE|[26]|Bytes:6
07:45:37.18 (21874518)|HEAP_ALLOCATE|[EXTERNAL]|Bytes:4
07:45:37.18 (21880081)|HEAP_ALLOCATE|[25]|Bytes:4
07:45:37.18 (21885390)|VARIABLE_ASSIGNMENT|[25]|i|10
07:45:37.18 (21890008)|STATEMENT_EXECUTE|[25]
07:45:37.18 (21891775)|STATEMENT_EXECUTE|[26]
07:45:37.18 (21899672)|HEAP_ALLOCATE|[26]|Bytes:2
07:45:37.18 (21909287)|HEAP_ALLOCATE|[26]|Bytes:7
07:45:37.18 (21915355)|HEAP_ALLOCATE|[EXTERNAL]|Bytes:4
07:45:37.18 (21920421)|HEAP_ALLOCATE|[25]|Bytes:4
07:45:37.18 (21925767)|VARIABLE_ASSIGNMENT|[25]|i|11
07:45:37.18 (21930774)|STATEMENT_EXECUTE|[25]
07:45:37.18 (21932517)|STATEMENT_EXECUTE|[26]
07:45:37.18 (21940361)|HEAP_ALLOCATE|[26]|Bytes:2
07:45:37.18 (21953674)|HEAP_ALLOCATE|[26]|Bytes:7
07:45:37.18 (21959965)|HEAP_ALLOCATE|[EXTERNAL]|Bytes:4
07:45:37.18 (21967993)|HEAP_ALLOCATE|[25]|Bytes:4
07:45:37.18 (21974036)|VARIABLE_ASSIGNMENT|[25]|i|12
07:45:37.18 (21979386)|STATEMENT_EXECUTE|[25]
07:45:37.18 (21981206)|STATEMENT_EXECUTE|[26]
07:45:37.18 (21989839)|HEAP_ALLOCATE|[26]|Bytes:2
07:45:37.18 (21998251)|HEAP_ALLOCATE|[26]|Bytes:7
07:45:37.18 (22004159)|HEAP_ALLOCATE|[EXTERNAL]|Bytes:4
07:45:37.18 (22009987)|HEAP_ALLOCATE|[25]|Bytes:4
07:45:37.18 (22017708)|VARIABLE_ASSIGNMENT|[25]|i|13
07:45:37.18 (22023891)|STATEMENT_EXECUTE|[25]
07:45:37.18 (22025657)|STATEMENT_EXECUTE|[26]
07:45:37.18 (22034372)|HEAP_ALLOCATE|[26]|Bytes:2
07:45:37.18 (22043036)|HEAP_ALLOCATE|[26]|Bytes:7
07:45:37.18 (22049172)|HEAP_ALLOCATE|[EXTERNAL]|Bytes:4
07:45:37.18 (22054155)|HEAP_ALLOCATE|[25]|Bytes:4
07:45:37.18 (22059221)|VARIABLE_ASSIGNMENT|[25]|i|14
07:45:37.18 (22064038)|STATEMENT_EXECUTE|[25]
07:45:37.18 (22065749)|STATEMENT_EXECUTE|[26]
07:45:37.18 (22073480)|HEAP_ALLOCATE|[26]|Bytes:2
07:45:37.18 (22083290)|HEAP_ALLOCATE|[26]|Bytes:7
07:45:37.18 (22089547)|HEAP_ALLOCATE|[EXTERNAL]|Bytes:4
07:45:37.18 (22094722)|HEAP_ALLOCATE|[25]|Bytes:4
07:45:37.18 (22100247)|VARIABLE_ASSIGNMENT|[25]|i|15
07:45:37.18 (22105144)|STATEMENT_EXECUTE|[25]
07:45:37.18 (22106886)|STATEMENT_EXECUTE|[26]
07:45:37.18 (22114639)|HEAP_ALLOCATE|[26]|Bytes:2
07:45:37.18 (22122691)|HEAP_ALLOCATE|[26]|Bytes:7
07:45:37.18 (22130640)|HEAP_ALLOCATE|[EXTERNAL]|Bytes:4
07:45:37.18 (22136133)|HEAP_ALLOCATE|[25]|Bytes:4
07:45:37.18 (22141260)|VARIABLE_ASSIGNMENT|[25]|i|16
07:45:37.18 (22146217)|STATEMENT_EXECUTE|[25]
07:45:37.18 (22147937)|STATEMENT_EXECUTE|[26]
07:45:37.18 (22155927)|HEAP_ALLOCATE|[26]|Bytes:2
07:45:37.18 (22163915)|HEAP_ALLOCATE|[26]|Bytes:7
07:45:37.18 (22169685)|HEAP_ALLOCATE|[EXTERNAL]|Bytes:4
07:45:37.18 (22174495)|HEAP_ALLOCATE|[25]|Bytes:4
07:45:37.18 (22179489)|VARIABLE_ASSIGNMENT|[25]|i|17
07:45:37.18 (22185241)|STATEMENT_EXECUTE|[25]
07:45:37.18 (22186963)|STATEMENT_EXECUTE|[26]
07:45:37.18 (22194779)|HEAP_ALLOCATE|[26]|Bytes:2
07:45:37.18 (22203564)|HEAP_ALLOCATE|[26]|Bytes:7
07:45:37.18 (22209739)|HEAP_ALLOCATE|[EXTERNAL]|Bytes:4
07:45:37.18 (22215204)|HEAP_ALLOCATE|[25]|Bytes:4
07:45:37.18 (22220186)|VARIABLE_ASSIGNMENT|[25]|i|18
07:45:37.18 (22224987)|STATEMENT_EXECUTE|[25]
07:45:37.18 (22226695)|STATEMENT_EXECUTE|[26]
07:45:37.18 (22236422)|HEAP_ALLOCATE|[26]|Bytes:2
07:45:37.18 (22244428)|HEAP_ALLOCATE|[26]|Bytes:7
07:45:37.18 (22250245)|HEAP_ALLOCATE|[EXTERNAL]|Bytes:4
07:45:37.18 (22255226)|HEAP_ALLOCATE|[25]|Bytes:4
07:45:37.18 (22260249)|VARIABLE_ASSIGNMENT|[25]|i|19
07:45:37.18 (22264878)|STATEMENT_EXECUTE|[25]
07:45:37.18 (22266663)|STATEMENT_EXECUTE|[26]
07:45:37.18 (22274264)|HEAP_ALLOCATE|[26]|Bytes:2
07:45:37.18 (22282551)|HEAP_ALLOCATE|[26]|Bytes:7
07:45:37.18 (22290422)|HEAP_ALLOCATE|[EXTERNAL]|Bytes:4
07:45:37.18 (22295532)|HEAP_ALLOCATE|[25]|Bytes:4
07:45:37.18 (22300590)|VARIABLE_ASSIGNMENT|[25]|i|20
07:45:37.18 (22306632)|STATEMENT_EXECUTE|[28]
07:45:37.18 (22359711)|USER_DEBUG|[28]|DEBUG|(Shape0, Shape1, Shape2, Shape3, Shape4, Shape5, Shape6, Shape7, Shape8, Shape9, ...)
07:45:37.18 (22378490)|METHOD_EXIT|[3]|01p6F00000MPYhK|Array_Of_Shape.List_Shape_Selection(Integer)
07:45:37.18 (22390059)|SYSTEM_MODE_EXIT|false
07:45:37.22 (22430554)|CUMULATIVE_LIMIT_USAGE
07:45:37.22 (22430554)|LIMIT_USAGE_FOR_NS|(default)|
  Number of SOQL queries: 0 out of 100
  Number of query rows: 0 out of 50000
  Number of SOSL queries: 0 out of 20
  Number of DML statements: 0 out of 150
  Number of DML rows: 0 out of 10000
  Maximum CPU time: 0 out of 10000
  Maximum heap size: 0 out of 6000000
  Number of callouts: 0 out of 100
  Number of Email Invocations: 0 out of 10
  Number of future calls: 0 out of 50
  Number of queueable jobs added to the queue: 0 out of 50
  Number of Mobile Apex push calls: 0 out of 10

07:45:37.22 (22430554)|CUMULATIVE_LIMIT_USAGE_END

07:45:37.18 (22488707)|CODE_UNIT_FINISHED|execute_anonymous_apex
07:45:37.18 (23328268)|EXECUTION_FINISHED
