44.0 APEX_CODE,FINEST;APEX_PROFILING,INFO;CALLOUT,INFO;DB,INFO;NBA,INFO;SYSTEM,DEBUG;VALIDATION,INFO;VISUALFORCE,INFO;WAVE,INFO;WORKFLOW,INFO
Execute Anonymous: Array_Operations obj = new Array_Operations();
Execute Anonymous: obj.Duplicate();
04:17:43.1 (1713744)|USER_INFO|[EXTERNAL]|0056F00000ATCAZ|ayman.shaikh@gmail.com|Pacific Standard Time|GMT-07:00
04:17:43.1 (1736365)|EXECUTION_STARTED
04:17:43.1 (1740868)|CODE_UNIT_STARTED|[EXTERNAL]|execute_anonymous_apex
04:17:43.1 (3107659)|VARIABLE_SCOPE_BEGIN|[1]|obj|Array_Operations|true|false
04:17:43.1 (3210071)|HEAP_ALLOCATE|[72]|Bytes:3
04:17:43.1 (3235376)|HEAP_ALLOCATE|[77]|Bytes:152
04:17:43.1 (3245831)|HEAP_ALLOCATE|[342]|Bytes:408
04:17:43.1 (3256856)|HEAP_ALLOCATE|[355]|Bytes:408
04:17:43.1 (3266833)|HEAP_ALLOCATE|[467]|Bytes:48
04:17:43.1 (3289050)|HEAP_ALLOCATE|[139]|Bytes:6
04:17:43.1 (3310707)|HEAP_ALLOCATE|[EXTERNAL]|Bytes:3
04:17:43.1 (3334588)|STATEMENT_EXECUTE|[1]
04:17:43.1 (3337010)|STATEMENT_EXECUTE|[1]
04:17:43.1 (3339971)|HEAP_ALLOCATE|[1]|Bytes:13
04:17:43.1 (3345101)|HEAP_ALLOCATE|[1]|Bytes:22
04:17:43.1 (3369904)|METHOD_ENTRY|[1]|01p6F00000MPtB2|Array_Operations.Array_Operations()
04:17:43.1 (3375693)|STATEMENT_EXECUTE|[1]
04:17:43.1 (3379046)|STATEMENT_EXECUTE|[1]
04:17:43.1 (3401147)|HEAP_ALLOCATE|[50]|Bytes:5
04:17:43.1 (3417450)|HEAP_ALLOCATE|[56]|Bytes:5
04:17:43.1 (3424972)|HEAP_ALLOCATE|[64]|Bytes:7
04:17:43.1 (3439996)|SYSTEM_MODE_ENTER|false
04:17:43.1 (3449427)|HEAP_ALLOCATE|[1]|Bytes:5
04:17:43.1 (3455248)|SYSTEM_MODE_EXIT|false
04:17:43.1 (3463038)|METHOD_EXIT|[1]|Array_Operations
04:17:43.1 (3497976)|HEAP_ALLOCATE|[1]|Bytes:8
04:17:43.1 (3527034)|SYSTEM_MODE_ENTER|false
04:17:43.1 (3565102)|HEAP_ALLOCATE|[1]|Bytes:5
04:17:43.1 (3581019)|CONSTRUCTOR_ENTRY|[1]|01p6F00000MPtB2|<init>()|Array_Operations
04:17:43.1 (3613857)|VARIABLE_SCOPE_BEGIN|[1]|this|Array_Operations|true|false
04:17:43.1 (3665944)|VARIABLE_ASSIGNMENT|[1]|this|{}|0xea4fcbf
04:17:43.1 (3680619)|HEAP_ALLOCATE|[3]|Bytes:5
04:17:43.1 (3690127)|HEAP_ALLOCATE|[3]|Bytes:6
04:17:43.1 (3729011)|STATEMENT_EXECUTE|[1]
04:17:43.1 (3734667)|HEAP_ALLOCATE|[3]|Bytes:5
04:17:43.1 (3740804)|STATEMENT_EXECUTE|[3]
04:17:43.1 (3753794)|HEAP_ALLOCATE|[3]|Bytes:4
04:17:43.1 (3828372)|HEAP_ALLOCATE|[3]|Bytes:4
04:17:43.1 (3837680)|HEAP_ALLOCATE|[3]|Bytes:4
04:17:43.1 (3843423)|HEAP_ALLOCATE|[3]|Bytes:4
04:17:43.1 (3848422)|HEAP_ALLOCATE|[3]|Bytes:4
04:17:43.1 (3853825)|HEAP_ALLOCATE|[3]|Bytes:4
04:17:43.1 (3859222)|HEAP_ALLOCATE|[3]|Bytes:4
04:17:43.1 (3902878)|HEAP_ALLOCATE|[EXTERNAL]|Bytes:28
04:17:43.1 (3929740)|VARIABLE_ASSIGNMENT|[3]|this.integerList|"List of size 6 too large to display"|0xea4fcbf
04:17:43.1 (3946927)|CONSTRUCTOR_EXIT|[1]|01p6F00000MPtB2|<init>()|Array_Operations
04:17:43.1 (3958090)|SYSTEM_MODE_EXIT|false
04:17:43.1 (4035307)|VARIABLE_ASSIGNMENT|[1]|obj|{"integerList":"0x42fb9713"}|0xea4fcbf
04:17:43.1 (4048736)|STATEMENT_EXECUTE|[2]
04:17:43.1 (4078791)|SYSTEM_MODE_ENTER|false
04:17:43.1 (4104561)|HEAP_ALLOCATE|[2]|Bytes:5
04:17:43.1 (4132343)|METHOD_ENTRY|[2]|01p6F00000MPtB2|Array_Operations.Duplicate()
04:17:43.1 (4162736)|VARIABLE_SCOPE_BEGIN|[55]|this|Array_Operations|true|false
04:17:43.1 (4189663)|VARIABLE_ASSIGNMENT|[55]|this|{"integerList":"0x42fb9713"}|0xea4fcbf
04:17:43.1 (4208218)|HEAP_ALLOCATE|[57]|Bytes:5
04:17:43.1 (4214865)|STATEMENT_EXECUTE|[56]
04:17:43.1 (4217212)|STATEMENT_EXECUTE|[57]
04:17:43.1 (4222557)|VARIABLE_SCOPE_BEGIN|[57]|count|Integer|false|false
04:17:43.1 (4234299)|HEAP_ALLOCATE|[57]|Bytes:4
04:17:43.1 (4244518)|VARIABLE_ASSIGNMENT|[57]|count|1
04:17:43.1 (4251172)|STATEMENT_EXECUTE|[59]
04:17:43.1 (4254454)|VARIABLE_SCOPE_BEGIN|[59]|i|Integer|false|false
04:17:43.1 (4264051)|HEAP_ALLOCATE|[59]|Bytes:4
04:17:43.1 (4271327)|VARIABLE_ASSIGNMENT|[59]|i|0
04:17:43.1 (4319414)|STATEMENT_EXECUTE|[59]
04:17:43.1 (4323323)|STATEMENT_EXECUTE|[60]
04:17:43.1 (4328328)|VARIABLE_SCOPE_BEGIN|[60]|j|Integer|false|false
04:17:43.1 (4339449)|HEAP_ALLOCATE|[60]|Bytes:4
04:17:43.1 (4348115)|VARIABLE_ASSIGNMENT|[60]|j|1
04:17:43.1 (4377100)|STATEMENT_EXECUTE|[60]
04:17:43.1 (4387226)|HEAP_ALLOCATE|[61]|Bytes:8
04:17:43.1 (4397001)|HEAP_ALLOCATE|[61]|Bytes:8
04:17:43.1 (4403048)|STATEMENT_EXECUTE|[61]
04:17:43.1 (4405923)|HEAP_ALLOCATE|[60]|Bytes:4
04:17:43.1 (4415705)|VARIABLE_ASSIGNMENT|[60]|j|2
04:17:43.1 (4432301)|STATEMENT_EXECUTE|[60]
04:17:43.1 (4436502)|HEAP_ALLOCATE|[61]|Bytes:8
04:17:43.1 (4443415)|HEAP_ALLOCATE|[61]|Bytes:8
04:17:43.1 (4448439)|STATEMENT_EXECUTE|[61]
04:17:43.1 (4450810)|HEAP_ALLOCATE|[60]|Bytes:4
04:17:43.1 (4458116)|VARIABLE_ASSIGNMENT|[60]|j|3
04:17:43.1 (4471622)|STATEMENT_EXECUTE|[60]
04:17:43.1 (4475427)|HEAP_ALLOCATE|[61]|Bytes:8
04:17:43.1 (4481947)|HEAP_ALLOCATE|[61]|Bytes:8
04:17:43.1 (4487396)|STATEMENT_EXECUTE|[61]
04:17:43.1 (4489457)|STATEMENT_EXECUTE|[62]
04:17:43.1 (4491669)|HEAP_ALLOCATE|[62]|Bytes:4
04:17:43.1 (4500058)|VARIABLE_ASSIGNMENT|[62]|count|2
04:17:43.1 (4506940)|STATEMENT_EXECUTE|[63]
04:17:43.1 (4550874)|HEAP_ALLOCATE|[63]|Bytes:4
04:17:43.1 (4567287)|HEAP_ALLOCATE|[60]|Bytes:4
04:17:43.1 (4575805)|VARIABLE_ASSIGNMENT|[60]|j|4
04:17:43.1 (4590512)|STATEMENT_EXECUTE|[60]
04:17:43.1 (4595581)|HEAP_ALLOCATE|[61]|Bytes:8
04:17:43.1 (4602888)|HEAP_ALLOCATE|[61]|Bytes:8
04:17:43.1 (4608594)|STATEMENT_EXECUTE|[61]
04:17:43.1 (4611162)|HEAP_ALLOCATE|[60]|Bytes:4
04:17:43.1 (4619616)|VARIABLE_ASSIGNMENT|[60]|j|5
04:17:43.1 (4632998)|STATEMENT_EXECUTE|[60]
04:17:43.1 (4636978)|HEAP_ALLOCATE|[61]|Bytes:8
04:17:43.1 (4643395)|HEAP_ALLOCATE|[61]|Bytes:8
04:17:43.1 (4648243)|STATEMENT_EXECUTE|[61]
04:17:43.1 (4650089)|STATEMENT_EXECUTE|[62]
04:17:43.1 (4652316)|HEAP_ALLOCATE|[62]|Bytes:4
04:17:43.1 (4658841)|VARIABLE_ASSIGNMENT|[62]|count|3
04:17:43.1 (4664421)|STATEMENT_EXECUTE|[63]
04:17:43.1 (4670634)|HEAP_ALLOCATE|[63]|Bytes:4
04:17:43.1 (4678891)|HEAP_ALLOCATE|[60]|Bytes:4
04:17:43.1 (4686184)|VARIABLE_ASSIGNMENT|[60]|j|6
04:17:43.1 (4700305)|STATEMENT_EXECUTE|[60]
04:17:43.1 (4704520)|HEAP_ALLOCATE|[61]|Bytes:8
04:17:43.1 (4759241)|HEAP_ALLOCATE|[61]|Bytes:31
04:17:43.1 (4779926)|METHOD_EXIT|[2]|01p6F00000MPtB2|Array_Operations.Duplicate()
04:17:43.1 (4789648)|SYSTEM_MODE_EXIT|false
04:17:43.1 (4910134)|FATAL_ERROR|System.ListException: List index out of bounds: 6

Class.Array_Operations.Duplicate: line 61, column 1
AnonymousBlock: line 2, column 1
AnonymousBlock: line 2, column 1
04:17:43.4 (4969383)|CUMULATIVE_LIMIT_USAGE
04:17:43.4 (4969383)|LIMIT_USAGE_FOR_NS|(default)|
  Number of SOQL queries: 0 out of 100
  Number of query rows: 0 out of 50000
  Number of SOSL queries: 0 out of 20
  Number of DML statements: 0 out of 150
  Number of DML rows: 0 out of 10000
  Maximum CPU time: 0 out of 10000
  Maximum heap size: 0 out of 6000000
  Number of callouts: 0 out of 100
  Number of Email Invocations: 0 out of 10
  Number of future calls: 0 out of 50
  Number of queueable jobs added to the queue: 0 out of 50
  Number of Mobile Apex push calls: 0 out of 10

04:17:43.4 (4969383)|CUMULATIVE_LIMIT_USAGE_END

04:17:43.1 (5016176)|CODE_UNIT_FINISHED|execute_anonymous_apex
04:17:43.1 (6813113)|EXECUTION_FINISHED
