44.0 APEX_CODE,DEBUG;APEX_PROFILING,INFO;CALLOUT,INFO;DB,INFO;NBA,INFO;SYSTEM,DEBUG;VALIDATION,INFO;VISUALFORCE,DEBUG;WAVE,INFO;WORKFLOW,INFO
06:32:15.0 (298611)|USER_INFO|[EXTERNAL]|0056F00000ATCAZ|ayman.shaikh@gmail.com|Pacific Standard Time|GMT-07:00
06:32:15.0 (326081)|EXECUTION_STARTED
06:32:15.0 (329097)|CODE_UNIT_STARTED|[EXTERNAL]|Validation:Employee:new
06:32:15.0 (340163)|VALIDATION_RULE|03d6F000001EXpW|Resignation_Date_rule
06:32:15.0 (447943)|VALIDATION_FORMULA|Is_on_Notice_Period__c= true && ISBLANK(Resignation_Date__c)|Is_on_Notice_Period__c=0 , Resignation_Date__c=null
06:32:15.0 (453594)|VALIDATION_PASS
06:32:15.0 (454872)|VALIDATION_RULE|03d6F000001EXr8|Restrict_DOB
06:32:15.0 (621798)|VALIDATION_FORMULA|Age__c  <= 18|Age__c=28
06:32:15.0 (627636)|VALIDATION_PASS
06:32:15.0 (628445)|VALIDATION_RULE|03d6F000001EWg3|Check_Dates
06:32:15.0 (717885)|VALIDATION_FORMULA|Last_Working_Day__c  <  Date_of_Joining__c|Last_Working_Day__c=null , Date_of_Joining__c=2018-10-01 00:00:00
06:32:15.0 (723115)|VALIDATION_PASS
06:32:15.0 (723882)|VALIDATION_RULE|03d6F000001EWfy|Notice_Period
06:32:15.0 (777303)|VALIDATION_FORMULA|Is_on_Notice_Period__c  = true && ISBLANK( Resignation_Date__c )|Is_on_Notice_Period__c=0 , Resignation_Date__c=null
06:32:15.0 (782095)|VALIDATION_PASS
06:32:15.0 (987839)|CODE_UNIT_FINISHED|Validation:Employee:new
06:32:15.0 (994101)|EXECUTION_FINISHED
06:32:15.28 (28575180)|USER_INFO|[EXTERNAL]|0056F00000ATCAZ|ayman.shaikh@gmail.com|Pacific Standard Time|GMT-07:00
06:32:15.28 (28599594)|EXECUTION_STARTED
06:32:15.28 (28602726)|CODE_UNIT_STARTED|[EXTERNAL]|Workflow:01I6F000002DSKA
06:32:15.28 (44752210)|WF_RULE_EVAL_BEGIN|Workflow
06:32:15.28 (44782976)|WF_CRITERIA_BEGIN|[Employee: EMP-000067 a056F00000o2mOZ]|one to one|01Q6F0000015jKG|ON_ALL_CHANGES|0
06:32:15.28 (46096661)|WF_RULE_FILTER|[Employee : Employees ID not equal to NULL]
06:32:15.28 (46116462)|WF_RULE_EVAL_VALUE|EMP-000067
06:32:15.28 (46120320)|WF_CRITERIA_END|true
06:32:15.28 (65030655)|WF_CRITERIA_BEGIN|[Employee: EMP-000067 a056F00000o2mOZ]|Record deactivated|01Q6F0000015jIy|ON_CREATE_OR_TRIGGERING_UPDATE|0
06:32:15.28 (65207661)|WF_FORMULA|Formula:ENCODED:[treatNullAsNull]NOT({!ID:00N6F00000RfoKy})|Values:Is_Active__c=1
06:32:15.28 (65215353)|WF_CRITERIA_END|false
06:32:15.28 (65232822)|WF_SPOOL_ACTION_BEGIN|Workflow
06:32:15.28 (67931330)|WF_FIELD_UPDATE|[Employee: EMP-000067 a056F00000o2mOZ]|Field:Employee: Roll Id|Value:1|Id=04Y6F000000kSXA|CurrentRule:one to one (Id=01Q6F0000015jKG)
06:32:15.28 (67964636)|WF_ACTION| Field Update: 1;
06:32:15.28 (67972986)|WF_RULE_EVAL_END
06:32:15.28 (79538432)|WF_ACTIONS_END| Field Update: 1;
06:32:15.28 (79553958)|CODE_UNIT_FINISHED|Workflow:01I6F000002DSKA
06:32:15.28 (79560062)|EXECUTION_FINISHED
