44.0 APEX_CODE,FINEST;APEX_PROFILING,INFO;CALLOUT,INFO;DB,INFO;NBA,INFO;SYSTEM,DEBUG;VALIDATION,INFO;VISUALFORCE,INFO;WAVE,INFO;WORKFLOW,INFO
Execute Anonymous: Simple_Interest um=new Simple_Interest();
Execute Anonymous: um.calculateSI(5,2,4);
09:02:40.1 (1267078)|USER_INFO|[EXTERNAL]|0056F00000ATCAZ|ayman.shaikh@gmail.com|Pacific Standard Time|GMT-07:00
09:02:40.1 (1295720)|EXECUTION_STARTED
09:02:40.1 (1301559)|CODE_UNIT_STARTED|[EXTERNAL]|execute_anonymous_apex
09:02:40.1 (11976251)|VARIABLE_SCOPE_BEGIN|[1]|um|Simple_Interest|true|false
09:02:40.1 (12186740)|HEAP_ALLOCATE|[72]|Bytes:3
09:02:40.1 (12225751)|HEAP_ALLOCATE|[77]|Bytes:152
09:02:40.1 (12240540)|HEAP_ALLOCATE|[342]|Bytes:408
09:02:40.1 (12256431)|HEAP_ALLOCATE|[355]|Bytes:408
09:02:40.1 (12277872)|HEAP_ALLOCATE|[467]|Bytes:48
09:02:40.1 (12321383)|HEAP_ALLOCATE|[139]|Bytes:6
09:02:40.1 (12377677)|HEAP_ALLOCATE|[EXTERNAL]|Bytes:3
09:02:40.1 (12433377)|STATEMENT_EXECUTE|[1]
09:02:40.1 (12438054)|STATEMENT_EXECUTE|[1]
09:02:40.1 (12445190)|HEAP_ALLOCATE|[1]|Bytes:1
09:02:40.1 (12457596)|HEAP_ALLOCATE|[1]|Bytes:1
09:02:40.1 (12510201)|METHOD_ENTRY|[1]|01p6F00000MPcgU|Simple_Interest.Simple_Interest()
09:02:40.1 (12525139)|STATEMENT_EXECUTE|[1]
09:02:40.1 (12531495)|STATEMENT_EXECUTE|[1]
09:02:40.1 (12570006)|HEAP_ALLOCATE|[50]|Bytes:5
09:02:40.1 (12607567)|HEAP_ALLOCATE|[56]|Bytes:5
09:02:40.1 (12624365)|HEAP_ALLOCATE|[64]|Bytes:7
09:02:40.1 (12682952)|SYSTEM_MODE_ENTER|false
09:02:40.1 (12704738)|HEAP_ALLOCATE|[1]|Bytes:5
09:02:40.1 (12718920)|SYSTEM_MODE_EXIT|false
09:02:40.1 (12734736)|METHOD_EXIT|[1]|Simple_Interest
09:02:40.1 (12756580)|HEAP_ALLOCATE|[1]|Bytes:4
09:02:40.1 (12799710)|SYSTEM_MODE_ENTER|false
09:02:40.1 (12843468)|HEAP_ALLOCATE|[1]|Bytes:5
09:02:40.1 (12886533)|CONSTRUCTOR_ENTRY|[1]|01p6F00000MPcgU|<init>()|Simple_Interest
09:02:40.1 (12931740)|VARIABLE_SCOPE_BEGIN|[1]|this|Simple_Interest|true|false
09:02:40.1 (12997596)|VARIABLE_ASSIGNMENT|[1]|this|{}|0x3661e43c
09:02:40.1 (13019303)|HEAP_ALLOCATE|[EXTERNAL]|Bytes:5
09:02:40.1 (13038625)|HEAP_ALLOCATE|[EXTERNAL]|Bytes:6
09:02:40.1 (13106103)|STATEMENT_EXECUTE|[1]
09:02:40.1 (13118447)|HEAP_ALLOCATE|[EXTERNAL]|Bytes:5
09:02:40.1 (13138533)|CONSTRUCTOR_EXIT|[1]|01p6F00000MPcgU|<init>()|Simple_Interest
09:02:40.1 (13176394)|SYSTEM_MODE_EXIT|false
09:02:40.1 (13230187)|VARIABLE_ASSIGNMENT|[1]|um|{}|0x3661e43c
09:02:40.1 (13243323)|STATEMENT_EXECUTE|[2]
09:02:40.1 (13305803)|SYSTEM_MODE_ENTER|false
09:02:40.1 (13340761)|HEAP_ALLOCATE|[2]|Bytes:5
09:02:40.1 (13419725)|METHOD_ENTRY|[2]|01p6F00000MPcgU|Simple_Interest.calculateSI(Integer, Integer, Integer)
09:02:40.1 (13462377)|VARIABLE_SCOPE_BEGIN|[2]|this|Simple_Interest|true|false
09:02:40.1 (13491210)|VARIABLE_ASSIGNMENT|[2]|this|{}|0x3661e43c
09:02:40.1 (13504250)|VARIABLE_SCOPE_BEGIN|[2]|principle|Integer|false|false
09:02:40.1 (13520733)|VARIABLE_ASSIGNMENT|[2]|principle|5
09:02:40.1 (13529766)|VARIABLE_SCOPE_BEGIN|[2]|rate|Integer|false|false
09:02:40.1 (13543374)|VARIABLE_ASSIGNMENT|[2]|rate|2
09:02:40.1 (13551660)|VARIABLE_SCOPE_BEGIN|[2]|int_time|Integer|false|false
09:02:40.1 (13564636)|VARIABLE_ASSIGNMENT|[2]|int_time|4
09:02:40.1 (13584844)|HEAP_ALLOCATE|[3]|Bytes:5
09:02:40.1 (13594961)|STATEMENT_EXECUTE|[2]
09:02:40.1 (13597673)|STATEMENT_EXECUTE|[3]
09:02:40.1 (13606291)|VARIABLE_SCOPE_BEGIN|[3]|PI|Integer|false|false
09:02:40.1 (13624543)|VARIABLE_ASSIGNMENT|[3]|PI|null
09:02:40.1 (13632492)|STATEMENT_EXECUTE|[5]
09:02:40.1 (13640021)|HEAP_ALLOCATE|[5]|Bytes:4
09:02:40.1 (13652268)|VARIABLE_ASSIGNMENT|[5]|PI|40
09:02:40.1 (13659091)|STATEMENT_EXECUTE|[7]
09:02:40.1 (13738714)|USER_DEBUG|[7]|DEBUG|40
09:02:40.1 (13768980)|METHOD_EXIT|[2]|01p6F00000MPcgU|Simple_Interest.calculateSI(Integer, Integer, Integer)
09:02:40.1 (13781891)|SYSTEM_MODE_EXIT|false
09:02:40.13 (13840098)|CUMULATIVE_LIMIT_USAGE
09:02:40.13 (13840098)|LIMIT_USAGE_FOR_NS|(default)|
  Number of SOQL queries: 0 out of 100
  Number of query rows: 0 out of 50000
  Number of SOSL queries: 0 out of 20
  Number of DML statements: 0 out of 150
  Number of DML rows: 0 out of 10000
  Maximum CPU time: 0 out of 10000
  Maximum heap size: 0 out of 6000000
  Number of callouts: 0 out of 100
  Number of Email Invocations: 0 out of 10
  Number of future calls: 0 out of 50
  Number of queueable jobs added to the queue: 0 out of 50
  Number of Mobile Apex push calls: 0 out of 10

09:02:40.13 (13840098)|CUMULATIVE_LIMIT_USAGE_END

09:02:40.1 (13902979)|CODE_UNIT_FINISHED|execute_anonymous_apex
09:02:40.1 (15102295)|EXECUTION_FINISHED
