44.0 APEX_CODE,FINEST;APEX_PROFILING,INFO;CALLOUT,INFO;DB,INFO;NBA,INFO;SYSTEM,DEBUG;VALIDATION,INFO;VISUALFORCE,INFO;WAVE,INFO;WORKFLOW,INFO
Execute Anonymous: Array_Operations obj = new Array_Operations();
Execute Anonymous: obj.Duplicate();
05:04:05.1 (1266343)|USER_INFO|[EXTERNAL]|0056F00000ATCAZ|ayman.shaikh@gmail.com|Pacific Standard Time|GMT-07:00
05:04:05.1 (1287067)|EXECUTION_STARTED
05:04:05.1 (1291177)|CODE_UNIT_STARTED|[EXTERNAL]|execute_anonymous_apex
05:04:05.1 (9290038)|VARIABLE_SCOPE_BEGIN|[1]|obj|Array_Operations|true|false
05:04:05.1 (9427895)|HEAP_ALLOCATE|[72]|Bytes:3
05:04:05.1 (9462387)|HEAP_ALLOCATE|[77]|Bytes:152
05:04:05.1 (9476704)|HEAP_ALLOCATE|[342]|Bytes:408
05:04:05.1 (9489483)|HEAP_ALLOCATE|[355]|Bytes:408
05:04:05.1 (9501822)|HEAP_ALLOCATE|[467]|Bytes:48
05:04:05.1 (9528591)|HEAP_ALLOCATE|[139]|Bytes:6
05:04:05.1 (9552018)|HEAP_ALLOCATE|[EXTERNAL]|Bytes:3
05:04:05.1 (9582535)|STATEMENT_EXECUTE|[1]
05:04:05.1 (9585554)|STATEMENT_EXECUTE|[1]
05:04:05.1 (9588834)|HEAP_ALLOCATE|[1]|Bytes:13
05:04:05.1 (9594830)|HEAP_ALLOCATE|[1]|Bytes:25
05:04:05.1 (9622820)|METHOD_ENTRY|[1]|01p6F00000MPtB2|Array_Operations.Array_Operations()
05:04:05.1 (9628569)|STATEMENT_EXECUTE|[1]
05:04:05.1 (9632430)|STATEMENT_EXECUTE|[1]
05:04:05.1 (9657778)|HEAP_ALLOCATE|[50]|Bytes:5
05:04:05.1 (9680218)|HEAP_ALLOCATE|[56]|Bytes:5
05:04:05.1 (9688056)|HEAP_ALLOCATE|[64]|Bytes:7
05:04:05.1 (9707333)|SYSTEM_MODE_ENTER|false
05:04:05.1 (9719494)|HEAP_ALLOCATE|[1]|Bytes:5
05:04:05.1 (9727264)|SYSTEM_MODE_EXIT|false
05:04:05.1 (9736563)|METHOD_EXIT|[1]|Array_Operations
05:04:05.1 (9779437)|HEAP_ALLOCATE|[1]|Bytes:8
05:04:05.1 (9805855)|SYSTEM_MODE_ENTER|false
05:04:05.1 (9829709)|HEAP_ALLOCATE|[1]|Bytes:5
05:04:05.1 (9843536)|CONSTRUCTOR_ENTRY|[1]|01p6F00000MPtB2|<init>()|Array_Operations
05:04:05.1 (9870342)|VARIABLE_SCOPE_BEGIN|[1]|this|Array_Operations|true|false
05:04:05.1 (9922678)|VARIABLE_ASSIGNMENT|[1]|this|{}|0x372836ae
05:04:05.1 (9935059)|HEAP_ALLOCATE|[3]|Bytes:5
05:04:05.1 (9943969)|HEAP_ALLOCATE|[3]|Bytes:6
05:04:05.1 (9985179)|STATEMENT_EXECUTE|[1]
05:04:05.1 (9990670)|HEAP_ALLOCATE|[3]|Bytes:5
05:04:05.1 (9995156)|STATEMENT_EXECUTE|[3]
05:04:05.1 (10006308)|HEAP_ALLOCATE|[3]|Bytes:4
05:04:05.1 (10069388)|HEAP_ALLOCATE|[3]|Bytes:4
05:04:05.1 (10076971)|HEAP_ALLOCATE|[3]|Bytes:4
05:04:05.1 (10081002)|HEAP_ALLOCATE|[3]|Bytes:4
05:04:05.1 (10085089)|HEAP_ALLOCATE|[3]|Bytes:4
05:04:05.1 (10089052)|HEAP_ALLOCATE|[3]|Bytes:4
05:04:05.1 (10092926)|HEAP_ALLOCATE|[3]|Bytes:4
05:04:05.1 (10096541)|HEAP_ALLOCATE|[3]|Bytes:4
05:04:05.1 (10100387)|HEAP_ALLOCATE|[3]|Bytes:4
05:04:05.1 (10104390)|HEAP_ALLOCATE|[3]|Bytes:4
05:04:05.1 (10108547)|HEAP_ALLOCATE|[3]|Bytes:4
05:04:05.1 (10134604)|HEAP_ALLOCATE|[EXTERNAL]|Bytes:44
05:04:05.1 (10155692)|VARIABLE_ASSIGNMENT|[3]|this.integerList|"List of size 10 too large to display"|0x372836ae
05:04:05.1 (10167344)|CONSTRUCTOR_EXIT|[1]|01p6F00000MPtB2|<init>()|Array_Operations
05:04:05.1 (10174858)|SYSTEM_MODE_EXIT|false
05:04:05.1 (10202473)|VARIABLE_ASSIGNMENT|[1]|obj|{"integerList":"0x371ba65"}|0x372836ae
05:04:05.1 (10209590)|STATEMENT_EXECUTE|[2]
05:04:05.1 (10233229)|SYSTEM_MODE_ENTER|false
05:04:05.1 (10252014)|HEAP_ALLOCATE|[2]|Bytes:5
05:04:05.1 (10274558)|METHOD_ENTRY|[2]|01p6F00000MPtB2|Array_Operations.Duplicate()
05:04:05.1 (10297819)|VARIABLE_SCOPE_BEGIN|[55]|this|Array_Operations|true|false
05:04:05.1 (10318171)|VARIABLE_ASSIGNMENT|[55]|this|{"integerList":"0x371ba65"}|0x372836ae
05:04:05.1 (10330887)|HEAP_ALLOCATE|[57]|Bytes:5
05:04:05.1 (10335737)|STATEMENT_EXECUTE|[56]
05:04:05.1 (10337602)|STATEMENT_EXECUTE|[57]
05:04:05.1 (10341307)|VARIABLE_SCOPE_BEGIN|[57]|Digit|Integer|false|false
05:04:05.1 (10351685)|VARIABLE_ASSIGNMENT|[57]|Digit|null
05:04:05.1 (10355691)|STATEMENT_EXECUTE|[58]
05:04:05.1 (10370593)|HEAP_ALLOCATE|[58]|Bytes:4
05:04:05.1 (10399439)|HEAP_ALLOCATE|[58]|Bytes:4
05:04:05.1 (10405382)|HEAP_ALLOCATE|[58]|Bytes:4
05:04:05.1 (10409282)|HEAP_ALLOCATE|[58]|Bytes:4
05:04:05.1 (10412978)|HEAP_ALLOCATE|[58]|Bytes:4
05:04:05.1 (10416716)|HEAP_ALLOCATE|[58]|Bytes:4
05:04:05.1 (10420626)|HEAP_ALLOCATE|[58]|Bytes:4
05:04:05.1 (10424214)|HEAP_ALLOCATE|[58]|Bytes:4
05:04:05.1 (10427873)|HEAP_ALLOCATE|[58]|Bytes:4
05:04:05.1 (10431556)|HEAP_ALLOCATE|[58]|Bytes:4
05:04:05.1 (10435535)|HEAP_ALLOCATE|[58]|Bytes:4
05:04:05.1 (10440002)|VARIABLE_SCOPE_BEGIN|[58]|countList|List<Integer>|true|false
05:04:05.1 (10483077)|HEAP_ALLOCATE|[EXTERNAL]|Bytes:44
05:04:05.1 (10513817)|VARIABLE_ASSIGNMENT|[58]|countList|"List of size 10 too large to display"|0x6051a150
05:04:05.1 (10527191)|STATEMENT_EXECUTE|[59]
05:04:05.1 (10532892)|VARIABLE_SCOPE_BEGIN|[59]|j|Integer|false|false
05:04:05.1 (10544868)|HEAP_ALLOCATE|[59]|Bytes:4
05:04:05.1 (10555297)|VARIABLE_ASSIGNMENT|[59]|j|0
05:04:05.1 (10562620)|STATEMENT_EXECUTE|[59]
05:04:05.1 (10564318)|STATEMENT_EXECUTE|[61]
05:04:05.1 (10575495)|HEAP_ALLOCATE|[61]|Bytes:8
05:04:05.1 (10584399)|VARIABLE_ASSIGNMENT|[61]|Digit|43
05:04:05.1 (10588726)|STATEMENT_EXECUTE|[62]
05:04:05.1 (10635808)|HEAP_ALLOCATE|[62]|Bytes:32
05:04:05.1 (10653490)|METHOD_EXIT|[2]|01p6F00000MPtB2|Array_Operations.Duplicate()
05:04:05.1 (10661742)|SYSTEM_MODE_EXIT|false
05:04:05.1 (10820740)|FATAL_ERROR|System.ListException: List index out of bounds: 43

Class.Array_Operations.Duplicate: line 62, column 1
AnonymousBlock: line 2, column 1
AnonymousBlock: line 2, column 1
05:04:05.10 (10875851)|CUMULATIVE_LIMIT_USAGE
05:04:05.10 (10875851)|LIMIT_USAGE_FOR_NS|(default)|
  Number of SOQL queries: 0 out of 100
  Number of query rows: 0 out of 50000
  Number of SOSL queries: 0 out of 20
  Number of DML statements: 0 out of 150
  Number of DML rows: 0 out of 10000
  Maximum CPU time: 0 out of 10000
  Maximum heap size: 0 out of 6000000
  Number of callouts: 0 out of 100
  Number of Email Invocations: 0 out of 10
  Number of future calls: 0 out of 50
  Number of queueable jobs added to the queue: 0 out of 50
  Number of Mobile Apex push calls: 0 out of 10

05:04:05.10 (10875851)|CUMULATIVE_LIMIT_USAGE_END

05:04:05.1 (10913781)|CODE_UNIT_FINISHED|execute_anonymous_apex
05:04:05.1 (11831790)|EXECUTION_FINISHED
