44.0 APEX_CODE,FINEST;APEX_PROFILING,INFO;CALLOUT,INFO;DB,INFO;NBA,INFO;SYSTEM,DEBUG;VALIDATION,INFO;VISUALFORCE,INFO;WAVE,INFO;WORKFLOW,INFO
Execute Anonymous: 
Execute Anonymous: ParentClass obj1, obj2;
Execute Anonymous: obj1 = new ParentClass();
Execute Anonymous: obj1.write();
Execute Anonymous: obj2 = new ChildClass();
Execute Anonymous: obj2.write();
Execute Anonymous: obj2.ParentClassAdd();
07:10:45.1 (1266356)|USER_INFO|[EXTERNAL]|0056F00000ATCAZ|ayman.shaikh@gmail.com|Pacific Standard Time|GMT-07:00
07:10:45.1 (1296502)|EXECUTION_STARTED
07:10:45.1 (1302254)|CODE_UNIT_STARTED|[EXTERNAL]|execute_anonymous_apex
07:10:45.1 (14808954)|VARIABLE_SCOPE_BEGIN|[2]|obj1|ParentClass|true|false
07:10:45.1 (14830284)|VARIABLE_SCOPE_BEGIN|[2]|obj2|ParentClass|true|false
07:10:45.1 (14974111)|HEAP_ALLOCATE|[72]|Bytes:3
07:10:45.1 (15014605)|HEAP_ALLOCATE|[77]|Bytes:152
07:10:45.1 (15035988)|HEAP_ALLOCATE|[342]|Bytes:408
07:10:45.1 (15060547)|HEAP_ALLOCATE|[355]|Bytes:408
07:10:45.1 (15081759)|HEAP_ALLOCATE|[467]|Bytes:48
07:10:45.1 (15118339)|HEAP_ALLOCATE|[139]|Bytes:6
07:10:45.1 (15153574)|HEAP_ALLOCATE|[EXTERNAL]|Bytes:11
07:10:45.1 (15204997)|STATEMENT_EXECUTE|[1]
07:10:45.1 (15208379)|STATEMENT_EXECUTE|[2]
07:10:45.1 (15228643)|VARIABLE_ASSIGNMENT|[2]|obj1|null|
07:10:45.1 (15234287)|STATEMENT_EXECUTE|[2]
07:10:45.1 (15239436)|VARIABLE_ASSIGNMENT|[2]|obj2|null|
07:10:45.1 (15243482)|STATEMENT_EXECUTE|[3]
07:10:45.1 (15247839)|HEAP_ALLOCATE|[3]|Bytes:3
07:10:45.1 (15253563)|HEAP_ALLOCATE|[3]|Bytes:4
07:10:45.1 (15279079)|METHOD_ENTRY|[1]|01p6F00000MR10y|ParentClass.ParentClass()
07:10:45.1 (15286083)|STATEMENT_EXECUTE|[1]
07:10:45.1 (15289756)|STATEMENT_EXECUTE|[1]
07:10:45.1 (15294334)|METHOD_EXIT|[1]|ParentClass
07:10:45.1 (15310585)|HEAP_ALLOCATE|[3]|Bytes:4
07:10:45.1 (15343557)|HEAP_ALLOCATE|[50]|Bytes:5
07:10:45.1 (15367015)|HEAP_ALLOCATE|[56]|Bytes:5
07:10:45.1 (15374696)|HEAP_ALLOCATE|[64]|Bytes:7
07:10:45.1 (15392787)|SYSTEM_MODE_ENTER|false
07:10:45.1 (15427111)|HEAP_ALLOCATE|[3]|Bytes:5
07:10:45.1 (15440616)|CONSTRUCTOR_ENTRY|[3]|01p6F00000MR10y|<init>()|ParentClass
07:10:45.1 (15469248)|VARIABLE_SCOPE_BEGIN|[1]|this|ParentClass|true|false
07:10:45.1 (15499037)|VARIABLE_ASSIGNMENT|[1]|this|{}|0x4c8327f4
07:10:45.1 (15510027)|HEAP_ALLOCATE|[EXTERNAL]|Bytes:6
07:10:45.1 (15545224)|STATEMENT_EXECUTE|[1]
07:10:45.1 (15550100)|CONSTRUCTOR_EXIT|[3]|01p6F00000MR10y|<init>()|ParentClass
07:10:45.1 (15561712)|SYSTEM_MODE_EXIT|false
07:10:45.1 (15577429)|VARIABLE_ASSIGNMENT|[3]|obj1|{}|0x4c8327f4
07:10:45.1 (15583586)|STATEMENT_EXECUTE|[4]
07:10:45.1 (15602853)|SYSTEM_MODE_ENTER|false
07:10:45.1 (15618620)|HEAP_ALLOCATE|[4]|Bytes:5
07:10:45.1 (15647610)|METHOD_ENTRY|[4]|01p6F00000MR10y|ParentClass.write()
07:10:45.1 (15668601)|VARIABLE_SCOPE_BEGIN|[3]|this|ParentClass|true|false
07:10:45.1 (15683132)|VARIABLE_ASSIGNMENT|[3]|this|{}|0x4c8327f4
07:10:45.1 (15692407)|STATEMENT_EXECUTE|[3]
07:10:45.1 (15694255)|STATEMENT_EXECUTE|[5]
07:10:45.1 (15697488)|HEAP_ALLOCATE|[5]|Bytes:20
07:10:45.1 (15751808)|USER_DEBUG|[5]|DEBUG|This is Parent Class
07:10:45.1 (15765084)|METHOD_EXIT|[4]|01p6F00000MR10y|ParentClass.write()
07:10:45.1 (15771733)|SYSTEM_MODE_EXIT|false
07:10:45.1 (15776696)|STATEMENT_EXECUTE|[5]
07:10:45.1 (23798761)|HEAP_ALLOCATE|[5]|Bytes:1
07:10:45.1 (23809601)|HEAP_ALLOCATE|[5]|Bytes:1
07:10:45.1 (23824254)|METHOD_ENTRY|[1]|01p6F00000MR2GO|ChildClass.ChildClass()
07:10:45.1 (23829577)|STATEMENT_EXECUTE|[1]
07:10:45.1 (23833360)|STATEMENT_EXECUTE|[1]
07:10:45.1 (23837591)|METHOD_EXIT|[1]|ChildClass
07:10:45.1 (23849575)|HEAP_ALLOCATE|[5]|Bytes:4
07:10:45.1 (23873049)|SYSTEM_MODE_ENTER|false
07:10:45.1 (23886496)|HEAP_ALLOCATE|[5]|Bytes:5
07:10:45.1 (23897777)|CONSTRUCTOR_ENTRY|[5]|01p6F00000MR2GO|<init>()|ChildClass
07:10:45.1 (23917998)|VARIABLE_SCOPE_BEGIN|[1]|this|ChildClass|true|false
07:10:45.1 (23939324)|VARIABLE_ASSIGNMENT|[1]|this|{}|0x7ad8c964
07:10:45.1 (23948553)|CONSTRUCTOR_ENTRY|[EXTERNAL]|01p6F00000MR10y|<init>()|ParentClass
07:10:45.1 (23959252)|VARIABLE_SCOPE_BEGIN|[1]|this|ParentClass|true|false
07:10:45.1 (23970779)|VARIABLE_ASSIGNMENT|[1]|this|{}|0x7ad8c964
07:10:45.1 (23987377)|STATEMENT_EXECUTE|[1]
07:10:45.1 (23991544)|CONSTRUCTOR_EXIT|[EXTERNAL]|01p6F00000MR10y|<init>()|ParentClass
07:10:45.1 (23997959)|STATEMENT_EXECUTE|[1]
07:10:45.1 (24000468)|CONSTRUCTOR_EXIT|[5]|01p6F00000MR2GO|<init>()|ChildClass
07:10:45.1 (24009750)|SYSTEM_MODE_EXIT|false
07:10:45.1 (24026489)|VARIABLE_ASSIGNMENT|[5]|obj2|{}|0x7ad8c964
07:10:45.1 (24033306)|STATEMENT_EXECUTE|[6]
07:10:45.1 (24051006)|SYSTEM_MODE_ENTER|false
07:10:45.1 (24061851)|HEAP_ALLOCATE|[6]|Bytes:5
07:10:45.1 (24080953)|METHOD_ENTRY|[6]|01p6F00000MR2GO|ChildClass.write()
07:10:45.1 (24100637)|VARIABLE_SCOPE_BEGIN|[2]|this|ChildClass|true|false
07:10:45.1 (24114478)|VARIABLE_ASSIGNMENT|[2]|this|{}|0x7ad8c964
07:10:45.1 (24122875)|STATEMENT_EXECUTE|[2]
07:10:45.1 (24124655)|STATEMENT_EXECUTE|[4]
07:10:45.1 (24127949)|HEAP_ALLOCATE|[4]|Bytes:19
07:10:45.1 (24160508)|USER_DEBUG|[4]|DEBUG|This is ChildClass.
07:10:45.1 (24172691)|METHOD_EXIT|[6]|01p6F00000MR2GO|ChildClass.write()
07:10:45.1 (24179370)|SYSTEM_MODE_EXIT|false
07:10:45.1 (24184643)|STATEMENT_EXECUTE|[7]
07:10:45.1 (24200480)|SYSTEM_MODE_ENTER|false
07:10:45.1 (24210399)|HEAP_ALLOCATE|[7]|Bytes:5
07:10:45.1 (24219386)|METHOD_ENTRY|[7]|01p6F00000MR10y|ParentClass.ParentClassAdd()
07:10:45.1 (24234319)|VARIABLE_SCOPE_BEGIN|[8]|this|ParentClass|true|false
07:10:45.1 (24247300)|VARIABLE_ASSIGNMENT|[8]|this|{}|0x7ad8c964
07:10:45.1 (24254641)|STATEMENT_EXECUTE|[8]
07:10:45.1 (24256609)|STATEMENT_EXECUTE|[9]
07:10:45.1 (24260730)|VARIABLE_SCOPE_BEGIN|[9]|IntNum1|Integer|false|false
07:10:45.1 (24270182)|VARIABLE_ASSIGNMENT|[9]|IntNum1|null
07:10:45.1 (24274285)|STATEMENT_EXECUTE|[9]
07:10:45.1 (24276223)|VARIABLE_SCOPE_BEGIN|[9]|IntNum2|Integer|false|false
07:10:45.1 (24284057)|VARIABLE_ASSIGNMENT|[9]|IntNum2|null
07:10:45.1 (24287889)|STATEMENT_EXECUTE|[9]
07:10:45.1 (24290850)|VARIABLE_SCOPE_BEGIN|[9]|IntSum|Integer|false|false
07:10:45.1 (24297256)|HEAP_ALLOCATE|[9]|Bytes:4
07:10:45.1 (24303412)|VARIABLE_ASSIGNMENT|[9]|IntSum|0
07:10:45.1 (24307095)|STATEMENT_EXECUTE|[10]
07:10:45.1 (24456367)|HEAP_ALLOCATE|[10]|Bytes:41
07:10:45.1 (24479555)|METHOD_EXIT|[7]|01p6F00000MR10y|ParentClass.ParentClassAdd()
07:10:45.1 (24489360)|SYSTEM_MODE_EXIT|false
07:10:45.1 (24585662)|FATAL_ERROR|System.NullPointerException: Attempt to de-reference a null object

Class.ParentClass.ParentClassAdd: line 10, column 1
AnonymousBlock: line 7, column 1
AnonymousBlock: line 7, column 1
07:10:45.24 (24653315)|CUMULATIVE_LIMIT_USAGE
07:10:45.24 (24653315)|LIMIT_USAGE_FOR_NS|(default)|
  Number of SOQL queries: 0 out of 100
  Number of query rows: 0 out of 50000
  Number of SOSL queries: 0 out of 20
  Number of DML statements: 0 out of 150
  Number of DML rows: 0 out of 10000
  Maximum CPU time: 0 out of 10000
  Maximum heap size: 0 out of 6000000
  Number of callouts: 0 out of 100
  Number of Email Invocations: 0 out of 10
  Number of future calls: 0 out of 50
  Number of queueable jobs added to the queue: 0 out of 50
  Number of Mobile Apex push calls: 0 out of 10

07:10:45.24 (24653315)|CUMULATIVE_LIMIT_USAGE_END

07:10:45.1 (24693391)|CODE_UNIT_FINISHED|execute_anonymous_apex
07:10:45.1 (25959323)|EXECUTION_FINISHED
