44.0 APEX_CODE,FINEST;APEX_PROFILING,INFO;CALLOUT,INFO;DB,INFO;NBA,INFO;SYSTEM,DEBUG;VALIDATION,INFO;VISUALFORCE,INFO;WAVE,INFO;WORKFLOW,INFO
Execute Anonymous: Array_Of_Int objArray = new Array_Of_Int();
Execute Anonymous: objArray.Shape(3);
07:09:06.1 (1336868)|USER_INFO|[EXTERNAL]|0056F00000ATCAZ|ayman.shaikh@gmail.com|Pacific Standard Time|GMT-07:00
07:09:06.1 (1355094)|EXECUTION_STARTED
07:09:06.1 (1359054)|CODE_UNIT_STARTED|[EXTERNAL]|execute_anonymous_apex
07:09:06.1 (10688538)|VARIABLE_SCOPE_BEGIN|[1]|objArray|Array_Of_Int|true|false
07:09:06.1 (10824945)|HEAP_ALLOCATE|[72]|Bytes:3
07:09:06.1 (10858465)|HEAP_ALLOCATE|[77]|Bytes:152
07:09:06.1 (10873294)|HEAP_ALLOCATE|[342]|Bytes:408
07:09:06.1 (10886560)|HEAP_ALLOCATE|[355]|Bytes:408
07:09:06.1 (10908925)|HEAP_ALLOCATE|[467]|Bytes:48
07:09:06.1 (10939040)|HEAP_ALLOCATE|[139]|Bytes:6
07:09:06.1 (10963767)|HEAP_ALLOCATE|[EXTERNAL]|Bytes:3
07:09:06.1 (10997987)|STATEMENT_EXECUTE|[1]
07:09:06.1 (11001047)|STATEMENT_EXECUTE|[1]
07:09:06.1 (11005429)|HEAP_ALLOCATE|[1]|Bytes:1
07:09:06.1 (11011659)|HEAP_ALLOCATE|[1]|Bytes:2
07:09:06.1 (11037601)|METHOD_ENTRY|[1]|01p6F00000MPYhK|Array_Of_Int.Array_Of_Int()
07:09:06.1 (11043815)|STATEMENT_EXECUTE|[1]
07:09:06.1 (11047800)|STATEMENT_EXECUTE|[1]
07:09:06.1 (11077553)|HEAP_ALLOCATE|[50]|Bytes:5
07:09:06.1 (11098300)|HEAP_ALLOCATE|[56]|Bytes:5
07:09:06.1 (11106408)|HEAP_ALLOCATE|[64]|Bytes:7
07:09:06.1 (11123242)|SYSTEM_MODE_ENTER|false
07:09:06.1 (11134564)|HEAP_ALLOCATE|[1]|Bytes:5
07:09:06.1 (11141023)|SYSTEM_MODE_EXIT|false
07:09:06.1 (11150075)|METHOD_EXIT|[1]|Array_Of_Int
07:09:06.1 (11164039)|HEAP_ALLOCATE|[1]|Bytes:4
07:09:06.1 (11187156)|SYSTEM_MODE_ENTER|false
07:09:06.1 (11214026)|HEAP_ALLOCATE|[1]|Bytes:5
07:09:06.1 (11224812)|CONSTRUCTOR_ENTRY|[1]|01p6F00000MPYhK|<init>()|Array_Of_Int
07:09:06.1 (11251076)|VARIABLE_SCOPE_BEGIN|[1]|this|Array_Of_Int|true|false
07:09:06.1 (11289844)|VARIABLE_ASSIGNMENT|[1]|this|{}|0x540892b1
07:09:06.1 (11301093)|HEAP_ALLOCATE|[EXTERNAL]|Bytes:5
07:09:06.1 (11310145)|HEAP_ALLOCATE|[EXTERNAL]|Bytes:6
07:09:06.1 (11363181)|STATEMENT_EXECUTE|[1]
07:09:06.1 (11371103)|HEAP_ALLOCATE|[EXTERNAL]|Bytes:5
07:09:06.1 (11384395)|CONSTRUCTOR_EXIT|[1]|01p6F00000MPYhK|<init>()|Array_Of_Int
07:09:06.1 (11395690)|SYSTEM_MODE_EXIT|false
07:09:06.1 (11425824)|VARIABLE_ASSIGNMENT|[1]|objArray|{}|0x540892b1
07:09:06.1 (11435266)|STATEMENT_EXECUTE|[2]
07:09:06.1 (11466150)|SYSTEM_MODE_ENTER|false
07:09:06.1 (11492503)|HEAP_ALLOCATE|[2]|Bytes:5
07:09:06.1 (11527281)|METHOD_ENTRY|[2]|01p6F00000MPYhK|Array_Of_Int.Shape(Integer)
07:09:06.1 (11563065)|VARIABLE_SCOPE_BEGIN|[4]|this|Array_Of_Int|true|false
07:09:06.1 (11589081)|VARIABLE_ASSIGNMENT|[4]|this|{}|0x540892b1
07:09:06.1 (11600970)|VARIABLE_SCOPE_BEGIN|[4]|number1|Integer|false|false
07:09:06.1 (11617001)|VARIABLE_ASSIGNMENT|[4]|number1|3
07:09:06.1 (11634403)|HEAP_ALLOCATE|[5]|Bytes:5
07:09:06.1 (11641904)|STATEMENT_EXECUTE|[4]
07:09:06.1 (11644512)|STATEMENT_EXECUTE|[5]
07:09:06.1 (11700141)|HEAP_ALLOCATE|[5]|Bytes:4
07:09:06.1 (11749161)|VARIABLE_SCOPE_BEGIN|[5]|arrayOfShape|List<String>|true|false
07:09:06.1 (11774943)|HEAP_ALLOCATE|[EXTERNAL]|Bytes:4
07:09:06.1 (11788462)|VARIABLE_ASSIGNMENT|[5]|arrayOfShape|[]|0x3d6f0dd2
07:09:06.1 (11794370)|STATEMENT_EXECUTE|[8]
07:09:06.1 (11798753)|HEAP_ALLOCATE|[8]|Bytes:9
07:09:06.1 (11836414)|HEAP_ALLOCATE|[EXTERNAL]|Bytes:4
07:09:06.1 (11846151)|STATEMENT_EXECUTE|[9]
07:09:06.1 (11849308)|HEAP_ALLOCATE|[9]|Bytes:10
07:09:06.1 (11866997)|HEAP_ALLOCATE|[EXTERNAL]|Bytes:4
07:09:06.1 (11873744)|STATEMENT_EXECUTE|[10]
07:09:06.1 (11876466)|HEAP_ALLOCATE|[10]|Bytes:7
07:09:06.1 (11890301)|HEAP_ALLOCATE|[EXTERNAL]|Bytes:4
07:09:06.1 (11896261)|STATEMENT_EXECUTE|[11]
07:09:06.1 (11898781)|HEAP_ALLOCATE|[11]|Bytes:7
07:09:06.1 (11911787)|HEAP_ALLOCATE|[EXTERNAL]|Bytes:4
07:09:06.1 (11918137)|STATEMENT_EXECUTE|[12]
07:09:06.1 (11920640)|HEAP_ALLOCATE|[12]|Bytes:9
07:09:06.1 (11933110)|HEAP_ALLOCATE|[EXTERNAL]|Bytes:4
07:09:06.1 (11938917)|STATEMENT_EXECUTE|[13]
07:09:06.1 (11941206)|HEAP_ALLOCATE|[13]|Bytes:8
07:09:06.1 (11953720)|HEAP_ALLOCATE|[EXTERNAL]|Bytes:4
07:09:06.1 (11959747)|STATEMENT_EXECUTE|[14]
07:09:06.1 (11961983)|HEAP_ALLOCATE|[14]|Bytes:8
07:09:06.1 (11974492)|HEAP_ALLOCATE|[EXTERNAL]|Bytes:4
07:09:06.1 (11981105)|STATEMENT_EXECUTE|[16]
07:09:06.1 (11984449)|VARIABLE_SCOPE_BEGIN|[16]|i|Integer|false|false
07:09:06.1 (11991839)|HEAP_ALLOCATE|[16]|Bytes:4
07:09:06.1 (11998844)|VARIABLE_ASSIGNMENT|[16]|i|0
07:09:06.1 (12005636)|STATEMENT_EXECUTE|[16]
07:09:06.1 (12007933)|STATEMENT_EXECUTE|[18]
07:09:06.1 (12010573)|HEAP_ALLOCATE|[18]|Bytes:17
07:09:06.1 (12018701)|HEAP_ALLOCATE|[18]|Bytes:9
07:09:06.1 (12033232)|HEAP_ALLOCATE|[18]|Bytes:26
07:09:06.1 (12064683)|USER_DEBUG|[18]|DEBUG|Values In Array: Triangle 
07:09:06.1 (12074889)|HEAP_ALLOCATE|[16]|Bytes:4
07:09:06.1 (12082346)|VARIABLE_ASSIGNMENT|[16]|i|1
07:09:06.1 (12088308)|STATEMENT_EXECUTE|[16]
07:09:06.1 (12090155)|STATEMENT_EXECUTE|[18]
07:09:06.1 (12094455)|HEAP_ALLOCATE|[18]|Bytes:10
07:09:06.1 (12100551)|HEAP_ALLOCATE|[18]|Bytes:27
07:09:06.1 (12107768)|USER_DEBUG|[18]|DEBUG|Values In Array: Rectangle 
07:09:06.1 (12114544)|HEAP_ALLOCATE|[16]|Bytes:4
07:09:06.1 (12119873)|VARIABLE_ASSIGNMENT|[16]|i|2
07:09:06.1 (12124686)|STATEMENT_EXECUTE|[16]
07:09:06.1 (12126321)|STATEMENT_EXECUTE|[18]
07:09:06.1 (12129181)|HEAP_ALLOCATE|[18]|Bytes:7
07:09:06.1 (12133964)|HEAP_ALLOCATE|[18]|Bytes:24
07:09:06.1 (12140017)|USER_DEBUG|[18]|DEBUG|Values In Array: Square 
07:09:06.1 (12146134)|HEAP_ALLOCATE|[16]|Bytes:4
07:09:06.1 (12151086)|VARIABLE_ASSIGNMENT|[16]|i|3
07:09:06.1 (12162096)|METHOD_EXIT|[2]|01p6F00000MPYhK|Array_Of_Int.Shape(Integer)
07:09:06.1 (12168197)|SYSTEM_MODE_EXIT|false
07:09:06.12 (12238637)|CUMULATIVE_LIMIT_USAGE
07:09:06.12 (12238637)|LIMIT_USAGE_FOR_NS|(default)|
  Number of SOQL queries: 0 out of 100
  Number of query rows: 0 out of 50000
  Number of SOSL queries: 0 out of 20
  Number of DML statements: 0 out of 150
  Number of DML rows: 0 out of 10000
  Maximum CPU time: 0 out of 10000
  Maximum heap size: 0 out of 6000000
  Number of callouts: 0 out of 100
  Number of Email Invocations: 0 out of 10
  Number of future calls: 0 out of 50
  Number of queueable jobs added to the queue: 0 out of 50
  Number of Mobile Apex push calls: 0 out of 10

07:09:06.12 (12238637)|CUMULATIVE_LIMIT_USAGE_END

07:09:06.1 (12285276)|CODE_UNIT_FINISHED|execute_anonymous_apex
07:09:06.1 (13479704)|EXECUTION_FINISHED
