44.0 APEX_CODE,DEBUG;APEX_PROFILING,INFO;CALLOUT,INFO;DB,INFO;NBA,INFO;SYSTEM,DEBUG;VALIDATION,INFO;VISUALFORCE,DEBUG;WAVE,INFO;WORKFLOW,INFO
06:38:11.0 (426362)|USER_INFO|[EXTERNAL]|0056F00000ATCAZ|ayman.shaikh@gmail.com|Pacific Standard Time|GMT-07:00
06:38:11.0 (675428)|EXECUTION_STARTED
06:38:11.0 (679839)|CODE_UNIT_STARTED|[EXTERNAL]|Validation:Employee:a056F00000lJj7Z
06:38:11.0 (698346)|VALIDATION_RULE|03d6F000001EXpW|Resignation_Date_rule
06:38:11.0 (943569)|VALIDATION_FORMULA|Is_on_Notice_Period__c= true && ISBLANK(Resignation_Date__c)|Is_on_Notice_Period__c=0 , Resignation_Date__c=null
06:38:11.0 (961776)|VALIDATION_PASS
06:38:11.0 (964233)|VALIDATION_RULE|03d6F000001EXr8|Restrict_DOB
06:38:11.0 (1326524)|VALIDATION_FORMULA|Age__c  <= 18|Age__c=28
06:38:11.0 (1340666)|VALIDATION_PASS
06:38:11.0 (1342153)|VALIDATION_RULE|03d6F000001EWg3|Check_Dates
06:38:11.0 (1566594)|VALIDATION_FORMULA|Last_Working_Day__c  <  Date_of_Joining__c|Last_Working_Day__c=null , Date_of_Joining__c=2018-10-03 00:00:00
06:38:11.0 (1578373)|VALIDATION_PASS
06:38:11.0 (1579730)|VALIDATION_RULE|03d6F000001EWfy|Notice_Period
06:38:11.0 (1687918)|VALIDATION_FORMULA|Is_on_Notice_Period__c  = true && ISBLANK( Resignation_Date__c )|Is_on_Notice_Period__c=0 , Resignation_Date__c=null
06:38:11.0 (1701874)|VALIDATION_PASS
06:38:11.0 (2063584)|CODE_UNIT_FINISHED|Validation:Employee:a056F00000lJj7Z
06:38:11.0 (2073223)|EXECUTION_FINISHED
06:38:11.27 (27418060)|USER_INFO|[EXTERNAL]|0056F00000ATCAZ|ayman.shaikh@gmail.com|Pacific Standard Time|GMT-07:00
06:38:11.27 (27444753)|EXECUTION_STARTED
06:38:11.27 (27448148)|CODE_UNIT_STARTED|[EXTERNAL]|Workflow:01I6F000002DSKA
06:38:11.27 (38665262)|WF_RULE_EVAL_BEGIN|Workflow
06:38:11.27 (38703571)|WF_CRITERIA_BEGIN|[Employee: EMP-000001 a056F00000lJj7Z]|one to one|01Q6F0000015jKG|ON_ALL_CHANGES|0
06:38:11.27 (40839612)|WF_RULE_FILTER|[Employee : Employees ID not equal to NULL]
06:38:11.27 (40864125)|WF_RULE_EVAL_VALUE|EMP-000001
06:38:11.27 (40871394)|WF_CRITERIA_END|true
06:38:11.27 (41781686)|WF_CRITERIA_BEGIN|[Employee: EMP-000001 a056F00000lJj7Z]|Record deactivated|01Q6F0000015jIy|ON_CREATE_OR_TRIGGERING_UPDATE|0
06:38:11.27 (42209084)|WF_FORMULA|Formula:ENCODED:[treatNullAsNull]NOT({!ID:00N6F00000RfoKy})|Values:Is_Active__c=1
06:38:11.27 (42219509)|WF_CRITERIA_END|false
06:38:11.27 (42239436)|WF_SPOOL_ACTION_BEGIN|Workflow
06:38:11.27 (42551762)|WF_ACTION| Field Update: 1;
06:38:11.27 (42564025)|WF_RULE_EVAL_END
06:38:11.27 (42667111)|WF_ACTIONS_END| Field Update: 1;
06:38:11.27 (42677266)|CODE_UNIT_FINISHED|Workflow:01I6F000002DSKA
06:38:11.27 (42688824)|EXECUTION_FINISHED
