44.0 APEX_CODE,FINEST;APEX_PROFILING,INFO;CALLOUT,INFO;DB,INFO;NBA,INFO;SYSTEM,DEBUG;VALIDATION,INFO;VISUALFORCE,INFO;WAVE,INFO;WORKFLOW,INFO
Execute Anonymous: ParentClass obj1, obj2;
Execute Anonymous: obj1 = new ParentClass();
Execute Anonymous: obj1.write();
Execute Anonymous: obj2 = new ChildClass();
Execute Anonymous: obj2.write();
07:15:46.1 (1529350)|USER_INFO|[EXTERNAL]|0056F00000ATCAZ|ayman.shaikh@gmail.com|Pacific Standard Time|GMT-07:00
07:15:46.1 (1554175)|EXECUTION_STARTED
07:15:46.1 (1559444)|CODE_UNIT_STARTED|[EXTERNAL]|execute_anonymous_apex
07:15:46.1 (18906889)|VARIABLE_SCOPE_BEGIN|[1]|obj1|ParentClass|true|false
07:15:46.1 (18933376)|VARIABLE_SCOPE_BEGIN|[1]|obj2|ParentClass|true|false
07:15:46.1 (19088742)|HEAP_ALLOCATE|[72]|Bytes:3
07:15:46.1 (19141804)|HEAP_ALLOCATE|[77]|Bytes:152
07:15:46.1 (19161349)|HEAP_ALLOCATE|[342]|Bytes:408
07:15:46.1 (19177439)|HEAP_ALLOCATE|[355]|Bytes:408
07:15:46.1 (19189699)|HEAP_ALLOCATE|[467]|Bytes:48
07:15:46.1 (19219717)|HEAP_ALLOCATE|[139]|Bytes:6
07:15:46.1 (19248415)|HEAP_ALLOCATE|[EXTERNAL]|Bytes:9
07:15:46.1 (19298202)|STATEMENT_EXECUTE|[1]
07:15:46.1 (19301923)|STATEMENT_EXECUTE|[1]
07:15:46.1 (19356193)|VARIABLE_ASSIGNMENT|[1]|obj1|null|
07:15:46.1 (19365370)|STATEMENT_EXECUTE|[1]
07:15:46.1 (19372453)|VARIABLE_ASSIGNMENT|[1]|obj2|null|
07:15:46.1 (19377064)|STATEMENT_EXECUTE|[2]
07:15:46.1 (19381267)|HEAP_ALLOCATE|[2]|Bytes:3
07:15:46.1 (19387129)|HEAP_ALLOCATE|[2]|Bytes:4
07:15:46.1 (19430503)|METHOD_ENTRY|[1]|01p6F00000MR10y|ParentClass.ParentClass()
07:15:46.1 (19438544)|STATEMENT_EXECUTE|[1]
07:15:46.1 (19443752)|STATEMENT_EXECUTE|[1]
07:15:46.1 (19450164)|METHOD_EXIT|[1]|ParentClass
07:15:46.1 (19467699)|HEAP_ALLOCATE|[2]|Bytes:4
07:15:46.1 (19508212)|HEAP_ALLOCATE|[50]|Bytes:5
07:15:46.1 (19536383)|HEAP_ALLOCATE|[56]|Bytes:5
07:15:46.1 (19546118)|HEAP_ALLOCATE|[64]|Bytes:7
07:15:46.1 (19568340)|SYSTEM_MODE_ENTER|false
07:15:46.1 (19615677)|HEAP_ALLOCATE|[2]|Bytes:5
07:15:46.1 (19631834)|CONSTRUCTOR_ENTRY|[2]|01p6F00000MR10y|<init>()|ParentClass
07:15:46.1 (19667627)|VARIABLE_SCOPE_BEGIN|[1]|this|ParentClass|true|false
07:15:46.1 (19709087)|VARIABLE_ASSIGNMENT|[1]|this|{}|0x44a2c2
07:15:46.1 (19721029)|HEAP_ALLOCATE|[EXTERNAL]|Bytes:6
07:15:46.1 (19762929)|STATEMENT_EXECUTE|[1]
07:15:46.1 (19768273)|CONSTRUCTOR_EXIT|[2]|01p6F00000MR10y|<init>()|ParentClass
07:15:46.1 (19781695)|SYSTEM_MODE_EXIT|false
07:15:46.1 (19800526)|VARIABLE_ASSIGNMENT|[2]|obj1|{}|0x44a2c2
07:15:46.1 (19806322)|STATEMENT_EXECUTE|[3]
07:15:46.1 (19830236)|SYSTEM_MODE_ENTER|false
07:15:46.1 (19849587)|HEAP_ALLOCATE|[3]|Bytes:5
07:15:46.1 (19877700)|METHOD_ENTRY|[3]|01p6F00000MR10y|ParentClass.write()
07:15:46.1 (19911810)|VARIABLE_SCOPE_BEGIN|[3]|this|ParentClass|true|false
07:15:46.1 (19927072)|VARIABLE_ASSIGNMENT|[3]|this|{}|0x44a2c2
07:15:46.1 (19940748)|STATEMENT_EXECUTE|[3]
07:15:46.1 (19942659)|STATEMENT_EXECUTE|[5]
07:15:46.1 (19946074)|HEAP_ALLOCATE|[5]|Bytes:20
07:15:46.1 (20225720)|USER_DEBUG|[5]|DEBUG|This is Parent Class
07:15:46.1 (20244992)|METHOD_EXIT|[3]|01p6F00000MR10y|ParentClass.write()
07:15:46.1 (20252405)|SYSTEM_MODE_EXIT|false
07:15:46.1 (20258481)|STATEMENT_EXECUTE|[4]
07:15:46.1 (29467712)|HEAP_ALLOCATE|[4]|Bytes:1
07:15:46.1 (29492089)|HEAP_ALLOCATE|[4]|Bytes:1
07:15:46.1 (29522409)|METHOD_ENTRY|[1]|01p6F00000MR2GO|ChildClass.ChildClass()
07:15:46.1 (29532583)|STATEMENT_EXECUTE|[1]
07:15:46.1 (29540656)|STATEMENT_EXECUTE|[1]
07:15:46.1 (29548381)|METHOD_EXIT|[1]|ChildClass
07:15:46.1 (29574469)|HEAP_ALLOCATE|[4]|Bytes:4
07:15:46.1 (29612674)|SYSTEM_MODE_ENTER|false
07:15:46.1 (29646679)|HEAP_ALLOCATE|[4]|Bytes:5
07:15:46.1 (29663880)|CONSTRUCTOR_ENTRY|[4]|01p6F00000MR2GO|<init>()|ChildClass
07:15:46.1 (29697793)|VARIABLE_SCOPE_BEGIN|[1]|this|ChildClass|true|false
07:15:46.1 (29744642)|VARIABLE_ASSIGNMENT|[1]|this|{}|0x5c377646
07:15:46.1 (29754939)|CONSTRUCTOR_ENTRY|[EXTERNAL]|01p6F00000MR10y|<init>()|ParentClass
07:15:46.1 (29767707)|VARIABLE_SCOPE_BEGIN|[1]|this|ParentClass|true|false
07:15:46.1 (29780756)|VARIABLE_ASSIGNMENT|[1]|this|{}|0x5c377646
07:15:46.1 (29809871)|STATEMENT_EXECUTE|[1]
07:15:46.1 (29815482)|CONSTRUCTOR_EXIT|[EXTERNAL]|01p6F00000MR10y|<init>()|ParentClass
07:15:46.1 (29822086)|STATEMENT_EXECUTE|[1]
07:15:46.1 (29825151)|CONSTRUCTOR_EXIT|[4]|01p6F00000MR2GO|<init>()|ChildClass
07:15:46.1 (29835471)|SYSTEM_MODE_EXIT|false
07:15:46.1 (29864327)|VARIABLE_ASSIGNMENT|[4]|obj2|{}|0x5c377646
07:15:46.1 (29871262)|STATEMENT_EXECUTE|[5]
07:15:46.1 (29894845)|SYSTEM_MODE_ENTER|false
07:15:46.1 (29909084)|HEAP_ALLOCATE|[5]|Bytes:5
07:15:46.1 (29939146)|METHOD_ENTRY|[5]|01p6F00000MR2GO|ChildClass.write()
07:15:46.1 (29976555)|VARIABLE_SCOPE_BEGIN|[2]|this|ChildClass|true|false
07:15:46.1 (29992285)|VARIABLE_ASSIGNMENT|[2]|this|{}|0x5c377646
07:15:46.1 (30001734)|STATEMENT_EXECUTE|[2]
07:15:46.1 (30004380)|STATEMENT_EXECUTE|[3]
07:15:46.1 (30011865)|METHOD_ENTRY|[3]|01p6F00000MR10y|ParentClass.ParentClassAdd()
07:15:46.1 (30044002)|VARIABLE_SCOPE_BEGIN|[8]|this|ParentClass|true|false
07:15:46.1 (30058963)|VARIABLE_ASSIGNMENT|[8]|this|{}|0x5c377646
07:15:46.1 (30066786)|STATEMENT_EXECUTE|[8]
07:15:46.1 (30068688)|STATEMENT_EXECUTE|[9]
07:15:46.1 (30074862)|VARIABLE_SCOPE_BEGIN|[9]|IntNum1|Integer|false|false
07:15:46.1 (30086071)|VARIABLE_ASSIGNMENT|[9]|IntNum1|null
07:15:46.1 (30090548)|STATEMENT_EXECUTE|[9]
07:15:46.1 (30092713)|VARIABLE_SCOPE_BEGIN|[9]|IntNum2|Integer|false|false
07:15:46.1 (30100702)|VARIABLE_ASSIGNMENT|[9]|IntNum2|null
07:15:46.1 (30105071)|STATEMENT_EXECUTE|[9]
07:15:46.1 (30109759)|VARIABLE_SCOPE_BEGIN|[9]|IntSum|Integer|false|false
07:15:46.1 (30116466)|HEAP_ALLOCATE|[9]|Bytes:4
07:15:46.1 (30123833)|VARIABLE_ASSIGNMENT|[9]|IntSum|0
07:15:46.1 (30128479)|STATEMENT_EXECUTE|[10]
07:15:46.1 (30189716)|HEAP_ALLOCATE|[10]|Bytes:41
07:15:46.1 (30207477)|METHOD_EXIT|[3]|01p6F00000MR10y|ParentClass.ParentClassAdd()
07:15:46.1 (30215374)|METHOD_EXIT|[5]|01p6F00000MR2GO|ChildClass.write()
07:15:46.1 (30224097)|SYSTEM_MODE_EXIT|false
07:15:46.1 (30353822)|FATAL_ERROR|System.NullPointerException: Attempt to de-reference a null object

Class.ParentClass.ParentClassAdd: line 10, column 1
Class.ChildClass.write: line 3, column 1
AnonymousBlock: line 5, column 1
AnonymousBlock: line 5, column 1
07:15:46.30 (30405080)|CUMULATIVE_LIMIT_USAGE
07:15:46.30 (30405080)|LIMIT_USAGE_FOR_NS|(default)|
  Number of SOQL queries: 0 out of 100
  Number of query rows: 0 out of 50000
  Number of SOSL queries: 0 out of 20
  Number of DML statements: 0 out of 150
  Number of DML rows: 0 out of 10000
  Maximum CPU time: 0 out of 10000
  Maximum heap size: 0 out of 6000000
  Number of callouts: 0 out of 100
  Number of Email Invocations: 0 out of 10
  Number of future calls: 0 out of 50
  Number of queueable jobs added to the queue: 0 out of 50
  Number of Mobile Apex push calls: 0 out of 10

07:15:46.30 (30405080)|CUMULATIVE_LIMIT_USAGE_END

07:15:46.1 (30456134)|CODE_UNIT_FINISHED|execute_anonymous_apex
07:15:46.1 (31363734)|EXECUTION_FINISHED
