44.0 APEX_CODE,FINEST;APEX_PROFILING,INFO;CALLOUT,INFO;DB,INFO;NBA,INFO;SYSTEM,DEBUG;VALIDATION,INFO;VISUALFORCE,INFO;WAVE,INFO;WORKFLOW,INFO
Execute Anonymous: AccountProgram objAccountProgram = new AccountProgram();
Execute Anonymous: objAccountProgram.queryOnAccount1();
Execute Anonymous: objAccountProgram.queryOnAccount2();
Execute Anonymous: objAccountProgram.queryOnAccount3();
03:24:36.1 (1349519)|USER_INFO|[EXTERNAL]|0056F00000ATCAZ|ayman.shaikh@gmail.com|Pacific Standard Time|GMT-07:00
03:24:36.1 (1377400)|EXECUTION_STARTED
03:24:36.1 (1383913)|CODE_UNIT_STARTED|[EXTERNAL]|execute_anonymous_apex
03:24:36.1 (8593817)|VARIABLE_SCOPE_BEGIN|[1]|objAccountProgram|AccountProgram|true|false
03:24:36.1 (8705448)|HEAP_ALLOCATE|[72]|Bytes:3
03:24:36.1 (8740316)|HEAP_ALLOCATE|[77]|Bytes:152
03:24:36.1 (8753497)|HEAP_ALLOCATE|[342]|Bytes:408
03:24:36.1 (8766477)|HEAP_ALLOCATE|[355]|Bytes:408
03:24:36.1 (8777979)|HEAP_ALLOCATE|[467]|Bytes:48
03:24:36.1 (8802028)|HEAP_ALLOCATE|[139]|Bytes:6
03:24:36.1 (8819241)|HEAP_ALLOCATE|[EXTERNAL]|Bytes:7
03:24:36.1 (8851472)|STATEMENT_EXECUTE|[1]
03:24:36.1 (8854194)|STATEMENT_EXECUTE|[1]
03:24:36.1 (8857746)|HEAP_ALLOCATE|[1]|Bytes:7
03:24:36.1 (8868090)|HEAP_ALLOCATE|[1]|Bytes:15
03:24:36.1 (8893291)|METHOD_ENTRY|[1]|01p6F00000MR33H|AccountProgram.AccountProgram()
03:24:36.1 (8900061)|STATEMENT_EXECUTE|[1]
03:24:36.1 (8904205)|STATEMENT_EXECUTE|[1]
03:24:36.1 (8929105)|HEAP_ALLOCATE|[50]|Bytes:5
03:24:36.1 (8949512)|HEAP_ALLOCATE|[56]|Bytes:5
03:24:36.1 (8957625)|HEAP_ALLOCATE|[64]|Bytes:7
03:24:36.1 (8974928)|SYSTEM_MODE_ENTER|false
03:24:36.1 (8987002)|HEAP_ALLOCATE|[1]|Bytes:5
03:24:36.1 (8993575)|SYSTEM_MODE_EXIT|false
03:24:36.1 (9001678)|METHOD_EXIT|[1]|AccountProgram
03:24:36.1 (9014897)|HEAP_ALLOCATE|[1]|Bytes:4
03:24:36.1 (9037204)|SYSTEM_MODE_ENTER|false
03:24:36.1 (9058107)|HEAP_ALLOCATE|[1]|Bytes:5
03:24:36.1 (9088212)|CONSTRUCTOR_ENTRY|[1]|01p6F00000MR33H|<init>()|AccountProgram
03:24:36.1 (9125954)|VARIABLE_SCOPE_BEGIN|[1]|this|AccountProgram|true|false
03:24:36.1 (9178865)|VARIABLE_ASSIGNMENT|[1]|this|{}|0x77d86d07
03:24:36.1 (9297763)|HEAP_ALLOCATE|[EXTERNAL]|Bytes:5
03:24:36.1 (9314973)|HEAP_ALLOCATE|[EXTERNAL]|Bytes:6
03:24:36.1 (9370092)|STATEMENT_EXECUTE|[1]
03:24:36.1 (9379815)|HEAP_ALLOCATE|[EXTERNAL]|Bytes:5
03:24:36.1 (9394787)|CONSTRUCTOR_EXIT|[1]|01p6F00000MR33H|<init>()|AccountProgram
03:24:36.1 (9406491)|SYSTEM_MODE_EXIT|false
03:24:36.1 (9434719)|VARIABLE_ASSIGNMENT|[1]|objAccountProgram|{}|0x77d86d07
03:24:36.1 (9442176)|STATEMENT_EXECUTE|[2]
03:24:36.1 (9468580)|SYSTEM_MODE_ENTER|false
03:24:36.1 (9487909)|HEAP_ALLOCATE|[2]|Bytes:5
03:24:36.1 (9511973)|METHOD_ENTRY|[2]|01p6F00000MR33H|AccountProgram.queryOnAccount1()
03:24:36.1 (9535706)|VARIABLE_SCOPE_BEGIN|[2]|this|AccountProgram|true|false
03:24:36.1 (9557075)|VARIABLE_ASSIGNMENT|[2]|this|{}|0x77d86d07
03:24:36.1 (9576133)|HEAP_ALLOCATE|[4]|Bytes:5
03:24:36.1 (9583249)|STATEMENT_EXECUTE|[2]
03:24:36.1 (9585793)|STATEMENT_EXECUTE|[4]
03:24:36.1 (9650731)|HEAP_ALLOCATE|[4]|Bytes:24
03:24:36.1 (9684159)|HEAP_ALLOCATE|[4]|Bytes:4
03:24:36.1 (10029830)|SOQL_EXECUTE_BEGIN|[4]|Aggregations:0|SELECT Name FROM Account
03:24:36.1 (14526211)|SOQL_EXECUTE_END|[4]|Rows:14
03:24:36.1 (14555836)|HEAP_ALLOCATE|[4]|Bytes:60
03:24:36.1 (14586090)|HEAP_ALLOCATE|[4]|Bytes:782
03:24:36.1 (14697028)|HEAP_ALLOCATE|[4]|Bytes:60
03:24:36.1 (14712846)|VARIABLE_SCOPE_BEGIN|[4]|AccName1|List<Account>|true|false
03:24:36.1 (14739972)|VARIABLE_ASSIGNMENT|[4]|AccName1|"List of size 14 too large to display"|0x13e3d7c9
03:24:36.1 (14746547)|STATEMENT_EXECUTE|[5]
03:24:36.1 (14750804)|HEAP_ALLOCATE|[5]|Bytes:17
03:24:36.1 (14795451)|USER_DEBUG|[5]|DEBUG|Advanced For Loop
03:24:36.1 (14979165)|HEAP_ALLOCATE|[6]|Bytes:5
03:24:36.1 (15015726)|HEAP_ALLOCATE|[6]|Bytes:12
03:24:36.1 (15027571)|VARIABLE_SCOPE_BEGIN|[6]|acc|Account|true|false
03:24:36.1 (15049510)|VARIABLE_ASSIGNMENT|[6]|acc|{"Name":"sForce","Id":"0016F00002o0fjCQAQ"}|0x6c8eaf01
03:24:36.1 (15056684)|STATEMENT_EXECUTE|[6]
03:24:36.1 (15058848)|STATEMENT_EXECUTE|[7]
03:24:36.1 (15062217)|HEAP_ALLOCATE|[7]|Bytes:13
03:24:36.1 (15141452)|HEAP_ALLOCATE|[7]|Bytes:44
03:24:36.1 (15163214)|HEAP_ALLOCATE|[7]|Bytes:57
03:24:36.1 (15174496)|USER_DEBUG|[7]|DEBUG|Account Name Account:{Name=sForce, Id=0016F00002o0fjCQAQ}
03:24:36.1 (15190751)|HEAP_ALLOCATE|[6]|Bytes:5
03:24:36.1 (15203104)|HEAP_ALLOCATE|[6]|Bytes:12
03:24:36.1 (15210266)|VARIABLE_SCOPE_BEGIN|[6]|acc|Account|true|false
03:24:36.1 (15233157)|VARIABLE_ASSIGNMENT|[6]|acc|{"Name":"University of Arizon (1 more) ...","Id":"0016F00002o0fj8QAA"}|0x243e5e23
03:24:36.1 (15239618)|STATEMENT_EXECUTE|[6]
03:24:36.1 (15241467)|STATEMENT_EXECUTE|[7]
03:24:36.1 (15268661)|HEAP_ALLOCATE|[7]|Bytes:59
03:24:36.1 (15281992)|HEAP_ALLOCATE|[7]|Bytes:72
03:24:36.1 (15290303)|USER_DEBUG|[7]|DEBUG|Account Name Account:{Name=University of Arizona, Id=0016F00002o0fj8QAA}
03:24:36.1 (15303995)|HEAP_ALLOCATE|[6]|Bytes:5
03:24:36.1 (15314316)|HEAP_ALLOCATE|[6]|Bytes:12
03:24:36.1 (15321080)|VARIABLE_SCOPE_BEGIN|[6]|acc|Account|true|false
03:24:36.1 (15337135)|VARIABLE_ASSIGNMENT|[6]|acc|{"Name":"United Oil & Gas Cor (2 more) ...","Id":"0016F00002o0fj6QAA"}|0xba740cb
03:24:36.1 (15343083)|STATEMENT_EXECUTE|[6]
03:24:36.1 (15344923)|STATEMENT_EXECUTE|[7]
03:24:36.1 (15367446)|HEAP_ALLOCATE|[7]|Bytes:60
03:24:36.1 (15379292)|HEAP_ALLOCATE|[7]|Bytes:73
03:24:36.1 (15386429)|USER_DEBUG|[7]|DEBUG|Account Name Account:{Name=United Oil & Gas Corp., Id=0016F00002o0fj6QAA}
03:24:36.1 (15399164)|HEAP_ALLOCATE|[6]|Bytes:5
03:24:36.1 (15408604)|HEAP_ALLOCATE|[6]|Bytes:12
03:24:36.1 (15414542)|VARIABLE_SCOPE_BEGIN|[6]|acc|Account|true|false
03:24:36.1 (15431682)|VARIABLE_ASSIGNMENT|[6]|acc|{"Name":"GenePoint","Id":"0016F00002o0fjBQAQ"}|0x50ea34e4
03:24:36.1 (15437251)|STATEMENT_EXECUTE|[6]
03:24:36.1 (15438982)|STATEMENT_EXECUTE|[7]
03:24:36.1 (15461277)|HEAP_ALLOCATE|[7]|Bytes:47
03:24:36.1 (15472379)|HEAP_ALLOCATE|[7]|Bytes:60
03:24:36.1 (15479535)|USER_DEBUG|[7]|DEBUG|Account Name Account:{Name=GenePoint, Id=0016F00002o0fjBQAQ}
03:24:36.1 (15492449)|HEAP_ALLOCATE|[6]|Bytes:5
03:24:36.1 (15502183)|HEAP_ALLOCATE|[6]|Bytes:12
03:24:36.1 (15507772)|VARIABLE_SCOPE_BEGIN|[6]|acc|Account|true|false
03:24:36.1 (15521982)|VARIABLE_ASSIGNMENT|[6]|acc|{"Name":"United Oil & Gas, UK","Id":"0016F00002o0fj9QAA"}|0x49057f5f
03:24:36.1 (15527531)|STATEMENT_EXECUTE|[6]
03:24:36.1 (15529286)|STATEMENT_EXECUTE|[7]
03:24:36.1 (15550017)|HEAP_ALLOCATE|[7]|Bytes:58
03:24:36.1 (15561102)|HEAP_ALLOCATE|[7]|Bytes:71
03:24:36.1 (15567791)|USER_DEBUG|[7]|DEBUG|Account Name Account:{Name=United Oil & Gas, UK, Id=0016F00002o0fj9QAA}
03:24:36.1 (15579941)|HEAP_ALLOCATE|[6]|Bytes:5
03:24:36.1 (15589384)|HEAP_ALLOCATE|[6]|Bytes:12
03:24:36.1 (15595136)|VARIABLE_SCOPE_BEGIN|[6]|acc|Account|true|false
03:24:36.1 (15610155)|VARIABLE_ASSIGNMENT|[6]|acc|{"Name":"United Oil & Gas, Si (7 more) ...","Id":"0016F00002o0fjAQAQ"}|0x1f9cef1a
03:24:36.1 (15615726)|STATEMENT_EXECUTE|[6]
03:24:36.1 (15617435)|STATEMENT_EXECUTE|[7]
03:24:36.1 (15638464)|HEAP_ALLOCATE|[7]|Bytes:65
03:24:36.1 (15649156)|HEAP_ALLOCATE|[7]|Bytes:78
03:24:36.1 (15655893)|USER_DEBUG|[7]|DEBUG|Account Name Account:{Name=United Oil & Gas, Singapore, Id=0016F00002o0fjAQAQ}
03:24:36.1 (15668546)|HEAP_ALLOCATE|[6]|Bytes:5
03:24:36.1 (15677793)|HEAP_ALLOCATE|[6]|Bytes:12
03:24:36.1 (15683456)|VARIABLE_SCOPE_BEGIN|[6]|acc|Account|true|false
03:24:36.1 (15697277)|VARIABLE_ASSIGNMENT|[6]|acc|{"Name":"Edge Communications","Id":"0016F00002o0fj1QAA"}|0x2e8c453a
03:24:36.1 (15702443)|STATEMENT_EXECUTE|[6]
03:24:36.1 (15704116)|STATEMENT_EXECUTE|[7]
03:24:36.1 (15724267)|HEAP_ALLOCATE|[7]|Bytes:57
03:24:36.1 (15735123)|HEAP_ALLOCATE|[7]|Bytes:70
03:24:36.1 (15741763)|USER_DEBUG|[7]|DEBUG|Account Name Account:{Name=Edge Communications, Id=0016F00002o0fj1QAA}
03:24:36.1 (15753832)|HEAP_ALLOCATE|[6]|Bytes:5
03:24:36.1 (15762681)|HEAP_ALLOCATE|[6]|Bytes:12
03:24:36.1 (15768393)|VARIABLE_SCOPE_BEGIN|[6]|acc|Account|true|false
03:24:36.1 (15783160)|VARIABLE_ASSIGNMENT|[6]|acc|{"Name":"Burlington Textiles  (15 more) ...","Id":"0016F00002o0fj2QAA"}|0x2f40191b
03:24:36.1 (15788413)|STATEMENT_EXECUTE|[6]
03:24:36.1 (15790202)|STATEMENT_EXECUTE|[7]
03:24:36.1 (15810588)|HEAP_ALLOCATE|[7]|Bytes:73
03:24:36.1 (15821592)|HEAP_ALLOCATE|[7]|Bytes:86
03:24:36.1 (15828653)|USER_DEBUG|[7]|DEBUG|Account Name Account:{Name=Burlington Textiles Corp of America, Id=0016F00002o0fj2QAA}
03:24:36.1 (15840915)|HEAP_ALLOCATE|[6]|Bytes:5
03:24:36.1 (15849824)|HEAP_ALLOCATE|[6]|Bytes:12
03:24:36.1 (15855431)|VARIABLE_SCOPE_BEGIN|[6]|acc|Account|true|false
03:24:36.1 (15877237)|VARIABLE_ASSIGNMENT|[6]|acc|{"Name":"Pyramid Construction (5 more) ...","Id":"0016F00002o0fj3QAA"}|0x4d5d742b
03:24:36.1 (15883314)|STATEMENT_EXECUTE|[6]
03:24:36.1 (15885043)|STATEMENT_EXECUTE|[7]
03:24:36.1 (15917413)|HEAP_ALLOCATE|[7]|Bytes:63
03:24:36.1 (15930106)|HEAP_ALLOCATE|[7]|Bytes:76
03:24:36.1 (15937224)|USER_DEBUG|[7]|DEBUG|Account Name Account:{Name=Pyramid Construction Inc., Id=0016F00002o0fj3QAA}
03:24:36.1 (15953113)|HEAP_ALLOCATE|[6]|Bytes:5
03:24:36.1 (15963158)|HEAP_ALLOCATE|[6]|Bytes:12
03:24:36.1 (15969292)|VARIABLE_SCOPE_BEGIN|[6]|acc|Account|true|false
03:24:36.1 (15989053)|VARIABLE_ASSIGNMENT|[6]|acc|{"Name":"Dickenson plc","Id":"0016F00002o0fj4QAA"}|0x35c1a6a5
03:24:36.1 (15994235)|STATEMENT_EXECUTE|[6]
03:24:36.1 (15996034)|STATEMENT_EXECUTE|[7]
03:24:36.1 (16018022)|HEAP_ALLOCATE|[7]|Bytes:51
03:24:36.1 (16031842)|HEAP_ALLOCATE|[7]|Bytes:64
03:24:36.1 (16040350)|USER_DEBUG|[7]|DEBUG|Account Name Account:{Name=Dickenson plc, Id=0016F00002o0fj4QAA}
03:24:36.1 (16053887)|HEAP_ALLOCATE|[6]|Bytes:5
03:24:36.1 (16068571)|HEAP_ALLOCATE|[6]|Bytes:12
03:24:36.1 (16074256)|VARIABLE_SCOPE_BEGIN|[6]|acc|Account|true|false
03:24:36.1 (16089564)|VARIABLE_ASSIGNMENT|[6]|acc|{"Name":"Grand Hotels & Resor (6 more) ...","Id":"0016F00002o0fj5QAA"}|0x792890b2
03:24:36.1 (16094630)|STATEMENT_EXECUTE|[6]
03:24:36.1 (16096427)|STATEMENT_EXECUTE|[7]
03:24:36.1 (16120628)|HEAP_ALLOCATE|[7]|Bytes:64
03:24:36.1 (16137839)|HEAP_ALLOCATE|[7]|Bytes:77
03:24:36.1 (16144652)|USER_DEBUG|[7]|DEBUG|Account Name Account:{Name=Grand Hotels & Resorts Ltd, Id=0016F00002o0fj5QAA}
03:24:36.1 (16157229)|HEAP_ALLOCATE|[6]|Bytes:5
03:24:36.1 (16166369)|HEAP_ALLOCATE|[6]|Bytes:12
03:24:36.1 (16172021)|VARIABLE_SCOPE_BEGIN|[6]|acc|Account|true|false
03:24:36.1 (16189406)|VARIABLE_ASSIGNMENT|[6]|acc|{"Name":"Express Logistics an (11 more) ...","Id":"0016F00002o0fj7QAA"}|0x560fd64d
03:24:36.1 (16194773)|STATEMENT_EXECUTE|[6]
03:24:36.1 (16196504)|STATEMENT_EXECUTE|[7]
03:24:36.1 (16223829)|HEAP_ALLOCATE|[7]|Bytes:69
03:24:36.1 (16235811)|HEAP_ALLOCATE|[7]|Bytes:82
03:24:36.1 (16242471)|USER_DEBUG|[7]|DEBUG|Account Name Account:{Name=Express Logistics and Transport, Id=0016F00002o0fj7QAA}
03:24:36.1 (16256927)|HEAP_ALLOCATE|[6]|Bytes:5
03:24:36.1 (16267627)|HEAP_ALLOCATE|[6]|Bytes:12
03:24:36.1 (16273301)|VARIABLE_SCOPE_BEGIN|[6]|acc|Account|true|false
03:24:36.1 (16291483)|VARIABLE_ASSIGNMENT|[6]|acc|{"Name":"Almas","Id":"0016F00002vJCC2QAO"}|0x70551c8b
03:24:36.1 (16296948)|STATEMENT_EXECUTE|[6]
03:24:36.1 (16298610)|STATEMENT_EXECUTE|[7]
03:24:36.1 (16319980)|HEAP_ALLOCATE|[7]|Bytes:43
03:24:36.1 (16331755)|HEAP_ALLOCATE|[7]|Bytes:56
03:24:36.1 (16341392)|USER_DEBUG|[7]|DEBUG|Account Name Account:{Name=Almas, Id=0016F00002vJCC2QAO}
03:24:36.1 (16354629)|HEAP_ALLOCATE|[6]|Bytes:5
03:24:36.1 (16367628)|HEAP_ALLOCATE|[6]|Bytes:12
03:24:36.1 (16373537)|VARIABLE_SCOPE_BEGIN|[6]|acc|Account|true|false
03:24:36.1 (16387109)|VARIABLE_ASSIGNMENT|[6]|acc|{"Name":"Ketki","Id":"0016F00002sP67wQAC"}|0x489968aa
03:24:36.1 (16392093)|STATEMENT_EXECUTE|[6]
03:24:36.1 (16393778)|STATEMENT_EXECUTE|[7]
03:24:36.1 (16417481)|HEAP_ALLOCATE|[7]|Bytes:43
03:24:36.1 (16434251)|HEAP_ALLOCATE|[7]|Bytes:56
03:24:36.1 (16441042)|USER_DEBUG|[7]|DEBUG|Account Name Account:{Name=Ketki, Id=0016F00002sP67wQAC}
03:24:36.1 (16453580)|HEAP_ALLOCATE|[6]|Bytes:5
03:24:36.1 (16465323)|VARIABLE_ASSIGNMENT|[6]|acc|null|
03:24:36.1 (16476431)|METHOD_EXIT|[2]|01p6F00000MR33H|AccountProgram.queryOnAccount1()
03:24:36.1 (16483343)|SYSTEM_MODE_EXIT|false
03:24:36.1 (16489792)|STATEMENT_EXECUTE|[3]
03:24:36.1 (16518311)|SYSTEM_MODE_ENTER|false
03:24:36.1 (16531767)|HEAP_ALLOCATE|[3]|Bytes:5
03:24:36.1 (16543511)|METHOD_ENTRY|[3]|01p6F00000MR33H|AccountProgram.queryOnAccount2()
03:24:36.1 (16563809)|VARIABLE_SCOPE_BEGIN|[12]|this|AccountProgram|true|false
03:24:36.1 (16581252)|VARIABLE_ASSIGNMENT|[12]|this|{}|0x77d86d07
03:24:36.1 (16593036)|HEAP_ALLOCATE|[14]|Bytes:5
03:24:36.1 (16597867)|STATEMENT_EXECUTE|[12]
03:24:36.1 (16599774)|STATEMENT_EXECUTE|[14]
03:24:36.1 (16613559)|HEAP_ALLOCATE|[14]|Bytes:4
03:24:36.1 (16712436)|SOQL_EXECUTE_BEGIN|[14]|Aggregations:0|SELECT Name FROM Account
03:24:36.1 (19101214)|SOQL_EXECUTE_END|[14]|Rows:14
03:24:36.1 (19125740)|HEAP_ALLOCATE|[14]|Bytes:60
03:24:36.1 (19150291)|HEAP_ALLOCATE|[14]|Bytes:782
03:24:36.1 (19178319)|HEAP_ALLOCATE|[14]|Bytes:60
03:24:36.1 (19189194)|VARIABLE_SCOPE_BEGIN|[14]|AccName2|List<Account>|true|false
03:24:36.1 (19207058)|VARIABLE_ASSIGNMENT|[14]|AccName2|"List of size 14 too large to display"|0x216eb6a4
03:24:36.1 (19213566)|STATEMENT_EXECUTE|[15]
03:24:36.1 (19217706)|HEAP_ALLOCATE|[15]|Bytes:20
03:24:36.1 (19244054)|USER_DEBUG|[15]|DEBUG|Traditional For Loop
03:24:36.1 (19253283)|STATEMENT_EXECUTE|[16]
03:24:36.1 (19257433)|VARIABLE_SCOPE_BEGIN|[16]|i|Integer|false|false
03:24:36.1 (19267793)|VARIABLE_ASSIGNMENT|[16]|i|null
03:24:36.1 (19272746)|STATEMENT_EXECUTE|[17]
03:24:36.1 (19277004)|HEAP_ALLOCATE|[17]|Bytes:4
03:24:36.1 (19284219)|VARIABLE_ASSIGNMENT|[17]|i|0
03:24:36.1 (19310633)|STATEMENT_EXECUTE|[17]
03:24:36.1 (19312812)|STATEMENT_EXECUTE|[18]
03:24:36.1 (19316082)|HEAP_ALLOCATE|[18]|Bytes:12
03:24:36.1 (19327916)|HEAP_ALLOCATE|[18]|Bytes:12
03:24:36.1 (19383663)|HEAP_ALLOCATE|[18]|Bytes:44
03:24:36.1 (19400517)|HEAP_ALLOCATE|[18]|Bytes:56
03:24:36.1 (19410740)|USER_DEBUG|[18]|DEBUG|Account NameAccount:{Name=sForce, Id=0016F00002o0fjCQAQ}
03:24:36.1 (19419164)|HEAP_ALLOCATE|[17]|Bytes:4
03:24:36.1 (19427288)|VARIABLE_ASSIGNMENT|[17]|i|1
03:24:36.1 (19439739)|STATEMENT_EXECUTE|[17]
03:24:36.1 (19441609)|STATEMENT_EXECUTE|[18]
03:24:36.1 (19448650)|HEAP_ALLOCATE|[18]|Bytes:12
03:24:36.1 (19474486)|HEAP_ALLOCATE|[18]|Bytes:59
03:24:36.1 (19486392)|HEAP_ALLOCATE|[18]|Bytes:71
03:24:36.1 (19493363)|USER_DEBUG|[18]|DEBUG|Account NameAccount:{Name=University of Arizona, Id=0016F00002o0fj8QAA}
03:24:36.1 (19500157)|HEAP_ALLOCATE|[17]|Bytes:4
03:24:36.1 (19507165)|VARIABLE_ASSIGNMENT|[17]|i|2
03:24:36.1 (19517817)|STATEMENT_EXECUTE|[17]
03:24:36.1 (19519686)|STATEMENT_EXECUTE|[18]
03:24:36.1 (19525283)|HEAP_ALLOCATE|[18]|Bytes:12
03:24:36.1 (19546112)|HEAP_ALLOCATE|[18]|Bytes:60
03:24:36.1 (19556766)|HEAP_ALLOCATE|[18]|Bytes:72
03:24:36.1 (19563127)|USER_DEBUG|[18]|DEBUG|Account NameAccount:{Name=United Oil & Gas Corp., Id=0016F00002o0fj6QAA}
03:24:36.1 (19569370)|HEAP_ALLOCATE|[17]|Bytes:4
03:24:36.1 (19575878)|VARIABLE_ASSIGNMENT|[17]|i|3
03:24:36.1 (19585874)|STATEMENT_EXECUTE|[17]
03:24:36.1 (19587630)|STATEMENT_EXECUTE|[18]
03:24:36.1 (19592374)|HEAP_ALLOCATE|[18]|Bytes:12
03:24:36.1 (19611966)|HEAP_ALLOCATE|[18]|Bytes:47
03:24:36.1 (19622319)|HEAP_ALLOCATE|[18]|Bytes:59
03:24:36.1 (19628800)|USER_DEBUG|[18]|DEBUG|Account NameAccount:{Name=GenePoint, Id=0016F00002o0fjBQAQ}
03:24:36.1 (19634846)|HEAP_ALLOCATE|[17]|Bytes:4
03:24:36.1 (19641172)|VARIABLE_ASSIGNMENT|[17]|i|4
03:24:36.1 (19650862)|STATEMENT_EXECUTE|[17]
03:24:36.1 (19652673)|STATEMENT_EXECUTE|[18]
03:24:36.1 (19657118)|HEAP_ALLOCATE|[18]|Bytes:12
03:24:36.1 (19676127)|HEAP_ALLOCATE|[18]|Bytes:58
03:24:36.1 (19686038)|HEAP_ALLOCATE|[18]|Bytes:70
03:24:36.1 (19692358)|USER_DEBUG|[18]|DEBUG|Account NameAccount:{Name=United Oil & Gas, UK, Id=0016F00002o0fj9QAA}
03:24:36.1 (19698445)|HEAP_ALLOCATE|[17]|Bytes:4
03:24:36.1 (19704648)|VARIABLE_ASSIGNMENT|[17]|i|5
03:24:36.1 (19714586)|STATEMENT_EXECUTE|[17]
03:24:36.1 (19716351)|STATEMENT_EXECUTE|[18]
03:24:36.1 (19720993)|HEAP_ALLOCATE|[18]|Bytes:12
03:24:36.1 (19739698)|HEAP_ALLOCATE|[18]|Bytes:65
03:24:36.1 (19750197)|HEAP_ALLOCATE|[18]|Bytes:77
03:24:36.1 (19756410)|USER_DEBUG|[18]|DEBUG|Account NameAccount:{Name=United Oil & Gas, Singapore, Id=0016F00002o0fjAQAQ}
03:24:36.1 (19762667)|HEAP_ALLOCATE|[17]|Bytes:4
03:24:36.1 (19768794)|VARIABLE_ASSIGNMENT|[17]|i|6
03:24:36.1 (19778376)|STATEMENT_EXECUTE|[17]
03:24:36.1 (19780116)|STATEMENT_EXECUTE|[18]
03:24:36.1 (19785084)|HEAP_ALLOCATE|[18]|Bytes:12
03:24:36.1 (19804021)|HEAP_ALLOCATE|[18]|Bytes:57
03:24:36.1 (19814158)|HEAP_ALLOCATE|[18]|Bytes:69
03:24:36.1 (19820278)|USER_DEBUG|[18]|DEBUG|Account NameAccount:{Name=Edge Communications, Id=0016F00002o0fj1QAA}
03:24:36.1 (19826519)|HEAP_ALLOCATE|[17]|Bytes:4
03:24:36.1 (19832435)|VARIABLE_ASSIGNMENT|[17]|i|7
03:24:36.1 (19841991)|STATEMENT_EXECUTE|[17]
03:24:36.1 (19843777)|STATEMENT_EXECUTE|[18]
03:24:36.1 (19848241)|HEAP_ALLOCATE|[18]|Bytes:12
03:24:36.1 (19872619)|HEAP_ALLOCATE|[18]|Bytes:73
03:24:36.1 (19883587)|HEAP_ALLOCATE|[18]|Bytes:85
03:24:36.1 (19889892)|USER_DEBUG|[18]|DEBUG|Account NameAccount:{Name=Burlington Textiles Corp of America, Id=0016F00002o0fj2QAA}
03:24:36.1 (19896393)|HEAP_ALLOCATE|[17]|Bytes:4
03:24:36.1 (19902306)|VARIABLE_ASSIGNMENT|[17]|i|8
03:24:36.1 (19912216)|STATEMENT_EXECUTE|[17]
03:24:36.1 (19913967)|STATEMENT_EXECUTE|[18]
03:24:36.1 (19918858)|HEAP_ALLOCATE|[18]|Bytes:12
03:24:36.1 (19937668)|HEAP_ALLOCATE|[18]|Bytes:63
03:24:36.1 (19948035)|HEAP_ALLOCATE|[18]|Bytes:75
03:24:36.1 (19954105)|USER_DEBUG|[18]|DEBUG|Account NameAccount:{Name=Pyramid Construction Inc., Id=0016F00002o0fj3QAA}
03:24:36.1 (19960356)|HEAP_ALLOCATE|[17]|Bytes:4
03:24:36.1 (19966196)|VARIABLE_ASSIGNMENT|[17]|i|9
03:24:36.1 (19975867)|STATEMENT_EXECUTE|[17]
03:24:36.1 (19977704)|STATEMENT_EXECUTE|[18]
03:24:36.1 (19982279)|HEAP_ALLOCATE|[18]|Bytes:12
03:24:36.1 (20000500)|HEAP_ALLOCATE|[18]|Bytes:51
03:24:36.1 (20011746)|HEAP_ALLOCATE|[18]|Bytes:63
03:24:36.1 (20018302)|USER_DEBUG|[18]|DEBUG|Account NameAccount:{Name=Dickenson plc, Id=0016F00002o0fj4QAA}
03:24:36.1 (20024462)|HEAP_ALLOCATE|[17]|Bytes:4
03:24:36.1 (20030627)|VARIABLE_ASSIGNMENT|[17]|i|10
03:24:36.1 (20040440)|STATEMENT_EXECUTE|[17]
03:24:36.1 (20042176)|STATEMENT_EXECUTE|[18]
03:24:36.1 (20046708)|HEAP_ALLOCATE|[18]|Bytes:12
03:24:36.1 (20065355)|HEAP_ALLOCATE|[18]|Bytes:64
03:24:36.1 (20075529)|HEAP_ALLOCATE|[18]|Bytes:76
03:24:36.1 (20081765)|USER_DEBUG|[18]|DEBUG|Account NameAccount:{Name=Grand Hotels & Resorts Ltd, Id=0016F00002o0fj5QAA}
03:24:36.1 (20088339)|HEAP_ALLOCATE|[17]|Bytes:4
03:24:36.1 (20094362)|VARIABLE_ASSIGNMENT|[17]|i|11
03:24:36.1 (20104173)|STATEMENT_EXECUTE|[17]
03:24:36.1 (20105914)|STATEMENT_EXECUTE|[18]
03:24:36.1 (20110319)|HEAP_ALLOCATE|[18]|Bytes:12
03:24:36.1 (20129512)|HEAP_ALLOCATE|[18]|Bytes:69
03:24:36.1 (20139617)|HEAP_ALLOCATE|[18]|Bytes:81
03:24:36.1 (20145761)|USER_DEBUG|[18]|DEBUG|Account NameAccount:{Name=Express Logistics and Transport, Id=0016F00002o0fj7QAA}
03:24:36.1 (20152056)|HEAP_ALLOCATE|[17]|Bytes:4
03:24:36.1 (20158036)|VARIABLE_ASSIGNMENT|[17]|i|12
03:24:36.1 (20167842)|STATEMENT_EXECUTE|[17]
03:24:36.1 (20169662)|STATEMENT_EXECUTE|[18]
03:24:36.1 (20174232)|HEAP_ALLOCATE|[18]|Bytes:12
03:24:36.1 (20192596)|HEAP_ALLOCATE|[18]|Bytes:43
03:24:36.1 (20207995)|HEAP_ALLOCATE|[18]|Bytes:55
03:24:36.1 (20214987)|USER_DEBUG|[18]|DEBUG|Account NameAccount:{Name=Almas, Id=0016F00002vJCC2QAO}
03:24:36.1 (20221425)|HEAP_ALLOCATE|[17]|Bytes:4
03:24:36.1 (20234760)|VARIABLE_ASSIGNMENT|[17]|i|13
03:24:36.1 (20245154)|STATEMENT_EXECUTE|[17]
03:24:36.1 (20246916)|STATEMENT_EXECUTE|[18]
03:24:36.1 (20251885)|HEAP_ALLOCATE|[18]|Bytes:12
03:24:36.1 (20272815)|HEAP_ALLOCATE|[18]|Bytes:43
03:24:36.1 (20286743)|HEAP_ALLOCATE|[18]|Bytes:55
03:24:36.1 (20294029)|USER_DEBUG|[18]|DEBUG|Account NameAccount:{Name=Ketki, Id=0016F00002sP67wQAC}
03:24:36.1 (20301122)|HEAP_ALLOCATE|[17]|Bytes:4
03:24:36.1 (20313039)|VARIABLE_ASSIGNMENT|[17]|i|14
03:24:36.1 (20329631)|METHOD_EXIT|[3]|01p6F00000MR33H|AccountProgram.queryOnAccount2()
03:24:36.1 (20336025)|SYSTEM_MODE_EXIT|false
03:24:36.1 (20342532)|STATEMENT_EXECUTE|[4]
03:24:36.1 (20369787)|SYSTEM_MODE_ENTER|false
03:24:36.1 (20385774)|HEAP_ALLOCATE|[4]|Bytes:5
03:24:36.1 (20402071)|METHOD_ENTRY|[4]|01p6F00000MR33H|AccountProgram.queryOnAccount3()
03:24:36.1 (20423297)|VARIABLE_SCOPE_BEGIN|[22]|this|AccountProgram|true|false
03:24:36.1 (20442260)|VARIABLE_ASSIGNMENT|[22]|this|{}|0x77d86d07
03:24:36.1 (20456969)|HEAP_ALLOCATE|[24]|Bytes:5
03:24:36.1 (20462185)|STATEMENT_EXECUTE|[22]
03:24:36.1 (20464157)|STATEMENT_EXECUTE|[24]
03:24:36.1 (20482089)|HEAP_ALLOCATE|[24]|Bytes:4
03:24:36.1 (20580498)|SOQL_EXECUTE_BEGIN|[24]|Aggregations:0|SELECT Name FROM Account
03:24:36.1 (25587902)|SOQL_EXECUTE_END|[24]|Rows:14
03:24:36.1 (25616190)|HEAP_ALLOCATE|[24]|Bytes:60
03:24:36.1 (25643437)|HEAP_ALLOCATE|[24]|Bytes:782
03:24:36.1 (25679161)|HEAP_ALLOCATE|[24]|Bytes:60
03:24:36.1 (25692734)|VARIABLE_SCOPE_BEGIN|[24]|AccName3|List<Account>|true|false
03:24:36.1 (25714220)|VARIABLE_ASSIGNMENT|[24]|AccName3|"List of size 14 too large to display"|0x6e00f545
03:24:36.1 (25720835)|STATEMENT_EXECUTE|[25]
03:24:36.1 (25725444)|VARIABLE_SCOPE_BEGIN|[25]|i|Integer|false|false
03:24:36.1 (25733990)|VARIABLE_ASSIGNMENT|[25]|i|null
03:24:36.1 (25737967)|STATEMENT_EXECUTE|[26]
03:24:36.1 (25741907)|HEAP_ALLOCATE|[26]|Bytes:10
03:24:36.1 (25773619)|USER_DEBUG|[26]|DEBUG|While Loop
03:24:36.1 (25807299)|STATEMENT_EXECUTE|[27]
03:24:36.1 (25818067)|METHOD_EXIT|[4]|01p6F00000MR33H|AccountProgram.queryOnAccount3()
03:24:36.1 (25829546)|SYSTEM_MODE_EXIT|false
03:24:36.25 (25857815)|CUMULATIVE_LIMIT_USAGE
03:24:36.25 (25857815)|LIMIT_USAGE_FOR_NS|(default)|
  Number of SOQL queries: 3 out of 100
  Number of query rows: 42 out of 50000
  Number of SOSL queries: 0 out of 20
  Number of DML statements: 0 out of 150
  Number of DML rows: 0 out of 10000
  Maximum CPU time: 0 out of 10000
  Maximum heap size: 0 out of 6000000
  Number of callouts: 0 out of 100
  Number of Email Invocations: 0 out of 10
  Number of future calls: 0 out of 50
  Number of queueable jobs added to the queue: 0 out of 50
  Number of Mobile Apex push calls: 0 out of 10

03:24:36.25 (25857815)|CUMULATIVE_LIMIT_USAGE_END

03:24:36.1 (25896040)|CODE_UNIT_FINISHED|execute_anonymous_apex
03:24:36.1 (27090200)|EXECUTION_FINISHED
