44.0 APEX_CODE,FINEST;APEX_PROFILING,INFO;CALLOUT,INFO;DB,INFO;NBA,INFO;SYSTEM,DEBUG;VALIDATION,INFO;VISUALFORCE,INFO;WAVE,INFO;WORKFLOW,INFO
Execute Anonymous: ParentClass obj1 =  new ParentClass();
Execute Anonymous: ChildClass obj2 = new ChildClass();
Execute Anonymous: 
Execute Anonymous: obj1.write();
Execute Anonymous: 
Execute Anonymous: obj2.write();
07:20:11.1 (1462026)|USER_INFO|[EXTERNAL]|0056F00000ATCAZ|ayman.shaikh@gmail.com|Pacific Standard Time|GMT-07:00
07:20:11.1 (1501021)|EXECUTION_STARTED
07:20:11.1 (1508049)|CODE_UNIT_STARTED|[EXTERNAL]|execute_anonymous_apex
07:20:11.1 (1718186)|VARIABLE_SCOPE_BEGIN|[1]|obj1|ParentClass|true|false
07:20:11.1 (2860892)|VARIABLE_SCOPE_BEGIN|[2]|obj2|ChildClass|true|false
07:20:11.1 (2991608)|HEAP_ALLOCATE|[72]|Bytes:3
07:20:11.1 (3021024)|HEAP_ALLOCATE|[77]|Bytes:152
07:20:11.1 (3034613)|HEAP_ALLOCATE|[342]|Bytes:408
07:20:11.1 (3047329)|HEAP_ALLOCATE|[355]|Bytes:408
07:20:11.1 (3062034)|HEAP_ALLOCATE|[467]|Bytes:48
07:20:11.1 (3086503)|HEAP_ALLOCATE|[139]|Bytes:6
07:20:11.1 (3118059)|HEAP_ALLOCATE|[EXTERNAL]|Bytes:7
07:20:11.1 (3161239)|STATEMENT_EXECUTE|[1]
07:20:11.1 (3164084)|STATEMENT_EXECUTE|[1]
07:20:11.1 (3168126)|HEAP_ALLOCATE|[1]|Bytes:3
07:20:11.1 (3174272)|HEAP_ALLOCATE|[1]|Bytes:4
07:20:11.1 (3196779)|METHOD_ENTRY|[1]|01p6F00000MR10y|ParentClass.ParentClass()
07:20:11.1 (3202969)|STATEMENT_EXECUTE|[1]
07:20:11.1 (3205834)|STATEMENT_EXECUTE|[1]
07:20:11.1 (3210393)|METHOD_EXIT|[1]|ParentClass
07:20:11.1 (3217652)|HEAP_ALLOCATE|[1]|Bytes:4
07:20:11.1 (3258349)|HEAP_ALLOCATE|[50]|Bytes:5
07:20:11.1 (3278086)|HEAP_ALLOCATE|[56]|Bytes:5
07:20:11.1 (3286105)|HEAP_ALLOCATE|[64]|Bytes:7
07:20:11.1 (3307229)|SYSTEM_MODE_ENTER|false
07:20:11.1 (3335804)|HEAP_ALLOCATE|[1]|Bytes:5
07:20:11.1 (3348027)|CONSTRUCTOR_ENTRY|[1]|01p6F00000MR10y|<init>()|ParentClass
07:20:11.1 (3370167)|VARIABLE_SCOPE_BEGIN|[1]|this|ParentClass|true|false
07:20:11.1 (3409718)|VARIABLE_ASSIGNMENT|[1]|this|{}|0x7195da45
07:20:11.1 (3420778)|HEAP_ALLOCATE|[EXTERNAL]|Bytes:6
07:20:11.1 (3455502)|STATEMENT_EXECUTE|[1]
07:20:11.1 (3461841)|CONSTRUCTOR_EXIT|[1]|01p6F00000MR10y|<init>()|ParentClass
07:20:11.1 (3477935)|SYSTEM_MODE_EXIT|false
07:20:11.1 (3504177)|VARIABLE_ASSIGNMENT|[1]|obj1|{}|0x7195da45
07:20:11.1 (3513551)|STATEMENT_EXECUTE|[2]
07:20:11.1 (3519221)|HEAP_ALLOCATE|[2]|Bytes:1
07:20:11.1 (3530811)|HEAP_ALLOCATE|[2]|Bytes:1
07:20:11.1 (3549349)|METHOD_ENTRY|[1]|01p6F00000MR2GO|ChildClass.ChildClass()
07:20:11.1 (3557116)|STATEMENT_EXECUTE|[1]
07:20:11.1 (3562095)|STATEMENT_EXECUTE|[1]
07:20:11.1 (3568385)|METHOD_EXIT|[1]|ChildClass
07:20:11.1 (3585811)|HEAP_ALLOCATE|[2]|Bytes:4
07:20:11.1 (3622207)|SYSTEM_MODE_ENTER|false
07:20:11.1 (3659250)|HEAP_ALLOCATE|[2]|Bytes:5
07:20:11.1 (3674467)|CONSTRUCTOR_ENTRY|[2]|01p6F00000MR2GO|<init>()|ChildClass
07:20:11.1 (3702527)|VARIABLE_SCOPE_BEGIN|[1]|this|ChildClass|true|false
07:20:11.1 (3730393)|VARIABLE_ASSIGNMENT|[1]|this|{}|0x71407203
07:20:11.1 (3746043)|CONSTRUCTOR_ENTRY|[EXTERNAL]|01p6F00000MR10y|<init>()|ParentClass
07:20:11.1 (3764833)|VARIABLE_SCOPE_BEGIN|[1]|this|ParentClass|true|false
07:20:11.1 (3788149)|VARIABLE_ASSIGNMENT|[1]|this|{}|0x71407203
07:20:11.1 (3813602)|STATEMENT_EXECUTE|[1]
07:20:11.1 (3820057)|CONSTRUCTOR_EXIT|[EXTERNAL]|01p6F00000MR10y|<init>()|ParentClass
07:20:11.1 (3831280)|STATEMENT_EXECUTE|[1]
07:20:11.1 (3836406)|CONSTRUCTOR_EXIT|[2]|01p6F00000MR2GO|<init>()|ChildClass
07:20:11.1 (3853042)|SYSTEM_MODE_EXIT|false
07:20:11.1 (3883160)|VARIABLE_ASSIGNMENT|[2]|obj2|{}|0x71407203
07:20:11.1 (3894349)|STATEMENT_EXECUTE|[4]
07:20:11.1 (3931982)|SYSTEM_MODE_ENTER|false
07:20:11.1 (3968827)|HEAP_ALLOCATE|[4]|Bytes:5
07:20:11.1 (3999167)|METHOD_ENTRY|[4]|01p6F00000MR10y|ParentClass.write()
07:20:11.1 (4019825)|VARIABLE_SCOPE_BEGIN|[3]|this|ParentClass|true|false
07:20:11.1 (4040339)|VARIABLE_ASSIGNMENT|[3]|this|{}|0x7195da45
07:20:11.1 (4051718)|STATEMENT_EXECUTE|[3]
07:20:11.1 (4054338)|STATEMENT_EXECUTE|[5]
07:20:11.1 (4058897)|HEAP_ALLOCATE|[5]|Bytes:20
07:20:11.1 (4110273)|USER_DEBUG|[5]|DEBUG|This is Parent Class
07:20:11.1 (4127776)|METHOD_EXIT|[4]|01p6F00000MR10y|ParentClass.write()
07:20:11.1 (4138861)|SYSTEM_MODE_EXIT|false
07:20:11.1 (4147024)|STATEMENT_EXECUTE|[6]
07:20:11.1 (4172803)|SYSTEM_MODE_ENTER|false
07:20:11.1 (4187403)|HEAP_ALLOCATE|[6]|Bytes:5
07:20:11.1 (4214238)|METHOD_ENTRY|[6]|01p6F00000MR2GO|ChildClass.write()
07:20:11.1 (4250332)|VARIABLE_SCOPE_BEGIN|[2]|this|ChildClass|true|false
07:20:11.1 (4275309)|VARIABLE_ASSIGNMENT|[2]|this|{}|0x71407203
07:20:11.1 (4286466)|STATEMENT_EXECUTE|[2]
07:20:11.1 (4289017)|STATEMENT_EXECUTE|[3]
07:20:11.1 (4303214)|METHOD_ENTRY|[3]|01p6F00000MR10y|ParentClass.ParentClassAdd()
07:20:11.1 (4352576)|VARIABLE_SCOPE_BEGIN|[8]|this|ParentClass|true|false
07:20:11.1 (4376841)|VARIABLE_ASSIGNMENT|[8]|this|{}|0x71407203
07:20:11.1 (4388259)|STATEMENT_EXECUTE|[8]
07:20:11.1 (4390908)|STATEMENT_EXECUTE|[9]
07:20:11.1 (4397601)|VARIABLE_SCOPE_BEGIN|[9]|IntNum1|Integer|false|false
07:20:11.1 (4412657)|VARIABLE_ASSIGNMENT|[9]|IntNum1|null
07:20:11.1 (4418786)|STATEMENT_EXECUTE|[9]
07:20:11.1 (4422450)|VARIABLE_SCOPE_BEGIN|[9]|IntNum2|Integer|false|false
07:20:11.1 (4433724)|VARIABLE_ASSIGNMENT|[9]|IntNum2|null
07:20:11.1 (4439650)|STATEMENT_EXECUTE|[9]
07:20:11.1 (4444695)|VARIABLE_SCOPE_BEGIN|[9]|IntSum|Integer|false|false
07:20:11.1 (4455871)|HEAP_ALLOCATE|[9]|Bytes:4
07:20:11.1 (4466681)|VARIABLE_ASSIGNMENT|[9]|IntSum|0
07:20:11.1 (4472536)|STATEMENT_EXECUTE|[10]
07:20:11.1 (4589812)|HEAP_ALLOCATE|[10]|Bytes:41
07:20:11.1 (4626117)|METHOD_EXIT|[3]|01p6F00000MR10y|ParentClass.ParentClassAdd()
07:20:11.1 (4639584)|METHOD_EXIT|[6]|01p6F00000MR2GO|ChildClass.write()
07:20:11.1 (4652906)|SYSTEM_MODE_EXIT|false
07:20:11.1 (4786129)|FATAL_ERROR|System.NullPointerException: Attempt to de-reference a null object

Class.ParentClass.ParentClassAdd: line 10, column 1
Class.ChildClass.write: line 3, column 1
AnonymousBlock: line 6, column 1
AnonymousBlock: line 6, column 1
07:20:11.4 (4836934)|CUMULATIVE_LIMIT_USAGE
07:20:11.4 (4836934)|LIMIT_USAGE_FOR_NS|(default)|
  Number of SOQL queries: 0 out of 100
  Number of query rows: 0 out of 50000
  Number of SOSL queries: 0 out of 20
  Number of DML statements: 0 out of 150
  Number of DML rows: 0 out of 10000
  Maximum CPU time: 0 out of 10000
  Maximum heap size: 0 out of 6000000
  Number of callouts: 0 out of 100
  Number of Email Invocations: 0 out of 10
  Number of future calls: 0 out of 50
  Number of queueable jobs added to the queue: 0 out of 50
  Number of Mobile Apex push calls: 0 out of 10

07:20:11.4 (4836934)|CUMULATIVE_LIMIT_USAGE_END

07:20:11.1 (4881793)|CODE_UNIT_FINISHED|execute_anonymous_apex
07:20:11.1 (5794145)|EXECUTION_FINISHED
