44.0 APEX_CODE,FINEST;APEX_PROFILING,INFO;CALLOUT,INFO;DB,INFO;NBA,INFO;SYSTEM,DEBUG;VALIDATION,INFO;VISUALFORCE,INFO;WAVE,INFO;WORKFLOW,INFO
Execute Anonymous: LeadRecordStatus objLeadRecordStatus= new LeadRecordStatus();
Execute Anonymous: objLeadRecordStatus.updaterecord();
04:06:58.1 (1197249)|USER_INFO|[EXTERNAL]|0056F00000ATCAZ|ayman.shaikh@gmail.com|Pacific Standard Time|GMT-07:00
04:06:58.1 (1227505)|EXECUTION_STARTED
04:06:58.1 (1235378)|CODE_UNIT_STARTED|[EXTERNAL]|execute_anonymous_apex
04:06:58.1 (9441566)|VARIABLE_SCOPE_BEGIN|[1]|objLeadRecordStatus|LeadRecordStatus|true|false
04:06:58.1 (9565144)|HEAP_ALLOCATE|[72]|Bytes:3
04:06:58.1 (9604507)|HEAP_ALLOCATE|[77]|Bytes:152
04:06:58.1 (9617752)|HEAP_ALLOCATE|[342]|Bytes:408
04:06:58.1 (9630439)|HEAP_ALLOCATE|[355]|Bytes:408
04:06:58.1 (9642503)|HEAP_ALLOCATE|[467]|Bytes:48
04:06:58.1 (9667954)|HEAP_ALLOCATE|[139]|Bytes:6
04:06:58.1 (9685451)|HEAP_ALLOCATE|[EXTERNAL]|Bytes:3
04:06:58.1 (9712847)|STATEMENT_EXECUTE|[1]
04:06:58.1 (9715657)|STATEMENT_EXECUTE|[1]
04:06:58.1 (9719428)|HEAP_ALLOCATE|[1]|Bytes:1
04:06:58.1 (9725157)|HEAP_ALLOCATE|[1]|Bytes:4
04:06:58.1 (9750664)|METHOD_ENTRY|[1]|01p6F00000MRI3z|LeadRecordStatus.LeadRecordStatus()
04:06:58.1 (9756172)|STATEMENT_EXECUTE|[1]
04:06:58.1 (9760534)|STATEMENT_EXECUTE|[1]
04:06:58.1 (9789788)|HEAP_ALLOCATE|[50]|Bytes:5
04:06:58.1 (9813141)|HEAP_ALLOCATE|[56]|Bytes:5
04:06:58.1 (9821329)|HEAP_ALLOCATE|[64]|Bytes:7
04:06:58.1 (9839099)|SYSTEM_MODE_ENTER|false
04:06:58.1 (9852899)|HEAP_ALLOCATE|[1]|Bytes:5
04:06:58.1 (9860017)|SYSTEM_MODE_EXIT|false
04:06:58.1 (9869429)|METHOD_EXIT|[1]|LeadRecordStatus
04:06:58.1 (9883337)|HEAP_ALLOCATE|[1]|Bytes:4
04:06:58.1 (9906807)|SYSTEM_MODE_ENTER|false
04:06:58.1 (9928717)|HEAP_ALLOCATE|[1]|Bytes:5
04:06:58.1 (9941789)|CONSTRUCTOR_ENTRY|[1]|01p6F00000MRI3z|<init>()|LeadRecordStatus
04:06:58.1 (9967702)|VARIABLE_SCOPE_BEGIN|[1]|this|LeadRecordStatus|true|false
04:06:58.1 (10007602)|VARIABLE_ASSIGNMENT|[1]|this|{}|0x384880c0
04:06:58.1 (10020656)|HEAP_ALLOCATE|[EXTERNAL]|Bytes:5
04:06:58.1 (10029609)|HEAP_ALLOCATE|[EXTERNAL]|Bytes:6
04:06:58.1 (10068812)|STATEMENT_EXECUTE|[1]
04:06:58.1 (10073921)|HEAP_ALLOCATE|[EXTERNAL]|Bytes:5
04:06:58.1 (10087721)|CONSTRUCTOR_EXIT|[1]|01p6F00000MRI3z|<init>()|LeadRecordStatus
04:06:58.1 (10095236)|SYSTEM_MODE_EXIT|false
04:06:58.1 (10113408)|VARIABLE_ASSIGNMENT|[1]|objLeadRecordStatus|{}|0x384880c0
04:06:58.1 (10120392)|STATEMENT_EXECUTE|[2]
04:06:58.1 (10142586)|SYSTEM_MODE_ENTER|false
04:06:58.1 (10159973)|HEAP_ALLOCATE|[2]|Bytes:5
04:06:58.1 (10185005)|METHOD_ENTRY|[2]|01p6F00000MRI3z|LeadRecordStatus.updaterecord()
04:06:58.1 (10207532)|VARIABLE_SCOPE_BEGIN|[2]|this|LeadRecordStatus|true|false
04:06:58.1 (10222760)|VARIABLE_ASSIGNMENT|[2]|this|{}|0x384880c0
04:06:58.1 (10235184)|HEAP_ALLOCATE|[3]|Bytes:5
04:06:58.1 (10240469)|STATEMENT_EXECUTE|[2]
04:06:58.1 (10242598)|STATEMENT_EXECUTE|[3]
04:06:58.1 (10245531)|HEAP_ALLOCATE|[3]|Bytes:54
04:06:58.1 (10268099)|HEAP_ALLOCATE|[3]|Bytes:4
04:06:58.1 (10522276)|SOQL_EXECUTE_BEGIN|[3]|Aggregations:0|SELECT Id, Name, Status FROM Lead WHERE Status = 'Won'
04:06:58.1 (16412778)|SOQL_EXECUTE_END|[3]|Rows:2
04:06:58.1 (16441531)|HEAP_ALLOCATE|[3]|Bytes:12
04:06:58.1 (16461203)|HEAP_ALLOCATE|[3]|Bytes:190
04:06:58.1 (16561963)|HEAP_ALLOCATE|[3]|Bytes:12
04:06:58.1 (16578415)|VARIABLE_SCOPE_BEGIN|[3]|leadlist|List<Lead>|true|false
04:06:58.1 (16617690)|VARIABLE_ASSIGNMENT|[3]|leadlist|[{"Id":"00Q6F00001DpBKHUA3","Name":"LINA KAPOOR","Status":"Won","RecordTypeId":"0126F000001ZMsYQAW"},{"Id":"00Q6F00001EyxYJUAZ","Name":"Tina Sharma","Status":"Won","RecordTypeId":"0126F000001ZMsYQAW"}]|0x1bc3429c
04:06:58.1 (16802733)|HEAP_ALLOCATE|[4]|Bytes:5
04:06:58.1 (16856013)|HEAP_ALLOCATE|[4]|Bytes:20
04:06:58.1 (16869093)|VARIABLE_SCOPE_BEGIN|[4]|updateList|Lead|true|false
04:06:58.1 (16892323)|VARIABLE_ASSIGNMENT|[4]|updateList|{"Id":"00Q6F00001DpBKHUA3","Name":"LINA KAPOOR","Status":"Won","RecordTypeId":"0126F000001ZMsYQAW"}|0x4c3f8a98
04:06:58.1 (16900831)|STATEMENT_EXECUTE|[4]
04:06:58.1 (16903060)|STATEMENT_EXECUTE|[6]
04:06:58.1 (16971547)|USER_DEBUG|[6]|DEBUG|Lead:{Id=00Q6F00001DpBKHUA3, Name=LINA KAPOOR, Status=Won, RecordTypeId=0126F000001ZMsYQAW}
04:06:58.1 (16983506)|STATEMENT_EXECUTE|[7]
04:06:58.1 (16987887)|HEAP_ALLOCATE|[7]|Bytes:8
04:06:58.1 (17040129)|HEAP_ALLOCATE|[7]|Bytes:-4
04:06:58.1 (17054336)|VARIABLE_ASSIGNMENT|[7]|this.Stage__c|"Open WON"|0x4c3f8a98
04:06:58.1 (17073474)|HEAP_ALLOCATE|[4]|Bytes:5
04:06:58.1 (17091795)|HEAP_ALLOCATE|[4]|Bytes:20
04:06:58.1 (17100893)|VARIABLE_SCOPE_BEGIN|[4]|updateList|Lead|true|false
04:06:58.1 (17120484)|VARIABLE_ASSIGNMENT|[4]|updateList|{"Id":"00Q6F00001EyxYJUAZ","Name":"Tina Sharma","Status":"Won","RecordTypeId":"0126F000001ZMsYQAW"}|0x793b8402
04:06:58.1 (17127388)|STATEMENT_EXECUTE|[4]
04:06:58.1 (17129330)|STATEMENT_EXECUTE|[6]
04:06:58.1 (17167260)|USER_DEBUG|[6]|DEBUG|Lead:{Id=00Q6F00001EyxYJUAZ, Name=Tina Sharma, Status=Won, RecordTypeId=0126F000001ZMsYQAW}
04:06:58.1 (17176879)|STATEMENT_EXECUTE|[7]
04:06:58.1 (17198085)|HEAP_ALLOCATE|[7]|Bytes:-4
04:06:58.1 (17208907)|VARIABLE_ASSIGNMENT|[7]|this.Stage__c|"Open WON"|0x793b8402
04:06:58.1 (17224761)|HEAP_ALLOCATE|[4]|Bytes:5
04:06:58.1 (17239133)|VARIABLE_ASSIGNMENT|[4]|updateList|null|
04:06:58.1 (17245395)|STATEMENT_EXECUTE|[9]
04:06:58.1 (17285182)|DML_BEGIN|[9]|Op:Update|Type:Lead|Rows:2
04:06:58.1 (17316253)|HEAP_ALLOCATE|[EXTERNAL]|Bytes:12
04:06:58.1 (37112411)|CODE_UNIT_STARTED|[EXTERNAL]|DuplicateDetector
04:06:58.1 (37136058)|DUPLICATE_DETECTION_BEGIN
04:06:58.1 (37677229)|DUPLICATE_DETECTION_RULE_INVOCATION|DuplicateRuleId:0Bm6F000006fqOl|DuplicateRuleName:Standard Lead Duplicate Rule|DmlType:UPDATE
04:06:58.1 (37752822)|DUPLICATE_DETECTION_END
04:06:58.1 (37760411)|CODE_UNIT_FINISHED|DuplicateDetector
04:06:58.1 (60992608)|CODE_UNIT_STARTED|[EXTERNAL]|Workflow:Lead
04:06:58.1 (69459459)|WF_RULE_EVAL_BEGIN|Assignment
04:06:58.1 (69474767)|WF_SPOOL_ACTION_BEGIN|Assignment
04:06:58.1 (69482585)|WF_ACTION|.
04:06:58.1 (69486908)|WF_RULE_EVAL_END
04:06:58.1 (69497239)|WF_RULE_EVAL_BEGIN|Workflow
04:06:58.1 (69544049)|WF_CRITERIA_BEGIN|[Lead: LINA KAPOOR 00Q6F00001DpBKH]|DNC|01Q6F0000015kX1|ON_CREATE_OR_TRIGGERING_UPDATE|0
04:06:58.1 (73706627)|WF_RULE_FILTER|[Lead : Cluster of Leads equals DNC]
04:06:58.1 (73727632)|WF_RULE_EVAL_VALUE|1
04:06:58.1 (73733838)|WF_CRITERIA_END|false
04:06:58.1 (73748531)|WF_CRITERIA_BEGIN|[Lead: LINA KAPOOR 00Q6F00001DpBKH]|MOBILE|01Q6F0000015kXB|ON_CREATE_OR_TRIGGERING_UPDATE|0
04:06:58.1 (73801916)|WF_RULE_FILTER|[Lead : Cluster of Leads equals MOBILE]
04:06:58.1 (73820620)|WF_RULE_EVAL_VALUE|1
04:06:58.1 (73826070)|WF_CRITERIA_END|false
04:06:58.1 (73837896)|WF_CRITERIA_BEGIN|[Lead: LINA KAPOOR 00Q6F00001DpBKH]|Mumbai Sales|01Q6F0000015j5B|ON_CREATE_OR_TRIGGERING_UPDATE|0
04:06:58.1 (73939697)|WF_RULE_FILTER|[Lead : City equals Mumbai]
04:06:58.1 (73949175)|WF_RULE_EVAL_VALUE|
04:06:58.1 (73951962)|WF_CRITERIA_END|false
04:06:58.1 (73962113)|WF_CRITERIA_BEGIN|[Lead: LINA KAPOOR 00Q6F00001DpBKH]|Time based Follow up|01Q6F0000015jWv|ON_CREATE_OR_TRIGGERING_UPDATE|0
04:06:58.1 (74004713)|WF_RULE_NOT_EVALUATED
04:06:58.1 (74021791)|WF_CRITERIA_BEGIN|[Lead: LINA KAPOOR 00Q6F00001DpBKH]|LANDLINE|01Q6F0000015jXZ|ON_CREATE_OR_TRIGGERING_UPDATE|0
04:06:58.1 (74090155)|WF_RULE_FILTER|[Lead : Cluster of Leads equals LANDLINE]
04:06:58.1 (74104860)|WF_RULE_EVAL_VALUE|1
04:06:58.1 (74110424)|WF_CRITERIA_END|false
04:06:58.1 (74126461)|WF_CRITERIA_BEGIN|[Lead: LINA KAPOOR 00Q6F00001DpBKH]|NO NUMBER|01Q6F0000015jXP|ON_CREATE_OR_TRIGGERING_UPDATE|0
04:06:58.1 (74167372)|WF_RULE_NOT_EVALUATED
04:06:58.1 (74180711)|WF_CRITERIA_BEGIN|[Lead: LINA KAPOOR 00Q6F00001DpBKH]|Pune Sales|01Q6F0000015j4m|ON_CREATE_OR_TRIGGERING_UPDATE|0
04:06:58.1 (74239598)|WF_RULE_FILTER|[Lead : City equals Pune]
04:06:58.1 (74247057)|WF_RULE_EVAL_VALUE|
04:06:58.1 (74249545)|WF_CRITERIA_END|false
04:06:58.1 (74281807)|WF_CRITERIA_BEGIN|[Lead: Tina Sharma 00Q6F00001EyxYJ]|DNC|01Q6F0000015kX1|ON_CREATE_OR_TRIGGERING_UPDATE|0
04:06:58.1 (74311863)|WF_RULE_FILTER|[Lead : Cluster of Leads equals DNC]
04:06:58.1 (74319801)|WF_RULE_EVAL_VALUE|1
04:06:58.1 (74323508)|WF_CRITERIA_END|false
04:06:58.1 (74332072)|WF_CRITERIA_BEGIN|[Lead: Tina Sharma 00Q6F00001EyxYJ]|MOBILE|01Q6F0000015kXB|ON_CREATE_OR_TRIGGERING_UPDATE|0
04:06:58.1 (74354466)|WF_RULE_FILTER|[Lead : Cluster of Leads equals MOBILE]
04:06:58.1 (74361009)|WF_RULE_EVAL_VALUE|1
04:06:58.1 (74364475)|WF_CRITERIA_END|false
04:06:58.1 (74371989)|WF_CRITERIA_BEGIN|[Lead: Tina Sharma 00Q6F00001EyxYJ]|Mumbai Sales|01Q6F0000015j5B|ON_CREATE_OR_TRIGGERING_UPDATE|0
04:06:58.1 (74407524)|WF_RULE_FILTER|[Lead : City equals Mumbai]
04:06:58.1 (74413286)|WF_RULE_EVAL_VALUE|
04:06:58.1 (74415596)|WF_CRITERIA_END|false
04:06:58.1 (74423210)|WF_CRITERIA_BEGIN|[Lead: Tina Sharma 00Q6F00001EyxYJ]|Time based Follow up|01Q6F0000015jWv|ON_CREATE_OR_TRIGGERING_UPDATE|0
04:06:58.1 (74438215)|WF_RULE_NOT_EVALUATED
04:06:58.1 (74444864)|WF_CRITERIA_BEGIN|[Lead: Tina Sharma 00Q6F00001EyxYJ]|LANDLINE|01Q6F0000015jXZ|ON_CREATE_OR_TRIGGERING_UPDATE|0
04:06:58.1 (74470257)|WF_RULE_FILTER|[Lead : Cluster of Leads equals LANDLINE]
04:06:58.1 (74477510)|WF_RULE_EVAL_VALUE|1
04:06:58.1 (74481000)|WF_CRITERIA_END|false
04:06:58.1 (74488538)|WF_CRITERIA_BEGIN|[Lead: Tina Sharma 00Q6F00001EyxYJ]|NO NUMBER|01Q6F0000015jXP|ON_CREATE_OR_TRIGGERING_UPDATE|0
04:06:58.1 (74503999)|WF_RULE_NOT_EVALUATED
04:06:58.1 (74510553)|WF_CRITERIA_BEGIN|[Lead: Tina Sharma 00Q6F00001EyxYJ]|Pune Sales|01Q6F0000015j4m|ON_CREATE_OR_TRIGGERING_UPDATE|0
04:06:58.1 (74548392)|WF_RULE_FILTER|[Lead : City equals Pune]
04:06:58.1 (74554513)|WF_RULE_EVAL_VALUE|
04:06:58.1 (74556738)|WF_CRITERIA_END|false
04:06:58.1 (74569922)|WF_SPOOL_ACTION_BEGIN|Workflow
04:06:58.1 (74577670)|WF_ACTION| None
04:06:58.1 (74581305)|WF_RULE_EVAL_END
04:06:58.1 (74590283)|WF_TIME_TRIGGERS_BEGIN
04:06:58.1 (77850791)|WF_ACTIONS_END| None
04:06:58.1 (77863807)|CODE_UNIT_FINISHED|Workflow:Lead
04:06:58.1 (90058556)|DML_END|[9]
04:06:58.1 (90135890)|HEAP_ALLOCATE|[EXTERNAL]|Bytes:12
04:06:58.1 (90155128)|STATEMENT_EXECUTE|[11]
04:06:58.1 (90288925)|USER_DEBUG|[11]|DEBUG|(Lead:{Id=00Q6F00001DpBKHUA3, Name=LINA KAPOOR, Status=Won, RecordTypeId=0126F000001ZMsYQAW, Stage__c=Open WON}, Lead:{Id=00Q6F00001EyxYJUAZ, Name=Tina Sharma, Status=Won, RecordTypeId=0126F000001ZMsYQAW, Stage__c=Open WON})
04:06:58.1 (90318980)|METHOD_EXIT|[2]|01p6F00000MRI3z|LeadRecordStatus.updaterecord()
04:06:58.1 (90326632)|SYSTEM_MODE_EXIT|false
04:06:58.1 (94989553)|CODE_UNIT_STARTED|[EXTERNAL]|DuplicateDetector
04:06:58.1 (95005073)|DUPLICATE_DETECTION_BEGIN
04:06:58.1 (95091488)|DUPLICATE_DETECTION_RULE_INVOCATION|DuplicateRuleId:0Bm6F000006fqOl|DuplicateRuleName:Standard Lead Duplicate Rule|DmlType:UPDATE
04:06:58.1 (107451013)|DUPLICATE_DETECTION_END
04:06:58.1 (107460079)|CODE_UNIT_FINISHED|DuplicateDetector
04:06:58.107 (107564221)|CUMULATIVE_LIMIT_USAGE
04:06:58.107 (107564221)|LIMIT_USAGE_FOR_NS|(default)|
  Number of SOQL queries: 1 out of 100
  Number of query rows: 2 out of 50000
  Number of SOSL queries: 0 out of 20
  Number of DML statements: 1 out of 150
  Number of DML rows: 2 out of 10000
  Maximum CPU time: 0 out of 10000
  Maximum heap size: 0 out of 6000000
  Number of callouts: 0 out of 100
  Number of Email Invocations: 0 out of 10
  Number of future calls: 0 out of 50
  Number of queueable jobs added to the queue: 0 out of 50
  Number of Mobile Apex push calls: 0 out of 10

04:06:58.107 (107564221)|CUMULATIVE_LIMIT_USAGE_END

04:06:58.1 (107607255)|CODE_UNIT_FINISHED|execute_anonymous_apex
04:06:58.1 (108441122)|EXECUTION_FINISHED
