44.0 APEX_CODE,FINEST;APEX_PROFILING,INFO;CALLOUT,INFO;DB,INFO;NBA,INFO;SYSTEM,DEBUG;VALIDATION,INFO;VISUALFORCE,INFO;WAVE,INFO;WORKFLOW,INFO
Execute Anonymous: ParentClass obj1, obj2;
Execute Anonymous: obj1 = new ParentClass();
Execute Anonymous: obj1.write();
Execute Anonymous: obj2 = new ChildClass();
Execute Anonymous: obj2.write();
07:18:46.1 (1136700)|USER_INFO|[EXTERNAL]|0056F00000ATCAZ|ayman.shaikh@gmail.com|Pacific Standard Time|GMT-07:00
07:18:46.1 (1157531)|EXECUTION_STARTED
07:18:46.1 (1162823)|CODE_UNIT_STARTED|[EXTERNAL]|execute_anonymous_apex
07:18:46.1 (2192186)|VARIABLE_SCOPE_BEGIN|[1]|obj1|ParentClass|true|false
07:18:46.1 (2207679)|VARIABLE_SCOPE_BEGIN|[1]|obj2|ParentClass|true|false
07:18:46.1 (2329105)|HEAP_ALLOCATE|[72]|Bytes:3
07:18:46.1 (2369822)|HEAP_ALLOCATE|[77]|Bytes:152
07:18:46.1 (2386010)|HEAP_ALLOCATE|[342]|Bytes:408
07:18:46.1 (2398122)|HEAP_ALLOCATE|[355]|Bytes:408
07:18:46.1 (2412671)|HEAP_ALLOCATE|[467]|Bytes:48
07:18:46.1 (2438643)|HEAP_ALLOCATE|[139]|Bytes:6
07:18:46.1 (2467226)|HEAP_ALLOCATE|[EXTERNAL]|Bytes:9
07:18:46.1 (2506023)|STATEMENT_EXECUTE|[1]
07:18:46.1 (2508724)|STATEMENT_EXECUTE|[1]
07:18:46.1 (2530099)|VARIABLE_ASSIGNMENT|[1]|obj1|null|
07:18:46.1 (2535691)|STATEMENT_EXECUTE|[1]
07:18:46.1 (2541187)|VARIABLE_ASSIGNMENT|[1]|obj2|null|
07:18:46.1 (2544926)|STATEMENT_EXECUTE|[2]
07:18:46.1 (2548160)|HEAP_ALLOCATE|[2]|Bytes:3
07:18:46.1 (2553282)|HEAP_ALLOCATE|[2]|Bytes:4
07:18:46.1 (2578955)|METHOD_ENTRY|[1]|01p6F00000MR10y|ParentClass.ParentClass()
07:18:46.1 (2585789)|STATEMENT_EXECUTE|[1]
07:18:46.1 (2589967)|STATEMENT_EXECUTE|[1]
07:18:46.1 (2593857)|METHOD_EXIT|[1]|ParentClass
07:18:46.1 (2608868)|HEAP_ALLOCATE|[2]|Bytes:4
07:18:46.1 (2640079)|HEAP_ALLOCATE|[50]|Bytes:5
07:18:46.1 (2662854)|HEAP_ALLOCATE|[56]|Bytes:5
07:18:46.1 (2670517)|HEAP_ALLOCATE|[64]|Bytes:7
07:18:46.1 (2688012)|SYSTEM_MODE_ENTER|false
07:18:46.1 (2718048)|HEAP_ALLOCATE|[2]|Bytes:5
07:18:46.1 (2735073)|CONSTRUCTOR_ENTRY|[2]|01p6F00000MR10y|<init>()|ParentClass
07:18:46.1 (2767736)|VARIABLE_SCOPE_BEGIN|[1]|this|ParentClass|true|false
07:18:46.1 (2800654)|VARIABLE_ASSIGNMENT|[1]|this|{}|0x1a881e
07:18:46.1 (2811309)|HEAP_ALLOCATE|[EXTERNAL]|Bytes:6
07:18:46.1 (2852380)|STATEMENT_EXECUTE|[1]
07:18:46.1 (2858882)|CONSTRUCTOR_EXIT|[2]|01p6F00000MR10y|<init>()|ParentClass
07:18:46.1 (2873769)|SYSTEM_MODE_EXIT|false
07:18:46.1 (2891065)|VARIABLE_ASSIGNMENT|[2]|obj1|{}|0x1a881e
07:18:46.1 (2897307)|STATEMENT_EXECUTE|[3]
07:18:46.1 (2918411)|SYSTEM_MODE_ENTER|false
07:18:46.1 (2935813)|HEAP_ALLOCATE|[3]|Bytes:5
07:18:46.1 (2959220)|METHOD_ENTRY|[3]|01p6F00000MR10y|ParentClass.write()
07:18:46.1 (2979837)|VARIABLE_SCOPE_BEGIN|[3]|this|ParentClass|true|false
07:18:46.1 (2994153)|VARIABLE_ASSIGNMENT|[3]|this|{}|0x1a881e
07:18:46.1 (3004389)|STATEMENT_EXECUTE|[3]
07:18:46.1 (3006559)|STATEMENT_EXECUTE|[5]
07:18:46.1 (3009457)|HEAP_ALLOCATE|[5]|Bytes:20
07:18:46.1 (3065723)|USER_DEBUG|[5]|DEBUG|This is Parent Class
07:18:46.1 (3078275)|METHOD_EXIT|[3]|01p6F00000MR10y|ParentClass.write()
07:18:46.1 (3085618)|SYSTEM_MODE_EXIT|false
07:18:46.1 (3090783)|STATEMENT_EXECUTE|[4]
07:18:46.1 (3706492)|HEAP_ALLOCATE|[4]|Bytes:1
07:18:46.1 (3715271)|HEAP_ALLOCATE|[4]|Bytes:1
07:18:46.1 (3728231)|METHOD_ENTRY|[1]|01p6F00000MR2GO|ChildClass.ChildClass()
07:18:46.1 (3733574)|STATEMENT_EXECUTE|[1]
07:18:46.1 (3737933)|STATEMENT_EXECUTE|[1]
07:18:46.1 (3741788)|METHOD_EXIT|[1]|ChildClass
07:18:46.1 (3752479)|HEAP_ALLOCATE|[4]|Bytes:4
07:18:46.1 (3773527)|SYSTEM_MODE_ENTER|false
07:18:46.1 (3787196)|HEAP_ALLOCATE|[4]|Bytes:5
07:18:46.1 (3796496)|CONSTRUCTOR_ENTRY|[4]|01p6F00000MR2GO|<init>()|ChildClass
07:18:46.1 (3812696)|VARIABLE_SCOPE_BEGIN|[1]|this|ChildClass|true|false
07:18:46.1 (3833045)|VARIABLE_ASSIGNMENT|[1]|this|{}|0x4121ce65
07:18:46.1 (3840711)|CONSTRUCTOR_ENTRY|[EXTERNAL]|01p6F00000MR10y|<init>()|ParentClass
07:18:46.1 (3850703)|VARIABLE_SCOPE_BEGIN|[1]|this|ParentClass|true|false
07:18:46.1 (3861762)|VARIABLE_ASSIGNMENT|[1]|this|{}|0x4121ce65
07:18:46.1 (3877570)|STATEMENT_EXECUTE|[1]
07:18:46.1 (3880775)|CONSTRUCTOR_EXIT|[EXTERNAL]|01p6F00000MR10y|<init>()|ParentClass
07:18:46.1 (3886864)|STATEMENT_EXECUTE|[1]
07:18:46.1 (3889315)|CONSTRUCTOR_EXIT|[4]|01p6F00000MR2GO|<init>()|ChildClass
07:18:46.1 (3898328)|SYSTEM_MODE_EXIT|false
07:18:46.1 (3915349)|VARIABLE_ASSIGNMENT|[4]|obj2|{}|0x4121ce65
07:18:46.1 (3921329)|STATEMENT_EXECUTE|[5]
07:18:46.1 (3937840)|SYSTEM_MODE_ENTER|false
07:18:46.1 (3949508)|HEAP_ALLOCATE|[5]|Bytes:5
07:18:46.1 (3965875)|METHOD_ENTRY|[5]|01p6F00000MR2GO|ChildClass.write()
07:18:46.1 (3985361)|VARIABLE_SCOPE_BEGIN|[2]|this|ChildClass|true|false
07:18:46.1 (3999082)|VARIABLE_ASSIGNMENT|[2]|this|{}|0x4121ce65
07:18:46.1 (4006771)|STATEMENT_EXECUTE|[2]
07:18:46.1 (4009105)|STATEMENT_EXECUTE|[3]
07:18:46.1 (4015500)|METHOD_ENTRY|[3]|01p6F00000MR10y|ParentClass.ParentClassAdd()
07:18:46.1 (4037971)|VARIABLE_SCOPE_BEGIN|[8]|this|ParentClass|true|false
07:18:46.1 (4051049)|VARIABLE_ASSIGNMENT|[8]|this|{}|0x4121ce65
07:18:46.1 (4057454)|STATEMENT_EXECUTE|[8]
07:18:46.1 (4059059)|STATEMENT_EXECUTE|[9]
07:18:46.1 (4063186)|VARIABLE_SCOPE_BEGIN|[9]|IntNum1|Integer|false|false
07:18:46.1 (4073671)|VARIABLE_ASSIGNMENT|[9]|IntNum1|null
07:18:46.1 (4077452)|STATEMENT_EXECUTE|[9]
07:18:46.1 (4079378)|VARIABLE_SCOPE_BEGIN|[9]|IntNum2|Integer|false|false
07:18:46.1 (4086816)|VARIABLE_ASSIGNMENT|[9]|IntNum2|null
07:18:46.1 (4090718)|STATEMENT_EXECUTE|[9]
07:18:46.1 (4093982)|VARIABLE_SCOPE_BEGIN|[9]|IntSum|Integer|false|false
07:18:46.1 (4100934)|HEAP_ALLOCATE|[9]|Bytes:4
07:18:46.1 (4108634)|VARIABLE_ASSIGNMENT|[9]|IntSum|0
07:18:46.1 (4113310)|STATEMENT_EXECUTE|[10]
07:18:46.1 (4178604)|HEAP_ALLOCATE|[10]|Bytes:41
07:18:46.1 (4195547)|METHOD_EXIT|[3]|01p6F00000MR10y|ParentClass.ParentClassAdd()
07:18:46.1 (4203273)|METHOD_EXIT|[5]|01p6F00000MR2GO|ChildClass.write()
07:18:46.1 (4211082)|SYSTEM_MODE_EXIT|false
07:18:46.1 (4305377)|FATAL_ERROR|System.NullPointerException: Attempt to de-reference a null object

Class.ParentClass.ParentClassAdd: line 10, column 1
Class.ChildClass.write: line 3, column 1
AnonymousBlock: line 5, column 1
AnonymousBlock: line 5, column 1
07:18:46.4 (4350769)|CUMULATIVE_LIMIT_USAGE
07:18:46.4 (4350769)|LIMIT_USAGE_FOR_NS|(default)|
  Number of SOQL queries: 0 out of 100
  Number of query rows: 0 out of 50000
  Number of SOSL queries: 0 out of 20
  Number of DML statements: 0 out of 150
  Number of DML rows: 0 out of 10000
  Maximum CPU time: 0 out of 10000
  Maximum heap size: 0 out of 6000000
  Number of callouts: 0 out of 100
  Number of Email Invocations: 0 out of 10
  Number of future calls: 0 out of 50
  Number of queueable jobs added to the queue: 0 out of 50
  Number of Mobile Apex push calls: 0 out of 10

07:18:46.4 (4350769)|CUMULATIVE_LIMIT_USAGE_END

07:18:46.1 (4392640)|CODE_UNIT_FINISHED|execute_anonymous_apex
07:18:46.1 (5166711)|EXECUTION_FINISHED
