44.0 APEX_CODE,FINEST;APEX_PROFILING,INFO;CALLOUT,INFO;DB,INFO;NBA,INFO;SYSTEM,DEBUG;VALIDATION,INFO;VISUALFORCE,INFO;WAVE,INFO;WORKFLOW,INFO
Execute Anonymous: Array_Operations obj = new Array_Operations();
Execute Anonymous: obj.Duplicate();
04:15:14.1 (1141514)|USER_INFO|[EXTERNAL]|0056F00000ATCAZ|ayman.shaikh@gmail.com|Pacific Standard Time|GMT-07:00
04:15:14.1 (1161288)|EXECUTION_STARTED
04:15:14.1 (1166546)|CODE_UNIT_STARTED|[EXTERNAL]|execute_anonymous_apex
04:15:14.1 (8210720)|VARIABLE_SCOPE_BEGIN|[1]|obj|Array_Operations|true|false
04:15:14.1 (8356620)|HEAP_ALLOCATE|[72]|Bytes:3
04:15:14.1 (8396224)|HEAP_ALLOCATE|[77]|Bytes:152
04:15:14.1 (8410688)|HEAP_ALLOCATE|[342]|Bytes:408
04:15:14.1 (8424749)|HEAP_ALLOCATE|[355]|Bytes:408
04:15:14.1 (8437079)|HEAP_ALLOCATE|[467]|Bytes:48
04:15:14.1 (8463826)|HEAP_ALLOCATE|[139]|Bytes:6
04:15:14.1 (8486930)|HEAP_ALLOCATE|[EXTERNAL]|Bytes:3
04:15:14.1 (8515715)|STATEMENT_EXECUTE|[1]
04:15:14.1 (8518361)|STATEMENT_EXECUTE|[1]
04:15:14.1 (8523041)|HEAP_ALLOCATE|[1]|Bytes:13
04:15:14.1 (8528471)|HEAP_ALLOCATE|[1]|Bytes:22
04:15:14.1 (8553905)|METHOD_ENTRY|[1]|01p6F00000MPtB2|Array_Operations.Array_Operations()
04:15:14.1 (8560761)|STATEMENT_EXECUTE|[1]
04:15:14.1 (8564656)|STATEMENT_EXECUTE|[1]
04:15:14.1 (8589413)|HEAP_ALLOCATE|[50]|Bytes:5
04:15:14.1 (8612012)|HEAP_ALLOCATE|[56]|Bytes:5
04:15:14.1 (8619588)|HEAP_ALLOCATE|[64]|Bytes:7
04:15:14.1 (8634615)|SYSTEM_MODE_ENTER|false
04:15:14.1 (8647386)|HEAP_ALLOCATE|[1]|Bytes:5
04:15:14.1 (8655287)|SYSTEM_MODE_EXIT|false
04:15:14.1 (8664194)|METHOD_EXIT|[1]|Array_Operations
04:15:14.1 (8705105)|HEAP_ALLOCATE|[1]|Bytes:8
04:15:14.1 (8729777)|SYSTEM_MODE_ENTER|false
04:15:14.1 (8753984)|HEAP_ALLOCATE|[1]|Bytes:5
04:15:14.1 (8764103)|CONSTRUCTOR_ENTRY|[1]|01p6F00000MPtB2|<init>()|Array_Operations
04:15:14.1 (8791404)|VARIABLE_SCOPE_BEGIN|[1]|this|Array_Operations|true|false
04:15:14.1 (8836401)|VARIABLE_ASSIGNMENT|[1]|this|{}|0x715483d
04:15:14.1 (8847314)|HEAP_ALLOCATE|[3]|Bytes:5
04:15:14.1 (8855031)|HEAP_ALLOCATE|[3]|Bytes:6
04:15:14.1 (8890789)|STATEMENT_EXECUTE|[1]
04:15:14.1 (8895149)|HEAP_ALLOCATE|[3]|Bytes:5
04:15:14.1 (8899116)|STATEMENT_EXECUTE|[3]
04:15:14.1 (8914632)|HEAP_ALLOCATE|[3]|Bytes:4
04:15:14.1 (8970391)|HEAP_ALLOCATE|[3]|Bytes:4
04:15:14.1 (8976768)|HEAP_ALLOCATE|[3]|Bytes:4
04:15:14.1 (8980512)|HEAP_ALLOCATE|[3]|Bytes:4
04:15:14.1 (8984239)|HEAP_ALLOCATE|[3]|Bytes:4
04:15:14.1 (8987965)|HEAP_ALLOCATE|[3]|Bytes:4
04:15:14.1 (8991288)|HEAP_ALLOCATE|[3]|Bytes:4
04:15:14.1 (9024670)|HEAP_ALLOCATE|[EXTERNAL]|Bytes:28
04:15:14.1 (9045532)|VARIABLE_ASSIGNMENT|[3]|this.integerList|"List of size 6 too large to display"|0x715483d
04:15:14.1 (9056376)|CONSTRUCTOR_EXIT|[1]|01p6F00000MPtB2|<init>()|Array_Operations
04:15:14.1 (9063795)|SYSTEM_MODE_EXIT|false
04:15:14.1 (9089546)|VARIABLE_ASSIGNMENT|[1]|obj|{"integerList":"0x548bfd64"}|0x715483d
04:15:14.1 (9096651)|STATEMENT_EXECUTE|[2]
04:15:14.1 (9118593)|SYSTEM_MODE_ENTER|false
04:15:14.1 (9134493)|HEAP_ALLOCATE|[2]|Bytes:5
04:15:14.1 (9157811)|METHOD_ENTRY|[2]|01p6F00000MPtB2|Array_Operations.Duplicate()
04:15:14.1 (9180937)|VARIABLE_SCOPE_BEGIN|[55]|this|Array_Operations|true|false
04:15:14.1 (9199188)|VARIABLE_ASSIGNMENT|[55]|this|{"integerList":"0x548bfd64"}|0x715483d
04:15:14.1 (9213603)|HEAP_ALLOCATE|[57]|Bytes:5
04:15:14.1 (9217970)|STATEMENT_EXECUTE|[56]
04:15:14.1 (9219657)|STATEMENT_EXECUTE|[57]
04:15:14.1 (9223171)|VARIABLE_SCOPE_BEGIN|[57]|count|Integer|false|false
04:15:14.1 (9234955)|HEAP_ALLOCATE|[57]|Bytes:4
04:15:14.1 (9242720)|VARIABLE_ASSIGNMENT|[57]|count|1
04:15:14.1 (9247652)|STATEMENT_EXECUTE|[59]
04:15:14.1 (9249657)|VARIABLE_SCOPE_BEGIN|[59]|i|Integer|false|false
04:15:14.1 (9256274)|HEAP_ALLOCATE|[59]|Bytes:4
04:15:14.1 (9261025)|VARIABLE_ASSIGNMENT|[59]|i|0
04:15:14.1 (9296821)|STATEMENT_EXECUTE|[59]
04:15:14.1 (9299617)|STATEMENT_EXECUTE|[60]
04:15:14.1 (9302699)|VARIABLE_SCOPE_BEGIN|[60]|j|Integer|false|false
04:15:14.1 (9309985)|HEAP_ALLOCATE|[60]|Bytes:4
04:15:14.1 (9315857)|VARIABLE_ASSIGNMENT|[60]|j|1
04:15:14.1 (9332318)|STATEMENT_EXECUTE|[60]
04:15:14.1 (9339628)|HEAP_ALLOCATE|[61]|Bytes:8
04:15:14.1 (9346103)|HEAP_ALLOCATE|[61]|Bytes:8
04:15:14.1 (9350322)|STATEMENT_EXECUTE|[61]
04:15:14.1 (9352691)|HEAP_ALLOCATE|[60]|Bytes:4
04:15:14.1 (9358487)|VARIABLE_ASSIGNMENT|[60]|j|2
04:15:14.1 (9368217)|STATEMENT_EXECUTE|[60]
04:15:14.1 (9370857)|HEAP_ALLOCATE|[61]|Bytes:8
04:15:14.1 (9375210)|HEAP_ALLOCATE|[61]|Bytes:8
04:15:14.1 (9378402)|STATEMENT_EXECUTE|[61]
04:15:14.1 (9380078)|HEAP_ALLOCATE|[60]|Bytes:4
04:15:14.1 (9384594)|VARIABLE_ASSIGNMENT|[60]|j|3
04:15:14.1 (9392750)|STATEMENT_EXECUTE|[60]
04:15:14.1 (9395199)|HEAP_ALLOCATE|[61]|Bytes:8
04:15:14.1 (9399533)|HEAP_ALLOCATE|[61]|Bytes:8
04:15:14.1 (9402839)|STATEMENT_EXECUTE|[61]
04:15:14.1 (9404294)|STATEMENT_EXECUTE|[62]
04:15:14.1 (9406059)|HEAP_ALLOCATE|[62]|Bytes:4
04:15:14.1 (9411229)|VARIABLE_ASSIGNMENT|[62]|count|2
04:15:14.1 (9415518)|HEAP_ALLOCATE|[60]|Bytes:4
04:15:14.1 (9420208)|VARIABLE_ASSIGNMENT|[60]|j|4
04:15:14.1 (9428656)|STATEMENT_EXECUTE|[60]
04:15:14.1 (9431056)|HEAP_ALLOCATE|[61]|Bytes:8
04:15:14.1 (9435310)|HEAP_ALLOCATE|[61]|Bytes:8
04:15:14.1 (9439079)|STATEMENT_EXECUTE|[61]
04:15:14.1 (9440642)|HEAP_ALLOCATE|[60]|Bytes:4
04:15:14.1 (9445385)|VARIABLE_ASSIGNMENT|[60]|j|5
04:15:14.1 (9453402)|STATEMENT_EXECUTE|[60]
04:15:14.1 (9455820)|HEAP_ALLOCATE|[61]|Bytes:8
04:15:14.1 (9460073)|HEAP_ALLOCATE|[61]|Bytes:8
04:15:14.1 (9463869)|STATEMENT_EXECUTE|[61]
04:15:14.1 (9465463)|HEAP_ALLOCATE|[60]|Bytes:4
04:15:14.1 (9470140)|VARIABLE_ASSIGNMENT|[60]|j|6
04:15:14.1 (9478273)|STATEMENT_EXECUTE|[60]
04:15:14.1 (9480633)|HEAP_ALLOCATE|[61]|Bytes:8
04:15:14.1 (9526928)|HEAP_ALLOCATE|[61]|Bytes:31
04:15:14.1 (9541428)|METHOD_EXIT|[2]|01p6F00000MPtB2|Array_Operations.Duplicate()
04:15:14.1 (9547477)|SYSTEM_MODE_EXIT|false
04:15:14.1 (9656915)|FATAL_ERROR|System.ListException: List index out of bounds: 6

Class.Array_Operations.Duplicate: line 61, column 1
AnonymousBlock: line 2, column 1
AnonymousBlock: line 2, column 1
04:15:14.9 (9702298)|CUMULATIVE_LIMIT_USAGE
04:15:14.9 (9702298)|LIMIT_USAGE_FOR_NS|(default)|
  Number of SOQL queries: 0 out of 100
  Number of query rows: 0 out of 50000
  Number of SOSL queries: 0 out of 20
  Number of DML statements: 0 out of 150
  Number of DML rows: 0 out of 10000
  Maximum CPU time: 0 out of 10000
  Maximum heap size: 0 out of 6000000
  Number of callouts: 0 out of 100
  Number of Email Invocations: 0 out of 10
  Number of future calls: 0 out of 50
  Number of queueable jobs added to the queue: 0 out of 50
  Number of Mobile Apex push calls: 0 out of 10

04:15:14.9 (9702298)|CUMULATIVE_LIMIT_USAGE_END

04:15:14.1 (9739102)|CODE_UNIT_FINISHED|execute_anonymous_apex
04:15:14.1 (10652037)|EXECUTION_FINISHED
