44.0 APEX_CODE,FINEST;APEX_PROFILING,INFO;CALLOUT,INFO;DB,INFO;NBA,INFO;SYSTEM,DEBUG;VALIDATION,INFO;VISUALFORCE,INFO;WAVE,INFO;WORKFLOW,INFO
Execute Anonymous: ActiveUser objActiveUser = new ActiveUser();
Execute Anonymous: objActiveUser.ActiveUserData();
07:17:43.1 (1421475)|USER_INFO|[EXTERNAL]|0056F00000ATCAZ|ayman.shaikh@gmail.com|Pacific Standard Time|GMT-07:00
07:17:43.1 (1439546)|EXECUTION_STARTED
07:17:43.1 (1443892)|CODE_UNIT_STARTED|[EXTERNAL]|execute_anonymous_apex
07:17:43.1 (7632077)|VARIABLE_SCOPE_BEGIN|[1]|objActiveUser|ActiveUser|true|false
07:17:43.1 (7746049)|HEAP_ALLOCATE|[72]|Bytes:3
07:17:43.1 (7777392)|HEAP_ALLOCATE|[77]|Bytes:152
07:17:43.1 (7791237)|HEAP_ALLOCATE|[342]|Bytes:408
07:17:43.1 (7803172)|HEAP_ALLOCATE|[355]|Bytes:408
07:17:43.1 (7813789)|HEAP_ALLOCATE|[467]|Bytes:48
07:17:43.1 (7837885)|HEAP_ALLOCATE|[139]|Bytes:6
07:17:43.1 (7856264)|HEAP_ALLOCATE|[EXTERNAL]|Bytes:3
07:17:43.1 (7882855)|STATEMENT_EXECUTE|[1]
07:17:43.1 (7885329)|STATEMENT_EXECUTE|[1]
07:17:43.1 (7888892)|HEAP_ALLOCATE|[1]|Bytes:1
07:17:43.1 (7894022)|HEAP_ALLOCATE|[1]|Bytes:1
07:17:43.1 (7921157)|METHOD_ENTRY|[1]|01p6F00000MRJRq|ActiveUser.ActiveUser()
07:17:43.1 (7928299)|STATEMENT_EXECUTE|[1]
07:17:43.1 (7931574)|STATEMENT_EXECUTE|[1]
07:17:43.1 (7956682)|HEAP_ALLOCATE|[50]|Bytes:5
07:17:43.1 (7979341)|HEAP_ALLOCATE|[56]|Bytes:5
07:17:43.1 (7987967)|HEAP_ALLOCATE|[64]|Bytes:7
07:17:43.1 (8003778)|SYSTEM_MODE_ENTER|false
07:17:43.1 (8029218)|HEAP_ALLOCATE|[1]|Bytes:5
07:17:43.1 (8036881)|SYSTEM_MODE_EXIT|false
07:17:43.1 (8045771)|METHOD_EXIT|[1]|ActiveUser
07:17:43.1 (8058397)|HEAP_ALLOCATE|[1]|Bytes:4
07:17:43.1 (8079550)|SYSTEM_MODE_ENTER|false
07:17:43.1 (8102838)|HEAP_ALLOCATE|[1]|Bytes:5
07:17:43.1 (8114115)|CONSTRUCTOR_ENTRY|[1]|01p6F00000MRJRq|<init>()|ActiveUser
07:17:43.1 (8140722)|VARIABLE_SCOPE_BEGIN|[1]|this|ActiveUser|true|false
07:17:43.1 (8174647)|VARIABLE_ASSIGNMENT|[1]|this|{}|0x3ce44ffd
07:17:43.1 (8185043)|HEAP_ALLOCATE|[EXTERNAL]|Bytes:5
07:17:43.1 (8192770)|HEAP_ALLOCATE|[EXTERNAL]|Bytes:6
07:17:43.1 (8226027)|STATEMENT_EXECUTE|[1]
07:17:43.1 (8230345)|HEAP_ALLOCATE|[EXTERNAL]|Bytes:5
07:17:43.1 (8239113)|CONSTRUCTOR_EXIT|[1]|01p6F00000MRJRq|<init>()|ActiveUser
07:17:43.1 (8246854)|SYSTEM_MODE_EXIT|false
07:17:43.1 (8262487)|VARIABLE_ASSIGNMENT|[1]|objActiveUser|{}|0x3ce44ffd
07:17:43.1 (8268569)|STATEMENT_EXECUTE|[2]
07:17:43.1 (8286680)|SYSTEM_MODE_ENTER|false
07:17:43.1 (8302704)|HEAP_ALLOCATE|[2]|Bytes:5
07:17:43.1 (8324645)|METHOD_ENTRY|[2]|01p6F00000MRJRq|ActiveUser.ActiveUserData()
07:17:43.1 (8353161)|VARIABLE_SCOPE_BEGIN|[2]|this|ActiveUser|true|false
07:17:43.1 (8367017)|VARIABLE_ASSIGNMENT|[2]|this|{}|0x3ce44ffd
07:17:43.1 (8378209)|HEAP_ALLOCATE|[3]|Bytes:5
07:17:43.1 (8382223)|STATEMENT_EXECUTE|[2]
07:17:43.1 (8384283)|STATEMENT_EXECUTE|[3]
07:17:43.1 (8435124)|HEAP_ALLOCATE|[3]|Bytes:4
07:17:43.1 (8441938)|HEAP_ALLOCATE|[3]|Bytes:51
07:17:43.1 (8450751)|HEAP_ALLOCATE|[3]|Bytes:4
07:17:43.1 (8645644)|SOQL_EXECUTE_BEGIN|[3]|Aggregations:0|SELECT Id, Username FROM User WHERE IsActive = TRUE
07:17:43.1 (19099507)|SOQL_EXECUTE_END|[3]|Rows:5
07:17:43.1 (19123741)|HEAP_ALLOCATE|[3]|Bytes:24
07:17:43.1 (19148673)|HEAP_ALLOCATE|[3]|Bytes:383
07:17:43.1 (19212288)|HEAP_ALLOCATE|[3]|Bytes:24
07:17:43.1 (19254642)|HEAP_ALLOCATE|[3]|Bytes:12
07:17:43.1 (19266612)|HEAP_ALLOCATE|[3]|Bytes:4
07:17:43.1 (19272704)|HEAP_ALLOCATE|[3]|Bytes:12
07:17:43.1 (19278496)|HEAP_ALLOCATE|[3]|Bytes:4
07:17:43.1 (19282911)|HEAP_ALLOCATE|[3]|Bytes:12
07:17:43.1 (19288277)|HEAP_ALLOCATE|[3]|Bytes:4
07:17:43.1 (19292070)|HEAP_ALLOCATE|[3]|Bytes:12
07:17:43.1 (19296678)|HEAP_ALLOCATE|[3]|Bytes:4
07:17:43.1 (19300250)|HEAP_ALLOCATE|[3]|Bytes:12
07:17:43.1 (19305000)|HEAP_ALLOCATE|[3]|Bytes:4
07:17:43.1 (19314282)|VARIABLE_SCOPE_BEGIN|[3]|userMap|Map<Id,User>|true|false
07:17:43.1 (19376512)|VARIABLE_ASSIGNMENT|[3]|userMap|{"0056F00000AoYu2QAF":{"Id":"0056F00000AoYu2QAF","Username":"integration@00d6f000 (14 more) ..."},"0056F00000AoYu6QAF":{"Id":"0056F00000AoYu6QAF","Username":"insightssecurity@00d (19 more) ..."},"0056F00000ATCAZQA5":{"Id":"0056F00000ATCAZQA5","Username":"ayman.shaikh@gmail.c (2 more) ..."},"0056F00000AU9JqQAL":{"Id":"0056F00000AU9JqQAL","Username":"almas.shaikh@gmail.c (2 more) ..."},"0056F00000AoYu5QAF":{"Id":"0056F00000AoYu5QAF","Username":"chatty.00d6f000002xq (41 more) ..."}}|0x29f158fc
07:17:43.1 (19391095)|STATEMENT_EXECUTE|[4]
07:17:43.1 (19473736)|USER_DEBUG|[4]|DEBUG|{0056F00000ATCAZQA5=User:{Id=0056F00000ATCAZQA5, Username=ayman.shaikh@gmail.com}, 0056F00000AU9JqQAL=User:{Id=0056F00000AU9JqQAL, Username=almas.shaikh@gmail.com}, 0056F00000AoYu2QAF=User:{Id=0056F00000AoYu2QAF, Username=integration@00d6f000002xqjeuaw.com}, 0056F00000AoYu5QAF=User:{Id=0056F00000AoYu5QAF, Username=chatty.00d6f000002xqjeuaw.9msj92kpjl0j@chatter.salesforce.com}, 0056F00000AoYu6QAF=User:{Id=0056F00000AoYu6QAF, Username=insightssecurity@00d6f000002xqjeuaw.com}}
07:17:43.1 (19496014)|METHOD_EXIT|[2]|01p6F00000MRJRq|ActiveUser.ActiveUserData()
07:17:43.1 (19502563)|SYSTEM_MODE_EXIT|false
07:17:43.19 (19527862)|CUMULATIVE_LIMIT_USAGE
07:17:43.19 (19527862)|LIMIT_USAGE_FOR_NS|(default)|
  Number of SOQL queries: 1 out of 100
  Number of query rows: 5 out of 50000
  Number of SOSL queries: 0 out of 20
  Number of DML statements: 0 out of 150
  Number of DML rows: 0 out of 10000
  Maximum CPU time: 0 out of 10000
  Maximum heap size: 0 out of 6000000
  Number of callouts: 0 out of 100
  Number of Email Invocations: 0 out of 10
  Number of future calls: 0 out of 50
  Number of queueable jobs added to the queue: 0 out of 50
  Number of Mobile Apex push calls: 0 out of 10

07:17:43.19 (19527862)|CUMULATIVE_LIMIT_USAGE_END

07:17:43.1 (19558665)|CODE_UNIT_FINISHED|execute_anonymous_apex
07:17:43.1 (20701373)|EXECUTION_FINISHED
