43.0 APEX_CODE,FINEST;APEX_PROFILING,INFO;CALLOUT,INFO;DB,INFO;NBA,INFO;SYSTEM,DEBUG;VALIDATION,INFO;VISUALFORCE,INFO;WAVE,INFO;WORKFLOW,INFO
Execute Anonymous: Array_Of_Shape objShape = new Array_Of_Shape();
Execute Anonymous: Integer num = 0;
Execute Anonymous: objShape.List_Shape_Selection(num);
07:45:50.13 (13635762)|USER_INFO|[EXTERNAL]|0056F00000ATCAZ|ayman.shaikh@gmail.com|Pacific Standard Time|GMT-07:00
07:45:50.13 (13660643)|EXECUTION_STARTED
07:45:50.13 (13667057)|CODE_UNIT_STARTED|[EXTERNAL]|execute_anonymous_apex
07:45:50.13 (13776101)|VARIABLE_SCOPE_BEGIN|[2]|num|Integer|false|false
07:45:50.13 (14988790)|VARIABLE_SCOPE_BEGIN|[1]|objShape|Array_Of_Shape|true|false
07:45:50.13 (15114955)|HEAP_ALLOCATE|[72]|Bytes:3
07:45:50.13 (15156454)|HEAP_ALLOCATE|[77]|Bytes:152
07:45:50.13 (15171852)|HEAP_ALLOCATE|[342]|Bytes:408
07:45:50.13 (15185077)|HEAP_ALLOCATE|[355]|Bytes:408
07:45:50.13 (15197077)|HEAP_ALLOCATE|[467]|Bytes:48
07:45:50.13 (15223547)|HEAP_ALLOCATE|[139]|Bytes:6
07:45:50.13 (15246841)|HEAP_ALLOCATE|[EXTERNAL]|Bytes:5
07:45:50.13 (15292780)|STATEMENT_EXECUTE|[1]
07:45:50.13 (15296043)|STATEMENT_EXECUTE|[1]
07:45:50.13 (15300310)|HEAP_ALLOCATE|[1]|Bytes:4
07:45:50.13 (15306724)|HEAP_ALLOCATE|[1]|Bytes:5
07:45:50.13 (15339041)|METHOD_ENTRY|[1]|01p6F00000MPYhK|Array_Of_Shape.Array_Of_Shape()
07:45:50.13 (15346072)|STATEMENT_EXECUTE|[1]
07:45:50.13 (15349976)|STATEMENT_EXECUTE|[1]
07:45:50.13 (15377761)|HEAP_ALLOCATE|[50]|Bytes:5
07:45:50.13 (15413532)|HEAP_ALLOCATE|[56]|Bytes:5
07:45:50.13 (15426906)|HEAP_ALLOCATE|[64]|Bytes:7
07:45:50.13 (15446458)|SYSTEM_MODE_ENTER|false
07:45:50.13 (15460668)|HEAP_ALLOCATE|[1]|Bytes:5
07:45:50.13 (15474830)|SYSTEM_MODE_EXIT|false
07:45:50.13 (15487580)|METHOD_EXIT|[1]|Array_Of_Shape
07:45:50.13 (15502392)|HEAP_ALLOCATE|[1]|Bytes:4
07:45:50.13 (15526970)|SYSTEM_MODE_ENTER|false
07:45:50.13 (15550517)|HEAP_ALLOCATE|[1]|Bytes:5
07:45:50.13 (15580270)|CONSTRUCTOR_ENTRY|[1]|01p6F00000MPYhK|<init>()|Array_Of_Shape
07:45:50.13 (15645490)|VARIABLE_SCOPE_BEGIN|[1]|this|Array_Of_Shape|true|false
07:45:50.13 (15694175)|VARIABLE_ASSIGNMENT|[1]|this|{}|0x466d431d
07:45:50.13 (15707180)|HEAP_ALLOCATE|[EXTERNAL]|Bytes:5
07:45:50.13 (15717426)|HEAP_ALLOCATE|[EXTERNAL]|Bytes:6
07:45:50.13 (15760154)|STATEMENT_EXECUTE|[1]
07:45:50.13 (15766055)|HEAP_ALLOCATE|[EXTERNAL]|Bytes:5
07:45:50.13 (15786150)|CONSTRUCTOR_EXIT|[1]|01p6F00000MPYhK|<init>()|Array_Of_Shape
07:45:50.13 (15800079)|SYSTEM_MODE_EXIT|false
07:45:50.13 (15831700)|VARIABLE_ASSIGNMENT|[1]|objShape|{}|0x466d431d
07:45:50.13 (15838904)|STATEMENT_EXECUTE|[2]
07:45:50.13 (15843432)|HEAP_ALLOCATE|[2]|Bytes:4
07:45:50.13 (15855701)|VARIABLE_ASSIGNMENT|[2]|num|0
07:45:50.13 (15860324)|STATEMENT_EXECUTE|[3]
07:45:50.13 (15886729)|SYSTEM_MODE_ENTER|false
07:45:50.13 (15906082)|HEAP_ALLOCATE|[3]|Bytes:5
07:45:50.13 (15937745)|METHOD_ENTRY|[3]|01p6F00000MPYhK|Array_Of_Shape.List_Shape_Selection(Integer)
07:45:50.13 (15969195)|VARIABLE_SCOPE_BEGIN|[23]|this|Array_Of_Shape|true|false
07:45:50.13 (15988576)|VARIABLE_ASSIGNMENT|[23]|this|{}|0x466d431d
07:45:50.13 (16015411)|VARIABLE_SCOPE_BEGIN|[23]|n|Integer|false|false
07:45:50.13 (16026621)|VARIABLE_ASSIGNMENT|[23]|n|0
07:45:50.13 (16039361)|HEAP_ALLOCATE|[24]|Bytes:5
07:45:50.13 (16044741)|STATEMENT_EXECUTE|[23]
07:45:50.13 (16046750)|STATEMENT_EXECUTE|[24]
07:45:50.13 (16091037)|HEAP_ALLOCATE|[24]|Bytes:4
07:45:50.13 (16142036)|VARIABLE_SCOPE_BEGIN|[24]|ShapeList|List<String>|true|false
07:45:50.13 (16177852)|HEAP_ALLOCATE|[EXTERNAL]|Bytes:4
07:45:50.13 (16191018)|VARIABLE_ASSIGNMENT|[24]|ShapeList|[]|0x1a7737ac
07:45:50.13 (16197747)|STATEMENT_EXECUTE|[25]
07:45:50.13 (16202665)|VARIABLE_SCOPE_BEGIN|[25]|i|Integer|false|false
07:45:50.13 (16209679)|HEAP_ALLOCATE|[25]|Bytes:4
07:45:50.13 (16216677)|VARIABLE_ASSIGNMENT|[25]|i|0
07:45:50.13 (16223907)|STATEMENT_EXECUTE|[25]
07:45:50.13 (16225862)|STATEMENT_EXECUTE|[28]
07:45:50.13 (16277008)|USER_DEBUG|[28]|DEBUG|()
07:45:50.13 (16295619)|METHOD_EXIT|[3]|01p6F00000MPYhK|Array_Of_Shape.List_Shape_Selection(Integer)
07:45:50.13 (16302559)|SYSTEM_MODE_EXIT|false
07:45:50.16 (16336889)|CUMULATIVE_LIMIT_USAGE
07:45:50.16 (16336889)|LIMIT_USAGE_FOR_NS|(default)|
  Number of SOQL queries: 0 out of 100
  Number of query rows: 0 out of 50000
  Number of SOSL queries: 0 out of 20
  Number of DML statements: 0 out of 150
  Number of DML rows: 0 out of 10000
  Maximum CPU time: 0 out of 10000
  Maximum heap size: 0 out of 6000000
  Number of callouts: 0 out of 100
  Number of Email Invocations: 0 out of 10
  Number of future calls: 0 out of 50
  Number of queueable jobs added to the queue: 0 out of 50
  Number of Mobile Apex push calls: 0 out of 10

07:45:50.16 (16336889)|CUMULATIVE_LIMIT_USAGE_END

07:45:50.13 (16387644)|CODE_UNIT_FINISHED|execute_anonymous_apex
07:45:50.13 (17303930)|EXECUTION_FINISHED
