44.0 APEX_CODE,FINEST;APEX_PROFILING,INFO;CALLOUT,INFO;DB,INFO;NBA,INFO;SYSTEM,DEBUG;VALIDATION,INFO;VISUALFORCE,INFO;WAVE,INFO;WORKFLOW,INFO
Execute Anonymous: ParentClass obj1, obj2;
Execute Anonymous: obj2.ParentClassAdd();
05:35:23.1 (1737760)|USER_INFO|[EXTERNAL]|0056F00000ATCAZ|ayman.shaikh@gmail.com|Pacific Standard Time|GMT-07:00
05:35:23.1 (1764014)|EXECUTION_STARTED
05:35:23.1 (1768997)|CODE_UNIT_STARTED|[EXTERNAL]|execute_anonymous_apex
05:35:23.1 (12626191)|VARIABLE_SCOPE_BEGIN|[1]|obj1|ParentClass|true|false
05:35:23.1 (12647343)|VARIABLE_SCOPE_BEGIN|[1]|obj2|ParentClass|true|false
05:35:23.1 (12778461)|HEAP_ALLOCATE|[72]|Bytes:3
05:35:23.1 (12817759)|HEAP_ALLOCATE|[77]|Bytes:152
05:35:23.1 (12838508)|HEAP_ALLOCATE|[342]|Bytes:408
05:35:23.1 (12862215)|HEAP_ALLOCATE|[355]|Bytes:408
05:35:23.1 (12883297)|HEAP_ALLOCATE|[467]|Bytes:48
05:35:23.1 (12919101)|HEAP_ALLOCATE|[139]|Bytes:6
05:35:23.1 (12953969)|HEAP_ALLOCATE|[EXTERNAL]|Bytes:3
05:35:23.1 (12993969)|STATEMENT_EXECUTE|[1]
05:35:23.1 (12998237)|STATEMENT_EXECUTE|[1]
05:35:23.1 (13023713)|VARIABLE_ASSIGNMENT|[1]|obj1|null|
05:35:23.1 (13032876)|STATEMENT_EXECUTE|[1]
05:35:23.1 (13046294)|VARIABLE_ASSIGNMENT|[1]|obj2|null|
05:35:23.1 (13052955)|STATEMENT_EXECUTE|[2]
05:35:23.1 (13111128)|HEAP_ALLOCATE|[50]|Bytes:5
05:35:23.1 (13136101)|HEAP_ALLOCATE|[56]|Bytes:5
05:35:23.1 (13146982)|HEAP_ALLOCATE|[64]|Bytes:7
05:35:23.1 (13170908)|SYSTEM_MODE_ENTER|false
05:35:23.1 (13218721)|HEAP_ALLOCATE|[2]|Bytes:5
05:35:23.1 (13277391)|HEAP_ALLOCATE|[2]|Bytes:41
05:35:23.1 (13297794)|SYSTEM_MODE_EXIT|false
05:35:23.1 (13477194)|FATAL_ERROR|System.NullPointerException: Attempt to de-reference a null object

AnonymousBlock: line 2, column 1
AnonymousBlock: line 2, column 1
05:35:23.13 (13550442)|CUMULATIVE_LIMIT_USAGE
05:35:23.13 (13550442)|LIMIT_USAGE_FOR_NS|(default)|
  Number of SOQL queries: 0 out of 100
  Number of query rows: 0 out of 50000
  Number of SOSL queries: 0 out of 20
  Number of DML statements: 0 out of 150
  Number of DML rows: 0 out of 10000
  Maximum CPU time: 0 out of 10000
  Maximum heap size: 0 out of 6000000
  Number of callouts: 0 out of 100
  Number of Email Invocations: 0 out of 10
  Number of future calls: 0 out of 50
  Number of queueable jobs added to the queue: 0 out of 50
  Number of Mobile Apex push calls: 0 out of 10

05:35:23.13 (13550442)|CUMULATIVE_LIMIT_USAGE_END

05:35:23.1 (13593930)|CODE_UNIT_FINISHED|execute_anonymous_apex
05:35:23.1 (14563779)|EXECUTION_FINISHED
