44.0 APEX_CODE,FINEST;APEX_PROFILING,INFO;CALLOUT,INFO;DB,INFO;NBA,INFO;SYSTEM,DEBUG;VALIDATION,INFO;VISUALFORCE,INFO;WAVE,INFO;WORKFLOW,INFO
Execute Anonymous: InactiveAccountRecords obj = new InactiveAccountRecords();
Execute Anonymous: obj.DeleteInactiveRecords();
06:53:21.0 (862576)|USER_INFO|[EXTERNAL]|0056F00000ATCAZ|ayman.shaikh@gmail.com|Pacific Standard Time|GMT-08:00
06:53:21.0 (886837)|EXECUTION_STARTED
06:53:21.0 (890537)|CODE_UNIT_STARTED|[EXTERNAL]|execute_anonymous_apex
06:53:21.0 (7565945)|VARIABLE_SCOPE_BEGIN|[1]|obj|InactiveAccountRecords|true|false
06:53:21.0 (7709954)|HEAP_ALLOCATE|[72]|Bytes:3
06:53:21.0 (7751198)|HEAP_ALLOCATE|[77]|Bytes:152
06:53:21.0 (7770923)|HEAP_ALLOCATE|[342]|Bytes:408
06:53:21.0 (7790675)|HEAP_ALLOCATE|[355]|Bytes:408
06:53:21.0 (7812032)|HEAP_ALLOCATE|[467]|Bytes:48
06:53:21.0 (7885866)|HEAP_ALLOCATE|[139]|Bytes:6
06:53:21.0 (7910951)|HEAP_ALLOCATE|[EXTERNAL]|Bytes:3
06:53:21.0 (7940169)|STATEMENT_EXECUTE|[1]
06:53:21.0 (7944130)|STATEMENT_EXECUTE|[1]
06:53:21.0 (7949060)|HEAP_ALLOCATE|[1]|Bytes:1
06:53:21.0 (7956831)|HEAP_ALLOCATE|[1]|Bytes:2
06:53:21.0 (7996260)|METHOD_ENTRY|[1]|01p6F00000NM9oD|InactiveAccountRecords.InactiveAccountRecords()
06:53:21.0 (8002911)|STATEMENT_EXECUTE|[1]
06:53:21.0 (8007759)|STATEMENT_EXECUTE|[1]
06:53:21.0 (8036201)|HEAP_ALLOCATE|[50]|Bytes:5
06:53:21.0 (8056164)|HEAP_ALLOCATE|[56]|Bytes:5
06:53:21.0 (8063984)|HEAP_ALLOCATE|[64]|Bytes:7
06:53:21.0 (8079451)|SYSTEM_MODE_ENTER|false
06:53:21.0 (8091878)|HEAP_ALLOCATE|[1]|Bytes:5
06:53:21.0 (8099825)|SYSTEM_MODE_EXIT|false
06:53:21.0 (8110066)|METHOD_EXIT|[1]|InactiveAccountRecords
06:53:21.0 (8123373)|HEAP_ALLOCATE|[1]|Bytes:4
06:53:21.0 (8143979)|SYSTEM_MODE_ENTER|false
06:53:21.0 (8161854)|HEAP_ALLOCATE|[1]|Bytes:5
06:53:21.0 (8173246)|CONSTRUCTOR_ENTRY|[1]|01p6F00000NM9oD|<init>()|InactiveAccountRecords
06:53:21.0 (8197781)|VARIABLE_SCOPE_BEGIN|[1]|this|InactiveAccountRecords|true|false
06:53:21.0 (8243643)|VARIABLE_ASSIGNMENT|[1]|this|{}|0x5c90e6e
06:53:21.0 (8253729)|HEAP_ALLOCATE|[EXTERNAL]|Bytes:5
06:53:21.0 (8261679)|HEAP_ALLOCATE|[EXTERNAL]|Bytes:6
06:53:21.0 (8295105)|STATEMENT_EXECUTE|[1]
06:53:21.0 (8299348)|HEAP_ALLOCATE|[EXTERNAL]|Bytes:5
06:53:21.0 (8306811)|CONSTRUCTOR_EXIT|[1]|01p6F00000NM9oD|<init>()|InactiveAccountRecords
06:53:21.0 (8313827)|SYSTEM_MODE_EXIT|false
06:53:21.0 (8332691)|VARIABLE_ASSIGNMENT|[1]|obj|{}|0x5c90e6e
06:53:21.0 (8339420)|STATEMENT_EXECUTE|[2]
06:53:21.0 (8356825)|SYSTEM_MODE_ENTER|false
06:53:21.0 (8369693)|HEAP_ALLOCATE|[2]|Bytes:5
06:53:21.0 (8394073)|METHOD_ENTRY|[2]|01p6F00000NM9oD|InactiveAccountRecords.DeleteInactiveRecords()
06:53:21.0 (8435057)|VARIABLE_SCOPE_BEGIN|[2]|this|InactiveAccountRecords|true|false
06:53:21.0 (8450666)|VARIABLE_ASSIGNMENT|[2]|this|{}|0x5c90e6e
06:53:21.0 (8461908)|HEAP_ALLOCATE|[3]|Bytes:5
06:53:21.0 (8465852)|STATEMENT_EXECUTE|[2]
06:53:21.0 (8467897)|STATEMENT_EXECUTE|[3]
06:53:21.0 (8470696)|HEAP_ALLOCATE|[3]|Bytes:84
06:53:21.0 (8487541)|HEAP_ALLOCATE|[3]|Bytes:4
06:53:21.0 (9024254)|SOQL_EXECUTE_BEGIN|[3]|Aggregations:0|SELECT Id, Name FROM Account WHERE (Active__c = 'No' AND CreatedDate < LAST_90_DAYS)
06:53:21.0 (29628229)|SOQL_EXECUTE_END|[3]|Rows:0
06:53:21.0 (29658575)|HEAP_ALLOCATE|[3]|Bytes:4
06:53:21.0 (29669622)|HEAP_ALLOCATE|[3]|Bytes:0
06:53:21.0 (29777370)|HEAP_ALLOCATE|[3]|Bytes:4
06:53:21.0 (29796322)|VARIABLE_SCOPE_BEGIN|[3]|deleteRecs|List<Account>|true|false
06:53:21.0 (29821317)|VARIABLE_ASSIGNMENT|[3]|deleteRecs|[]|0x55f31410
06:53:21.0 (29827841)|STATEMENT_EXECUTE|[12]
06:53:21.0 (29904189)|HEAP_ALLOCATE|[EXTERNAL]|Bytes:4
06:53:21.0 (29912651)|STATEMENT_EXECUTE|[13]
06:53:21.0 (29916881)|HEAP_ALLOCATE|[13]|Bytes:32
06:53:21.0 (29958055)|USER_DEBUG|[13]|DEBUG|Records are deleted successfully
06:53:21.0 (29976415)|METHOD_EXIT|[2]|01p6F00000NM9oD|InactiveAccountRecords.DeleteInactiveRecords()
06:53:21.0 (29983681)|SYSTEM_MODE_EXIT|false
06:53:21.30 (30016535)|CUMULATIVE_LIMIT_USAGE
06:53:21.30 (30016535)|LIMIT_USAGE_FOR_NS|(default)|
  Number of SOQL queries: 1 out of 100
  Number of query rows: 0 out of 50000
  Number of SOSL queries: 0 out of 20
  Number of DML statements: 0 out of 150
  Number of DML rows: 0 out of 10000
  Maximum CPU time: 0 out of 10000
  Maximum heap size: 0 out of 6000000
  Number of callouts: 0 out of 100
  Number of Email Invocations: 0 out of 10
  Number of future calls: 0 out of 50
  Number of queueable jobs added to the queue: 0 out of 50
  Number of Mobile Apex push calls: 0 out of 10

06:53:21.30 (30016535)|CUMULATIVE_LIMIT_USAGE_END

06:53:21.0 (30059797)|CODE_UNIT_FINISHED|execute_anonymous_apex
06:53:21.0 (31242959)|EXECUTION_FINISHED
