44.0 APEX_CODE,FINEST;APEX_PROFILING,INFO;CALLOUT,INFO;DB,INFO;NBA,INFO;SYSTEM,DEBUG;VALIDATION,INFO;VISUALFORCE,INFO;WAVE,INFO;WORKFLOW,INFO
Execute Anonymous: ChildClass obj2 = new ChildClass();
Execute Anonymous: obj2.write();
Execute Anonymous: obj2.ParentClassAdd();
07:08:35.1 (1174097)|USER_INFO|[EXTERNAL]|0056F00000ATCAZ|ayman.shaikh@gmail.com|Pacific Standard Time|GMT-07:00
07:08:35.1 (1193342)|EXECUTION_STARTED
07:08:35.1 (1198645)|CODE_UNIT_STARTED|[EXTERNAL]|execute_anonymous_apex
07:08:35.1 (26435480)|VARIABLE_SCOPE_BEGIN|[1]|obj2|ChildClass|true|false
07:08:35.1 (26565638)|HEAP_ALLOCATE|[72]|Bytes:3
07:08:35.1 (26599437)|HEAP_ALLOCATE|[77]|Bytes:152
07:08:35.1 (26613527)|HEAP_ALLOCATE|[342]|Bytes:408
07:08:35.1 (26626433)|HEAP_ALLOCATE|[355]|Bytes:408
07:08:35.1 (26636928)|HEAP_ALLOCATE|[467]|Bytes:48
07:08:35.1 (26660799)|HEAP_ALLOCATE|[139]|Bytes:6
07:08:35.1 (26687202)|HEAP_ALLOCATE|[EXTERNAL]|Bytes:5
07:08:35.1 (26719355)|STATEMENT_EXECUTE|[1]
07:08:35.1 (26721958)|STATEMENT_EXECUTE|[1]
07:08:35.1 (26725610)|HEAP_ALLOCATE|[1]|Bytes:1
07:08:35.1 (26730652)|HEAP_ALLOCATE|[1]|Bytes:1
07:08:35.1 (26754904)|METHOD_ENTRY|[1]|01p6F00000MR2GO|ChildClass.ChildClass()
07:08:35.1 (26760625)|STATEMENT_EXECUTE|[1]
07:08:35.1 (26765126)|STATEMENT_EXECUTE|[1]
07:08:35.1 (26769451)|METHOD_EXIT|[1]|ChildClass
07:08:35.1 (26786379)|HEAP_ALLOCATE|[1]|Bytes:4
07:08:35.1 (26816257)|HEAP_ALLOCATE|[50]|Bytes:5
07:08:35.1 (26835859)|HEAP_ALLOCATE|[56]|Bytes:5
07:08:35.1 (26842878)|HEAP_ALLOCATE|[64]|Bytes:7
07:08:35.1 (26866435)|SYSTEM_MODE_ENTER|false
07:08:35.1 (26899584)|HEAP_ALLOCATE|[1]|Bytes:5
07:08:35.1 (26912820)|CONSTRUCTOR_ENTRY|[1]|01p6F00000MR2GO|<init>()|ChildClass
07:08:35.1 (26938701)|VARIABLE_SCOPE_BEGIN|[1]|this|ChildClass|true|false
07:08:35.1 (26975377)|VARIABLE_ASSIGNMENT|[1]|this|{}|0x58a45640
07:08:35.1 (26984540)|HEAP_ALLOCATE|[EXTERNAL]|Bytes:3
07:08:35.1 (26989524)|HEAP_ALLOCATE|[EXTERNAL]|Bytes:4
07:08:35.1 (26999638)|METHOD_ENTRY|[1]|01p6F00000MR10y|ParentClass.ParentClass()
07:08:35.1 (27004212)|STATEMENT_EXECUTE|[1]
07:08:35.1 (27008179)|STATEMENT_EXECUTE|[1]
07:08:35.1 (27011149)|METHOD_EXIT|[1]|ParentClass
07:08:35.1 (27017546)|CONSTRUCTOR_ENTRY|[EXTERNAL]|01p6F00000MR10y|<init>()|ParentClass
07:08:35.1 (27030753)|VARIABLE_SCOPE_BEGIN|[1]|this|ParentClass|true|false
07:08:35.1 (27044033)|VARIABLE_ASSIGNMENT|[1]|this|{}|0x58a45640
07:08:35.1 (27052695)|HEAP_ALLOCATE|[EXTERNAL]|Bytes:6
07:08:35.1 (27085545)|STATEMENT_EXECUTE|[1]
07:08:35.1 (27089649)|CONSTRUCTOR_EXIT|[EXTERNAL]|01p6F00000MR10y|<init>()|ParentClass
07:08:35.1 (27095947)|STATEMENT_EXECUTE|[1]
07:08:35.1 (27098275)|CONSTRUCTOR_EXIT|[1]|01p6F00000MR2GO|<init>()|ChildClass
07:08:35.1 (27108215)|SYSTEM_MODE_EXIT|false
07:08:35.1 (27124699)|VARIABLE_ASSIGNMENT|[1]|obj2|{}|0x58a45640
07:08:35.1 (27130505)|STATEMENT_EXECUTE|[2]
07:08:35.1 (27150606)|SYSTEM_MODE_ENTER|false
07:08:35.1 (27167594)|HEAP_ALLOCATE|[2]|Bytes:5
07:08:35.1 (27199372)|METHOD_ENTRY|[2]|01p6F00000MR2GO|ChildClass.write()
07:08:35.1 (27220277)|VARIABLE_SCOPE_BEGIN|[2]|this|ChildClass|true|false
07:08:35.1 (27234915)|VARIABLE_ASSIGNMENT|[2]|this|{}|0x58a45640
07:08:35.1 (27242597)|STATEMENT_EXECUTE|[2]
07:08:35.1 (27244219)|STATEMENT_EXECUTE|[4]
07:08:35.1 (27247015)|HEAP_ALLOCATE|[4]|Bytes:19
07:08:35.1 (27294436)|USER_DEBUG|[4]|DEBUG|This is ChildClass.
07:08:35.1 (27306682)|METHOD_EXIT|[2]|01p6F00000MR2GO|ChildClass.write()
07:08:35.1 (27312473)|SYSTEM_MODE_EXIT|false
07:08:35.1 (27317983)|STATEMENT_EXECUTE|[3]
07:08:35.1 (27333686)|SYSTEM_MODE_ENTER|false
07:08:35.1 (27345388)|HEAP_ALLOCATE|[3]|Bytes:5
07:08:35.1 (27357109)|METHOD_ENTRY|[3]|01p6F00000MR10y|ParentClass.ParentClassAdd()
07:08:35.1 (27373180)|VARIABLE_SCOPE_BEGIN|[8]|this|ParentClass|true|false
07:08:35.1 (27386629)|VARIABLE_ASSIGNMENT|[8]|this|{}|0x58a45640
07:08:35.1 (27393871)|STATEMENT_EXECUTE|[8]
07:08:35.1 (27395622)|STATEMENT_EXECUTE|[9]
07:08:35.1 (27399573)|VARIABLE_SCOPE_BEGIN|[9]|IntNum1|Integer|false|false
07:08:35.1 (27408942)|VARIABLE_ASSIGNMENT|[9]|IntNum1|null
07:08:35.1 (27412872)|STATEMENT_EXECUTE|[9]
07:08:35.1 (27414842)|VARIABLE_SCOPE_BEGIN|[9]|IntNum2|Integer|false|false
07:08:35.1 (27421783)|VARIABLE_ASSIGNMENT|[9]|IntNum2|null
07:08:35.1 (27425175)|STATEMENT_EXECUTE|[9]
07:08:35.1 (27428277)|VARIABLE_SCOPE_BEGIN|[9]|IntSum|Integer|false|false
07:08:35.1 (27434797)|HEAP_ALLOCATE|[9]|Bytes:4
07:08:35.1 (27440557)|VARIABLE_ASSIGNMENT|[9]|IntSum|0
07:08:35.1 (27444793)|STATEMENT_EXECUTE|[10]
07:08:35.1 (27524489)|HEAP_ALLOCATE|[10]|Bytes:41
07:08:35.1 (27545971)|METHOD_EXIT|[3]|01p6F00000MR10y|ParentClass.ParentClassAdd()
07:08:35.1 (27555474)|SYSTEM_MODE_EXIT|false
07:08:35.1 (27702933)|FATAL_ERROR|System.NullPointerException: Attempt to de-reference a null object

Class.ParentClass.ParentClassAdd: line 10, column 1
AnonymousBlock: line 3, column 1
AnonymousBlock: line 3, column 1
07:08:35.27 (27751561)|CUMULATIVE_LIMIT_USAGE
07:08:35.27 (27751561)|LIMIT_USAGE_FOR_NS|(default)|
  Number of SOQL queries: 0 out of 100
  Number of query rows: 0 out of 50000
  Number of SOSL queries: 0 out of 20
  Number of DML statements: 0 out of 150
  Number of DML rows: 0 out of 10000
  Maximum CPU time: 0 out of 10000
  Maximum heap size: 0 out of 6000000
  Number of callouts: 0 out of 100
  Number of Email Invocations: 0 out of 10
  Number of future calls: 0 out of 50
  Number of queueable jobs added to the queue: 0 out of 50
  Number of Mobile Apex push calls: 0 out of 10

07:08:35.27 (27751561)|CUMULATIVE_LIMIT_USAGE_END

07:08:35.1 (27789850)|CODE_UNIT_FINISHED|execute_anonymous_apex
07:08:35.1 (28702390)|EXECUTION_FINISHED
