44.0 APEX_CODE,FINEST;APEX_PROFILING,INFO;CALLOUT,INFO;DB,INFO;NBA,INFO;SYSTEM,DEBUG;VALIDATION,INFO;VISUALFORCE,INFO;WAVE,INFO;WORKFLOW,INFO
Execute Anonymous: ParentClass obj1, obj2;
Execute Anonymous: obj1 = new ParentClass();
Execute Anonymous: obj1.write();
Execute Anonymous: obj2 = new ChildClass();
Execute Anonymous: obj2.write();
Execute Anonymous: obj1.ParentClassAdd();
05:50:32.1 (1350795)|USER_INFO|[EXTERNAL]|0056F00000ATCAZ|ayman.shaikh@gmail.com|Pacific Standard Time|GMT-07:00
05:50:32.1 (1372454)|EXECUTION_STARTED
05:50:32.1 (1381624)|CODE_UNIT_STARTED|[EXTERNAL]|execute_anonymous_apex
05:50:32.1 (15655024)|VARIABLE_SCOPE_BEGIN|[1]|obj1|ParentClass|true|false
05:50:32.1 (15676020)|VARIABLE_SCOPE_BEGIN|[1]|obj2|ParentClass|true|false
05:50:32.1 (15798621)|HEAP_ALLOCATE|[72]|Bytes:3
05:50:32.1 (15830808)|HEAP_ALLOCATE|[77]|Bytes:152
05:50:32.1 (15843287)|HEAP_ALLOCATE|[342]|Bytes:408
05:50:32.1 (15855571)|HEAP_ALLOCATE|[355]|Bytes:408
05:50:32.1 (15867291)|HEAP_ALLOCATE|[467]|Bytes:48
05:50:32.1 (15892382)|HEAP_ALLOCATE|[139]|Bytes:6
05:50:32.1 (15915308)|HEAP_ALLOCATE|[EXTERNAL]|Bytes:11
05:50:32.1 (15953345)|STATEMENT_EXECUTE|[1]
05:50:32.1 (15955814)|STATEMENT_EXECUTE|[1]
05:50:32.1 (15975460)|VARIABLE_ASSIGNMENT|[1]|obj1|null|
05:50:32.1 (15981365)|STATEMENT_EXECUTE|[1]
05:50:32.1 (15986572)|VARIABLE_ASSIGNMENT|[1]|obj2|null|
05:50:32.1 (15990891)|STATEMENT_EXECUTE|[2]
05:50:32.1 (15994840)|HEAP_ALLOCATE|[2]|Bytes:4
05:50:32.1 (16000560)|HEAP_ALLOCATE|[2]|Bytes:4
05:50:32.1 (16029202)|METHOD_ENTRY|[1]|01p6F00000MR10y|ParentClass.ParentClass()
05:50:32.1 (16035699)|STATEMENT_EXECUTE|[1]
05:50:32.1 (16040204)|STATEMENT_EXECUTE|[1]
05:50:32.1 (16044201)|METHOD_EXIT|[1]|ParentClass
05:50:32.1 (16060517)|HEAP_ALLOCATE|[2]|Bytes:4
05:50:32.1 (16091493)|HEAP_ALLOCATE|[50]|Bytes:5
05:50:32.1 (16110811)|HEAP_ALLOCATE|[56]|Bytes:5
05:50:32.1 (16118442)|HEAP_ALLOCATE|[64]|Bytes:7
05:50:32.1 (16136006)|SYSTEM_MODE_ENTER|false
05:50:32.1 (16165867)|HEAP_ALLOCATE|[2]|Bytes:5
05:50:32.1 (16179307)|CONSTRUCTOR_ENTRY|[2]|01p6F00000MR10y|<init>()|ParentClass
05:50:32.1 (16203519)|VARIABLE_SCOPE_BEGIN|[1]|this|ParentClass|true|false
05:50:32.1 (16235577)|VARIABLE_ASSIGNMENT|[1]|this|{}|0x61d5eb1a
05:50:32.1 (16246300)|HEAP_ALLOCATE|[EXTERNAL]|Bytes:6
05:50:32.1 (16278685)|STATEMENT_EXECUTE|[1]
05:50:32.1 (16284224)|CONSTRUCTOR_EXIT|[2]|01p6F00000MR10y|<init>()|ParentClass
05:50:32.1 (16296063)|SYSTEM_MODE_EXIT|false
05:50:32.1 (16312547)|VARIABLE_ASSIGNMENT|[2]|obj1|{}|0x61d5eb1a
05:50:32.1 (16318937)|STATEMENT_EXECUTE|[3]
05:50:32.1 (16339202)|SYSTEM_MODE_ENTER|false
05:50:32.1 (16356033)|HEAP_ALLOCATE|[3]|Bytes:5
05:50:32.1 (16385364)|METHOD_ENTRY|[3]|01p6F00000MR10y|ParentClass.write()
05:50:32.1 (16408298)|VARIABLE_SCOPE_BEGIN|[3]|this|ParentClass|true|false
05:50:32.1 (16423558)|VARIABLE_ASSIGNMENT|[3]|this|{}|0x61d5eb1a
05:50:32.1 (16433415)|STATEMENT_EXECUTE|[3]
05:50:32.1 (16435027)|STATEMENT_EXECUTE|[5]
05:50:32.1 (16438168)|HEAP_ALLOCATE|[5]|Bytes:20
05:50:32.1 (16492424)|USER_DEBUG|[5]|DEBUG|This is Parent Class
05:50:32.1 (16506315)|METHOD_EXIT|[3]|01p6F00000MR10y|ParentClass.write()
05:50:32.1 (16512999)|SYSTEM_MODE_EXIT|false
05:50:32.1 (16518836)|STATEMENT_EXECUTE|[4]
05:50:32.1 (24871013)|HEAP_ALLOCATE|[4]|Bytes:1
05:50:32.1 (24883892)|HEAP_ALLOCATE|[4]|Bytes:1
05:50:32.1 (24900265)|METHOD_ENTRY|[1]|01p6F00000MR2GO|ChildClass.ChildClass()
05:50:32.1 (24906774)|STATEMENT_EXECUTE|[1]
05:50:32.1 (24911453)|STATEMENT_EXECUTE|[1]
05:50:32.1 (24916047)|METHOD_EXIT|[1]|ChildClass
05:50:32.1 (24929842)|HEAP_ALLOCATE|[4]|Bytes:4
05:50:32.1 (24956529)|SYSTEM_MODE_ENTER|false
05:50:32.1 (24971805)|HEAP_ALLOCATE|[4]|Bytes:5
05:50:32.1 (24983043)|CONSTRUCTOR_ENTRY|[4]|01p6F00000MR2GO|<init>()|ChildClass
05:50:32.1 (25004133)|VARIABLE_SCOPE_BEGIN|[1]|this|ChildClass|true|false
05:50:32.1 (25031036)|VARIABLE_ASSIGNMENT|[1]|this|{}|0x59ec63c4
05:50:32.1 (25040974)|CONSTRUCTOR_ENTRY|[EXTERNAL]|01p6F00000MR10y|<init>()|ParentClass
05:50:32.1 (25052401)|VARIABLE_SCOPE_BEGIN|[1]|this|ParentClass|true|false
05:50:32.1 (25066145)|VARIABLE_ASSIGNMENT|[1]|this|{}|0x59ec63c4
05:50:32.1 (25084670)|STATEMENT_EXECUTE|[1]
05:50:32.1 (25089210)|CONSTRUCTOR_EXIT|[EXTERNAL]|01p6F00000MR10y|<init>()|ParentClass
05:50:32.1 (25095771)|STATEMENT_EXECUTE|[1]
05:50:32.1 (25098285)|CONSTRUCTOR_EXIT|[4]|01p6F00000MR2GO|<init>()|ChildClass
05:50:32.1 (25107615)|SYSTEM_MODE_EXIT|false
05:50:32.1 (25127845)|VARIABLE_ASSIGNMENT|[4]|obj2|{}|0x59ec63c4
05:50:32.1 (25133991)|STATEMENT_EXECUTE|[5]
05:50:32.1 (25153245)|SYSTEM_MODE_ENTER|false
05:50:32.1 (25164452)|HEAP_ALLOCATE|[5]|Bytes:5
05:50:32.1 (25184251)|METHOD_ENTRY|[5]|01p6F00000MR2GO|ChildClass.write()
05:50:32.1 (25207969)|VARIABLE_SCOPE_BEGIN|[2]|this|ChildClass|true|false
05:50:32.1 (25222703)|VARIABLE_ASSIGNMENT|[2]|this|{}|0x59ec63c4
05:50:32.1 (25231361)|STATEMENT_EXECUTE|[2]
05:50:32.1 (25232989)|STATEMENT_EXECUTE|[4]
05:50:32.1 (25236473)|HEAP_ALLOCATE|[4]|Bytes:19
05:50:32.1 (25271232)|USER_DEBUG|[4]|DEBUG|This is ChildClass.
05:50:32.1 (25283733)|METHOD_EXIT|[5]|01p6F00000MR2GO|ChildClass.write()
05:50:32.1 (25289792)|SYSTEM_MODE_EXIT|false
05:50:32.1 (25295591)|STATEMENT_EXECUTE|[6]
05:50:32.1 (25311922)|SYSTEM_MODE_ENTER|false
05:50:32.1 (25323029)|HEAP_ALLOCATE|[6]|Bytes:5
05:50:32.1 (25332629)|METHOD_ENTRY|[6]|01p6F00000MR10y|ParentClass.ParentClassAdd()
05:50:32.1 (25348610)|VARIABLE_SCOPE_BEGIN|[11]|this|ParentClass|true|false
05:50:32.1 (25363265)|VARIABLE_ASSIGNMENT|[11]|this|{}|0x61d5eb1a
05:50:32.1 (25370915)|STATEMENT_EXECUTE|[11]
05:50:32.1 (25372664)|STATEMENT_EXECUTE|[12]
05:50:32.1 (25382041)|VARIABLE_SCOPE_BEGIN|[12]|IntNum1|Integer|false|false
05:50:32.1 (25393013)|VARIABLE_ASSIGNMENT|[12]|IntNum1|null
05:50:32.1 (25397002)|STATEMENT_EXECUTE|[12]
05:50:32.1 (25399191)|VARIABLE_SCOPE_BEGIN|[12]|IntNum2|Integer|false|false
05:50:32.1 (25406609)|VARIABLE_ASSIGNMENT|[12]|IntNum2|null
05:50:32.1 (25410607)|STATEMENT_EXECUTE|[12]
05:50:32.1 (25413538)|VARIABLE_SCOPE_BEGIN|[12]|IntSum|Integer|false|false
05:50:32.1 (25420218)|HEAP_ALLOCATE|[12]|Bytes:4
05:50:32.1 (25428077)|VARIABLE_ASSIGNMENT|[12]|IntSum|0
05:50:32.1 (25432696)|STATEMENT_EXECUTE|[13]
05:50:32.1 (25471247)|HEAP_ALLOCATE|[13]|Bytes:41
05:50:32.1 (25484504)|METHOD_EXIT|[6]|01p6F00000MR10y|ParentClass.ParentClassAdd()
05:50:32.1 (25493508)|SYSTEM_MODE_EXIT|false
05:50:32.1 (25630636)|FATAL_ERROR|System.NullPointerException: Attempt to de-reference a null object

Class.ParentClass.ParentClassAdd: line 13, column 1
AnonymousBlock: line 6, column 1
AnonymousBlock: line 6, column 1
05:50:32.25 (25681296)|CUMULATIVE_LIMIT_USAGE
05:50:32.25 (25681296)|LIMIT_USAGE_FOR_NS|(default)|
  Number of SOQL queries: 0 out of 100
  Number of query rows: 0 out of 50000
  Number of SOSL queries: 0 out of 20
  Number of DML statements: 0 out of 150
  Number of DML rows: 0 out of 10000
  Maximum CPU time: 0 out of 10000
  Maximum heap size: 0 out of 6000000
  Number of callouts: 0 out of 100
  Number of Email Invocations: 0 out of 10
  Number of future calls: 0 out of 50
  Number of queueable jobs added to the queue: 0 out of 50
  Number of Mobile Apex push calls: 0 out of 10

05:50:32.25 (25681296)|CUMULATIVE_LIMIT_USAGE_END

05:50:32.1 (25719548)|CODE_UNIT_FINISHED|execute_anonymous_apex
05:50:32.1 (26729203)|EXECUTION_FINISHED
