44.0 APEX_CODE,FINEST;APEX_PROFILING,INFO;CALLOUT,INFO;DB,INFO;NBA,INFO;SYSTEM,DEBUG;VALIDATION,INFO;VISUALFORCE,INFO;WAVE,INFO;WORKFLOW,INFO
Execute Anonymous: Calculator objCalculator = new Calculator();
Execute Anonymous: objCalculator.PerformOperation(5,6,'SUM');
04:34:24.1 (1161790)|USER_INFO|[EXTERNAL]|0056F00000ATCAZ|ayman.shaikh@gmail.com|Pacific Standard Time|GMT-07:00
04:34:24.1 (1180921)|EXECUTION_STARTED
04:34:24.1 (1184886)|CODE_UNIT_STARTED|[EXTERNAL]|execute_anonymous_apex
04:34:24.1 (8198034)|VARIABLE_SCOPE_BEGIN|[1]|objCalculator|Calculator|true|false
04:34:24.1 (8332567)|HEAP_ALLOCATE|[72]|Bytes:3
04:34:24.1 (8368002)|HEAP_ALLOCATE|[77]|Bytes:152
04:34:24.1 (8381475)|HEAP_ALLOCATE|[342]|Bytes:408
04:34:24.1 (8394482)|HEAP_ALLOCATE|[355]|Bytes:408
04:34:24.1 (8405771)|HEAP_ALLOCATE|[467]|Bytes:48
04:34:24.1 (8432559)|HEAP_ALLOCATE|[139]|Bytes:6
04:34:24.1 (8457482)|HEAP_ALLOCATE|[EXTERNAL]|Bytes:3
04:34:24.1 (8494909)|STATEMENT_EXECUTE|[1]
04:34:24.1 (8497990)|STATEMENT_EXECUTE|[1]
04:34:24.1 (8502075)|HEAP_ALLOCATE|[1]|Bytes:1
04:34:24.1 (8508205)|HEAP_ALLOCATE|[1]|Bytes:14
04:34:24.1 (8536025)|METHOD_ENTRY|[1]|01p6F00000MQQ1d|Calculator.Calculator()
04:34:24.1 (8544552)|STATEMENT_EXECUTE|[1]
04:34:24.1 (8549752)|STATEMENT_EXECUTE|[1]
04:34:24.1 (8586157)|HEAP_ALLOCATE|[50]|Bytes:5
04:34:24.1 (8615356)|HEAP_ALLOCATE|[56]|Bytes:5
04:34:24.1 (8625010)|HEAP_ALLOCATE|[64]|Bytes:7
04:34:24.1 (8644914)|SYSTEM_MODE_ENTER|false
04:34:24.1 (8658221)|HEAP_ALLOCATE|[1]|Bytes:5
04:34:24.1 (8665986)|SYSTEM_MODE_EXIT|false
04:34:24.1 (8676127)|METHOD_EXIT|[1]|Calculator
04:34:24.1 (8689237)|HEAP_ALLOCATE|[1]|Bytes:8
04:34:24.1 (8712663)|SYSTEM_MODE_ENTER|false
04:34:24.1 (8740530)|HEAP_ALLOCATE|[1]|Bytes:5
04:34:24.1 (8753226)|CONSTRUCTOR_ENTRY|[1]|01p6F00000MQQ1d|<init>()|Calculator
04:34:24.1 (8779476)|VARIABLE_SCOPE_BEGIN|[1]|this|Calculator|true|false
04:34:24.1 (8839981)|VARIABLE_ASSIGNMENT|[1]|this|{}|0x55b0fb6d
04:34:24.1 (8854375)|HEAP_ALLOCATE|[EXTERNAL]|Bytes:5
04:34:24.1 (8864326)|HEAP_ALLOCATE|[EXTERNAL]|Bytes:6
04:34:24.1 (8900820)|STATEMENT_EXECUTE|[1]
04:34:24.1 (8906074)|HEAP_ALLOCATE|[EXTERNAL]|Bytes:5
04:34:24.1 (8910463)|STATEMENT_EXECUTE|[3]
04:34:24.1 (8916406)|CONSTRUCTOR_EXIT|[1]|01p6F00000MQQ1d|<init>()|Calculator
04:34:24.1 (8923950)|SYSTEM_MODE_EXIT|false
04:34:24.1 (8943766)|VARIABLE_ASSIGNMENT|[1]|objCalculator|{}|0x55b0fb6d
04:34:24.1 (8949861)|STATEMENT_EXECUTE|[2]
04:34:24.1 (8956584)|HEAP_ALLOCATE|[2]|Bytes:3
04:34:24.1 (8981413)|SYSTEM_MODE_ENTER|false
04:34:24.1 (9001627)|HEAP_ALLOCATE|[2]|Bytes:5
04:34:24.1 (9034314)|METHOD_ENTRY|[2]|01p6F00000MQQ1d|Calculator.PerformOperation(Integer, Integer, String)
04:34:24.1 (9051285)|VARIABLE_SCOPE_BEGIN|[4]|this|Calculator|true|false
04:34:24.1 (9067237)|VARIABLE_ASSIGNMENT|[4]|this|{}|0x55b0fb6d
04:34:24.1 (9075146)|VARIABLE_SCOPE_BEGIN|[4]|number1|Integer|false|false
04:34:24.1 (9085259)|VARIABLE_ASSIGNMENT|[4]|number1|5
04:34:24.1 (9089657)|VARIABLE_SCOPE_BEGIN|[4]|number2|Integer|false|false
04:34:24.1 (9096896)|VARIABLE_ASSIGNMENT|[4]|number2|6
04:34:24.1 (9101711)|VARIABLE_SCOPE_BEGIN|[4]|OperationName|String|false|false
04:34:24.1 (9119422)|VARIABLE_ASSIGNMENT|[4]|OperationName|"SUM"
04:34:24.1 (9131272)|HEAP_ALLOCATE|[6]|Bytes:5
04:34:24.1 (9136022)|STATEMENT_EXECUTE|[4]
04:34:24.1 (9159683)|STATEMENT_EXECUTE|[7]
04:34:24.1 (9161666)|STATEMENT_EXECUTE|[9]
04:34:24.1 (9166115)|HEAP_ALLOCATE|[9]|Bytes:4
04:34:24.1 (9176543)|VARIABLE_ASSIGNMENT|[9]|this.DecimalResult|11|0x55b0fb6d
04:34:24.1 (9181748)|STATEMENT_EXECUTE|[10]
04:34:24.1 (9184739)|HEAP_ALLOCATE|[10]|Bytes:6
04:34:24.1 (9249810)|HEAP_ALLOCATE|[10]|Bytes:2
04:34:24.1 (9271036)|HEAP_ALLOCATE|[10]|Bytes:8
04:34:24.1 (9287879)|USER_DEBUG|[10]|DEBUG|Sum is11
04:34:24.1 (9296698)|STATEMENT_EXECUTE|[11]
04:34:24.1 (9306139)|METHOD_EXIT|[2]|01p6F00000MQQ1d|Calculator.PerformOperation(Integer, Integer, String)
04:34:24.1 (9312516)|SYSTEM_MODE_EXIT|false
04:34:24.9 (9354506)|CUMULATIVE_LIMIT_USAGE
04:34:24.9 (9354506)|LIMIT_USAGE_FOR_NS|(default)|
  Number of SOQL queries: 0 out of 100
  Number of query rows: 0 out of 50000
  Number of SOSL queries: 0 out of 20
  Number of DML statements: 0 out of 150
  Number of DML rows: 0 out of 10000
  Maximum CPU time: 0 out of 10000
  Maximum heap size: 0 out of 6000000
  Number of callouts: 0 out of 100
  Number of Email Invocations: 0 out of 10
  Number of future calls: 0 out of 50
  Number of queueable jobs added to the queue: 0 out of 50
  Number of Mobile Apex push calls: 0 out of 10

04:34:24.9 (9354506)|CUMULATIVE_LIMIT_USAGE_END

04:34:24.1 (9389126)|CODE_UNIT_FINISHED|execute_anonymous_apex
04:34:24.1 (10324148)|EXECUTION_FINISHED
