44.0 APEX_CODE,DEBUG;APEX_PROFILING,INFO;CALLOUT,INFO;DB,INFO;NBA,INFO;SYSTEM,DEBUG;VALIDATION,INFO;VISUALFORCE,DEBUG;WAVE,INFO;WORKFLOW,INFO
06:03:14.0 (684652)|USER_INFO|[EXTERNAL]|0056F00000ATCAZ|ayman.shaikh@gmail.com|Pacific Standard Time|GMT-07:00
06:03:14.0 (725019)|EXECUTION_STARTED
06:03:14.0 (728818)|CODE_UNIT_STARTED|[EXTERNAL]|Validation:Employee:new
06:03:14.0 (740632)|VALIDATION_RULE|03d6F000001EXpW|Resignation_Date_rule
06:03:14.0 (886252)|VALIDATION_FORMULA|Is_on_Notice_Period__c= true && ISBLANK(Resignation_Date__c)|Is_on_Notice_Period__c=0 , Resignation_Date__c=null
06:03:14.0 (893564)|VALIDATION_PASS
06:03:14.0 (895341)|VALIDATION_RULE|03d6F000001EXr8|Restrict_DOB
06:03:14.0 (1127063)|VALIDATION_FORMULA|Age__c  <= 18|Age__c=28
06:03:14.0 (1135974)|VALIDATION_PASS
06:03:14.0 (1136999)|VALIDATION_RULE|03d6F000001EWg3|Check_Dates
06:03:14.0 (1267774)|VALIDATION_FORMULA|Last_Working_Day__c  <  Date_of_Joining__c|Last_Working_Day__c=null , Date_of_Joining__c=2018-10-01 00:00:00
06:03:14.0 (1274914)|VALIDATION_PASS
06:03:14.0 (1278233)|VALIDATION_RULE|03d6F000001EWfy|Notice_Period
06:03:14.0 (1344911)|VALIDATION_FORMULA|Is_on_Notice_Period__c  = true && ISBLANK( Resignation_Date__c )|Is_on_Notice_Period__c=0 , Resignation_Date__c=null
06:03:14.0 (1351008)|VALIDATION_PASS
06:03:14.0 (1660146)|CODE_UNIT_FINISHED|Validation:Employee:new
06:03:14.0 (1667998)|EXECUTION_FINISHED
06:03:14.35 (35364850)|USER_INFO|[EXTERNAL]|0056F00000ATCAZ|ayman.shaikh@gmail.com|Pacific Standard Time|GMT-07:00
06:03:14.35 (35392229)|EXECUTION_STARTED
06:03:14.35 (35396755)|CODE_UNIT_STARTED|[EXTERNAL]|Workflow:01I6F000002DSKA
06:03:14.35 (69703961)|WF_RULE_EVAL_BEGIN|Workflow
06:03:14.35 (69740072)|WF_CRITERIA_BEGIN|[Employee: EMP-000066 a056F00000o2mMx]|one to one|01Q6F0000015jKG|ON_ALL_CHANGES|0
06:03:14.35 (71379448)|WF_RULE_FILTER|[Employee : Employees ID not equal to NULL]
06:03:14.35 (71398874)|WF_RULE_EVAL_VALUE|EMP-000066
06:03:14.35 (71402742)|WF_CRITERIA_END|true
06:03:14.35 (91449358)|WF_CRITERIA_BEGIN|[Employee: EMP-000066 a056F00000o2mMx]|Record deactivated|01Q6F0000015jIy|ON_CREATE_OR_TRIGGERING_UPDATE|0
06:03:14.35 (91661245)|WF_FORMULA|Formula:ENCODED:[treatNullAsNull]NOT({!ID:00N6F00000RfoKy})|Values:Is_Active__c=1
06:03:14.35 (91669944)|WF_CRITERIA_END|false
06:03:14.35 (91689163)|WF_SPOOL_ACTION_BEGIN|Workflow
06:03:14.35 (94937969)|WF_FIELD_UPDATE|[Employee: EMP-000066 a056F00000o2mMx]|Field:Employee: Roll Id|Value:5|Id=04Y6F000000kSXA|CurrentRule:one to one (Id=01Q6F0000015jKG)
06:03:14.35 (94968615)|WF_ACTION| Field Update: 1;
06:03:14.35 (94972773)|WF_RULE_EVAL_END
06:03:14.35 (116629205)|WF_ACTIONS_END| Field Update: 1;
06:03:14.35 (116646231)|CODE_UNIT_FINISHED|Workflow:01I6F000002DSKA
06:03:14.35 (116653146)|EXECUTION_FINISHED
