44.0 APEX_CODE,FINEST;APEX_PROFILING,INFO;CALLOUT,INFO;DB,INFO;NBA,INFO;SYSTEM,DEBUG;VALIDATION,INFO;VISUALFORCE,INFO;WAVE,INFO;WORKFLOW,INFO
Execute Anonymous: Array_Operations obj = new Array_Operations();
Execute Anonymous: obj.Assending(); 
Execute Anonymous: obj.Descending();
08:23:41.1 (1088867)|USER_INFO|[EXTERNAL]|0056F00000ATCAZ|ayman.shaikh@gmail.com|Pacific Standard Time|GMT-07:00
08:23:41.1 (1109868)|EXECUTION_STARTED
08:23:41.1 (1113603)|CODE_UNIT_STARTED|[EXTERNAL]|execute_anonymous_apex
08:23:41.1 (9859915)|VARIABLE_SCOPE_BEGIN|[1]|obj|Array_Operations|true|false
08:23:41.1 (9968550)|HEAP_ALLOCATE|[72]|Bytes:3
08:23:41.1 (9996692)|HEAP_ALLOCATE|[77]|Bytes:152
08:23:41.1 (10008040)|HEAP_ALLOCATE|[342]|Bytes:408
08:23:41.1 (10020437)|HEAP_ALLOCATE|[355]|Bytes:408
08:23:41.1 (10031247)|HEAP_ALLOCATE|[467]|Bytes:48
08:23:41.1 (10053680)|HEAP_ALLOCATE|[139]|Bytes:6
08:23:41.1 (10076324)|HEAP_ALLOCATE|[EXTERNAL]|Bytes:5
08:23:41.1 (10104538)|STATEMENT_EXECUTE|[1]
08:23:41.1 (10107227)|STATEMENT_EXECUTE|[1]
08:23:41.1 (10110177)|HEAP_ALLOCATE|[1]|Bytes:4
08:23:41.1 (10115806)|HEAP_ALLOCATE|[1]|Bytes:5
08:23:41.1 (10141965)|METHOD_ENTRY|[1]|01p6F00000MPtB2|Array_Operations.Array_Operations()
08:23:41.1 (10148127)|STATEMENT_EXECUTE|[1]
08:23:41.1 (10151265)|STATEMENT_EXECUTE|[1]
08:23:41.1 (10176554)|HEAP_ALLOCATE|[50]|Bytes:5
08:23:41.1 (10195156)|HEAP_ALLOCATE|[56]|Bytes:5
08:23:41.1 (10202660)|HEAP_ALLOCATE|[64]|Bytes:7
08:23:41.1 (10218349)|SYSTEM_MODE_ENTER|false
08:23:41.1 (10228841)|HEAP_ALLOCATE|[1]|Bytes:5
08:23:41.1 (10234813)|SYSTEM_MODE_EXIT|false
08:23:41.1 (10243848)|METHOD_EXIT|[1]|Array_Operations
08:23:41.1 (10255962)|HEAP_ALLOCATE|[1]|Bytes:4
08:23:41.1 (10276510)|SYSTEM_MODE_ENTER|false
08:23:41.1 (10294429)|HEAP_ALLOCATE|[1]|Bytes:5
08:23:41.1 (10304606)|CONSTRUCTOR_ENTRY|[1]|01p6F00000MPtB2|<init>()|Array_Operations
08:23:41.1 (10331654)|VARIABLE_SCOPE_BEGIN|[1]|this|Array_Operations|true|false
08:23:41.1 (10372449)|VARIABLE_ASSIGNMENT|[1]|this|{}|0x171e4347
08:23:41.1 (10382901)|HEAP_ALLOCATE|[EXTERNAL]|Bytes:5
08:23:41.1 (10390119)|HEAP_ALLOCATE|[EXTERNAL]|Bytes:6
08:23:41.1 (10421579)|STATEMENT_EXECUTE|[1]
08:23:41.1 (10425790)|HEAP_ALLOCATE|[EXTERNAL]|Bytes:5
08:23:41.1 (10434867)|CONSTRUCTOR_EXIT|[1]|01p6F00000MPtB2|<init>()|Array_Operations
08:23:41.1 (10442329)|SYSTEM_MODE_EXIT|false
08:23:41.1 (10459228)|VARIABLE_ASSIGNMENT|[1]|obj|{}|0x171e4347
08:23:41.1 (10466342)|STATEMENT_EXECUTE|[2]
08:23:41.1 (10484445)|SYSTEM_MODE_ENTER|false
08:23:41.1 (10497921)|HEAP_ALLOCATE|[2]|Bytes:5
08:23:41.1 (10518448)|METHOD_ENTRY|[2]|01p6F00000MPtB2|Array_Operations.Assending()
08:23:41.1 (10540590)|VARIABLE_SCOPE_BEGIN|[18]|this|Array_Operations|true|false
08:23:41.1 (10555285)|VARIABLE_ASSIGNMENT|[18]|this|{}|0x171e4347
08:23:41.1 (10566111)|HEAP_ALLOCATE|[19]|Bytes:5
08:23:41.1 (10570652)|STATEMENT_EXECUTE|[18]
08:23:41.1 (10572463)|STATEMENT_EXECUTE|[19]
08:23:41.1 (10607034)|HEAP_ALLOCATE|[19]|Bytes:4
08:23:41.1 (10656954)|HEAP_ALLOCATE|[19]|Bytes:4
08:23:41.1 (10664012)|HEAP_ALLOCATE|[19]|Bytes:4
08:23:41.1 (10669114)|HEAP_ALLOCATE|[19]|Bytes:4
08:23:41.1 (10672818)|HEAP_ALLOCATE|[19]|Bytes:4
08:23:41.1 (10676294)|HEAP_ALLOCATE|[19]|Bytes:4
08:23:41.1 (10680101)|HEAP_ALLOCATE|[19]|Bytes:4
08:23:41.1 (10686173)|VARIABLE_SCOPE_BEGIN|[19]|integerList|List<Integer>|true|false
08:23:41.1 (10725510)|HEAP_ALLOCATE|[EXTERNAL]|Bytes:28
08:23:41.1 (10743078)|VARIABLE_ASSIGNMENT|[19]|integerList|"List of size 6 too large to display"|0x551fc75b
08:23:41.1 (10751157)|STATEMENT_EXECUTE|[20]
08:23:41.1 (10754276)|VARIABLE_SCOPE_BEGIN|[20]|i|Integer|false|false
08:23:41.1 (10761466)|HEAP_ALLOCATE|[20]|Bytes:4
08:23:41.1 (10768362)|VARIABLE_ASSIGNMENT|[20]|i|0
08:23:41.1 (10801687)|STATEMENT_EXECUTE|[20]
08:23:41.1 (10804050)|STATEMENT_EXECUTE|[21]
08:23:41.1 (10807546)|VARIABLE_SCOPE_BEGIN|[21]|j|Integer|false|false
08:23:41.1 (10815440)|HEAP_ALLOCATE|[21]|Bytes:4
08:23:41.1 (10820845)|VARIABLE_ASSIGNMENT|[21]|j|1
08:23:41.1 (10838024)|STATEMENT_EXECUTE|[21]
08:23:41.1 (10840004)|STATEMENT_EXECUTE|[22]
08:23:41.1 (10842365)|VARIABLE_SCOPE_BEGIN|[22]|x|Integer|false|false
08:23:41.1 (10849590)|HEAP_ALLOCATE|[22]|Bytes:4
08:23:41.1 (10854199)|VARIABLE_ASSIGNMENT|[22]|x|0
08:23:41.1 (10862013)|HEAP_ALLOCATE|[23]|Bytes:8
08:23:41.1 (10867632)|HEAP_ALLOCATE|[23]|Bytes:8
08:23:41.1 (10872302)|STATEMENT_EXECUTE|[23]
08:23:41.1 (10873712)|STATEMENT_EXECUTE|[24]
08:23:41.1 (10876179)|HEAP_ALLOCATE|[24]|Bytes:8
08:23:41.1 (10881515)|VARIABLE_ASSIGNMENT|[24]|x|43
08:23:41.1 (10885276)|STATEMENT_EXECUTE|[25]
08:23:41.1 (10887795)|HEAP_ALLOCATE|[25]|Bytes:8
08:23:41.1 (10899689)|STATEMENT_EXECUTE|[26]
08:23:41.1 (10903434)|STATEMENT_EXECUTE|[27]
08:23:41.1 (10943706)|USER_DEBUG|[27]|DEBUG|(1, 43, 95, 443, 37, 2)
08:23:41.1 (10955015)|HEAP_ALLOCATE|[21]|Bytes:4
08:23:41.1 (10962716)|VARIABLE_ASSIGNMENT|[21]|j|2
08:23:41.1 (10976337)|STATEMENT_EXECUTE|[21]
08:23:41.1 (10978265)|STATEMENT_EXECUTE|[22]
08:23:41.1 (10980546)|VARIABLE_SCOPE_BEGIN|[22]|x|Integer|false|false
08:23:41.1 (10987671)|HEAP_ALLOCATE|[22]|Bytes:4
08:23:41.1 (10992559)|VARIABLE_ASSIGNMENT|[22]|x|0
08:23:41.1 (10998324)|HEAP_ALLOCATE|[23]|Bytes:8
08:23:41.1 (11002869)|HEAP_ALLOCATE|[23]|Bytes:8
08:23:41.1 (11007504)|STATEMENT_EXECUTE|[23]
08:23:41.1 (11009100)|HEAP_ALLOCATE|[21]|Bytes:4
08:23:41.1 (11014875)|VARIABLE_ASSIGNMENT|[21]|j|3
08:23:41.1 (11024402)|STATEMENT_EXECUTE|[21]
08:23:41.1 (11025899)|STATEMENT_EXECUTE|[22]
08:23:41.1 (11027954)|VARIABLE_SCOPE_BEGIN|[22]|x|Integer|false|false
08:23:41.1 (11034761)|HEAP_ALLOCATE|[22]|Bytes:4
08:23:41.1 (11039096)|VARIABLE_ASSIGNMENT|[22]|x|0
08:23:41.1 (11044430)|HEAP_ALLOCATE|[23]|Bytes:8
08:23:41.1 (11048730)|HEAP_ALLOCATE|[23]|Bytes:8
08:23:41.1 (11051944)|STATEMENT_EXECUTE|[23]
08:23:41.1 (11053518)|HEAP_ALLOCATE|[21]|Bytes:4
08:23:41.1 (11058042)|VARIABLE_ASSIGNMENT|[21]|j|4
08:23:41.1 (11067087)|STATEMENT_EXECUTE|[21]
08:23:41.1 (11068658)|STATEMENT_EXECUTE|[22]
08:23:41.1 (11070596)|VARIABLE_SCOPE_BEGIN|[22]|x|Integer|false|false
08:23:41.1 (11076609)|HEAP_ALLOCATE|[22]|Bytes:4
08:23:41.1 (11080877)|VARIABLE_ASSIGNMENT|[22]|x|0
08:23:41.1 (11085285)|HEAP_ALLOCATE|[23]|Bytes:8
08:23:41.1 (11089248)|HEAP_ALLOCATE|[23]|Bytes:8
08:23:41.1 (11092750)|STATEMENT_EXECUTE|[23]
08:23:41.1 (11094368)|HEAP_ALLOCATE|[21]|Bytes:4
08:23:41.1 (11099700)|VARIABLE_ASSIGNMENT|[21]|j|5
08:23:41.1 (11109055)|STATEMENT_EXECUTE|[21]
08:23:41.1 (11110489)|STATEMENT_EXECUTE|[22]
08:23:41.1 (11112326)|VARIABLE_SCOPE_BEGIN|[22]|x|Integer|false|false
08:23:41.1 (11118645)|HEAP_ALLOCATE|[22]|Bytes:4
08:23:41.1 (11122991)|VARIABLE_ASSIGNMENT|[22]|x|0
08:23:41.1 (11127894)|HEAP_ALLOCATE|[23]|Bytes:8
08:23:41.1 (11131930)|HEAP_ALLOCATE|[23]|Bytes:8
08:23:41.1 (11135096)|STATEMENT_EXECUTE|[23]
08:23:41.1 (11136801)|HEAP_ALLOCATE|[21]|Bytes:4
08:23:41.1 (11141056)|VARIABLE_ASSIGNMENT|[21]|j|6
08:23:41.1 (11150660)|HEAP_ALLOCATE|[20]|Bytes:4
08:23:41.1 (11156239)|VARIABLE_ASSIGNMENT|[20]|i|1
08:23:41.1 (11165397)|STATEMENT_EXECUTE|[20]
08:23:41.1 (11167340)|STATEMENT_EXECUTE|[21]
08:23:41.1 (11169522)|VARIABLE_SCOPE_BEGIN|[21]|j|Integer|false|false
08:23:41.1 (11175894)|HEAP_ALLOCATE|[21]|Bytes:4
08:23:41.1 (11180298)|VARIABLE_ASSIGNMENT|[21]|j|2
08:23:41.1 (11189514)|STATEMENT_EXECUTE|[21]
08:23:41.1 (11191086)|STATEMENT_EXECUTE|[22]
08:23:41.1 (11193069)|VARIABLE_SCOPE_BEGIN|[22]|x|Integer|false|false
08:23:41.1 (11199668)|HEAP_ALLOCATE|[22]|Bytes:4
08:23:41.1 (11204421)|VARIABLE_ASSIGNMENT|[22]|x|0
08:23:41.1 (11209807)|HEAP_ALLOCATE|[23]|Bytes:8
08:23:41.1 (11214341)|HEAP_ALLOCATE|[23]|Bytes:8
08:23:41.1 (11218077)|STATEMENT_EXECUTE|[23]
08:23:41.1 (11219582)|HEAP_ALLOCATE|[21]|Bytes:4
08:23:41.1 (11224265)|VARIABLE_ASSIGNMENT|[21]|j|3
08:23:41.1 (11233038)|STATEMENT_EXECUTE|[21]
08:23:41.1 (11234513)|STATEMENT_EXECUTE|[22]
08:23:41.1 (11236353)|VARIABLE_SCOPE_BEGIN|[22]|x|Integer|false|false
08:23:41.1 (11241958)|HEAP_ALLOCATE|[22]|Bytes:4
08:23:41.1 (11246801)|VARIABLE_ASSIGNMENT|[22]|x|0
08:23:41.1 (11251584)|HEAP_ALLOCATE|[23]|Bytes:8
08:23:41.1 (11255790)|HEAP_ALLOCATE|[23]|Bytes:8
08:23:41.1 (11259043)|STATEMENT_EXECUTE|[23]
08:23:41.1 (11261046)|HEAP_ALLOCATE|[21]|Bytes:4
08:23:41.1 (11265302)|VARIABLE_ASSIGNMENT|[21]|j|4
08:23:41.1 (11274140)|STATEMENT_EXECUTE|[21]
08:23:41.1 (11275542)|STATEMENT_EXECUTE|[22]
08:23:41.1 (11277813)|VARIABLE_SCOPE_BEGIN|[22]|x|Integer|false|false
08:23:41.1 (11283859)|HEAP_ALLOCATE|[22]|Bytes:4
08:23:41.1 (11288538)|VARIABLE_ASSIGNMENT|[22]|x|0
08:23:41.1 (11293246)|HEAP_ALLOCATE|[23]|Bytes:8
08:23:41.1 (11297476)|HEAP_ALLOCATE|[23]|Bytes:8
08:23:41.1 (11301754)|STATEMENT_EXECUTE|[23]
08:23:41.1 (11303124)|STATEMENT_EXECUTE|[24]
08:23:41.1 (11305115)|HEAP_ALLOCATE|[24]|Bytes:8
08:23:41.1 (11311194)|VARIABLE_ASSIGNMENT|[24]|x|43
08:23:41.1 (11315205)|STATEMENT_EXECUTE|[25]
08:23:41.1 (11317704)|HEAP_ALLOCATE|[25]|Bytes:8
08:23:41.1 (11324034)|STATEMENT_EXECUTE|[26]
08:23:41.1 (11327572)|STATEMENT_EXECUTE|[27]
08:23:41.1 (11334551)|USER_DEBUG|[27]|DEBUG|(1, 37, 95, 443, 43, 2)
08:23:41.1 (11341823)|HEAP_ALLOCATE|[21]|Bytes:4
08:23:41.1 (11346820)|VARIABLE_ASSIGNMENT|[21]|j|5
08:23:41.1 (11356452)|STATEMENT_EXECUTE|[21]
08:23:41.1 (11357955)|STATEMENT_EXECUTE|[22]
08:23:41.1 (11359906)|VARIABLE_SCOPE_BEGIN|[22]|x|Integer|false|false
08:23:41.1 (11366353)|HEAP_ALLOCATE|[22]|Bytes:4
08:23:41.1 (11371312)|VARIABLE_ASSIGNMENT|[22]|x|0
08:23:41.1 (11375962)|HEAP_ALLOCATE|[23]|Bytes:8
08:23:41.1 (11380717)|HEAP_ALLOCATE|[23]|Bytes:8
08:23:41.1 (11384263)|STATEMENT_EXECUTE|[23]
08:23:41.1 (11385719)|STATEMENT_EXECUTE|[24]
08:23:41.1 (11387737)|HEAP_ALLOCATE|[24]|Bytes:8
08:23:41.1 (11393070)|VARIABLE_ASSIGNMENT|[24]|x|37
08:23:41.1 (11396835)|STATEMENT_EXECUTE|[25]
08:23:41.1 (11399174)|HEAP_ALLOCATE|[25]|Bytes:8
08:23:41.1 (11404832)|STATEMENT_EXECUTE|[26]
08:23:41.1 (11407590)|STATEMENT_EXECUTE|[27]
08:23:41.1 (11413153)|USER_DEBUG|[27]|DEBUG|(1, 2, 95, 443, 43, 37)
08:23:41.1 (11419380)|HEAP_ALLOCATE|[21]|Bytes:4
08:23:41.1 (11424821)|VARIABLE_ASSIGNMENT|[21]|j|6
08:23:41.1 (11435003)|HEAP_ALLOCATE|[20]|Bytes:4
08:23:41.1 (11439877)|VARIABLE_ASSIGNMENT|[20]|i|2
08:23:41.1 (11448291)|STATEMENT_EXECUTE|[20]
08:23:41.1 (11450083)|STATEMENT_EXECUTE|[21]
08:23:41.1 (11452219)|VARIABLE_SCOPE_BEGIN|[21]|j|Integer|false|false
08:23:41.1 (11459143)|HEAP_ALLOCATE|[21]|Bytes:4
08:23:41.1 (11464036)|VARIABLE_ASSIGNMENT|[21]|j|3
08:23:41.1 (11472924)|STATEMENT_EXECUTE|[21]
08:23:41.1 (11474357)|STATEMENT_EXECUTE|[22]
08:23:41.1 (11476247)|VARIABLE_SCOPE_BEGIN|[22]|x|Integer|false|false
08:23:41.1 (11483081)|HEAP_ALLOCATE|[22]|Bytes:4
08:23:41.1 (11487348)|VARIABLE_ASSIGNMENT|[22]|x|0
08:23:41.1 (11492591)|HEAP_ALLOCATE|[23]|Bytes:8
08:23:41.1 (11497689)|HEAP_ALLOCATE|[23]|Bytes:8
08:23:41.1 (11501052)|STATEMENT_EXECUTE|[23]
08:23:41.1 (11502944)|HEAP_ALLOCATE|[21]|Bytes:4
08:23:41.1 (11507206)|VARIABLE_ASSIGNMENT|[21]|j|4
08:23:41.1 (11516202)|STATEMENT_EXECUTE|[21]
08:23:41.1 (11517649)|STATEMENT_EXECUTE|[22]
08:23:41.1 (11520090)|VARIABLE_SCOPE_BEGIN|[22]|x|Integer|false|false
08:23:41.1 (11526545)|HEAP_ALLOCATE|[22]|Bytes:4
08:23:41.1 (11530796)|VARIABLE_ASSIGNMENT|[22]|x|0
08:23:41.1 (11535464)|HEAP_ALLOCATE|[23]|Bytes:8
08:23:41.1 (11539308)|HEAP_ALLOCATE|[23]|Bytes:8
08:23:41.1 (11542917)|STATEMENT_EXECUTE|[23]
08:23:41.1 (11544428)|STATEMENT_EXECUTE|[24]
08:23:41.1 (11546758)|HEAP_ALLOCATE|[24]|Bytes:8
08:23:41.1 (11551616)|VARIABLE_ASSIGNMENT|[24]|x|95
08:23:41.1 (11555529)|STATEMENT_EXECUTE|[25]
08:23:41.1 (11557681)|HEAP_ALLOCATE|[25]|Bytes:8
08:23:41.1 (11563341)|STATEMENT_EXECUTE|[26]
08:23:41.1 (11566147)|STATEMENT_EXECUTE|[27]
08:23:41.1 (11571657)|USER_DEBUG|[27]|DEBUG|(1, 2, 43, 443, 95, 37)
08:23:41.1 (11578875)|HEAP_ALLOCATE|[21]|Bytes:4
08:23:41.1 (11583608)|VARIABLE_ASSIGNMENT|[21]|j|5
08:23:41.1 (11592815)|STATEMENT_EXECUTE|[21]
08:23:41.1 (11594475)|STATEMENT_EXECUTE|[22]
08:23:41.1 (11596455)|VARIABLE_SCOPE_BEGIN|[22]|x|Integer|false|false
08:23:41.1 (11602627)|HEAP_ALLOCATE|[22]|Bytes:4
08:23:41.1 (11608066)|VARIABLE_ASSIGNMENT|[22]|x|0
08:23:41.1 (11612890)|HEAP_ALLOCATE|[23]|Bytes:8
08:23:41.1 (11617698)|HEAP_ALLOCATE|[23]|Bytes:8
08:23:41.1 (11622654)|STATEMENT_EXECUTE|[23]
08:23:41.1 (11624447)|STATEMENT_EXECUTE|[24]
08:23:41.1 (11627417)|HEAP_ALLOCATE|[24]|Bytes:8
08:23:41.1 (11633325)|VARIABLE_ASSIGNMENT|[24]|x|43
08:23:41.1 (11637709)|STATEMENT_EXECUTE|[25]
08:23:41.1 (11639959)|HEAP_ALLOCATE|[25]|Bytes:8
08:23:41.1 (11645063)|STATEMENT_EXECUTE|[26]
08:23:41.1 (11647934)|STATEMENT_EXECUTE|[27]
08:23:41.1 (11653388)|USER_DEBUG|[27]|DEBUG|(1, 2, 37, 443, 95, 43)
08:23:41.1 (11660348)|HEAP_ALLOCATE|[21]|Bytes:4
08:23:41.1 (11664949)|VARIABLE_ASSIGNMENT|[21]|j|6
08:23:41.1 (11675403)|HEAP_ALLOCATE|[20]|Bytes:4
08:23:41.1 (11680052)|VARIABLE_ASSIGNMENT|[20]|i|3
08:23:41.1 (11688493)|STATEMENT_EXECUTE|[20]
08:23:41.1 (11690698)|STATEMENT_EXECUTE|[21]
08:23:41.1 (11692882)|VARIABLE_SCOPE_BEGIN|[21]|j|Integer|false|false
08:23:41.1 (11703005)|HEAP_ALLOCATE|[21]|Bytes:4
08:23:41.1 (11708070)|VARIABLE_ASSIGNMENT|[21]|j|4
08:23:41.1 (11717598)|STATEMENT_EXECUTE|[21]
08:23:41.1 (11719149)|STATEMENT_EXECUTE|[22]
08:23:41.1 (11721010)|VARIABLE_SCOPE_BEGIN|[22]|x|Integer|false|false
08:23:41.1 (11727154)|HEAP_ALLOCATE|[22]|Bytes:4
08:23:41.1 (11732129)|VARIABLE_ASSIGNMENT|[22]|x|0
08:23:41.1 (11736819)|HEAP_ALLOCATE|[23]|Bytes:8
08:23:41.1 (11741345)|HEAP_ALLOCATE|[23]|Bytes:8
08:23:41.1 (11744838)|STATEMENT_EXECUTE|[23]
08:23:41.1 (11746220)|STATEMENT_EXECUTE|[24]
08:23:41.1 (11748280)|HEAP_ALLOCATE|[24]|Bytes:8
08:23:41.1 (11753508)|VARIABLE_ASSIGNMENT|[24]|x|443
08:23:41.1 (11757602)|STATEMENT_EXECUTE|[25]
08:23:41.1 (11759926)|HEAP_ALLOCATE|[25]|Bytes:8
08:23:41.1 (11765920)|STATEMENT_EXECUTE|[26]
08:23:41.1 (11768725)|STATEMENT_EXECUTE|[27]
08:23:41.1 (11774455)|USER_DEBUG|[27]|DEBUG|(1, 2, 37, 95, 443, 43)
08:23:41.1 (11780826)|HEAP_ALLOCATE|[21]|Bytes:4
08:23:41.1 (11786162)|VARIABLE_ASSIGNMENT|[21]|j|5
08:23:41.1 (11795537)|STATEMENT_EXECUTE|[21]
08:23:41.1 (11797012)|STATEMENT_EXECUTE|[22]
08:23:41.1 (11799311)|VARIABLE_SCOPE_BEGIN|[22]|x|Integer|false|false
08:23:41.1 (11806054)|HEAP_ALLOCATE|[22]|Bytes:4
08:23:41.1 (11810883)|VARIABLE_ASSIGNMENT|[22]|x|0
08:23:41.1 (11815590)|HEAP_ALLOCATE|[23]|Bytes:8
08:23:41.1 (11820160)|HEAP_ALLOCATE|[23]|Bytes:8
08:23:41.1 (11823698)|STATEMENT_EXECUTE|[23]
08:23:41.1 (11825111)|STATEMENT_EXECUTE|[24]
08:23:41.1 (11827114)|HEAP_ALLOCATE|[24]|Bytes:8
08:23:41.1 (11832045)|VARIABLE_ASSIGNMENT|[24]|x|95
08:23:41.1 (11835789)|STATEMENT_EXECUTE|[25]
08:23:41.1 (11837974)|HEAP_ALLOCATE|[25]|Bytes:8
08:23:41.1 (11843590)|STATEMENT_EXECUTE|[26]
08:23:41.1 (11846467)|STATEMENT_EXECUTE|[27]
08:23:41.1 (11851925)|USER_DEBUG|[27]|DEBUG|(1, 2, 37, 43, 443, 95)
08:23:41.1 (11858848)|HEAP_ALLOCATE|[21]|Bytes:4
08:23:41.1 (11863979)|VARIABLE_ASSIGNMENT|[21]|j|6
08:23:41.1 (11873505)|HEAP_ALLOCATE|[20]|Bytes:4
08:23:41.1 (11878585)|VARIABLE_ASSIGNMENT|[20]|i|4
08:23:41.1 (11887087)|STATEMENT_EXECUTE|[20]
08:23:41.1 (11888929)|STATEMENT_EXECUTE|[21]
08:23:41.1 (11891002)|VARIABLE_SCOPE_BEGIN|[21]|j|Integer|false|false
08:23:41.1 (11897597)|HEAP_ALLOCATE|[21]|Bytes:4
08:23:41.1 (11902439)|VARIABLE_ASSIGNMENT|[21]|j|5
08:23:41.1 (11910927)|STATEMENT_EXECUTE|[21]
08:23:41.1 (11912381)|STATEMENT_EXECUTE|[22]
08:23:41.1 (11914210)|VARIABLE_SCOPE_BEGIN|[22]|x|Integer|false|false
08:23:41.1 (11919922)|HEAP_ALLOCATE|[22]|Bytes:4
08:23:41.1 (11924186)|VARIABLE_ASSIGNMENT|[22]|x|0
08:23:41.1 (11928601)|HEAP_ALLOCATE|[23]|Bytes:8
08:23:41.1 (11933514)|HEAP_ALLOCATE|[23]|Bytes:8
08:23:41.1 (11936897)|STATEMENT_EXECUTE|[23]
08:23:41.1 (11938335)|STATEMENT_EXECUTE|[24]
08:23:41.1 (11940805)|HEAP_ALLOCATE|[24]|Bytes:8
08:23:41.1 (11945623)|VARIABLE_ASSIGNMENT|[24]|x|443
08:23:41.1 (11949749)|STATEMENT_EXECUTE|[25]
08:23:41.1 (11952014)|HEAP_ALLOCATE|[25]|Bytes:8
08:23:41.1 (11957252)|STATEMENT_EXECUTE|[26]
08:23:41.1 (11959992)|STATEMENT_EXECUTE|[27]
08:23:41.1 (11965536)|USER_DEBUG|[27]|DEBUG|(1, 2, 37, 43, 95, 443)
08:23:41.1 (11971846)|HEAP_ALLOCATE|[21]|Bytes:4
08:23:41.1 (11976934)|VARIABLE_ASSIGNMENT|[21]|j|6
08:23:41.1 (11987139)|HEAP_ALLOCATE|[20]|Bytes:4
08:23:41.1 (11992386)|VARIABLE_ASSIGNMENT|[20]|i|5
08:23:41.1 (12000988)|STATEMENT_EXECUTE|[20]
08:23:41.1 (12003254)|STATEMENT_EXECUTE|[21]
08:23:41.1 (12005382)|VARIABLE_SCOPE_BEGIN|[21]|j|Integer|false|false
08:23:41.1 (12011614)|HEAP_ALLOCATE|[21]|Bytes:4
08:23:41.1 (12016014)|VARIABLE_ASSIGNMENT|[21]|j|6
08:23:41.1 (12025075)|STATEMENT_EXECUTE|[21]
08:23:41.1 (12026783)|HEAP_ALLOCATE|[20]|Bytes:4
08:23:41.1 (12031590)|VARIABLE_ASSIGNMENT|[20]|i|6
08:23:41.1 (12045993)|METHOD_EXIT|[2]|01p6F00000MPtB2|Array_Operations.Assending()
08:23:41.1 (12052109)|SYSTEM_MODE_EXIT|false
08:23:41.1 (12057914)|STATEMENT_EXECUTE|[3]
08:23:41.1 (12077665)|SYSTEM_MODE_ENTER|false
08:23:41.1 (12089001)|HEAP_ALLOCATE|[3]|Bytes:5
08:23:41.1 (12098401)|METHOD_ENTRY|[3]|01p6F00000MPtB2|Array_Operations.Descending()
08:23:41.1 (12118309)|VARIABLE_SCOPE_BEGIN|[2]|this|Array_Operations|true|false
08:23:41.1 (12134893)|VARIABLE_ASSIGNMENT|[2]|this|{}|0x171e4347
08:23:41.1 (12144889)|HEAP_ALLOCATE|[3]|Bytes:5
08:23:41.1 (12149072)|STATEMENT_EXECUTE|[2]
08:23:41.1 (12150508)|STATEMENT_EXECUTE|[3]
08:23:41.1 (12159773)|HEAP_ALLOCATE|[3]|Bytes:4
08:23:41.1 (12181757)|HEAP_ALLOCATE|[3]|Bytes:4
08:23:41.1 (12187541)|HEAP_ALLOCATE|[3]|Bytes:4
08:23:41.1 (12191679)|HEAP_ALLOCATE|[3]|Bytes:4
08:23:41.1 (12195988)|HEAP_ALLOCATE|[3]|Bytes:4
08:23:41.1 (12199880)|HEAP_ALLOCATE|[3]|Bytes:4
08:23:41.1 (12203414)|HEAP_ALLOCATE|[3]|Bytes:4
08:23:41.1 (12208054)|VARIABLE_SCOPE_BEGIN|[3]|integerList|List<Integer>|true|false
08:23:41.1 (12229016)|HEAP_ALLOCATE|[EXTERNAL]|Bytes:28
08:23:41.1 (12239492)|VARIABLE_ASSIGNMENT|[3]|integerList|"List of size 6 too large to display"|0x7d4d1951
08:23:41.1 (12245799)|STATEMENT_EXECUTE|[5]
08:23:41.1 (12248342)|VARIABLE_SCOPE_BEGIN|[5]|i|Integer|false|false
08:23:41.1 (12255428)|HEAP_ALLOCATE|[5]|Bytes:4
08:23:41.1 (12260788)|VARIABLE_ASSIGNMENT|[5]|i|0
08:23:41.1 (12282202)|STATEMENT_EXECUTE|[5]
08:23:41.1 (12284405)|STATEMENT_EXECUTE|[6]
08:23:41.1 (12286826)|VARIABLE_SCOPE_BEGIN|[6]|j|Integer|false|false
08:23:41.1 (12293910)|HEAP_ALLOCATE|[6]|Bytes:4
08:23:41.1 (12299153)|VARIABLE_ASSIGNMENT|[6]|j|1
08:23:41.1 (12312736)|STATEMENT_EXECUTE|[6]
08:23:41.1 (12314401)|STATEMENT_EXECUTE|[7]
08:23:41.1 (12316374)|VARIABLE_SCOPE_BEGIN|[7]|x|Integer|false|false
08:23:41.1 (12322391)|HEAP_ALLOCATE|[7]|Bytes:4
08:23:41.1 (12326909)|VARIABLE_ASSIGNMENT|[7]|x|0
08:23:41.1 (12333122)|HEAP_ALLOCATE|[8]|Bytes:8
08:23:41.1 (12338758)|HEAP_ALLOCATE|[8]|Bytes:8
08:23:41.1 (12342712)|STATEMENT_EXECUTE|[8]
08:23:41.1 (12344475)|HEAP_ALLOCATE|[6]|Bytes:4
08:23:41.1 (12349434)|VARIABLE_ASSIGNMENT|[6]|j|2
08:23:41.1 (12359056)|STATEMENT_EXECUTE|[6]
08:23:41.1 (12360654)|STATEMENT_EXECUTE|[7]
08:23:41.1 (12362793)|VARIABLE_SCOPE_BEGIN|[7]|x|Integer|false|false
08:23:41.1 (12369549)|HEAP_ALLOCATE|[7]|Bytes:4
08:23:41.1 (12374153)|VARIABLE_ASSIGNMENT|[7]|x|0
08:23:41.1 (12379481)|HEAP_ALLOCATE|[8]|Bytes:8
08:23:41.1 (12383957)|HEAP_ALLOCATE|[8]|Bytes:8
08:23:41.1 (12387225)|STATEMENT_EXECUTE|[8]
08:23:41.1 (12388621)|STATEMENT_EXECUTE|[9]
08:23:41.1 (12391180)|HEAP_ALLOCATE|[9]|Bytes:8
08:23:41.1 (12397329)|VARIABLE_ASSIGNMENT|[9]|x|43
08:23:41.1 (12401838)|STATEMENT_EXECUTE|[10]
08:23:41.1 (12404750)|HEAP_ALLOCATE|[10]|Bytes:8
08:23:41.1 (12411963)|STATEMENT_EXECUTE|[11]
08:23:41.1 (12415358)|STATEMENT_EXECUTE|[12]
08:23:41.1 (12436593)|USER_DEBUG|[12]|DEBUG|(95, 1, 43, 443, 37, 2)
08:23:41.1 (12445534)|HEAP_ALLOCATE|[6]|Bytes:4
08:23:41.1 (12451588)|VARIABLE_ASSIGNMENT|[6]|j|3
08:23:41.1 (12462257)|STATEMENT_EXECUTE|[6]
08:23:41.1 (12463994)|STATEMENT_EXECUTE|[7]
08:23:41.1 (12466074)|VARIABLE_SCOPE_BEGIN|[7]|x|Integer|false|false
08:23:41.1 (12473023)|HEAP_ALLOCATE|[7]|Bytes:4
08:23:41.1 (12477683)|VARIABLE_ASSIGNMENT|[7]|x|0
08:23:41.1 (12482905)|HEAP_ALLOCATE|[8]|Bytes:8
08:23:41.1 (12488087)|HEAP_ALLOCATE|[8]|Bytes:8
08:23:41.1 (12491650)|STATEMENT_EXECUTE|[8]
08:23:41.1 (12493067)|STATEMENT_EXECUTE|[9]
08:23:41.1 (12495358)|HEAP_ALLOCATE|[9]|Bytes:8
08:23:41.1 (12500509)|VARIABLE_ASSIGNMENT|[9]|x|95
08:23:41.1 (12504307)|STATEMENT_EXECUTE|[10]
08:23:41.1 (12506591)|HEAP_ALLOCATE|[10]|Bytes:8
08:23:41.1 (12512241)|STATEMENT_EXECUTE|[11]
08:23:41.1 (12515568)|STATEMENT_EXECUTE|[12]
08:23:41.1 (12521792)|USER_DEBUG|[12]|DEBUG|(443, 1, 43, 95, 37, 2)
08:23:41.1 (12529703)|HEAP_ALLOCATE|[6]|Bytes:4
08:23:41.1 (12534740)|VARIABLE_ASSIGNMENT|[6]|j|4
08:23:41.1 (12544060)|STATEMENT_EXECUTE|[6]
08:23:41.1 (12545568)|STATEMENT_EXECUTE|[7]
08:23:41.1 (12547504)|VARIABLE_SCOPE_BEGIN|[7]|x|Integer|false|false
08:23:41.1 (12553648)|HEAP_ALLOCATE|[7]|Bytes:4
08:23:41.1 (12557886)|VARIABLE_ASSIGNMENT|[7]|x|0
08:23:41.1 (12562418)|HEAP_ALLOCATE|[8]|Bytes:8
08:23:41.1 (12567985)|HEAP_ALLOCATE|[8]|Bytes:8
08:23:41.1 (12571508)|STATEMENT_EXECUTE|[8]
08:23:41.1 (12573259)|HEAP_ALLOCATE|[6]|Bytes:4
08:23:41.1 (12577720)|VARIABLE_ASSIGNMENT|[6]|j|5
08:23:41.1 (12586923)|STATEMENT_EXECUTE|[6]
08:23:41.1 (12588748)|STATEMENT_EXECUTE|[7]
08:23:41.1 (12590688)|VARIABLE_SCOPE_BEGIN|[7]|x|Integer|false|false
08:23:41.1 (12597658)|HEAP_ALLOCATE|[7]|Bytes:4
08:23:41.1 (12601990)|VARIABLE_ASSIGNMENT|[7]|x|0
08:23:41.1 (12607224)|HEAP_ALLOCATE|[8]|Bytes:8
08:23:41.1 (12611927)|HEAP_ALLOCATE|[8]|Bytes:8
08:23:41.1 (12615477)|STATEMENT_EXECUTE|[8]
08:23:41.1 (12617047)|HEAP_ALLOCATE|[6]|Bytes:4
08:23:41.1 (12621627)|VARIABLE_ASSIGNMENT|[6]|j|6
08:23:41.1 (12634291)|HEAP_ALLOCATE|[5]|Bytes:4
08:23:41.1 (12639585)|VARIABLE_ASSIGNMENT|[5]|i|1
08:23:41.1 (12648341)|STATEMENT_EXECUTE|[5]
08:23:41.1 (12650171)|STATEMENT_EXECUTE|[6]
08:23:41.1 (12652414)|VARIABLE_SCOPE_BEGIN|[6]|j|Integer|false|false
08:23:41.1 (12658204)|HEAP_ALLOCATE|[6]|Bytes:4
08:23:41.1 (12662673)|VARIABLE_ASSIGNMENT|[6]|j|2
08:23:41.1 (12671026)|STATEMENT_EXECUTE|[6]
08:23:41.1 (12672528)|STATEMENT_EXECUTE|[7]
08:23:41.1 (12674761)|VARIABLE_SCOPE_BEGIN|[7]|x|Integer|false|false
08:23:41.1 (12681397)|HEAP_ALLOCATE|[7]|Bytes:4
08:23:41.1 (12686159)|VARIABLE_ASSIGNMENT|[7]|x|0
08:23:41.1 (12690933)|HEAP_ALLOCATE|[8]|Bytes:8
08:23:41.1 (12699533)|HEAP_ALLOCATE|[8]|Bytes:8
08:23:41.1 (12703429)|STATEMENT_EXECUTE|[8]
08:23:41.1 (12704883)|STATEMENT_EXECUTE|[9]
08:23:41.1 (12707035)|HEAP_ALLOCATE|[9]|Bytes:8
08:23:41.1 (12712898)|VARIABLE_ASSIGNMENT|[9]|x|1
08:23:41.1 (12717066)|STATEMENT_EXECUTE|[10]
08:23:41.1 (12719317)|HEAP_ALLOCATE|[10]|Bytes:8
08:23:41.1 (12725137)|STATEMENT_EXECUTE|[11]
08:23:41.1 (12727942)|STATEMENT_EXECUTE|[12]
08:23:41.1 (12733681)|USER_DEBUG|[12]|DEBUG|(443, 43, 1, 95, 37, 2)
08:23:41.1 (12741271)|HEAP_ALLOCATE|[6]|Bytes:4
08:23:41.1 (12745931)|VARIABLE_ASSIGNMENT|[6]|j|3
08:23:41.1 (12755039)|STATEMENT_EXECUTE|[6]
08:23:41.1 (12756547)|STATEMENT_EXECUTE|[7]
08:23:41.1 (12758473)|VARIABLE_SCOPE_BEGIN|[7]|x|Integer|false|false
08:23:41.1 (12765030)|HEAP_ALLOCATE|[7]|Bytes:4
08:23:41.1 (12770058)|VARIABLE_ASSIGNMENT|[7]|x|0
08:23:41.1 (12774442)|HEAP_ALLOCATE|[8]|Bytes:8
08:23:41.1 (12779371)|HEAP_ALLOCATE|[8]|Bytes:8
08:23:41.1 (12782659)|STATEMENT_EXECUTE|[8]
08:23:41.1 (12784316)|STATEMENT_EXECUTE|[9]
08:23:41.1 (12786312)|HEAP_ALLOCATE|[9]|Bytes:8
08:23:41.1 (12791341)|VARIABLE_ASSIGNMENT|[9]|x|43
08:23:41.1 (12795323)|STATEMENT_EXECUTE|[10]
08:23:41.1 (12797397)|HEAP_ALLOCATE|[10]|Bytes:8
08:23:41.1 (12803868)|STATEMENT_EXECUTE|[11]
08:23:41.1 (12806849)|STATEMENT_EXECUTE|[12]
08:23:41.1 (12812194)|USER_DEBUG|[12]|DEBUG|(443, 95, 1, 43, 37, 2)
08:23:41.1 (12819124)|HEAP_ALLOCATE|[6]|Bytes:4
08:23:41.1 (12823970)|VARIABLE_ASSIGNMENT|[6]|j|4
08:23:41.1 (12833452)|STATEMENT_EXECUTE|[6]
08:23:41.1 (12834881)|STATEMENT_EXECUTE|[7]
08:23:41.1 (12836796)|VARIABLE_SCOPE_BEGIN|[7]|x|Integer|false|false
08:23:41.1 (12843325)|HEAP_ALLOCATE|[7]|Bytes:4
08:23:41.1 (12847740)|VARIABLE_ASSIGNMENT|[7]|x|0
08:23:41.1 (12852500)|HEAP_ALLOCATE|[8]|Bytes:8
08:23:41.1 (12857147)|HEAP_ALLOCATE|[8]|Bytes:8
08:23:41.1 (12860465)|STATEMENT_EXECUTE|[8]
08:23:41.1 (12862014)|HEAP_ALLOCATE|[6]|Bytes:4
08:23:41.1 (12866353)|VARIABLE_ASSIGNMENT|[6]|j|5
08:23:41.1 (12875360)|STATEMENT_EXECUTE|[6]
08:23:41.1 (12876823)|STATEMENT_EXECUTE|[7]
08:23:41.1 (12878961)|VARIABLE_SCOPE_BEGIN|[7]|x|Integer|false|false
08:23:41.1 (12884931)|HEAP_ALLOCATE|[7]|Bytes:4
08:23:41.1 (12889740)|VARIABLE_ASSIGNMENT|[7]|x|0
08:23:41.1 (12894528)|HEAP_ALLOCATE|[8]|Bytes:8
08:23:41.1 (12898876)|HEAP_ALLOCATE|[8]|Bytes:8
08:23:41.1 (12903311)|STATEMENT_EXECUTE|[8]
08:23:41.1 (12904892)|HEAP_ALLOCATE|[6]|Bytes:4
08:23:41.1 (12909685)|VARIABLE_ASSIGNMENT|[6]|j|6
08:23:41.1 (12918689)|HEAP_ALLOCATE|[5]|Bytes:4
08:23:41.1 (12923311)|VARIABLE_ASSIGNMENT|[5]|i|2
08:23:41.1 (12932036)|STATEMENT_EXECUTE|[5]
08:23:41.1 (12933790)|STATEMENT_EXECUTE|[6]
08:23:41.1 (12935926)|VARIABLE_SCOPE_BEGIN|[6]|j|Integer|false|false
08:23:41.1 (12942655)|HEAP_ALLOCATE|[6]|Bytes:4
08:23:41.1 (12947088)|VARIABLE_ASSIGNMENT|[6]|j|3
08:23:41.1 (12955879)|STATEMENT_EXECUTE|[6]
08:23:41.1 (12957364)|STATEMENT_EXECUTE|[7]
08:23:41.1 (12959283)|VARIABLE_SCOPE_BEGIN|[7]|x|Integer|false|false
08:23:41.1 (12965374)|HEAP_ALLOCATE|[7]|Bytes:4
08:23:41.1 (12969486)|VARIABLE_ASSIGNMENT|[7]|x|0
08:23:41.1 (12974024)|HEAP_ALLOCATE|[8]|Bytes:8
08:23:41.1 (12978069)|HEAP_ALLOCATE|[8]|Bytes:8
08:23:41.1 (12981901)|STATEMENT_EXECUTE|[8]
08:23:41.1 (12983351)|STATEMENT_EXECUTE|[9]
08:23:41.1 (12986033)|HEAP_ALLOCATE|[9]|Bytes:8
08:23:41.1 (12991428)|VARIABLE_ASSIGNMENT|[9]|x|1
08:23:41.1 (12995438)|STATEMENT_EXECUTE|[10]
08:23:41.1 (12997570)|HEAP_ALLOCATE|[10]|Bytes:8
08:23:41.1 (13002972)|STATEMENT_EXECUTE|[11]
08:23:41.1 (13006579)|STATEMENT_EXECUTE|[12]
08:23:41.1 (13012029)|USER_DEBUG|[12]|DEBUG|(443, 95, 43, 1, 37, 2)
08:23:41.1 (13018445)|HEAP_ALLOCATE|[6]|Bytes:4
08:23:41.1 (13023594)|VARIABLE_ASSIGNMENT|[6]|j|4
08:23:41.1 (13033912)|STATEMENT_EXECUTE|[6]
08:23:41.1 (13035345)|STATEMENT_EXECUTE|[7]
08:23:41.1 (13037318)|VARIABLE_SCOPE_BEGIN|[7]|x|Integer|false|false
08:23:41.1 (13043997)|HEAP_ALLOCATE|[7]|Bytes:4
08:23:41.1 (13048470)|VARIABLE_ASSIGNMENT|[7]|x|0
08:23:41.1 (13053786)|HEAP_ALLOCATE|[8]|Bytes:8
08:23:41.1 (13058067)|HEAP_ALLOCATE|[8]|Bytes:8
08:23:41.1 (13062099)|STATEMENT_EXECUTE|[8]
08:23:41.1 (13063665)|HEAP_ALLOCATE|[6]|Bytes:4
08:23:41.1 (13068518)|VARIABLE_ASSIGNMENT|[6]|j|5
08:23:41.1 (13077448)|STATEMENT_EXECUTE|[6]
08:23:41.1 (13078891)|STATEMENT_EXECUTE|[7]
08:23:41.1 (13081557)|VARIABLE_SCOPE_BEGIN|[7]|x|Integer|false|false
08:23:41.1 (13087989)|HEAP_ALLOCATE|[7]|Bytes:4
08:23:41.1 (13092287)|VARIABLE_ASSIGNMENT|[7]|x|0
08:23:41.1 (13097280)|HEAP_ALLOCATE|[8]|Bytes:8
08:23:41.1 (13101480)|HEAP_ALLOCATE|[8]|Bytes:8
08:23:41.1 (13105104)|STATEMENT_EXECUTE|[8]
08:23:41.1 (13106647)|HEAP_ALLOCATE|[6]|Bytes:4
08:23:41.1 (13111140)|VARIABLE_ASSIGNMENT|[6]|j|6
08:23:41.1 (13120250)|HEAP_ALLOCATE|[5]|Bytes:4
08:23:41.1 (13125371)|VARIABLE_ASSIGNMENT|[5]|i|3
08:23:41.1 (13133927)|STATEMENT_EXECUTE|[5]
08:23:41.1 (13135645)|STATEMENT_EXECUTE|[6]
08:23:41.1 (13137755)|VARIABLE_SCOPE_BEGIN|[6]|j|Integer|false|false
08:23:41.1 (13144852)|HEAP_ALLOCATE|[6]|Bytes:4
08:23:41.1 (13149451)|VARIABLE_ASSIGNMENT|[6]|j|4
08:23:41.1 (13158409)|STATEMENT_EXECUTE|[6]
08:23:41.1 (13159868)|STATEMENT_EXECUTE|[7]
08:23:41.1 (13161780)|VARIABLE_SCOPE_BEGIN|[7]|x|Integer|false|false
08:23:41.1 (13168288)|HEAP_ALLOCATE|[7]|Bytes:4
08:23:41.1 (13172600)|VARIABLE_ASSIGNMENT|[7]|x|0
08:23:41.1 (13177378)|HEAP_ALLOCATE|[8]|Bytes:8
08:23:41.1 (13182041)|HEAP_ALLOCATE|[8]|Bytes:8
08:23:41.1 (13185613)|STATEMENT_EXECUTE|[8]
08:23:41.1 (13186982)|STATEMENT_EXECUTE|[9]
08:23:41.1 (13189012)|HEAP_ALLOCATE|[9]|Bytes:8
08:23:41.1 (13194536)|VARIABLE_ASSIGNMENT|[9]|x|1
08:23:41.1 (13198996)|STATEMENT_EXECUTE|[10]
08:23:41.1 (13201316)|HEAP_ALLOCATE|[10]|Bytes:8
08:23:41.1 (13206646)|STATEMENT_EXECUTE|[11]
08:23:41.1 (13209447)|STATEMENT_EXECUTE|[12]
08:23:41.1 (13215153)|USER_DEBUG|[12]|DEBUG|(443, 95, 43, 37, 1, 2)
08:23:41.1 (13222051)|HEAP_ALLOCATE|[6]|Bytes:4
08:23:41.1 (13227072)|VARIABLE_ASSIGNMENT|[6]|j|5
08:23:41.1 (13240308)|STATEMENT_EXECUTE|[6]
08:23:41.1 (13241808)|STATEMENT_EXECUTE|[7]
08:23:41.1 (13243837)|VARIABLE_SCOPE_BEGIN|[7]|x|Integer|false|false
08:23:41.1 (13250777)|HEAP_ALLOCATE|[7]|Bytes:4
08:23:41.1 (13255347)|VARIABLE_ASSIGNMENT|[7]|x|0
08:23:41.1 (13260124)|HEAP_ALLOCATE|[8]|Bytes:8
08:23:41.1 (13264968)|HEAP_ALLOCATE|[8]|Bytes:8
08:23:41.1 (13268289)|STATEMENT_EXECUTE|[8]
08:23:41.1 (13270406)|HEAP_ALLOCATE|[6]|Bytes:4
08:23:41.1 (13275010)|VARIABLE_ASSIGNMENT|[6]|j|6
08:23:41.1 (13284432)|HEAP_ALLOCATE|[5]|Bytes:4
08:23:41.1 (13289193)|VARIABLE_ASSIGNMENT|[5]|i|4
08:23:41.1 (13313763)|STATEMENT_EXECUTE|[5]
08:23:41.1 (13316052)|STATEMENT_EXECUTE|[6]
08:23:41.1 (13318647)|VARIABLE_SCOPE_BEGIN|[6]|j|Integer|false|false
08:23:41.1 (13326398)|HEAP_ALLOCATE|[6]|Bytes:4
08:23:41.1 (13331098)|VARIABLE_ASSIGNMENT|[6]|j|5
08:23:41.1 (13341192)|STATEMENT_EXECUTE|[6]
08:23:41.1 (13342660)|STATEMENT_EXECUTE|[7]
08:23:41.1 (13344537)|VARIABLE_SCOPE_BEGIN|[7]|x|Integer|false|false
08:23:41.1 (13351050)|HEAP_ALLOCATE|[7]|Bytes:4
08:23:41.1 (13356541)|VARIABLE_ASSIGNMENT|[7]|x|0
08:23:41.1 (13361546)|HEAP_ALLOCATE|[8]|Bytes:8
08:23:41.1 (13366292)|HEAP_ALLOCATE|[8]|Bytes:8
08:23:41.1 (13370128)|STATEMENT_EXECUTE|[8]
08:23:41.1 (13371496)|STATEMENT_EXECUTE|[9]
08:23:41.1 (13373538)|HEAP_ALLOCATE|[9]|Bytes:8
08:23:41.1 (13378723)|VARIABLE_ASSIGNMENT|[9]|x|1
08:23:41.1 (13382709)|STATEMENT_EXECUTE|[10]
08:23:41.1 (13385884)|HEAP_ALLOCATE|[10]|Bytes:8
08:23:41.1 (13391747)|STATEMENT_EXECUTE|[11]
08:23:41.1 (13394664)|STATEMENT_EXECUTE|[12]
08:23:41.1 (13400527)|USER_DEBUG|[12]|DEBUG|(443, 95, 43, 37, 2, 1)
08:23:41.1 (13407131)|HEAP_ALLOCATE|[6]|Bytes:4
08:23:41.1 (13412297)|VARIABLE_ASSIGNMENT|[6]|j|6
08:23:41.1 (13421711)|HEAP_ALLOCATE|[5]|Bytes:4
08:23:41.1 (13426025)|VARIABLE_ASSIGNMENT|[5]|i|5
08:23:41.1 (13434555)|STATEMENT_EXECUTE|[5]
08:23:41.1 (13436369)|STATEMENT_EXECUTE|[6]
08:23:41.1 (13438494)|VARIABLE_SCOPE_BEGIN|[6]|j|Integer|false|false
08:23:41.1 (13444745)|HEAP_ALLOCATE|[6]|Bytes:4
08:23:41.1 (13450004)|VARIABLE_ASSIGNMENT|[6]|j|6
08:23:41.1 (13458685)|STATEMENT_EXECUTE|[6]
08:23:41.1 (13460374)|HEAP_ALLOCATE|[5]|Bytes:4
08:23:41.1 (13464897)|VARIABLE_ASSIGNMENT|[5]|i|6
08:23:41.1 (13478585)|METHOD_EXIT|[3]|01p6F00000MPtB2|Array_Operations.Descending()
08:23:41.1 (13484310)|SYSTEM_MODE_EXIT|false
08:23:41.13 (13515119)|CUMULATIVE_LIMIT_USAGE
08:23:41.13 (13515119)|LIMIT_USAGE_FOR_NS|(default)|
  Number of SOQL queries: 0 out of 100
  Number of query rows: 0 out of 50000
  Number of SOSL queries: 0 out of 20
  Number of DML statements: 0 out of 150
  Number of DML rows: 0 out of 10000
  Maximum CPU time: 0 out of 10000
  Maximum heap size: 0 out of 6000000
  Number of callouts: 0 out of 100
  Number of Email Invocations: 0 out of 10
  Number of future calls: 0 out of 50
  Number of queueable jobs added to the queue: 0 out of 50
  Number of Mobile Apex push calls: 0 out of 10

08:23:41.13 (13515119)|CUMULATIVE_LIMIT_USAGE_END

08:23:41.1 (13548546)|CODE_UNIT_FINISHED|execute_anonymous_apex
08:23:41.1 (14477940)|EXECUTION_FINISHED
