44.0 APEX_CODE,FINEST;APEX_PROFILING,INFO;CALLOUT,INFO;DB,INFO;NBA,INFO;SYSTEM,DEBUG;VALIDATION,INFO;VISUALFORCE,INFO;WAVE,INFO;WORKFLOW,INFO
Execute Anonymous: Array_Operations obj_Arr_opp = new Array_Operations();
Execute Anonymous: obj_Arr_opp.Perform_Operation(); 
07:27:18.1 (1288639)|USER_INFO|[EXTERNAL]|0056F00000ATCAZ|ayman.shaikh@gmail.com|Pacific Standard Time|GMT-07:00
07:27:18.1 (1310888)|EXECUTION_STARTED
07:27:18.1 (1314693)|CODE_UNIT_STARTED|[EXTERNAL]|execute_anonymous_apex
07:27:18.1 (2497872)|VARIABLE_SCOPE_BEGIN|[1]|obj_Arr_opp|Array_Operations|true|false
07:27:18.1 (2613320)|HEAP_ALLOCATE|[72]|Bytes:3
07:27:18.1 (2643161)|HEAP_ALLOCATE|[77]|Bytes:152
07:27:18.1 (2656061)|HEAP_ALLOCATE|[342]|Bytes:408
07:27:18.1 (2667404)|HEAP_ALLOCATE|[355]|Bytes:408
07:27:18.1 (2677382)|HEAP_ALLOCATE|[467]|Bytes:48
07:27:18.1 (2700096)|HEAP_ALLOCATE|[139]|Bytes:6
07:27:18.1 (2722347)|HEAP_ALLOCATE|[EXTERNAL]|Bytes:3
07:27:18.1 (2751745)|STATEMENT_EXECUTE|[1]
07:27:18.1 (2754782)|STATEMENT_EXECUTE|[1]
07:27:18.1 (2758275)|HEAP_ALLOCATE|[1]|Bytes:1
07:27:18.1 (2788499)|METHOD_ENTRY|[1]|01p6F00000MPtB2|Array_Operations.Array_Operations()
07:27:18.1 (2793897)|STATEMENT_EXECUTE|[1]
07:27:18.1 (2797649)|STATEMENT_EXECUTE|[1]
07:27:18.1 (2823388)|HEAP_ALLOCATE|[50]|Bytes:5
07:27:18.1 (2844343)|HEAP_ALLOCATE|[56]|Bytes:5
07:27:18.1 (2852165)|HEAP_ALLOCATE|[64]|Bytes:7
07:27:18.1 (2866990)|SYSTEM_MODE_ENTER|false
07:27:18.1 (2877343)|HEAP_ALLOCATE|[1]|Bytes:5
07:27:18.1 (2883444)|SYSTEM_MODE_EXIT|false
07:27:18.1 (2892266)|METHOD_EXIT|[1]|Array_Operations
07:27:18.1 (2905163)|HEAP_ALLOCATE|[1]|Bytes:4
07:27:18.1 (2925551)|SYSTEM_MODE_ENTER|false
07:27:18.1 (2945982)|HEAP_ALLOCATE|[1]|Bytes:5
07:27:18.1 (2957102)|CONSTRUCTOR_ENTRY|[1]|01p6F00000MPtB2|<init>()|Array_Operations
07:27:18.1 (2981771)|VARIABLE_SCOPE_BEGIN|[1]|this|Array_Operations|true|false
07:27:18.1 (3023525)|VARIABLE_ASSIGNMENT|[1]|this|{}|0x49aa1484
07:27:18.1 (3034559)|HEAP_ALLOCATE|[EXTERNAL]|Bytes:5
07:27:18.1 (3042999)|HEAP_ALLOCATE|[EXTERNAL]|Bytes:6
07:27:18.1 (3076499)|STATEMENT_EXECUTE|[1]
07:27:18.1 (3080573)|HEAP_ALLOCATE|[EXTERNAL]|Bytes:5
07:27:18.1 (3087959)|CONSTRUCTOR_EXIT|[1]|01p6F00000MPtB2|<init>()|Array_Operations
07:27:18.1 (3094671)|SYSTEM_MODE_EXIT|false
07:27:18.1 (3112954)|VARIABLE_ASSIGNMENT|[1]|obj_Arr_opp|{}|0x49aa1484
07:27:18.1 (3119398)|STATEMENT_EXECUTE|[2]
07:27:18.1 (3138415)|SYSTEM_MODE_ENTER|false
07:27:18.1 (3153003)|HEAP_ALLOCATE|[2]|Bytes:5
07:27:18.1 (3176096)|METHOD_ENTRY|[2]|01p6F00000MPtB2|Array_Operations.Perform_Operation()
07:27:18.1 (3197533)|VARIABLE_SCOPE_BEGIN|[2]|this|Array_Operations|true|false
07:27:18.1 (3211827)|VARIABLE_ASSIGNMENT|[2]|this|{}|0x49aa1484
07:27:18.1 (3222000)|HEAP_ALLOCATE|[3]|Bytes:5
07:27:18.1 (3226435)|STATEMENT_EXECUTE|[2]
07:27:18.1 (3227982)|STATEMENT_EXECUTE|[3]
07:27:18.1 (3268495)|HEAP_ALLOCATE|[3]|Bytes:4
07:27:18.1 (3310037)|VARIABLE_SCOPE_BEGIN|[3]|myList|List<Integer>|true|false
07:27:18.1 (3343600)|HEAP_ALLOCATE|[EXTERNAL]|Bytes:4
07:27:18.1 (3355667)|VARIABLE_ASSIGNMENT|[3]|myList|[]|0x483396c6
07:27:18.1 (3362023)|STATEMENT_EXECUTE|[6]
07:27:18.1 (4026834)|HEAP_ALLOCATE|[6]|Bytes:31
07:27:18.1 (4052899)|METHOD_EXIT|[2]|01p6F00000MPtB2|Array_Operations.Perform_Operation()
07:27:18.1 (4059444)|SYSTEM_MODE_EXIT|false
07:27:18.1 (4160473)|FATAL_ERROR|System.ListException: List index out of bounds: 0

Class.Array_Operations.Perform_Operation: line 6, column 1
AnonymousBlock: line 2, column 1
AnonymousBlock: line 2, column 1
07:27:18.4 (4209375)|CUMULATIVE_LIMIT_USAGE
07:27:18.4 (4209375)|LIMIT_USAGE_FOR_NS|(default)|
  Number of SOQL queries: 0 out of 100
  Number of query rows: 0 out of 50000
  Number of SOSL queries: 0 out of 20
  Number of DML statements: 0 out of 150
  Number of DML rows: 0 out of 10000
  Maximum CPU time: 0 out of 10000
  Maximum heap size: 0 out of 6000000
  Number of callouts: 0 out of 100
  Number of Email Invocations: 0 out of 10
  Number of future calls: 0 out of 50
  Number of queueable jobs added to the queue: 0 out of 50
  Number of Mobile Apex push calls: 0 out of 10

07:27:18.4 (4209375)|CUMULATIVE_LIMIT_USAGE_END

07:27:18.1 (4243795)|CODE_UNIT_FINISHED|execute_anonymous_apex
07:27:18.1 (5066891)|EXECUTION_FINISHED
