44.0 APEX_CODE,FINEST;APEX_PROFILING,INFO;CALLOUT,INFO;DB,INFO;NBA,INFO;SYSTEM,DEBUG;VALIDATION,INFO;VISUALFORCE,INFO;WAVE,INFO;WORKFLOW,INFO
Execute Anonymous: ParentClass obj1, obj2;
Execute Anonymous: obj1 = new ParentClass();
Execute Anonymous: obj1.write();
Execute Anonymous: obj2 = new ChildClass();
Execute Anonymous: obj2.write();
Execute Anonymous: obj2.ParentClassAdd();
06:49:30.1 (1405285)|USER_INFO|[EXTERNAL]|0056F00000ATCAZ|ayman.shaikh@gmail.com|Pacific Standard Time|GMT-07:00
06:49:30.1 (1432813)|EXECUTION_STARTED
06:49:30.1 (1439264)|CODE_UNIT_STARTED|[EXTERNAL]|execute_anonymous_apex
06:49:30.1 (17598444)|VARIABLE_SCOPE_BEGIN|[1]|obj1|ParentClass|true|false
06:49:30.1 (17621031)|VARIABLE_SCOPE_BEGIN|[1]|obj2|ParentClass|true|false
06:49:30.1 (17748840)|HEAP_ALLOCATE|[72]|Bytes:3
06:49:30.1 (17783041)|HEAP_ALLOCATE|[77]|Bytes:152
06:49:30.1 (17796129)|HEAP_ALLOCATE|[342]|Bytes:408
06:49:30.1 (17807849)|HEAP_ALLOCATE|[355]|Bytes:408
06:49:30.1 (17818763)|HEAP_ALLOCATE|[467]|Bytes:48
06:49:30.1 (17844001)|HEAP_ALLOCATE|[139]|Bytes:6
06:49:30.1 (17875062)|HEAP_ALLOCATE|[EXTERNAL]|Bytes:11
06:49:30.1 (17916586)|STATEMENT_EXECUTE|[1]
06:49:30.1 (17919469)|STATEMENT_EXECUTE|[1]
06:49:30.1 (17942515)|VARIABLE_ASSIGNMENT|[1]|obj1|null|
06:49:30.1 (17948033)|STATEMENT_EXECUTE|[1]
06:49:30.1 (17953838)|VARIABLE_ASSIGNMENT|[1]|obj2|null|
06:49:30.1 (17957053)|STATEMENT_EXECUTE|[2]
06:49:30.1 (17960846)|HEAP_ALLOCATE|[2]|Bytes:3
06:49:30.1 (17965580)|HEAP_ALLOCATE|[2]|Bytes:4
06:49:30.1 (17991333)|METHOD_ENTRY|[1]|01p6F00000MR10y|ParentClass.ParentClass()
06:49:30.1 (17997033)|STATEMENT_EXECUTE|[1]
06:49:30.1 (18000980)|STATEMENT_EXECUTE|[1]
06:49:30.1 (18006350)|METHOD_EXIT|[1]|ParentClass
06:49:30.1 (18019898)|HEAP_ALLOCATE|[2]|Bytes:4
06:49:30.1 (18049300)|HEAP_ALLOCATE|[50]|Bytes:5
06:49:30.1 (18068347)|HEAP_ALLOCATE|[56]|Bytes:5
06:49:30.1 (18075491)|HEAP_ALLOCATE|[64]|Bytes:7
06:49:30.1 (18092585)|SYSTEM_MODE_ENTER|false
06:49:30.1 (18124277)|HEAP_ALLOCATE|[2]|Bytes:5
06:49:30.1 (18135661)|CONSTRUCTOR_ENTRY|[2]|01p6F00000MR10y|<init>()|ParentClass
06:49:30.1 (18161366)|VARIABLE_SCOPE_BEGIN|[1]|this|ParentClass|true|false
06:49:30.1 (18190562)|VARIABLE_ASSIGNMENT|[1]|this|{}|0x763eacd6
06:49:30.1 (18200792)|HEAP_ALLOCATE|[EXTERNAL]|Bytes:6
06:49:30.1 (18232411)|STATEMENT_EXECUTE|[1]
06:49:30.1 (18236974)|CONSTRUCTOR_EXIT|[2]|01p6F00000MR10y|<init>()|ParentClass
06:49:30.1 (18247272)|SYSTEM_MODE_EXIT|false
06:49:30.1 (18262357)|VARIABLE_ASSIGNMENT|[2]|obj1|{}|0x763eacd6
06:49:30.1 (18267625)|STATEMENT_EXECUTE|[3]
06:49:30.1 (18287082)|SYSTEM_MODE_ENTER|false
06:49:30.1 (18302739)|HEAP_ALLOCATE|[3]|Bytes:5
06:49:30.1 (18325303)|METHOD_ENTRY|[3]|01p6F00000MR10y|ParentClass.write()
06:49:30.1 (18346691)|VARIABLE_SCOPE_BEGIN|[3]|this|ParentClass|true|false
06:49:30.1 (18361738)|VARIABLE_ASSIGNMENT|[3]|this|{}|0x763eacd6
06:49:30.1 (18370190)|STATEMENT_EXECUTE|[3]
06:49:30.1 (18371771)|STATEMENT_EXECUTE|[5]
06:49:30.1 (18374823)|HEAP_ALLOCATE|[5]|Bytes:20
06:49:30.1 (18433936)|USER_DEBUG|[5]|DEBUG|This is Parent Class
06:49:30.1 (18446754)|METHOD_EXIT|[3]|01p6F00000MR10y|ParentClass.write()
06:49:30.1 (18453359)|SYSTEM_MODE_EXIT|false
06:49:30.1 (18458736)|STATEMENT_EXECUTE|[4]
06:49:30.1 (26321594)|HEAP_ALLOCATE|[4]|Bytes:1
06:49:30.1 (26337271)|HEAP_ALLOCATE|[4]|Bytes:1
06:49:30.1 (26356716)|METHOD_ENTRY|[1]|01p6F00000MR2GO|ChildClass.ChildClass()
06:49:30.1 (26363416)|STATEMENT_EXECUTE|[1]
06:49:30.1 (26369871)|STATEMENT_EXECUTE|[1]
06:49:30.1 (26374276)|METHOD_EXIT|[1]|ChildClass
06:49:30.1 (26387592)|HEAP_ALLOCATE|[4]|Bytes:4
06:49:30.1 (26414594)|SYSTEM_MODE_ENTER|false
06:49:30.1 (26434032)|HEAP_ALLOCATE|[4]|Bytes:5
06:49:30.1 (26445999)|CONSTRUCTOR_ENTRY|[4]|01p6F00000MR2GO|<init>()|ChildClass
06:49:30.1 (26470967)|VARIABLE_SCOPE_BEGIN|[1]|this|ChildClass|true|false
06:49:30.1 (26500621)|VARIABLE_ASSIGNMENT|[1]|this|{}|0x4da5de87
06:49:30.1 (26512635)|CONSTRUCTOR_ENTRY|[EXTERNAL]|01p6F00000MR10y|<init>()|ParentClass
06:49:30.1 (26524847)|VARIABLE_SCOPE_BEGIN|[1]|this|ParentClass|true|false
06:49:30.1 (26537502)|VARIABLE_ASSIGNMENT|[1]|this|{}|0x4da5de87
06:49:30.1 (26557806)|STATEMENT_EXECUTE|[1]
06:49:30.1 (26561692)|CONSTRUCTOR_EXIT|[EXTERNAL]|01p6F00000MR10y|<init>()|ParentClass
06:49:30.1 (26567755)|STATEMENT_EXECUTE|[1]
06:49:30.1 (26570222)|CONSTRUCTOR_EXIT|[4]|01p6F00000MR2GO|<init>()|ChildClass
06:49:30.1 (26578876)|SYSTEM_MODE_EXIT|false
06:49:30.1 (26599770)|VARIABLE_ASSIGNMENT|[4]|obj2|{}|0x4da5de87
06:49:30.1 (26605569)|STATEMENT_EXECUTE|[5]
06:49:30.1 (26624828)|SYSTEM_MODE_ENTER|false
06:49:30.1 (26636416)|HEAP_ALLOCATE|[5]|Bytes:5
06:49:30.1 (26657397)|METHOD_ENTRY|[5]|01p6F00000MR2GO|ChildClass.write()
06:49:30.1 (26682761)|VARIABLE_SCOPE_BEGIN|[2]|this|ChildClass|true|false
06:49:30.1 (26697667)|VARIABLE_ASSIGNMENT|[2]|this|{}|0x4da5de87
06:49:30.1 (26704592)|STATEMENT_EXECUTE|[2]
06:49:30.1 (26706218)|STATEMENT_EXECUTE|[4]
06:49:30.1 (26709562)|HEAP_ALLOCATE|[4]|Bytes:19
06:49:30.1 (26749935)|USER_DEBUG|[4]|DEBUG|This is ChildClass.
06:49:30.1 (26761635)|METHOD_EXIT|[5]|01p6F00000MR2GO|ChildClass.write()
06:49:30.1 (26767202)|SYSTEM_MODE_EXIT|false
06:49:30.1 (26772094)|STATEMENT_EXECUTE|[6]
06:49:30.1 (26787702)|SYSTEM_MODE_ENTER|false
06:49:30.1 (26798223)|HEAP_ALLOCATE|[6]|Bytes:5
06:49:30.1 (26807543)|METHOD_ENTRY|[6]|01p6F00000MR10y|ParentClass.ParentClassAdd()
06:49:30.1 (26823536)|VARIABLE_SCOPE_BEGIN|[8]|this|ParentClass|true|false
06:49:30.1 (26837888)|VARIABLE_ASSIGNMENT|[8]|this|{}|0x4da5de87
06:49:30.1 (26844667)|STATEMENT_EXECUTE|[8]
06:49:30.1 (26846293)|STATEMENT_EXECUTE|[9]
06:49:30.1 (26856908)|VARIABLE_SCOPE_BEGIN|[9]|IntNum1|Integer|false|false
06:49:30.1 (26867904)|VARIABLE_ASSIGNMENT|[9]|IntNum1|null
06:49:30.1 (26871725)|STATEMENT_EXECUTE|[9]
06:49:30.1 (26873722)|VARIABLE_SCOPE_BEGIN|[9]|IntNum2|Integer|false|false
06:49:30.1 (26880799)|VARIABLE_ASSIGNMENT|[9]|IntNum2|null
06:49:30.1 (26884614)|STATEMENT_EXECUTE|[9]
06:49:30.1 (26887835)|VARIABLE_SCOPE_BEGIN|[9]|IntSum|Integer|false|false
06:49:30.1 (26893911)|HEAP_ALLOCATE|[9]|Bytes:4
06:49:30.1 (26901175)|VARIABLE_ASSIGNMENT|[9]|IntSum|0
06:49:30.1 (26905192)|STATEMENT_EXECUTE|[10]
06:49:30.1 (27052690)|HEAP_ALLOCATE|[10]|Bytes:41
06:49:30.1 (27077234)|METHOD_EXIT|[6]|01p6F00000MR10y|ParentClass.ParentClassAdd()
06:49:30.1 (27086890)|SYSTEM_MODE_EXIT|false
06:49:30.1 (27183751)|FATAL_ERROR|System.NullPointerException: Attempt to de-reference a null object

Class.ParentClass.ParentClassAdd: line 10, column 1
AnonymousBlock: line 6, column 1
AnonymousBlock: line 6, column 1
06:49:30.27 (27226600)|CUMULATIVE_LIMIT_USAGE
06:49:30.27 (27226600)|LIMIT_USAGE_FOR_NS|(default)|
  Number of SOQL queries: 0 out of 100
  Number of query rows: 0 out of 50000
  Number of SOSL queries: 0 out of 20
  Number of DML statements: 0 out of 150
  Number of DML rows: 0 out of 10000
  Maximum CPU time: 0 out of 10000
  Maximum heap size: 0 out of 6000000
  Number of callouts: 0 out of 100
  Number of Email Invocations: 0 out of 10
  Number of future calls: 0 out of 50
  Number of queueable jobs added to the queue: 0 out of 50
  Number of Mobile Apex push calls: 0 out of 10

06:49:30.27 (27226600)|CUMULATIVE_LIMIT_USAGE_END

06:49:30.1 (27262893)|CODE_UNIT_FINISHED|execute_anonymous_apex
06:49:30.1 (28085415)|EXECUTION_FINISHED
