44.0 APEX_CODE,FINEST;APEX_PROFILING,INFO;CALLOUT,INFO;DB,INFO;NBA,INFO;SYSTEM,DEBUG;VALIDATION,INFO;VISUALFORCE,INFO;WAVE,INFO;WORKFLOW,INFO
Execute Anonymous: ParentClass obj1 =  new ParentClass();
Execute Anonymous: ChildClass obj2 = new ChildClass();
Execute Anonymous: 
Execute Anonymous: obj1.write();
Execute Anonymous: 
Execute Anonymous: obj2.write();
07:19:44.1 (1355829)|USER_INFO|[EXTERNAL]|0056F00000ATCAZ|ayman.shaikh@gmail.com|Pacific Standard Time|GMT-07:00
07:19:44.1 (1383246)|EXECUTION_STARTED
07:19:44.1 (1389256)|CODE_UNIT_STARTED|[EXTERNAL]|execute_anonymous_apex
07:19:44.1 (2789959)|VARIABLE_SCOPE_BEGIN|[1]|obj1|ParentClass|true|false
07:19:44.1 (3612641)|VARIABLE_SCOPE_BEGIN|[2]|obj2|ChildClass|true|false
07:19:44.1 (3751133)|HEAP_ALLOCATE|[72]|Bytes:3
07:19:44.1 (3792362)|HEAP_ALLOCATE|[77]|Bytes:152
07:19:44.1 (3811604)|HEAP_ALLOCATE|[342]|Bytes:408
07:19:44.1 (3833992)|HEAP_ALLOCATE|[355]|Bytes:408
07:19:44.1 (3852572)|HEAP_ALLOCATE|[467]|Bytes:48
07:19:44.1 (3886735)|HEAP_ALLOCATE|[139]|Bytes:6
07:19:44.1 (3918054)|HEAP_ALLOCATE|[EXTERNAL]|Bytes:7
07:19:44.1 (3962915)|STATEMENT_EXECUTE|[1]
07:19:44.1 (3967354)|STATEMENT_EXECUTE|[1]
07:19:44.1 (3973107)|HEAP_ALLOCATE|[1]|Bytes:3
07:19:44.1 (3981167)|HEAP_ALLOCATE|[1]|Bytes:4
07:19:44.1 (4014083)|METHOD_ENTRY|[1]|01p6F00000MR10y|ParentClass.ParentClass()
07:19:44.1 (4023486)|STATEMENT_EXECUTE|[1]
07:19:44.1 (4028390)|STATEMENT_EXECUTE|[1]
07:19:44.1 (4034810)|METHOD_EXIT|[1]|ParentClass
07:19:44.1 (4052298)|HEAP_ALLOCATE|[1]|Bytes:4
07:19:44.1 (4094885)|HEAP_ALLOCATE|[50]|Bytes:5
07:19:44.1 (4118926)|HEAP_ALLOCATE|[56]|Bytes:5
07:19:44.1 (4130317)|HEAP_ALLOCATE|[64]|Bytes:7
07:19:44.1 (4155920)|SYSTEM_MODE_ENTER|false
07:19:44.1 (4195731)|HEAP_ALLOCATE|[1]|Bytes:5
07:19:44.1 (4212383)|CONSTRUCTOR_ENTRY|[1]|01p6F00000MR10y|<init>()|ParentClass
07:19:44.1 (4247800)|VARIABLE_SCOPE_BEGIN|[1]|this|ParentClass|true|false
07:19:44.1 (4295515)|VARIABLE_ASSIGNMENT|[1]|this|{}|0x3b91f91
07:19:44.1 (4311289)|HEAP_ALLOCATE|[EXTERNAL]|Bytes:6
07:19:44.1 (4353496)|STATEMENT_EXECUTE|[1]
07:19:44.1 (4361484)|CONSTRUCTOR_EXIT|[1]|01p6F00000MR10y|<init>()|ParentClass
07:19:44.1 (4377131)|SYSTEM_MODE_EXIT|false
07:19:44.1 (4404260)|VARIABLE_ASSIGNMENT|[1]|obj1|{}|0x3b91f91
07:19:44.1 (4413746)|STATEMENT_EXECUTE|[2]
07:19:44.1 (4419575)|HEAP_ALLOCATE|[2]|Bytes:1
07:19:44.1 (4426567)|HEAP_ALLOCATE|[2]|Bytes:1
07:19:44.1 (4441146)|METHOD_ENTRY|[1]|01p6F00000MR2GO|ChildClass.ChildClass()
07:19:44.1 (4448067)|STATEMENT_EXECUTE|[1]
07:19:44.1 (4451918)|STATEMENT_EXECUTE|[1]
07:19:44.1 (4456198)|METHOD_EXIT|[1]|ChildClass
07:19:44.1 (4468859)|HEAP_ALLOCATE|[2]|Bytes:4
07:19:44.1 (4499265)|SYSTEM_MODE_ENTER|false
07:19:44.1 (4527389)|HEAP_ALLOCATE|[2]|Bytes:5
07:19:44.1 (4540198)|CONSTRUCTOR_ENTRY|[2]|01p6F00000MR2GO|<init>()|ChildClass
07:19:44.1 (4563731)|VARIABLE_SCOPE_BEGIN|[1]|this|ChildClass|true|false
07:19:44.1 (4590672)|VARIABLE_ASSIGNMENT|[1]|this|{}|0x2b19a434
07:19:44.1 (4603591)|CONSTRUCTOR_ENTRY|[EXTERNAL]|01p6F00000MR10y|<init>()|ParentClass
07:19:44.1 (4617432)|VARIABLE_SCOPE_BEGIN|[1]|this|ParentClass|true|false
07:19:44.1 (4635523)|VARIABLE_ASSIGNMENT|[1]|this|{}|0x2b19a434
07:19:44.1 (4662295)|STATEMENT_EXECUTE|[1]
07:19:44.1 (4668411)|CONSTRUCTOR_EXIT|[EXTERNAL]|01p6F00000MR10y|<init>()|ParentClass
07:19:44.1 (4677565)|STATEMENT_EXECUTE|[1]
07:19:44.1 (4681840)|CONSTRUCTOR_EXIT|[2]|01p6F00000MR2GO|<init>()|ChildClass
07:19:44.1 (4694620)|SYSTEM_MODE_EXIT|false
07:19:44.1 (4718704)|VARIABLE_ASSIGNMENT|[2]|obj2|{}|0x2b19a434
07:19:44.1 (4728198)|STATEMENT_EXECUTE|[4]
07:19:44.1 (4756792)|SYSTEM_MODE_ENTER|false
07:19:44.1 (4776211)|HEAP_ALLOCATE|[4]|Bytes:5
07:19:44.1 (4809274)|METHOD_ENTRY|[4]|01p6F00000MR10y|ParentClass.write()
07:19:44.1 (4838504)|VARIABLE_SCOPE_BEGIN|[3]|this|ParentClass|true|false
07:19:44.1 (4859372)|VARIABLE_ASSIGNMENT|[3]|this|{}|0x3b91f91
07:19:44.1 (4870987)|STATEMENT_EXECUTE|[3]
07:19:44.1 (4873761)|STATEMENT_EXECUTE|[5]
07:19:44.1 (4878637)|HEAP_ALLOCATE|[5]|Bytes:20
07:19:44.1 (4944496)|USER_DEBUG|[5]|DEBUG|This is Parent Class
07:19:44.1 (4964582)|METHOD_EXIT|[4]|01p6F00000MR10y|ParentClass.write()
07:19:44.1 (4974247)|SYSTEM_MODE_EXIT|false
07:19:44.1 (4983291)|STATEMENT_EXECUTE|[6]
07:19:44.1 (5008566)|SYSTEM_MODE_ENTER|false
07:19:44.1 (5028532)|HEAP_ALLOCATE|[6]|Bytes:5
07:19:44.1 (5051879)|METHOD_ENTRY|[6]|01p6F00000MR2GO|ChildClass.write()
07:19:44.1 (5078044)|VARIABLE_SCOPE_BEGIN|[2]|this|ChildClass|true|false
07:19:44.1 (5101631)|VARIABLE_ASSIGNMENT|[2]|this|{}|0x2b19a434
07:19:44.1 (5112205)|STATEMENT_EXECUTE|[2]
07:19:44.1 (5114648)|STATEMENT_EXECUTE|[3]
07:19:44.1 (5124881)|METHOD_ENTRY|[3]|01p6F00000MR10y|ParentClass.ParentClassAdd()
07:19:44.1 (5161211)|VARIABLE_SCOPE_BEGIN|[8]|this|ParentClass|true|false
07:19:44.1 (5182467)|VARIABLE_ASSIGNMENT|[8]|this|{}|0x2b19a434
07:19:44.1 (5192006)|STATEMENT_EXECUTE|[8]
07:19:44.1 (5194501)|STATEMENT_EXECUTE|[9]
07:19:44.1 (5199216)|VARIABLE_SCOPE_BEGIN|[9]|IntNum1|Integer|false|false
07:19:44.1 (5213379)|VARIABLE_ASSIGNMENT|[9]|IntNum1|null
07:19:44.1 (5219674)|STATEMENT_EXECUTE|[9]
07:19:44.1 (5222817)|VARIABLE_SCOPE_BEGIN|[9]|IntNum2|Integer|false|false
07:19:44.1 (5234036)|VARIABLE_ASSIGNMENT|[9]|IntNum2|null
07:19:44.1 (5239588)|STATEMENT_EXECUTE|[9]
07:19:44.1 (5244154)|VARIABLE_SCOPE_BEGIN|[9]|IntSum|Integer|false|false
07:19:44.1 (5254328)|HEAP_ALLOCATE|[9]|Bytes:4
07:19:44.1 (5264287)|VARIABLE_ASSIGNMENT|[9]|IntSum|0
07:19:44.1 (5270619)|STATEMENT_EXECUTE|[10]
07:19:44.1 (5376054)|HEAP_ALLOCATE|[10]|Bytes:41
07:19:44.1 (5408597)|METHOD_EXIT|[3]|01p6F00000MR10y|ParentClass.ParentClassAdd()
07:19:44.1 (5418964)|METHOD_EXIT|[6]|01p6F00000MR2GO|ChildClass.write()
07:19:44.1 (5431058)|SYSTEM_MODE_EXIT|false
07:19:44.1 (5598861)|FATAL_ERROR|System.NullPointerException: Attempt to de-reference a null object

Class.ParentClass.ParentClassAdd: line 10, column 1
Class.ChildClass.write: line 3, column 1
AnonymousBlock: line 6, column 1
AnonymousBlock: line 6, column 1
07:19:44.5 (5674244)|CUMULATIVE_LIMIT_USAGE
07:19:44.5 (5674244)|LIMIT_USAGE_FOR_NS|(default)|
  Number of SOQL queries: 0 out of 100
  Number of query rows: 0 out of 50000
  Number of SOSL queries: 0 out of 20
  Number of DML statements: 0 out of 150
  Number of DML rows: 0 out of 10000
  Maximum CPU time: 0 out of 10000
  Maximum heap size: 0 out of 6000000
  Number of callouts: 0 out of 100
  Number of Email Invocations: 0 out of 10
  Number of future calls: 0 out of 50
  Number of queueable jobs added to the queue: 0 out of 50
  Number of Mobile Apex push calls: 0 out of 10

07:19:44.5 (5674244)|CUMULATIVE_LIMIT_USAGE_END

07:19:44.1 (5722161)|CODE_UNIT_FINISHED|execute_anonymous_apex
07:19:44.1 (6767994)|EXECUTION_FINISHED
