43.0 APEX_CODE,FINEST;APEX_PROFILING,INFO;CALLOUT,INFO;DB,INFO;NBA,INFO;SYSTEM,DEBUG;VALIDATION,INFO;VISUALFORCE,INFO;WAVE,INFO;WORKFLOW,INFO
Execute Anonymous: ParentToChild objParentToChild = new ParentToChild();
Execute Anonymous: objParentToChild.AccountToOpp();
Execute Anonymous: 
08:06:05.17 (17979410)|USER_INFO|[EXTERNAL]|0056F00000ATCAZ|ayman.shaikh@gmail.com|Pacific Standard Time|GMT-08:00
08:06:05.17 (18001000)|EXECUTION_STARTED
08:06:05.17 (18005755)|CODE_UNIT_STARTED|[EXTERNAL]|execute_anonymous_apex
08:06:05.17 (19178368)|VARIABLE_SCOPE_BEGIN|[1]|objParentToChild|ParentToChild|true|false
08:06:05.17 (19292521)|HEAP_ALLOCATE|[72]|Bytes:3
08:06:05.17 (19331725)|HEAP_ALLOCATE|[77]|Bytes:152
08:06:05.17 (19345732)|HEAP_ALLOCATE|[342]|Bytes:408
08:06:05.17 (19358049)|HEAP_ALLOCATE|[355]|Bytes:408
08:06:05.17 (19368073)|HEAP_ALLOCATE|[467]|Bytes:48
08:06:05.17 (19394017)|HEAP_ALLOCATE|[139]|Bytes:6
08:06:05.17 (19409676)|HEAP_ALLOCATE|[EXTERNAL]|Bytes:3
08:06:05.17 (19433753)|STATEMENT_EXECUTE|[1]
08:06:05.17 (19436833)|STATEMENT_EXECUTE|[1]
08:06:05.17 (19440572)|HEAP_ALLOCATE|[1]|Bytes:7
08:06:05.17 (19445420)|HEAP_ALLOCATE|[1]|Bytes:8
08:06:05.17 (19471266)|METHOD_ENTRY|[1]|01p6F00000MRjNH|ParentToChild.ParentToChild()
08:06:05.17 (19478408)|STATEMENT_EXECUTE|[1]
08:06:05.17 (19482348)|STATEMENT_EXECUTE|[1]
08:06:05.17 (19487744)|METHOD_EXIT|[1]|ParentToChild
08:06:05.17 (19504898)|HEAP_ALLOCATE|[1]|Bytes:4
08:06:05.17 (19535258)|HEAP_ALLOCATE|[50]|Bytes:5
08:06:05.17 (19556710)|HEAP_ALLOCATE|[56]|Bytes:5
08:06:05.17 (19565929)|HEAP_ALLOCATE|[64]|Bytes:7
08:06:05.17 (19581591)|SYSTEM_MODE_ENTER|false
08:06:05.17 (19609557)|HEAP_ALLOCATE|[1]|Bytes:5
08:06:05.17 (19620370)|CONSTRUCTOR_ENTRY|[1]|01p6F00000MRjNH|<init>()|ParentToChild
08:06:05.17 (19643105)|VARIABLE_SCOPE_BEGIN|[1]|this|ParentToChild|true|false
08:06:05.17 (19686367)|VARIABLE_ASSIGNMENT|[1]|this|{}|0x1f71ef8a
08:06:05.17 (19696665)|HEAP_ALLOCATE|[EXTERNAL]|Bytes:6
08:06:05.17 (19727009)|STATEMENT_EXECUTE|[1]
08:06:05.17 (19731393)|CONSTRUCTOR_EXIT|[1]|01p6F00000MRjNH|<init>()|ParentToChild
08:06:05.17 (19742013)|SYSTEM_MODE_EXIT|false
08:06:05.17 (19762860)|VARIABLE_ASSIGNMENT|[1]|objParentToChild|{}|0x1f71ef8a
08:06:05.17 (19768421)|STATEMENT_EXECUTE|[2]
08:06:05.17 (19787744)|SYSTEM_MODE_ENTER|false
08:06:05.17 (19801872)|HEAP_ALLOCATE|[2]|Bytes:5
08:06:05.17 (19826295)|METHOD_ENTRY|[2]|01p6F00000MRjNH|ParentToChild.AccountToOpp()
08:06:05.17 (19844471)|VARIABLE_SCOPE_BEGIN|[20]|this|ParentToChild|true|false
08:06:05.17 (19857485)|VARIABLE_ASSIGNMENT|[20]|this|{}|0x1f71ef8a
08:06:05.17 (19866705)|STATEMENT_EXECUTE|[20]
08:06:05.17 (19868532)|STATEMENT_EXECUTE|[21]
08:06:05.17 (19871487)|HEAP_ALLOCATE|[21]|Bytes:102
08:06:05.17 (19892891)|HEAP_ALLOCATE|[21]|Bytes:4
08:06:05.17 (20271495)|SOQL_EXECUTE_BEGIN|[21]|Aggregations:1|SELECT Id, Name, (SELECT Id, StageName FROM Opportunities WHERE StageName = 'Closed Won') FROM Account
08:06:05.17 (29188331)|SOQL_EXECUTE_END|[21]|Rows:18
08:06:05.17 (29250078)|HEAP_ALLOCATE|[21]|Bytes:76
08:06:05.17 (29313928)|HEAP_ALLOCATE|[21]|Bytes:2845
08:06:05.17 (29414533)|HEAP_ALLOCATE|[21]|Bytes:76
08:06:05.17 (29431289)|VARIABLE_SCOPE_BEGIN|[21]|AccList|List<Account>|true|false
08:06:05.17 (29456292)|VARIABLE_ASSIGNMENT|[21]|AccList|"List of size 18 too large to display"|0x61491cd5
08:06:05.17 (29463640)|STATEMENT_EXECUTE|[35]
08:06:05.17 (29575019)|USER_DEBUG|[35]|DEBUG|(Account:{Id=0016F00002o0fjCQAQ, Name=sForce}, Account:{Id=0016F00002o0fj8QAA, Name=University of Arizona}, Account:{Id=0016F00002o0fj6QAA, Name=United Oil & Gas Corp.}, Account:{Id=0016F00002o0fjBQAQ, Name=GenePoint}, Account:{Id=0016F00002o0fj9QAA, Name=United Oil & Gas, UK}, Account:{Id=0016F00002o0fjAQAQ, Name=United Oil & Gas, Singapore}, Account:{Id=0016F00002o0fj1QAA, Name=Edge Communications}, Account:{Id=0016F00002o0fj2QAA, Name=Burlington Textiles Corp of America}, Account:{Id=0016F00002o0fj3QAA, Name=Pyramid Construction Inc.}, Account:{Id=0016F00002o0fj4QAA, Name=Dickenson plc}, ...)
08:06:05.17 (29597376)|METHOD_EXIT|[2]|01p6F00000MRjNH|ParentToChild.AccountToOpp()
08:06:05.17 (29605270)|SYSTEM_MODE_EXIT|false
08:06:05.29 (29645697)|CUMULATIVE_LIMIT_USAGE
08:06:05.29 (29645697)|LIMIT_USAGE_FOR_NS|(default)|
  Number of SOQL queries: 1 out of 100
  Number of query rows: 39 out of 50000
  Number of SOSL queries: 0 out of 20
  Number of DML statements: 0 out of 150
  Number of DML rows: 0 out of 10000
  Maximum CPU time: 0 out of 10000
  Maximum heap size: 0 out of 6000000
  Number of callouts: 0 out of 100
  Number of Email Invocations: 0 out of 10
  Number of future calls: 0 out of 50
  Number of queueable jobs added to the queue: 0 out of 50
  Number of Mobile Apex push calls: 0 out of 10

08:06:05.29 (29645697)|CUMULATIVE_LIMIT_USAGE_END

08:06:05.17 (29689250)|CODE_UNIT_FINISHED|execute_anonymous_apex
08:06:05.17 (31316447)|EXECUTION_FINISHED
