44.0 APEX_CODE,FINEST;APEX_PROFILING,INFO;CALLOUT,INFO;DB,INFO;NBA,INFO;SYSTEM,DEBUG;VALIDATION,INFO;VISUALFORCE,INFO;WAVE,INFO;WORKFLOW,INFO
Execute Anonymous: AccountCreatedDate objAccountCreatedDate = new AccountCreatedDate();
Execute Anonymous: objAccountCreatedDate.create();
04:49:40.1 (1072135)|USER_INFO|[EXTERNAL]|0056F00000ATCAZ|ayman.shaikh@gmail.com|Pacific Standard Time|GMT-07:00
04:49:40.1 (1091979)|EXECUTION_STARTED
04:49:40.1 (1096738)|CODE_UNIT_STARTED|[EXTERNAL]|execute_anonymous_apex
04:49:40.1 (2054628)|VARIABLE_SCOPE_BEGIN|[1]|objAccountCreatedDate|AccountCreatedDate|true|false
04:49:40.1 (2181548)|HEAP_ALLOCATE|[72]|Bytes:3
04:49:40.1 (2231890)|HEAP_ALLOCATE|[77]|Bytes:152
04:49:40.1 (2247587)|HEAP_ALLOCATE|[342]|Bytes:408
04:49:40.1 (2259246)|HEAP_ALLOCATE|[355]|Bytes:408
04:49:40.1 (2269688)|HEAP_ALLOCATE|[467]|Bytes:48
04:49:40.1 (2298653)|HEAP_ALLOCATE|[139]|Bytes:6
04:49:40.1 (2317037)|HEAP_ALLOCATE|[EXTERNAL]|Bytes:3
04:49:40.1 (2345785)|STATEMENT_EXECUTE|[1]
04:49:40.1 (2348926)|STATEMENT_EXECUTE|[1]
04:49:40.1 (2352486)|HEAP_ALLOCATE|[1]|Bytes:1
04:49:40.1 (2357584)|HEAP_ALLOCATE|[1]|Bytes:1
04:49:40.1 (2380845)|METHOD_ENTRY|[1]|01p6F00000MRIDS|AccountCreatedDate.AccountCreatedDate()
04:49:40.1 (2386637)|STATEMENT_EXECUTE|[1]
04:49:40.1 (2389808)|STATEMENT_EXECUTE|[1]
04:49:40.1 (2415802)|HEAP_ALLOCATE|[50]|Bytes:5
04:49:40.1 (2440239)|HEAP_ALLOCATE|[56]|Bytes:5
04:49:40.1 (2447520)|HEAP_ALLOCATE|[64]|Bytes:7
04:49:40.1 (2463564)|SYSTEM_MODE_ENTER|false
04:49:40.1 (2478203)|HEAP_ALLOCATE|[1]|Bytes:5
04:49:40.1 (2485322)|SYSTEM_MODE_EXIT|false
04:49:40.1 (2493695)|METHOD_EXIT|[1]|AccountCreatedDate
04:49:40.1 (2506604)|HEAP_ALLOCATE|[1]|Bytes:4
04:49:40.1 (2550187)|SYSTEM_MODE_ENTER|false
04:49:40.1 (2571884)|HEAP_ALLOCATE|[1]|Bytes:5
04:49:40.1 (2583948)|CONSTRUCTOR_ENTRY|[1]|01p6F00000MRIDS|<init>()|AccountCreatedDate
04:49:40.1 (2608197)|VARIABLE_SCOPE_BEGIN|[1]|this|AccountCreatedDate|true|false
04:49:40.1 (2645323)|VARIABLE_ASSIGNMENT|[1]|this|{}|0x4301dba3
04:49:40.1 (2655959)|HEAP_ALLOCATE|[EXTERNAL]|Bytes:5
04:49:40.1 (2663743)|HEAP_ALLOCATE|[EXTERNAL]|Bytes:6
04:49:40.1 (2696459)|STATEMENT_EXECUTE|[1]
04:49:40.1 (2700795)|HEAP_ALLOCATE|[EXTERNAL]|Bytes:5
04:49:40.1 (2708792)|CONSTRUCTOR_EXIT|[1]|01p6F00000MRIDS|<init>()|AccountCreatedDate
04:49:40.1 (2715940)|SYSTEM_MODE_EXIT|false
04:49:40.1 (2732197)|VARIABLE_ASSIGNMENT|[1]|objAccountCreatedDate|{}|0x4301dba3
04:49:40.1 (2738628)|STATEMENT_EXECUTE|[2]
04:49:40.1 (2758332)|SYSTEM_MODE_ENTER|false
04:49:40.1 (2773298)|HEAP_ALLOCATE|[2]|Bytes:5
04:49:40.1 (2795032)|METHOD_ENTRY|[2]|01p6F00000MRIDS|AccountCreatedDate.create()
04:49:40.1 (2816344)|VARIABLE_SCOPE_BEGIN|[2]|this|AccountCreatedDate|true|false
04:49:40.1 (2829954)|VARIABLE_ASSIGNMENT|[2]|this|{}|0x4301dba3
04:49:40.1 (2842284)|HEAP_ALLOCATE|[4]|Bytes:5
04:49:40.1 (2847077)|STATEMENT_EXECUTE|[2]
04:49:40.1 (2848833)|STATEMENT_EXECUTE|[4]
04:49:40.1 (2851643)|HEAP_ALLOCATE|[4]|Bytes:50
04:49:40.1 (2879999)|HEAP_ALLOCATE|[4]|Bytes:4
04:49:40.1 (3249017)|SOQL_EXECUTE_BEGIN|[4]|Aggregations:0|SELECT Name FROM Account WHERE CreatedDate = Today
04:49:40.1 (7246481)|SOQL_EXECUTE_END|[4]|Rows:1
04:49:40.1 (7271081)|HEAP_ALLOCATE|[4]|Bytes:8
04:49:40.1 (7286420)|HEAP_ALLOCATE|[4]|Bytes:41
04:49:40.1 (7379698)|HEAP_ALLOCATE|[4]|Bytes:8
04:49:40.1 (7394305)|VARIABLE_SCOPE_BEGIN|[4]|acc|List<Account>|true|false
04:49:40.1 (7445598)|VARIABLE_ASSIGNMENT|[4]|acc|[{"Name":"Aman","Id":"0016F00002yDoTnQAK"}]|0x34c33fb8
04:49:40.1 (7454053)|STATEMENT_EXECUTE|[7]
04:49:40.1 (7523950)|USER_DEBUG|[7]|DEBUG|(Account:{Name=Aman, Id=0016F00002yDoTnQAK})
04:49:40.1 (7541330)|METHOD_EXIT|[2]|01p6F00000MRIDS|AccountCreatedDate.create()
04:49:40.1 (7550677)|SYSTEM_MODE_EXIT|false
04:49:40.7 (7577274)|CUMULATIVE_LIMIT_USAGE
04:49:40.7 (7577274)|LIMIT_USAGE_FOR_NS|(default)|
  Number of SOQL queries: 1 out of 100
  Number of query rows: 1 out of 50000
  Number of SOSL queries: 0 out of 20
  Number of DML statements: 0 out of 150
  Number of DML rows: 0 out of 10000
  Maximum CPU time: 0 out of 10000
  Maximum heap size: 0 out of 6000000
  Number of callouts: 0 out of 100
  Number of Email Invocations: 0 out of 10
  Number of future calls: 0 out of 50
  Number of queueable jobs added to the queue: 0 out of 50
  Number of Mobile Apex push calls: 0 out of 10

04:49:40.7 (7577274)|CUMULATIVE_LIMIT_USAGE_END

04:49:40.1 (7608173)|CODE_UNIT_FINISHED|execute_anonymous_apex
04:49:40.1 (8657192)|EXECUTION_FINISHED
