44.0 APEX_CODE,FINEST;APEX_PROFILING,INFO;CALLOUT,INFO;DB,INFO;NBA,INFO;SYSTEM,DEBUG;VALIDATION,INFO;VISUALFORCE,INFO;WAVE,INFO;WORKFLOW,INFO
Execute Anonymous: Simple_Interest um=new Simple_Interest();
Execute Anonymous: um.calculateSI(5000,2,4);
06:54:56.1 (1150767)|USER_INFO|[EXTERNAL]|0056F00000ATCAZ|ayman.shaikh@gmail.com|Pacific Standard Time|GMT-07:00
06:54:56.1 (1170905)|EXECUTION_STARTED
06:54:56.1 (1175269)|CODE_UNIT_STARTED|[EXTERNAL]|execute_anonymous_apex
06:54:56.1 (9490369)|VARIABLE_SCOPE_BEGIN|[1]|um|Simple_Interest|true|false
06:54:56.1 (9612378)|HEAP_ALLOCATE|[72]|Bytes:3
06:54:56.1 (9648868)|HEAP_ALLOCATE|[77]|Bytes:152
06:54:56.1 (9664268)|HEAP_ALLOCATE|[342]|Bytes:408
06:54:56.1 (9677644)|HEAP_ALLOCATE|[355]|Bytes:408
06:54:56.1 (9688323)|HEAP_ALLOCATE|[467]|Bytes:48
06:54:56.1 (9712076)|HEAP_ALLOCATE|[139]|Bytes:6
06:54:56.1 (9734981)|HEAP_ALLOCATE|[EXTERNAL]|Bytes:3
06:54:56.1 (9771553)|STATEMENT_EXECUTE|[1]
06:54:56.1 (9778436)|STATEMENT_EXECUTE|[1]
06:54:56.1 (9785315)|HEAP_ALLOCATE|[1]|Bytes:1
06:54:56.1 (9792983)|HEAP_ALLOCATE|[1]|Bytes:1
06:54:56.1 (9818283)|METHOD_ENTRY|[1]|01p6F00000MPcgU|Simple_Interest.Simple_Interest()
06:54:56.1 (9824125)|STATEMENT_EXECUTE|[1]
06:54:56.1 (9827555)|STATEMENT_EXECUTE|[1]
06:54:56.1 (9853122)|HEAP_ALLOCATE|[50]|Bytes:5
06:54:56.1 (9875044)|HEAP_ALLOCATE|[56]|Bytes:5
06:54:56.1 (9883771)|HEAP_ALLOCATE|[64]|Bytes:7
06:54:56.1 (9899886)|SYSTEM_MODE_ENTER|false
06:54:56.1 (9911652)|HEAP_ALLOCATE|[1]|Bytes:5
06:54:56.1 (9918967)|SYSTEM_MODE_EXIT|false
06:54:56.1 (9927129)|METHOD_EXIT|[1]|Simple_Interest
06:54:56.1 (9940131)|HEAP_ALLOCATE|[1]|Bytes:4
06:54:56.1 (9961602)|SYSTEM_MODE_ENTER|false
06:54:56.1 (9984884)|HEAP_ALLOCATE|[1]|Bytes:5
06:54:56.1 (9995241)|CONSTRUCTOR_ENTRY|[1]|01p6F00000MPcgU|<init>()|Simple_Interest
06:54:56.1 (10020762)|VARIABLE_SCOPE_BEGIN|[1]|this|Simple_Interest|true|false
06:54:56.1 (10059755)|VARIABLE_ASSIGNMENT|[1]|this|{}|0x6c58c154
06:54:56.1 (10069597)|HEAP_ALLOCATE|[EXTERNAL]|Bytes:5
06:54:56.1 (10077835)|HEAP_ALLOCATE|[EXTERNAL]|Bytes:6
06:54:56.1 (10112016)|STATEMENT_EXECUTE|[1]
06:54:56.1 (10116318)|HEAP_ALLOCATE|[EXTERNAL]|Bytes:5
06:54:56.1 (10124279)|CONSTRUCTOR_EXIT|[1]|01p6F00000MPcgU|<init>()|Simple_Interest
06:54:56.1 (10131413)|SYSTEM_MODE_EXIT|false
06:54:56.1 (10149151)|VARIABLE_ASSIGNMENT|[1]|um|{}|0x6c58c154
06:54:56.1 (10154994)|STATEMENT_EXECUTE|[2]
06:54:56.1 (10179871)|HEAP_ALLOCATE|[2]|Bytes:28
06:54:56.1 (10194468)|HEAP_ALLOCATE|[2]|Bytes:28
06:54:56.1 (10198374)|HEAP_ALLOCATE|[2]|Bytes:28
06:54:56.1 (10218773)|SYSTEM_MODE_ENTER|false
06:54:56.1 (10233856)|HEAP_ALLOCATE|[2]|Bytes:5
06:54:56.1 (10261161)|METHOD_ENTRY|[2]|01p6F00000MPcgU|Simple_Interest.calculateSI(Decimal, Decimal, Integer)
06:54:56.1 (10287046)|VARIABLE_SCOPE_BEGIN|[2]|this|Simple_Interest|true|false
06:54:56.1 (10309755)|VARIABLE_ASSIGNMENT|[2]|this|{}|0x6c58c154
06:54:56.1 (10317511)|VARIABLE_SCOPE_BEGIN|[2]|Desimal_principle|Decimal|false|false
06:54:56.1 (10329813)|VARIABLE_ASSIGNMENT|[2]|Desimal_principle|5000
06:54:56.1 (10334511)|VARIABLE_SCOPE_BEGIN|[2]|Desimal_rate|Decimal|false|false
06:54:56.1 (10342728)|VARIABLE_ASSIGNMENT|[2]|Desimal_rate|2
06:54:56.1 (10347624)|VARIABLE_SCOPE_BEGIN|[2]|int_time|Integer|false|false
06:54:56.1 (10355967)|VARIABLE_ASSIGNMENT|[2]|int_time|4
06:54:56.1 (10366082)|HEAP_ALLOCATE|[3]|Bytes:5
06:54:56.1 (10371141)|STATEMENT_EXECUTE|[2]
06:54:56.1 (10372665)|STATEMENT_EXECUTE|[3]
06:54:56.1 (10377413)|VARIABLE_SCOPE_BEGIN|[3]|Desimal_SI|Decimal|false|false
06:54:56.1 (10386735)|VARIABLE_ASSIGNMENT|[3]|Desimal_SI|null
06:54:56.1 (10390467)|STATEMENT_EXECUTE|[5]
06:54:56.1 (10469543)|HEAP_ALLOCATE|[5]|Bytes:28
06:54:56.1 (10489293)|HEAP_ALLOCATE|[5]|Bytes:28
06:54:56.1 (10492926)|HEAP_ALLOCATE|[5]|Bytes:28
06:54:56.1 (10505071)|HEAP_ALLOCATE|[5]|Bytes:28
06:54:56.1 (10514401)|HEAP_ALLOCATE|[5]|Bytes:28
06:54:56.1 (10565187)|HEAP_ALLOCATE|[5]|Bytes:28
06:54:56.1 (10569138)|HEAP_ALLOCATE|[5]|Bytes:28
06:54:56.1 (10581948)|VARIABLE_ASSIGNMENT|[5]|Desimal_SI|400
06:54:56.1 (10586732)|STATEMENT_EXECUTE|[7]
06:54:56.1 (10621518)|USER_DEBUG|[7]|DEBUG|400
06:54:56.1 (10637185)|METHOD_EXIT|[2]|01p6F00000MPcgU|Simple_Interest.calculateSI(Decimal, Decimal, Integer)
06:54:56.1 (10643202)|SYSTEM_MODE_EXIT|false
06:54:56.10 (10675260)|CUMULATIVE_LIMIT_USAGE
06:54:56.10 (10675260)|LIMIT_USAGE_FOR_NS|(default)|
  Number of SOQL queries: 0 out of 100
  Number of query rows: 0 out of 50000
  Number of SOSL queries: 0 out of 20
  Number of DML statements: 0 out of 150
  Number of DML rows: 0 out of 10000
  Maximum CPU time: 0 out of 10000
  Maximum heap size: 0 out of 6000000
  Number of callouts: 0 out of 100
  Number of Email Invocations: 0 out of 10
  Number of future calls: 0 out of 50
  Number of queueable jobs added to the queue: 0 out of 50
  Number of Mobile Apex push calls: 0 out of 10

06:54:56.10 (10675260)|CUMULATIVE_LIMIT_USAGE_END

06:54:56.1 (10721846)|CODE_UNIT_FINISHED|execute_anonymous_apex
06:54:56.1 (11897766)|EXECUTION_FINISHED
