44.0 APEX_CODE,DEBUG;APEX_PROFILING,INFO;CALLOUT,INFO;DB,INFO;NBA,INFO;SYSTEM,DEBUG;VALIDATION,INFO;VISUALFORCE,DEBUG;WAVE,INFO;WORKFLOW,INFO
06:55:31.0 (355663)|USER_INFO|[EXTERNAL]|0056F00000ATCAZ|ayman.shaikh@gmail.com|Pacific Standard Time|GMT-07:00
06:55:31.0 (389046)|EXECUTION_STARTED
06:55:31.0 (392218)|CODE_UNIT_STARTED|[EXTERNAL]|Validation:Employee:a056F00000lKCW6
06:55:31.0 (404068)|VALIDATION_RULE|03d6F000001EXpW|Resignation_Date_rule
06:55:31.0 (568893)|VALIDATION_FORMULA|Is_on_Notice_Period__c= true && ISBLANK(Resignation_Date__c)|Is_on_Notice_Period__c=0 , Resignation_Date__c=null
06:55:31.0 (576022)|VALIDATION_PASS
06:55:31.0 (577852)|VALIDATION_RULE|03d6F000001EXr8|Restrict_DOB
06:55:31.0 (799682)|VALIDATION_FORMULA|Age__c  <= 18|Age__c=100
06:55:31.0 (805674)|VALIDATION_PASS
06:55:31.0 (806803)|VALIDATION_RULE|03d6F000001EWg3|Check_Dates
06:55:31.0 (912755)|VALIDATION_FORMULA|Last_Working_Day__c  <  Date_of_Joining__c|Last_Working_Day__c=null , Date_of_Joining__c=2018-10-01 00:00:00
06:55:31.0 (917917)|VALIDATION_PASS
06:55:31.0 (921781)|VALIDATION_RULE|03d6F000001EWfy|Notice_Period
06:55:31.0 (985320)|VALIDATION_FORMULA|Is_on_Notice_Period__c  = true && ISBLANK( Resignation_Date__c )|Is_on_Notice_Period__c=0 , Resignation_Date__c=null
06:55:31.0 (990646)|VALIDATION_PASS
06:55:31.0 (1225708)|CODE_UNIT_FINISHED|Validation:Employee:a056F00000lKCW6
06:55:31.0 (1233480)|EXECUTION_FINISHED
06:55:31.20 (20840217)|USER_INFO|[EXTERNAL]|0056F00000ATCAZ|ayman.shaikh@gmail.com|Pacific Standard Time|GMT-07:00
06:55:31.20 (20867346)|EXECUTION_STARTED
06:55:31.20 (20871557)|CODE_UNIT_STARTED|[EXTERNAL]|Workflow:01I6F000002DSKA
06:55:31.20 (30682253)|WF_RULE_EVAL_BEGIN|Workflow
06:55:31.20 (30707802)|WF_CRITERIA_BEGIN|[Employee: EMP-000052 a056F00000lKCW6]|one to one|01Q6F0000015jKG|ON_ALL_CHANGES|0
06:55:31.20 (32036775)|WF_RULE_FILTER|[Employee : Employees ID not equal to NULL]
06:55:31.20 (32058566)|WF_RULE_EVAL_VALUE|EMP-000052
06:55:31.20 (32063278)|WF_CRITERIA_END|true
06:55:31.20 (32766525)|WF_CRITERIA_BEGIN|[Employee: EMP-000052 a056F00000lKCW6]|Record deactivated|01Q6F0000015jIy|ON_CREATE_OR_TRIGGERING_UPDATE|0
06:55:31.20 (33109201)|WF_FORMULA|Formula:ENCODED:[treatNullAsNull]NOT({!ID:00N6F00000RfoKy})|Values:Is_Active__c=1
06:55:31.20 (33117694)|WF_CRITERIA_END|false
06:55:31.20 (33132706)|WF_SPOOL_ACTION_BEGIN|Workflow
06:55:31.20 (34839144)|WF_ACTION| Field Update: 1;
06:55:31.20 (34847690)|WF_RULE_EVAL_END
06:55:31.20 (34928813)|WF_ACTIONS_END| Field Update: 1;
06:55:31.20 (34938713)|CODE_UNIT_FINISHED|Workflow:01I6F000002DSKA
06:55:31.20 (34945273)|EXECUTION_FINISHED
