44.0 APEX_CODE,FINEST;APEX_PROFILING,INFO;CALLOUT,INFO;DB,INFO;NBA,INFO;SYSTEM,DEBUG;VALIDATION,INFO;VISUALFORCE,INFO;WAVE,INFO;WORKFLOW,INFO
Execute Anonymous: ParentClass obj1, obj2;
Execute Anonymous: obj1 = new ParentClass();
Execute Anonymous: obj1.write();
Execute Anonymous: obj2 = new ChildClass();
Execute Anonymous: obj2.write();
Execute Anonymous: obj2.ParentClassAdd();
05:53:00.1 (1252846)|USER_INFO|[EXTERNAL]|0056F00000ATCAZ|ayman.shaikh@gmail.com|Pacific Standard Time|GMT-07:00
05:53:00.1 (1276000)|EXECUTION_STARTED
05:53:00.1 (1281163)|CODE_UNIT_STARTED|[EXTERNAL]|execute_anonymous_apex
05:53:00.1 (2409535)|VARIABLE_SCOPE_BEGIN|[1]|obj1|ParentClass|true|false
05:53:00.1 (2424874)|VARIABLE_SCOPE_BEGIN|[1]|obj2|ParentClass|true|false
05:53:00.1 (2529637)|HEAP_ALLOCATE|[72]|Bytes:3
05:53:00.1 (2560032)|HEAP_ALLOCATE|[77]|Bytes:152
05:53:00.1 (2573077)|HEAP_ALLOCATE|[342]|Bytes:408
05:53:00.1 (2585545)|HEAP_ALLOCATE|[355]|Bytes:408
05:53:00.1 (2596064)|HEAP_ALLOCATE|[467]|Bytes:48
05:53:00.1 (2618376)|HEAP_ALLOCATE|[139]|Bytes:6
05:53:00.1 (2640796)|HEAP_ALLOCATE|[EXTERNAL]|Bytes:11
05:53:00.1 (2675173)|STATEMENT_EXECUTE|[1]
05:53:00.1 (2678416)|STATEMENT_EXECUTE|[1]
05:53:00.1 (2694464)|VARIABLE_ASSIGNMENT|[1]|obj1|null|
05:53:00.1 (2699840)|STATEMENT_EXECUTE|[1]
05:53:00.1 (2704792)|VARIABLE_ASSIGNMENT|[1]|obj2|null|
05:53:00.1 (2708044)|STATEMENT_EXECUTE|[2]
05:53:00.1 (2711372)|HEAP_ALLOCATE|[2]|Bytes:4
05:53:00.1 (2716314)|HEAP_ALLOCATE|[2]|Bytes:4
05:53:00.1 (2739249)|METHOD_ENTRY|[1]|01p6F00000MR10y|ParentClass.ParentClass()
05:53:00.1 (2744908)|STATEMENT_EXECUTE|[1]
05:53:00.1 (2748921)|STATEMENT_EXECUTE|[1]
05:53:00.1 (2753036)|METHOD_EXIT|[1]|ParentClass
05:53:00.1 (2766035)|HEAP_ALLOCATE|[2]|Bytes:4
05:53:00.1 (2793097)|HEAP_ALLOCATE|[50]|Bytes:5
05:53:00.1 (2810690)|HEAP_ALLOCATE|[56]|Bytes:5
05:53:00.1 (2818114)|HEAP_ALLOCATE|[64]|Bytes:7
05:53:00.1 (2833890)|SYSTEM_MODE_ENTER|false
05:53:00.1 (2858914)|HEAP_ALLOCATE|[2]|Bytes:5
05:53:00.1 (2868814)|CONSTRUCTOR_ENTRY|[2]|01p6F00000MR10y|<init>()|ParentClass
05:53:00.1 (2891847)|VARIABLE_SCOPE_BEGIN|[1]|this|ParentClass|true|false
05:53:00.1 (2919895)|VARIABLE_ASSIGNMENT|[1]|this|{}|0x697d8922
05:53:00.1 (2928928)|HEAP_ALLOCATE|[EXTERNAL]|Bytes:6
05:53:00.1 (2959384)|STATEMENT_EXECUTE|[1]
05:53:00.1 (2964638)|CONSTRUCTOR_EXIT|[2]|01p6F00000MR10y|<init>()|ParentClass
05:53:00.1 (2974458)|SYSTEM_MODE_EXIT|false
05:53:00.1 (2989285)|VARIABLE_ASSIGNMENT|[2]|obj1|{}|0x697d8922
05:53:00.1 (2995197)|STATEMENT_EXECUTE|[3]
05:53:00.1 (3013498)|SYSTEM_MODE_ENTER|false
05:53:00.1 (3029992)|HEAP_ALLOCATE|[3]|Bytes:5
05:53:00.1 (3051090)|METHOD_ENTRY|[3]|01p6F00000MR10y|ParentClass.write()
05:53:00.1 (3071518)|VARIABLE_SCOPE_BEGIN|[3]|this|ParentClass|true|false
05:53:00.1 (3084875)|VARIABLE_ASSIGNMENT|[3]|this|{}|0x697d8922
05:53:00.1 (3092913)|STATEMENT_EXECUTE|[3]
05:53:00.1 (3094596)|STATEMENT_EXECUTE|[5]
05:53:00.1 (3097428)|HEAP_ALLOCATE|[5]|Bytes:20
05:53:00.1 (3180824)|USER_DEBUG|[5]|DEBUG|This is Parent Class
05:53:00.1 (3194009)|METHOD_EXIT|[3]|01p6F00000MR10y|ParentClass.write()
05:53:00.1 (3199926)|SYSTEM_MODE_EXIT|false
05:53:00.1 (3205564)|STATEMENT_EXECUTE|[4]
05:53:00.1 (3801326)|HEAP_ALLOCATE|[4]|Bytes:1
05:53:00.1 (3812468)|HEAP_ALLOCATE|[4]|Bytes:1
05:53:00.1 (3828206)|METHOD_ENTRY|[1]|01p6F00000MR2GO|ChildClass.ChildClass()
05:53:00.1 (3834094)|STATEMENT_EXECUTE|[1]
05:53:00.1 (3837954)|STATEMENT_EXECUTE|[1]
05:53:00.1 (3841963)|METHOD_EXIT|[1]|ChildClass
05:53:00.1 (3853393)|HEAP_ALLOCATE|[4]|Bytes:4
05:53:00.1 (3874950)|SYSTEM_MODE_ENTER|false
05:53:00.1 (3888407)|HEAP_ALLOCATE|[4]|Bytes:5
05:53:00.1 (3896715)|CONSTRUCTOR_ENTRY|[4]|01p6F00000MR2GO|<init>()|ChildClass
05:53:00.1 (3913496)|VARIABLE_SCOPE_BEGIN|[1]|this|ChildClass|true|false
05:53:00.1 (3933600)|VARIABLE_ASSIGNMENT|[1]|this|{}|0x1832bd9c
05:53:00.1 (3942020)|CONSTRUCTOR_ENTRY|[EXTERNAL]|01p6F00000MR10y|<init>()|ParentClass
05:53:00.1 (3951358)|VARIABLE_SCOPE_BEGIN|[1]|this|ParentClass|true|false
05:53:00.1 (3963123)|VARIABLE_ASSIGNMENT|[1]|this|{}|0x1832bd9c
05:53:00.1 (3979410)|STATEMENT_EXECUTE|[1]
05:53:00.1 (3982813)|CONSTRUCTOR_EXIT|[EXTERNAL]|01p6F00000MR10y|<init>()|ParentClass
05:53:00.1 (3988319)|STATEMENT_EXECUTE|[1]
05:53:00.1 (3990767)|CONSTRUCTOR_EXIT|[4]|01p6F00000MR2GO|<init>()|ChildClass
05:53:00.1 (3998247)|SYSTEM_MODE_EXIT|false
05:53:00.1 (4014906)|VARIABLE_ASSIGNMENT|[4]|obj2|{}|0x1832bd9c
05:53:00.1 (4020988)|STATEMENT_EXECUTE|[5]
05:53:00.1 (4037663)|SYSTEM_MODE_ENTER|false
05:53:00.1 (4048174)|HEAP_ALLOCATE|[5]|Bytes:5
05:53:00.1 (4064547)|METHOD_ENTRY|[5]|01p6F00000MR2GO|ChildClass.write()
05:53:00.1 (4084964)|VARIABLE_SCOPE_BEGIN|[2]|this|ChildClass|true|false
05:53:00.1 (4097964)|VARIABLE_ASSIGNMENT|[2]|this|{}|0x1832bd9c
05:53:00.1 (4105213)|STATEMENT_EXECUTE|[2]
05:53:00.1 (4106795)|STATEMENT_EXECUTE|[4]
05:53:00.1 (4109824)|HEAP_ALLOCATE|[4]|Bytes:19
05:53:00.1 (4148282)|USER_DEBUG|[4]|DEBUG|This is ChildClass.
05:53:00.1 (4160054)|METHOD_EXIT|[5]|01p6F00000MR2GO|ChildClass.write()
05:53:00.1 (4166549)|SYSTEM_MODE_EXIT|false
05:53:00.1 (4171503)|STATEMENT_EXECUTE|[6]
05:53:00.1 (4189368)|SYSTEM_MODE_ENTER|false
05:53:00.1 (4200390)|HEAP_ALLOCATE|[6]|Bytes:5
05:53:00.1 (4209919)|METHOD_ENTRY|[6]|01p6F00000MR10y|ParentClass.ParentClassAdd()
05:53:00.1 (4225985)|VARIABLE_SCOPE_BEGIN|[11]|this|ParentClass|true|false
05:53:00.1 (4239230)|VARIABLE_ASSIGNMENT|[11]|this|{}|0x1832bd9c
05:53:00.1 (4246252)|STATEMENT_EXECUTE|[11]
05:53:00.1 (4248075)|STATEMENT_EXECUTE|[12]
05:53:00.1 (4251544)|VARIABLE_SCOPE_BEGIN|[12]|IntNum1|Integer|false|false
05:53:00.1 (4261544)|VARIABLE_ASSIGNMENT|[12]|IntNum1|null
05:53:00.1 (4265139)|STATEMENT_EXECUTE|[12]
05:53:00.1 (4267120)|VARIABLE_SCOPE_BEGIN|[12]|IntNum2|Integer|false|false
05:53:00.1 (4274504)|VARIABLE_ASSIGNMENT|[12]|IntNum2|null
05:53:00.1 (4277968)|STATEMENT_EXECUTE|[12]
05:53:00.1 (4297024)|VARIABLE_SCOPE_BEGIN|[12]|IntSum|Integer|false|false
05:53:00.1 (4303907)|HEAP_ALLOCATE|[12]|Bytes:4
05:53:00.1 (4310692)|VARIABLE_ASSIGNMENT|[12]|IntSum|0
05:53:00.1 (4316780)|STATEMENT_EXECUTE|[13]
05:53:00.1 (4354003)|HEAP_ALLOCATE|[13]|Bytes:41
05:53:00.1 (4366332)|METHOD_EXIT|[6]|01p6F00000MR10y|ParentClass.ParentClassAdd()
05:53:00.1 (4374164)|SYSTEM_MODE_EXIT|false
05:53:00.1 (4470875)|FATAL_ERROR|System.NullPointerException: Attempt to de-reference a null object

Class.ParentClass.ParentClassAdd: line 13, column 1
AnonymousBlock: line 6, column 1
AnonymousBlock: line 6, column 1
05:53:00.4 (4517478)|CUMULATIVE_LIMIT_USAGE
05:53:00.4 (4517478)|LIMIT_USAGE_FOR_NS|(default)|
  Number of SOQL queries: 0 out of 100
  Number of query rows: 0 out of 50000
  Number of SOSL queries: 0 out of 20
  Number of DML statements: 0 out of 150
  Number of DML rows: 0 out of 10000
  Maximum CPU time: 0 out of 10000
  Maximum heap size: 0 out of 6000000
  Number of callouts: 0 out of 100
  Number of Email Invocations: 0 out of 10
  Number of future calls: 0 out of 50
  Number of queueable jobs added to the queue: 0 out of 50
  Number of Mobile Apex push calls: 0 out of 10

05:53:00.4 (4517478)|CUMULATIVE_LIMIT_USAGE_END

05:53:00.1 (4549515)|CODE_UNIT_FINISHED|execute_anonymous_apex
05:53:00.1 (5391876)|EXECUTION_FINISHED
