44.0 APEX_CODE,FINEST;APEX_PROFILING,INFO;CALLOUT,INFO;DB,INFO;NBA,INFO;SYSTEM,DEBUG;VALIDATION,INFO;VISUALFORCE,INFO;WAVE,INFO;WORKFLOW,INFO
Execute Anonymous: ParentClass obj1, obj2;
Execute Anonymous: obj2.ParentClassAdd();
05:33:23.1 (1011345)|USER_INFO|[EXTERNAL]|0056F00000ATCAZ|ayman.shaikh@gmail.com|Pacific Standard Time|GMT-07:00
05:33:23.1 (1030637)|EXECUTION_STARTED
05:33:23.1 (1035613)|CODE_UNIT_STARTED|[EXTERNAL]|execute_anonymous_apex
05:33:23.1 (1210403)|VARIABLE_SCOPE_BEGIN|[1]|obj1|ParentClass|true|false
05:33:23.1 (1222689)|VARIABLE_SCOPE_BEGIN|[1]|obj2|ParentClass|true|false
05:33:23.1 (1331499)|HEAP_ALLOCATE|[72]|Bytes:3
05:33:23.1 (1364569)|HEAP_ALLOCATE|[77]|Bytes:152
05:33:23.1 (1378695)|HEAP_ALLOCATE|[342]|Bytes:408
05:33:23.1 (1393411)|HEAP_ALLOCATE|[355]|Bytes:408
05:33:23.1 (1405220)|HEAP_ALLOCATE|[467]|Bytes:48
05:33:23.1 (1431227)|HEAP_ALLOCATE|[139]|Bytes:6
05:33:23.1 (1455494)|HEAP_ALLOCATE|[EXTERNAL]|Bytes:3
05:33:23.1 (1533009)|STATEMENT_EXECUTE|[1]
05:33:23.1 (1536281)|STATEMENT_EXECUTE|[1]
05:33:23.1 (1558888)|VARIABLE_ASSIGNMENT|[1]|obj1|null|
05:33:23.1 (1564736)|STATEMENT_EXECUTE|[1]
05:33:23.1 (1570550)|VARIABLE_ASSIGNMENT|[1]|obj2|null|
05:33:23.1 (1574684)|STATEMENT_EXECUTE|[2]
05:33:23.1 (1620468)|HEAP_ALLOCATE|[50]|Bytes:5
05:33:23.1 (1640102)|HEAP_ALLOCATE|[56]|Bytes:5
05:33:23.1 (1649332)|HEAP_ALLOCATE|[64]|Bytes:7
05:33:23.1 (1667812)|SYSTEM_MODE_ENTER|false
05:33:23.1 (1700321)|HEAP_ALLOCATE|[2]|Bytes:5
05:33:23.1 (1746518)|HEAP_ALLOCATE|[2]|Bytes:41
05:33:23.1 (1761492)|SYSTEM_MODE_EXIT|false
05:33:23.1 (1869425)|FATAL_ERROR|System.NullPointerException: Attempt to de-reference a null object

AnonymousBlock: line 2, column 1
AnonymousBlock: line 2, column 1
05:33:23.1 (1916894)|CUMULATIVE_LIMIT_USAGE
05:33:23.1 (1916894)|LIMIT_USAGE_FOR_NS|(default)|
  Number of SOQL queries: 0 out of 100
  Number of query rows: 0 out of 50000
  Number of SOSL queries: 0 out of 20
  Number of DML statements: 0 out of 150
  Number of DML rows: 0 out of 10000
  Maximum CPU time: 0 out of 10000
  Maximum heap size: 0 out of 6000000
  Number of callouts: 0 out of 100
  Number of Email Invocations: 0 out of 10
  Number of future calls: 0 out of 50
  Number of queueable jobs added to the queue: 0 out of 50
  Number of Mobile Apex push calls: 0 out of 10

05:33:23.1 (1916894)|CUMULATIVE_LIMIT_USAGE_END

05:33:23.1 (1960915)|CODE_UNIT_FINISHED|execute_anonymous_apex
05:33:23.1 (2760353)|EXECUTION_FINISHED
