44.0 APEX_CODE,DEBUG;APEX_PROFILING,INFO;CALLOUT,INFO;DB,INFO;NBA,INFO;SYSTEM,DEBUG;VALIDATION,INFO;VISUALFORCE,DEBUG;WAVE,INFO;WORKFLOW,INFO
07:02:52.0 (438801)|USER_INFO|[EXTERNAL]|0056F00000ATCAZ|ayman.shaikh@gmail.com|Pacific Standard Time|GMT-07:00
07:02:52.0 (533540)|EXECUTION_STARTED
07:02:52.0 (539875)|CODE_UNIT_STARTED|[EXTERNAL]|Validation:Employee:a056F00000lJj7Z
07:02:52.0 (699724)|VALIDATION_RULE|03d6F000001EXpW|Resignation_Date_rule
07:02:52.0 (1199629)|VALIDATION_FORMULA|Is_on_Notice_Period__c= true && ISBLANK(Resignation_Date__c)|Is_on_Notice_Period__c=0 , Resignation_Date__c=null
07:02:52.0 (1238881)|VALIDATION_PASS
07:02:52.0 (1256740)|VALIDATION_RULE|03d6F000001EXr8|Restrict_DOB
07:02:52.0 (1643384)|VALIDATION_FORMULA|Age__c  <= 18|Age__c=30
07:02:52.0 (1657596)|VALIDATION_PASS
07:02:52.0 (1662942)|VALIDATION_RULE|03d6F000001EWg3|Check_Dates
07:02:52.0 (1894979)|VALIDATION_FORMULA|Last_Working_Day__c  <  Date_of_Joining__c|Last_Working_Day__c=null , Date_of_Joining__c=2018-10-03 00:00:00
07:02:52.0 (1909088)|VALIDATION_PASS
07:02:52.0 (1914032)|VALIDATION_RULE|03d6F000001EWfy|Notice_Period
07:02:52.0 (2041674)|VALIDATION_FORMULA|Is_on_Notice_Period__c  = true && ISBLANK( Resignation_Date__c )|Is_on_Notice_Period__c=0 , Resignation_Date__c=null
07:02:52.0 (2054975)|VALIDATION_PASS
07:02:52.0 (2330322)|CODE_UNIT_FINISHED|Validation:Employee:a056F00000lJj7Z
07:02:52.0 (2345617)|EXECUTION_FINISHED
07:02:52.40 (40001236)|USER_INFO|[EXTERNAL]|0056F00000ATCAZ|ayman.shaikh@gmail.com|Pacific Standard Time|GMT-07:00
07:02:52.40 (40027406)|EXECUTION_STARTED
07:02:52.40 (40031157)|CODE_UNIT_STARTED|[EXTERNAL]|Workflow:01I6F000002DSKA
07:02:52.40 (58647719)|WF_RULE_EVAL_BEGIN|Workflow
07:02:52.40 (58922705)|WF_CRITERIA_BEGIN|[Employee: EMP-000001 a056F00000lJj7Z]|one to one|01Q6F0000015jKG|ON_ALL_CHANGES|0
07:02:52.40 (60900981)|WF_RULE_FILTER|[Employee : Employees ID not equal to NULL]
07:02:52.40 (60999695)|WF_RULE_EVAL_VALUE|EMP-000001
07:02:52.40 (61088369)|WF_CRITERIA_END|true
07:02:52.40 (73031833)|WF_CRITERIA_BEGIN|[Employee: EMP-000001 a056F00000lJj7Z]|Record deactivated|01Q6F0000015jIy|ON_ALL_CHANGES|0
07:02:52.40 (73394566)|WF_FORMULA|Formula:ENCODED:[treatNullAsNull]NOT({!ID:00N6F00000RfoKy})|Values:Is_Active__c=0
07:02:52.40 (73427051)|WF_CRITERIA_END|true
07:02:52.40 (73484214)|WF_SPOOL_ACTION_BEGIN|Workflow
07:02:52.40 (73803085)|WF_RULE_INVOCATION|[Employee: EMP-000001 a056F00000lJj7Z]
07:02:52.40 (73826700)|WF_EMAIL_ALERT|Id=01W6F000000kHXy|CurrentRule:Record deactivated (Id=01Q6F0000015jIy)
07:02:52.40 (124127637)|WF_EMAIL_SENT|Template:00X6F0000027G3n|Recipients:ayman.shaikh@eternussolutions.com |CcEmails:
07:02:52.40 (124217581)|WF_ACTION| Field Update: 1; Email Alert: 1;
07:02:52.40 (124237509)|WF_RULE_EVAL_END
07:02:52.40 (124471681)|WF_ACTIONS_END| Field Update: 1; Email Alert: 1;
07:02:52.40 (124486304)|CODE_UNIT_FINISHED|Workflow:01I6F000002DSKA
07:02:52.40 (124498907)|EXECUTION_FINISHED
