44.0 APEX_CODE,FINEST;APEX_PROFILING,INFO;CALLOUT,INFO;DB,INFO;NBA,INFO;SYSTEM,DEBUG;VALIDATION,INFO;VISUALFORCE,INFO;WAVE,INFO;WORKFLOW,INFO
Execute Anonymous: ChildClass obj2 = new ChildClass();
Execute Anonymous: obj2.write();
07:08:55.1 (1176274)|USER_INFO|[EXTERNAL]|0056F00000ATCAZ|ayman.shaikh@gmail.com|Pacific Standard Time|GMT-07:00
07:08:55.1 (1197128)|EXECUTION_STARTED
07:08:55.1 (1201394)|CODE_UNIT_STARTED|[EXTERNAL]|execute_anonymous_apex
07:08:55.1 (2830147)|VARIABLE_SCOPE_BEGIN|[1]|obj2|ChildClass|true|false
07:08:55.1 (2954375)|HEAP_ALLOCATE|[72]|Bytes:3
07:08:55.1 (2990300)|HEAP_ALLOCATE|[77]|Bytes:152
07:08:55.1 (3011922)|HEAP_ALLOCATE|[342]|Bytes:408
07:08:55.1 (3027329)|HEAP_ALLOCATE|[355]|Bytes:408
07:08:55.1 (3039345)|HEAP_ALLOCATE|[467]|Bytes:48
07:08:55.1 (3065534)|HEAP_ALLOCATE|[139]|Bytes:6
07:08:55.1 (3091673)|HEAP_ALLOCATE|[EXTERNAL]|Bytes:3
07:08:55.1 (3132195)|STATEMENT_EXECUTE|[1]
07:08:55.1 (3136472)|STATEMENT_EXECUTE|[1]
07:08:55.1 (3142392)|HEAP_ALLOCATE|[1]|Bytes:1
07:08:55.1 (3152861)|HEAP_ALLOCATE|[1]|Bytes:1
07:08:55.1 (3188787)|METHOD_ENTRY|[1]|01p6F00000MR2GO|ChildClass.ChildClass()
07:08:55.1 (3197342)|STATEMENT_EXECUTE|[1]
07:08:55.1 (3202921)|STATEMENT_EXECUTE|[1]
07:08:55.1 (3209145)|METHOD_EXIT|[1]|ChildClass
07:08:55.1 (3229003)|HEAP_ALLOCATE|[1]|Bytes:4
07:08:55.1 (3273276)|HEAP_ALLOCATE|[50]|Bytes:5
07:08:55.1 (3299740)|HEAP_ALLOCATE|[56]|Bytes:5
07:08:55.1 (3309763)|HEAP_ALLOCATE|[64]|Bytes:7
07:08:55.1 (3329832)|SYSTEM_MODE_ENTER|false
07:08:55.1 (3364212)|HEAP_ALLOCATE|[1]|Bytes:5
07:08:55.1 (3382397)|CONSTRUCTOR_ENTRY|[1]|01p6F00000MR2GO|<init>()|ChildClass
07:08:55.1 (3418929)|VARIABLE_SCOPE_BEGIN|[1]|this|ChildClass|true|false
07:08:55.1 (3473511)|VARIABLE_ASSIGNMENT|[1]|this|{}|0x79b07087
07:08:55.1 (3489840)|HEAP_ALLOCATE|[EXTERNAL]|Bytes:3
07:08:55.1 (3497719)|HEAP_ALLOCATE|[EXTERNAL]|Bytes:4
07:08:55.1 (3514080)|METHOD_ENTRY|[1]|01p6F00000MR10y|ParentClass.ParentClass()
07:08:55.1 (3522032)|STATEMENT_EXECUTE|[1]
07:08:55.1 (3526580)|STATEMENT_EXECUTE|[1]
07:08:55.1 (3531248)|METHOD_EXIT|[1]|ParentClass
07:08:55.1 (3539498)|CONSTRUCTOR_ENTRY|[EXTERNAL]|01p6F00000MR10y|<init>()|ParentClass
07:08:55.1 (3558269)|VARIABLE_SCOPE_BEGIN|[1]|this|ParentClass|true|false
07:08:55.1 (3579295)|VARIABLE_ASSIGNMENT|[1]|this|{}|0x79b07087
07:08:55.1 (3592366)|HEAP_ALLOCATE|[EXTERNAL]|Bytes:6
07:08:55.1 (3639907)|STATEMENT_EXECUTE|[1]
07:08:55.1 (3647439)|CONSTRUCTOR_EXIT|[EXTERNAL]|01p6F00000MR10y|<init>()|ParentClass
07:08:55.1 (3658123)|STATEMENT_EXECUTE|[1]
07:08:55.1 (3662266)|CONSTRUCTOR_EXIT|[1]|01p6F00000MR2GO|<init>()|ChildClass
07:08:55.1 (3676076)|SYSTEM_MODE_EXIT|false
07:08:55.1 (3704825)|VARIABLE_ASSIGNMENT|[1]|obj2|{}|0x79b07087
07:08:55.1 (3714335)|STATEMENT_EXECUTE|[2]
07:08:55.1 (3754927)|SYSTEM_MODE_ENTER|false
07:08:55.1 (3784543)|HEAP_ALLOCATE|[2]|Bytes:5
07:08:55.1 (3821896)|METHOD_ENTRY|[2]|01p6F00000MR2GO|ChildClass.write()
07:08:55.1 (3854941)|VARIABLE_SCOPE_BEGIN|[2]|this|ChildClass|true|false
07:08:55.1 (3878001)|VARIABLE_ASSIGNMENT|[2]|this|{}|0x79b07087
07:08:55.1 (3889932)|STATEMENT_EXECUTE|[2]
07:08:55.1 (3892378)|STATEMENT_EXECUTE|[4]
07:08:55.1 (3897620)|HEAP_ALLOCATE|[4]|Bytes:19
07:08:55.1 (3966473)|USER_DEBUG|[4]|DEBUG|This is ChildClass.
07:08:55.1 (3987147)|METHOD_EXIT|[2]|01p6F00000MR2GO|ChildClass.write()
07:08:55.1 (3996128)|SYSTEM_MODE_EXIT|false
07:08:55.4 (4048134)|CUMULATIVE_LIMIT_USAGE
07:08:55.4 (4048134)|LIMIT_USAGE_FOR_NS|(default)|
  Number of SOQL queries: 0 out of 100
  Number of query rows: 0 out of 50000
  Number of SOSL queries: 0 out of 20
  Number of DML statements: 0 out of 150
  Number of DML rows: 0 out of 10000
  Maximum CPU time: 0 out of 10000
  Maximum heap size: 0 out of 6000000
  Number of callouts: 0 out of 100
  Number of Email Invocations: 0 out of 10
  Number of future calls: 0 out of 50
  Number of queueable jobs added to the queue: 0 out of 50
  Number of Mobile Apex push calls: 0 out of 10

07:08:55.4 (4048134)|CUMULATIVE_LIMIT_USAGE_END

07:08:55.1 (4094747)|CODE_UNIT_FINISHED|execute_anonymous_apex
07:08:55.1 (5094586)|EXECUTION_FINISHED
