44.0 APEX_CODE,DEBUG;APEX_PROFILING,INFO;CALLOUT,INFO;DB,INFO;NBA,INFO;SYSTEM,DEBUG;VALIDATION,INFO;VISUALFORCE,DEBUG;WAVE,INFO;WORKFLOW,INFO
06:32:42.0 (340862)|USER_INFO|[EXTERNAL]|0056F00000ATCAZ|ayman.shaikh@gmail.com|Pacific Standard Time|GMT-07:00
06:32:42.0 (369094)|EXECUTION_STARTED
06:32:42.0 (373013)|CODE_UNIT_STARTED|[EXTERNAL]|Validation:Employee:a056F00000lKCW6
06:32:42.0 (385596)|VALIDATION_RULE|03d6F000001EXpW|Resignation_Date_rule
06:32:42.0 (541199)|VALIDATION_FORMULA|Is_on_Notice_Period__c= true && ISBLANK(Resignation_Date__c)|Is_on_Notice_Period__c=0 , Resignation_Date__c=null
06:32:42.0 (550230)|VALIDATION_PASS
06:32:42.0 (551614)|VALIDATION_RULE|03d6F000001EXr8|Restrict_DOB
06:32:42.0 (770970)|VALIDATION_FORMULA|Age__c  <= 18|Age__c=100
06:32:42.0 (779026)|VALIDATION_PASS
06:32:42.0 (780137)|VALIDATION_RULE|03d6F000001EWg3|Check_Dates
06:32:42.0 (923330)|VALIDATION_FORMULA|Last_Working_Day__c  <  Date_of_Joining__c|Last_Working_Day__c=null , Date_of_Joining__c=2018-10-01 00:00:00
06:32:42.0 (931180)|VALIDATION_PASS
06:32:42.0 (932250)|VALIDATION_RULE|03d6F000001EWfy|Notice_Period
06:32:42.0 (996010)|VALIDATION_FORMULA|Is_on_Notice_Period__c  = true && ISBLANK( Resignation_Date__c )|Is_on_Notice_Period__c=0 , Resignation_Date__c=null
06:32:42.0 (1002602)|VALIDATION_PASS
06:32:42.0 (1282211)|CODE_UNIT_FINISHED|Validation:Employee:a056F00000lKCW6
06:32:42.0 (1290234)|EXECUTION_FINISHED
06:32:42.28 (28257945)|USER_INFO|[EXTERNAL]|0056F00000ATCAZ|ayman.shaikh@gmail.com|Pacific Standard Time|GMT-07:00
06:32:42.28 (28277161)|EXECUTION_STARTED
06:32:42.28 (28280330)|CODE_UNIT_STARTED|[EXTERNAL]|Workflow:01I6F000002DSKA
06:32:42.28 (39089731)|WF_RULE_EVAL_BEGIN|Workflow
06:32:42.28 (39116805)|WF_CRITERIA_BEGIN|[Employee: EMP-000052 a056F00000lKCW6]|one to one|01Q6F0000015jKG|ON_ALL_CHANGES|0
06:32:42.28 (40682116)|WF_RULE_FILTER|[Employee : Employees ID not equal to NULL]
06:32:42.28 (40706245)|WF_RULE_EVAL_VALUE|EMP-000052
06:32:42.28 (40712205)|WF_CRITERIA_END|true
06:32:42.28 (41407715)|WF_CRITERIA_BEGIN|[Employee: EMP-000052 a056F00000lKCW6]|Record deactivated|01Q6F0000015jIy|ON_CREATE_OR_TRIGGERING_UPDATE|0
06:32:42.28 (41745720)|WF_FORMULA|Formula:ENCODED:[treatNullAsNull]NOT({!ID:00N6F00000RfoKy})|Values:Is_Active__c=1
06:32:42.28 (41754418)|WF_CRITERIA_END|false
06:32:42.28 (41765863)|WF_SPOOL_ACTION_BEGIN|Workflow
06:32:42.28 (43566356)|WF_FIELD_UPDATE|[Employee: EMP-000052 a056F00000lKCW6]|Field:Employee: Roll Id|Value:2|Id=04Y6F000000kSXA|CurrentRule:one to one (Id=01Q6F0000015jKG)
06:32:42.28 (43601162)|WF_ACTION| Field Update: 1;
06:32:42.28 (43607428)|WF_RULE_EVAL_END
06:32:42.28 (54129060)|WF_ACTIONS_END| Field Update: 1;
06:32:42.28 (54144026)|CODE_UNIT_FINISHED|Workflow:01I6F000002DSKA
06:32:42.28 (54151577)|EXECUTION_FINISHED
