44.0 APEX_CODE,DEBUG;APEX_PROFILING,INFO;CALLOUT,INFO;DB,INFO;NBA,INFO;SYSTEM,DEBUG;VALIDATION,INFO;VISUALFORCE,DEBUG;WAVE,INFO;WORKFLOW,INFO
06:30:04.0 (373473)|USER_INFO|[EXTERNAL]|0056F00000ATCAZ|ayman.shaikh@gmail.com|Pacific Standard Time|GMT-07:00
06:30:04.0 (403959)|EXECUTION_STARTED
06:30:04.0 (411366)|CODE_UNIT_STARTED|[EXTERNAL]|Validation:Employee:a056F00000lJnQb
06:30:04.0 (421892)|VALIDATION_RULE|03d6F000001EXpW|Resignation_Date_rule
06:30:04.0 (562346)|VALIDATION_FORMULA|Is_on_Notice_Period__c= true && ISBLANK(Resignation_Date__c)|Is_on_Notice_Period__c=0 , Resignation_Date__c=null
06:30:04.0 (569087)|VALIDATION_PASS
06:30:04.0 (570535)|VALIDATION_RULE|03d6F000001EXr8|Restrict_DOB
06:30:04.0 (732790)|VALIDATION_FORMULA|Age__c  <= 18|Age__c=23
06:30:04.0 (745389)|VALIDATION_PASS
06:30:04.0 (746259)|VALIDATION_RULE|03d6F000001EWg3|Check_Dates
06:30:04.0 (847774)|VALIDATION_FORMULA|Last_Working_Day__c  <  Date_of_Joining__c|Last_Working_Day__c=null , Date_of_Joining__c=2018-10-06 00:00:00
06:30:04.0 (853320)|VALIDATION_PASS
06:30:04.0 (854204)|VALIDATION_RULE|03d6F000001EWfy|Notice_Period
06:30:04.0 (905757)|VALIDATION_FORMULA|Is_on_Notice_Period__c  = true && ISBLANK( Resignation_Date__c )|Is_on_Notice_Period__c=0 , Resignation_Date__c=null
06:30:04.0 (910825)|VALIDATION_PASS
06:30:04.0 (1099481)|CODE_UNIT_FINISHED|Validation:Employee:a056F00000lJnQb
06:30:04.0 (1106899)|EXECUTION_FINISHED
06:30:04.16 (16700920)|USER_INFO|[EXTERNAL]|0056F00000ATCAZ|ayman.shaikh@gmail.com|Pacific Standard Time|GMT-07:00
06:30:04.16 (16721191)|EXECUTION_STARTED
06:30:04.16 (16723770)|CODE_UNIT_STARTED|[EXTERNAL]|Workflow:01I6F000002DSKA
06:30:04.16 (27157708)|WF_RULE_EVAL_BEGIN|Workflow
06:30:04.16 (27182521)|WF_CRITERIA_BEGIN|[Employee: EMP-000004 a056F00000lJnQb]|one to one|01Q6F0000015jKG|ON_ALL_CHANGES|0
06:30:04.16 (28462371)|WF_RULE_FILTER|[Employee : Employees ID not equal to NULL]
06:30:04.16 (28481266)|WF_RULE_EVAL_VALUE|EMP-000004
06:30:04.16 (28485951)|WF_CRITERIA_END|true
06:30:04.16 (29128586)|WF_CRITERIA_BEGIN|[Employee: EMP-000004 a056F00000lJnQb]|Record deactivated|01Q6F0000015jIy|ON_CREATE_OR_TRIGGERING_UPDATE|0
06:30:04.16 (29393665)|WF_RULE_NOT_EVALUATED
06:30:04.16 (29404732)|WF_SPOOL_ACTION_BEGIN|Workflow
06:30:04.16 (31026391)|WF_FIELD_UPDATE|[Employee: EMP-000004 a056F00000lJnQb]|Field:Employee: Roll Id|Value:1|Id=04Y6F000000kSXA|CurrentRule:one to one (Id=01Q6F0000015jKG)
06:30:04.16 (31053921)|WF_ACTION| Field Update: 1;
06:30:04.16 (31059796)|WF_RULE_EVAL_END
06:30:04.16 (45997233)|WF_ACTIONS_END| Field Update: 1;
06:30:04.16 (46014527)|CODE_UNIT_FINISHED|Workflow:01I6F000002DSKA
06:30:04.16 (46021382)|EXECUTION_FINISHED
