44.0 APEX_CODE,FINEST;APEX_PROFILING,INFO;CALLOUT,INFO;DB,INFO;NBA,INFO;SYSTEM,DEBUG;VALIDATION,INFO;VISUALFORCE,INFO;WAVE,INFO;WORKFLOW,INFO
Execute Anonymous: ParentToChild objParentToChild = new ParentToChild();
Execute Anonymous: objParentToChild.AccountToContact();
Execute Anonymous: objParentToChild.AccountToOpp();
Execute Anonymous: objParentToChild.QueryOnA();
07:56:40.1 (1138898)|USER_INFO|[EXTERNAL]|0056F00000ATCAZ|ayman.shaikh@gmail.com|Pacific Standard Time|GMT-08:00
07:56:40.1 (1158595)|EXECUTION_STARTED
07:56:40.1 (1163858)|CODE_UNIT_STARTED|[EXTERNAL]|execute_anonymous_apex
07:56:40.1 (8345736)|VARIABLE_SCOPE_BEGIN|[1]|objParentToChild|ParentToChild|true|false
07:56:40.1 (8466178)|HEAP_ALLOCATE|[72]|Bytes:3
07:56:40.1 (8497870)|HEAP_ALLOCATE|[77]|Bytes:152
07:56:40.1 (8510719)|HEAP_ALLOCATE|[342]|Bytes:408
07:56:40.1 (8524290)|HEAP_ALLOCATE|[355]|Bytes:408
07:56:40.1 (8535967)|HEAP_ALLOCATE|[467]|Bytes:48
07:56:40.1 (8559228)|HEAP_ALLOCATE|[139]|Bytes:6
07:56:40.1 (8576489)|HEAP_ALLOCATE|[EXTERNAL]|Bytes:7
07:56:40.1 (8606784)|STATEMENT_EXECUTE|[1]
07:56:40.1 (8609406)|STATEMENT_EXECUTE|[1]
07:56:40.1 (8612547)|HEAP_ALLOCATE|[1]|Bytes:7
07:56:40.1 (8617876)|HEAP_ALLOCATE|[1]|Bytes:8
07:56:40.1 (8644945)|METHOD_ENTRY|[1]|01p6F00000MRjNH|ParentToChild.ParentToChild()
07:56:40.1 (8651227)|STATEMENT_EXECUTE|[1]
07:56:40.1 (8655249)|STATEMENT_EXECUTE|[1]
07:56:40.1 (8660518)|METHOD_EXIT|[1]|ParentToChild
07:56:40.1 (8673879)|HEAP_ALLOCATE|[1]|Bytes:4
07:56:40.1 (8704355)|HEAP_ALLOCATE|[50]|Bytes:5
07:56:40.1 (8722338)|HEAP_ALLOCATE|[56]|Bytes:5
07:56:40.1 (8730281)|HEAP_ALLOCATE|[64]|Bytes:7
07:56:40.1 (8746749)|SYSTEM_MODE_ENTER|false
07:56:40.1 (8768864)|HEAP_ALLOCATE|[1]|Bytes:5
07:56:40.1 (8780119)|CONSTRUCTOR_ENTRY|[1]|01p6F00000MRjNH|<init>()|ParentToChild
07:56:40.1 (8805705)|VARIABLE_SCOPE_BEGIN|[1]|this|ParentToChild|true|false
07:56:40.1 (8849533)|VARIABLE_ASSIGNMENT|[1]|this|{}|0x7b4fa7b5
07:56:40.1 (8859630)|HEAP_ALLOCATE|[EXTERNAL]|Bytes:6
07:56:40.1 (8889969)|STATEMENT_EXECUTE|[1]
07:56:40.1 (8894808)|CONSTRUCTOR_EXIT|[1]|01p6F00000MRjNH|<init>()|ParentToChild
07:56:40.1 (8904984)|SYSTEM_MODE_EXIT|false
07:56:40.1 (8925953)|VARIABLE_ASSIGNMENT|[1]|objParentToChild|{}|0x7b4fa7b5
07:56:40.1 (8932393)|STATEMENT_EXECUTE|[2]
07:56:40.1 (8952509)|SYSTEM_MODE_ENTER|false
07:56:40.1 (8966940)|HEAP_ALLOCATE|[2]|Bytes:5
07:56:40.1 (8990463)|METHOD_ENTRY|[2]|01p6F00000MRjNH|ParentToChild.AccountToContact()
07:56:40.1 (9011179)|VARIABLE_SCOPE_BEGIN|[2]|this|ParentToChild|true|false
07:56:40.1 (9026578)|VARIABLE_ASSIGNMENT|[2]|this|{}|0x7b4fa7b5
07:56:40.1 (9034410)|STATEMENT_EXECUTE|[2]
07:56:40.1 (9036079)|STATEMENT_EXECUTE|[3]
07:56:40.1 (9039230)|HEAP_ALLOCATE|[3]|Bytes:96
07:56:40.1 (9054260)|HEAP_ALLOCATE|[3]|Bytes:4
07:56:40.1 (9367403)|SOQL_EXECUTE_BEGIN|[3]|Aggregations:1|SELECT Id, Name, (SELECT Id, FirstName, LastName FROM Contacts) FROM Account WHERE Name = 'john'
07:56:40.1 (17606781)|SOQL_EXECUTE_END|[3]|Rows:1
07:56:40.1 (17643362)|HEAP_ALLOCATE|[3]|Bytes:8
07:56:40.1 (17665264)|HEAP_ALLOCATE|[3]|Bytes:209
07:56:40.1 (17766909)|HEAP_ALLOCATE|[3]|Bytes:8
07:56:40.1 (17783066)|VARIABLE_SCOPE_BEGIN|[3]|AccList|List<Account>|true|false
07:56:40.1 (17833718)|VARIABLE_ASSIGNMENT|[3]|AccList|[{"Id":"0016F00002yfopzQAA","Name":"John","Contacts":[{"AccountId":"0016F00002yfopzQAA","Id":"0036F00002o3pbbQAA","LastName":"Shaikh"},{"AccountId":"0016F00002yfopzQAA","Id":"0036F00002o3pdlQAA","LastName":"Kapoor"}]}]|0x43cd5def
07:56:40.1 (17843184)|STATEMENT_EXECUTE|[17]
07:56:40.1 (17921162)|USER_DEBUG|[17]|DEBUG|(Account:{Id=0016F00002yfopzQAA, Name=John})
07:56:40.1 (17937618)|METHOD_EXIT|[2]|01p6F00000MRjNH|ParentToChild.AccountToContact()
07:56:40.1 (17945607)|SYSTEM_MODE_EXIT|false
07:56:40.1 (17953162)|STATEMENT_EXECUTE|[3]
07:56:40.1 (17985392)|SYSTEM_MODE_ENTER|false
07:56:40.1 (17997793)|HEAP_ALLOCATE|[3]|Bytes:5
07:56:40.1 (18011301)|METHOD_ENTRY|[3]|01p6F00000MRjNH|ParentToChild.AccountToOpp()
07:56:40.1 (18037200)|VARIABLE_SCOPE_BEGIN|[20]|this|ParentToChild|true|false
07:56:40.1 (18058822)|VARIABLE_ASSIGNMENT|[20]|this|{}|0x7b4fa7b5
07:56:40.1 (18066873)|STATEMENT_EXECUTE|[20]
07:56:40.1 (18068749)|STATEMENT_EXECUTE|[21]
07:56:40.1 (18072784)|HEAP_ALLOCATE|[21]|Bytes:94
07:56:40.1 (18087275)|HEAP_ALLOCATE|[21]|Bytes:4
07:56:40.1 (18301689)|SOQL_EXECUTE_BEGIN|[21]|Aggregations:1|SELECT Name, (SELECT StageName FROM Opportunities WHERE StageName = 'Closed Won') FROM Account
07:56:40.1 (50551759)|SOQL_EXECUTE_END|[21]|Rows:18
07:56:40.1 (50615528)|HEAP_ALLOCATE|[21]|Bytes:76
07:56:40.1 (50675797)|HEAP_ALLOCATE|[21]|Bytes:2662
07:56:40.1 (50709815)|HEAP_ALLOCATE|[21]|Bytes:76
07:56:40.1 (50726189)|VARIABLE_SCOPE_BEGIN|[21]|AccList|List<Account>|true|false
07:56:40.1 (50758188)|VARIABLE_ASSIGNMENT|[21]|AccList|"List of size 18 too large to display"|0x7a9b2af8
07:56:40.1 (50765692)|STATEMENT_EXECUTE|[30]
07:56:40.1 (50884071)|USER_DEBUG|[30]|DEBUG|(Account:{Name=sForce, Id=0016F00002o0fjCQAQ}, Account:{Name=University of Arizona, Id=0016F00002o0fj8QAA}, Account:{Name=United Oil & Gas Corp., Id=0016F00002o0fj6QAA}, Account:{Name=GenePoint, Id=0016F00002o0fjBQAQ}, Account:{Name=United Oil & Gas, UK, Id=0016F00002o0fj9QAA}, Account:{Name=United Oil & Gas, Singapore, Id=0016F00002o0fjAQAQ}, Account:{Name=Edge Communications, Id=0016F00002o0fj1QAA}, Account:{Name=Burlington Textiles Corp of America, Id=0016F00002o0fj2QAA}, Account:{Name=Pyramid Construction Inc., Id=0016F00002o0fj3QAA}, Account:{Name=Dickenson plc, Id=0016F00002o0fj4QAA}, ...)
07:56:40.1 (50907827)|METHOD_EXIT|[3]|01p6F00000MRjNH|ParentToChild.AccountToOpp()
07:56:40.1 (50915994)|SYSTEM_MODE_EXIT|false
07:56:40.1 (50923748)|STATEMENT_EXECUTE|[4]
07:56:40.1 (50965893)|SYSTEM_MODE_ENTER|false
07:56:40.1 (50980659)|HEAP_ALLOCATE|[4]|Bytes:5
07:56:40.1 (50995085)|METHOD_ENTRY|[4]|01p6F00000MRjNH|ParentToChild.QueryOnA()
07:56:40.1 (51025862)|VARIABLE_SCOPE_BEGIN|[34]|this|ParentToChild|true|false
07:56:40.1 (51055604)|VARIABLE_ASSIGNMENT|[34]|this|{}|0x7b4fa7b5
07:56:40.1 (51063807)|STATEMENT_EXECUTE|[34]
07:56:40.1 (51065715)|STATEMENT_EXECUTE|[35]
07:56:40.1 (51069169)|HEAP_ALLOCATE|[35]|Bytes:47
07:56:40.1 (51084098)|HEAP_ALLOCATE|[35]|Bytes:4
07:56:40.1 (51321254)|SOQL_EXECUTE_BEGIN|[35]|Aggregations:1|SELECT Name, (SELECT Name FROM Cs__r) FROM A__c
07:56:40.1 (75425030)|SOQL_EXECUTE_END|[35]|Rows:2
07:56:40.1 (75467414)|HEAP_ALLOCATE|[35]|Bytes:12
07:56:40.1 (75495229)|HEAP_ALLOCATE|[35]|Bytes:310
07:56:40.1 (75563800)|HEAP_ALLOCATE|[35]|Bytes:12
07:56:40.1 (75581892)|VARIABLE_SCOPE_BEGIN|[35]|AList|List<A__c>|true|false
07:56:40.1 (75635858)|VARIABLE_ASSIGNMENT|[35]|AList|[{"Name":"John","Id":"a0D6F00000iEFCkUAO","Cs__r":[{"AC__c":"a0D6F00000iEFCkUAO","Id":"a0F6F00000u035YUAQ","Name":"R2"},{"AC__c":"a0D6F00000iEFCkUAO","Id":"a0F6F00000u035TUAQ","Name":"R1"}]},{"Name":"Record A1","Id":"a0D6F00000iEFAjUAO","Cs__r":[{"AC__c":"a0D6F00000iEFAjUAO","Id":"a0F6F00000u0354UAA","Name":"Record C1"}]}]|0x7e44a02c
07:56:40.1 (75647402)|STATEMENT_EXECUTE|[43]
07:56:40.1 (75728253)|USER_DEBUG|[43]|DEBUG|(A__c:{Name=John, Id=a0D6F00000iEFCkUAO}, A__c:{Name=Record A1, Id=a0D6F00000iEFAjUAO})
07:56:40.1 (75744299)|METHOD_EXIT|[4]|01p6F00000MRjNH|ParentToChild.QueryOnA()
07:56:40.1 (75753568)|SYSTEM_MODE_EXIT|false
07:56:40.75 (75786096)|CUMULATIVE_LIMIT_USAGE
07:56:40.75 (75786096)|LIMIT_USAGE_FOR_NS|(default)|
  Number of SOQL queries: 3 out of 100
  Number of query rows: 45 out of 50000
  Number of SOSL queries: 0 out of 20
  Number of DML statements: 0 out of 150
  Number of DML rows: 0 out of 10000
  Maximum CPU time: 0 out of 10000
  Maximum heap size: 0 out of 6000000
  Number of callouts: 0 out of 100
  Number of Email Invocations: 0 out of 10
  Number of future calls: 0 out of 50
  Number of queueable jobs added to the queue: 0 out of 50
  Number of Mobile Apex push calls: 0 out of 10

07:56:40.75 (75786096)|CUMULATIVE_LIMIT_USAGE_END

07:56:40.1 (75828861)|CODE_UNIT_FINISHED|execute_anonymous_apex
07:56:40.1 (76989002)|EXECUTION_FINISHED
