44.0 APEX_CODE,FINEST;APEX_PROFILING,INFO;CALLOUT,INFO;DB,INFO;NBA,INFO;SYSTEM,DEBUG;VALIDATION,INFO;VISUALFORCE,INFO;WAVE,INFO;WORKFLOW,INFO
Execute Anonymous:  HelloWorld h=new  HelloWorld();
Execute Anonymous: h.SayHello();
04:12:41.2 (2696261)|USER_INFO|[EXTERNAL]|0056F00000ATCAZ|ayman.shaikh@gmail.com|Pacific Standard Time|GMT-07:00
04:12:41.2 (2716802)|EXECUTION_STARTED
04:12:41.2 (2720819)|CODE_UNIT_STARTED|[EXTERNAL]|execute_anonymous_apex
04:12:41.2 (12663394)|VARIABLE_SCOPE_BEGIN|[1]|h|HelloWorld|true|false
04:12:41.2 (12797301)|HEAP_ALLOCATE|[72]|Bytes:3
04:12:41.2 (12831506)|HEAP_ALLOCATE|[77]|Bytes:152
04:12:41.2 (12845047)|HEAP_ALLOCATE|[342]|Bytes:408
04:12:41.2 (12857297)|HEAP_ALLOCATE|[355]|Bytes:408
04:12:41.2 (12869183)|HEAP_ALLOCATE|[467]|Bytes:48
04:12:41.2 (12896257)|HEAP_ALLOCATE|[139]|Bytes:6
04:12:41.2 (12914674)|HEAP_ALLOCATE|[EXTERNAL]|Bytes:3
04:12:41.2 (12944923)|STATEMENT_EXECUTE|[1]
04:12:41.2 (12947764)|STATEMENT_EXECUTE|[1]
04:12:41.2 (12951487)|HEAP_ALLOCATE|[1]|Bytes:1
04:12:41.2 (12957347)|HEAP_ALLOCATE|[1]|Bytes:1
04:12:41.2 (12983564)|METHOD_ENTRY|[1]|01p6F00000MPW06|HelloWorld.HelloWorld()
04:12:41.2 (12989746)|STATEMENT_EXECUTE|[1]
04:12:41.2 (12993777)|STATEMENT_EXECUTE|[1]
04:12:41.2 (13018812)|HEAP_ALLOCATE|[50]|Bytes:5
04:12:41.2 (13040179)|HEAP_ALLOCATE|[56]|Bytes:5
04:12:41.2 (13048234)|HEAP_ALLOCATE|[64]|Bytes:7
04:12:41.2 (13065422)|SYSTEM_MODE_ENTER|false
04:12:41.2 (13077213)|HEAP_ALLOCATE|[1]|Bytes:5
04:12:41.2 (13084026)|SYSTEM_MODE_EXIT|false
04:12:41.2 (13093104)|METHOD_EXIT|[1]|HelloWorld
04:12:41.2 (13106149)|HEAP_ALLOCATE|[1]|Bytes:4
04:12:41.2 (13128985)|SYSTEM_MODE_ENTER|false
04:12:41.2 (13154763)|HEAP_ALLOCATE|[1]|Bytes:5
04:12:41.2 (13167623)|CONSTRUCTOR_ENTRY|[1]|01p6F00000MPW06|<init>()|HelloWorld
04:12:41.2 (13195302)|VARIABLE_SCOPE_BEGIN|[1]|this|HelloWorld|true|false
04:12:41.2 (13235996)|VARIABLE_ASSIGNMENT|[1]|this|{}|0xe527f7b
04:12:41.2 (13246945)|HEAP_ALLOCATE|[EXTERNAL]|Bytes:5
04:12:41.2 (13255613)|HEAP_ALLOCATE|[EXTERNAL]|Bytes:6
04:12:41.2 (13300115)|STATEMENT_EXECUTE|[1]
04:12:41.2 (13305342)|HEAP_ALLOCATE|[EXTERNAL]|Bytes:5
04:12:41.2 (13314463)|CONSTRUCTOR_EXIT|[1]|01p6F00000MPW06|<init>()|HelloWorld
04:12:41.2 (13321798)|SYSTEM_MODE_EXIT|false
04:12:41.2 (13341580)|VARIABLE_ASSIGNMENT|[1]|h|{}|0xe527f7b
04:12:41.2 (13348087)|STATEMENT_EXECUTE|[2]
04:12:41.2 (13369636)|SYSTEM_MODE_ENTER|false
04:12:41.2 (13387729)|HEAP_ALLOCATE|[2]|Bytes:5
04:12:41.2 (13411185)|METHOD_ENTRY|[2]|01p6F00000MPW06|HelloWorld.SayHello()
04:12:41.2 (13435741)|VARIABLE_SCOPE_BEGIN|[2]|this|HelloWorld|true|false
04:12:41.2 (13451924)|VARIABLE_ASSIGNMENT|[2]|this|{}|0xe527f7b
04:12:41.2 (13463070)|HEAP_ALLOCATE|[3]|Bytes:5
04:12:41.2 (13467761)|STATEMENT_EXECUTE|[2]
04:12:41.2 (13469659)|STATEMENT_EXECUTE|[3]
04:12:41.2 (13472938)|HEAP_ALLOCATE|[3]|Bytes:5
04:12:41.2 (13528303)|USER_DEBUG|[3]|DEBUG|hello
04:12:41.2 (13545031)|METHOD_EXIT|[2]|01p6F00000MPW06|HelloWorld.SayHello()
04:12:41.2 (13551005)|SYSTEM_MODE_EXIT|false
04:12:41.13 (13579399)|CUMULATIVE_LIMIT_USAGE
04:12:41.13 (13579399)|LIMIT_USAGE_FOR_NS|(default)|
  Number of SOQL queries: 0 out of 100
  Number of query rows: 0 out of 50000
  Number of SOSL queries: 0 out of 20
  Number of DML statements: 0 out of 150
  Number of DML rows: 0 out of 10000
  Maximum CPU time: 0 out of 10000
  Maximum heap size: 0 out of 6000000
  Number of callouts: 0 out of 100
  Number of Email Invocations: 0 out of 10
  Number of future calls: 0 out of 50
  Number of queueable jobs added to the queue: 0 out of 50
  Number of Mobile Apex push calls: 0 out of 10

04:12:41.13 (13579399)|CUMULATIVE_LIMIT_USAGE_END

04:12:41.2 (13612860)|CODE_UNIT_FINISHED|execute_anonymous_apex
04:12:41.2 (14539843)|EXECUTION_FINISHED
