44.0 APEX_CODE,FINEST;APEX_PROFILING,INFO;CALLOUT,INFO;DB,INFO;NBA,INFO;SYSTEM,DEBUG;VALIDATION,INFO;VISUALFORCE,INFO;WAVE,INFO;WORKFLOW,INFO
Execute Anonymous: DatabaseQueryAndSearch objDatabaseQueryAndSearch = new DatabaseQueryAndSearch();
Execute Anonymous: objDatabaseQueryAndSearch.DatabaseQuery();
05:57:33.1 (1088474)|USER_INFO|[EXTERNAL]|0056F00000ATCAZ|ayman.shaikh@gmail.com|Pacific Standard Time|GMT-07:00
05:57:33.1 (1108867)|EXECUTION_STARTED
05:57:33.1 (1114627)|CODE_UNIT_STARTED|[EXTERNAL]|execute_anonymous_apex
05:57:33.1 (7761765)|VARIABLE_SCOPE_BEGIN|[1]|objDatabaseQueryAndSearch|DatabaseQueryAndSearch|true|false
05:57:33.1 (7890065)|HEAP_ALLOCATE|[72]|Bytes:3
05:57:33.1 (7939861)|HEAP_ALLOCATE|[77]|Bytes:152
05:57:33.1 (7953675)|HEAP_ALLOCATE|[342]|Bytes:408
05:57:33.1 (7965721)|HEAP_ALLOCATE|[355]|Bytes:408
05:57:33.1 (7976255)|HEAP_ALLOCATE|[467]|Bytes:48
05:57:33.1 (8003290)|HEAP_ALLOCATE|[139]|Bytes:6
05:57:33.1 (8022702)|HEAP_ALLOCATE|[EXTERNAL]|Bytes:3
05:57:33.1 (8050548)|STATEMENT_EXECUTE|[1]
05:57:33.1 (8053636)|STATEMENT_EXECUTE|[1]
05:57:33.1 (8057394)|HEAP_ALLOCATE|[1]|Bytes:3
05:57:33.1 (8062652)|HEAP_ALLOCATE|[1]|Bytes:1
05:57:33.1 (8089269)|METHOD_ENTRY|[1]|01p6F00000MRIMH|DatabaseQueryAndSearch.DatabaseQueryAndSearch()
05:57:33.1 (8095237)|STATEMENT_EXECUTE|[1]
05:57:33.1 (8098390)|STATEMENT_EXECUTE|[1]
05:57:33.1 (8125907)|HEAP_ALLOCATE|[50]|Bytes:5
05:57:33.1 (8149949)|HEAP_ALLOCATE|[56]|Bytes:5
05:57:33.1 (8157511)|HEAP_ALLOCATE|[64]|Bytes:7
05:57:33.1 (8174378)|SYSTEM_MODE_ENTER|false
05:57:33.1 (8189537)|HEAP_ALLOCATE|[1]|Bytes:5
05:57:33.1 (8196720)|SYSTEM_MODE_EXIT|false
05:57:33.1 (8205057)|METHOD_EXIT|[1]|DatabaseQueryAndSearch
05:57:33.1 (8218142)|HEAP_ALLOCATE|[1]|Bytes:4
05:57:33.1 (8237849)|SYSTEM_MODE_ENTER|false
05:57:33.1 (8259107)|HEAP_ALLOCATE|[1]|Bytes:5
05:57:33.1 (8270609)|CONSTRUCTOR_ENTRY|[1]|01p6F00000MRIMH|<init>()|DatabaseQueryAndSearch
05:57:33.1 (8295218)|VARIABLE_SCOPE_BEGIN|[1]|this|DatabaseQueryAndSearch|true|false
05:57:33.1 (8334566)|VARIABLE_ASSIGNMENT|[1]|this|{}|0x18856ee1
05:57:33.1 (8345316)|HEAP_ALLOCATE|[EXTERNAL]|Bytes:5
05:57:33.1 (8353986)|HEAP_ALLOCATE|[EXTERNAL]|Bytes:6
05:57:33.1 (8385530)|STATEMENT_EXECUTE|[1]
05:57:33.1 (8389990)|HEAP_ALLOCATE|[EXTERNAL]|Bytes:5
05:57:33.1 (8397663)|CONSTRUCTOR_EXIT|[1]|01p6F00000MRIMH|<init>()|DatabaseQueryAndSearch
05:57:33.1 (8405540)|SYSTEM_MODE_EXIT|false
05:57:33.1 (8423009)|VARIABLE_ASSIGNMENT|[1]|objDatabaseQueryAndSearch|{}|0x18856ee1
05:57:33.1 (8429109)|STATEMENT_EXECUTE|[2]
05:57:33.1 (8448197)|SYSTEM_MODE_ENTER|false
05:57:33.1 (8462889)|HEAP_ALLOCATE|[2]|Bytes:5
05:57:33.1 (8486316)|METHOD_ENTRY|[2]|01p6F00000MRIMH|DatabaseQueryAndSearch.DatabaseQuery()
05:57:33.1 (8507766)|VARIABLE_SCOPE_BEGIN|[2]|this|DatabaseQueryAndSearch|true|false
05:57:33.1 (8521917)|VARIABLE_ASSIGNMENT|[2]|this|{}|0x18856ee1
05:57:33.1 (8535694)|HEAP_ALLOCATE|[3]|Bytes:5
05:57:33.1 (8540759)|STATEMENT_EXECUTE|[2]
05:57:33.1 (8542389)|STATEMENT_EXECUTE|[3]
05:57:33.1 (8544895)|HEAP_ALLOCATE|[3]|Bytes:1
05:57:33.1 (8551965)|VARIABLE_SCOPE_BEGIN|[3]|myTestString|String|false|false
05:57:33.1 (8567251)|VARIABLE_ASSIGNMENT|[3]|myTestString|"y"
05:57:33.1 (8572385)|STATEMENT_EXECUTE|[5]
05:57:33.1 (8574600)|HEAP_ALLOCATE|[5]|Bytes:73
05:57:33.1 (10314514)|SOQL_EXECUTE_BEGIN|[5]|Aggregations:0|SELECT First_Name__c FROM Employee__c WHERE First_Name__c = :myTestString
05:57:33.1 (12726131)|SOQL_EXECUTE_END|[5]|Rows:2
05:57:33.1 (12758720)|HEAP_ALLOCATE|[5]|Bytes:12
05:57:33.1 (12785399)|HEAP_ALLOCATE|[5]|Bytes:162
05:57:33.1 (12926413)|HEAP_ALLOCATE|[5]|Bytes:12
05:57:33.1 (12945249)|VARIABLE_SCOPE_BEGIN|[5]|sobjList|List<SObject>|true|false
05:57:33.1 (12980949)|VARIABLE_ASSIGNMENT|[5]|sobjList|[{"First_Name__c":"y","Id":"a056F00000lKCVrQAO","RecordTypeId":"0126F000001ZLtEQAW"},{"First_Name__c":"y","Id":"a056F00000lKCW6QAO","RecordTypeId":"0126F000001ZLtEQAW"}]|0x6d0a28fe
05:57:33.1 (12990236)|STATEMENT_EXECUTE|[6]
05:57:33.1 (13074358)|USER_DEBUG|[6]|DEBUG|(Employee__c:{First_Name__c=y, Id=a056F00000lKCVrQAO, RecordTypeId=0126F000001ZLtEQAW}, Employee__c:{First_Name__c=y, Id=a056F00000lKCW6QAO, RecordTypeId=0126F000001ZLtEQAW})
05:57:33.1 (13093145)|METHOD_EXIT|[2]|01p6F00000MRIMH|DatabaseQueryAndSearch.DatabaseQuery()
05:57:33.1 (13099774)|SYSTEM_MODE_EXIT|false
05:57:33.13 (13126170)|CUMULATIVE_LIMIT_USAGE
05:57:33.13 (13126170)|LIMIT_USAGE_FOR_NS|(default)|
  Number of SOQL queries: 1 out of 100
  Number of query rows: 2 out of 50000
  Number of SOSL queries: 0 out of 20
  Number of DML statements: 0 out of 150
  Number of DML rows: 0 out of 10000
  Maximum CPU time: 0 out of 10000
  Maximum heap size: 0 out of 6000000
  Number of callouts: 0 out of 100
  Number of Email Invocations: 0 out of 10
  Number of future calls: 0 out of 50
  Number of queueable jobs added to the queue: 0 out of 50
  Number of Mobile Apex push calls: 0 out of 10

05:57:33.13 (13126170)|CUMULATIVE_LIMIT_USAGE_END

05:57:33.1 (13158027)|CODE_UNIT_FINISHED|execute_anonymous_apex
05:57:33.1 (14363482)|EXECUTION_FINISHED
