44.0 APEX_CODE,FINEST;APEX_PROFILING,INFO;CALLOUT,INFO;DB,INFO;NBA,INFO;SYSTEM,DEBUG;VALIDATION,INFO;VISUALFORCE,INFO;WAVE,INFO;WORKFLOW,INFO
Execute Anonymous: HelloWorld h=new  HelloWorld();
Execute Anonymous: h.SayHello();
05:01:05.1 (1246879)|USER_INFO|[EXTERNAL]|0056F00000ATCAZ|ayman.shaikh@gmail.com|Pacific Standard Time|GMT-07:00
05:01:05.1 (1271660)|EXECUTION_STARTED
05:01:05.1 (1277820)|CODE_UNIT_STARTED|[EXTERNAL]|execute_anonymous_apex
05:01:05.1 (2665244)|VARIABLE_SCOPE_BEGIN|[1]|h|HelloWorld|true|false
05:01:05.1 (2824266)|HEAP_ALLOCATE|[72]|Bytes:3
05:01:05.1 (2867742)|HEAP_ALLOCATE|[77]|Bytes:152
05:01:05.1 (2882140)|HEAP_ALLOCATE|[342]|Bytes:408
05:01:05.1 (2895250)|HEAP_ALLOCATE|[355]|Bytes:408
05:01:05.1 (2907556)|HEAP_ALLOCATE|[467]|Bytes:48
05:01:05.1 (2934619)|HEAP_ALLOCATE|[139]|Bytes:6
05:01:05.1 (2954039)|HEAP_ALLOCATE|[EXTERNAL]|Bytes:3
05:01:05.1 (2984329)|STATEMENT_EXECUTE|[1]
05:01:05.1 (2987376)|STATEMENT_EXECUTE|[1]
05:01:05.1 (2990922)|HEAP_ALLOCATE|[1]|Bytes:1
05:01:05.1 (2996871)|HEAP_ALLOCATE|[1]|Bytes:1
05:01:05.1 (3021630)|METHOD_ENTRY|[1]|01p6F00000MPW06|HelloWorld.HelloWorld()
05:01:05.1 (3028676)|STATEMENT_EXECUTE|[1]
05:01:05.1 (3032968)|STATEMENT_EXECUTE|[1]
05:01:05.1 (3065145)|HEAP_ALLOCATE|[50]|Bytes:5
05:01:05.1 (3091884)|HEAP_ALLOCATE|[56]|Bytes:5
05:01:05.1 (3101047)|HEAP_ALLOCATE|[64]|Bytes:7
05:01:05.1 (3122239)|SYSTEM_MODE_ENTER|false
05:01:05.1 (3135533)|HEAP_ALLOCATE|[1]|Bytes:5
05:01:05.1 (3143200)|SYSTEM_MODE_EXIT|false
05:01:05.1 (3153126)|METHOD_EXIT|[1]|HelloWorld
05:01:05.1 (3167577)|HEAP_ALLOCATE|[1]|Bytes:4
05:01:05.1 (3192329)|SYSTEM_MODE_ENTER|false
05:01:05.1 (3214227)|HEAP_ALLOCATE|[1]|Bytes:5
05:01:05.1 (3226770)|CONSTRUCTOR_ENTRY|[1]|01p6F00000MPW06|<init>()|HelloWorld
05:01:05.1 (3258970)|VARIABLE_SCOPE_BEGIN|[1]|this|HelloWorld|true|false
05:01:05.1 (3301396)|VARIABLE_ASSIGNMENT|[1]|this|{}|0x266304c3
05:01:05.1 (3314890)|HEAP_ALLOCATE|[EXTERNAL]|Bytes:5
05:01:05.1 (3323893)|HEAP_ALLOCATE|[EXTERNAL]|Bytes:6
05:01:05.1 (3361774)|STATEMENT_EXECUTE|[1]
05:01:05.1 (3367556)|HEAP_ALLOCATE|[EXTERNAL]|Bytes:5
05:01:05.1 (3376150)|CONSTRUCTOR_EXIT|[1]|01p6F00000MPW06|<init>()|HelloWorld
05:01:05.1 (3400673)|SYSTEM_MODE_EXIT|false
05:01:05.1 (3423840)|VARIABLE_ASSIGNMENT|[1]|h|{}|0x266304c3
05:01:05.1 (3431371)|STATEMENT_EXECUTE|[2]
05:01:05.1 (3457124)|SYSTEM_MODE_ENTER|false
05:01:05.1 (3474641)|HEAP_ALLOCATE|[2]|Bytes:5
05:01:05.1 (3503157)|METHOD_ENTRY|[2]|01p6F00000MPW06|HelloWorld.SayHello()
05:01:05.1 (3533623)|VARIABLE_SCOPE_BEGIN|[2]|this|HelloWorld|true|false
05:01:05.1 (3550421)|VARIABLE_ASSIGNMENT|[2]|this|{}|0x266304c3
05:01:05.1 (3566021)|HEAP_ALLOCATE|[3]|Bytes:5
05:01:05.1 (3570761)|STATEMENT_EXECUTE|[2]
05:01:05.1 (3572742)|STATEMENT_EXECUTE|[3]
05:01:05.1 (3575522)|HEAP_ALLOCATE|[3]|Bytes:5
05:01:05.1 (3638878)|USER_DEBUG|[3]|DEBUG|hello
05:01:05.1 (3656687)|METHOD_EXIT|[2]|01p6F00000MPW06|HelloWorld.SayHello()
05:01:05.1 (3662503)|SYSTEM_MODE_EXIT|false
05:01:05.3 (3692217)|CUMULATIVE_LIMIT_USAGE
05:01:05.3 (3692217)|LIMIT_USAGE_FOR_NS|(default)|
  Number of SOQL queries: 0 out of 100
  Number of query rows: 0 out of 50000
  Number of SOSL queries: 0 out of 20
  Number of DML statements: 0 out of 150
  Number of DML rows: 0 out of 10000
  Maximum CPU time: 0 out of 10000
  Maximum heap size: 0 out of 6000000
  Number of callouts: 0 out of 100
  Number of Email Invocations: 0 out of 10
  Number of future calls: 0 out of 50
  Number of queueable jobs added to the queue: 0 out of 50
  Number of Mobile Apex push calls: 0 out of 10

05:01:05.3 (3692217)|CUMULATIVE_LIMIT_USAGE_END

05:01:05.1 (3727750)|CODE_UNIT_FINISHED|execute_anonymous_apex
05:01:05.1 (4661381)|EXECUTION_FINISHED
