44.0 APEX_CODE,FINEST;APEX_PROFILING,INFO;CALLOUT,INFO;DB,INFO;NBA,INFO;SYSTEM,DEBUG;VALIDATION,INFO;VISUALFORCE,INFO;WAVE,INFO;WORKFLOW,INFO
Execute Anonymous: ParentClass obj1 =  new ParentClass();
Execute Anonymous: obj1.write();
Execute Anonymous: ChildClass obj2 = new ChildClass();
Execute Anonymous: obj2.write();
07:37:59.1 (1180247)|USER_INFO|[EXTERNAL]|0056F00000ATCAZ|ayman.shaikh@gmail.com|Pacific Standard Time|GMT-07:00
07:37:59.1 (1200447)|EXECUTION_STARTED
07:37:59.1 (1205442)|CODE_UNIT_STARTED|[EXTERNAL]|execute_anonymous_apex
07:37:59.1 (2175819)|VARIABLE_SCOPE_BEGIN|[1]|obj1|ParentClass|true|false
07:37:59.1 (2880740)|VARIABLE_SCOPE_BEGIN|[3]|obj2|ChildClass|true|false
07:37:59.1 (3000851)|HEAP_ALLOCATE|[72]|Bytes:3
07:37:59.1 (3037520)|HEAP_ALLOCATE|[77]|Bytes:152
07:37:59.1 (3051024)|HEAP_ALLOCATE|[342]|Bytes:408
07:37:59.1 (3064156)|HEAP_ALLOCATE|[355]|Bytes:408
07:37:59.1 (3075840)|HEAP_ALLOCATE|[467]|Bytes:48
07:37:59.1 (3100001)|HEAP_ALLOCATE|[139]|Bytes:6
07:37:59.1 (3123001)|HEAP_ALLOCATE|[EXTERNAL]|Bytes:7
07:37:59.1 (3156931)|STATEMENT_EXECUTE|[1]
07:37:59.1 (3159919)|STATEMENT_EXECUTE|[1]
07:37:59.1 (3163760)|HEAP_ALLOCATE|[1]|Bytes:3
07:37:59.1 (3169126)|HEAP_ALLOCATE|[1]|Bytes:4
07:37:59.1 (3194500)|METHOD_ENTRY|[1]|01p6F00000MR10y|ParentClass.ParentClass()
07:37:59.1 (3200051)|STATEMENT_EXECUTE|[1]
07:37:59.1 (3203757)|STATEMENT_EXECUTE|[1]
07:37:59.1 (3208014)|METHOD_EXIT|[1]|ParentClass
07:37:59.1 (3223193)|HEAP_ALLOCATE|[1]|Bytes:4
07:37:59.1 (3254275)|HEAP_ALLOCATE|[50]|Bytes:5
07:37:59.1 (3275181)|HEAP_ALLOCATE|[56]|Bytes:5
07:37:59.1 (3283590)|HEAP_ALLOCATE|[64]|Bytes:7
07:37:59.1 (3300179)|SYSTEM_MODE_ENTER|false
07:37:59.1 (3326842)|HEAP_ALLOCATE|[1]|Bytes:5
07:37:59.1 (3339031)|CONSTRUCTOR_ENTRY|[1]|01p6F00000MR10y|<init>()|ParentClass
07:37:59.1 (3365605)|VARIABLE_SCOPE_BEGIN|[1]|this|ParentClass|true|false
07:37:59.1 (3404759)|VARIABLE_ASSIGNMENT|[1]|this|{}|0x1213ba74
07:37:59.1 (3415346)|HEAP_ALLOCATE|[EXTERNAL]|Bytes:6
07:37:59.1 (3451487)|STATEMENT_EXECUTE|[1]
07:37:59.1 (3457174)|CONSTRUCTOR_EXIT|[1]|01p6F00000MR10y|<init>()|ParentClass
07:37:59.1 (3468537)|SYSTEM_MODE_EXIT|false
07:37:59.1 (3487955)|VARIABLE_ASSIGNMENT|[1]|obj1|{}|0x1213ba74
07:37:59.1 (3493815)|STATEMENT_EXECUTE|[2]
07:37:59.1 (3521922)|SYSTEM_MODE_ENTER|false
07:37:59.1 (3540060)|HEAP_ALLOCATE|[2]|Bytes:5
07:37:59.1 (3564252)|METHOD_ENTRY|[2]|01p6F00000MR10y|ParentClass.write()
07:37:59.1 (3587766)|VARIABLE_SCOPE_BEGIN|[3]|this|ParentClass|true|false
07:37:59.1 (3603782)|VARIABLE_ASSIGNMENT|[3]|this|{}|0x1213ba74
07:37:59.1 (3611854)|STATEMENT_EXECUTE|[3]
07:37:59.1 (3613627)|STATEMENT_EXECUTE|[5]
07:37:59.1 (3616885)|HEAP_ALLOCATE|[5]|Bytes:20
07:37:59.1 (3671750)|USER_DEBUG|[5]|DEBUG|This is Parent Class
07:37:59.1 (3684770)|METHOD_EXIT|[2]|01p6F00000MR10y|ParentClass.write()
07:37:59.1 (3691546)|SYSTEM_MODE_EXIT|false
07:37:59.1 (3697592)|STATEMENT_EXECUTE|[3]
07:37:59.1 (3702651)|HEAP_ALLOCATE|[3]|Bytes:1
07:37:59.1 (3707780)|HEAP_ALLOCATE|[3]|Bytes:1
07:37:59.1 (3719536)|METHOD_ENTRY|[1]|01p6F00000MR2GO|ChildClass.ChildClass()
07:37:59.1 (3724136)|STATEMENT_EXECUTE|[1]
07:37:59.1 (3727054)|STATEMENT_EXECUTE|[1]
07:37:59.1 (3730397)|METHOD_EXIT|[1]|ChildClass
07:37:59.1 (3740371)|HEAP_ALLOCATE|[3]|Bytes:4
07:37:59.1 (3761881)|SYSTEM_MODE_ENTER|false
07:37:59.1 (3775178)|HEAP_ALLOCATE|[3]|Bytes:5
07:37:59.1 (3784001)|CONSTRUCTOR_ENTRY|[3]|01p6F00000MR2GO|<init>()|ChildClass
07:37:59.1 (3799083)|VARIABLE_SCOPE_BEGIN|[1]|this|ChildClass|true|false
07:37:59.1 (3820383)|VARIABLE_ASSIGNMENT|[1]|this|{}|0x4f86d72d
07:37:59.1 (3828289)|CONSTRUCTOR_ENTRY|[EXTERNAL]|01p6F00000MR10y|<init>()|ParentClass
07:37:59.1 (3837208)|VARIABLE_SCOPE_BEGIN|[1]|this|ParentClass|true|false
07:37:59.1 (3849034)|VARIABLE_ASSIGNMENT|[1]|this|{}|0x4f86d72d
07:37:59.1 (3864119)|STATEMENT_EXECUTE|[1]
07:37:59.1 (3867916)|CONSTRUCTOR_EXIT|[EXTERNAL]|01p6F00000MR10y|<init>()|ParentClass
07:37:59.1 (3873174)|STATEMENT_EXECUTE|[1]
07:37:59.1 (3875717)|CONSTRUCTOR_EXIT|[3]|01p6F00000MR2GO|<init>()|ChildClass
07:37:59.1 (3883628)|SYSTEM_MODE_EXIT|false
07:37:59.1 (3898686)|VARIABLE_ASSIGNMENT|[3]|obj2|{}|0x4f86d72d
07:37:59.1 (3904102)|STATEMENT_EXECUTE|[4]
07:37:59.1 (3922118)|SYSTEM_MODE_ENTER|false
07:37:59.1 (3933840)|HEAP_ALLOCATE|[4]|Bytes:5
07:37:59.1 (3949276)|METHOD_ENTRY|[4]|01p6F00000MR2GO|ChildClass.write()
07:37:59.1 (3970165)|VARIABLE_SCOPE_BEGIN|[2]|this|ChildClass|true|false
07:37:59.1 (3986127)|VARIABLE_ASSIGNMENT|[2]|this|{}|0x4f86d72d
07:37:59.1 (3993294)|STATEMENT_EXECUTE|[2]
07:37:59.1 (3995031)|STATEMENT_EXECUTE|[3]
07:37:59.1 (4002503)|METHOD_ENTRY|[3]|01p6F00000MR10y|ParentClass.ParentClassAdd()
07:37:59.1 (4027520)|VARIABLE_SCOPE_BEGIN|[8]|this|ParentClass|true|false
07:37:59.1 (4041249)|VARIABLE_ASSIGNMENT|[8]|this|{}|0x4f86d72d
07:37:59.1 (4047702)|STATEMENT_EXECUTE|[8]
07:37:59.1 (4049366)|STATEMENT_EXECUTE|[9]
07:37:59.1 (4053480)|VARIABLE_SCOPE_BEGIN|[9]|IntNum1|Integer|false|false
07:37:59.1 (4063035)|VARIABLE_ASSIGNMENT|[9]|IntNum1|null
07:37:59.1 (4067161)|STATEMENT_EXECUTE|[9]
07:37:59.1 (4069322)|VARIABLE_SCOPE_BEGIN|[9]|IntNum2|Integer|false|false
07:37:59.1 (4076429)|VARIABLE_ASSIGNMENT|[9]|IntNum2|null
07:37:59.1 (4079913)|STATEMENT_EXECUTE|[9]
07:37:59.1 (4083119)|VARIABLE_SCOPE_BEGIN|[9]|IntSum|Integer|false|false
07:37:59.1 (4090126)|HEAP_ALLOCATE|[9]|Bytes:4
07:37:59.1 (4096595)|VARIABLE_ASSIGNMENT|[9]|IntSum|0
07:37:59.1 (4100608)|STATEMENT_EXECUTE|[10]
07:37:59.1 (4185105)|HEAP_ALLOCATE|[10]|Bytes:41
07:37:59.1 (4208937)|METHOD_EXIT|[3]|01p6F00000MR10y|ParentClass.ParentClassAdd()
07:37:59.1 (4216526)|METHOD_EXIT|[4]|01p6F00000MR2GO|ChildClass.write()
07:37:59.1 (4224715)|SYSTEM_MODE_EXIT|false
07:37:59.1 (4314553)|FATAL_ERROR|System.NullPointerException: Attempt to de-reference a null object

Class.ParentClass.ParentClassAdd: line 10, column 1
Class.ChildClass.write: line 3, column 1
AnonymousBlock: line 4, column 1
AnonymousBlock: line 4, column 1
07:37:59.4 (4361780)|CUMULATIVE_LIMIT_USAGE
07:37:59.4 (4361780)|LIMIT_USAGE_FOR_NS|(default)|
  Number of SOQL queries: 0 out of 100
  Number of query rows: 0 out of 50000
  Number of SOSL queries: 0 out of 20
  Number of DML statements: 0 out of 150
  Number of DML rows: 0 out of 10000
  Maximum CPU time: 0 out of 10000
  Maximum heap size: 0 out of 6000000
  Number of callouts: 0 out of 100
  Number of Email Invocations: 0 out of 10
  Number of future calls: 0 out of 50
  Number of queueable jobs added to the queue: 0 out of 50
  Number of Mobile Apex push calls: 0 out of 10

07:37:59.4 (4361780)|CUMULATIVE_LIMIT_USAGE_END

07:37:59.1 (4402905)|CODE_UNIT_FINISHED|execute_anonymous_apex
07:37:59.1 (5232934)|EXECUTION_FINISHED
