43.0 APEX_CODE,FINEST;APEX_PROFILING,INFO;CALLOUT,INFO;DB,INFO;NBA,INFO;SYSTEM,DEBUG;VALIDATION,INFO;VISUALFORCE,INFO;WAVE,INFO;WORKFLOW,INFO
Execute Anonymous: ParentToChild objParentToChild = new ParentToChild();
Execute Anonymous: objParentToChild.AccountToOpp();
Execute Anonymous: 
07:58:15.13 (13654765)|USER_INFO|[EXTERNAL]|0056F00000ATCAZ|ayman.shaikh@gmail.com|Pacific Standard Time|GMT-08:00
07:58:15.13 (13793816)|EXECUTION_STARTED
07:58:15.13 (13799954)|CODE_UNIT_STARTED|[EXTERNAL]|execute_anonymous_apex
07:58:15.13 (14900482)|VARIABLE_SCOPE_BEGIN|[1]|objParentToChild|ParentToChild|true|false
07:58:15.13 (15126104)|HEAP_ALLOCATE|[72]|Bytes:3
07:58:15.13 (15185796)|HEAP_ALLOCATE|[77]|Bytes:152
07:58:15.13 (15201144)|HEAP_ALLOCATE|[342]|Bytes:408
07:58:15.13 (15213804)|HEAP_ALLOCATE|[355]|Bytes:408
07:58:15.13 (15223998)|HEAP_ALLOCATE|[467]|Bytes:48
07:58:15.13 (15249230)|HEAP_ALLOCATE|[139]|Bytes:6
07:58:15.13 (15267953)|HEAP_ALLOCATE|[EXTERNAL]|Bytes:3
07:58:15.13 (15309357)|STATEMENT_EXECUTE|[1]
07:58:15.13 (15312267)|STATEMENT_EXECUTE|[1]
07:58:15.13 (15316346)|HEAP_ALLOCATE|[1]|Bytes:7
07:58:15.13 (15321323)|HEAP_ALLOCATE|[1]|Bytes:8
07:58:15.13 (15364275)|METHOD_ENTRY|[1]|01p6F00000MRjNH|ParentToChild.ParentToChild()
07:58:15.13 (15371338)|STATEMENT_EXECUTE|[1]
07:58:15.13 (15374943)|STATEMENT_EXECUTE|[1]
07:58:15.13 (15387875)|METHOD_EXIT|[1]|ParentToChild
07:58:15.13 (15403295)|HEAP_ALLOCATE|[1]|Bytes:4
07:58:15.13 (15437281)|HEAP_ALLOCATE|[50]|Bytes:5
07:58:15.13 (15457252)|HEAP_ALLOCATE|[56]|Bytes:5
07:58:15.13 (15465970)|HEAP_ALLOCATE|[64]|Bytes:7
07:58:15.13 (15482551)|SYSTEM_MODE_ENTER|false
07:58:15.13 (15509240)|HEAP_ALLOCATE|[1]|Bytes:5
07:58:15.13 (15537486)|CONSTRUCTOR_ENTRY|[1]|01p6F00000MRjNH|<init>()|ParentToChild
07:58:15.13 (15568403)|VARIABLE_SCOPE_BEGIN|[1]|this|ParentToChild|true|false
07:58:15.13 (15607689)|VARIABLE_ASSIGNMENT|[1]|this|{}|0x5e3582eb
07:58:15.13 (15618101)|HEAP_ALLOCATE|[EXTERNAL]|Bytes:6
07:58:15.13 (15654117)|STATEMENT_EXECUTE|[1]
07:58:15.13 (15675535)|CONSTRUCTOR_EXIT|[1]|01p6F00000MRjNH|<init>()|ParentToChild
07:58:15.13 (15690230)|SYSTEM_MODE_EXIT|false
07:58:15.13 (15717469)|VARIABLE_ASSIGNMENT|[1]|objParentToChild|{}|0x5e3582eb
07:58:15.13 (15724681)|STATEMENT_EXECUTE|[2]
07:58:15.13 (15744445)|SYSTEM_MODE_ENTER|false
07:58:15.13 (15760547)|HEAP_ALLOCATE|[2]|Bytes:5
07:58:15.13 (15797388)|METHOD_ENTRY|[2]|01p6F00000MRjNH|ParentToChild.AccountToOpp()
07:58:15.13 (15824263)|VARIABLE_SCOPE_BEGIN|[20]|this|ParentToChild|true|false
07:58:15.13 (15839598)|VARIABLE_ASSIGNMENT|[20]|this|{}|0x5e3582eb
07:58:15.13 (15848670)|STATEMENT_EXECUTE|[20]
07:58:15.13 (15850404)|STATEMENT_EXECUTE|[21]
07:58:15.13 (15853414)|HEAP_ALLOCATE|[21]|Bytes:94
07:58:15.13 (15870144)|HEAP_ALLOCATE|[21]|Bytes:4
07:58:15.13 (16247544)|SOQL_EXECUTE_BEGIN|[21]|Aggregations:1|SELECT Name, (SELECT StageName FROM Opportunities WHERE StageName = 'Closed Won') FROM Account
07:58:15.13 (25327974)|SOQL_EXECUTE_END|[21]|Rows:18
07:58:15.13 (25392956)|HEAP_ALLOCATE|[21]|Bytes:76
07:58:15.13 (25453303)|HEAP_ALLOCATE|[21]|Bytes:2662
07:58:15.13 (25565234)|HEAP_ALLOCATE|[21]|Bytes:76
07:58:15.13 (25583822)|VARIABLE_SCOPE_BEGIN|[21]|AccList|List<Account>|true|false
07:58:15.13 (25616400)|VARIABLE_ASSIGNMENT|[21]|AccList|"List of size 18 too large to display"|0x43096e32
07:58:15.13 (25624504)|STATEMENT_EXECUTE|[30]
07:58:15.13 (25865301)|USER_DEBUG|[30]|DEBUG|(Account:{Name=sForce, Id=0016F00002o0fjCQAQ}, Account:{Name=University of Arizona, Id=0016F00002o0fj8QAA}, Account:{Name=United Oil & Gas Corp., Id=0016F00002o0fj6QAA}, Account:{Name=GenePoint, Id=0016F00002o0fjBQAQ}, Account:{Name=United Oil & Gas, UK, Id=0016F00002o0fj9QAA}, Account:{Name=United Oil & Gas, Singapore, Id=0016F00002o0fjAQAQ}, Account:{Name=Edge Communications, Id=0016F00002o0fj1QAA}, Account:{Name=Burlington Textiles Corp of America, Id=0016F00002o0fj2QAA}, Account:{Name=Pyramid Construction Inc., Id=0016F00002o0fj3QAA}, Account:{Name=Dickenson plc, Id=0016F00002o0fj4QAA}, ...)
07:58:15.13 (25916704)|METHOD_EXIT|[2]|01p6F00000MRjNH|ParentToChild.AccountToOpp()
07:58:15.13 (25927284)|SYSTEM_MODE_EXIT|false
07:58:15.25 (25971500)|CUMULATIVE_LIMIT_USAGE
07:58:15.25 (25971500)|LIMIT_USAGE_FOR_NS|(default)|
  Number of SOQL queries: 1 out of 100
  Number of query rows: 37 out of 50000
  Number of SOSL queries: 0 out of 20
  Number of DML statements: 0 out of 150
  Number of DML rows: 0 out of 10000
  Maximum CPU time: 0 out of 10000
  Maximum heap size: 0 out of 6000000
  Number of callouts: 0 out of 100
  Number of Email Invocations: 0 out of 10
  Number of future calls: 0 out of 50
  Number of queueable jobs added to the queue: 0 out of 50
  Number of Mobile Apex push calls: 0 out of 10

07:58:15.25 (25971500)|CUMULATIVE_LIMIT_USAGE_END

07:58:15.13 (26015315)|CODE_UNIT_FINISHED|execute_anonymous_apex
07:58:15.13 (27382687)|EXECUTION_FINISHED
