44.0 APEX_CODE,FINEST;APEX_PROFILING,INFO;CALLOUT,INFO;DB,INFO;NBA,INFO;SYSTEM,DEBUG;VALIDATION,INFO;VISUALFORCE,INFO;WAVE,INFO;WORKFLOW,INFO
Execute Anonymous: ParentClass obj1, obj2;
Execute Anonymous: obj1 = new ParentClass();
Execute Anonymous: obj1.write();
Execute Anonymous: obj2 = new ChildClass();
Execute Anonymous: obj2.write();
07:13:00.1 (1135565)|USER_INFO|[EXTERNAL]|0056F00000ATCAZ|ayman.shaikh@gmail.com|Pacific Standard Time|GMT-07:00
07:13:00.1 (1154424)|EXECUTION_STARTED
07:13:00.1 (1159190)|CODE_UNIT_STARTED|[EXTERNAL]|execute_anonymous_apex
07:13:00.1 (2120887)|VARIABLE_SCOPE_BEGIN|[1]|obj1|ParentClass|true|false
07:13:00.1 (2136460)|VARIABLE_SCOPE_BEGIN|[1]|obj2|ParentClass|true|false
07:13:00.1 (2254976)|HEAP_ALLOCATE|[72]|Bytes:3
07:13:00.1 (2291127)|HEAP_ALLOCATE|[77]|Bytes:152
07:13:00.1 (2306452)|HEAP_ALLOCATE|[342]|Bytes:408
07:13:00.1 (2323244)|HEAP_ALLOCATE|[355]|Bytes:408
07:13:00.1 (2338728)|HEAP_ALLOCATE|[467]|Bytes:48
07:13:00.1 (2364728)|HEAP_ALLOCATE|[139]|Bytes:6
07:13:00.1 (2388670)|HEAP_ALLOCATE|[EXTERNAL]|Bytes:9
07:13:00.1 (2422412)|STATEMENT_EXECUTE|[1]
07:13:00.1 (2424993)|STATEMENT_EXECUTE|[1]
07:13:00.1 (2442126)|VARIABLE_ASSIGNMENT|[1]|obj1|null|
07:13:00.1 (2447908)|STATEMENT_EXECUTE|[1]
07:13:00.1 (2453327)|VARIABLE_ASSIGNMENT|[1]|obj2|null|
07:13:00.1 (2457906)|STATEMENT_EXECUTE|[2]
07:13:00.1 (2461366)|HEAP_ALLOCATE|[2]|Bytes:3
07:13:00.1 (2466596)|HEAP_ALLOCATE|[2]|Bytes:4
07:13:00.1 (2495271)|METHOD_ENTRY|[1]|01p6F00000MR10y|ParentClass.ParentClass()
07:13:00.1 (2502087)|STATEMENT_EXECUTE|[1]
07:13:00.1 (2505365)|STATEMENT_EXECUTE|[1]
07:13:00.1 (2510211)|METHOD_EXIT|[1]|ParentClass
07:13:00.1 (2524807)|HEAP_ALLOCATE|[2]|Bytes:4
07:13:00.1 (2553873)|HEAP_ALLOCATE|[50]|Bytes:5
07:13:00.1 (2574306)|HEAP_ALLOCATE|[56]|Bytes:5
07:13:00.1 (2583532)|HEAP_ALLOCATE|[64]|Bytes:7
07:13:00.1 (2601256)|SYSTEM_MODE_ENTER|false
07:13:00.1 (2627082)|HEAP_ALLOCATE|[2]|Bytes:5
07:13:00.1 (2638925)|CONSTRUCTOR_ENTRY|[2]|01p6F00000MR10y|<init>()|ParentClass
07:13:00.1 (2663948)|VARIABLE_SCOPE_BEGIN|[1]|this|ParentClass|true|false
07:13:00.1 (2696754)|VARIABLE_ASSIGNMENT|[1]|this|{}|0x1ad3cfe3
07:13:00.1 (2706752)|HEAP_ALLOCATE|[EXTERNAL]|Bytes:6
07:13:00.1 (2737712)|STATEMENT_EXECUTE|[1]
07:13:00.1 (2742721)|CONSTRUCTOR_EXIT|[2]|01p6F00000MR10y|<init>()|ParentClass
07:13:00.1 (2753665)|SYSTEM_MODE_EXIT|false
07:13:00.1 (2770076)|VARIABLE_ASSIGNMENT|[2]|obj1|{}|0x1ad3cfe3
07:13:00.1 (2776467)|STATEMENT_EXECUTE|[3]
07:13:00.1 (2795472)|SYSTEM_MODE_ENTER|false
07:13:00.1 (2812338)|HEAP_ALLOCATE|[3]|Bytes:5
07:13:00.1 (2838452)|METHOD_ENTRY|[3]|01p6F00000MR10y|ParentClass.write()
07:13:00.1 (2860155)|VARIABLE_SCOPE_BEGIN|[3]|this|ParentClass|true|false
07:13:00.1 (2874310)|VARIABLE_ASSIGNMENT|[3]|this|{}|0x1ad3cfe3
07:13:00.1 (2883704)|STATEMENT_EXECUTE|[3]
07:13:00.1 (2885256)|STATEMENT_EXECUTE|[5]
07:13:00.1 (2888143)|HEAP_ALLOCATE|[5]|Bytes:20
07:13:00.1 (2941153)|USER_DEBUG|[5]|DEBUG|This is Parent Class
07:13:00.1 (2953719)|METHOD_EXIT|[3]|01p6F00000MR10y|ParentClass.write()
07:13:00.1 (2960258)|SYSTEM_MODE_EXIT|false
07:13:00.1 (2966070)|STATEMENT_EXECUTE|[4]
07:13:00.1 (3544599)|HEAP_ALLOCATE|[4]|Bytes:1
07:13:00.1 (3554689)|HEAP_ALLOCATE|[4]|Bytes:1
07:13:00.1 (3567941)|METHOD_ENTRY|[1]|01p6F00000MR2GO|ChildClass.ChildClass()
07:13:00.1 (3573677)|STATEMENT_EXECUTE|[1]
07:13:00.1 (3577246)|STATEMENT_EXECUTE|[1]
07:13:00.1 (3580961)|METHOD_EXIT|[1]|ChildClass
07:13:00.1 (3592508)|HEAP_ALLOCATE|[4]|Bytes:4
07:13:00.1 (3612996)|SYSTEM_MODE_ENTER|false
07:13:00.1 (3626290)|HEAP_ALLOCATE|[4]|Bytes:5
07:13:00.1 (3634969)|CONSTRUCTOR_ENTRY|[4]|01p6F00000MR2GO|<init>()|ChildClass
07:13:00.1 (3651331)|VARIABLE_SCOPE_BEGIN|[1]|this|ChildClass|true|false
07:13:00.1 (3672751)|VARIABLE_ASSIGNMENT|[1]|this|{}|0x582882a6
07:13:00.1 (3681529)|CONSTRUCTOR_ENTRY|[EXTERNAL]|01p6F00000MR10y|<init>()|ParentClass
07:13:00.1 (3690567)|VARIABLE_SCOPE_BEGIN|[1]|this|ParentClass|true|false
07:13:00.1 (3702737)|VARIABLE_ASSIGNMENT|[1]|this|{}|0x582882a6
07:13:00.1 (3718295)|STATEMENT_EXECUTE|[1]
07:13:00.1 (3721461)|CONSTRUCTOR_EXIT|[EXTERNAL]|01p6F00000MR10y|<init>()|ParentClass
07:13:00.1 (3727209)|STATEMENT_EXECUTE|[1]
07:13:00.1 (3729535)|CONSTRUCTOR_EXIT|[4]|01p6F00000MR2GO|<init>()|ChildClass
07:13:00.1 (3737740)|SYSTEM_MODE_EXIT|false
07:13:00.1 (3757755)|VARIABLE_ASSIGNMENT|[4]|obj2|{}|0x582882a6
07:13:00.1 (3763761)|STATEMENT_EXECUTE|[5]
07:13:00.1 (3780085)|SYSTEM_MODE_ENTER|false
07:13:00.1 (3790199)|HEAP_ALLOCATE|[5]|Bytes:5
07:13:00.1 (3806938)|METHOD_ENTRY|[5]|01p6F00000MR2GO|ChildClass.write()
07:13:00.1 (3827273)|VARIABLE_SCOPE_BEGIN|[2]|this|ChildClass|true|false
07:13:00.1 (3859706)|VARIABLE_ASSIGNMENT|[2]|this|{}|0x582882a6
07:13:00.1 (3868792)|STATEMENT_EXECUTE|[2]
07:13:00.1 (3870319)|STATEMENT_EXECUTE|[3]
07:13:00.1 (3877211)|METHOD_ENTRY|[3]|01p6F00000MR10y|ParentClass.ParentClassAdd()
07:13:00.1 (3901631)|VARIABLE_SCOPE_BEGIN|[8]|this|ParentClass|true|false
07:13:00.1 (3914933)|VARIABLE_ASSIGNMENT|[8]|this|{}|0x582882a6
07:13:00.1 (3921250)|STATEMENT_EXECUTE|[8]
07:13:00.1 (3922775)|STATEMENT_EXECUTE|[9]
07:13:00.1 (3926548)|VARIABLE_SCOPE_BEGIN|[9]|IntNum1|Integer|false|false
07:13:00.1 (3936641)|VARIABLE_ASSIGNMENT|[9]|IntNum1|null
07:13:00.1 (3940457)|STATEMENT_EXECUTE|[9]
07:13:00.1 (3942477)|VARIABLE_SCOPE_BEGIN|[9]|IntNum2|Integer|false|false
07:13:00.1 (3949684)|VARIABLE_ASSIGNMENT|[9]|IntNum2|null
07:13:00.1 (3953636)|STATEMENT_EXECUTE|[9]
07:13:00.1 (3956655)|VARIABLE_SCOPE_BEGIN|[9]|IntSum|Integer|false|false
07:13:00.1 (3963256)|HEAP_ALLOCATE|[9]|Bytes:4
07:13:00.1 (3970413)|VARIABLE_ASSIGNMENT|[9]|IntSum|0
07:13:00.1 (3974404)|STATEMENT_EXECUTE|[10]
07:13:00.1 (4023371)|HEAP_ALLOCATE|[10]|Bytes:41
07:13:00.1 (4039059)|METHOD_EXIT|[3]|01p6F00000MR10y|ParentClass.ParentClassAdd()
07:13:00.1 (4045356)|METHOD_EXIT|[5]|01p6F00000MR2GO|ChildClass.write()
07:13:00.1 (4052861)|SYSTEM_MODE_EXIT|false
07:13:00.1 (4140353)|FATAL_ERROR|System.NullPointerException: Attempt to de-reference a null object

Class.ParentClass.ParentClassAdd: line 10, column 1
Class.ChildClass.write: line 3, column 1
AnonymousBlock: line 5, column 1
AnonymousBlock: line 5, column 1
07:13:00.4 (4183064)|CUMULATIVE_LIMIT_USAGE
07:13:00.4 (4183064)|LIMIT_USAGE_FOR_NS|(default)|
  Number of SOQL queries: 0 out of 100
  Number of query rows: 0 out of 50000
  Number of SOSL queries: 0 out of 20
  Number of DML statements: 0 out of 150
  Number of DML rows: 0 out of 10000
  Maximum CPU time: 0 out of 10000
  Maximum heap size: 0 out of 6000000
  Number of callouts: 0 out of 100
  Number of Email Invocations: 0 out of 10
  Number of future calls: 0 out of 50
  Number of queueable jobs added to the queue: 0 out of 50
  Number of Mobile Apex push calls: 0 out of 10

07:13:00.4 (4183064)|CUMULATIVE_LIMIT_USAGE_END

07:13:00.1 (4214226)|CODE_UNIT_FINISHED|execute_anonymous_apex
07:13:00.1 (5059326)|EXECUTION_FINISHED
