44.0 APEX_CODE,FINEST;APEX_PROFILING,INFO;CALLOUT,INFO;DB,INFO;NBA,INFO;SYSTEM,DEBUG;VALIDATION,INFO;VISUALFORCE,INFO;WAVE,INFO;WORKFLOW,INFO
Execute Anonymous: ParentToChild objParentToChild = new ParentToChild();
Execute Anonymous: objParentToChild.AccountToContact();
07:39:40.1 (1043137)|USER_INFO|[EXTERNAL]|0056F00000ATCAZ|ayman.shaikh@gmail.com|Pacific Standard Time|GMT-08:00
07:39:40.1 (1066185)|EXECUTION_STARTED
07:39:40.1 (1071484)|CODE_UNIT_STARTED|[EXTERNAL]|execute_anonymous_apex
07:39:40.1 (9213185)|VARIABLE_SCOPE_BEGIN|[1]|objParentToChild|ParentToChild|true|false
07:39:40.1 (9333682)|HEAP_ALLOCATE|[72]|Bytes:3
07:39:40.1 (9373913)|HEAP_ALLOCATE|[77]|Bytes:152
07:39:40.1 (9387726)|HEAP_ALLOCATE|[342]|Bytes:408
07:39:40.1 (9400892)|HEAP_ALLOCATE|[355]|Bytes:408
07:39:40.1 (9412343)|HEAP_ALLOCATE|[467]|Bytes:48
07:39:40.1 (9438273)|HEAP_ALLOCATE|[139]|Bytes:6
07:39:40.1 (9461630)|HEAP_ALLOCATE|[EXTERNAL]|Bytes:3
07:39:40.1 (9488252)|STATEMENT_EXECUTE|[1]
07:39:40.1 (9490774)|STATEMENT_EXECUTE|[1]
07:39:40.1 (9494801)|HEAP_ALLOCATE|[1]|Bytes:6
07:39:40.1 (9500108)|HEAP_ALLOCATE|[1]|Bytes:7
07:39:40.1 (9529083)|METHOD_ENTRY|[1]|01p6F00000MRjNH|ParentToChild.ParentToChild()
07:39:40.1 (9535840)|STATEMENT_EXECUTE|[1]
07:39:40.1 (9539679)|STATEMENT_EXECUTE|[1]
07:39:40.1 (9544839)|METHOD_EXIT|[1]|ParentToChild
07:39:40.1 (9562577)|HEAP_ALLOCATE|[1]|Bytes:4
07:39:40.1 (9594641)|HEAP_ALLOCATE|[50]|Bytes:5
07:39:40.1 (9616146)|HEAP_ALLOCATE|[56]|Bytes:5
07:39:40.1 (9623748)|HEAP_ALLOCATE|[64]|Bytes:7
07:39:40.1 (9641864)|SYSTEM_MODE_ENTER|false
07:39:40.1 (9673547)|HEAP_ALLOCATE|[1]|Bytes:5
07:39:40.1 (9686114)|CONSTRUCTOR_ENTRY|[1]|01p6F00000MRjNH|<init>()|ParentToChild
07:39:40.1 (9710823)|VARIABLE_SCOPE_BEGIN|[1]|this|ParentToChild|true|false
07:39:40.1 (9751230)|VARIABLE_ASSIGNMENT|[1]|this|{}|0x3836f9d7
07:39:40.1 (9761834)|HEAP_ALLOCATE|[EXTERNAL]|Bytes:6
07:39:40.1 (9792260)|STATEMENT_EXECUTE|[1]
07:39:40.1 (9797619)|CONSTRUCTOR_EXIT|[1]|01p6F00000MRjNH|<init>()|ParentToChild
07:39:40.1 (9808878)|SYSTEM_MODE_EXIT|false
07:39:40.1 (9828366)|VARIABLE_ASSIGNMENT|[1]|objParentToChild|{}|0x3836f9d7
07:39:40.1 (9835317)|STATEMENT_EXECUTE|[2]
07:39:40.1 (9855941)|SYSTEM_MODE_ENTER|false
07:39:40.1 (9872857)|HEAP_ALLOCATE|[2]|Bytes:5
07:39:40.1 (9899101)|METHOD_ENTRY|[2]|01p6F00000MRjNH|ParentToChild.AccountToContact()
07:39:40.1 (9920123)|VARIABLE_SCOPE_BEGIN|[2]|this|ParentToChild|true|false
07:39:40.1 (9935029)|VARIABLE_ASSIGNMENT|[2]|this|{}|0x3836f9d7
07:39:40.1 (9944479)|STATEMENT_EXECUTE|[2]
07:39:40.1 (9946123)|STATEMENT_EXECUTE|[3]
07:39:40.1 (9949089)|HEAP_ALLOCATE|[3]|Bytes:100
07:39:40.1 (9970954)|HEAP_ALLOCATE|[3]|Bytes:4
07:39:40.1 (10268842)|SOQL_EXECUTE_BEGIN|[3]|Aggregations:1|SELECT Account.Name, (SELECT Contact.FirstName, Contact.LastName FROM Account.Contacts) FROM Account
07:39:40.1 (26304796)|SOQL_EXECUTE_END|[3]|Rows:18
07:39:40.1 (26364564)|HEAP_ALLOCATE|[3]|Bytes:76
07:39:40.1 (26453765)|HEAP_ALLOCATE|[3]|Bytes:4068
07:39:40.1 (26554821)|HEAP_ALLOCATE|[3]|Bytes:76
07:39:40.1 (26568969)|VARIABLE_SCOPE_BEGIN|[3]|AccList|List<Account>|true|false
07:39:40.1 (26596086)|VARIABLE_ASSIGNMENT|[3]|AccList|"List of size 18 too large to display"|0x9e913f7
07:39:40.1 (26602685)|STATEMENT_EXECUTE|[4]
07:39:40.1 (26724925)|USER_DEBUG|[4]|DEBUG|(Account:{Name=sForce, Id=0016F00002o0fjCQAQ}, Account:{Name=University of Arizona, Id=0016F00002o0fj8QAA}, Account:{Name=United Oil & Gas Corp., Id=0016F00002o0fj6QAA}, Account:{Name=GenePoint, Id=0016F00002o0fjBQAQ}, Account:{Name=United Oil & Gas, UK, Id=0016F00002o0fj9QAA}, Account:{Name=United Oil & Gas, Singapore, Id=0016F00002o0fjAQAQ}, Account:{Name=Edge Communications, Id=0016F00002o0fj1QAA}, Account:{Name=Burlington Textiles Corp of America, Id=0016F00002o0fj2QAA}, Account:{Name=Pyramid Construction Inc., Id=0016F00002o0fj3QAA}, Account:{Name=Dickenson plc, Id=0016F00002o0fj4QAA}, ...)
07:39:40.1 (26748540)|METHOD_EXIT|[2]|01p6F00000MRjNH|ParentToChild.AccountToContact()
07:39:40.1 (26757018)|SYSTEM_MODE_EXIT|false
07:39:40.26 (26783292)|CUMULATIVE_LIMIT_USAGE
07:39:40.26 (26783292)|LIMIT_USAGE_FOR_NS|(default)|
  Number of SOQL queries: 1 out of 100
  Number of query rows: 51 out of 50000
  Number of SOSL queries: 0 out of 20
  Number of DML statements: 0 out of 150
  Number of DML rows: 0 out of 10000
  Maximum CPU time: 0 out of 10000
  Maximum heap size: 0 out of 6000000
  Number of callouts: 0 out of 100
  Number of Email Invocations: 0 out of 10
  Number of future calls: 0 out of 50
  Number of queueable jobs added to the queue: 0 out of 50
  Number of Mobile Apex push calls: 0 out of 10

07:39:40.26 (26783292)|CUMULATIVE_LIMIT_USAGE_END

07:39:40.1 (26821139)|CODE_UNIT_FINISHED|execute_anonymous_apex
07:39:40.1 (27930528)|EXECUTION_FINISHED
