44.0 APEX_CODE,FINEST;APEX_PROFILING,INFO;CALLOUT,INFO;DB,INFO;NBA,INFO;SYSTEM,DEBUG;VALIDATION,INFO;VISUALFORCE,INFO;WAVE,INFO;WORKFLOW,INFO
Execute Anonymous: DatabaseQueryAndSearch objDatabaseQueryAndSearch = new DatabaseQueryAndSearch();
Execute Anonymous: objDatabaseQueryAndSearch.DatabaseQuery();
05:53:03.1 (1081817)|USER_INFO|[EXTERNAL]|0056F00000ATCAZ|ayman.shaikh@gmail.com|Pacific Standard Time|GMT-07:00
05:53:03.1 (1103168)|EXECUTION_STARTED
05:53:03.1 (1107761)|CODE_UNIT_STARTED|[EXTERNAL]|execute_anonymous_apex
05:53:03.1 (9198853)|VARIABLE_SCOPE_BEGIN|[1]|objDatabaseQueryAndSearch|DatabaseQueryAndSearch|true|false
05:53:03.1 (9354175)|HEAP_ALLOCATE|[72]|Bytes:3
05:53:03.1 (9404038)|HEAP_ALLOCATE|[77]|Bytes:152
05:53:03.1 (9422787)|HEAP_ALLOCATE|[342]|Bytes:408
05:53:03.1 (9442680)|HEAP_ALLOCATE|[355]|Bytes:408
05:53:03.1 (9460827)|HEAP_ALLOCATE|[467]|Bytes:48
05:53:03.1 (9493496)|HEAP_ALLOCATE|[139]|Bytes:6
05:53:03.1 (9516956)|HEAP_ALLOCATE|[EXTERNAL]|Bytes:3
05:53:03.1 (9549554)|STATEMENT_EXECUTE|[1]
05:53:03.1 (9554000)|STATEMENT_EXECUTE|[1]
05:53:03.1 (9558401)|HEAP_ALLOCATE|[1]|Bytes:3
05:53:03.1 (9592653)|METHOD_ENTRY|[1]|01p6F00000MRIMH|DatabaseQueryAndSearch.DatabaseQueryAndSearch()
05:53:03.1 (9600735)|STATEMENT_EXECUTE|[1]
05:53:03.1 (9605443)|STATEMENT_EXECUTE|[1]
05:53:03.1 (9638919)|HEAP_ALLOCATE|[50]|Bytes:5
05:53:03.1 (9666373)|HEAP_ALLOCATE|[56]|Bytes:5
05:53:03.1 (9676608)|HEAP_ALLOCATE|[64]|Bytes:7
05:53:03.1 (9697192)|SYSTEM_MODE_ENTER|false
05:53:03.1 (9714873)|HEAP_ALLOCATE|[1]|Bytes:5
05:53:03.1 (9723884)|SYSTEM_MODE_EXIT|false
05:53:03.1 (9734525)|METHOD_EXIT|[1]|DatabaseQueryAndSearch
05:53:03.1 (9750471)|HEAP_ALLOCATE|[1]|Bytes:4
05:53:03.1 (9774314)|SYSTEM_MODE_ENTER|false
05:53:03.1 (9800777)|HEAP_ALLOCATE|[1]|Bytes:5
05:53:03.1 (9815344)|CONSTRUCTOR_ENTRY|[1]|01p6F00000MRIMH|<init>()|DatabaseQueryAndSearch
05:53:03.1 (9846007)|VARIABLE_SCOPE_BEGIN|[1]|this|DatabaseQueryAndSearch|true|false
05:53:03.1 (9900244)|VARIABLE_ASSIGNMENT|[1]|this|{}|0x720b95f7
05:53:03.1 (9913757)|HEAP_ALLOCATE|[EXTERNAL]|Bytes:5
05:53:03.1 (9923390)|HEAP_ALLOCATE|[EXTERNAL]|Bytes:6
05:53:03.1 (9964084)|STATEMENT_EXECUTE|[1]
05:53:03.1 (9969735)|HEAP_ALLOCATE|[EXTERNAL]|Bytes:5
05:53:03.1 (9980520)|CONSTRUCTOR_EXIT|[1]|01p6F00000MRIMH|<init>()|DatabaseQueryAndSearch
05:53:03.1 (9990664)|SYSTEM_MODE_EXIT|false
05:53:03.1 (10011267)|VARIABLE_ASSIGNMENT|[1]|objDatabaseQueryAndSearch|{}|0x720b95f7
05:53:03.1 (10020905)|STATEMENT_EXECUTE|[2]
05:53:03.1 (10044558)|SYSTEM_MODE_ENTER|false
05:53:03.1 (10064193)|HEAP_ALLOCATE|[2]|Bytes:5
05:53:03.1 (10095168)|METHOD_ENTRY|[2]|01p6F00000MRIMH|DatabaseQueryAndSearch.DatabaseQuery()
05:53:03.1 (10120157)|VARIABLE_SCOPE_BEGIN|[2]|this|DatabaseQueryAndSearch|true|false
05:53:03.1 (10137799)|VARIABLE_ASSIGNMENT|[2]|this|{}|0x720b95f7
05:53:03.1 (10153052)|HEAP_ALLOCATE|[3]|Bytes:5
05:53:03.1 (10159086)|STATEMENT_EXECUTE|[2]
05:53:03.1 (10161529)|STATEMENT_EXECUTE|[3]
05:53:03.1 (10165195)|HEAP_ALLOCATE|[3]|Bytes:6
05:53:03.1 (10172844)|VARIABLE_SCOPE_BEGIN|[3]|myTestString|String|false|false
05:53:03.1 (10191799)|VARIABLE_ASSIGNMENT|[3]|myTestString|"Sharma"
05:53:03.1 (10197575)|STATEMENT_EXECUTE|[5]
05:53:03.1 (10200648)|HEAP_ALLOCATE|[5]|Bytes:61
05:53:03.1 (11920103)|SOQL_EXECUTE_BEGIN|[5]|Aggregations:0|SELECT Id FROM Employee__c WHERE Last_Name__c = :myTestString
05:53:03.1 (24262834)|SOQL_EXECUTE_END|[5]|Rows:1
05:53:03.1 (24289701)|HEAP_ALLOCATE|[5]|Bytes:8
05:53:03.1 (24308915)|HEAP_ALLOCATE|[5]|Bytes:63
05:53:03.1 (24418566)|HEAP_ALLOCATE|[5]|Bytes:8
05:53:03.1 (24437526)|VARIABLE_SCOPE_BEGIN|[5]|sobjList|List<SObject>|true|false
05:53:03.1 (24468742)|VARIABLE_ASSIGNMENT|[5]|sobjList|[{"Id":"a056F00000lJu6gQAC","RecordTypeId":"0126F000001ZLELQA4"}]|0x7fb48656
05:53:03.1 (24481607)|METHOD_EXIT|[2]|01p6F00000MRIMH|DatabaseQueryAndSearch.DatabaseQuery()
05:53:03.1 (24488048)|SYSTEM_MODE_EXIT|false
05:53:03.24 (24510819)|CUMULATIVE_LIMIT_USAGE
05:53:03.24 (24510819)|LIMIT_USAGE_FOR_NS|(default)|
  Number of SOQL queries: 1 out of 100
  Number of query rows: 1 out of 50000
  Number of SOSL queries: 0 out of 20
  Number of DML statements: 0 out of 150
  Number of DML rows: 0 out of 10000
  Maximum CPU time: 0 out of 10000
  Maximum heap size: 0 out of 6000000
  Number of callouts: 0 out of 100
  Number of Email Invocations: 0 out of 10
  Number of future calls: 0 out of 50
  Number of queueable jobs added to the queue: 0 out of 50
  Number of Mobile Apex push calls: 0 out of 10

05:53:03.24 (24510819)|CUMULATIVE_LIMIT_USAGE_END

05:53:03.1 (24543542)|CODE_UNIT_FINISHED|execute_anonymous_apex
05:53:03.1 (25671335)|EXECUTION_FINISHED
