44.0 APEX_CODE,DEBUG;APEX_PROFILING,INFO;CALLOUT,INFO;DB,INFO;NBA,INFO;SYSTEM,DEBUG;VALIDATION,INFO;VISUALFORCE,DEBUG;WAVE,INFO;WORKFLOW,INFO
07:17:19.0 (364932)|USER_INFO|[EXTERNAL]|0056F00000ATCAZ|ayman.shaikh@gmail.com|Pacific Standard Time|GMT-07:00
07:17:19.0 (422884)|EXECUTION_STARTED
07:17:19.0 (428546)|CODE_UNIT_STARTED|[EXTERNAL]|Workflow:01I6F000002DYLm
07:17:19.0 (12204340)|WF_RULE_EVAL_BEGIN|Workflow
07:17:19.0 (12309924)|WF_CRITERIA_BEGIN|[Project Details: PRJ-0023 a096F00002KiKed]|New project created|01Q6F0000015jJD|ON_CREATE_ONLY|0
07:17:19.0 (14580734)|WF_RULE_FILTER|[Project Details : Created By equals Ayman Shaikh]
07:17:19.0 (14640368)|WF_RULE_EVAL_VALUE|0056F00000ATCAZ
07:17:19.0 (14676072)|WF_CRITERIA_END|true
07:17:19.0 (15433746)|WF_CRITERIA_BEGIN|[Project Details: PRJ-0023 a096F00002KiKed]|Email 5 days prior|01Q6F0000015jQd|ON_CREATE_OR_TRIGGERING_UPDATE|0
07:17:19.0 (15920155)|WF_FORMULA|Formula:ENCODED:[treatNullAsNull]{!ID:00N6F00000Rgvx0}   -  TODAY() <= 5|Values:End_Date__c=2018-10-31 00:00:00
07:17:19.0 (15956903)|WF_CRITERIA_END|false
07:17:19.0 (15980342)|WF_CRITERIA_BEGIN|[Project Details: PRJ-0023 a096F00002KiKed]|End Date Today|01Q6F0000015jQY|ON_ALL_CHANGES|0
07:17:19.0 (16155170)|WF_FORMULA|Formula:ENCODED:[treatNullAsNull]{!ID:00N6F00000Rgvx0} = TODAY()|Values:End_Date__c=2018-10-31 00:00:00
07:17:19.0 (16167887)|WF_CRITERIA_END|false
07:17:19.0 (16200925)|WF_SPOOL_ACTION_BEGIN|Workflow
07:17:19.0 (19639582)|WF_RULE_INVOCATION|[Project Details: PRJ-0023 a096F00002KiKed]
07:17:19.0 (19722859)|WF_ACTION_TASK|Task:New project is created|Id=01V6F000000kDAm|CurrentRule:New project created (Id=01Q6F0000015jJD)|AssignedTo:Ayman Shaikh|DueDate:Sun Oct 28 00:00:00 GMT 2018
07:17:19.0 (19749024)|WF_RULE_INVOCATION|[Project Details: PRJ-0023 a096F00002KiKed]
07:17:19.0 (19756463)|WF_EMAIL_ALERT|Id=01W6F000000kHYI|CurrentRule:New project created (Id=01Q6F0000015jJD)
07:17:19.0 (47524576)|WF_EMAIL_SENT|Template:00X6F0000027G47|Recipients:ayman.shaikh@eternussolutions.com |CcEmails:
07:17:19.0 (47590026)|WF_ACTION| Task: 1; Email Alert: 1;
07:17:19.0 (47606316)|WF_RULE_EVAL_END
07:17:19.0 (79716856)|WF_ACTIONS_END| Task: 1; Email Alert: 1;
07:17:19.0 (79735701)|CODE_UNIT_FINISHED|Workflow:01I6F000002DYLm
07:17:19.0 (79746634)|EXECUTION_FINISHED
