44.0 APEX_CODE,FINEST;APEX_PROFILING,INFO;CALLOUT,INFO;DB,INFO;NBA,INFO;SYSTEM,DEBUG;VALIDATION,INFO;VISUALFORCE,INFO;WAVE,INFO;WORKFLOW,INFO
Execute Anonymous: LeadRecordStatus objLeadRecordStatus= new LeadRecordStatus();
Execute Anonymous: objLeadRecordStatus.updaterecord();
03:54:05.1 (1209587)|USER_INFO|[EXTERNAL]|0056F00000ATCAZ|ayman.shaikh@gmail.com|Pacific Standard Time|GMT-07:00
03:54:05.1 (1230569)|EXECUTION_STARTED
03:54:05.1 (1235394)|CODE_UNIT_STARTED|[EXTERNAL]|execute_anonymous_apex
03:54:05.1 (2504197)|VARIABLE_SCOPE_BEGIN|[1]|objLeadRecordStatus|LeadRecordStatus|true|false
03:54:05.1 (2612292)|HEAP_ALLOCATE|[72]|Bytes:3
03:54:05.1 (2640532)|HEAP_ALLOCATE|[77]|Bytes:152
03:54:05.1 (2651965)|HEAP_ALLOCATE|[342]|Bytes:408
03:54:05.1 (2664254)|HEAP_ALLOCATE|[355]|Bytes:408
03:54:05.1 (2676173)|HEAP_ALLOCATE|[467]|Bytes:48
03:54:05.1 (2700530)|HEAP_ALLOCATE|[139]|Bytes:6
03:54:05.1 (2726038)|HEAP_ALLOCATE|[EXTERNAL]|Bytes:3
03:54:05.1 (2773623)|STATEMENT_EXECUTE|[1]
03:54:05.1 (2778030)|STATEMENT_EXECUTE|[1]
03:54:05.1 (2784978)|HEAP_ALLOCATE|[1]|Bytes:1
03:54:05.1 (2796597)|HEAP_ALLOCATE|[1]|Bytes:1
03:54:05.1 (2835776)|METHOD_ENTRY|[1]|01p6F00000MRI3z|LeadRecordStatus.LeadRecordStatus()
03:54:05.1 (2846031)|STATEMENT_EXECUTE|[1]
03:54:05.1 (2851563)|STATEMENT_EXECUTE|[1]
03:54:05.1 (2889527)|HEAP_ALLOCATE|[50]|Bytes:5
03:54:05.1 (2923092)|HEAP_ALLOCATE|[56]|Bytes:5
03:54:05.1 (2939486)|HEAP_ALLOCATE|[64]|Bytes:7
03:54:05.1 (2966244)|SYSTEM_MODE_ENTER|false
03:54:05.1 (2990885)|HEAP_ALLOCATE|[1]|Bytes:5
03:54:05.1 (3002860)|SYSTEM_MODE_EXIT|false
03:54:05.1 (3019322)|METHOD_EXIT|[1]|LeadRecordStatus
03:54:05.1 (3037372)|HEAP_ALLOCATE|[1]|Bytes:4
03:54:05.1 (3075003)|SYSTEM_MODE_ENTER|false
03:54:05.1 (3107710)|HEAP_ALLOCATE|[1]|Bytes:5
03:54:05.1 (3127948)|CONSTRUCTOR_ENTRY|[1]|01p6F00000MRI3z|<init>()|LeadRecordStatus
03:54:05.1 (3165147)|VARIABLE_SCOPE_BEGIN|[1]|this|LeadRecordStatus|true|false
03:54:05.1 (3223598)|VARIABLE_ASSIGNMENT|[1]|this|{}|0x35115ff1
03:54:05.1 (3244033)|HEAP_ALLOCATE|[EXTERNAL]|Bytes:5
03:54:05.1 (3259063)|HEAP_ALLOCATE|[EXTERNAL]|Bytes:6
03:54:05.1 (3313887)|STATEMENT_EXECUTE|[1]
03:54:05.1 (3322640)|HEAP_ALLOCATE|[EXTERNAL]|Bytes:5
03:54:05.1 (3343100)|CONSTRUCTOR_EXIT|[1]|01p6F00000MRI3z|<init>()|LeadRecordStatus
03:54:05.1 (3355730)|SYSTEM_MODE_EXIT|false
03:54:05.1 (3382412)|VARIABLE_ASSIGNMENT|[1]|objLeadRecordStatus|{}|0x35115ff1
03:54:05.1 (3389639)|STATEMENT_EXECUTE|[2]
03:54:05.1 (3423442)|SYSTEM_MODE_ENTER|false
03:54:05.1 (3453575)|HEAP_ALLOCATE|[2]|Bytes:5
03:54:05.1 (3490880)|METHOD_ENTRY|[2]|01p6F00000MRI3z|LeadRecordStatus.updaterecord()
03:54:05.1 (3528775)|VARIABLE_SCOPE_BEGIN|[2]|this|LeadRecordStatus|true|false
03:54:05.1 (3555403)|VARIABLE_ASSIGNMENT|[2]|this|{}|0x35115ff1
03:54:05.1 (3582645)|HEAP_ALLOCATE|[3]|Bytes:5
03:54:05.1 (3592925)|STATEMENT_EXECUTE|[2]
03:54:05.1 (3595676)|STATEMENT_EXECUTE|[3]
03:54:05.1 (3600417)|HEAP_ALLOCATE|[3]|Bytes:54
03:54:05.1 (3627905)|HEAP_ALLOCATE|[3]|Bytes:4
03:54:05.1 (4006918)|SOQL_EXECUTE_BEGIN|[3]|Aggregations:0|SELECT Id, Name, Status FROM Lead WHERE Status = 'Won'
03:54:05.1 (10576051)|SOQL_EXECUTE_END|[3]|Rows:2
03:54:05.1 (10613772)|HEAP_ALLOCATE|[3]|Bytes:12
03:54:05.1 (10638906)|HEAP_ALLOCATE|[3]|Bytes:190
03:54:05.1 (10741508)|HEAP_ALLOCATE|[3]|Bytes:12
03:54:05.1 (10765772)|VARIABLE_SCOPE_BEGIN|[3]|leadlist|List<Lead>|true|false
03:54:05.1 (10824760)|VARIABLE_ASSIGNMENT|[3]|leadlist|[{"Id":"00Q6F00001DpBKHUA3","Name":"LINA KAPOOR","Status":"Won","RecordTypeId":"0126F000001ZMsYQAW"},{"Id":"00Q6F00001EyxYJUAZ","Name":"Tina Sharma","Status":"Won","RecordTypeId":"0126F000001ZMsYQAW"}]|0x8a26bb0
03:54:05.1 (11075558)|HEAP_ALLOCATE|[4]|Bytes:5
03:54:05.1 (11129364)|HEAP_ALLOCATE|[4]|Bytes:20
03:54:05.1 (11148459)|VARIABLE_SCOPE_BEGIN|[4]|updateList|Lead|true|false
03:54:05.1 (11180480)|VARIABLE_ASSIGNMENT|[4]|updateList|{"Id":"00Q6F00001DpBKHUA3","Name":"LINA KAPOOR","Status":"Won","RecordTypeId":"0126F000001ZMsYQAW"}|0x7616ed3
03:54:05.1 (11194293)|STATEMENT_EXECUTE|[4]
03:54:05.1 (11197861)|STATEMENT_EXECUTE|[6]
03:54:05.1 (11298303)|USER_DEBUG|[6]|DEBUG|Lead:{Id=00Q6F00001DpBKHUA3, Name=LINA KAPOOR, Status=Won, RecordTypeId=0126F000001ZMsYQAW}
03:54:05.1 (11329278)|HEAP_ALLOCATE|[4]|Bytes:5
03:54:05.1 (11348850)|HEAP_ALLOCATE|[4]|Bytes:20
03:54:05.1 (11361061)|VARIABLE_SCOPE_BEGIN|[4]|updateList|Lead|true|false
03:54:05.1 (11390763)|VARIABLE_ASSIGNMENT|[4]|updateList|{"Id":"00Q6F00001EyxYJUAZ","Name":"Tina Sharma","Status":"Won","RecordTypeId":"0126F000001ZMsYQAW"}|0x1c857a64
03:54:05.1 (11401020)|STATEMENT_EXECUTE|[4]
03:54:05.1 (11403866)|STATEMENT_EXECUTE|[6]
03:54:05.1 (11452252)|USER_DEBUG|[6]|DEBUG|Lead:{Id=00Q6F00001EyxYJUAZ, Name=Tina Sharma, Status=Won, RecordTypeId=0126F000001ZMsYQAW}
03:54:05.1 (11478389)|HEAP_ALLOCATE|[4]|Bytes:5
03:54:05.1 (11498746)|VARIABLE_ASSIGNMENT|[4]|updateList|null|
03:54:05.1 (11518738)|METHOD_EXIT|[2]|01p6F00000MRI3z|LeadRecordStatus.updaterecord()
03:54:05.1 (11529873)|SYSTEM_MODE_EXIT|false
03:54:05.11 (11565891)|CUMULATIVE_LIMIT_USAGE
03:54:05.11 (11565891)|LIMIT_USAGE_FOR_NS|(default)|
  Number of SOQL queries: 1 out of 100
  Number of query rows: 2 out of 50000
  Number of SOSL queries: 0 out of 20
  Number of DML statements: 0 out of 150
  Number of DML rows: 0 out of 10000
  Maximum CPU time: 0 out of 10000
  Maximum heap size: 0 out of 6000000
  Number of callouts: 0 out of 100
  Number of Email Invocations: 0 out of 10
  Number of future calls: 0 out of 50
  Number of queueable jobs added to the queue: 0 out of 50
  Number of Mobile Apex push calls: 0 out of 10

03:54:05.11 (11565891)|CUMULATIVE_LIMIT_USAGE_END

03:54:05.1 (11615673)|CODE_UNIT_FINISHED|execute_anonymous_apex
03:54:05.1 (12862742)|EXECUTION_FINISHED
