44.0 APEX_CODE,FINEST;APEX_PROFILING,INFO;CALLOUT,INFO;DB,INFO;NBA,INFO;SYSTEM,DEBUG;VALIDATION,INFO;VISUALFORCE,INFO;WAVE,INFO;WORKFLOW,INFO
Execute Anonymous: Array_Operations obj = new Array_Operations();
Execute Anonymous: obj.Duplicate();
04:18:44.1 (1073083)|USER_INFO|[EXTERNAL]|0056F00000ATCAZ|ayman.shaikh@gmail.com|Pacific Standard Time|GMT-07:00
04:18:44.1 (1095268)|EXECUTION_STARTED
04:18:44.1 (1099889)|CODE_UNIT_STARTED|[EXTERNAL]|execute_anonymous_apex
04:18:44.1 (2506835)|VARIABLE_SCOPE_BEGIN|[1]|obj|Array_Operations|true|false
04:18:44.1 (2612929)|HEAP_ALLOCATE|[72]|Bytes:3
04:18:44.1 (2644059)|HEAP_ALLOCATE|[77]|Bytes:152
04:18:44.1 (2656641)|HEAP_ALLOCATE|[342]|Bytes:408
04:18:44.1 (2668815)|HEAP_ALLOCATE|[355]|Bytes:408
04:18:44.1 (2679667)|HEAP_ALLOCATE|[467]|Bytes:48
04:18:44.1 (2700945)|HEAP_ALLOCATE|[139]|Bytes:6
04:18:44.1 (2717880)|HEAP_ALLOCATE|[EXTERNAL]|Bytes:3
04:18:44.1 (2741188)|STATEMENT_EXECUTE|[1]
04:18:44.1 (2743971)|STATEMENT_EXECUTE|[1]
04:18:44.1 (2747811)|HEAP_ALLOCATE|[1]|Bytes:13
04:18:44.1 (2753442)|HEAP_ALLOCATE|[1]|Bytes:22
04:18:44.1 (2779524)|METHOD_ENTRY|[1]|01p6F00000MPtB2|Array_Operations.Array_Operations()
04:18:44.1 (2785533)|STATEMENT_EXECUTE|[1]
04:18:44.1 (2789279)|STATEMENT_EXECUTE|[1]
04:18:44.1 (2815176)|HEAP_ALLOCATE|[50]|Bytes:5
04:18:44.1 (2833258)|HEAP_ALLOCATE|[56]|Bytes:5
04:18:44.1 (2840802)|HEAP_ALLOCATE|[64]|Bytes:7
04:18:44.1 (2855201)|SYSTEM_MODE_ENTER|false
04:18:44.1 (2865584)|HEAP_ALLOCATE|[1]|Bytes:5
04:18:44.1 (2871606)|SYSTEM_MODE_EXIT|false
04:18:44.1 (2879662)|METHOD_EXIT|[1]|Array_Operations
04:18:44.1 (2919185)|HEAP_ALLOCATE|[1]|Bytes:8
04:18:44.1 (2940526)|SYSTEM_MODE_ENTER|false
04:18:44.1 (2964949)|HEAP_ALLOCATE|[1]|Bytes:5
04:18:44.1 (2976169)|CONSTRUCTOR_ENTRY|[1]|01p6F00000MPtB2|<init>()|Array_Operations
04:18:44.1 (3001226)|VARIABLE_SCOPE_BEGIN|[1]|this|Array_Operations|true|false
04:18:44.1 (3045902)|VARIABLE_ASSIGNMENT|[1]|this|{}|0x35d65500
04:18:44.1 (3057824)|HEAP_ALLOCATE|[3]|Bytes:5
04:18:44.1 (3066245)|HEAP_ALLOCATE|[3]|Bytes:6
04:18:44.1 (3100234)|STATEMENT_EXECUTE|[1]
04:18:44.1 (3105366)|HEAP_ALLOCATE|[3]|Bytes:5
04:18:44.1 (3109468)|STATEMENT_EXECUTE|[3]
04:18:44.1 (3119813)|HEAP_ALLOCATE|[3]|Bytes:4
04:18:44.1 (3171960)|HEAP_ALLOCATE|[3]|Bytes:4
04:18:44.1 (3178427)|HEAP_ALLOCATE|[3]|Bytes:4
04:18:44.1 (3185840)|HEAP_ALLOCATE|[3]|Bytes:4
04:18:44.1 (3189628)|HEAP_ALLOCATE|[3]|Bytes:4
04:18:44.1 (3193213)|HEAP_ALLOCATE|[3]|Bytes:4
04:18:44.1 (3196600)|HEAP_ALLOCATE|[3]|Bytes:4
04:18:44.1 (3224309)|HEAP_ALLOCATE|[EXTERNAL]|Bytes:28
04:18:44.1 (3249260)|VARIABLE_ASSIGNMENT|[3]|this.integerList|"List of size 6 too large to display"|0x35d65500
04:18:44.1 (3261548)|CONSTRUCTOR_EXIT|[1]|01p6F00000MPtB2|<init>()|Array_Operations
04:18:44.1 (3269229)|SYSTEM_MODE_EXIT|false
04:18:44.1 (3294232)|VARIABLE_ASSIGNMENT|[1]|obj|{"integerList":"0x7e105f9f"}|0x35d65500
04:18:44.1 (3301799)|STATEMENT_EXECUTE|[2]
04:18:44.1 (3322425)|SYSTEM_MODE_ENTER|false
04:18:44.1 (3340692)|HEAP_ALLOCATE|[2]|Bytes:5
04:18:44.1 (3360879)|METHOD_ENTRY|[2]|01p6F00000MPtB2|Array_Operations.Duplicate()
04:18:44.1 (3381441)|VARIABLE_SCOPE_BEGIN|[55]|this|Array_Operations|true|false
04:18:44.1 (3400436)|VARIABLE_ASSIGNMENT|[55]|this|{"integerList":"0x7e105f9f"}|0x35d65500
04:18:44.1 (3412240)|HEAP_ALLOCATE|[57]|Bytes:5
04:18:44.1 (3416816)|STATEMENT_EXECUTE|[56]
04:18:44.1 (3418682)|STATEMENT_EXECUTE|[57]
04:18:44.1 (3422863)|VARIABLE_SCOPE_BEGIN|[57]|count|Integer|false|false
04:18:44.1 (3431840)|HEAP_ALLOCATE|[57]|Bytes:4
04:18:44.1 (3439470)|VARIABLE_ASSIGNMENT|[57]|count|1
04:18:44.1 (3445013)|STATEMENT_EXECUTE|[59]
04:18:44.1 (3447495)|VARIABLE_SCOPE_BEGIN|[59]|i|Integer|false|false
04:18:44.1 (3453849)|HEAP_ALLOCATE|[59]|Bytes:4
04:18:44.1 (3459758)|VARIABLE_ASSIGNMENT|[59]|i|0
04:18:44.1 (3493811)|STATEMENT_EXECUTE|[59]
04:18:44.1 (3496731)|STATEMENT_EXECUTE|[60]
04:18:44.1 (3500145)|VARIABLE_SCOPE_BEGIN|[60]|j|Integer|false|false
04:18:44.1 (3507915)|HEAP_ALLOCATE|[60]|Bytes:4
04:18:44.1 (3514177)|VARIABLE_ASSIGNMENT|[60]|j|1
04:18:44.1 (3530127)|STATEMENT_EXECUTE|[60]
04:18:44.1 (3536534)|HEAP_ALLOCATE|[61]|Bytes:8
04:18:44.1 (3542518)|HEAP_ALLOCATE|[61]|Bytes:8
04:18:44.1 (3546895)|STATEMENT_EXECUTE|[61]
04:18:44.1 (3549237)|HEAP_ALLOCATE|[60]|Bytes:4
04:18:44.1 (3555056)|VARIABLE_ASSIGNMENT|[60]|j|2
04:18:44.1 (3565916)|STATEMENT_EXECUTE|[60]
04:18:44.1 (3568594)|HEAP_ALLOCATE|[61]|Bytes:8
04:18:44.1 (3573098)|HEAP_ALLOCATE|[61]|Bytes:8
04:18:44.1 (3576911)|STATEMENT_EXECUTE|[61]
04:18:44.1 (3578543)|HEAP_ALLOCATE|[60]|Bytes:4
04:18:44.1 (3583918)|VARIABLE_ASSIGNMENT|[60]|j|3
04:18:44.1 (3592896)|STATEMENT_EXECUTE|[60]
04:18:44.1 (3595496)|HEAP_ALLOCATE|[61]|Bytes:8
04:18:44.1 (3599591)|HEAP_ALLOCATE|[61]|Bytes:8
04:18:44.1 (3603420)|STATEMENT_EXECUTE|[61]
04:18:44.1 (3604938)|STATEMENT_EXECUTE|[62]
04:18:44.1 (3606644)|HEAP_ALLOCATE|[62]|Bytes:4
04:18:44.1 (3611914)|VARIABLE_ASSIGNMENT|[62]|count|2
04:18:44.1 (3615673)|STATEMENT_EXECUTE|[63]
04:18:44.1 (3638271)|HEAP_ALLOCATE|[63]|Bytes:4
04:18:44.1 (3649077)|HEAP_ALLOCATE|[60]|Bytes:4
04:18:44.1 (3655253)|VARIABLE_ASSIGNMENT|[60]|j|4
04:18:44.1 (3666104)|STATEMENT_EXECUTE|[60]
04:18:44.1 (3668962)|HEAP_ALLOCATE|[61]|Bytes:8
04:18:44.1 (3673728)|HEAP_ALLOCATE|[61]|Bytes:8
04:18:44.1 (3677819)|STATEMENT_EXECUTE|[61]
04:18:44.1 (3679509)|HEAP_ALLOCATE|[60]|Bytes:4
04:18:44.1 (3684159)|VARIABLE_ASSIGNMENT|[60]|j|5
04:18:44.1 (3693303)|STATEMENT_EXECUTE|[60]
04:18:44.1 (3695658)|HEAP_ALLOCATE|[61]|Bytes:8
04:18:44.1 (3700860)|HEAP_ALLOCATE|[61]|Bytes:8
04:18:44.1 (3704032)|STATEMENT_EXECUTE|[61]
04:18:44.1 (3705550)|STATEMENT_EXECUTE|[62]
04:18:44.1 (3707175)|HEAP_ALLOCATE|[62]|Bytes:4
04:18:44.1 (3712028)|VARIABLE_ASSIGNMENT|[62]|count|3
04:18:44.1 (3715775)|STATEMENT_EXECUTE|[63]
04:18:44.1 (3720459)|HEAP_ALLOCATE|[63]|Bytes:4
04:18:44.1 (3726754)|HEAP_ALLOCATE|[60]|Bytes:4
04:18:44.1 (3732288)|VARIABLE_ASSIGNMENT|[60]|j|6
04:18:44.1 (3741227)|STATEMENT_EXECUTE|[60]
04:18:44.1 (3743697)|HEAP_ALLOCATE|[61]|Bytes:8
04:18:44.1 (3782986)|HEAP_ALLOCATE|[61]|Bytes:31
04:18:44.1 (3796636)|METHOD_EXIT|[2]|01p6F00000MPtB2|Array_Operations.Duplicate()
04:18:44.1 (3803902)|SYSTEM_MODE_EXIT|false
04:18:44.1 (3962497)|FATAL_ERROR|System.ListException: List index out of bounds: 6

Class.Array_Operations.Duplicate: line 61, column 1
AnonymousBlock: line 2, column 1
AnonymousBlock: line 2, column 1
04:18:44.4 (4006893)|CUMULATIVE_LIMIT_USAGE
04:18:44.4 (4006893)|LIMIT_USAGE_FOR_NS|(default)|
  Number of SOQL queries: 0 out of 100
  Number of query rows: 0 out of 50000
  Number of SOSL queries: 0 out of 20
  Number of DML statements: 0 out of 150
  Number of DML rows: 0 out of 10000
  Maximum CPU time: 0 out of 10000
  Maximum heap size: 0 out of 6000000
  Number of callouts: 0 out of 100
  Number of Email Invocations: 0 out of 10
  Number of future calls: 0 out of 50
  Number of queueable jobs added to the queue: 0 out of 50
  Number of Mobile Apex push calls: 0 out of 10

04:18:44.4 (4006893)|CUMULATIVE_LIMIT_USAGE_END

04:18:44.1 (4043341)|CODE_UNIT_FINISHED|execute_anonymous_apex
04:18:44.1 (4847800)|EXECUTION_FINISHED
