44.0 APEX_CODE,FINEST;APEX_PROFILING,INFO;CALLOUT,INFO;DB,INFO;NBA,INFO;SYSTEM,DEBUG;VALIDATION,INFO;VISUALFORCE,INFO;WAVE,INFO;WORKFLOW,INFO
Execute Anonymous: ContactRecord objContactRecord = new ContactRecord();
Execute Anonymous: objContactRecord.SelectRecord();
07:05:15.1 (1331739)|USER_INFO|[EXTERNAL]|0056F00000ATCAZ|ayman.shaikh@gmail.com|Pacific Standard Time|GMT-07:00
07:05:15.1 (1368754)|EXECUTION_STARTED
07:05:15.1 (1373812)|CODE_UNIT_STARTED|[EXTERNAL]|execute_anonymous_apex
07:05:15.1 (8314934)|VARIABLE_SCOPE_BEGIN|[1]|objContactRecord|ContactRecord|true|false
07:05:15.1 (8421227)|HEAP_ALLOCATE|[72]|Bytes:3
07:05:15.1 (8450192)|HEAP_ALLOCATE|[77]|Bytes:152
07:05:15.1 (8465412)|HEAP_ALLOCATE|[342]|Bytes:408
07:05:15.1 (8478510)|HEAP_ALLOCATE|[355]|Bytes:408
07:05:15.1 (8489303)|HEAP_ALLOCATE|[467]|Bytes:48
07:05:15.1 (8511713)|HEAP_ALLOCATE|[139]|Bytes:6
07:05:15.1 (8529331)|HEAP_ALLOCATE|[EXTERNAL]|Bytes:3
07:05:15.1 (8554794)|STATEMENT_EXECUTE|[1]
07:05:15.1 (8557351)|STATEMENT_EXECUTE|[1]
07:05:15.1 (8560296)|HEAP_ALLOCATE|[1]|Bytes:1
07:05:15.1 (8565133)|HEAP_ALLOCATE|[1]|Bytes:1
07:05:15.1 (8590764)|METHOD_ENTRY|[1]|01p6F00000MRJNE|ContactRecord.ContactRecord()
07:05:15.1 (8596673)|STATEMENT_EXECUTE|[1]
07:05:15.1 (8599857)|STATEMENT_EXECUTE|[1]
07:05:15.1 (8626226)|HEAP_ALLOCATE|[50]|Bytes:5
07:05:15.1 (8643849)|HEAP_ALLOCATE|[56]|Bytes:5
07:05:15.1 (8651682)|HEAP_ALLOCATE|[64]|Bytes:7
07:05:15.1 (8665737)|SYSTEM_MODE_ENTER|false
07:05:15.1 (8675295)|HEAP_ALLOCATE|[1]|Bytes:5
07:05:15.1 (8689294)|SYSTEM_MODE_EXIT|false
07:05:15.1 (8697430)|METHOD_EXIT|[1]|ContactRecord
07:05:15.1 (8709652)|HEAP_ALLOCATE|[1]|Bytes:4
07:05:15.1 (8728567)|SYSTEM_MODE_ENTER|false
07:05:15.1 (8747141)|HEAP_ALLOCATE|[1]|Bytes:5
07:05:15.1 (8758104)|CONSTRUCTOR_ENTRY|[1]|01p6F00000MRJNE|<init>()|ContactRecord
07:05:15.1 (8782499)|VARIABLE_SCOPE_BEGIN|[1]|this|ContactRecord|true|false
07:05:15.1 (8818611)|VARIABLE_ASSIGNMENT|[1]|this|{}|0x6726f372
07:05:15.1 (8828271)|HEAP_ALLOCATE|[EXTERNAL]|Bytes:5
07:05:15.1 (8836064)|HEAP_ALLOCATE|[EXTERNAL]|Bytes:6
07:05:15.1 (8865568)|STATEMENT_EXECUTE|[1]
07:05:15.1 (8869445)|HEAP_ALLOCATE|[EXTERNAL]|Bytes:5
07:05:15.1 (8876958)|CONSTRUCTOR_EXIT|[1]|01p6F00000MRJNE|<init>()|ContactRecord
07:05:15.1 (8884571)|SYSTEM_MODE_EXIT|false
07:05:15.1 (8915088)|VARIABLE_ASSIGNMENT|[1]|objContactRecord|{}|0x6726f372
07:05:15.1 (8921820)|STATEMENT_EXECUTE|[2]
07:05:15.1 (8940419)|SYSTEM_MODE_ENTER|false
07:05:15.1 (8955333)|HEAP_ALLOCATE|[2]|Bytes:5
07:05:15.1 (8974832)|METHOD_ENTRY|[2]|01p6F00000MRJNE|ContactRecord.SelectRecord()
07:05:15.1 (8995333)|VARIABLE_SCOPE_BEGIN|[2]|this|ContactRecord|true|false
07:05:15.1 (9008831)|VARIABLE_ASSIGNMENT|[2]|this|{}|0x6726f372
07:05:15.1 (9019924)|HEAP_ALLOCATE|[3]|Bytes:5
07:05:15.1 (9024384)|STATEMENT_EXECUTE|[2]
07:05:15.1 (9026256)|STATEMENT_EXECUTE|[3]
07:05:15.1 (9029058)|HEAP_ALLOCATE|[3]|Bytes:28
07:05:15.1 (9043051)|HEAP_ALLOCATE|[3]|Bytes:4
07:05:15.1 (9368969)|SOQL_EXECUTE_BEGIN|[3]|Aggregations:0|SELECT Id, Name FROM Contact
07:05:15.1 (13178520)|SOQL_EXECUTE_END|[3]|Rows:28
07:05:15.1 (13200502)|HEAP_ALLOCATE|[3]|Bytes:116
07:05:15.1 (13240995)|HEAP_ALLOCATE|[3]|Bytes:1304
07:05:15.1 (13312486)|HEAP_ALLOCATE|[3]|Bytes:116
07:05:15.1 (13324948)|VARIABLE_SCOPE_BEGIN|[3]|ContactList|List<Contact>|true|false
07:05:15.1 (13346836)|VARIABLE_ASSIGNMENT|[3]|ContactList|"List of size 28 too large to display"|0x2bd1b6c1
07:05:15.1 (13353121)|STATEMENT_EXECUTE|[4]
07:05:15.1 (13458333)|USER_DEBUG|[4]|DEBUG|(Contact:{Id=0036F00002nBlPZQA0, Name=Shaikh}, Contact:{Id=0036F00002nBlPaQAK, Name=Shaikh}, Contact:{Id=0036F00002nBlPbQAK, Name=Shaikh}, Contact:{Id=0036F00002nBlPcQAK, Name=Shaikh}, Contact:{Id=0036F00002nBlPdQAK, Name=Shaikh}, Contact:{Id=0036F00002mhjlEQAQ, Name=Ketki}, Contact:{Id=0036F00002mhjmWQAQ, Name=Ketki}, Contact:{Id=0036F00002mjt0aQAA, Name=Shaikh}, Contact:{Id=0036F00002m0FcNQAU, Name=Sean Forbes}, Contact:{Id=0036F00002m0FcOQAU, Name=Jack Rogers}, ...)
07:05:15.1 (13479063)|METHOD_EXIT|[2]|01p6F00000MRJNE|ContactRecord.SelectRecord()
07:05:15.1 (13485285)|SYSTEM_MODE_EXIT|false
07:05:15.13 (13512270)|CUMULATIVE_LIMIT_USAGE
07:05:15.13 (13512270)|LIMIT_USAGE_FOR_NS|(default)|
  Number of SOQL queries: 1 out of 100
  Number of query rows: 28 out of 50000
  Number of SOSL queries: 0 out of 20
  Number of DML statements: 0 out of 150
  Number of DML rows: 0 out of 10000
  Maximum CPU time: 0 out of 10000
  Maximum heap size: 0 out of 6000000
  Number of callouts: 0 out of 100
  Number of Email Invocations: 0 out of 10
  Number of future calls: 0 out of 50
  Number of queueable jobs added to the queue: 0 out of 50
  Number of Mobile Apex push calls: 0 out of 10

07:05:15.13 (13512270)|CUMULATIVE_LIMIT_USAGE_END

07:05:15.1 (13539941)|CODE_UNIT_FINISHED|execute_anonymous_apex
07:05:15.1 (15218474)|EXECUTION_FINISHED
