43.0 APEX_CODE,FINEST;APEX_PROFILING,INFO;CALLOUT,INFO;DB,INFO;NBA,INFO;SYSTEM,DEBUG;VALIDATION,INFO;VISUALFORCE,INFO;WAVE,INFO;WORKFLOW,INFO
Execute Anonymous: ConstructorDemo objArrayOpp = new ConstructorDemo();
08:01:17.82 (82079371)|USER_INFO|[EXTERNAL]|0056F00000ATCAZ|ayman.shaikh@gmail.com|Pacific Standard Time|GMT-07:00
08:01:17.82 (82105101)|EXECUTION_STARTED
08:01:17.82 (82111849)|CODE_UNIT_STARTED|[EXTERNAL]|execute_anonymous_apex
08:01:17.82 (98403987)|VARIABLE_SCOPE_BEGIN|[1]|objArrayOpp|ConstructorDemo|true|false
08:01:17.82 (98557963)|HEAP_ALLOCATE|[72]|Bytes:3
08:01:17.82 (98606663)|HEAP_ALLOCATE|[77]|Bytes:152
08:01:17.82 (98622558)|HEAP_ALLOCATE|[342]|Bytes:408
08:01:17.82 (98635367)|HEAP_ALLOCATE|[355]|Bytes:408
08:01:17.82 (98647278)|HEAP_ALLOCATE|[467]|Bytes:48
08:01:17.82 (98675451)|HEAP_ALLOCATE|[139]|Bytes:6
08:01:17.82 (98701355)|HEAP_ALLOCATE|[EXTERNAL]|Bytes:1
08:01:17.82 (98735000)|STATEMENT_EXECUTE|[1]
08:01:17.82 (98739369)|STATEMENT_EXECUTE|[1]
08:01:17.82 (98743893)|HEAP_ALLOCATE|[1]|Bytes:3
08:01:17.82 (98750973)|HEAP_ALLOCATE|[1]|Bytes:4
08:01:17.82 (98791629)|METHOD_ENTRY|[1]|01p6F00000MQQ19|ConstructorDemo.ConstructorDemo()
08:01:17.82 (98801164)|STATEMENT_EXECUTE|[1]
08:01:17.82 (98805984)|STATEMENT_EXECUTE|[1]
08:01:17.82 (98837071)|HEAP_ALLOCATE|[50]|Bytes:5
08:01:17.82 (98863858)|HEAP_ALLOCATE|[56]|Bytes:5
08:01:17.82 (98872839)|HEAP_ALLOCATE|[64]|Bytes:7
08:01:17.82 (98891427)|SYSTEM_MODE_ENTER|false
08:01:17.82 (98907271)|HEAP_ALLOCATE|[1]|Bytes:5
08:01:17.82 (98918404)|SYSTEM_MODE_EXIT|false
08:01:17.82 (98931547)|METHOD_EXIT|[1]|ConstructorDemo
08:01:17.82 (98946040)|HEAP_ALLOCATE|[1]|Bytes:4
08:01:17.82 (98970760)|SYSTEM_MODE_ENTER|false
08:01:17.82 (98999871)|HEAP_ALLOCATE|[1]|Bytes:5
08:01:17.82 (99027451)|CONSTRUCTOR_ENTRY|[1]|01p6F00000MQQ19|<init>()|ConstructorDemo
08:01:17.82 (99066527)|VARIABLE_SCOPE_BEGIN|[2]|this|ConstructorDemo|true|false
08:01:17.82 (99141345)|VARIABLE_ASSIGNMENT|[2]|this|{}|0x71d0842e
08:01:17.82 (99161586)|HEAP_ALLOCATE|[4]|Bytes:5
08:01:17.82 (99171513)|STATEMENT_EXECUTE|[1]
08:01:17.82 (99177116)|HEAP_ALLOCATE|[4]|Bytes:5
08:01:17.82 (99189028)|HEAP_ALLOCATE|[4]|Bytes:6
08:01:17.82 (122534690)|STATEMENT_EXECUTE|[2]
08:01:17.82 (122540947)|STATEMENT_EXECUTE|[4]
08:01:17.82 (122546376)|HEAP_ALLOCATE|[4]|Bytes:36
08:01:17.82 (122626396)|USER_DEBUG|[4]|DEBUG|This is constructor without argument
08:01:17.82 (122654677)|CONSTRUCTOR_EXIT|[1]|01p6F00000MQQ19|<init>()|ConstructorDemo
08:01:17.82 (122666709)|SYSTEM_MODE_EXIT|false
08:01:17.82 (122704740)|VARIABLE_ASSIGNMENT|[1]|objArrayOpp|{}|0x71d0842e
08:01:17.122 (122751280)|CUMULATIVE_LIMIT_USAGE
08:01:17.122 (122751280)|LIMIT_USAGE_FOR_NS|(default)|
  Number of SOQL queries: 0 out of 100
  Number of query rows: 0 out of 50000
  Number of SOSL queries: 0 out of 20
  Number of DML statements: 0 out of 150
  Number of DML rows: 0 out of 10000
  Maximum CPU time: 0 out of 10000
  Maximum heap size: 0 out of 6000000
  Number of callouts: 0 out of 100
  Number of Email Invocations: 0 out of 10
  Number of future calls: 0 out of 50
  Number of queueable jobs added to the queue: 0 out of 50
  Number of Mobile Apex push calls: 0 out of 10

08:01:17.122 (122751280)|CUMULATIVE_LIMIT_USAGE_END

08:01:17.82 (122812606)|CODE_UNIT_FINISHED|execute_anonymous_apex
08:01:17.82 (123842903)|EXECUTION_FINISHED
