44.0 APEX_CODE,FINEST;APEX_PROFILING,INFO;CALLOUT,INFO;DB,INFO;NBA,INFO;SYSTEM,DEBUG;VALIDATION,INFO;VISUALFORCE,INFO;WAVE,INFO;WORKFLOW,INFO
Execute Anonymous: AccountProgram objAccountProgram = new AccountProgram();
Execute Anonymous: objAccountProgram.queryOnAccount1();
Execute Anonymous: objAccountProgram.queryOnAccount2();
Execute Anonymous: objAccountProgram.queryOnAccount3();
03:14:21.1 (1164682)|USER_INFO|[EXTERNAL]|0056F00000ATCAZ|ayman.shaikh@gmail.com|Pacific Standard Time|GMT-07:00
03:14:21.1 (1185954)|EXECUTION_STARTED
03:14:21.1 (1191390)|CODE_UNIT_STARTED|[EXTERNAL]|execute_anonymous_apex
03:14:21.1 (8062443)|VARIABLE_SCOPE_BEGIN|[1]|objAccountProgram|AccountProgram|true|false
03:14:21.1 (8221160)|HEAP_ALLOCATE|[72]|Bytes:3
03:14:21.1 (8261726)|HEAP_ALLOCATE|[77]|Bytes:152
03:14:21.1 (8275316)|HEAP_ALLOCATE|[342]|Bytes:408
03:14:21.1 (8287203)|HEAP_ALLOCATE|[355]|Bytes:408
03:14:21.1 (8298376)|HEAP_ALLOCATE|[467]|Bytes:48
03:14:21.1 (8324641)|HEAP_ALLOCATE|[139]|Bytes:6
03:14:21.1 (8343474)|HEAP_ALLOCATE|[EXTERNAL]|Bytes:7
03:14:21.1 (8375681)|STATEMENT_EXECUTE|[1]
03:14:21.1 (8378412)|STATEMENT_EXECUTE|[1]
03:14:21.1 (8382388)|HEAP_ALLOCATE|[1]|Bytes:7
03:14:21.1 (8387525)|HEAP_ALLOCATE|[1]|Bytes:15
03:14:21.1 (8412097)|METHOD_ENTRY|[1]|01p6F00000MR33H|AccountProgram.AccountProgram()
03:14:21.1 (8418298)|STATEMENT_EXECUTE|[1]
03:14:21.1 (8422392)|STATEMENT_EXECUTE|[1]
03:14:21.1 (8449477)|HEAP_ALLOCATE|[50]|Bytes:5
03:14:21.1 (8473159)|HEAP_ALLOCATE|[56]|Bytes:5
03:14:21.1 (8481263)|HEAP_ALLOCATE|[64]|Bytes:7
03:14:21.1 (8496921)|SYSTEM_MODE_ENTER|false
03:14:21.1 (8510030)|HEAP_ALLOCATE|[1]|Bytes:5
03:14:21.1 (8517344)|SYSTEM_MODE_EXIT|false
03:14:21.1 (8525382)|METHOD_EXIT|[1]|AccountProgram
03:14:21.1 (8537874)|HEAP_ALLOCATE|[1]|Bytes:4
03:14:21.1 (8558080)|SYSTEM_MODE_ENTER|false
03:14:21.1 (8580556)|HEAP_ALLOCATE|[1]|Bytes:5
03:14:21.1 (8591889)|CONSTRUCTOR_ENTRY|[1]|01p6F00000MR33H|<init>()|AccountProgram
03:14:21.1 (8618095)|VARIABLE_SCOPE_BEGIN|[1]|this|AccountProgram|true|false
03:14:21.1 (8661050)|VARIABLE_ASSIGNMENT|[1]|this|{}|0x44eb9619
03:14:21.1 (8670660)|HEAP_ALLOCATE|[EXTERNAL]|Bytes:5
03:14:21.1 (8679316)|HEAP_ALLOCATE|[EXTERNAL]|Bytes:6
03:14:21.1 (8713985)|STATEMENT_EXECUTE|[1]
03:14:21.1 (8718237)|HEAP_ALLOCATE|[EXTERNAL]|Bytes:5
03:14:21.1 (8725645)|CONSTRUCTOR_EXIT|[1]|01p6F00000MR33H|<init>()|AccountProgram
03:14:21.1 (8733126)|SYSTEM_MODE_EXIT|false
03:14:21.1 (8749307)|VARIABLE_ASSIGNMENT|[1]|objAccountProgram|{}|0x44eb9619
03:14:21.1 (8755333)|STATEMENT_EXECUTE|[2]
03:14:21.1 (8774276)|SYSTEM_MODE_ENTER|false
03:14:21.1 (8788298)|HEAP_ALLOCATE|[2]|Bytes:5
03:14:21.1 (8812693)|METHOD_ENTRY|[2]|01p6F00000MR33H|AccountProgram.queryOnAccount1()
03:14:21.1 (8833030)|VARIABLE_SCOPE_BEGIN|[2]|this|AccountProgram|true|false
03:14:21.1 (8847114)|VARIABLE_ASSIGNMENT|[2]|this|{}|0x44eb9619
03:14:21.1 (8859030)|HEAP_ALLOCATE|[4]|Bytes:5
03:14:21.1 (8863275)|STATEMENT_EXECUTE|[2]
03:14:21.1 (8864806)|STATEMENT_EXECUTE|[4]
03:14:21.1 (8867320)|HEAP_ALLOCATE|[4]|Bytes:24
03:14:21.1 (8890349)|HEAP_ALLOCATE|[4]|Bytes:4
03:14:21.1 (9132283)|SOQL_EXECUTE_BEGIN|[4]|Aggregations:0|SELECT Name FROM Account
03:14:21.1 (12969080)|SOQL_EXECUTE_END|[4]|Rows:14
03:14:21.1 (13004365)|HEAP_ALLOCATE|[4]|Bytes:60
03:14:21.1 (13043992)|HEAP_ALLOCATE|[4]|Bytes:782
03:14:21.1 (13193401)|HEAP_ALLOCATE|[4]|Bytes:60
03:14:21.1 (13216584)|VARIABLE_SCOPE_BEGIN|[4]|AccName1|List<Account>|true|false
03:14:21.1 (13247700)|VARIABLE_ASSIGNMENT|[4]|AccName1|"List of size 14 too large to display"|0x958c4e3
03:14:21.1 (13257910)|STATEMENT_EXECUTE|[5]
03:14:21.1 (13263415)|HEAP_ALLOCATE|[5]|Bytes:17
03:14:21.1 (13313114)|USER_DEBUG|[5]|DEBUG|Advanced For Loop
03:14:21.1 (13508112)|HEAP_ALLOCATE|[6]|Bytes:5
03:14:21.1 (13544106)|HEAP_ALLOCATE|[6]|Bytes:12
03:14:21.1 (13555209)|VARIABLE_SCOPE_BEGIN|[6]|acc|Account|true|false
03:14:21.1 (13577595)|VARIABLE_ASSIGNMENT|[6]|acc|{"Name":"sForce","Id":"0016F00002o0fjCQAQ"}|0x565e068e
03:14:21.1 (13584886)|STATEMENT_EXECUTE|[6]
03:14:21.1 (13586741)|STATEMENT_EXECUTE|[7]
03:14:21.1 (13590040)|HEAP_ALLOCATE|[7]|Bytes:13
03:14:21.1 (13662763)|HEAP_ALLOCATE|[7]|Bytes:44
03:14:21.1 (13683110)|HEAP_ALLOCATE|[7]|Bytes:57
03:14:21.1 (13693558)|USER_DEBUG|[7]|DEBUG|Account Name Account:{Name=sForce, Id=0016F00002o0fjCQAQ}
03:14:21.1 (13707352)|HEAP_ALLOCATE|[6]|Bytes:5
03:14:21.1 (13718112)|HEAP_ALLOCATE|[6]|Bytes:12
03:14:21.1 (13725054)|VARIABLE_SCOPE_BEGIN|[6]|acc|Account|true|false
03:14:21.1 (13742628)|VARIABLE_ASSIGNMENT|[6]|acc|{"Name":"University of Arizon (1 more) ...","Id":"0016F00002o0fj8QAA"}|0x182e6f9c
03:14:21.1 (13748955)|STATEMENT_EXECUTE|[6]
03:14:21.1 (13750567)|STATEMENT_EXECUTE|[7]
03:14:21.1 (13773124)|HEAP_ALLOCATE|[7]|Bytes:59
03:14:21.1 (13784906)|HEAP_ALLOCATE|[7]|Bytes:72
03:14:21.1 (13791951)|USER_DEBUG|[7]|DEBUG|Account Name Account:{Name=University of Arizona, Id=0016F00002o0fj8QAA}
03:14:21.1 (13803324)|HEAP_ALLOCATE|[6]|Bytes:5
03:14:21.1 (13812539)|HEAP_ALLOCATE|[6]|Bytes:12
03:14:21.1 (13820805)|VARIABLE_SCOPE_BEGIN|[6]|acc|Account|true|false
03:14:21.1 (13842942)|VARIABLE_ASSIGNMENT|[6]|acc|{"Name":"United Oil & Gas Cor (2 more) ...","Id":"0016F00002o0fj6QAA"}|0x67585b3f
03:14:21.1 (13852158)|STATEMENT_EXECUTE|[6]
03:14:21.1 (13854390)|STATEMENT_EXECUTE|[7]
03:14:21.1 (13880867)|HEAP_ALLOCATE|[7]|Bytes:60
03:14:21.1 (13892960)|HEAP_ALLOCATE|[7]|Bytes:73
03:14:21.1 (13899804)|USER_DEBUG|[7]|DEBUG|Account Name Account:{Name=United Oil & Gas Corp., Id=0016F00002o0fj6QAA}
03:14:21.1 (13912138)|HEAP_ALLOCATE|[6]|Bytes:5
03:14:21.1 (13921464)|HEAP_ALLOCATE|[6]|Bytes:12
03:14:21.1 (13926656)|VARIABLE_SCOPE_BEGIN|[6]|acc|Account|true|false
03:14:21.1 (13946056)|VARIABLE_ASSIGNMENT|[6]|acc|{"Name":"GenePoint","Id":"0016F00002o0fjBQAQ"}|0x4189c953
03:14:21.1 (13956955)|STATEMENT_EXECUTE|[6]
03:14:21.1 (13959214)|STATEMENT_EXECUTE|[7]
03:14:21.1 (13985278)|HEAP_ALLOCATE|[7]|Bytes:47
03:14:21.1 (13996999)|HEAP_ALLOCATE|[7]|Bytes:60
03:14:21.1 (14003784)|USER_DEBUG|[7]|DEBUG|Account Name Account:{Name=GenePoint, Id=0016F00002o0fjBQAQ}
03:14:21.1 (14016797)|HEAP_ALLOCATE|[6]|Bytes:5
03:14:21.1 (14026272)|HEAP_ALLOCATE|[6]|Bytes:12
03:14:21.1 (14031713)|VARIABLE_SCOPE_BEGIN|[6]|acc|Account|true|false
03:14:21.1 (14046561)|VARIABLE_ASSIGNMENT|[6]|acc|{"Name":"United Oil & Gas, UK","Id":"0016F00002o0fj9QAA"}|0x67c5dd9a
03:14:21.1 (14052503)|STATEMENT_EXECUTE|[6]
03:14:21.1 (14054016)|STATEMENT_EXECUTE|[7]
03:14:21.1 (14072071)|HEAP_ALLOCATE|[7]|Bytes:58
03:14:21.1 (14082154)|HEAP_ALLOCATE|[7]|Bytes:71
03:14:21.1 (14088405)|USER_DEBUG|[7]|DEBUG|Account Name Account:{Name=United Oil & Gas, UK, Id=0016F00002o0fj9QAA}
03:14:21.1 (14100359)|HEAP_ALLOCATE|[6]|Bytes:5
03:14:21.1 (14123123)|HEAP_ALLOCATE|[6]|Bytes:12
03:14:21.1 (14133114)|VARIABLE_SCOPE_BEGIN|[6]|acc|Account|true|false
03:14:21.1 (14155022)|VARIABLE_ASSIGNMENT|[6]|acc|{"Name":"United Oil & Gas, Si (7 more) ...","Id":"0016F00002o0fjAQAQ"}|0xc7c0c71
03:14:21.1 (14163204)|STATEMENT_EXECUTE|[6]
03:14:21.1 (14164854)|STATEMENT_EXECUTE|[7]
03:14:21.1 (14187447)|HEAP_ALLOCATE|[7]|Bytes:65
03:14:21.1 (14199583)|HEAP_ALLOCATE|[7]|Bytes:78
03:14:21.1 (14205804)|USER_DEBUG|[7]|DEBUG|Account Name Account:{Name=United Oil & Gas, Singapore, Id=0016F00002o0fjAQAQ}
03:14:21.1 (14217205)|HEAP_ALLOCATE|[6]|Bytes:5
03:14:21.1 (14225865)|HEAP_ALLOCATE|[6]|Bytes:12
03:14:21.1 (14231217)|VARIABLE_SCOPE_BEGIN|[6]|acc|Account|true|false
03:14:21.1 (14244575)|VARIABLE_ASSIGNMENT|[6]|acc|{"Name":"Edge Communications","Id":"0016F00002o0fj1QAA"}|0x29583f62
03:14:21.1 (14250243)|STATEMENT_EXECUTE|[6]
03:14:21.1 (14251766)|STATEMENT_EXECUTE|[7]
03:14:21.1 (14269373)|HEAP_ALLOCATE|[7]|Bytes:57
03:14:21.1 (14279561)|HEAP_ALLOCATE|[7]|Bytes:70
03:14:21.1 (14285390)|USER_DEBUG|[7]|DEBUG|Account Name Account:{Name=Edge Communications, Id=0016F00002o0fj1QAA}
03:14:21.1 (14295617)|HEAP_ALLOCATE|[6]|Bytes:5
03:14:21.1 (14303396)|HEAP_ALLOCATE|[6]|Bytes:12
03:14:21.1 (14308020)|VARIABLE_SCOPE_BEGIN|[6]|acc|Account|true|false
03:14:21.1 (14321866)|VARIABLE_ASSIGNMENT|[6]|acc|{"Name":"Burlington Textiles  (15 more) ...","Id":"0016F00002o0fj2QAA"}|0x2694a84b
03:14:21.1 (14327699)|STATEMENT_EXECUTE|[6]
03:14:21.1 (14329222)|STATEMENT_EXECUTE|[7]
03:14:21.1 (14346974)|HEAP_ALLOCATE|[7]|Bytes:73
03:14:21.1 (14356904)|HEAP_ALLOCATE|[7]|Bytes:86
03:14:21.1 (14362924)|USER_DEBUG|[7]|DEBUG|Account Name Account:{Name=Burlington Textiles Corp of America, Id=0016F00002o0fj2QAA}
03:14:21.1 (14373968)|HEAP_ALLOCATE|[6]|Bytes:5
03:14:21.1 (14382002)|HEAP_ALLOCATE|[6]|Bytes:12
03:14:21.1 (14387141)|VARIABLE_SCOPE_BEGIN|[6]|acc|Account|true|false
03:14:21.1 (14401342)|VARIABLE_ASSIGNMENT|[6]|acc|{"Name":"Pyramid Construction (5 more) ...","Id":"0016F00002o0fj3QAA"}|0x6ff4880e
03:14:21.1 (14406909)|STATEMENT_EXECUTE|[6]
03:14:21.1 (14408768)|STATEMENT_EXECUTE|[7]
03:14:21.1 (14425982)|HEAP_ALLOCATE|[7]|Bytes:63
03:14:21.1 (14435883)|HEAP_ALLOCATE|[7]|Bytes:76
03:14:21.1 (14441959)|USER_DEBUG|[7]|DEBUG|Account Name Account:{Name=Pyramid Construction Inc., Id=0016F00002o0fj3QAA}
03:14:21.1 (14452873)|HEAP_ALLOCATE|[6]|Bytes:5
03:14:21.1 (14460776)|HEAP_ALLOCATE|[6]|Bytes:12
03:14:21.1 (14465582)|VARIABLE_SCOPE_BEGIN|[6]|acc|Account|true|false
03:14:21.1 (14478681)|VARIABLE_ASSIGNMENT|[6]|acc|{"Name":"Dickenson plc","Id":"0016F00002o0fj4QAA"}|0x3871e05
03:14:21.1 (14484565)|STATEMENT_EXECUTE|[6]
03:14:21.1 (14486077)|STATEMENT_EXECUTE|[7]
03:14:21.1 (14503309)|HEAP_ALLOCATE|[7]|Bytes:51
03:14:21.1 (14513028)|HEAP_ALLOCATE|[7]|Bytes:64
03:14:21.1 (14519129)|USER_DEBUG|[7]|DEBUG|Account Name Account:{Name=Dickenson plc, Id=0016F00002o0fj4QAA}
03:14:21.1 (14529922)|HEAP_ALLOCATE|[6]|Bytes:5
03:14:21.1 (14537547)|HEAP_ALLOCATE|[6]|Bytes:12
03:14:21.1 (14542262)|VARIABLE_SCOPE_BEGIN|[6]|acc|Account|true|false
03:14:21.1 (14555384)|VARIABLE_ASSIGNMENT|[6]|acc|{"Name":"Grand Hotels & Resor (6 more) ...","Id":"0016F00002o0fj5QAA"}|0x6bcc9238
03:14:21.1 (14560829)|STATEMENT_EXECUTE|[6]
03:14:21.1 (14562314)|STATEMENT_EXECUTE|[7]
03:14:21.1 (14578683)|HEAP_ALLOCATE|[7]|Bytes:64
03:14:21.1 (14588525)|HEAP_ALLOCATE|[7]|Bytes:77
03:14:21.1 (14594786)|USER_DEBUG|[7]|DEBUG|Account Name Account:{Name=Grand Hotels & Resorts Ltd, Id=0016F00002o0fj5QAA}
03:14:21.1 (14605426)|HEAP_ALLOCATE|[6]|Bytes:5
03:14:21.1 (14613460)|HEAP_ALLOCATE|[6]|Bytes:12
03:14:21.1 (14617892)|VARIABLE_SCOPE_BEGIN|[6]|acc|Account|true|false
03:14:21.1 (14631299)|VARIABLE_ASSIGNMENT|[6]|acc|{"Name":"Express Logistics an (11 more) ...","Id":"0016F00002o0fj7QAA"}|0x6899a9fa
03:14:21.1 (14637257)|STATEMENT_EXECUTE|[6]
03:14:21.1 (14638755)|STATEMENT_EXECUTE|[7]
03:14:21.1 (14655394)|HEAP_ALLOCATE|[7]|Bytes:69
03:14:21.1 (14664966)|HEAP_ALLOCATE|[7]|Bytes:82
03:14:21.1 (14670916)|USER_DEBUG|[7]|DEBUG|Account Name Account:{Name=Express Logistics and Transport, Id=0016F00002o0fj7QAA}
03:14:21.1 (14681757)|HEAP_ALLOCATE|[6]|Bytes:5
03:14:21.1 (14689607)|HEAP_ALLOCATE|[6]|Bytes:12
03:14:21.1 (14694459)|VARIABLE_SCOPE_BEGIN|[6]|acc|Account|true|false
03:14:21.1 (14706840)|VARIABLE_ASSIGNMENT|[6]|acc|{"Name":"Almas","Id":"0016F00002vJCC2QAO"}|0x23e6e81f
03:14:21.1 (14712381)|STATEMENT_EXECUTE|[6]
03:14:21.1 (14713863)|STATEMENT_EXECUTE|[7]
03:14:21.1 (14730719)|HEAP_ALLOCATE|[7]|Bytes:43
03:14:21.1 (14740629)|HEAP_ALLOCATE|[7]|Bytes:56
03:14:21.1 (14746028)|USER_DEBUG|[7]|DEBUG|Account Name Account:{Name=Almas, Id=0016F00002vJCC2QAO}
03:14:21.1 (14757049)|HEAP_ALLOCATE|[6]|Bytes:5
03:14:21.1 (14765783)|HEAP_ALLOCATE|[6]|Bytes:12
03:14:21.1 (14770738)|VARIABLE_SCOPE_BEGIN|[6]|acc|Account|true|false
03:14:21.1 (14783142)|VARIABLE_ASSIGNMENT|[6]|acc|{"Name":"Ketki","Id":"0016F00002sP67wQAC"}|0x18aabd50
03:14:21.1 (14791987)|STATEMENT_EXECUTE|[6]
03:14:21.1 (14793455)|STATEMENT_EXECUTE|[7]
03:14:21.1 (14811535)|HEAP_ALLOCATE|[7]|Bytes:43
03:14:21.1 (14821767)|HEAP_ALLOCATE|[7]|Bytes:56
03:14:21.1 (14827530)|USER_DEBUG|[7]|DEBUG|Account Name Account:{Name=Ketki, Id=0016F00002sP67wQAC}
03:14:21.1 (14838720)|HEAP_ALLOCATE|[6]|Bytes:5
03:14:21.1 (14849844)|VARIABLE_ASSIGNMENT|[6]|acc|null|
03:14:21.1 (14863056)|METHOD_EXIT|[2]|01p6F00000MR33H|AccountProgram.queryOnAccount1()
03:14:21.1 (14869520)|SYSTEM_MODE_EXIT|false
03:14:21.1 (14876860)|STATEMENT_EXECUTE|[3]
03:14:21.1 (14908805)|SYSTEM_MODE_ENTER|false
03:14:21.1 (14923210)|HEAP_ALLOCATE|[3]|Bytes:5
03:14:21.1 (14935728)|METHOD_ENTRY|[3]|01p6F00000MR33H|AccountProgram.queryOnAccount2()
03:14:21.1 (14956397)|VARIABLE_SCOPE_BEGIN|[12]|this|AccountProgram|true|false
03:14:21.1 (14976902)|VARIABLE_ASSIGNMENT|[12]|this|{}|0x44eb9619
03:14:21.1 (14987681)|HEAP_ALLOCATE|[14]|Bytes:5
03:14:21.1 (14991840)|STATEMENT_EXECUTE|[12]
03:14:21.1 (14993597)|STATEMENT_EXECUTE|[14]
03:14:21.1 (15009453)|HEAP_ALLOCATE|[14]|Bytes:4
03:14:21.1 (15127555)|SOQL_EXECUTE_BEGIN|[14]|Aggregations:0|SELECT Name FROM Account
03:14:21.1 (17493871)|SOQL_EXECUTE_END|[14]|Rows:14
03:14:21.1 (17519750)|HEAP_ALLOCATE|[14]|Bytes:60
03:14:21.1 (17544714)|HEAP_ALLOCATE|[14]|Bytes:782
03:14:21.1 (17572566)|HEAP_ALLOCATE|[14]|Bytes:60
03:14:21.1 (17582889)|VARIABLE_SCOPE_BEGIN|[14]|AccName2|List<Account>|true|false
03:14:21.1 (17600061)|VARIABLE_ASSIGNMENT|[14]|AccName2|"List of size 14 too large to display"|0x230688a8
03:14:21.1 (17606824)|STATEMENT_EXECUTE|[15]
03:14:21.1 (17610542)|HEAP_ALLOCATE|[15]|Bytes:20
03:14:21.1 (17635055)|USER_DEBUG|[15]|DEBUG|Traditional For Loop
03:14:21.1 (17644752)|STATEMENT_EXECUTE|[16]
03:14:21.1 (17649947)|VARIABLE_SCOPE_BEGIN|[16]|i|Integer|false|false
03:14:21.1 (17658224)|HEAP_ALLOCATE|[16]|Bytes:4
03:14:21.1 (17667229)|VARIABLE_ASSIGNMENT|[16]|i|0
03:14:21.1 (17696185)|STATEMENT_EXECUTE|[16]
03:14:21.1 (17698196)|STATEMENT_EXECUTE|[17]
03:14:21.1 (17701552)|HEAP_ALLOCATE|[17]|Bytes:12
03:14:21.1 (17795271)|HEAP_ALLOCATE|[17]|Bytes:602
03:14:21.1 (17813739)|HEAP_ALLOCATE|[17]|Bytes:614
03:14:21.1 (17823243)|USER_DEBUG|[17]|DEBUG|Account Name(Account:{Name=sForce, Id=0016F00002o0fjCQAQ}, Account:{Name=University of Arizona, Id=0016F00002o0fj8QAA}, Account:{Name=United Oil & Gas Corp., Id=0016F00002o0fj6QAA}, Account:{Name=GenePoint, Id=0016F00002o0fjBQAQ}, Account:{Name=United Oil & Gas, UK, Id=0016F00002o0fj9QAA}, Account:{Name=United Oil & Gas, Singapore, Id=0016F00002o0fjAQAQ}, Account:{Name=Edge Communications, Id=0016F00002o0fj1QAA}, Account:{Name=Burlington Textiles Corp of America, Id=0016F00002o0fj2QAA}, Account:{Name=Pyramid Construction Inc., Id=0016F00002o0fj3QAA}, Account:{Name=Dickenson plc, Id=0016F00002o0fj4QAA}, ...)
03:14:21.1 (17837415)|HEAP_ALLOCATE|[16]|Bytes:4
03:14:21.1 (17845115)|VARIABLE_ASSIGNMENT|[16]|i|1
03:14:21.1 (17856892)|STATEMENT_EXECUTE|[16]
03:14:21.1 (17858564)|STATEMENT_EXECUTE|[17]
03:14:21.1 (17915108)|HEAP_ALLOCATE|[17]|Bytes:602
03:14:21.1 (17926831)|HEAP_ALLOCATE|[17]|Bytes:614
03:14:21.1 (17934499)|USER_DEBUG|[17]|DEBUG|Account Name(Account:{Name=sForce, Id=0016F00002o0fjCQAQ}, Account:{Name=University of Arizona, Id=0016F00002o0fj8QAA}, Account:{Name=United Oil & Gas Corp., Id=0016F00002o0fj6QAA}, Account:{Name=GenePoint, Id=0016F00002o0fjBQAQ}, Account:{Name=United Oil & Gas, UK, Id=0016F00002o0fj9QAA}, Account:{Name=United Oil & Gas, Singapore, Id=0016F00002o0fjAQAQ}, Account:{Name=Edge Communications, Id=0016F00002o0fj1QAA}, Account:{Name=Burlington Textiles Corp of America, Id=0016F00002o0fj2QAA}, Account:{Name=Pyramid Construction Inc., Id=0016F00002o0fj3QAA}, Account:{Name=Dickenson plc, Id=0016F00002o0fj4QAA}, ...)
03:14:21.1 (17946706)|HEAP_ALLOCATE|[16]|Bytes:4
03:14:21.1 (17953156)|VARIABLE_ASSIGNMENT|[16]|i|2
03:14:21.1 (17962658)|STATEMENT_EXECUTE|[16]
03:14:21.1 (17964249)|STATEMENT_EXECUTE|[17]
03:14:21.1 (18017528)|HEAP_ALLOCATE|[17]|Bytes:602
03:14:21.1 (18028661)|HEAP_ALLOCATE|[17]|Bytes:614
03:14:21.1 (18035141)|USER_DEBUG|[17]|DEBUG|Account Name(Account:{Name=sForce, Id=0016F00002o0fjCQAQ}, Account:{Name=University of Arizona, Id=0016F00002o0fj8QAA}, Account:{Name=United Oil & Gas Corp., Id=0016F00002o0fj6QAA}, Account:{Name=GenePoint, Id=0016F00002o0fjBQAQ}, Account:{Name=United Oil & Gas, UK, Id=0016F00002o0fj9QAA}, Account:{Name=United Oil & Gas, Singapore, Id=0016F00002o0fjAQAQ}, Account:{Name=Edge Communications, Id=0016F00002o0fj1QAA}, Account:{Name=Burlington Textiles Corp of America, Id=0016F00002o0fj2QAA}, Account:{Name=Pyramid Construction Inc., Id=0016F00002o0fj3QAA}, Account:{Name=Dickenson plc, Id=0016F00002o0fj4QAA}, ...)
03:14:21.1 (18045912)|HEAP_ALLOCATE|[16]|Bytes:4
03:14:21.1 (18051815)|VARIABLE_ASSIGNMENT|[16]|i|3
03:14:21.1 (18062684)|STATEMENT_EXECUTE|[16]
03:14:21.1 (18064631)|STATEMENT_EXECUTE|[17]
03:14:21.1 (18125412)|HEAP_ALLOCATE|[17]|Bytes:602
03:14:21.1 (18137266)|HEAP_ALLOCATE|[17]|Bytes:614
03:14:21.1 (18143683)|USER_DEBUG|[17]|DEBUG|Account Name(Account:{Name=sForce, Id=0016F00002o0fjCQAQ}, Account:{Name=University of Arizona, Id=0016F00002o0fj8QAA}, Account:{Name=United Oil & Gas Corp., Id=0016F00002o0fj6QAA}, Account:{Name=GenePoint, Id=0016F00002o0fjBQAQ}, Account:{Name=United Oil & Gas, UK, Id=0016F00002o0fj9QAA}, Account:{Name=United Oil & Gas, Singapore, Id=0016F00002o0fjAQAQ}, Account:{Name=Edge Communications, Id=0016F00002o0fj1QAA}, Account:{Name=Burlington Textiles Corp of America, Id=0016F00002o0fj2QAA}, Account:{Name=Pyramid Construction Inc., Id=0016F00002o0fj3QAA}, Account:{Name=Dickenson plc, Id=0016F00002o0fj4QAA}, ...)
03:14:21.1 (18154946)|HEAP_ALLOCATE|[16]|Bytes:4
03:14:21.1 (18161088)|VARIABLE_ASSIGNMENT|[16]|i|4
03:14:21.1 (18170587)|STATEMENT_EXECUTE|[16]
03:14:21.1 (18172139)|STATEMENT_EXECUTE|[17]
03:14:21.1 (18227724)|HEAP_ALLOCATE|[17]|Bytes:602
03:14:21.1 (18238241)|HEAP_ALLOCATE|[17]|Bytes:614
03:14:21.1 (18244225)|USER_DEBUG|[17]|DEBUG|Account Name(Account:{Name=sForce, Id=0016F00002o0fjCQAQ}, Account:{Name=University of Arizona, Id=0016F00002o0fj8QAA}, Account:{Name=United Oil & Gas Corp., Id=0016F00002o0fj6QAA}, Account:{Name=GenePoint, Id=0016F00002o0fjBQAQ}, Account:{Name=United Oil & Gas, UK, Id=0016F00002o0fj9QAA}, Account:{Name=United Oil & Gas, Singapore, Id=0016F00002o0fjAQAQ}, Account:{Name=Edge Communications, Id=0016F00002o0fj1QAA}, Account:{Name=Burlington Textiles Corp of America, Id=0016F00002o0fj2QAA}, Account:{Name=Pyramid Construction Inc., Id=0016F00002o0fj3QAA}, Account:{Name=Dickenson plc, Id=0016F00002o0fj4QAA}, ...)
03:14:21.1 (18255498)|HEAP_ALLOCATE|[16]|Bytes:4
03:14:21.1 (18261158)|VARIABLE_ASSIGNMENT|[16]|i|5
03:14:21.1 (18270345)|STATEMENT_EXECUTE|[16]
03:14:21.1 (18271847)|STATEMENT_EXECUTE|[17]
03:14:21.1 (18348005)|HEAP_ALLOCATE|[17]|Bytes:602
03:14:21.1 (18368397)|HEAP_ALLOCATE|[17]|Bytes:614
03:14:21.1 (18379645)|USER_DEBUG|[17]|DEBUG|Account Name(Account:{Name=sForce, Id=0016F00002o0fjCQAQ}, Account:{Name=University of Arizona, Id=0016F00002o0fj8QAA}, Account:{Name=United Oil & Gas Corp., Id=0016F00002o0fj6QAA}, Account:{Name=GenePoint, Id=0016F00002o0fjBQAQ}, Account:{Name=United Oil & Gas, UK, Id=0016F00002o0fj9QAA}, Account:{Name=United Oil & Gas, Singapore, Id=0016F00002o0fjAQAQ}, Account:{Name=Edge Communications, Id=0016F00002o0fj1QAA}, Account:{Name=Burlington Textiles Corp of America, Id=0016F00002o0fj2QAA}, Account:{Name=Pyramid Construction Inc., Id=0016F00002o0fj3QAA}, Account:{Name=Dickenson plc, Id=0016F00002o0fj4QAA}, ...)
03:14:21.1 (18397889)|HEAP_ALLOCATE|[16]|Bytes:4
03:14:21.1 (18408046)|VARIABLE_ASSIGNMENT|[16]|i|6
03:14:21.1 (18422736)|STATEMENT_EXECUTE|[16]
03:14:21.1 (18425109)|STATEMENT_EXECUTE|[17]
03:14:21.1 (18518703)|HEAP_ALLOCATE|[17]|Bytes:602
03:14:21.1 (18538250)|HEAP_ALLOCATE|[17]|Bytes:614
03:14:21.1 (18548893)|USER_DEBUG|[17]|DEBUG|Account Name(Account:{Name=sForce, Id=0016F00002o0fjCQAQ}, Account:{Name=University of Arizona, Id=0016F00002o0fj8QAA}, Account:{Name=United Oil & Gas Corp., Id=0016F00002o0fj6QAA}, Account:{Name=GenePoint, Id=0016F00002o0fjBQAQ}, Account:{Name=United Oil & Gas, UK, Id=0016F00002o0fj9QAA}, Account:{Name=United Oil & Gas, Singapore, Id=0016F00002o0fjAQAQ}, Account:{Name=Edge Communications, Id=0016F00002o0fj1QAA}, Account:{Name=Burlington Textiles Corp of America, Id=0016F00002o0fj2QAA}, Account:{Name=Pyramid Construction Inc., Id=0016F00002o0fj3QAA}, Account:{Name=Dickenson plc, Id=0016F00002o0fj4QAA}, ...)
03:14:21.1 (18567246)|HEAP_ALLOCATE|[16]|Bytes:4
03:14:21.1 (18576956)|VARIABLE_ASSIGNMENT|[16]|i|7
03:14:21.1 (18590672)|STATEMENT_EXECUTE|[16]
03:14:21.1 (18592402)|STATEMENT_EXECUTE|[17]
03:14:21.1 (18659182)|HEAP_ALLOCATE|[17]|Bytes:602
03:14:21.1 (18670738)|HEAP_ALLOCATE|[17]|Bytes:614
03:14:21.1 (18677109)|USER_DEBUG|[17]|DEBUG|Account Name(Account:{Name=sForce, Id=0016F00002o0fjCQAQ}, Account:{Name=University of Arizona, Id=0016F00002o0fj8QAA}, Account:{Name=United Oil & Gas Corp., Id=0016F00002o0fj6QAA}, Account:{Name=GenePoint, Id=0016F00002o0fjBQAQ}, Account:{Name=United Oil & Gas, UK, Id=0016F00002o0fj9QAA}, Account:{Name=United Oil & Gas, Singapore, Id=0016F00002o0fjAQAQ}, Account:{Name=Edge Communications, Id=0016F00002o0fj1QAA}, Account:{Name=Burlington Textiles Corp of America, Id=0016F00002o0fj2QAA}, Account:{Name=Pyramid Construction Inc., Id=0016F00002o0fj3QAA}, Account:{Name=Dickenson plc, Id=0016F00002o0fj4QAA}, ...)
03:14:21.1 (18689334)|HEAP_ALLOCATE|[16]|Bytes:4
03:14:21.1 (18695122)|VARIABLE_ASSIGNMENT|[16]|i|8
03:14:21.1 (18705016)|STATEMENT_EXECUTE|[16]
03:14:21.1 (18706555)|STATEMENT_EXECUTE|[17]
03:14:21.1 (18787268)|HEAP_ALLOCATE|[17]|Bytes:602
03:14:21.1 (18806946)|HEAP_ALLOCATE|[17]|Bytes:614
03:14:21.1 (18817189)|USER_DEBUG|[17]|DEBUG|Account Name(Account:{Name=sForce, Id=0016F00002o0fjCQAQ}, Account:{Name=University of Arizona, Id=0016F00002o0fj8QAA}, Account:{Name=United Oil & Gas Corp., Id=0016F00002o0fj6QAA}, Account:{Name=GenePoint, Id=0016F00002o0fjBQAQ}, Account:{Name=United Oil & Gas, UK, Id=0016F00002o0fj9QAA}, Account:{Name=United Oil & Gas, Singapore, Id=0016F00002o0fjAQAQ}, Account:{Name=Edge Communications, Id=0016F00002o0fj1QAA}, Account:{Name=Burlington Textiles Corp of America, Id=0016F00002o0fj2QAA}, Account:{Name=Pyramid Construction Inc., Id=0016F00002o0fj3QAA}, Account:{Name=Dickenson plc, Id=0016F00002o0fj4QAA}, ...)
03:14:21.1 (18837017)|HEAP_ALLOCATE|[16]|Bytes:4
03:14:21.1 (18847465)|VARIABLE_ASSIGNMENT|[16]|i|9
03:14:21.1 (18859005)|STATEMENT_EXECUTE|[16]
03:14:21.1 (18860876)|STATEMENT_EXECUTE|[17]
03:14:21.1 (18918142)|HEAP_ALLOCATE|[17]|Bytes:602
03:14:21.1 (18929603)|HEAP_ALLOCATE|[17]|Bytes:614
03:14:21.1 (18935595)|USER_DEBUG|[17]|DEBUG|Account Name(Account:{Name=sForce, Id=0016F00002o0fjCQAQ}, Account:{Name=University of Arizona, Id=0016F00002o0fj8QAA}, Account:{Name=United Oil & Gas Corp., Id=0016F00002o0fj6QAA}, Account:{Name=GenePoint, Id=0016F00002o0fjBQAQ}, Account:{Name=United Oil & Gas, UK, Id=0016F00002o0fj9QAA}, Account:{Name=United Oil & Gas, Singapore, Id=0016F00002o0fjAQAQ}, Account:{Name=Edge Communications, Id=0016F00002o0fj1QAA}, Account:{Name=Burlington Textiles Corp of America, Id=0016F00002o0fj2QAA}, Account:{Name=Pyramid Construction Inc., Id=0016F00002o0fj3QAA}, Account:{Name=Dickenson plc, Id=0016F00002o0fj4QAA}, ...)
03:14:21.1 (18947262)|HEAP_ALLOCATE|[16]|Bytes:4
03:14:21.1 (18953077)|VARIABLE_ASSIGNMENT|[16]|i|10
03:14:21.1 (18962102)|STATEMENT_EXECUTE|[16]
03:14:21.1 (18963655)|STATEMENT_EXECUTE|[17]
03:14:21.1 (19015257)|HEAP_ALLOCATE|[17]|Bytes:602
03:14:21.1 (19026568)|HEAP_ALLOCATE|[17]|Bytes:614
03:14:21.1 (19032314)|USER_DEBUG|[17]|DEBUG|Account Name(Account:{Name=sForce, Id=0016F00002o0fjCQAQ}, Account:{Name=University of Arizona, Id=0016F00002o0fj8QAA}, Account:{Name=United Oil & Gas Corp., Id=0016F00002o0fj6QAA}, Account:{Name=GenePoint, Id=0016F00002o0fjBQAQ}, Account:{Name=United Oil & Gas, UK, Id=0016F00002o0fj9QAA}, Account:{Name=United Oil & Gas, Singapore, Id=0016F00002o0fjAQAQ}, Account:{Name=Edge Communications, Id=0016F00002o0fj1QAA}, Account:{Name=Burlington Textiles Corp of America, Id=0016F00002o0fj2QAA}, Account:{Name=Pyramid Construction Inc., Id=0016F00002o0fj3QAA}, Account:{Name=Dickenson plc, Id=0016F00002o0fj4QAA}, ...)
03:14:21.1 (19043671)|HEAP_ALLOCATE|[16]|Bytes:4
03:14:21.1 (19048992)|VARIABLE_ASSIGNMENT|[16]|i|11
03:14:21.1 (19058135)|STATEMENT_EXECUTE|[16]
03:14:21.1 (19059633)|STATEMENT_EXECUTE|[17]
03:14:21.1 (19112063)|HEAP_ALLOCATE|[17]|Bytes:602
03:14:21.1 (19127309)|HEAP_ALLOCATE|[17]|Bytes:614
03:14:21.1 (19133315)|USER_DEBUG|[17]|DEBUG|Account Name(Account:{Name=sForce, Id=0016F00002o0fjCQAQ}, Account:{Name=University of Arizona, Id=0016F00002o0fj8QAA}, Account:{Name=United Oil & Gas Corp., Id=0016F00002o0fj6QAA}, Account:{Name=GenePoint, Id=0016F00002o0fjBQAQ}, Account:{Name=United Oil & Gas, UK, Id=0016F00002o0fj9QAA}, Account:{Name=United Oil & Gas, Singapore, Id=0016F00002o0fjAQAQ}, Account:{Name=Edge Communications, Id=0016F00002o0fj1QAA}, Account:{Name=Burlington Textiles Corp of America, Id=0016F00002o0fj2QAA}, Account:{Name=Pyramid Construction Inc., Id=0016F00002o0fj3QAA}, Account:{Name=Dickenson plc, Id=0016F00002o0fj4QAA}, ...)
03:14:21.1 (19145637)|HEAP_ALLOCATE|[16]|Bytes:4
03:14:21.1 (19151418)|VARIABLE_ASSIGNMENT|[16]|i|12
03:14:21.1 (19160585)|STATEMENT_EXECUTE|[16]
03:14:21.1 (19162102)|STATEMENT_EXECUTE|[17]
03:14:21.1 (19214001)|HEAP_ALLOCATE|[17]|Bytes:602
03:14:21.1 (19224262)|HEAP_ALLOCATE|[17]|Bytes:614
03:14:21.1 (19230590)|USER_DEBUG|[17]|DEBUG|Account Name(Account:{Name=sForce, Id=0016F00002o0fjCQAQ}, Account:{Name=University of Arizona, Id=0016F00002o0fj8QAA}, Account:{Name=United Oil & Gas Corp., Id=0016F00002o0fj6QAA}, Account:{Name=GenePoint, Id=0016F00002o0fjBQAQ}, Account:{Name=United Oil & Gas, UK, Id=0016F00002o0fj9QAA}, Account:{Name=United Oil & Gas, Singapore, Id=0016F00002o0fjAQAQ}, Account:{Name=Edge Communications, Id=0016F00002o0fj1QAA}, Account:{Name=Burlington Textiles Corp of America, Id=0016F00002o0fj2QAA}, Account:{Name=Pyramid Construction Inc., Id=0016F00002o0fj3QAA}, Account:{Name=Dickenson plc, Id=0016F00002o0fj4QAA}, ...)
03:14:21.1 (19241910)|HEAP_ALLOCATE|[16]|Bytes:4
03:14:21.1 (19247619)|VARIABLE_ASSIGNMENT|[16]|i|13
03:14:21.1 (19257178)|STATEMENT_EXECUTE|[16]
03:14:21.1 (19258689)|STATEMENT_EXECUTE|[17]
03:14:21.1 (19310405)|HEAP_ALLOCATE|[17]|Bytes:602
03:14:21.1 (19321051)|HEAP_ALLOCATE|[17]|Bytes:614
03:14:21.1 (19326753)|USER_DEBUG|[17]|DEBUG|Account Name(Account:{Name=sForce, Id=0016F00002o0fjCQAQ}, Account:{Name=University of Arizona, Id=0016F00002o0fj8QAA}, Account:{Name=United Oil & Gas Corp., Id=0016F00002o0fj6QAA}, Account:{Name=GenePoint, Id=0016F00002o0fjBQAQ}, Account:{Name=United Oil & Gas, UK, Id=0016F00002o0fj9QAA}, Account:{Name=United Oil & Gas, Singapore, Id=0016F00002o0fjAQAQ}, Account:{Name=Edge Communications, Id=0016F00002o0fj1QAA}, Account:{Name=Burlington Textiles Corp of America, Id=0016F00002o0fj2QAA}, Account:{Name=Pyramid Construction Inc., Id=0016F00002o0fj3QAA}, Account:{Name=Dickenson plc, Id=0016F00002o0fj4QAA}, ...)
03:14:21.1 (19338360)|HEAP_ALLOCATE|[16]|Bytes:4
03:14:21.1 (19343604)|VARIABLE_ASSIGNMENT|[16]|i|14
03:14:21.1 (19359194)|METHOD_EXIT|[3]|01p6F00000MR33H|AccountProgram.queryOnAccount2()
03:14:21.1 (19365395)|SYSTEM_MODE_EXIT|false
03:14:21.1 (19372826)|STATEMENT_EXECUTE|[4]
03:14:21.1 (19401155)|SYSTEM_MODE_ENTER|false
03:14:21.1 (19415646)|HEAP_ALLOCATE|[4]|Bytes:5
03:14:21.1 (19429373)|METHOD_ENTRY|[4]|01p6F00000MR33H|AccountProgram.queryOnAccount3()
03:14:21.1 (19449013)|VARIABLE_SCOPE_BEGIN|[21]|this|AccountProgram|true|false
03:14:21.1 (19468645)|VARIABLE_ASSIGNMENT|[21]|this|{}|0x44eb9619
03:14:21.1 (19479606)|HEAP_ALLOCATE|[23]|Bytes:5
03:14:21.1 (19483869)|STATEMENT_EXECUTE|[21]
03:14:21.1 (19485478)|STATEMENT_EXECUTE|[23]
03:14:21.1 (19499693)|HEAP_ALLOCATE|[23]|Bytes:4
03:14:21.1 (19602096)|SOQL_EXECUTE_BEGIN|[23]|Aggregations:0|SELECT Name FROM Account
03:14:21.1 (22028391)|SOQL_EXECUTE_END|[23]|Rows:14
03:14:21.1 (22052467)|HEAP_ALLOCATE|[23]|Bytes:60
03:14:21.1 (22078268)|HEAP_ALLOCATE|[23]|Bytes:782
03:14:21.1 (22112144)|HEAP_ALLOCATE|[23]|Bytes:60
03:14:21.1 (22132299)|VARIABLE_SCOPE_BEGIN|[23]|AccName3|List<Account>|true|false
03:14:21.1 (22157796)|VARIABLE_ASSIGNMENT|[23]|AccName3|"List of size 14 too large to display"|0x416ba55d
03:14:21.1 (22167905)|STATEMENT_EXECUTE|[24]
03:14:21.1 (22172874)|VARIABLE_SCOPE_BEGIN|[24]|i|Integer|false|false
03:14:21.1 (22180345)|HEAP_ALLOCATE|[24]|Bytes:4
03:14:21.1 (22187315)|VARIABLE_ASSIGNMENT|[24]|i|0
03:14:21.1 (22191413)|STATEMENT_EXECUTE|[25]
03:14:21.1 (22194858)|HEAP_ALLOCATE|[25]|Bytes:10
03:14:21.1 (22221777)|USER_DEBUG|[25]|DEBUG|While Loop
03:14:21.1 (22252251)|STATEMENT_EXECUTE|[26]
03:14:21.1 (22254388)|STATEMENT_EXECUTE|[27]
03:14:21.1 (22347641)|HEAP_ALLOCATE|[27]|Bytes:602
03:14:21.1 (22364707)|HEAP_ALLOCATE|[27]|Bytes:614
03:14:21.1 (22374392)|USER_DEBUG|[27]|DEBUG|Account Name(Account:{Name=sForce, Id=0016F00002o0fjCQAQ}, Account:{Name=University of Arizona, Id=0016F00002o0fj8QAA}, Account:{Name=United Oil & Gas Corp., Id=0016F00002o0fj6QAA}, Account:{Name=GenePoint, Id=0016F00002o0fjBQAQ}, Account:{Name=United Oil & Gas, UK, Id=0016F00002o0fj9QAA}, Account:{Name=United Oil & Gas, Singapore, Id=0016F00002o0fjAQAQ}, Account:{Name=Edge Communications, Id=0016F00002o0fj1QAA}, Account:{Name=Burlington Textiles Corp of America, Id=0016F00002o0fj2QAA}, Account:{Name=Pyramid Construction Inc., Id=0016F00002o0fj3QAA}, Account:{Name=Dickenson plc, Id=0016F00002o0fj4QAA}, ...)
03:14:21.1 (22386342)|STATEMENT_EXECUTE|[28]
03:14:21.1 (22388998)|HEAP_ALLOCATE|[28]|Bytes:4
03:14:21.1 (22396520)|VARIABLE_ASSIGNMENT|[28]|i|1
03:14:21.1 (22408385)|STATEMENT_EXECUTE|[26]
03:14:21.1 (22409875)|STATEMENT_EXECUTE|[27]
03:14:21.1 (22465458)|HEAP_ALLOCATE|[27]|Bytes:602
03:14:21.1 (22477166)|HEAP_ALLOCATE|[27]|Bytes:614
03:14:21.1 (22484002)|USER_DEBUG|[27]|DEBUG|Account Name(Account:{Name=sForce, Id=0016F00002o0fjCQAQ}, Account:{Name=University of Arizona, Id=0016F00002o0fj8QAA}, Account:{Name=United Oil & Gas Corp., Id=0016F00002o0fj6QAA}, Account:{Name=GenePoint, Id=0016F00002o0fjBQAQ}, Account:{Name=United Oil & Gas, UK, Id=0016F00002o0fj9QAA}, Account:{Name=United Oil & Gas, Singapore, Id=0016F00002o0fjAQAQ}, Account:{Name=Edge Communications, Id=0016F00002o0fj1QAA}, Account:{Name=Burlington Textiles Corp of America, Id=0016F00002o0fj2QAA}, Account:{Name=Pyramid Construction Inc., Id=0016F00002o0fj3QAA}, Account:{Name=Dickenson plc, Id=0016F00002o0fj4QAA}, ...)
03:14:21.1 (22496014)|STATEMENT_EXECUTE|[28]
03:14:21.1 (22498173)|HEAP_ALLOCATE|[28]|Bytes:4
03:14:21.1 (22504304)|VARIABLE_ASSIGNMENT|[28]|i|2
03:14:21.1 (22514428)|STATEMENT_EXECUTE|[26]
03:14:21.1 (22515892)|STATEMENT_EXECUTE|[27]
03:14:21.1 (22569812)|HEAP_ALLOCATE|[27]|Bytes:602
03:14:21.1 (22580514)|HEAP_ALLOCATE|[27]|Bytes:614
03:14:21.1 (22586474)|USER_DEBUG|[27]|DEBUG|Account Name(Account:{Name=sForce, Id=0016F00002o0fjCQAQ}, Account:{Name=University of Arizona, Id=0016F00002o0fj8QAA}, Account:{Name=United Oil & Gas Corp., Id=0016F00002o0fj6QAA}, Account:{Name=GenePoint, Id=0016F00002o0fjBQAQ}, Account:{Name=United Oil & Gas, UK, Id=0016F00002o0fj9QAA}, Account:{Name=United Oil & Gas, Singapore, Id=0016F00002o0fjAQAQ}, Account:{Name=Edge Communications, Id=0016F00002o0fj1QAA}, Account:{Name=Burlington Textiles Corp of America, Id=0016F00002o0fj2QAA}, Account:{Name=Pyramid Construction Inc., Id=0016F00002o0fj3QAA}, Account:{Name=Dickenson plc, Id=0016F00002o0fj4QAA}, ...)
03:14:21.1 (22597800)|STATEMENT_EXECUTE|[28]
03:14:21.1 (22599773)|HEAP_ALLOCATE|[28]|Bytes:4
03:14:21.1 (22605370)|VARIABLE_ASSIGNMENT|[28]|i|3
03:14:21.1 (22615450)|STATEMENT_EXECUTE|[26]
03:14:21.1 (22616958)|STATEMENT_EXECUTE|[27]
03:14:21.1 (22670034)|HEAP_ALLOCATE|[27]|Bytes:602
03:14:21.1 (22679939)|HEAP_ALLOCATE|[27]|Bytes:614
03:14:21.1 (22685515)|USER_DEBUG|[27]|DEBUG|Account Name(Account:{Name=sForce, Id=0016F00002o0fjCQAQ}, Account:{Name=University of Arizona, Id=0016F00002o0fj8QAA}, Account:{Name=United Oil & Gas Corp., Id=0016F00002o0fj6QAA}, Account:{Name=GenePoint, Id=0016F00002o0fjBQAQ}, Account:{Name=United Oil & Gas, UK, Id=0016F00002o0fj9QAA}, Account:{Name=United Oil & Gas, Singapore, Id=0016F00002o0fjAQAQ}, Account:{Name=Edge Communications, Id=0016F00002o0fj1QAA}, Account:{Name=Burlington Textiles Corp of America, Id=0016F00002o0fj2QAA}, Account:{Name=Pyramid Construction Inc., Id=0016F00002o0fj3QAA}, Account:{Name=Dickenson plc, Id=0016F00002o0fj4QAA}, ...)
03:14:21.1 (22697996)|STATEMENT_EXECUTE|[28]
03:14:21.1 (22700041)|HEAP_ALLOCATE|[28]|Bytes:4
03:14:21.1 (22705936)|VARIABLE_ASSIGNMENT|[28]|i|4
03:14:21.1 (22715274)|STATEMENT_EXECUTE|[26]
03:14:21.1 (22717104)|STATEMENT_EXECUTE|[27]
03:14:21.1 (22768510)|HEAP_ALLOCATE|[27]|Bytes:602
03:14:21.1 (22778752)|HEAP_ALLOCATE|[27]|Bytes:614
03:14:21.1 (22784770)|USER_DEBUG|[27]|DEBUG|Account Name(Account:{Name=sForce, Id=0016F00002o0fjCQAQ}, Account:{Name=University of Arizona, Id=0016F00002o0fj8QAA}, Account:{Name=United Oil & Gas Corp., Id=0016F00002o0fj6QAA}, Account:{Name=GenePoint, Id=0016F00002o0fjBQAQ}, Account:{Name=United Oil & Gas, UK, Id=0016F00002o0fj9QAA}, Account:{Name=United Oil & Gas, Singapore, Id=0016F00002o0fjAQAQ}, Account:{Name=Edge Communications, Id=0016F00002o0fj1QAA}, Account:{Name=Burlington Textiles Corp of America, Id=0016F00002o0fj2QAA}, Account:{Name=Pyramid Construction Inc., Id=0016F00002o0fj3QAA}, Account:{Name=Dickenson plc, Id=0016F00002o0fj4QAA}, ...)
03:14:21.1 (22796359)|STATEMENT_EXECUTE|[28]
03:14:21.1 (22798535)|HEAP_ALLOCATE|[28]|Bytes:4
03:14:21.1 (22803821)|VARIABLE_ASSIGNMENT|[28]|i|5
03:14:21.1 (22812837)|STATEMENT_EXECUTE|[26]
03:14:21.1 (22814340)|STATEMENT_EXECUTE|[27]
03:14:21.1 (22866103)|HEAP_ALLOCATE|[27]|Bytes:602
03:14:21.1 (22876573)|HEAP_ALLOCATE|[27]|Bytes:614
03:14:21.1 (22882026)|USER_DEBUG|[27]|DEBUG|Account Name(Account:{Name=sForce, Id=0016F00002o0fjCQAQ}, Account:{Name=University of Arizona, Id=0016F00002o0fj8QAA}, Account:{Name=United Oil & Gas Corp., Id=0016F00002o0fj6QAA}, Account:{Name=GenePoint, Id=0016F00002o0fjBQAQ}, Account:{Name=United Oil & Gas, UK, Id=0016F00002o0fj9QAA}, Account:{Name=United Oil & Gas, Singapore, Id=0016F00002o0fjAQAQ}, Account:{Name=Edge Communications, Id=0016F00002o0fj1QAA}, Account:{Name=Burlington Textiles Corp of America, Id=0016F00002o0fj2QAA}, Account:{Name=Pyramid Construction Inc., Id=0016F00002o0fj3QAA}, Account:{Name=Dickenson plc, Id=0016F00002o0fj4QAA}, ...)
03:14:21.1 (22894003)|STATEMENT_EXECUTE|[28]
03:14:21.1 (22895880)|HEAP_ALLOCATE|[28]|Bytes:4
03:14:21.1 (22901431)|VARIABLE_ASSIGNMENT|[28]|i|6
03:14:21.1 (22910942)|STATEMENT_EXECUTE|[26]
03:14:21.1 (22912422)|STATEMENT_EXECUTE|[27]
03:14:21.1 (22963988)|HEAP_ALLOCATE|[27]|Bytes:602
03:14:21.1 (22973841)|HEAP_ALLOCATE|[27]|Bytes:614
03:14:21.1 (22980268)|USER_DEBUG|[27]|DEBUG|Account Name(Account:{Name=sForce, Id=0016F00002o0fjCQAQ}, Account:{Name=University of Arizona, Id=0016F00002o0fj8QAA}, Account:{Name=United Oil & Gas Corp., Id=0016F00002o0fj6QAA}, Account:{Name=GenePoint, Id=0016F00002o0fjBQAQ}, Account:{Name=United Oil & Gas, UK, Id=0016F00002o0fj9QAA}, Account:{Name=United Oil & Gas, Singapore, Id=0016F00002o0fjAQAQ}, Account:{Name=Edge Communications, Id=0016F00002o0fj1QAA}, Account:{Name=Burlington Textiles Corp of America, Id=0016F00002o0fj2QAA}, Account:{Name=Pyramid Construction Inc., Id=0016F00002o0fj3QAA}, Account:{Name=Dickenson plc, Id=0016F00002o0fj4QAA}, ...)
03:14:21.1 (22996048)|STATEMENT_EXECUTE|[28]
03:14:21.1 (22998120)|HEAP_ALLOCATE|[28]|Bytes:4
03:14:21.1 (23003954)|VARIABLE_ASSIGNMENT|[28]|i|7
03:14:21.1 (23014288)|STATEMENT_EXECUTE|[26]
03:14:21.1 (23015734)|STATEMENT_EXECUTE|[27]
03:14:21.1 (23068721)|HEAP_ALLOCATE|[27]|Bytes:602
03:14:21.1 (23079335)|HEAP_ALLOCATE|[27]|Bytes:614
03:14:21.1 (23085025)|USER_DEBUG|[27]|DEBUG|Account Name(Account:{Name=sForce, Id=0016F00002o0fjCQAQ}, Account:{Name=University of Arizona, Id=0016F00002o0fj8QAA}, Account:{Name=United Oil & Gas Corp., Id=0016F00002o0fj6QAA}, Account:{Name=GenePoint, Id=0016F00002o0fjBQAQ}, Account:{Name=United Oil & Gas, UK, Id=0016F00002o0fj9QAA}, Account:{Name=United Oil & Gas, Singapore, Id=0016F00002o0fjAQAQ}, Account:{Name=Edge Communications, Id=0016F00002o0fj1QAA}, Account:{Name=Burlington Textiles Corp of America, Id=0016F00002o0fj2QAA}, Account:{Name=Pyramid Construction Inc., Id=0016F00002o0fj3QAA}, Account:{Name=Dickenson plc, Id=0016F00002o0fj4QAA}, ...)
03:14:21.1 (23096159)|STATEMENT_EXECUTE|[28]
03:14:21.1 (23098361)|HEAP_ALLOCATE|[28]|Bytes:4
03:14:21.1 (23103580)|VARIABLE_ASSIGNMENT|[28]|i|8
03:14:21.1 (23112328)|STATEMENT_EXECUTE|[26]
03:14:21.1 (23113822)|STATEMENT_EXECUTE|[27]
03:14:21.1 (23171237)|HEAP_ALLOCATE|[27]|Bytes:602
03:14:21.1 (23181410)|HEAP_ALLOCATE|[27]|Bytes:614
03:14:21.1 (23187266)|USER_DEBUG|[27]|DEBUG|Account Name(Account:{Name=sForce, Id=0016F00002o0fjCQAQ}, Account:{Name=University of Arizona, Id=0016F00002o0fj8QAA}, Account:{Name=United Oil & Gas Corp., Id=0016F00002o0fj6QAA}, Account:{Name=GenePoint, Id=0016F00002o0fjBQAQ}, Account:{Name=United Oil & Gas, UK, Id=0016F00002o0fj9QAA}, Account:{Name=United Oil & Gas, Singapore, Id=0016F00002o0fjAQAQ}, Account:{Name=Edge Communications, Id=0016F00002o0fj1QAA}, Account:{Name=Burlington Textiles Corp of America, Id=0016F00002o0fj2QAA}, Account:{Name=Pyramid Construction Inc., Id=0016F00002o0fj3QAA}, Account:{Name=Dickenson plc, Id=0016F00002o0fj4QAA}, ...)
03:14:21.1 (23199161)|STATEMENT_EXECUTE|[28]
03:14:21.1 (23201193)|HEAP_ALLOCATE|[28]|Bytes:4
03:14:21.1 (23206951)|VARIABLE_ASSIGNMENT|[28]|i|9
03:14:21.1 (23216679)|STATEMENT_EXECUTE|[26]
03:14:21.1 (23218133)|STATEMENT_EXECUTE|[27]
03:14:21.1 (23269938)|HEAP_ALLOCATE|[27]|Bytes:602
03:14:21.1 (23280336)|HEAP_ALLOCATE|[27]|Bytes:614
03:14:21.1 (23286376)|USER_DEBUG|[27]|DEBUG|Account Name(Account:{Name=sForce, Id=0016F00002o0fjCQAQ}, Account:{Name=University of Arizona, Id=0016F00002o0fj8QAA}, Account:{Name=United Oil & Gas Corp., Id=0016F00002o0fj6QAA}, Account:{Name=GenePoint, Id=0016F00002o0fjBQAQ}, Account:{Name=United Oil & Gas, UK, Id=0016F00002o0fj9QAA}, Account:{Name=United Oil & Gas, Singapore, Id=0016F00002o0fjAQAQ}, Account:{Name=Edge Communications, Id=0016F00002o0fj1QAA}, Account:{Name=Burlington Textiles Corp of America, Id=0016F00002o0fj2QAA}, Account:{Name=Pyramid Construction Inc., Id=0016F00002o0fj3QAA}, Account:{Name=Dickenson plc, Id=0016F00002o0fj4QAA}, ...)
03:14:21.1 (23297754)|STATEMENT_EXECUTE|[28]
03:14:21.1 (23300079)|HEAP_ALLOCATE|[28]|Bytes:4
03:14:21.1 (23305592)|VARIABLE_ASSIGNMENT|[28]|i|10
03:14:21.1 (23314220)|STATEMENT_EXECUTE|[26]
03:14:21.1 (23315690)|STATEMENT_EXECUTE|[27]
03:14:21.1 (23371267)|HEAP_ALLOCATE|[27]|Bytes:602
03:14:21.1 (23382326)|HEAP_ALLOCATE|[27]|Bytes:614
03:14:21.1 (23387818)|USER_DEBUG|[27]|DEBUG|Account Name(Account:{Name=sForce, Id=0016F00002o0fjCQAQ}, Account:{Name=University of Arizona, Id=0016F00002o0fj8QAA}, Account:{Name=United Oil & Gas Corp., Id=0016F00002o0fj6QAA}, Account:{Name=GenePoint, Id=0016F00002o0fjBQAQ}, Account:{Name=United Oil & Gas, UK, Id=0016F00002o0fj9QAA}, Account:{Name=United Oil & Gas, Singapore, Id=0016F00002o0fjAQAQ}, Account:{Name=Edge Communications, Id=0016F00002o0fj1QAA}, Account:{Name=Burlington Textiles Corp of America, Id=0016F00002o0fj2QAA}, Account:{Name=Pyramid Construction Inc., Id=0016F00002o0fj3QAA}, Account:{Name=Dickenson plc, Id=0016F00002o0fj4QAA}, ...)
03:14:21.1 (23399019)|STATEMENT_EXECUTE|[28]
03:14:21.1 (23401365)|HEAP_ALLOCATE|[28]|Bytes:4
03:14:21.1 (23406789)|VARIABLE_ASSIGNMENT|[28]|i|11
03:14:21.1 (23416167)|STATEMENT_EXECUTE|[26]
03:14:21.1 (23417672)|STATEMENT_EXECUTE|[27]
03:14:21.1 (23469857)|HEAP_ALLOCATE|[27]|Bytes:602
03:14:21.1 (23480085)|HEAP_ALLOCATE|[27]|Bytes:614
03:14:21.1 (23486277)|USER_DEBUG|[27]|DEBUG|Account Name(Account:{Name=sForce, Id=0016F00002o0fjCQAQ}, Account:{Name=University of Arizona, Id=0016F00002o0fj8QAA}, Account:{Name=United Oil & Gas Corp., Id=0016F00002o0fj6QAA}, Account:{Name=GenePoint, Id=0016F00002o0fjBQAQ}, Account:{Name=United Oil & Gas, UK, Id=0016F00002o0fj9QAA}, Account:{Name=United Oil & Gas, Singapore, Id=0016F00002o0fjAQAQ}, Account:{Name=Edge Communications, Id=0016F00002o0fj1QAA}, Account:{Name=Burlington Textiles Corp of America, Id=0016F00002o0fj2QAA}, Account:{Name=Pyramid Construction Inc., Id=0016F00002o0fj3QAA}, Account:{Name=Dickenson plc, Id=0016F00002o0fj4QAA}, ...)
03:14:21.1 (23497283)|STATEMENT_EXECUTE|[28]
03:14:21.1 (23499306)|HEAP_ALLOCATE|[28]|Bytes:4
03:14:21.1 (23504949)|VARIABLE_ASSIGNMENT|[28]|i|12
03:14:21.1 (23514181)|STATEMENT_EXECUTE|[26]
03:14:21.1 (23515686)|STATEMENT_EXECUTE|[27]
03:14:21.1 (23570023)|HEAP_ALLOCATE|[27]|Bytes:602
03:14:21.1 (23580343)|HEAP_ALLOCATE|[27]|Bytes:614
03:14:21.1 (23586127)|USER_DEBUG|[27]|DEBUG|Account Name(Account:{Name=sForce, Id=0016F00002o0fjCQAQ}, Account:{Name=University of Arizona, Id=0016F00002o0fj8QAA}, Account:{Name=United Oil & Gas Corp., Id=0016F00002o0fj6QAA}, Account:{Name=GenePoint, Id=0016F00002o0fjBQAQ}, Account:{Name=United Oil & Gas, UK, Id=0016F00002o0fj9QAA}, Account:{Name=United Oil & Gas, Singapore, Id=0016F00002o0fjAQAQ}, Account:{Name=Edge Communications, Id=0016F00002o0fj1QAA}, Account:{Name=Burlington Textiles Corp of America, Id=0016F00002o0fj2QAA}, Account:{Name=Pyramid Construction Inc., Id=0016F00002o0fj3QAA}, Account:{Name=Dickenson plc, Id=0016F00002o0fj4QAA}, ...)
03:14:21.1 (23597926)|STATEMENT_EXECUTE|[28]
03:14:21.1 (23600657)|HEAP_ALLOCATE|[28]|Bytes:4
03:14:21.1 (23609023)|VARIABLE_ASSIGNMENT|[28]|i|13
03:14:21.1 (23624048)|STATEMENT_EXECUTE|[26]
03:14:21.1 (23626402)|STATEMENT_EXECUTE|[27]
03:14:21.1 (23722595)|HEAP_ALLOCATE|[27]|Bytes:602
03:14:21.1 (23744320)|HEAP_ALLOCATE|[27]|Bytes:614
03:14:21.1 (23756237)|USER_DEBUG|[27]|DEBUG|Account Name(Account:{Name=sForce, Id=0016F00002o0fjCQAQ}, Account:{Name=University of Arizona, Id=0016F00002o0fj8QAA}, Account:{Name=United Oil & Gas Corp., Id=0016F00002o0fj6QAA}, Account:{Name=GenePoint, Id=0016F00002o0fjBQAQ}, Account:{Name=United Oil & Gas, UK, Id=0016F00002o0fj9QAA}, Account:{Name=United Oil & Gas, Singapore, Id=0016F00002o0fjAQAQ}, Account:{Name=Edge Communications, Id=0016F00002o0fj1QAA}, Account:{Name=Burlington Textiles Corp of America, Id=0016F00002o0fj2QAA}, Account:{Name=Pyramid Construction Inc., Id=0016F00002o0fj3QAA}, Account:{Name=Dickenson plc, Id=0016F00002o0fj4QAA}, ...)
03:14:21.1 (23774063)|STATEMENT_EXECUTE|[28]
03:14:21.1 (23777336)|HEAP_ALLOCATE|[28]|Bytes:4
03:14:21.1 (23787479)|VARIABLE_ASSIGNMENT|[28]|i|14
03:14:21.1 (23812496)|METHOD_EXIT|[4]|01p6F00000MR33H|AccountProgram.queryOnAccount3()
03:14:21.1 (23819943)|SYSTEM_MODE_EXIT|false
03:14:21.23 (23851996)|CUMULATIVE_LIMIT_USAGE
03:14:21.23 (23851996)|LIMIT_USAGE_FOR_NS|(default)|
  Number of SOQL queries: 3 out of 100
  Number of query rows: 42 out of 50000
  Number of SOSL queries: 0 out of 20
  Number of DML statements: 0 out of 150
  Number of DML rows: 0 out of 10000
  Maximum CPU time: 0 out of 10000
  Maximum heap size: 0 out of 6000000
  Number of callouts: 0 out of 100
  Number of Email Invocations: 0 out of 10
  Number of future calls: 0 out of 50
  Number of queueable jobs added to the queue: 0 out of 50
  Number of Mobile Apex push calls: 0 out of 10

03:14:21.23 (23851996)|CUMULATIVE_LIMIT_USAGE_END

03:14:21.1 (23884150)|CODE_UNIT_FINISHED|execute_anonymous_apex
03:14:21.1 (25054505)|EXECUTION_FINISHED
