44.0 APEX_CODE,FINEST;APEX_PROFILING,INFO;CALLOUT,INFO;DB,INFO;NBA,INFO;SYSTEM,DEBUG;VALIDATION,INFO;VISUALFORCE,INFO;WAVE,INFO;WORKFLOW,INFO
Execute Anonymous: ParentClass obj1, obj2;
Execute Anonymous: obj1 = new ParentClass();
Execute Anonymous: obj1.write();
Execute Anonymous: obj2 = new ChildClass();
Execute Anonymous: obj2.write();
07:13:59.1 (1522029)|USER_INFO|[EXTERNAL]|0056F00000ATCAZ|ayman.shaikh@gmail.com|Pacific Standard Time|GMT-07:00
07:13:59.1 (1548718)|EXECUTION_STARTED
07:13:59.1 (1553351)|CODE_UNIT_STARTED|[EXTERNAL]|execute_anonymous_apex
07:13:59.1 (9893557)|VARIABLE_SCOPE_BEGIN|[1]|obj1|ParentClass|true|false
07:13:59.1 (9913177)|VARIABLE_SCOPE_BEGIN|[1]|obj2|ParentClass|true|false
07:13:59.1 (10024398)|HEAP_ALLOCATE|[72]|Bytes:3
07:13:59.1 (10055604)|HEAP_ALLOCATE|[77]|Bytes:152
07:13:59.1 (10067380)|HEAP_ALLOCATE|[342]|Bytes:408
07:13:59.1 (10078231)|HEAP_ALLOCATE|[355]|Bytes:408
07:13:59.1 (10088630)|HEAP_ALLOCATE|[467]|Bytes:48
07:13:59.1 (10111813)|HEAP_ALLOCATE|[139]|Bytes:6
07:13:59.1 (10134318)|HEAP_ALLOCATE|[EXTERNAL]|Bytes:9
07:13:59.1 (10169487)|STATEMENT_EXECUTE|[1]
07:13:59.1 (10172026)|STATEMENT_EXECUTE|[1]
07:13:59.1 (10210428)|VARIABLE_ASSIGNMENT|[1]|obj1|null|
07:13:59.1 (10217036)|STATEMENT_EXECUTE|[1]
07:13:59.1 (10222522)|VARIABLE_ASSIGNMENT|[1]|obj2|null|
07:13:59.1 (10226587)|STATEMENT_EXECUTE|[2]
07:13:59.1 (10230010)|HEAP_ALLOCATE|[2]|Bytes:3
07:13:59.1 (10235573)|HEAP_ALLOCATE|[2]|Bytes:4
07:13:59.1 (10261566)|METHOD_ENTRY|[1]|01p6F00000MR10y|ParentClass.ParentClass()
07:13:59.1 (10267478)|STATEMENT_EXECUTE|[1]
07:13:59.1 (10272199)|STATEMENT_EXECUTE|[1]
07:13:59.1 (10276260)|METHOD_EXIT|[1]|ParentClass
07:13:59.1 (10288886)|HEAP_ALLOCATE|[2]|Bytes:4
07:13:59.1 (10317936)|HEAP_ALLOCATE|[50]|Bytes:5
07:13:59.1 (10334708)|HEAP_ALLOCATE|[56]|Bytes:5
07:13:59.1 (10342252)|HEAP_ALLOCATE|[64]|Bytes:7
07:13:59.1 (10358423)|SYSTEM_MODE_ENTER|false
07:13:59.1 (10388132)|HEAP_ALLOCATE|[2]|Bytes:5
07:13:59.1 (10399003)|CONSTRUCTOR_ENTRY|[2]|01p6F00000MR10y|<init>()|ParentClass
07:13:59.1 (10426093)|VARIABLE_SCOPE_BEGIN|[1]|this|ParentClass|true|false
07:13:59.1 (10454638)|VARIABLE_ASSIGNMENT|[1]|this|{}|0x9e5aca2
07:13:59.1 (10464995)|HEAP_ALLOCATE|[EXTERNAL]|Bytes:6
07:13:59.1 (10496201)|STATEMENT_EXECUTE|[1]
07:13:59.1 (10501439)|CONSTRUCTOR_EXIT|[2]|01p6F00000MR10y|<init>()|ParentClass
07:13:59.1 (10512036)|SYSTEM_MODE_EXIT|false
07:13:59.1 (10527689)|VARIABLE_ASSIGNMENT|[2]|obj1|{}|0x9e5aca2
07:13:59.1 (10546111)|STATEMENT_EXECUTE|[3]
07:13:59.1 (10565914)|SYSTEM_MODE_ENTER|false
07:13:59.1 (10584244)|HEAP_ALLOCATE|[3]|Bytes:5
07:13:59.1 (10607377)|METHOD_ENTRY|[3]|01p6F00000MR10y|ParentClass.write()
07:13:59.1 (10628738)|VARIABLE_SCOPE_BEGIN|[3]|this|ParentClass|true|false
07:13:59.1 (10642719)|VARIABLE_ASSIGNMENT|[3]|this|{}|0x9e5aca2
07:13:59.1 (10650395)|STATEMENT_EXECUTE|[3]
07:13:59.1 (10652114)|STATEMENT_EXECUTE|[5]
07:13:59.1 (10655257)|HEAP_ALLOCATE|[5]|Bytes:20
07:13:59.1 (10701317)|USER_DEBUG|[5]|DEBUG|This is Parent Class
07:13:59.1 (10715007)|METHOD_EXIT|[3]|01p6F00000MR10y|ParentClass.write()
07:13:59.1 (10721141)|SYSTEM_MODE_EXIT|false
07:13:59.1 (10727159)|STATEMENT_EXECUTE|[4]
07:13:59.1 (15431503)|HEAP_ALLOCATE|[4]|Bytes:1
07:13:59.1 (15443206)|HEAP_ALLOCATE|[4]|Bytes:1
07:13:59.1 (15458321)|METHOD_ENTRY|[1]|01p6F00000MR2GO|ChildClass.ChildClass()
07:13:59.1 (15463909)|STATEMENT_EXECUTE|[1]
07:13:59.1 (15468224)|STATEMENT_EXECUTE|[1]
07:13:59.1 (15472725)|METHOD_EXIT|[1]|ChildClass
07:13:59.1 (15484864)|HEAP_ALLOCATE|[4]|Bytes:4
07:13:59.1 (15507383)|SYSTEM_MODE_ENTER|false
07:13:59.1 (15522940)|HEAP_ALLOCATE|[4]|Bytes:5
07:13:59.1 (15532876)|CONSTRUCTOR_ENTRY|[4]|01p6F00000MR2GO|<init>()|ChildClass
07:13:59.1 (15557720)|VARIABLE_SCOPE_BEGIN|[1]|this|ChildClass|true|false
07:13:59.1 (15580786)|VARIABLE_ASSIGNMENT|[1]|this|{}|0x16376a3b
07:13:59.1 (15589835)|CONSTRUCTOR_ENTRY|[EXTERNAL]|01p6F00000MR10y|<init>()|ParentClass
07:13:59.1 (15600633)|VARIABLE_SCOPE_BEGIN|[1]|this|ParentClass|true|false
07:13:59.1 (15612833)|VARIABLE_ASSIGNMENT|[1]|this|{}|0x16376a3b
07:13:59.1 (15630032)|STATEMENT_EXECUTE|[1]
07:13:59.1 (15633534)|CONSTRUCTOR_EXIT|[EXTERNAL]|01p6F00000MR10y|<init>()|ParentClass
07:13:59.1 (15639617)|STATEMENT_EXECUTE|[1]
07:13:59.1 (15642110)|CONSTRUCTOR_EXIT|[4]|01p6F00000MR2GO|<init>()|ChildClass
07:13:59.1 (15650456)|SYSTEM_MODE_EXIT|false
07:13:59.1 (15667917)|VARIABLE_ASSIGNMENT|[4]|obj2|{}|0x16376a3b
07:13:59.1 (15673774)|STATEMENT_EXECUTE|[5]
07:13:59.1 (15692301)|SYSTEM_MODE_ENTER|false
07:13:59.1 (15704766)|HEAP_ALLOCATE|[5]|Bytes:5
07:13:59.1 (15723950)|METHOD_ENTRY|[5]|01p6F00000MR2GO|ChildClass.write()
07:13:59.1 (15746344)|VARIABLE_SCOPE_BEGIN|[2]|this|ChildClass|true|false
07:13:59.1 (15760105)|VARIABLE_ASSIGNMENT|[2]|this|{}|0x16376a3b
07:13:59.1 (15767641)|STATEMENT_EXECUTE|[2]
07:13:59.1 (15769310)|STATEMENT_EXECUTE|[3]
07:13:59.1 (15775988)|METHOD_ENTRY|[3]|01p6F00000MR10y|ParentClass.ParentClassAdd()
07:13:59.1 (15801105)|VARIABLE_SCOPE_BEGIN|[8]|this|ParentClass|true|false
07:13:59.1 (15813862)|VARIABLE_ASSIGNMENT|[8]|this|{}|0x16376a3b
07:13:59.1 (15821252)|STATEMENT_EXECUTE|[8]
07:13:59.1 (15822794)|STATEMENT_EXECUTE|[9]
07:13:59.1 (15825954)|VARIABLE_SCOPE_BEGIN|[9]|IntNum1|Integer|false|false
07:13:59.1 (15835798)|VARIABLE_ASSIGNMENT|[9]|IntNum1|null
07:13:59.1 (15839747)|STATEMENT_EXECUTE|[9]
07:13:59.1 (15841778)|VARIABLE_SCOPE_BEGIN|[9]|IntNum2|Integer|false|false
07:13:59.1 (15849868)|VARIABLE_ASSIGNMENT|[9]|IntNum2|null
07:13:59.1 (15853957)|STATEMENT_EXECUTE|[9]
07:13:59.1 (15857036)|VARIABLE_SCOPE_BEGIN|[9]|IntSum|Integer|false|false
07:13:59.1 (15864338)|HEAP_ALLOCATE|[9]|Bytes:4
07:13:59.1 (15870698)|VARIABLE_ASSIGNMENT|[9]|IntSum|0
07:13:59.1 (15875237)|STATEMENT_EXECUTE|[10]
07:13:59.1 (16033379)|HEAP_ALLOCATE|[10]|Bytes:41
07:13:59.1 (16059201)|METHOD_EXIT|[3]|01p6F00000MR10y|ParentClass.ParentClassAdd()
07:13:59.1 (16067230)|METHOD_EXIT|[5]|01p6F00000MR2GO|ChildClass.write()
07:13:59.1 (16075394)|SYSTEM_MODE_EXIT|false
07:13:59.1 (16168514)|FATAL_ERROR|System.NullPointerException: Attempt to de-reference a null object

Class.ParentClass.ParentClassAdd: line 10, column 1
Class.ChildClass.write: line 3, column 1
AnonymousBlock: line 5, column 1
AnonymousBlock: line 5, column 1
07:13:59.16 (16212011)|CUMULATIVE_LIMIT_USAGE
07:13:59.16 (16212011)|LIMIT_USAGE_FOR_NS|(default)|
  Number of SOQL queries: 0 out of 100
  Number of query rows: 0 out of 50000
  Number of SOSL queries: 0 out of 20
  Number of DML statements: 0 out of 150
  Number of DML rows: 0 out of 10000
  Maximum CPU time: 0 out of 10000
  Maximum heap size: 0 out of 6000000
  Number of callouts: 0 out of 100
  Number of Email Invocations: 0 out of 10
  Number of future calls: 0 out of 50
  Number of queueable jobs added to the queue: 0 out of 50
  Number of Mobile Apex push calls: 0 out of 10

07:13:59.16 (16212011)|CUMULATIVE_LIMIT_USAGE_END

07:13:59.1 (16245284)|CODE_UNIT_FINISHED|execute_anonymous_apex
07:13:59.1 (17441445)|EXECUTION_FINISHED
