44.0 APEX_CODE,FINEST;APEX_PROFILING,INFO;CALLOUT,INFO;DB,INFO;NBA,INFO;SYSTEM,DEBUG;VALIDATION,INFO;VISUALFORCE,INFO;WAVE,INFO;WORKFLOW,INFO
Execute Anonymous: ParentClass obj1, obj2;
Execute Anonymous: obj1 = new ParentClass();
Execute Anonymous: obj1.write();
Execute Anonymous: obj2 = new ChildClass();
Execute Anonymous: obj2.write();
Execute Anonymous: obj2.ParentClassAdd();
07:12:44.1 (1405145)|USER_INFO|[EXTERNAL]|0056F00000ATCAZ|ayman.shaikh@gmail.com|Pacific Standard Time|GMT-07:00
07:12:44.1 (1431697)|EXECUTION_STARTED
07:12:44.1 (1437058)|CODE_UNIT_STARTED|[EXTERNAL]|execute_anonymous_apex
07:12:44.1 (511706755)|VARIABLE_SCOPE_BEGIN|[1]|obj1|ParentClass|true|false
07:12:44.1 (511732158)|VARIABLE_SCOPE_BEGIN|[1]|obj2|ParentClass|true|false
07:12:44.1 (511867059)|HEAP_ALLOCATE|[72]|Bytes:3
07:12:44.1 (511933219)|HEAP_ALLOCATE|[77]|Bytes:152
07:12:44.1 (511957042)|HEAP_ALLOCATE|[342]|Bytes:408
07:12:44.1 (511978962)|HEAP_ALLOCATE|[355]|Bytes:408
07:12:44.1 (512000723)|HEAP_ALLOCATE|[467]|Bytes:48
07:12:44.1 (512042449)|HEAP_ALLOCATE|[139]|Bytes:6
07:12:44.1 (512107786)|HEAP_ALLOCATE|[EXTERNAL]|Bytes:11
07:12:44.1 (512165009)|STATEMENT_EXECUTE|[1]
07:12:44.1 (512169371)|STATEMENT_EXECUTE|[1]
07:12:44.1 (512203237)|VARIABLE_ASSIGNMENT|[1]|obj1|null|
07:12:44.1 (512215285)|STATEMENT_EXECUTE|[1]
07:12:44.1 (512226683)|VARIABLE_ASSIGNMENT|[1]|obj2|null|
07:12:44.1 (512234949)|STATEMENT_EXECUTE|[2]
07:12:44.1 (512241719)|HEAP_ALLOCATE|[2]|Bytes:3
07:12:44.1 (512249789)|HEAP_ALLOCATE|[2]|Bytes:4
07:12:44.1 (512293458)|METHOD_ENTRY|[1]|01p6F00000MR10y|ParentClass.ParentClass()
07:12:44.1 (512305216)|STATEMENT_EXECUTE|[1]
07:12:44.1 (512312703)|STATEMENT_EXECUTE|[1]
07:12:44.1 (512322512)|METHOD_EXIT|[1]|ParentClass
07:12:44.1 (512344019)|HEAP_ALLOCATE|[2]|Bytes:4
07:12:44.1 (512396013)|HEAP_ALLOCATE|[50]|Bytes:5
07:12:44.1 (512431423)|HEAP_ALLOCATE|[56]|Bytes:5
07:12:44.1 (512447211)|HEAP_ALLOCATE|[64]|Bytes:7
07:12:44.1 (512478848)|SYSTEM_MODE_ENTER|false
07:12:44.1 (512530984)|HEAP_ALLOCATE|[2]|Bytes:5
07:12:44.1 (512555904)|CONSTRUCTOR_ENTRY|[2]|01p6F00000MR10y|<init>()|ParentClass
07:12:44.1 (512600358)|VARIABLE_SCOPE_BEGIN|[1]|this|ParentClass|true|false
07:12:44.1 (512653468)|VARIABLE_ASSIGNMENT|[1]|this|{}|0x10364054
07:12:44.1 (512673243)|HEAP_ALLOCATE|[EXTERNAL]|Bytes:6
07:12:44.1 (512731964)|STATEMENT_EXECUTE|[1]
07:12:44.1 (512739968)|CONSTRUCTOR_EXIT|[2]|01p6F00000MR10y|<init>()|ParentClass
07:12:44.1 (512758591)|SYSTEM_MODE_EXIT|false
07:12:44.1 (512787504)|VARIABLE_ASSIGNMENT|[2]|obj1|{}|0x10364054
07:12:44.1 (512798744)|STATEMENT_EXECUTE|[3]
07:12:44.1 (512834759)|SYSTEM_MODE_ENTER|false
07:12:44.1 (512863624)|HEAP_ALLOCATE|[3]|Bytes:5
07:12:44.1 (512901752)|METHOD_ENTRY|[3]|01p6F00000MR10y|ParentClass.write()
07:12:44.1 (512945643)|VARIABLE_SCOPE_BEGIN|[3]|this|ParentClass|true|false
07:12:44.1 (512971025)|VARIABLE_ASSIGNMENT|[3]|this|{}|0x10364054
07:12:44.1 (512985861)|STATEMENT_EXECUTE|[3]
07:12:44.1 (512988833)|STATEMENT_EXECUTE|[5]
07:12:44.1 (512994544)|HEAP_ALLOCATE|[5]|Bytes:20
07:12:44.1 (513070803)|USER_DEBUG|[5]|DEBUG|This is Parent Class
07:12:44.1 (513095083)|METHOD_EXIT|[3]|01p6F00000MR10y|ParentClass.write()
07:12:44.1 (513105399)|SYSTEM_MODE_EXIT|false
07:12:44.1 (513114275)|STATEMENT_EXECUTE|[4]
07:12:44.1 (518099605)|HEAP_ALLOCATE|[4]|Bytes:1
07:12:44.1 (518122560)|HEAP_ALLOCATE|[4]|Bytes:1
07:12:44.1 (518154216)|METHOD_ENTRY|[1]|01p6F00000MR2GO|ChildClass.ChildClass()
07:12:44.1 (518164281)|STATEMENT_EXECUTE|[1]
07:12:44.1 (518172479)|STATEMENT_EXECUTE|[1]
07:12:44.1 (518181175)|METHOD_EXIT|[1]|ChildClass
07:12:44.1 (518202990)|HEAP_ALLOCATE|[4]|Bytes:4
07:12:44.1 (518250428)|SYSTEM_MODE_ENTER|false
07:12:44.1 (518283452)|HEAP_ALLOCATE|[4]|Bytes:5
07:12:44.1 (518307477)|CONSTRUCTOR_ENTRY|[4]|01p6F00000MR2GO|<init>()|ChildClass
07:12:44.1 (518355478)|VARIABLE_SCOPE_BEGIN|[1]|this|ChildClass|true|false
07:12:44.1 (518408033)|VARIABLE_ASSIGNMENT|[1]|this|{}|0x196e0f97
07:12:44.1 (518427693)|CONSTRUCTOR_ENTRY|[EXTERNAL]|01p6F00000MR10y|<init>()|ParentClass
07:12:44.1 (518448117)|VARIABLE_SCOPE_BEGIN|[1]|this|ParentClass|true|false
07:12:44.1 (518475263)|VARIABLE_ASSIGNMENT|[1]|this|{}|0x196e0f97
07:12:44.1 (518511014)|STATEMENT_EXECUTE|[1]
07:12:44.1 (518519485)|CONSTRUCTOR_EXIT|[EXTERNAL]|01p6F00000MR10y|<init>()|ParentClass
07:12:44.1 (518532325)|STATEMENT_EXECUTE|[1]
07:12:44.1 (518538104)|CONSTRUCTOR_EXIT|[4]|01p6F00000MR2GO|<init>()|ChildClass
07:12:44.1 (518580998)|SYSTEM_MODE_EXIT|false
07:12:44.1 (518623282)|VARIABLE_ASSIGNMENT|[4]|obj2|{}|0x196e0f97
07:12:44.1 (518636428)|STATEMENT_EXECUTE|[5]
07:12:44.1 (518677374)|SYSTEM_MODE_ENTER|false
07:12:44.1 (518719442)|HEAP_ALLOCATE|[5]|Bytes:5
07:12:44.1 (518761241)|METHOD_ENTRY|[5]|01p6F00000MR2GO|ChildClass.write()
07:12:44.1 (518822774)|VARIABLE_SCOPE_BEGIN|[2]|this|ChildClass|true|false
07:12:44.1 (518842998)|VARIABLE_ASSIGNMENT|[2]|this|{}|0x196e0f97
07:12:44.1 (518852299)|STATEMENT_EXECUTE|[2]
07:12:44.1 (518854304)|STATEMENT_EXECUTE|[3]
07:12:44.1 (518864247)|METHOD_ENTRY|[3]|01p6F00000MR10y|ParentClass.ParentClassAdd()
07:12:44.1 (518900545)|VARIABLE_SCOPE_BEGIN|[8]|this|ParentClass|true|false
07:12:44.1 (518916730)|VARIABLE_ASSIGNMENT|[8]|this|{}|0x196e0f97
07:12:44.1 (518924842)|STATEMENT_EXECUTE|[8]
07:12:44.1 (518926843)|STATEMENT_EXECUTE|[9]
07:12:44.1 (518931112)|VARIABLE_SCOPE_BEGIN|[9]|IntNum1|Integer|false|false
07:12:44.1 (518946209)|VARIABLE_ASSIGNMENT|[9]|IntNum1|null
07:12:44.1 (518951301)|STATEMENT_EXECUTE|[9]
07:12:44.1 (518953625)|VARIABLE_SCOPE_BEGIN|[9]|IntNum2|Integer|false|false
07:12:44.1 (518962064)|VARIABLE_ASSIGNMENT|[9]|IntNum2|null
07:12:44.1 (518966252)|STATEMENT_EXECUTE|[9]
07:12:44.1 (518970175)|VARIABLE_SCOPE_BEGIN|[9]|IntSum|Integer|false|false
07:12:44.1 (518977632)|HEAP_ALLOCATE|[9]|Bytes:4
07:12:44.1 (518984854)|VARIABLE_ASSIGNMENT|[9]|IntSum|0
07:12:44.1 (518989145)|STATEMENT_EXECUTE|[10]
07:12:44.1 (519065995)|HEAP_ALLOCATE|[10]|Bytes:41
07:12:44.1 (519086310)|METHOD_EXIT|[3]|01p6F00000MR10y|ParentClass.ParentClassAdd()
07:12:44.1 (519094063)|METHOD_EXIT|[5]|01p6F00000MR2GO|ChildClass.write()
07:12:44.1 (519103169)|SYSTEM_MODE_EXIT|false
07:12:44.1 (519210959)|FATAL_ERROR|System.NullPointerException: Attempt to de-reference a null object

Class.ParentClass.ParentClassAdd: line 10, column 1
Class.ChildClass.write: line 3, column 1
AnonymousBlock: line 5, column 1
AnonymousBlock: line 5, column 1
07:12:44.519 (519261887)|CUMULATIVE_LIMIT_USAGE
07:12:44.519 (519261887)|LIMIT_USAGE_FOR_NS|(default)|
  Number of SOQL queries: 0 out of 100
  Number of query rows: 0 out of 50000
  Number of SOSL queries: 0 out of 20
  Number of DML statements: 0 out of 150
  Number of DML rows: 0 out of 10000
  Maximum CPU time: 0 out of 10000
  Maximum heap size: 0 out of 6000000
  Number of callouts: 0 out of 100
  Number of Email Invocations: 0 out of 10
  Number of future calls: 0 out of 50
  Number of queueable jobs added to the queue: 0 out of 50
  Number of Mobile Apex push calls: 0 out of 10

07:12:44.519 (519261887)|CUMULATIVE_LIMIT_USAGE_END

07:12:44.1 (519325830)|CODE_UNIT_FINISHED|execute_anonymous_apex
07:12:44.1 (520290612)|EXECUTION_FINISHED
