44.0 APEX_CODE,FINEST;APEX_PROFILING,INFO;CALLOUT,INFO;DB,INFO;NBA,INFO;SYSTEM,DEBUG;VALIDATION,INFO;VISUALFORCE,INFO;WAVE,INFO;WORKFLOW,INFO
Execute Anonymous: ConstructorDemo obj1ConstructorDemo = new ConstructorDemo();
Execute Anonymous: ConstructorDemo obj2ConstructorDemo = new ConstructorDemo(32);
06:42:40.1 (1292087)|USER_INFO|[EXTERNAL]|0056F00000ATCAZ|ayman.shaikh@gmail.com|Pacific Standard Time|GMT-07:00
06:42:40.1 (1330592)|EXECUTION_STARTED
06:42:40.1 (1339021)|CODE_UNIT_STARTED|[EXTERNAL]|execute_anonymous_apex
06:42:40.1 (2764940)|VARIABLE_SCOPE_BEGIN|[1]|obj1ConstructorDemo|ConstructorDemo|true|false
06:42:40.1 (2794056)|VARIABLE_SCOPE_BEGIN|[2]|obj2ConstructorDemo|ConstructorDemo|true|false
06:42:40.1 (2964677)|HEAP_ALLOCATE|[72]|Bytes:3
06:42:40.1 (3025135)|HEAP_ALLOCATE|[77]|Bytes:152
06:42:40.1 (3041436)|HEAP_ALLOCATE|[342]|Bytes:408
06:42:40.1 (3054557)|HEAP_ALLOCATE|[355]|Bytes:408
06:42:40.1 (3066962)|HEAP_ALLOCATE|[467]|Bytes:48
06:42:40.1 (3095703)|HEAP_ALLOCATE|[139]|Bytes:6
06:42:40.1 (3123939)|HEAP_ALLOCATE|[EXTERNAL]|Bytes:3
06:42:40.1 (3163250)|STATEMENT_EXECUTE|[1]
06:42:40.1 (3166599)|STATEMENT_EXECUTE|[1]
06:42:40.1 (3171034)|HEAP_ALLOCATE|[1]|Bytes:3
06:42:40.1 (3177106)|HEAP_ALLOCATE|[1]|Bytes:4
06:42:40.1 (3212153)|METHOD_ENTRY|[1]|01p6F00000MQQ19|ConstructorDemo.ConstructorDemo()
06:42:40.1 (3219733)|STATEMENT_EXECUTE|[1]
06:42:40.1 (3224136)|STATEMENT_EXECUTE|[1]
06:42:40.1 (3252263)|HEAP_ALLOCATE|[50]|Bytes:5
06:42:40.1 (3276066)|HEAP_ALLOCATE|[56]|Bytes:5
06:42:40.1 (3285081)|HEAP_ALLOCATE|[64]|Bytes:7
06:42:40.1 (3303478)|SYSTEM_MODE_ENTER|false
06:42:40.1 (3316489)|HEAP_ALLOCATE|[1]|Bytes:5
06:42:40.1 (3324528)|SYSTEM_MODE_EXIT|false
06:42:40.1 (3336993)|METHOD_EXIT|[1]|ConstructorDemo
06:42:40.1 (3357846)|HEAP_ALLOCATE|[1]|Bytes:4
06:42:40.1 (3383423)|SYSTEM_MODE_ENTER|false
06:42:40.1 (3409516)|HEAP_ALLOCATE|[1]|Bytes:5
06:42:40.1 (3451346)|CONSTRUCTOR_ENTRY|[1]|01p6F00000MQQ19|<init>()|ConstructorDemo
06:42:40.1 (3484594)|VARIABLE_SCOPE_BEGIN|[2]|this|ConstructorDemo|true|false
06:42:40.1 (3529011)|VARIABLE_ASSIGNMENT|[2]|this|{}|0x47edfc9f
06:42:40.1 (3543349)|HEAP_ALLOCATE|[4]|Bytes:5
06:42:40.1 (3549250)|STATEMENT_EXECUTE|[1]
06:42:40.1 (3552754)|HEAP_ALLOCATE|[4]|Bytes:5
06:42:40.1 (3563182)|HEAP_ALLOCATE|[4]|Bytes:6
06:42:40.1 (3599152)|STATEMENT_EXECUTE|[2]
06:42:40.1 (3601414)|STATEMENT_EXECUTE|[4]
06:42:40.1 (3604840)|HEAP_ALLOCATE|[4]|Bytes:36
06:42:40.1 (3672816)|USER_DEBUG|[4]|DEBUG|This is constructor without argument
06:42:40.1 (3691936)|CONSTRUCTOR_EXIT|[1]|01p6F00000MQQ19|<init>()|ConstructorDemo
06:42:40.1 (3699704)|SYSTEM_MODE_EXIT|false
06:42:40.1 (3728267)|VARIABLE_ASSIGNMENT|[1]|obj1ConstructorDemo|{}|0x47edfc9f
06:42:40.1 (3735770)|STATEMENT_EXECUTE|[2]
06:42:40.1 (3740695)|HEAP_ALLOCATE|[2]|Bytes:4
06:42:40.1 (3766982)|SYSTEM_MODE_ENTER|false
06:42:40.1 (3788003)|HEAP_ALLOCATE|[2]|Bytes:5
06:42:40.1 (3802149)|CONSTRUCTOR_ENTRY|[2]|01p6F00000MQQ19|<init>(Integer)|ConstructorDemo
06:42:40.1 (3823116)|VARIABLE_SCOPE_BEGIN|[8]|this|ConstructorDemo|true|false
06:42:40.1 (3842498)|VARIABLE_ASSIGNMENT|[8]|this|{}|0x1a95ca34
06:42:40.1 (3850737)|VARIABLE_SCOPE_BEGIN|[8]|int_Objectsize|Integer|false|false
06:42:40.1 (3860411)|VARIABLE_ASSIGNMENT|[8]|int_Objectsize|32
06:42:40.1 (3870052)|HEAP_ALLOCATE|[10]|Bytes:5
06:42:40.1 (3875496)|STATEMENT_EXECUTE|[1]
06:42:40.1 (3878803)|HEAP_ALLOCATE|[10]|Bytes:5
06:42:40.1 (3895468)|STATEMENT_EXECUTE|[8]
06:42:40.1 (3897479)|STATEMENT_EXECUTE|[10]
06:42:40.1 (3901920)|VARIABLE_SCOPE_BEGIN|[10]|size|Integer|false|false
06:42:40.1 (3913882)|VARIABLE_ASSIGNMENT|[10]|size|null
06:42:40.1 (3918765)|STATEMENT_EXECUTE|[11]
06:42:40.1 (3921211)|HEAP_ALLOCATE|[11]|Bytes:4
06:42:40.1 (3927138)|VARIABLE_ASSIGNMENT|[11]|size|32
06:42:40.1 (3931054)|STATEMENT_EXECUTE|[12]
06:42:40.1 (3934234)|HEAP_ALLOCATE|[12]|Bytes:55
06:42:40.1 (3999518)|HEAP_ALLOCATE|[12]|Bytes:2
06:42:40.1 (4022550)|HEAP_ALLOCATE|[12]|Bytes:57
06:42:40.1 (4035475)|USER_DEBUG|[12]|DEBUG|This is constructor with argument having object size as32
06:42:40.1 (4068596)|CONSTRUCTOR_EXIT|[2]|01p6F00000MQQ19|<init>(Integer)|ConstructorDemo
06:42:40.1 (4084373)|SYSTEM_MODE_EXIT|false
06:42:40.1 (4120479)|VARIABLE_ASSIGNMENT|[2]|obj2ConstructorDemo|{}|0x1a95ca34
06:42:40.4 (4211586)|CUMULATIVE_LIMIT_USAGE
06:42:40.4 (4211586)|LIMIT_USAGE_FOR_NS|(default)|
  Number of SOQL queries: 0 out of 100
  Number of query rows: 0 out of 50000
  Number of SOSL queries: 0 out of 20
  Number of DML statements: 0 out of 150
  Number of DML rows: 0 out of 10000
  Maximum CPU time: 0 out of 10000
  Maximum heap size: 0 out of 6000000
  Number of callouts: 0 out of 100
  Number of Email Invocations: 0 out of 10
  Number of future calls: 0 out of 50
  Number of queueable jobs added to the queue: 0 out of 50
  Number of Mobile Apex push calls: 0 out of 10

06:42:40.4 (4211586)|CUMULATIVE_LIMIT_USAGE_END

06:42:40.1 (4534396)|CODE_UNIT_FINISHED|execute_anonymous_apex
06:42:40.1 (5407065)|EXECUTION_FINISHED
