44.0 APEX_CODE,FINEST;APEX_PROFILING,INFO;CALLOUT,INFO;DB,INFO;NBA,INFO;SYSTEM,DEBUG;VALIDATION,INFO;VISUALFORCE,INFO;WAVE,INFO;WORKFLOW,INFO
Execute Anonymous: AccountRecordEternus objAccountRecordEternus = new AccountRecordEternus();
Execute Anonymous: objAccountRecordEternus.insertrecord();
06:12:19.1 (1264549)|USER_INFO|[EXTERNAL]|0056F00000ATCAZ|ayman.shaikh@gmail.com|Pacific Standard Time|GMT-07:00
06:12:19.1 (1290347)|EXECUTION_STARTED
06:12:19.1 (1295513)|CODE_UNIT_STARTED|[EXTERNAL]|execute_anonymous_apex
06:12:19.1 (7900910)|VARIABLE_SCOPE_BEGIN|[1]|objAccountRecordEternus|AccountRecordEternus|true|false
06:12:19.1 (8023888)|HEAP_ALLOCATE|[72]|Bytes:3
06:12:19.1 (8056847)|HEAP_ALLOCATE|[77]|Bytes:152
06:12:19.1 (8072186)|HEAP_ALLOCATE|[342]|Bytes:408
06:12:19.1 (8084412)|HEAP_ALLOCATE|[355]|Bytes:408
06:12:19.1 (8095091)|HEAP_ALLOCATE|[467]|Bytes:48
06:12:19.1 (8117594)|HEAP_ALLOCATE|[139]|Bytes:6
06:12:19.1 (8134101)|HEAP_ALLOCATE|[EXTERNAL]|Bytes:3
06:12:19.1 (8159561)|STATEMENT_EXECUTE|[1]
06:12:19.1 (8162225)|STATEMENT_EXECUTE|[1]
06:12:19.1 (8165253)|HEAP_ALLOCATE|[1]|Bytes:1
06:12:19.1 (8170592)|HEAP_ALLOCATE|[1]|Bytes:7
06:12:19.1 (8199336)|METHOD_ENTRY|[1]|01p6F00000MR5f3|AccountRecordEternus.AccountRecordEternus()
06:12:19.1 (8205705)|STATEMENT_EXECUTE|[1]
06:12:19.1 (8209917)|STATEMENT_EXECUTE|[1]
06:12:19.1 (8213825)|METHOD_EXIT|[1]|AccountRecordEternus
06:12:19.1 (8227201)|HEAP_ALLOCATE|[1]|Bytes:4
06:12:19.1 (8254451)|HEAP_ALLOCATE|[50]|Bytes:5
06:12:19.1 (8271751)|HEAP_ALLOCATE|[56]|Bytes:5
06:12:19.1 (8279024)|HEAP_ALLOCATE|[64]|Bytes:7
06:12:19.1 (8295929)|SYSTEM_MODE_ENTER|false
06:12:19.1 (8325879)|HEAP_ALLOCATE|[1]|Bytes:5
06:12:19.1 (8336517)|CONSTRUCTOR_ENTRY|[1]|01p6F00000MR5f3|<init>()|AccountRecordEternus
06:12:19.1 (8366215)|VARIABLE_SCOPE_BEGIN|[1]|this|AccountRecordEternus|true|false
06:12:19.1 (8403473)|VARIABLE_ASSIGNMENT|[1]|this|{}|0x3ca8ef30
06:12:19.1 (8417340)|HEAP_ALLOCATE|[EXTERNAL]|Bytes:6
06:12:19.1 (8451116)|STATEMENT_EXECUTE|[1]
06:12:19.1 (8456144)|CONSTRUCTOR_EXIT|[1]|01p6F00000MR5f3|<init>()|AccountRecordEternus
06:12:19.1 (8466614)|SYSTEM_MODE_EXIT|false
06:12:19.1 (8484626)|VARIABLE_ASSIGNMENT|[1]|objAccountRecordEternus|{}|0x3ca8ef30
06:12:19.1 (8491476)|STATEMENT_EXECUTE|[2]
06:12:19.1 (8511777)|SYSTEM_MODE_ENTER|false
06:12:19.1 (8529340)|HEAP_ALLOCATE|[2]|Bytes:5
06:12:19.1 (8552862)|METHOD_ENTRY|[2]|01p6F00000MR5f3|AccountRecordEternus.insertrecord()
06:12:19.1 (8574686)|VARIABLE_SCOPE_BEGIN|[2]|this|AccountRecordEternus|true|false
06:12:19.1 (8588239)|VARIABLE_ASSIGNMENT|[2]|this|{}|0x3ca8ef30
06:12:19.1 (8596851)|STATEMENT_EXECUTE|[2]
06:12:19.1 (8598752)|STATEMENT_EXECUTE|[3]
06:12:19.1 (8669688)|HEAP_ALLOCATE|[3]|Bytes:4
06:12:19.1 (8743692)|VARIABLE_SCOPE_BEGIN|[3]|AccNameList|List<Account>|true|false
06:12:19.1 (8756842)|HEAP_ALLOCATE|[EXTERNAL]|Bytes:4
06:12:19.1 (8769292)|VARIABLE_ASSIGNMENT|[3]|AccNameList|[]|0x3d3f44ec
06:12:19.1 (8775216)|STATEMENT_EXECUTE|[4]
06:12:19.1 (8798320)|HEAP_ALLOCATE|[4]|Bytes:4
06:12:19.1 (8861949)|HEAP_ALLOCATE|[4]|Bytes:7
06:12:19.1 (8914197)|VARIABLE_ASSIGNMENT|[4]|this.Name|"Eternus"|0x6e4ec616
06:12:19.1 (8947842)|VARIABLE_SCOPE_BEGIN|[4]|newAccRecord|Account|true|false
06:12:19.1 (8964292)|VARIABLE_ASSIGNMENT|[4]|newAccRecord|{"Name":"Eternus"}|0x6e4ec616
06:12:19.1 (8970066)|STATEMENT_EXECUTE|[5]
06:12:19.1 (9011816)|HEAP_ALLOCATE|[EXTERNAL]|Bytes:4
06:12:19.1 (9022341)|STATEMENT_EXECUTE|[6]
06:12:19.1 (9073386)|DML_BEGIN|[6]|Op:Insert|Type:Account|Rows:1
06:12:19.1 (9111504)|HEAP_ALLOCATE|[EXTERNAL]|Bytes:8
06:12:19.1 (22233781)|CODE_UNIT_STARTED|[EXTERNAL]|DuplicateDetector
06:12:19.1 (22256346)|DUPLICATE_DETECTION_BEGIN
06:12:19.1 (22895269)|DUPLICATE_DETECTION_RULE_INVOCATION|DuplicateRuleId:0Bm6F000006fqOj|DuplicateRuleName:Standard Account Duplicate Rule|DmlType:INSERT
06:12:19.1 (52539412)|DUPLICATE_DETECTION_MATCH_INVOCATION_DETAILS|EntityType:Account|ActionTaken:Allow_[Alert,Report]|DuplicateRecordIds:
06:12:19.1 (52569465)|DUPLICATE_DETECTION_MATCH_INVOCATION_SUMMARY|EntityType:Account|NumRecordsToBeSaved:1|NumRecordsToBeSavedWithDuplicates:0|NumDuplicateRecordsFound:0
06:12:19.1 (52707398)|DUPLICATE_DETECTION_END
06:12:19.1 (52715481)|CODE_UNIT_FINISHED|DuplicateDetector
06:12:19.1 (100596185)|CODE_UNIT_STARTED|[EXTERNAL]|Workflow:Account
06:12:19.1 (106520205)|WF_RULE_EVAL_BEGIN|Workflow
06:12:19.1 (106552625)|WF_CRITERIA_BEGIN|[Account: Eternus 0016F00002yJWFX]|Account_Contact_Process_Builder3016F000000lJHE|01Q6F0000015jXe|ON_ALL_CHANGES|0
06:12:19.1 (106661811)|WF_FORMULA|Formula:ENCODED:[treatNullAsNull]true|Values:
06:12:19.1 (106670016)|WF_CRITERIA_END|true
06:12:19.1 (107118610)|WF_SPOOL_ACTION_BEGIN|Workflow
06:12:19.1 (107142328)|WF_ACTION| Flow Trigger: 1;
06:12:19.1 (107147029)|WF_RULE_EVAL_END
06:12:19.1 (107779806)|WF_FLOW_ACTION_BEGIN|09L6F000000kcMy
06:12:19.109 (109045533)|FLOW_CREATE_INTERVIEW_BEGIN|00D6F000002XQjE|3006F000000kPxn|3016F000000lJHE
06:12:19.109 (109673280)|FLOW_CREATE_INTERVIEW_END|9811bae789f027770b8763c8f2a1166bac70e12-38fc|Account Contact Process Builder
06:12:19.110 (110019123)|FLOW_START_INTERVIEWS_BEGIN|1
06:12:19.110 (110039719)|FLOW_START_INTERVIEW_BEGIN|9811bae789f027770b8763c8f2a1166bac70e12-38fc|Account Contact Process Builder
06:12:19.110 (111531919)|FLOW_START_INTERVIEW_END|9811bae789f027770b8763c8f2a1166bac70e12-38fc|Account Contact Process Builder
06:12:19.110 (111554505)|FLOW_START_INTERVIEWS_END|1
06:12:19.1 (112513335)|WF_FLOW_ACTION_END|09L6F000000kcMy
06:12:19.1 (112603704)|WF_ACTIONS_END| Flow Trigger: 1;
06:12:19.1 (112611604)|CODE_UNIT_FINISHED|Workflow:Account
06:12:19.1 (125891662)|DML_END|[6]
06:12:19.1 (125950717)|HEAP_ALLOCATE|[EXTERNAL]|Bytes:8
06:12:19.1 (125968196)|STATEMENT_EXECUTE|[7]
06:12:19.1 (125976049)|HEAP_ALLOCATE|[7]|Bytes:14
06:12:19.1 (126098548)|HEAP_ALLOCATE|[7]|Bytes:47
06:12:19.1 (126125817)|HEAP_ALLOCATE|[7]|Bytes:61
06:12:19.1 (126151768)|USER_DEBUG|[7]|DEBUG|added Account:(Account:{Name=Eternus, Id=0016F00002yJWFXQA4})
06:12:19.1 (126161668)|STATEMENT_EXECUTE|[9]
06:12:19.1 (126210187)|HEAP_ALLOCATE|[9]|Bytes:4
06:12:19.1 (126273653)|VARIABLE_SCOPE_BEGIN|[9]|contactList|List<Contact>|true|false
06:12:19.1 (126287783)|HEAP_ALLOCATE|[EXTERNAL]|Bytes:4
06:12:19.1 (126305407)|VARIABLE_ASSIGNMENT|[9]|contactList|[]|0x374817d0
06:12:19.1 (126311824)|STATEMENT_EXECUTE|[10]
06:12:19.1 (126315574)|VARIABLE_SCOPE_BEGIN|[10]|iterVar|Integer|false|false
06:12:19.1 (126328336)|VARIABLE_ASSIGNMENT|[10]|iterVar|null
06:12:19.1 (126333864)|STATEMENT_EXECUTE|[11]
06:12:19.1 (126337699)|HEAP_ALLOCATE|[11]|Bytes:4
06:12:19.1 (126344838)|VARIABLE_ASSIGNMENT|[11]|iterVar|0
06:12:19.1 (126351798)|STATEMENT_EXECUTE|[11]
06:12:19.1 (126353406)|STATEMENT_EXECUTE|[12]
06:12:19.1 (126376510)|HEAP_ALLOCATE|[12]|Bytes:4
06:12:19.1 (126439922)|HEAP_ALLOCATE|[12]|Bytes:6
06:12:19.1 (126479571)|VARIABLE_ASSIGNMENT|[12]|this.LastName|"Shaikh"|0x728e732c
06:12:19.1 (126525128)|VARIABLE_ASSIGNMENT|[12]|this.AccountId|"0016F00002yJWFXQA4"|0x728e732c
06:12:19.1 (126553637)|VARIABLE_SCOPE_BEGIN|[12]|newContactRecord|Contact|true|false
06:12:19.1 (126574368)|VARIABLE_ASSIGNMENT|[12]|newContactRecord|{"LastName":"Shaikh","AccountId":"0016F00002yJWFXQA4"}|0x728e732c
06:12:19.1 (126581337)|STATEMENT_EXECUTE|[13]
06:12:19.1 (126613060)|HEAP_ALLOCATE|[EXTERNAL]|Bytes:4
06:12:19.1 (126624189)|HEAP_ALLOCATE|[11]|Bytes:4
06:12:19.1 (126631407)|VARIABLE_ASSIGNMENT|[11]|iterVar|1
06:12:19.1 (126641916)|STATEMENT_EXECUTE|[11]
06:12:19.1 (126643500)|STATEMENT_EXECUTE|[12]
06:12:19.1 (126656976)|HEAP_ALLOCATE|[12]|Bytes:4
06:12:19.1 (126680898)|VARIABLE_ASSIGNMENT|[12]|this.LastName|"Shaikh"|0x4280ca22
06:12:19.1 (126701748)|VARIABLE_ASSIGNMENT|[12]|this.AccountId|"0016F00002yJWFXQA4"|0x4280ca22
06:12:19.1 (126713127)|VARIABLE_SCOPE_BEGIN|[12]|newContactRecord|Contact|true|false
06:12:19.1 (126727801)|VARIABLE_ASSIGNMENT|[12]|newContactRecord|{"LastName":"Shaikh","AccountId":"0016F00002yJWFXQA4"}|0x4280ca22
06:12:19.1 (126733911)|STATEMENT_EXECUTE|[13]
06:12:19.1 (126742433)|HEAP_ALLOCATE|[EXTERNAL]|Bytes:4
06:12:19.1 (126749425)|HEAP_ALLOCATE|[11]|Bytes:4
06:12:19.1 (126756067)|VARIABLE_ASSIGNMENT|[11]|iterVar|2
06:12:19.1 (126762039)|STATEMENT_EXECUTE|[11]
06:12:19.1 (126763460)|STATEMENT_EXECUTE|[12]
06:12:19.1 (126774554)|HEAP_ALLOCATE|[12]|Bytes:4
06:12:19.1 (126792219)|VARIABLE_ASSIGNMENT|[12]|this.LastName|"Shaikh"|0x5104ddea
06:12:19.1 (126809674)|VARIABLE_ASSIGNMENT|[12]|this.AccountId|"0016F00002yJWFXQA4"|0x5104ddea
06:12:19.1 (126818647)|VARIABLE_SCOPE_BEGIN|[12]|newContactRecord|Contact|true|false
06:12:19.1 (126831682)|VARIABLE_ASSIGNMENT|[12]|newContactRecord|{"LastName":"Shaikh","AccountId":"0016F00002yJWFXQA4"}|0x5104ddea
06:12:19.1 (126836998)|STATEMENT_EXECUTE|[13]
06:12:19.1 (126844075)|HEAP_ALLOCATE|[EXTERNAL]|Bytes:4
06:12:19.1 (126850144)|HEAP_ALLOCATE|[11]|Bytes:4
06:12:19.1 (126855895)|VARIABLE_ASSIGNMENT|[11]|iterVar|3
06:12:19.1 (126863313)|STATEMENT_EXECUTE|[11]
06:12:19.1 (126864773)|STATEMENT_EXECUTE|[12]
06:12:19.1 (126873708)|HEAP_ALLOCATE|[12]|Bytes:4
06:12:19.1 (126890503)|VARIABLE_ASSIGNMENT|[12]|this.LastName|"Shaikh"|0x5092c3f5
06:12:19.1 (126907709)|VARIABLE_ASSIGNMENT|[12]|this.AccountId|"0016F00002yJWFXQA4"|0x5092c3f5
06:12:19.1 (126916004)|VARIABLE_SCOPE_BEGIN|[12]|newContactRecord|Contact|true|false
06:12:19.1 (126932528)|VARIABLE_ASSIGNMENT|[12]|newContactRecord|{"LastName":"Shaikh","AccountId":"0016F00002yJWFXQA4"}|0x5092c3f5
06:12:19.1 (126937674)|STATEMENT_EXECUTE|[13]
06:12:19.1 (126944280)|HEAP_ALLOCATE|[EXTERNAL]|Bytes:4
06:12:19.1 (126952005)|HEAP_ALLOCATE|[11]|Bytes:4
06:12:19.1 (126957975)|VARIABLE_ASSIGNMENT|[11]|iterVar|4
06:12:19.1 (126963968)|STATEMENT_EXECUTE|[11]
06:12:19.1 (126965379)|STATEMENT_EXECUTE|[12]
06:12:19.1 (126973749)|HEAP_ALLOCATE|[12]|Bytes:4
06:12:19.1 (126994205)|VARIABLE_ASSIGNMENT|[12]|this.LastName|"Shaikh"|0x68c523a7
06:12:19.1 (127011971)|VARIABLE_ASSIGNMENT|[12]|this.AccountId|"0016F00002yJWFXQA4"|0x68c523a7
06:12:19.1 (127021717)|VARIABLE_SCOPE_BEGIN|[12]|newContactRecord|Contact|true|false
06:12:19.1 (127034557)|VARIABLE_ASSIGNMENT|[12]|newContactRecord|{"LastName":"Shaikh","AccountId":"0016F00002yJWFXQA4"}|0x68c523a7
06:12:19.1 (127041864)|STATEMENT_EXECUTE|[13]
06:12:19.1 (127047984)|HEAP_ALLOCATE|[EXTERNAL]|Bytes:4
06:12:19.1 (127054451)|HEAP_ALLOCATE|[11]|Bytes:4
06:12:19.1 (127060400)|VARIABLE_ASSIGNMENT|[11]|iterVar|5
06:12:19.1 (127066281)|STATEMENT_EXECUTE|[15]
06:12:19.1 (127100861)|DML_BEGIN|[15]|Op:Insert|Type:Contact|Rows:5
06:12:19.1 (127131996)|HEAP_ALLOCATE|[EXTERNAL]|Bytes:24
06:12:19.1 (143335650)|CODE_UNIT_STARTED|[EXTERNAL]|DuplicateDetector
06:12:19.1 (143351776)|DUPLICATE_DETECTION_BEGIN
06:12:19.1 (143425552)|DUPLICATE_DETECTION_RULE_INVOCATION|DuplicateRuleId:0Bm6F000006fqOk|DuplicateRuleName:Standard Contact Duplicate Rule|DmlType:INSERT
06:12:19.1 (219871619)|DUPLICATE_DETECTION_MATCH_INVOCATION_DETAILS|EntityType:Contact|ActionTaken:Allow_[Alert,Report]|DuplicateRecordIds:
06:12:19.1 (219887631)|DUPLICATE_DETECTION_MATCH_INVOCATION_DETAILS|EntityType:Contact|ActionTaken:Allow_[Alert,Report]|DuplicateRecordIds:
06:12:19.1 (219893826)|DUPLICATE_DETECTION_MATCH_INVOCATION_DETAILS|EntityType:Contact|ActionTaken:Allow_[Alert,Report]|DuplicateRecordIds:
06:12:19.1 (219902782)|DUPLICATE_DETECTION_MATCH_INVOCATION_DETAILS|EntityType:Contact|ActionTaken:Allow_[Alert,Report]|DuplicateRecordIds:
06:12:19.1 (219908099)|DUPLICATE_DETECTION_MATCH_INVOCATION_DETAILS|EntityType:Contact|ActionTaken:Allow_[Alert,Report]|DuplicateRecordIds:
06:12:19.1 (219926768)|DUPLICATE_DETECTION_MATCH_INVOCATION_SUMMARY|EntityType:Contact|NumRecordsToBeSaved:5|NumRecordsToBeSavedWithDuplicates:0|NumDuplicateRecordsFound:0
06:12:19.1 (219938710)|DUPLICATE_DETECTION_MATCH_INVOCATION_DETAILS|EntityType:Contact|ActionTaken:Allow_[Alert,Report]|DuplicateRecordIds:
06:12:19.1 (219945006)|DUPLICATE_DETECTION_MATCH_INVOCATION_DETAILS|EntityType:Contact|ActionTaken:Allow_[Alert,Report]|DuplicateRecordIds:
06:12:19.1 (219950665)|DUPLICATE_DETECTION_MATCH_INVOCATION_DETAILS|EntityType:Contact|ActionTaken:Allow_[Alert,Report]|DuplicateRecordIds:
06:12:19.1 (219956489)|DUPLICATE_DETECTION_MATCH_INVOCATION_DETAILS|EntityType:Contact|ActionTaken:Allow_[Alert,Report]|DuplicateRecordIds:
06:12:19.1 (219960823)|DUPLICATE_DETECTION_MATCH_INVOCATION_DETAILS|EntityType:Contact|ActionTaken:Allow_[Alert,Report]|DuplicateRecordIds:
06:12:19.1 (219967754)|DUPLICATE_DETECTION_MATCH_INVOCATION_SUMMARY|EntityType:Contact|NumRecordsToBeSaved:5|NumRecordsToBeSavedWithDuplicates:0|NumDuplicateRecordsFound:0
06:12:19.1 (220133824)|DUPLICATE_DETECTION_END
06:12:19.1 (220140989)|CODE_UNIT_FINISHED|DuplicateDetector
06:12:19.1 (286854396)|DML_END|[15]
06:12:19.1 (286913917)|HEAP_ALLOCATE|[EXTERNAL]|Bytes:24
06:12:19.1 (286935827)|STATEMENT_EXECUTE|[16]
06:12:19.1 (286943679)|HEAP_ALLOCATE|[16]|Bytes:14
06:12:19.1 (287122311)|HEAP_ALLOCATE|[16]|Bytes:400
06:12:19.1 (287147753)|HEAP_ALLOCATE|[16]|Bytes:414
06:12:19.1 (287164951)|USER_DEBUG|[16]|DEBUG|Added Contact:(Contact:{LastName=Shaikh, AccountId=0016F00002yJWFXQA4, Id=0036F00002nBlPZQA0}, Contact:{LastName=Shaikh, AccountId=0016F00002yJWFXQA4, Id=0036F00002nBlPaQAK}, Contact:{LastName=Shaikh, AccountId=0016F00002yJWFXQA4, Id=0036F00002nBlPbQAK}, Contact:{LastName=Shaikh, AccountId=0016F00002yJWFXQA4, Id=0036F00002nBlPcQAK}, Contact:{LastName=Shaikh, AccountId=0016F00002yJWFXQA4, Id=0036F00002nBlPdQAK})
06:12:19.1 (287178926)|STATEMENT_EXECUTE|[18]
06:12:19.1 (287185756)|VARIABLE_SCOPE_BEGIN|[18]|j|Integer|false|false
06:12:19.1 (287194873)|HEAP_ALLOCATE|[18]|Bytes:4
06:12:19.1 (287210650)|VARIABLE_ASSIGNMENT|[18]|j|0
06:12:19.1 (287219802)|HEAP_ALLOCATE|[21]|Bytes:29
06:12:19.1 (287242924)|HEAP_ALLOCATE|[21]|Bytes:4
06:12:19.1 (287386097)|SOQL_EXECUTE_BEGIN|[21]|Aggregations:0|SELECT AccountId FROM Contact
06:12:19.1 (297370307)|SOQL_EXECUTE_END|[21]|Rows:28
06:12:19.1 (297400909)|HEAP_ALLOCATE|[EXTERNAL]|Bytes:116
06:12:19.1 (297601871)|HEAP_ALLOCATE|[21]|Bytes:54
06:12:19.1 (297613325)|HEAP_ALLOCATE|[21]|Bytes:8
06:12:19.1 (297628982)|SYSTEM_METHOD_ENTRY|[7]|QueryLocatorIterator.QueryLocatorIterator()
06:12:19.1 (297633735)|STATEMENT_EXECUTE|[7]
06:12:19.1 (297643157)|SYSTEM_METHOD_EXIT|[7]|QueryLocatorIterator
06:12:19.1 (297651041)|HEAP_ALLOCATE|[21]|Bytes:28
06:12:19.1 (297683695)|HEAP_ALLOCATE|[21]|Bytes:116
06:12:19.1 (297703418)|HEAP_ALLOCATE|[21]|Bytes:8
06:12:19.1 (297708033)|HEAP_ALLOCATE|[21]|Bytes:8
06:12:19.1 (297714235)|VARIABLE_SCOPE_BEGIN|[15]|this|Database.QueryLocatorIterator|true|false
06:12:19.1 (297753175)|VARIABLE_ASSIGNMENT|[15]|this|{}|0x35f2cf1a
06:12:19.1 (297760933)|VARIABLE_SCOPE_BEGIN|[15]|values|List<SObject>|true|false
06:12:19.1 (297779956)|VARIABLE_ASSIGNMENT|[15]|values|"List of size 28 too large to display"|0x7e5df551
06:12:19.1 (297786202)|VARIABLE_SCOPE_BEGIN|[15]|ql|Database.QueryLocator|true|false
06:12:19.1 (297806889)|VARIABLE_ASSIGNMENT|[15]|ql|{"query":"SELECT AccountId FRO (9 more) ..."}|0x1985060e
06:12:19.1 (297812782)|VARIABLE_SCOPE_BEGIN|[15]|totalNumRecords|Integer|false|false
06:12:19.1 (297822673)|VARIABLE_ASSIGNMENT|[15]|totalNumRecords|28
06:12:19.1 (297827246)|VARIABLE_SCOPE_BEGIN|[15]|queryMoreSize|Integer|false|false
06:12:19.1 (297835316)|VARIABLE_ASSIGNMENT|[15]|queryMoreSize|49972
06:12:19.1 (297887902)|HEAP_ALLOCATE|[21]|Bytes:28
06:12:19.1 (297918374)|METHOD_ENTRY|[21]||Database.QueryLocatorIterator.hasNext()
06:12:19.1 (297969980)|METHOD_EXIT|[21]||Database.QueryLocatorIterator.hasNext()
06:12:19.1 (297978711)|METHOD_ENTRY|[21]||Database.QueryLocatorIterator.next()
06:12:19.1 (298056412)|METHOD_EXIT|[21]||Database.QueryLocatorIterator.next()
06:12:19.1 (298066459)|VARIABLE_SCOPE_BEGIN|[21]|c1|Contact|true|false
06:12:19.1 (298086914)|VARIABLE_ASSIGNMENT|[21]|c1|{"AccountId":"0016F00002yJWFXQA4","Id":"0036F00002nBlPZQA0"}|0x7014d9ea
06:12:19.1 (298094083)|STATEMENT_EXECUTE|[21]
06:12:19.1 (298196095)|STATEMENT_EXECUTE|[22]
06:12:19.1 (298198535)|STATEMENT_EXECUTE|[23]
06:12:19.1 (298201884)|HEAP_ALLOCATE|[23]|Bytes:4
06:12:19.1 (298211014)|VARIABLE_ASSIGNMENT|[23]|j|1
06:12:19.1 (298222535)|METHOD_ENTRY|[21]||Database.QueryLocatorIterator.hasNext()
06:12:19.1 (298242965)|METHOD_EXIT|[21]||Database.QueryLocatorIterator.hasNext()
06:12:19.1 (298248912)|METHOD_ENTRY|[21]||Database.QueryLocatorIterator.next()
06:12:19.1 (298297593)|METHOD_EXIT|[21]||Database.QueryLocatorIterator.next()
06:12:19.1 (298305197)|VARIABLE_SCOPE_BEGIN|[21]|c1|Contact|true|false
06:12:19.1 (298321066)|VARIABLE_ASSIGNMENT|[21]|c1|{"AccountId":"0016F00002yJWFXQA4","Id":"0036F00002nBlPaQAK"}|0x425bd2a6
06:12:19.1 (298326974)|STATEMENT_EXECUTE|[21]
06:12:19.1 (298347615)|STATEMENT_EXECUTE|[22]
06:12:19.1 (298349304)|STATEMENT_EXECUTE|[23]
06:12:19.1 (298354237)|HEAP_ALLOCATE|[23]|Bytes:4
06:12:19.1 (298361181)|VARIABLE_ASSIGNMENT|[23]|j|2
06:12:19.1 (298369756)|METHOD_ENTRY|[21]||Database.QueryLocatorIterator.hasNext()
06:12:19.1 (298387393)|METHOD_EXIT|[21]||Database.QueryLocatorIterator.hasNext()
06:12:19.1 (298392929)|METHOD_ENTRY|[21]||Database.QueryLocatorIterator.next()
06:12:19.1 (298436539)|METHOD_EXIT|[21]||Database.QueryLocatorIterator.next()
06:12:19.1 (298442679)|VARIABLE_SCOPE_BEGIN|[21]|c1|Contact|true|false
06:12:19.1 (298457754)|VARIABLE_ASSIGNMENT|[21]|c1|{"AccountId":"0016F00002yJWFXQA4","Id":"0036F00002nBlPbQAK"}|0x73df1995
06:12:19.1 (298464487)|STATEMENT_EXECUTE|[21]
06:12:19.1 (298481628)|STATEMENT_EXECUTE|[22]
06:12:19.1 (298483474)|STATEMENT_EXECUTE|[23]
06:12:19.1 (298485530)|HEAP_ALLOCATE|[23]|Bytes:4
06:12:19.1 (298492076)|VARIABLE_ASSIGNMENT|[23]|j|3
06:12:19.1 (298499951)|METHOD_ENTRY|[21]||Database.QueryLocatorIterator.hasNext()
06:12:19.1 (298519130)|METHOD_EXIT|[21]||Database.QueryLocatorIterator.hasNext()
06:12:19.1 (298524254)|METHOD_ENTRY|[21]||Database.QueryLocatorIterator.next()
06:12:19.1 (298564887)|METHOD_EXIT|[21]||Database.QueryLocatorIterator.next()
06:12:19.1 (298571154)|VARIABLE_SCOPE_BEGIN|[21]|c1|Contact|true|false
06:12:19.1 (298587281)|VARIABLE_ASSIGNMENT|[21]|c1|{"AccountId":"0016F00002yJWFXQA4","Id":"0036F00002nBlPcQAK"}|0x25d2458d
06:12:19.1 (298593641)|STATEMENT_EXECUTE|[21]
06:12:19.1 (298610841)|STATEMENT_EXECUTE|[22]
06:12:19.1 (298612433)|STATEMENT_EXECUTE|[23]
06:12:19.1 (298614493)|HEAP_ALLOCATE|[23]|Bytes:4
06:12:19.1 (298620915)|VARIABLE_ASSIGNMENT|[23]|j|4
06:12:19.1 (298630263)|METHOD_ENTRY|[21]||Database.QueryLocatorIterator.hasNext()
06:12:19.1 (298647545)|METHOD_EXIT|[21]||Database.QueryLocatorIterator.hasNext()
06:12:19.1 (298652218)|METHOD_ENTRY|[21]||Database.QueryLocatorIterator.next()
06:12:19.1 (298692047)|METHOD_EXIT|[21]||Database.QueryLocatorIterator.next()
06:12:19.1 (298697770)|VARIABLE_SCOPE_BEGIN|[21]|c1|Contact|true|false
06:12:19.1 (298711512)|VARIABLE_ASSIGNMENT|[21]|c1|{"AccountId":"0016F00002yJWFXQA4","Id":"0036F00002nBlPdQAK"}|0x1cc151f0
06:12:19.1 (298717115)|STATEMENT_EXECUTE|[21]
06:12:19.1 (298733642)|STATEMENT_EXECUTE|[22]
06:12:19.1 (298735213)|STATEMENT_EXECUTE|[23]
06:12:19.1 (298737262)|HEAP_ALLOCATE|[23]|Bytes:4
06:12:19.1 (298743289)|VARIABLE_ASSIGNMENT|[23]|j|5
06:12:19.1 (298749476)|METHOD_ENTRY|[21]||Database.QueryLocatorIterator.hasNext()
06:12:19.1 (298764871)|METHOD_EXIT|[21]||Database.QueryLocatorIterator.hasNext()
06:12:19.1 (298771797)|METHOD_ENTRY|[21]||Database.QueryLocatorIterator.next()
06:12:19.1 (298814621)|METHOD_EXIT|[21]||Database.QueryLocatorIterator.next()
06:12:19.1 (298820950)|VARIABLE_SCOPE_BEGIN|[21]|c1|Contact|true|false
06:12:19.1 (298833590)|VARIABLE_ASSIGNMENT|[21]|c1|{"Id":"0036F00002mhjlEQAQ"}|0x936e2c
06:12:19.1 (298839904)|STATEMENT_EXECUTE|[21]
06:12:19.1 (298846053)|STATEMENT_EXECUTE|[22]
06:12:19.1 (298850444)|METHOD_ENTRY|[21]||Database.QueryLocatorIterator.hasNext()
06:12:19.1 (298866003)|METHOD_EXIT|[21]||Database.QueryLocatorIterator.hasNext()
06:12:19.1 (298871209)|METHOD_ENTRY|[21]||Database.QueryLocatorIterator.next()
06:12:19.1 (298909711)|METHOD_EXIT|[21]||Database.QueryLocatorIterator.next()
06:12:19.1 (298917285)|VARIABLE_SCOPE_BEGIN|[21]|c1|Contact|true|false
06:12:19.1 (298929566)|VARIABLE_ASSIGNMENT|[21]|c1|{"Id":"0036F00002mhjmWQAQ"}|0xb0bcc1a
06:12:19.1 (298935794)|STATEMENT_EXECUTE|[21]
06:12:19.1 (298941199)|STATEMENT_EXECUTE|[22]
06:12:19.1 (298945321)|METHOD_ENTRY|[21]||Database.QueryLocatorIterator.hasNext()
06:12:19.1 (298960615)|METHOD_EXIT|[21]||Database.QueryLocatorIterator.hasNext()
06:12:19.1 (298979307)|METHOD_ENTRY|[21]||Database.QueryLocatorIterator.next()
06:12:19.1 (299023951)|METHOD_EXIT|[21]||Database.QueryLocatorIterator.next()
06:12:19.1 (299031065)|VARIABLE_SCOPE_BEGIN|[21]|c1|Contact|true|false
06:12:19.1 (299048022)|VARIABLE_ASSIGNMENT|[21]|c1|{"AccountId":"0016F00002vJCC2QAO","Id":"0036F00002mjt0aQAA"}|0x3cc20edb
06:12:19.1 (299055275)|STATEMENT_EXECUTE|[21]
06:12:19.1 (299073793)|STATEMENT_EXECUTE|[22]
06:12:19.1 (299077731)|METHOD_ENTRY|[21]||Database.QueryLocatorIterator.hasNext()
06:12:19.1 (299093658)|METHOD_EXIT|[21]||Database.QueryLocatorIterator.hasNext()
06:12:19.1 (299098963)|METHOD_ENTRY|[21]||Database.QueryLocatorIterator.next()
06:12:19.1 (299138885)|METHOD_EXIT|[21]||Database.QueryLocatorIterator.next()
06:12:19.1 (299145399)|VARIABLE_SCOPE_BEGIN|[21]|c1|Contact|true|false
06:12:19.1 (299157679)|VARIABLE_ASSIGNMENT|[21]|c1|{"AccountId":"0016F00002o0fj1QAA","Id":"0036F00002m0FcNQAU"}|0x2a1a8662
06:12:19.1 (299163332)|STATEMENT_EXECUTE|[21]
06:12:19.1 (299179995)|STATEMENT_EXECUTE|[22]
06:12:19.1 (299183618)|METHOD_ENTRY|[21]||Database.QueryLocatorIterator.hasNext()
06:12:19.1 (299200969)|METHOD_EXIT|[21]||Database.QueryLocatorIterator.hasNext()
06:12:19.1 (299205894)|METHOD_ENTRY|[21]||Database.QueryLocatorIterator.next()
06:12:19.1 (299243488)|METHOD_EXIT|[21]||Database.QueryLocatorIterator.next()
06:12:19.1 (299249603)|VARIABLE_SCOPE_BEGIN|[21]|c1|Contact|true|false
06:12:19.1 (299262961)|VARIABLE_ASSIGNMENT|[21]|c1|{"AccountId":"0016F00002o0fj2QAA","Id":"0036F00002m0FcOQAU"}|0x31636f03
06:12:19.1 (299268660)|STATEMENT_EXECUTE|[21]
06:12:19.1 (299285225)|STATEMENT_EXECUTE|[22]
06:12:19.1 (299288991)|METHOD_ENTRY|[21]||Database.QueryLocatorIterator.hasNext()
06:12:19.1 (299306948)|METHOD_EXIT|[21]||Database.QueryLocatorIterator.hasNext()
06:12:19.1 (299311588)|METHOD_ENTRY|[21]||Database.QueryLocatorIterator.next()
06:12:19.1 (299352457)|METHOD_EXIT|[21]||Database.QueryLocatorIterator.next()
06:12:19.1 (299358551)|VARIABLE_SCOPE_BEGIN|[21]|c1|Contact|true|false
06:12:19.1 (299371766)|VARIABLE_ASSIGNMENT|[21]|c1|{"AccountId":"0016F00002o0fj3QAA","Id":"0036F00002m0FcPQAU"}|0x64dd0e29
06:12:19.1 (299377766)|STATEMENT_EXECUTE|[21]
06:12:19.1 (299394200)|STATEMENT_EXECUTE|[22]
06:12:19.1 (299397959)|METHOD_ENTRY|[21]||Database.QueryLocatorIterator.hasNext()
06:12:19.1 (299413546)|METHOD_EXIT|[21]||Database.QueryLocatorIterator.hasNext()
06:12:19.1 (299418300)|METHOD_ENTRY|[21]||Database.QueryLocatorIterator.next()
06:12:19.1 (299456793)|METHOD_EXIT|[21]||Database.QueryLocatorIterator.next()
06:12:19.1 (299462382)|VARIABLE_SCOPE_BEGIN|[21]|c1|Contact|true|false
06:12:19.1 (299480134)|VARIABLE_ASSIGNMENT|[21]|c1|{"AccountId":"0016F00002o0fj4QAA","Id":"0036F00002m0FcQQAU"}|0x48c560bf
06:12:19.1 (299486698)|STATEMENT_EXECUTE|[21]
06:12:19.1 (299502912)|STATEMENT_EXECUTE|[22]
06:12:19.1 (299506785)|METHOD_ENTRY|[21]||Database.QueryLocatorIterator.hasNext()
06:12:19.1 (299522653)|METHOD_EXIT|[21]||Database.QueryLocatorIterator.hasNext()
06:12:19.1 (299527405)|METHOD_ENTRY|[21]||Database.QueryLocatorIterator.next()
06:12:19.1 (299568823)|METHOD_EXIT|[21]||Database.QueryLocatorIterator.next()
06:12:19.1 (299574961)|VARIABLE_SCOPE_BEGIN|[21]|c1|Contact|true|false
06:12:19.1 (299589226)|VARIABLE_ASSIGNMENT|[21]|c1|{"AccountId":"0016F00002o0fj5QAA","Id":"0036F00002m0FcRQAU"}|0x3612c653
06:12:19.1 (299596953)|STATEMENT_EXECUTE|[21]
06:12:19.1 (299613458)|STATEMENT_EXECUTE|[22]
06:12:19.1 (299617237)|METHOD_ENTRY|[21]||Database.QueryLocatorIterator.hasNext()
06:12:19.1 (299632719)|METHOD_EXIT|[21]||Database.QueryLocatorIterator.hasNext()
06:12:19.1 (299637250)|METHOD_ENTRY|[21]||Database.QueryLocatorIterator.next()
06:12:19.1 (299675363)|METHOD_EXIT|[21]||Database.QueryLocatorIterator.next()
06:12:19.1 (299680968)|VARIABLE_SCOPE_BEGIN|[21]|c1|Contact|true|false
06:12:19.1 (299695459)|VARIABLE_ASSIGNMENT|[21]|c1|{"AccountId":"0016F00002o0fj5QAA","Id":"0036F00002m0FcSQAU"}|0x1ca3ace5
06:12:19.1 (299700840)|STATEMENT_EXECUTE|[21]
06:12:19.1 (299716789)|STATEMENT_EXECUTE|[22]
06:12:19.1 (299720776)|METHOD_ENTRY|[21]||Database.QueryLocatorIterator.hasNext()
06:12:19.1 (299735882)|METHOD_EXIT|[21]||Database.QueryLocatorIterator.hasNext()
06:12:19.1 (299742183)|METHOD_ENTRY|[21]||Database.QueryLocatorIterator.next()
06:12:19.1 (299781225)|METHOD_EXIT|[21]||Database.QueryLocatorIterator.next()
06:12:19.1 (299786781)|VARIABLE_SCOPE_BEGIN|[21]|c1|Contact|true|false
06:12:19.1 (299803275)|VARIABLE_ASSIGNMENT|[21]|c1|{"AccountId":"0016F00002o0fj6QAA","Id":"0036F00002m0FcTQAU"}|0x1083551e
06:12:19.1 (299809005)|STATEMENT_EXECUTE|[21]
06:12:19.1 (299825474)|STATEMENT_EXECUTE|[22]
06:12:19.1 (299829300)|METHOD_ENTRY|[21]||Database.QueryLocatorIterator.hasNext()
06:12:19.1 (299845058)|METHOD_EXIT|[21]||Database.QueryLocatorIterator.hasNext()
06:12:19.1 (299850563)|METHOD_ENTRY|[21]||Database.QueryLocatorIterator.next()
06:12:19.1 (299892179)|METHOD_EXIT|[21]||Database.QueryLocatorIterator.next()
06:12:19.1 (299901829)|VARIABLE_SCOPE_BEGIN|[21]|c1|Contact|true|false
06:12:19.1 (299924405)|VARIABLE_ASSIGNMENT|[21]|c1|{"AccountId":"0016F00002o0fj6QAA","Id":"0036F00002m0FcUQAU"}|0x73a00f29
06:12:19.1 (299933485)|STATEMENT_EXECUTE|[21]
06:12:19.1 (299956183)|STATEMENT_EXECUTE|[22]
06:12:19.1 (299961137)|METHOD_ENTRY|[21]||Database.QueryLocatorIterator.hasNext()
06:12:19.1 (299977801)|METHOD_EXIT|[21]||Database.QueryLocatorIterator.hasNext()
06:12:19.1 (299982652)|METHOD_ENTRY|[21]||Database.QueryLocatorIterator.next()
06:12:19.1 (300046576)|METHOD_EXIT|[21]||Database.QueryLocatorIterator.next()
06:12:19.1 (300054714)|VARIABLE_SCOPE_BEGIN|[21]|c1|Contact|true|false
06:12:19.1 (300069083)|VARIABLE_ASSIGNMENT|[21]|c1|{"AccountId":"0016F00002o0fj1QAA","Id":"0036F00002m0FcMQAU"}|0x53206f50
06:12:19.1 (300076636)|STATEMENT_EXECUTE|[21]
06:12:19.1 (300094747)|STATEMENT_EXECUTE|[22]
06:12:19.1 (300098799)|METHOD_ENTRY|[21]||Database.QueryLocatorIterator.hasNext()
06:12:19.1 (300115931)|METHOD_EXIT|[21]||Database.QueryLocatorIterator.hasNext()
06:12:19.1 (300120742)|METHOD_ENTRY|[21]||Database.QueryLocatorIterator.next()
06:12:19.1 (300160248)|METHOD_EXIT|[21]||Database.QueryLocatorIterator.next()
06:12:19.1 (300166023)|VARIABLE_SCOPE_BEGIN|[21]|c1|Contact|true|false
06:12:19.1 (300180612)|VARIABLE_ASSIGNMENT|[21]|c1|{"AccountId":"0016F00002o0fj7QAA","Id":"0036F00002m0FcVQAU"}|0x52652555
06:12:19.1 (300186392)|STATEMENT_EXECUTE|[21]
06:12:19.1 (300202303)|STATEMENT_EXECUTE|[22]
06:12:19.1 (300206116)|METHOD_ENTRY|[21]||Database.QueryLocatorIterator.hasNext()
06:12:19.1 (300223851)|METHOD_EXIT|[21]||Database.QueryLocatorIterator.hasNext()
06:12:19.1 (300229508)|METHOD_ENTRY|[21]||Database.QueryLocatorIterator.next()
06:12:19.1 (300271568)|METHOD_EXIT|[21]||Database.QueryLocatorIterator.next()
06:12:19.1 (300277774)|VARIABLE_SCOPE_BEGIN|[21]|c1|Contact|true|false
06:12:19.1 (300291279)|VARIABLE_ASSIGNMENT|[21]|c1|{"AccountId":"0016F00002o0fj7QAA","Id":"0036F00002m0FcWQAU"}|0x5844b1a2
06:12:19.1 (300296847)|STATEMENT_EXECUTE|[21]
06:12:19.1 (300313102)|STATEMENT_EXECUTE|[22]
06:12:19.1 (300316864)|METHOD_ENTRY|[21]||Database.QueryLocatorIterator.hasNext()
06:12:19.1 (300332765)|METHOD_EXIT|[21]||Database.QueryLocatorIterator.hasNext()
06:12:19.1 (300338219)|METHOD_ENTRY|[21]||Database.QueryLocatorIterator.next()
06:12:19.1 (300378109)|METHOD_EXIT|[21]||Database.QueryLocatorIterator.next()
06:12:19.1 (300384504)|VARIABLE_SCOPE_BEGIN|[21]|c1|Contact|true|false
06:12:19.1 (300398101)|VARIABLE_ASSIGNMENT|[21]|c1|{"AccountId":"0016F00002o0fj8QAA","Id":"0036F00002m0FcXQAU"}|0x2b6e34c4
06:12:19.1 (300404145)|STATEMENT_EXECUTE|[21]
06:12:19.1 (300419394)|STATEMENT_EXECUTE|[22]
06:12:19.1 (300423183)|METHOD_ENTRY|[21]||Database.QueryLocatorIterator.hasNext()
06:12:19.1 (300437804)|METHOD_EXIT|[21]||Database.QueryLocatorIterator.hasNext()
06:12:19.1 (300442170)|METHOD_ENTRY|[21]||Database.QueryLocatorIterator.next()
06:12:19.1 (300482461)|METHOD_EXIT|[21]||Database.QueryLocatorIterator.next()
06:12:19.1 (300488501)|VARIABLE_SCOPE_BEGIN|[21]|c1|Contact|true|false
06:12:19.1 (300503569)|VARIABLE_ASSIGNMENT|[21]|c1|{"AccountId":"0016F00002o0fj6QAA","Id":"0036F00002m0FcYQAU"}|0x7b648416
06:12:19.1 (300509508)|STATEMENT_EXECUTE|[21]
06:12:19.1 (300525212)|STATEMENT_EXECUTE|[22]
06:12:19.1 (300528961)|METHOD_ENTRY|[21]||Database.QueryLocatorIterator.hasNext()
06:12:19.1 (300544815)|METHOD_EXIT|[21]||Database.QueryLocatorIterator.hasNext()
06:12:19.1 (300549851)|METHOD_ENTRY|[21]||Database.QueryLocatorIterator.next()
06:12:19.1 (300587518)|METHOD_EXIT|[21]||Database.QueryLocatorIterator.next()
06:12:19.1 (300593641)|VARIABLE_SCOPE_BEGIN|[21]|c1|Contact|true|false
06:12:19.1 (300607324)|VARIABLE_ASSIGNMENT|[21]|c1|{"AccountId":"0016F00002o0fj9QAA","Id":"0036F00002m0FcZQAU"}|0xd049a2
06:12:19.1 (300614115)|STATEMENT_EXECUTE|[21]
06:12:19.1 (300630026)|STATEMENT_EXECUTE|[22]
06:12:19.1 (300633805)|METHOD_ENTRY|[21]||Database.QueryLocatorIterator.hasNext()
06:12:19.1 (300648651)|METHOD_EXIT|[21]||Database.QueryLocatorIterator.hasNext()
06:12:19.1 (300653551)|METHOD_ENTRY|[21]||Database.QueryLocatorIterator.next()
06:12:19.1 (300694599)|METHOD_EXIT|[21]||Database.QueryLocatorIterator.next()
06:12:19.1 (300700675)|VARIABLE_SCOPE_BEGIN|[21]|c1|Contact|true|false
06:12:19.1 (300714335)|VARIABLE_ASSIGNMENT|[21]|c1|{"AccountId":"0016F00002o0fjAQAQ","Id":"0036F00002m0FcaQAE"}|0x7de431bb
06:12:19.1 (300720315)|STATEMENT_EXECUTE|[21]
06:12:19.1 (300736267)|STATEMENT_EXECUTE|[22]
06:12:19.1 (300740124)|METHOD_ENTRY|[21]||Database.QueryLocatorIterator.hasNext()
06:12:19.1 (300757531)|METHOD_EXIT|[21]||Database.QueryLocatorIterator.hasNext()
06:12:19.1 (300762739)|METHOD_ENTRY|[21]||Database.QueryLocatorIterator.next()
06:12:19.1 (300801192)|METHOD_EXIT|[21]||Database.QueryLocatorIterator.next()
06:12:19.1 (300807804)|VARIABLE_SCOPE_BEGIN|[21]|c1|Contact|true|false
06:12:19.1 (300822482)|VARIABLE_ASSIGNMENT|[21]|c1|{"AccountId":"0016F00002o0fjAQAQ","Id":"0036F00002m0FcbQAE"}|0x2776e2d7
06:12:19.1 (300828838)|STATEMENT_EXECUTE|[21]
06:12:19.1 (300844048)|STATEMENT_EXECUTE|[22]
06:12:19.1 (300847865)|METHOD_ENTRY|[21]||Database.QueryLocatorIterator.hasNext()
06:12:19.1 (300863542)|METHOD_EXIT|[21]||Database.QueryLocatorIterator.hasNext()
06:12:19.1 (300868249)|METHOD_ENTRY|[21]||Database.QueryLocatorIterator.next()
06:12:19.1 (300910523)|METHOD_EXIT|[21]||Database.QueryLocatorIterator.next()
06:12:19.1 (300924977)|VARIABLE_SCOPE_BEGIN|[21]|c1|Contact|true|false
06:12:19.1 (300945497)|VARIABLE_ASSIGNMENT|[21]|c1|{"AccountId":"0016F00002o0fjBQAQ","Id":"0036F00002m0FccQAE"}|0x786d961b
06:12:19.1 (300953974)|STATEMENT_EXECUTE|[21]
06:12:19.1 (300972285)|STATEMENT_EXECUTE|[22]
06:12:19.1 (300976599)|METHOD_ENTRY|[21]||Database.QueryLocatorIterator.hasNext()
06:12:19.1 (300996756)|METHOD_EXIT|[21]||Database.QueryLocatorIterator.hasNext()
06:12:19.1 (301003170)|METHOD_ENTRY|[21]||Database.QueryLocatorIterator.next()
06:12:19.1 (301062347)|METHOD_EXIT|[21]||Database.QueryLocatorIterator.next()
06:12:19.1 (301069213)|VARIABLE_SCOPE_BEGIN|[21]|c1|Contact|true|false
06:12:19.1 (301085112)|VARIABLE_ASSIGNMENT|[21]|c1|{"AccountId":"0016F00002o0fj6QAA","Id":"0036F00002m0FcdQAE"}|0x7af25ded
06:12:19.1 (301091424)|STATEMENT_EXECUTE|[21]
06:12:19.1 (301109126)|STATEMENT_EXECUTE|[22]
06:12:19.1 (301113366)|METHOD_ENTRY|[21]||Database.QueryLocatorIterator.hasNext()
06:12:19.1 (301133176)|METHOD_EXIT|[21]||Database.QueryLocatorIterator.hasNext()
06:12:19.1 (301138381)|METHOD_ENTRY|[21]||Database.QueryLocatorIterator.next()
06:12:19.1 (301178812)|METHOD_EXIT|[21]||Database.QueryLocatorIterator.next()
06:12:19.1 (301185038)|VARIABLE_SCOPE_BEGIN|[21]|c1|Contact|true|false
06:12:19.1 (301198454)|VARIABLE_ASSIGNMENT|[21]|c1|{"AccountId":"0016F00002o0fjCQAQ","Id":"0036F00002m0FceQAE"}|0x26c7d2e1
06:12:19.1 (301204236)|STATEMENT_EXECUTE|[21]
06:12:19.1 (301222372)|STATEMENT_EXECUTE|[22]
06:12:19.1 (301226312)|METHOD_ENTRY|[21]||Database.QueryLocatorIterator.hasNext()
06:12:19.1 (301241621)|METHOD_EXIT|[21]||Database.QueryLocatorIterator.hasNext()
06:12:19.1 (301246960)|METHOD_ENTRY|[21]||Database.QueryLocatorIterator.next()
06:12:19.1 (301284447)|METHOD_EXIT|[21]||Database.QueryLocatorIterator.next()
06:12:19.1 (301290595)|VARIABLE_SCOPE_BEGIN|[21]|c1|Contact|true|false
06:12:19.1 (301303648)|VARIABLE_ASSIGNMENT|[21]|c1|{"AccountId":"0016F00002o0fjCQAQ","Id":"0036F00002m0FcfQAE"}|0x3637ecb4
06:12:19.1 (301309747)|STATEMENT_EXECUTE|[21]
06:12:19.1 (301325287)|STATEMENT_EXECUTE|[22]
06:12:19.1 (301328966)|METHOD_ENTRY|[21]||Database.QueryLocatorIterator.hasNext()
06:12:19.1 (301340016)|METHOD_EXIT|[21]||Database.QueryLocatorIterator.hasNext()
06:12:19.1 (301348475)|VARIABLE_ASSIGNMENT|[21]|c1|null|
06:12:19.1 (301367041)|STATEMENT_EXECUTE|[26]
06:12:19.1 (301398857)|HEAP_ALLOCATE|[26]|Bytes:28
06:12:19.1 (301404294)|HEAP_ALLOCATE|[26]|Bytes:28
06:12:19.1 (301462644)|VARIABLE_ASSIGNMENT|[26]|this.Contact_Count__c|5|0x6e4ec616
06:12:19.1 (301469608)|STATEMENT_EXECUTE|[27]
06:12:19.1 (301512334)|DML_BEGIN|[27]|Op:Update|Type:Account|Rows:1
06:12:19.1 (301544109)|HEAP_ALLOCATE|[EXTERNAL]|Bytes:8
06:12:19.1 (307813579)|CODE_UNIT_STARTED|[EXTERNAL]|DuplicateDetector
06:12:19.1 (307840316)|DUPLICATE_DETECTION_BEGIN
06:12:19.1 (307926699)|DUPLICATE_DETECTION_RULE_INVOCATION|DuplicateRuleId:0Bm6F000006fqOj|DuplicateRuleName:Standard Account Duplicate Rule|DmlType:UPDATE
06:12:19.1 (308006436)|DUPLICATE_DETECTION_END
06:12:19.1 (308015599)|CODE_UNIT_FINISHED|DuplicateDetector
06:12:19.1 (324858822)|CODE_UNIT_STARTED|[EXTERNAL]|Workflow:Account
06:12:19.1 (328780220)|WF_RULE_EVAL_BEGIN|Workflow
06:12:19.1 (328811824)|WF_CRITERIA_BEGIN|[Account: Eternus 0016F00002yJWFX]|Account_Contact_Process_Builder3016F000000lJHE|01Q6F0000015jXe|ON_ALL_CHANGES|0
06:12:19.1 (328858695)|WF_FORMULA|Formula:ENCODED:[treatNullAsNull]true|Values:
06:12:19.1 (328867605)|WF_CRITERIA_END|true
06:12:19.1 (328885129)|WF_SPOOL_ACTION_BEGIN|Workflow
06:12:19.1 (328905712)|WF_ACTION| Flow Trigger: 1;
06:12:19.1 (328911283)|WF_RULE_EVAL_END
06:12:19.1 (328959151)|WF_FLOW_ACTION_BEGIN|09L6F000000kcMy
06:12:19.330 (330264468)|FLOW_CREATE_INTERVIEW_BEGIN|00D6F000002XQjE|3006F000000kPxn|3016F000000lJHE
06:12:19.330 (330892357)|FLOW_CREATE_INTERVIEW_END|9812bae789f027770b8763c8f2a1166bac70e12-38fb|Account Contact Process Builder
06:12:19.331 (331288329)|FLOW_START_INTERVIEWS_BEGIN|1
06:12:19.331 (331315988)|FLOW_START_INTERVIEW_BEGIN|9812bae789f027770b8763c8f2a1166bac70e12-38fb|Account Contact Process Builder
06:12:19.331 (333954284)|FLOW_START_INTERVIEW_END|9812bae789f027770b8763c8f2a1166bac70e12-38fb|Account Contact Process Builder
06:12:19.331 (333977840)|FLOW_START_INTERVIEWS_END|1
06:12:19.1 (334623436)|WF_FLOW_ACTION_END|09L6F000000kcMy
06:12:19.1 (334716544)|WF_ACTIONS_END| Flow Trigger: 1;
06:12:19.1 (334724656)|CODE_UNIT_FINISHED|Workflow:Account
06:12:19.1 (342340596)|DML_END|[27]
06:12:19.1 (342379491)|HEAP_ALLOCATE|[EXTERNAL]|Bytes:8
06:12:19.1 (342396992)|STATEMENT_EXECUTE|[28]
06:12:19.1 (342495725)|USER_DEBUG|[28]|DEBUG|(Account:{Name=Eternus, Id=0016F00002yJWFXQA4, Contact_Count__c=5})
06:12:19.1 (342517548)|METHOD_EXIT|[2]|01p6F00000MR5f3|AccountRecordEternus.insertrecord()
06:12:19.1 (342526702)|SYSTEM_MODE_EXIT|false
06:12:19.1 (368247771)|CODE_UNIT_STARTED|[EXTERNAL]|DuplicateDetector
06:12:19.1 (368282987)|DUPLICATE_DETECTION_BEGIN
06:12:19.1 (368362161)|DUPLICATE_DETECTION_RULE_INVOCATION|DuplicateRuleId:0Bm6F000006fqOj|DuplicateRuleName:Standard Account Duplicate Rule|DmlType:INSERT
06:12:19.1 (380957104)|DUPLICATE_DETECTION_END
06:12:19.1 (380973385)|CODE_UNIT_FINISHED|DuplicateDetector
06:12:19.1 (381104692)|CODE_UNIT_STARTED|[EXTERNAL]|DuplicateDetector
06:12:19.1 (381127493)|DUPLICATE_DETECTION_BEGIN
06:12:19.1 (381211287)|DUPLICATE_DETECTION_RULE_INVOCATION|DuplicateRuleId:0Bm6F000006fqOk|DuplicateRuleName:Standard Contact Duplicate Rule|DmlType:INSERT
06:12:19.1 (392995856)|DUPLICATE_DETECTION_END
06:12:19.1 (393011552)|CODE_UNIT_FINISHED|DuplicateDetector
06:12:19.1 (393113541)|CODE_UNIT_STARTED|[EXTERNAL]|DuplicateDetector
06:12:19.1 (393127038)|DUPLICATE_DETECTION_BEGIN
06:12:19.1 (393178579)|DUPLICATE_DETECTION_RULE_INVOCATION|DuplicateRuleId:0Bm6F000006fqOj|DuplicateRuleName:Standard Account Duplicate Rule|DmlType:UPDATE
06:12:19.1 (402067578)|DUPLICATE_DETECTION_END
06:12:19.1 (402079742)|CODE_UNIT_FINISHED|DuplicateDetector
06:12:19.402 (402188500)|CUMULATIVE_LIMIT_USAGE
06:12:19.402 (402188500)|LIMIT_USAGE_FOR_NS|(default)|
  Number of SOQL queries: 1 out of 100
  Number of query rows: 28 out of 50000
  Number of SOSL queries: 0 out of 20
  Number of DML statements: 3 out of 150
  Number of DML rows: 7 out of 10000
  Maximum CPU time: 0 out of 10000
  Maximum heap size: 0 out of 6000000
  Number of callouts: 0 out of 100
  Number of Email Invocations: 0 out of 10
  Number of future calls: 0 out of 50
  Number of queueable jobs added to the queue: 0 out of 50
  Number of Mobile Apex push calls: 0 out of 10

06:12:19.402 (402188500)|CUMULATIVE_LIMIT_USAGE_END

06:12:19.1 (402227963)|CODE_UNIT_FINISHED|execute_anonymous_apex
06:12:19.1 (403076262)|EXECUTION_FINISHED
