44.0 APEX_CODE,FINEST;APEX_PROFILING,INFO;CALLOUT,INFO;DB,INFO;NBA,INFO;SYSTEM,DEBUG;VALIDATION,INFO;VISUALFORCE,INFO;WAVE,INFO;WORKFLOW,INFO
Execute Anonymous: ParentClass obj1 =  new ParentClass();
Execute Anonymous: 
Execute Anonymous: ChildClass obj2 = new ChildClass();
Execute Anonymous: obj2.write();
07:41:22.1 (1265839)|USER_INFO|[EXTERNAL]|0056F00000ATCAZ|ayman.shaikh@gmail.com|Pacific Standard Time|GMT-07:00
07:41:22.1 (1286631)|EXECUTION_STARTED
07:41:22.1 (1290535)|CODE_UNIT_STARTED|[EXTERNAL]|execute_anonymous_apex
07:41:22.1 (2514502)|VARIABLE_SCOPE_BEGIN|[1]|obj1|ParentClass|true|false
07:41:22.1 (3280722)|VARIABLE_SCOPE_BEGIN|[3]|obj2|ChildClass|true|false
07:41:22.1 (3396675)|HEAP_ALLOCATE|[72]|Bytes:3
07:41:22.1 (3441661)|HEAP_ALLOCATE|[77]|Bytes:152
07:41:22.1 (3515002)|HEAP_ALLOCATE|[342]|Bytes:408
07:41:22.1 (3529933)|HEAP_ALLOCATE|[355]|Bytes:408
07:41:22.1 (3541242)|HEAP_ALLOCATE|[467]|Bytes:48
07:41:22.1 (3570363)|HEAP_ALLOCATE|[139]|Bytes:6
07:41:22.1 (3597197)|HEAP_ALLOCATE|[EXTERNAL]|Bytes:5
07:41:22.1 (3635400)|STATEMENT_EXECUTE|[1]
07:41:22.1 (3639662)|STATEMENT_EXECUTE|[1]
07:41:22.1 (3645026)|HEAP_ALLOCATE|[1]|Bytes:3
07:41:22.1 (3653800)|HEAP_ALLOCATE|[1]|Bytes:4
07:41:22.1 (3689919)|METHOD_ENTRY|[1]|01p6F00000MR10y|ParentClass.ParentClass()
07:41:22.1 (3699738)|STATEMENT_EXECUTE|[1]
07:41:22.1 (3705317)|STATEMENT_EXECUTE|[1]
07:41:22.1 (3711772)|METHOD_EXIT|[1]|ParentClass
07:41:22.1 (3729593)|HEAP_ALLOCATE|[1]|Bytes:4
07:41:22.1 (3771601)|HEAP_ALLOCATE|[50]|Bytes:5
07:41:22.1 (3797353)|HEAP_ALLOCATE|[56]|Bytes:5
07:41:22.1 (3809936)|HEAP_ALLOCATE|[64]|Bytes:7
07:41:22.1 (3832817)|SYSTEM_MODE_ENTER|false
07:41:22.1 (3870545)|HEAP_ALLOCATE|[1]|Bytes:5
07:41:22.1 (3885188)|CONSTRUCTOR_ENTRY|[1]|01p6F00000MR10y|<init>()|ParentClass
07:41:22.1 (3916559)|VARIABLE_SCOPE_BEGIN|[1]|this|ParentClass|true|false
07:41:22.1 (3965837)|VARIABLE_ASSIGNMENT|[1]|this|{}|0x1bdc339f
07:41:22.1 (3981409)|HEAP_ALLOCATE|[EXTERNAL]|Bytes:6
07:41:22.1 (4020601)|STATEMENT_EXECUTE|[1]
07:41:22.1 (4029335)|CONSTRUCTOR_EXIT|[1]|01p6F00000MR10y|<init>()|ParentClass
07:41:22.1 (4045311)|SYSTEM_MODE_EXIT|false
07:41:22.1 (4072808)|VARIABLE_ASSIGNMENT|[1]|obj1|{}|0x1bdc339f
07:41:22.1 (4086200)|STATEMENT_EXECUTE|[3]
07:41:22.1 (4094576)|HEAP_ALLOCATE|[3]|Bytes:1
07:41:22.1 (4114401)|METHOD_ENTRY|[1]|01p6F00000MR2GO|ChildClass.ChildClass()
07:41:22.1 (4121652)|STATEMENT_EXECUTE|[1]
07:41:22.1 (4126029)|STATEMENT_EXECUTE|[1]
07:41:22.1 (4131016)|METHOD_EXIT|[1]|ChildClass
07:41:22.1 (4147104)|HEAP_ALLOCATE|[3]|Bytes:4
07:41:22.1 (4170568)|SYSTEM_MODE_ENTER|false
07:41:22.1 (4189818)|HEAP_ALLOCATE|[3]|Bytes:5
07:41:22.1 (4197496)|CONSTRUCTOR_ENTRY|[3]|01p6F00000MR2GO|<init>()|ChildClass
07:41:22.1 (4218144)|VARIABLE_SCOPE_BEGIN|[1]|this|ChildClass|true|false
07:41:22.1 (4236473)|VARIABLE_ASSIGNMENT|[1]|this|{}|0x28f17b47
07:41:22.1 (4245116)|CONSTRUCTOR_ENTRY|[EXTERNAL]|01p6F00000MR10y|<init>()|ParentClass
07:41:22.1 (4253798)|VARIABLE_SCOPE_BEGIN|[1]|this|ParentClass|true|false
07:41:22.1 (4265436)|VARIABLE_ASSIGNMENT|[1]|this|{}|0x28f17b47
07:41:22.1 (4280103)|STATEMENT_EXECUTE|[1]
07:41:22.1 (4283645)|CONSTRUCTOR_EXIT|[EXTERNAL]|01p6F00000MR10y|<init>()|ParentClass
07:41:22.1 (4289990)|STATEMENT_EXECUTE|[1]
07:41:22.1 (4292495)|CONSTRUCTOR_EXIT|[3]|01p6F00000MR2GO|<init>()|ChildClass
07:41:22.1 (4300018)|SYSTEM_MODE_EXIT|false
07:41:22.1 (4314166)|VARIABLE_ASSIGNMENT|[3]|obj2|{}|0x28f17b47
07:41:22.1 (4320168)|STATEMENT_EXECUTE|[4]
07:41:22.1 (4338575)|SYSTEM_MODE_ENTER|false
07:41:22.1 (4349307)|HEAP_ALLOCATE|[4]|Bytes:5
07:41:22.1 (4386226)|METHOD_ENTRY|[4]|01p6F00000MR2GO|ChildClass.write()
07:41:22.1 (4417516)|VARIABLE_SCOPE_BEGIN|[3]|this|ChildClass|true|false
07:41:22.1 (4440480)|VARIABLE_ASSIGNMENT|[3]|this|{}|0x28f17b47
07:41:22.1 (4451820)|STATEMENT_EXECUTE|[3]
07:41:22.1 (4454287)|STATEMENT_EXECUTE|[4]
07:41:22.1 (4469157)|METHOD_ENTRY|[4]|01p6F00000MR10y|ParentClass.ParentClassAdd()
07:41:22.1 (4506823)|VARIABLE_SCOPE_BEGIN|[8]|this|ParentClass|true|false
07:41:22.1 (4521600)|VARIABLE_ASSIGNMENT|[8]|this|{}|0x28f17b47
07:41:22.1 (4528667)|STATEMENT_EXECUTE|[8]
07:41:22.1 (4530356)|STATEMENT_EXECUTE|[9]
07:41:22.1 (4533866)|VARIABLE_SCOPE_BEGIN|[9]|IntNum1|Integer|false|false
07:41:22.1 (4543740)|VARIABLE_ASSIGNMENT|[9]|IntNum1|null
07:41:22.1 (4547580)|STATEMENT_EXECUTE|[9]
07:41:22.1 (4549793)|VARIABLE_SCOPE_BEGIN|[9]|IntNum2|Integer|false|false
07:41:22.1 (4556754)|VARIABLE_ASSIGNMENT|[9]|IntNum2|null
07:41:22.1 (4560316)|STATEMENT_EXECUTE|[9]
07:41:22.1 (4563190)|VARIABLE_SCOPE_BEGIN|[9]|IntSum|Integer|false|false
07:41:22.1 (4569530)|HEAP_ALLOCATE|[9]|Bytes:4
07:41:22.1 (4576315)|VARIABLE_ASSIGNMENT|[9]|IntSum|0
07:41:22.1 (4580088)|STATEMENT_EXECUTE|[10]
07:41:22.1 (4619727)|HEAP_ALLOCATE|[10]|Bytes:41
07:41:22.1 (4633882)|METHOD_EXIT|[4]|01p6F00000MR10y|ParentClass.ParentClassAdd()
07:41:22.1 (4640977)|METHOD_EXIT|[4]|01p6F00000MR2GO|ChildClass.write()
07:41:22.1 (4649366)|SYSTEM_MODE_EXIT|false
07:41:22.1 (4820602)|FATAL_ERROR|System.NullPointerException: Attempt to de-reference a null object

Class.ParentClass.ParentClassAdd: line 10, column 1
Class.ChildClass.write: line 4, column 1
AnonymousBlock: line 4, column 1
AnonymousBlock: line 4, column 1
07:41:22.4 (4864753)|CUMULATIVE_LIMIT_USAGE
07:41:22.4 (4864753)|LIMIT_USAGE_FOR_NS|(default)|
  Number of SOQL queries: 0 out of 100
  Number of query rows: 0 out of 50000
  Number of SOSL queries: 0 out of 20
  Number of DML statements: 0 out of 150
  Number of DML rows: 0 out of 10000
  Maximum CPU time: 0 out of 10000
  Maximum heap size: 0 out of 6000000
  Number of callouts: 0 out of 100
  Number of Email Invocations: 0 out of 10
  Number of future calls: 0 out of 50
  Number of queueable jobs added to the queue: 0 out of 50
  Number of Mobile Apex push calls: 0 out of 10

07:41:22.4 (4864753)|CUMULATIVE_LIMIT_USAGE_END

07:41:22.1 (4900905)|CODE_UNIT_FINISHED|execute_anonymous_apex
07:41:22.1 (6083835)|EXECUTION_FINISHED
