44.0 APEX_CODE,FINEST;APEX_PROFILING,INFO;CALLOUT,INFO;DB,INFO;NBA,INFO;SYSTEM,DEBUG;VALIDATION,INFO;VISUALFORCE,INFO;WAVE,INFO;WORKFLOW,INFO
Execute Anonymous: ChildClass obj2 = new ChildClass();
Execute Anonymous: obj2.write();
Execute Anonymous: obj2.ParentClassAdd();
07:08:00.1 (1835563)|USER_INFO|[EXTERNAL]|0056F00000ATCAZ|ayman.shaikh@gmail.com|Pacific Standard Time|GMT-07:00
07:08:00.1 (1856026)|EXECUTION_STARTED
07:08:00.1 (1860592)|CODE_UNIT_STARTED|[EXTERNAL]|execute_anonymous_apex
07:08:00.1 (2053050)|VARIABLE_SCOPE_BEGIN|[1]|obj2|ChildClass|true|false
07:08:00.1 (2175363)|HEAP_ALLOCATE|[72]|Bytes:3
07:08:00.1 (2209308)|HEAP_ALLOCATE|[77]|Bytes:152
07:08:00.1 (2223420)|HEAP_ALLOCATE|[342]|Bytes:408
07:08:00.1 (2235269)|HEAP_ALLOCATE|[355]|Bytes:408
07:08:00.1 (2245337)|HEAP_ALLOCATE|[467]|Bytes:48
07:08:00.1 (2269589)|HEAP_ALLOCATE|[139]|Bytes:6
07:08:00.1 (2293129)|HEAP_ALLOCATE|[EXTERNAL]|Bytes:5
07:08:00.1 (2371244)|STATEMENT_EXECUTE|[1]
07:08:00.1 (2374032)|STATEMENT_EXECUTE|[1]
07:08:00.1 (2378262)|HEAP_ALLOCATE|[1]|Bytes:1
07:08:00.1 (2384042)|HEAP_ALLOCATE|[1]|Bytes:1
07:08:00.1 (2406818)|METHOD_ENTRY|[1]|01p6F00000MR2GO|ChildClass.ChildClass()
07:08:00.1 (2411627)|STATEMENT_EXECUTE|[1]
07:08:00.1 (2414304)|STATEMENT_EXECUTE|[1]
07:08:00.1 (2417881)|METHOD_EXIT|[1]|ChildClass
07:08:00.1 (2426285)|HEAP_ALLOCATE|[1]|Bytes:4
07:08:00.1 (2458090)|HEAP_ALLOCATE|[50]|Bytes:5
07:08:00.1 (2479758)|HEAP_ALLOCATE|[56]|Bytes:5
07:08:00.1 (2486410)|HEAP_ALLOCATE|[64]|Bytes:7
07:08:00.1 (2503120)|SYSTEM_MODE_ENTER|false
07:08:00.1 (2534675)|HEAP_ALLOCATE|[1]|Bytes:5
07:08:00.1 (2545738)|CONSTRUCTOR_ENTRY|[1]|01p6F00000MR2GO|<init>()|ChildClass
07:08:00.1 (2568020)|VARIABLE_SCOPE_BEGIN|[1]|this|ChildClass|true|false
07:08:00.1 (2607181)|VARIABLE_ASSIGNMENT|[1]|this|{}|0x6c56b10f
07:08:00.1 (2617728)|HEAP_ALLOCATE|[EXTERNAL]|Bytes:4
07:08:00.1 (2622923)|HEAP_ALLOCATE|[EXTERNAL]|Bytes:4
07:08:00.1 (2629874)|METHOD_ENTRY|[1]|01p6F00000MR10y|ParentClass.ParentClass()
07:08:00.1 (2634619)|STATEMENT_EXECUTE|[1]
07:08:00.1 (2637203)|STATEMENT_EXECUTE|[1]
07:08:00.1 (2640081)|METHOD_EXIT|[1]|ParentClass
07:08:00.1 (2645011)|CONSTRUCTOR_ENTRY|[EXTERNAL]|01p6F00000MR10y|<init>()|ParentClass
07:08:00.1 (2655682)|VARIABLE_SCOPE_BEGIN|[1]|this|ParentClass|true|false
07:08:00.1 (2669166)|VARIABLE_ASSIGNMENT|[1]|this|{}|0x6c56b10f
07:08:00.1 (2677955)|HEAP_ALLOCATE|[EXTERNAL]|Bytes:6
07:08:00.1 (2707538)|STATEMENT_EXECUTE|[1]
07:08:00.1 (2712789)|CONSTRUCTOR_EXIT|[EXTERNAL]|01p6F00000MR10y|<init>()|ParentClass
07:08:00.1 (2719047)|STATEMENT_EXECUTE|[1]
07:08:00.1 (2721607)|CONSTRUCTOR_EXIT|[1]|01p6F00000MR2GO|<init>()|ChildClass
07:08:00.1 (2730817)|SYSTEM_MODE_EXIT|false
07:08:00.1 (2749258)|VARIABLE_ASSIGNMENT|[1]|obj2|{}|0x6c56b10f
07:08:00.1 (2754760)|STATEMENT_EXECUTE|[2]
07:08:00.1 (2776038)|SYSTEM_MODE_ENTER|false
07:08:00.1 (2794079)|HEAP_ALLOCATE|[2]|Bytes:5
07:08:00.1 (2811154)|METHOD_ENTRY|[2]|01p6F00000MR2GO|ChildClass.write()
07:08:00.1 (2823743)|VARIABLE_SCOPE_BEGIN|[2]|this|ChildClass|true|false
07:08:00.1 (2838048)|VARIABLE_ASSIGNMENT|[2]|this|{}|0x6c56b10f
07:08:00.1 (2846871)|STATEMENT_EXECUTE|[2]
07:08:00.1 (2848560)|STATEMENT_EXECUTE|[4]
07:08:00.1 (2851117)|HEAP_ALLOCATE|[4]|Bytes:19
07:08:00.1 (2897322)|USER_DEBUG|[4]|DEBUG|This is ChildClass.
07:08:00.1 (2909467)|METHOD_EXIT|[2]|01p6F00000MR2GO|ChildClass.write()
07:08:00.1 (2916383)|SYSTEM_MODE_EXIT|false
07:08:00.1 (2921657)|STATEMENT_EXECUTE|[3]
07:08:00.1 (2937500)|SYSTEM_MODE_ENTER|false
07:08:00.1 (2948065)|HEAP_ALLOCATE|[3]|Bytes:5
07:08:00.1 (2956595)|METHOD_ENTRY|[3]|01p6F00000MR10y|ParentClass.ParentClassAdd()
07:08:00.1 (2966359)|VARIABLE_SCOPE_BEGIN|[11]|this|ParentClass|true|false
07:08:00.1 (2980692)|VARIABLE_ASSIGNMENT|[11]|this|{}|0x6c56b10f
07:08:00.1 (2987801)|STATEMENT_EXECUTE|[11]
07:08:00.1 (2989516)|STATEMENT_EXECUTE|[12]
07:08:00.1 (2993864)|VARIABLE_SCOPE_BEGIN|[12]|IntNum1|Integer|false|false
07:08:00.1 (3003696)|VARIABLE_ASSIGNMENT|[12]|IntNum1|null
07:08:00.1 (3008882)|STATEMENT_EXECUTE|[12]
07:08:00.1 (3010964)|VARIABLE_SCOPE_BEGIN|[12]|IntNum2|Integer|false|false
07:08:00.1 (3018116)|VARIABLE_ASSIGNMENT|[12]|IntNum2|null
07:08:00.1 (3021319)|STATEMENT_EXECUTE|[12]
07:08:00.1 (3023092)|VARIABLE_SCOPE_BEGIN|[12]|IntSum|Integer|false|false
07:08:00.1 (3030483)|VARIABLE_ASSIGNMENT|[12]|IntSum|null
07:08:00.1 (3033935)|STATEMENT_EXECUTE|[13]
07:08:00.1 (3119107)|HEAP_ALLOCATE|[13]|Bytes:41
07:08:00.1 (3134393)|METHOD_EXIT|[3]|01p6F00000MR10y|ParentClass.ParentClassAdd()
07:08:00.1 (3142345)|SYSTEM_MODE_EXIT|false
07:08:00.1 (3268832)|FATAL_ERROR|System.NullPointerException: Attempt to de-reference a null object

Class.ParentClass.ParentClassAdd: line 13, column 1
AnonymousBlock: line 3, column 1
AnonymousBlock: line 3, column 1
07:08:00.3 (3310798)|CUMULATIVE_LIMIT_USAGE
07:08:00.3 (3310798)|LIMIT_USAGE_FOR_NS|(default)|
  Number of SOQL queries: 0 out of 100
  Number of query rows: 0 out of 50000
  Number of SOSL queries: 0 out of 20
  Number of DML statements: 0 out of 150
  Number of DML rows: 0 out of 10000
  Maximum CPU time: 0 out of 10000
  Maximum heap size: 0 out of 6000000
  Number of callouts: 0 out of 100
  Number of Email Invocations: 0 out of 10
  Number of future calls: 0 out of 50
  Number of queueable jobs added to the queue: 0 out of 50
  Number of Mobile Apex push calls: 0 out of 10

07:08:00.3 (3310798)|CUMULATIVE_LIMIT_USAGE_END

07:08:00.1 (3341958)|CODE_UNIT_FINISHED|execute_anonymous_apex
07:08:00.1 (4404181)|EXECUTION_FINISHED
