44.0 APEX_CODE,FINEST;APEX_PROFILING,INFO;CALLOUT,INFO;DB,INFO;NBA,INFO;SYSTEM,DEBUG;VALIDATION,INFO;VISUALFORCE,INFO;WAVE,INFO;WORKFLOW,INFO
Execute Anonymous: Array_Of_Int objArray = new Array_Of_Int();
Execute Anonymous: objArray.display(5);
08:13:30.1 (1253284)|USER_INFO|[EXTERNAL]|0056F00000ATCAZ|ayman.shaikh@gmail.com|Pacific Standard Time|GMT-07:00
08:13:30.1 (1272845)|EXECUTION_STARTED
08:13:30.1 (1276328)|CODE_UNIT_STARTED|[EXTERNAL]|execute_anonymous_apex
08:13:30.1 (11222931)|VARIABLE_SCOPE_BEGIN|[1]|objArray|Array_Of_Int|true|false
08:13:30.1 (11375138)|HEAP_ALLOCATE|[72]|Bytes:3
08:13:30.1 (11417857)|HEAP_ALLOCATE|[77]|Bytes:152
08:13:30.1 (11432807)|HEAP_ALLOCATE|[342]|Bytes:408
08:13:30.1 (11447115)|HEAP_ALLOCATE|[355]|Bytes:408
08:13:30.1 (11459717)|HEAP_ALLOCATE|[467]|Bytes:48
08:13:30.1 (11486738)|HEAP_ALLOCATE|[139]|Bytes:6
08:13:30.1 (11512116)|HEAP_ALLOCATE|[EXTERNAL]|Bytes:3
08:13:30.1 (11546908)|STATEMENT_EXECUTE|[1]
08:13:30.1 (11549755)|STATEMENT_EXECUTE|[1]
08:13:30.1 (11553554)|HEAP_ALLOCATE|[1]|Bytes:1
08:13:30.1 (11559688)|HEAP_ALLOCATE|[1]|Bytes:3
08:13:30.1 (11593340)|METHOD_ENTRY|[1]|01p6F00000MPYhK|Array_Of_Int.Array_Of_Int()
08:13:30.1 (11600217)|STATEMENT_EXECUTE|[1]
08:13:30.1 (11604558)|STATEMENT_EXECUTE|[1]
08:13:30.1 (11632737)|HEAP_ALLOCATE|[50]|Bytes:5
08:13:30.1 (11658582)|HEAP_ALLOCATE|[56]|Bytes:5
08:13:30.1 (11666608)|HEAP_ALLOCATE|[64]|Bytes:7
08:13:30.1 (11686002)|SYSTEM_MODE_ENTER|false
08:13:30.1 (11705079)|HEAP_ALLOCATE|[1]|Bytes:5
08:13:30.1 (11714050)|SYSTEM_MODE_EXIT|false
08:13:30.1 (11724441)|METHOD_EXIT|[1]|Array_Of_Int
08:13:30.1 (11738202)|HEAP_ALLOCATE|[1]|Bytes:4
08:13:30.1 (11762807)|SYSTEM_MODE_ENTER|false
08:13:30.1 (11793915)|HEAP_ALLOCATE|[1]|Bytes:5
08:13:30.1 (11806532)|CONSTRUCTOR_ENTRY|[1]|01p6F00000MPYhK|<init>()|Array_Of_Int
08:13:30.1 (11848407)|VARIABLE_SCOPE_BEGIN|[1]|this|Array_Of_Int|true|false
08:13:30.1 (11892306)|VARIABLE_ASSIGNMENT|[1]|this|{}|0x26a632d9
08:13:30.1 (11904303)|HEAP_ALLOCATE|[EXTERNAL]|Bytes:5
08:13:30.1 (11913500)|HEAP_ALLOCATE|[EXTERNAL]|Bytes:6
08:13:30.1 (11953589)|STATEMENT_EXECUTE|[1]
08:13:30.1 (11959496)|HEAP_ALLOCATE|[EXTERNAL]|Bytes:5
08:13:30.1 (11970558)|CONSTRUCTOR_EXIT|[1]|01p6F00000MPYhK|<init>()|Array_Of_Int
08:13:30.1 (11978015)|SYSTEM_MODE_EXIT|false
08:13:30.1 (12019697)|VARIABLE_ASSIGNMENT|[1]|objArray|{}|0x26a632d9
08:13:30.1 (12027307)|STATEMENT_EXECUTE|[2]
08:13:30.1 (12054893)|SYSTEM_MODE_ENTER|false
08:13:30.1 (12075357)|HEAP_ALLOCATE|[2]|Bytes:5
08:13:30.1 (12129854)|METHOD_ENTRY|[2]|01p6F00000MPYhK|Array_Of_Int.display(Integer)
08:13:30.1 (12159470)|VARIABLE_SCOPE_BEGIN|[2]|this|Array_Of_Int|true|false
08:13:30.1 (12177668)|VARIABLE_ASSIGNMENT|[2]|this|{}|0x26a632d9
08:13:30.1 (12198087)|VARIABLE_SCOPE_BEGIN|[2]|number1|Integer|false|false
08:13:30.1 (12207992)|VARIABLE_ASSIGNMENT|[2]|number1|5
08:13:30.1 (12221713)|HEAP_ALLOCATE|[3]|Bytes:5
08:13:30.1 (12227020)|STATEMENT_EXECUTE|[2]
08:13:30.1 (12228797)|STATEMENT_EXECUTE|[3]
08:13:30.1 (12233337)|VARIABLE_SCOPE_BEGIN|[3]|add_num|Integer|false|false
08:13:30.1 (12243215)|VARIABLE_ASSIGNMENT|[3]|add_num|null
08:13:30.1 (12247089)|STATEMENT_EXECUTE|[3]
08:13:30.1 (12249446)|VARIABLE_SCOPE_BEGIN|[3]|i|Integer|false|false
08:13:30.1 (12257100)|VARIABLE_ASSIGNMENT|[3]|i|null
08:13:30.1 (12260878)|STATEMENT_EXECUTE|[4]
08:13:30.1 (12310883)|HEAP_ALLOCATE|[4]|Bytes:4
08:13:30.1 (12361099)|VARIABLE_SCOPE_BEGIN|[4]|myList|List<Integer>|true|false
08:13:30.1 (12400650)|HEAP_ALLOCATE|[EXTERNAL]|Bytes:4
08:13:30.1 (12417586)|VARIABLE_ASSIGNMENT|[4]|myList|[]|0x1b79487c
08:13:30.1 (12424385)|STATEMENT_EXECUTE|[5]
08:13:30.1 (12427550)|HEAP_ALLOCATE|[5]|Bytes:4
08:13:30.1 (12435618)|VARIABLE_ASSIGNMENT|[5]|i|0
08:13:30.1 (12443098)|STATEMENT_EXECUTE|[5]
08:13:30.1 (12444779)|STATEMENT_EXECUTE|[6]
08:13:30.1 (12448561)|HEAP_ALLOCATE|[6]|Bytes:12
08:13:30.1 (12494454)|USER_DEBUG|[6]|DEBUG|Enter values
08:13:30.1 (12505688)|STATEMENT_EXECUTE|[7]
08:13:30.1 (12541463)|HEAP_ALLOCATE|[EXTERNAL]|Bytes:4
08:13:30.1 (12551531)|STATEMENT_EXECUTE|[8]
08:13:30.1 (12571981)|USER_DEBUG|[8]|DEBUG|null
08:13:30.1 (12580699)|HEAP_ALLOCATE|[5]|Bytes:4
08:13:30.1 (12589121)|VARIABLE_ASSIGNMENT|[5]|i|1
08:13:30.1 (12594874)|STATEMENT_EXECUTE|[5]
08:13:30.1 (12596628)|STATEMENT_EXECUTE|[6]
08:13:30.1 (12603221)|USER_DEBUG|[6]|DEBUG|Enter values
08:13:30.1 (12609787)|STATEMENT_EXECUTE|[7]
08:13:30.1 (12615740)|HEAP_ALLOCATE|[EXTERNAL]|Bytes:4
08:13:30.1 (12621566)|STATEMENT_EXECUTE|[8]
08:13:30.1 (12627966)|USER_DEBUG|[8]|DEBUG|null
08:13:30.1 (12634177)|HEAP_ALLOCATE|[5]|Bytes:4
08:13:30.1 (12640280)|VARIABLE_ASSIGNMENT|[5]|i|2
08:13:30.1 (12645087)|STATEMENT_EXECUTE|[5]
08:13:30.1 (12646693)|STATEMENT_EXECUTE|[6]
08:13:30.1 (12651549)|USER_DEBUG|[6]|DEBUG|Enter values
08:13:30.1 (12657737)|STATEMENT_EXECUTE|[7]
08:13:30.1 (12662764)|HEAP_ALLOCATE|[EXTERNAL]|Bytes:4
08:13:30.1 (12669528)|STATEMENT_EXECUTE|[8]
08:13:30.1 (12674997)|USER_DEBUG|[8]|DEBUG|null
08:13:30.1 (12683788)|HEAP_ALLOCATE|[5]|Bytes:4
08:13:30.1 (12689630)|VARIABLE_ASSIGNMENT|[5]|i|3
08:13:30.1 (12694239)|STATEMENT_EXECUTE|[5]
08:13:30.1 (12695869)|STATEMENT_EXECUTE|[6]
08:13:30.1 (12700865)|USER_DEBUG|[6]|DEBUG|Enter values
08:13:30.1 (12706638)|STATEMENT_EXECUTE|[7]
08:13:30.1 (12711520)|HEAP_ALLOCATE|[EXTERNAL]|Bytes:4
08:13:30.1 (12716944)|STATEMENT_EXECUTE|[8]
08:13:30.1 (12722215)|USER_DEBUG|[8]|DEBUG|null
08:13:30.1 (12728210)|HEAP_ALLOCATE|[5]|Bytes:4
08:13:30.1 (12734021)|VARIABLE_ASSIGNMENT|[5]|i|4
08:13:30.1 (12738457)|STATEMENT_EXECUTE|[5]
08:13:30.1 (12740056)|STATEMENT_EXECUTE|[6]
08:13:30.1 (12744737)|USER_DEBUG|[6]|DEBUG|Enter values
08:13:30.1 (12750669)|STATEMENT_EXECUTE|[7]
08:13:30.1 (12755438)|HEAP_ALLOCATE|[EXTERNAL]|Bytes:4
08:13:30.1 (12760665)|STATEMENT_EXECUTE|[8]
08:13:30.1 (12765793)|USER_DEBUG|[8]|DEBUG|null
08:13:30.1 (12771692)|HEAP_ALLOCATE|[5]|Bytes:4
08:13:30.1 (12778082)|VARIABLE_ASSIGNMENT|[5]|i|5
08:13:30.1 (12789976)|METHOD_EXIT|[2]|01p6F00000MPYhK|Array_Of_Int.display(Integer)
08:13:30.1 (12796896)|SYSTEM_MODE_EXIT|false
08:13:30.12 (12837450)|CUMULATIVE_LIMIT_USAGE
08:13:30.12 (12837450)|LIMIT_USAGE_FOR_NS|(default)|
  Number of SOQL queries: 0 out of 100
  Number of query rows: 0 out of 50000
  Number of SOSL queries: 0 out of 20
  Number of DML statements: 0 out of 150
  Number of DML rows: 0 out of 10000
  Maximum CPU time: 0 out of 10000
  Maximum heap size: 0 out of 6000000
  Number of callouts: 0 out of 100
  Number of Email Invocations: 0 out of 10
  Number of future calls: 0 out of 50
  Number of queueable jobs added to the queue: 0 out of 50
  Number of Mobile Apex push calls: 0 out of 10

08:13:30.12 (12837450)|CUMULATIVE_LIMIT_USAGE_END

08:13:30.1 (12878624)|CODE_UNIT_FINISHED|execute_anonymous_apex
08:13:30.1 (13972771)|EXECUTION_FINISHED
