44.0 APEX_CODE,FINEST;APEX_PROFILING,INFO;CALLOUT,INFO;DB,INFO;NBA,INFO;SYSTEM,DEBUG;VALIDATION,INFO;VISUALFORCE,INFO;WAVE,INFO;WORKFLOW,INFO
Execute Anonymous: ParentClass obj1, obj2,obj3;
Execute Anonymous: obj1 = new ParentClass();
Execute Anonymous: obj1.write();
Execute Anonymous: obj2 = new ChildClass();
Execute Anonymous: obj2.write();
Execute Anonymous: obj3 = new ChildClass();
Execute Anonymous: obj3.ParentClassAdd();
05:51:47.1 (1230454)|USER_INFO|[EXTERNAL]|0056F00000ATCAZ|ayman.shaikh@gmail.com|Pacific Standard Time|GMT-07:00
05:51:47.1 (1250789)|EXECUTION_STARTED
05:51:47.1 (1255200)|CODE_UNIT_STARTED|[EXTERNAL]|execute_anonymous_apex
05:51:47.1 (2400965)|VARIABLE_SCOPE_BEGIN|[1]|obj1|ParentClass|true|false
05:51:47.1 (2417519)|VARIABLE_SCOPE_BEGIN|[1]|obj2|ParentClass|true|false
05:51:47.1 (2424762)|VARIABLE_SCOPE_BEGIN|[1]|obj3|ParentClass|true|false
05:51:47.1 (2548833)|HEAP_ALLOCATE|[72]|Bytes:3
05:51:47.1 (2588123)|HEAP_ALLOCATE|[77]|Bytes:152
05:51:47.1 (2601445)|HEAP_ALLOCATE|[342]|Bytes:408
05:51:47.1 (2614301)|HEAP_ALLOCATE|[355]|Bytes:408
05:51:47.1 (2625734)|HEAP_ALLOCATE|[467]|Bytes:48
05:51:47.1 (2652006)|HEAP_ALLOCATE|[139]|Bytes:6
05:51:47.1 (2677407)|HEAP_ALLOCATE|[EXTERNAL]|Bytes:13
05:51:47.1 (2721344)|STATEMENT_EXECUTE|[1]
05:51:47.1 (2724342)|STATEMENT_EXECUTE|[1]
05:51:47.1 (2744553)|VARIABLE_ASSIGNMENT|[1]|obj1|null|
05:51:47.1 (2750500)|STATEMENT_EXECUTE|[1]
05:51:47.1 (2756837)|VARIABLE_ASSIGNMENT|[1]|obj2|null|
05:51:47.1 (2761022)|STATEMENT_EXECUTE|[1]
05:51:47.1 (2765458)|VARIABLE_ASSIGNMENT|[1]|obj3|null|
05:51:47.1 (2769401)|STATEMENT_EXECUTE|[2]
05:51:47.1 (2773514)|HEAP_ALLOCATE|[2]|Bytes:4
05:51:47.1 (2778669)|HEAP_ALLOCATE|[2]|Bytes:4
05:51:47.1 (2804470)|METHOD_ENTRY|[1]|01p6F00000MR10y|ParentClass.ParentClass()
05:51:47.1 (2810238)|STATEMENT_EXECUTE|[1]
05:51:47.1 (2814883)|STATEMENT_EXECUTE|[1]
05:51:47.1 (2820239)|METHOD_EXIT|[1]|ParentClass
05:51:47.1 (2835457)|HEAP_ALLOCATE|[2]|Bytes:4
05:51:47.1 (2871218)|HEAP_ALLOCATE|[50]|Bytes:5
05:51:47.1 (2894656)|HEAP_ALLOCATE|[56]|Bytes:5
05:51:47.1 (2903784)|HEAP_ALLOCATE|[64]|Bytes:7
05:51:47.1 (2923500)|SYSTEM_MODE_ENTER|false
05:51:47.1 (2960048)|HEAP_ALLOCATE|[2]|Bytes:5
05:51:47.1 (2974945)|CONSTRUCTOR_ENTRY|[2]|01p6F00000MR10y|<init>()|ParentClass
05:51:47.1 (2999929)|VARIABLE_SCOPE_BEGIN|[1]|this|ParentClass|true|false
05:51:47.1 (3030172)|VARIABLE_ASSIGNMENT|[1]|this|{}|0x518f44c
05:51:47.1 (3042010)|HEAP_ALLOCATE|[EXTERNAL]|Bytes:6
05:51:47.1 (3080771)|STATEMENT_EXECUTE|[1]
05:51:47.1 (3092794)|CONSTRUCTOR_EXIT|[2]|01p6F00000MR10y|<init>()|ParentClass
05:51:47.1 (3105940)|SYSTEM_MODE_EXIT|false
05:51:47.1 (3125129)|VARIABLE_ASSIGNMENT|[2]|obj1|{}|0x518f44c
05:51:47.1 (3131118)|STATEMENT_EXECUTE|[3]
05:51:47.1 (3154420)|SYSTEM_MODE_ENTER|false
05:51:47.1 (3173602)|HEAP_ALLOCATE|[3]|Bytes:5
05:51:47.1 (3200448)|METHOD_ENTRY|[3]|01p6F00000MR10y|ParentClass.write()
05:51:47.1 (3223164)|VARIABLE_SCOPE_BEGIN|[3]|this|ParentClass|true|false
05:51:47.1 (3238503)|VARIABLE_ASSIGNMENT|[3]|this|{}|0x518f44c
05:51:47.1 (3247371)|STATEMENT_EXECUTE|[3]
05:51:47.1 (3249193)|STATEMENT_EXECUTE|[5]
05:51:47.1 (3253031)|HEAP_ALLOCATE|[5]|Bytes:20
05:51:47.1 (3309356)|USER_DEBUG|[5]|DEBUG|This is Parent Class
05:51:47.1 (3323753)|METHOD_EXIT|[3]|01p6F00000MR10y|ParentClass.write()
05:51:47.1 (3329952)|SYSTEM_MODE_EXIT|false
05:51:47.1 (3335991)|STATEMENT_EXECUTE|[4]
05:51:47.1 (3960492)|HEAP_ALLOCATE|[4]|Bytes:1
05:51:47.1 (3970883)|HEAP_ALLOCATE|[4]|Bytes:1
05:51:47.1 (3985852)|METHOD_ENTRY|[1]|01p6F00000MR2GO|ChildClass.ChildClass()
05:51:47.1 (3991747)|STATEMENT_EXECUTE|[1]
05:51:47.1 (3995694)|STATEMENT_EXECUTE|[1]
05:51:47.1 (4000510)|METHOD_EXIT|[1]|ChildClass
05:51:47.1 (4012783)|HEAP_ALLOCATE|[4]|Bytes:4
05:51:47.1 (4037822)|SYSTEM_MODE_ENTER|false
05:51:47.1 (4052966)|HEAP_ALLOCATE|[4]|Bytes:5
05:51:47.1 (4063804)|CONSTRUCTOR_ENTRY|[4]|01p6F00000MR2GO|<init>()|ChildClass
05:51:47.1 (4081299)|VARIABLE_SCOPE_BEGIN|[1]|this|ChildClass|true|false
05:51:47.1 (4108516)|VARIABLE_ASSIGNMENT|[1]|this|{}|0x7a803aa5
05:51:47.1 (4117735)|CONSTRUCTOR_ENTRY|[EXTERNAL]|01p6F00000MR10y|<init>()|ParentClass
05:51:47.1 (4127650)|VARIABLE_SCOPE_BEGIN|[1]|this|ParentClass|true|false
05:51:47.1 (4140713)|VARIABLE_ASSIGNMENT|[1]|this|{}|0x7a803aa5
05:51:47.1 (4157578)|STATEMENT_EXECUTE|[1]
05:51:47.1 (4161768)|CONSTRUCTOR_EXIT|[EXTERNAL]|01p6F00000MR10y|<init>()|ParentClass
05:51:47.1 (4167686)|STATEMENT_EXECUTE|[1]
05:51:47.1 (4170544)|CONSTRUCTOR_EXIT|[4]|01p6F00000MR2GO|<init>()|ChildClass
05:51:47.1 (4179112)|SYSTEM_MODE_EXIT|false
05:51:47.1 (4201049)|VARIABLE_ASSIGNMENT|[4]|obj2|{}|0x7a803aa5
05:51:47.1 (4207208)|STATEMENT_EXECUTE|[5]
05:51:47.1 (4228107)|SYSTEM_MODE_ENTER|false
05:51:47.1 (4241104)|HEAP_ALLOCATE|[5]|Bytes:5
05:51:47.1 (4278211)|METHOD_ENTRY|[5]|01p6F00000MR2GO|ChildClass.write()
05:51:47.1 (4302779)|VARIABLE_SCOPE_BEGIN|[2]|this|ChildClass|true|false
05:51:47.1 (4319231)|VARIABLE_ASSIGNMENT|[2]|this|{}|0x7a803aa5
05:51:47.1 (4326809)|STATEMENT_EXECUTE|[2]
05:51:47.1 (4328658)|STATEMENT_EXECUTE|[4]
05:51:47.1 (4332832)|HEAP_ALLOCATE|[4]|Bytes:19
05:51:47.1 (4365569)|USER_DEBUG|[4]|DEBUG|This is ChildClass.
05:51:47.1 (4377966)|METHOD_EXIT|[5]|01p6F00000MR2GO|ChildClass.write()
05:51:47.1 (4384264)|SYSTEM_MODE_EXIT|false
05:51:47.1 (4390330)|STATEMENT_EXECUTE|[6]
05:51:47.1 (4395759)|HEAP_ALLOCATE|[6]|Bytes:4
05:51:47.1 (4416514)|SYSTEM_MODE_ENTER|false
05:51:47.1 (4429678)|HEAP_ALLOCATE|[6]|Bytes:5
05:51:47.1 (4437737)|CONSTRUCTOR_ENTRY|[6]|01p6F00000MR2GO|<init>()|ChildClass
05:51:47.1 (4449072)|VARIABLE_SCOPE_BEGIN|[1]|this|ChildClass|true|false
05:51:47.1 (4465601)|VARIABLE_ASSIGNMENT|[1]|this|{}|0x1219c931
05:51:47.1 (4473448)|CONSTRUCTOR_ENTRY|[EXTERNAL]|01p6F00000MR10y|<init>()|ParentClass
05:51:47.1 (4479207)|VARIABLE_SCOPE_BEGIN|[1]|this|ParentClass|true|false
05:51:47.1 (4490246)|VARIABLE_ASSIGNMENT|[1]|this|{}|0x1219c931
05:51:47.1 (4505127)|STATEMENT_EXECUTE|[1]
05:51:47.1 (4508699)|CONSTRUCTOR_EXIT|[EXTERNAL]|01p6F00000MR10y|<init>()|ParentClass
05:51:47.1 (4514312)|STATEMENT_EXECUTE|[1]
05:51:47.1 (4516950)|CONSTRUCTOR_EXIT|[6]|01p6F00000MR2GO|<init>()|ChildClass
05:51:47.1 (4524320)|SYSTEM_MODE_EXIT|false
05:51:47.1 (4543296)|VARIABLE_ASSIGNMENT|[6]|obj3|{}|0x1219c931
05:51:47.1 (4549327)|STATEMENT_EXECUTE|[7]
05:51:47.1 (4568184)|SYSTEM_MODE_ENTER|false
05:51:47.1 (4579811)|HEAP_ALLOCATE|[7]|Bytes:5
05:51:47.1 (4590176)|METHOD_ENTRY|[7]|01p6F00000MR10y|ParentClass.ParentClassAdd()
05:51:47.1 (4609871)|VARIABLE_SCOPE_BEGIN|[11]|this|ParentClass|true|false
05:51:47.1 (4624691)|VARIABLE_ASSIGNMENT|[11]|this|{}|0x1219c931
05:51:47.1 (4631954)|STATEMENT_EXECUTE|[11]
05:51:47.1 (4633977)|STATEMENT_EXECUTE|[12]
05:51:47.1 (4638665)|VARIABLE_SCOPE_BEGIN|[12]|IntNum1|Integer|false|false
05:51:47.1 (4648190)|VARIABLE_ASSIGNMENT|[12]|IntNum1|null
05:51:47.1 (4652188)|STATEMENT_EXECUTE|[12]
05:51:47.1 (4654507)|VARIABLE_SCOPE_BEGIN|[12]|IntNum2|Integer|false|false
05:51:47.1 (4662437)|VARIABLE_ASSIGNMENT|[12]|IntNum2|null
05:51:47.1 (4666113)|STATEMENT_EXECUTE|[12]
05:51:47.1 (4669446)|VARIABLE_SCOPE_BEGIN|[12]|IntSum|Integer|false|false
05:51:47.1 (4676291)|HEAP_ALLOCATE|[12]|Bytes:4
05:51:47.1 (4683195)|VARIABLE_ASSIGNMENT|[12]|IntSum|0
05:51:47.1 (4687300)|STATEMENT_EXECUTE|[13]
05:51:47.1 (4725178)|HEAP_ALLOCATE|[13]|Bytes:41
05:51:47.1 (4740882)|METHOD_EXIT|[7]|01p6F00000MR10y|ParentClass.ParentClassAdd()
05:51:47.1 (4749847)|SYSTEM_MODE_EXIT|false
05:51:47.1 (4849537)|FATAL_ERROR|System.NullPointerException: Attempt to de-reference a null object

Class.ParentClass.ParentClassAdd: line 13, column 1
AnonymousBlock: line 7, column 1
AnonymousBlock: line 7, column 1
05:51:47.4 (4899274)|CUMULATIVE_LIMIT_USAGE
05:51:47.4 (4899274)|LIMIT_USAGE_FOR_NS|(default)|
  Number of SOQL queries: 0 out of 100
  Number of query rows: 0 out of 50000
  Number of SOSL queries: 0 out of 20
  Number of DML statements: 0 out of 150
  Number of DML rows: 0 out of 10000
  Maximum CPU time: 0 out of 10000
  Maximum heap size: 0 out of 6000000
  Number of callouts: 0 out of 100
  Number of Email Invocations: 0 out of 10
  Number of future calls: 0 out of 50
  Number of queueable jobs added to the queue: 0 out of 50
  Number of Mobile Apex push calls: 0 out of 10

05:51:47.4 (4899274)|CUMULATIVE_LIMIT_USAGE_END

05:51:47.1 (4937712)|CODE_UNIT_FINISHED|execute_anonymous_apex
05:51:47.1 (5816340)|EXECUTION_FINISHED
