44.0 APEX_CODE,FINEST;APEX_PROFILING,INFO;CALLOUT,INFO;DB,INFO;NBA,INFO;SYSTEM,DEBUG;VALIDATION,INFO;VISUALFORCE,INFO;WAVE,INFO;WORKFLOW,INFO
Execute Anonymous: ParentClass obj1, obj2;
Execute Anonymous: obj1 = new ParentClass();
Execute Anonymous: obj1.write();
Execute Anonymous: obj2 = new ChildClass();
Execute Anonymous: obj2.write();
Execute Anonymous: obj2.ParentClassAdd();
05:47:20.2 (2124540)|USER_INFO|[EXTERNAL]|0056F00000ATCAZ|ayman.shaikh@gmail.com|Pacific Standard Time|GMT-07:00
05:47:20.2 (2149119)|EXECUTION_STARTED
05:47:20.2 (2153284)|CODE_UNIT_STARTED|[EXTERNAL]|execute_anonymous_apex
05:47:20.2 (3407464)|VARIABLE_SCOPE_BEGIN|[1]|obj1|ParentClass|true|false
05:47:20.2 (3422461)|VARIABLE_SCOPE_BEGIN|[1]|obj2|ParentClass|true|false
05:47:20.2 (3570860)|HEAP_ALLOCATE|[72]|Bytes:3
05:47:20.2 (3612601)|HEAP_ALLOCATE|[77]|Bytes:152
05:47:20.2 (3626802)|HEAP_ALLOCATE|[342]|Bytes:408
05:47:20.2 (3639255)|HEAP_ALLOCATE|[355]|Bytes:408
05:47:20.2 (3650142)|HEAP_ALLOCATE|[467]|Bytes:48
05:47:20.2 (3697098)|HEAP_ALLOCATE|[139]|Bytes:6
05:47:20.2 (3738073)|HEAP_ALLOCATE|[EXTERNAL]|Bytes:11
05:47:20.2 (3795163)|STATEMENT_EXECUTE|[1]
05:47:20.2 (3799251)|STATEMENT_EXECUTE|[1]
05:47:20.2 (3823821)|VARIABLE_ASSIGNMENT|[1]|obj1|null|
05:47:20.2 (3832228)|STATEMENT_EXECUTE|[1]
05:47:20.2 (3841593)|VARIABLE_ASSIGNMENT|[1]|obj2|null|
05:47:20.2 (3847781)|STATEMENT_EXECUTE|[2]
05:47:20.2 (3859742)|HEAP_ALLOCATE|[2]|Bytes:4
05:47:20.2 (3867703)|HEAP_ALLOCATE|[2]|Bytes:4
05:47:20.2 (3904648)|METHOD_ENTRY|[1]|01p6F00000MR10y|ParentClass.ParentClass()
05:47:20.2 (3913627)|STATEMENT_EXECUTE|[1]
05:47:20.2 (3918613)|STATEMENT_EXECUTE|[1]
05:47:20.2 (3925872)|METHOD_EXIT|[1]|ParentClass
05:47:20.2 (3947809)|HEAP_ALLOCATE|[2]|Bytes:4
05:47:20.2 (3991263)|HEAP_ALLOCATE|[50]|Bytes:5
05:47:20.2 (4026074)|HEAP_ALLOCATE|[56]|Bytes:5
05:47:20.2 (4040370)|HEAP_ALLOCATE|[64]|Bytes:7
05:47:20.2 (4063063)|SYSTEM_MODE_ENTER|false
05:47:20.2 (4102356)|HEAP_ALLOCATE|[2]|Bytes:5
05:47:20.2 (4117003)|CONSTRUCTOR_ENTRY|[2]|01p6F00000MR10y|<init>()|ParentClass
05:47:20.2 (4150126)|VARIABLE_SCOPE_BEGIN|[1]|this|ParentClass|true|false
05:47:20.2 (4189659)|VARIABLE_ASSIGNMENT|[1]|this|{}|0x7baefba8
05:47:20.2 (4203858)|HEAP_ALLOCATE|[EXTERNAL]|Bytes:6
05:47:20.2 (4246102)|STATEMENT_EXECUTE|[1]
05:47:20.2 (4254056)|CONSTRUCTOR_EXIT|[2]|01p6F00000MR10y|<init>()|ParentClass
05:47:20.2 (4270663)|SYSTEM_MODE_EXIT|false
05:47:20.2 (4294964)|VARIABLE_ASSIGNMENT|[2]|obj1|{}|0x7baefba8
05:47:20.2 (4304234)|STATEMENT_EXECUTE|[3]
05:47:20.2 (4334805)|SYSTEM_MODE_ENTER|false
05:47:20.2 (4354157)|HEAP_ALLOCATE|[3]|Bytes:5
05:47:20.2 (4379615)|METHOD_ENTRY|[3]|01p6F00000MR10y|ParentClass.write()
05:47:20.2 (4402497)|VARIABLE_SCOPE_BEGIN|[3]|this|ParentClass|true|false
05:47:20.2 (4417561)|VARIABLE_ASSIGNMENT|[3]|this|{}|0x7baefba8
05:47:20.2 (4427365)|STATEMENT_EXECUTE|[3]
05:47:20.2 (4429043)|STATEMENT_EXECUTE|[5]
05:47:20.2 (4432078)|HEAP_ALLOCATE|[5]|Bytes:20
05:47:20.2 (4488550)|USER_DEBUG|[5]|DEBUG|This is Parent Class
05:47:20.2 (4502048)|METHOD_EXIT|[3]|01p6F00000MR10y|ParentClass.write()
05:47:20.2 (4508168)|SYSTEM_MODE_EXIT|false
05:47:20.2 (4513880)|STATEMENT_EXECUTE|[4]
05:47:20.2 (5128351)|HEAP_ALLOCATE|[4]|Bytes:1
05:47:20.2 (5138273)|HEAP_ALLOCATE|[4]|Bytes:1
05:47:20.2 (5151716)|METHOD_ENTRY|[1]|01p6F00000MR2GO|ChildClass.ChildClass()
05:47:20.2 (5156937)|STATEMENT_EXECUTE|[1]
05:47:20.2 (5160566)|STATEMENT_EXECUTE|[1]
05:47:20.2 (5164551)|METHOD_EXIT|[1]|ChildClass
05:47:20.2 (5175419)|HEAP_ALLOCATE|[4]|Bytes:4
05:47:20.2 (5197286)|SYSTEM_MODE_ENTER|false
05:47:20.2 (5210305)|HEAP_ALLOCATE|[4]|Bytes:5
05:47:20.2 (5218582)|CONSTRUCTOR_ENTRY|[4]|01p6F00000MR2GO|<init>()|ChildClass
05:47:20.2 (5240138)|VARIABLE_SCOPE_BEGIN|[1]|this|ChildClass|true|false
05:47:20.2 (5261568)|VARIABLE_ASSIGNMENT|[1]|this|{}|0x242bf866
05:47:20.2 (5270542)|CONSTRUCTOR_ENTRY|[EXTERNAL]|01p6F00000MR10y|<init>()|ParentClass
05:47:20.2 (5279558)|VARIABLE_SCOPE_BEGIN|[1]|this|ParentClass|true|false
05:47:20.2 (5295524)|VARIABLE_ASSIGNMENT|[1]|this|{}|0x242bf866
05:47:20.2 (5327052)|STATEMENT_EXECUTE|[1]
05:47:20.2 (5332427)|CONSTRUCTOR_EXIT|[EXTERNAL]|01p6F00000MR10y|<init>()|ParentClass
05:47:20.2 (5341978)|STATEMENT_EXECUTE|[1]
05:47:20.2 (5346193)|CONSTRUCTOR_EXIT|[4]|01p6F00000MR2GO|<init>()|ChildClass
05:47:20.2 (5358244)|SYSTEM_MODE_EXIT|false
05:47:20.2 (5387149)|VARIABLE_ASSIGNMENT|[4]|obj2|{}|0x242bf866
05:47:20.2 (5396347)|STATEMENT_EXECUTE|[5]
05:47:20.2 (5425932)|SYSTEM_MODE_ENTER|false
05:47:20.2 (5439629)|HEAP_ALLOCATE|[5]|Bytes:5
05:47:20.2 (5457820)|METHOD_ENTRY|[5]|01p6F00000MR2GO|ChildClass.write()
05:47:20.2 (5480495)|VARIABLE_SCOPE_BEGIN|[2]|this|ChildClass|true|false
05:47:20.2 (5495325)|VARIABLE_ASSIGNMENT|[2]|this|{}|0x242bf866
05:47:20.2 (5502438)|STATEMENT_EXECUTE|[2]
05:47:20.2 (5504129)|STATEMENT_EXECUTE|[4]
05:47:20.2 (5507262)|HEAP_ALLOCATE|[4]|Bytes:19
05:47:20.2 (5537650)|USER_DEBUG|[4]|DEBUG|This is ChildClass.
05:47:20.2 (5548608)|METHOD_EXIT|[5]|01p6F00000MR2GO|ChildClass.write()
05:47:20.2 (5554596)|SYSTEM_MODE_EXIT|false
05:47:20.2 (5560096)|STATEMENT_EXECUTE|[6]
05:47:20.2 (5577090)|SYSTEM_MODE_ENTER|false
05:47:20.2 (5587370)|HEAP_ALLOCATE|[6]|Bytes:5
05:47:20.2 (5595848)|METHOD_ENTRY|[6]|01p6F00000MR10y|ParentClass.ParentClassAdd()
05:47:20.2 (5624763)|VARIABLE_SCOPE_BEGIN|[11]|this|ParentClass|true|false
05:47:20.2 (5646778)|VARIABLE_ASSIGNMENT|[11]|this|{}|0x242bf866
05:47:20.2 (5658422)|STATEMENT_EXECUTE|[11]
05:47:20.2 (5660776)|STATEMENT_EXECUTE|[12]
05:47:20.2 (5668075)|VARIABLE_SCOPE_BEGIN|[12]|IntNum1|Integer|false|false
05:47:20.2 (5683262)|VARIABLE_ASSIGNMENT|[12]|IntNum1|null
05:47:20.2 (5689410)|STATEMENT_EXECUTE|[12]
05:47:20.2 (5692552)|VARIABLE_SCOPE_BEGIN|[12]|IntNum2|Integer|false|false
05:47:20.2 (5703476)|VARIABLE_ASSIGNMENT|[12]|IntNum2|null
05:47:20.2 (5708959)|STATEMENT_EXECUTE|[12]
05:47:20.2 (5713722)|VARIABLE_SCOPE_BEGIN|[12]|IntSum|Integer|false|false
05:47:20.2 (5724437)|HEAP_ALLOCATE|[12]|Bytes:4
05:47:20.2 (5734498)|VARIABLE_ASSIGNMENT|[12]|IntSum|0
05:47:20.2 (5740112)|STATEMENT_EXECUTE|[13]
05:47:20.2 (5825044)|HEAP_ALLOCATE|[13]|Bytes:41
05:47:20.2 (5845787)|METHOD_EXIT|[6]|01p6F00000MR10y|ParentClass.ParentClassAdd()
05:47:20.2 (5869179)|SYSTEM_MODE_EXIT|false
05:47:20.2 (5994917)|FATAL_ERROR|System.NullPointerException: Attempt to de-reference a null object

Class.ParentClass.ParentClassAdd: line 13, column 1
AnonymousBlock: line 6, column 1
AnonymousBlock: line 6, column 1
05:47:20.6 (6040413)|CUMULATIVE_LIMIT_USAGE
05:47:20.6 (6040413)|LIMIT_USAGE_FOR_NS|(default)|
  Number of SOQL queries: 0 out of 100
  Number of query rows: 0 out of 50000
  Number of SOSL queries: 0 out of 20
  Number of DML statements: 0 out of 150
  Number of DML rows: 0 out of 10000
  Maximum CPU time: 0 out of 10000
  Maximum heap size: 0 out of 6000000
  Number of callouts: 0 out of 100
  Number of Email Invocations: 0 out of 10
  Number of future calls: 0 out of 50
  Number of queueable jobs added to the queue: 0 out of 50
  Number of Mobile Apex push calls: 0 out of 10

05:47:20.6 (6040413)|CUMULATIVE_LIMIT_USAGE_END

05:47:20.2 (6078631)|CODE_UNIT_FINISHED|execute_anonymous_apex
05:47:20.2 (6911284)|EXECUTION_FINISHED
