44.0 APEX_CODE,DEBUG;APEX_PROFILING,INFO;CALLOUT,INFO;DB,INFO;NBA,INFO;SYSTEM,DEBUG;VALIDATION,INFO;VISUALFORCE,DEBUG;WAVE,INFO;WORKFLOW,INFO
06:35:23.0 (350209)|USER_INFO|[EXTERNAL]|0056F00000ATCAZ|ayman.shaikh@gmail.com|Pacific Standard Time|GMT-07:00
06:35:23.0 (378644)|EXECUTION_STARTED
06:35:23.0 (382056)|CODE_UNIT_STARTED|[EXTERNAL]|Validation:Employee:a056F00000lKAkx
06:35:23.0 (391878)|VALIDATION_RULE|03d6F000001EXpW|Resignation_Date_rule
06:35:23.0 (513321)|VALIDATION_FORMULA|Is_on_Notice_Period__c= true && ISBLANK(Resignation_Date__c)|Is_on_Notice_Period__c=0 , Resignation_Date__c=null
06:35:23.0 (519813)|VALIDATION_PASS
06:35:23.0 (521213)|VALIDATION_RULE|03d6F000001EXr8|Restrict_DOB
06:35:23.0 (689534)|VALIDATION_FORMULA|Age__c  <= 18|Age__c=32
06:35:23.0 (694857)|VALIDATION_PASS
06:35:23.0 (695795)|VALIDATION_RULE|03d6F000001EWg3|Check_Dates
06:35:23.0 (797255)|VALIDATION_FORMULA|Last_Working_Day__c  <  Date_of_Joining__c|Last_Working_Day__c=null , Date_of_Joining__c=2018-09-30 00:00:00
06:35:23.0 (802865)|VALIDATION_PASS
06:35:23.0 (803665)|VALIDATION_RULE|03d6F000001EWfy|Notice_Period
06:35:23.0 (856477)|VALIDATION_FORMULA|Is_on_Notice_Period__c  = true && ISBLANK( Resignation_Date__c )|Is_on_Notice_Period__c=0 , Resignation_Date__c=null
06:35:23.0 (861136)|VALIDATION_PASS
06:35:23.0 (1088044)|CODE_UNIT_FINISHED|Validation:Employee:a056F00000lKAkx
06:35:23.0 (1094826)|EXECUTION_FINISHED
06:35:23.24 (24302594)|USER_INFO|[EXTERNAL]|0056F00000ATCAZ|ayman.shaikh@gmail.com|Pacific Standard Time|GMT-07:00
06:35:23.24 (24321357)|EXECUTION_STARTED
06:35:23.24 (24324369)|CODE_UNIT_STARTED|[EXTERNAL]|Workflow:01I6F000002DSKA
06:35:23.24 (38346266)|WF_RULE_EVAL_BEGIN|Workflow
06:35:23.24 (38373334)|WF_CRITERIA_BEGIN|[Employee: EMP-000037 a056F00000lKAkx]|one to one|01Q6F0000015jKG|ON_ALL_CHANGES|0
06:35:23.24 (39644247)|WF_RULE_FILTER|[Employee : Employees ID not equal to NULL]
06:35:23.24 (39664174)|WF_RULE_EVAL_VALUE|EMP-000037
06:35:23.24 (39668590)|WF_CRITERIA_END|true
06:35:23.24 (40371741)|WF_CRITERIA_BEGIN|[Employee: EMP-000037 a056F00000lKAkx]|Record deactivated|01Q6F0000015jIy|ON_CREATE_OR_TRIGGERING_UPDATE|0
06:35:23.24 (40633041)|WF_FORMULA|Formula:ENCODED:[treatNullAsNull]NOT({!ID:00N6F00000RfoKy})|Values:Is_Active__c=0
06:35:23.24 (40640660)|WF_CRITERIA_END|true
06:35:23.24 (40657708)|WF_SPOOL_ACTION_BEGIN|Workflow
06:35:23.24 (43204025)|WF_FIELD_UPDATE|[Employee: EMP-000037 a056F00000lKAkx]|Field:Employee: Roll Id|Value:1|Id=04Y6F000000kSXA|CurrentRule:one to one (Id=01Q6F0000015jKG)
06:35:23.24 (43232730)|WF_RULE_INVOCATION|[Employee: EMP-000037 a056F00000lKAkx]
06:35:23.24 (43238712)|WF_EMAIL_ALERT|Id=01W6F000000kHXy|CurrentRule:Record deactivated (Id=01Q6F0000015jIy)
06:35:23.24 (72754530)|WF_EMAIL_SENT|Template:00X6F0000027G3n|Recipients:abc@gmail.com |CcEmails:
06:35:23.24 (72792195)|WF_ACTION| Field Update: 1; Email Alert: 1;
06:35:23.24 (72796879)|WF_RULE_EVAL_END
06:35:23.24 (81543708)|WF_ACTIONS_END| Field Update: 1; Email Alert: 1;
06:35:23.24 (81557002)|CODE_UNIT_FINISHED|Workflow:01I6F000002DSKA
06:35:23.24 (81562757)|EXECUTION_FINISHED
