44.0 APEX_CODE,FINEST;APEX_PROFILING,INFO;CALLOUT,INFO;DB,INFO;NBA,INFO;SYSTEM,DEBUG;VALIDATION,INFO;VISUALFORCE,INFO;WAVE,INFO;WORKFLOW,INFO
Execute Anonymous: Array_Operations obj = new Array_Operations();
Execute Anonymous: obj.Duplicate();
04:56:58.1 (1217561)|USER_INFO|[EXTERNAL]|0056F00000ATCAZ|ayman.shaikh@gmail.com|Pacific Standard Time|GMT-07:00
04:56:58.1 (1381378)|EXECUTION_STARTED
04:56:58.1 (1387812)|CODE_UNIT_STARTED|[EXTERNAL]|execute_anonymous_apex
04:56:58.1 (10331243)|VARIABLE_SCOPE_BEGIN|[1]|obj|Array_Operations|true|false
04:56:58.1 (10773321)|HEAP_ALLOCATE|[72]|Bytes:3
04:56:58.1 (10871801)|HEAP_ALLOCATE|[77]|Bytes:152
04:56:58.1 (10897587)|HEAP_ALLOCATE|[342]|Bytes:408
04:56:58.1 (10918802)|HEAP_ALLOCATE|[355]|Bytes:408
04:56:58.1 (10938569)|HEAP_ALLOCATE|[467]|Bytes:48
04:56:58.1 (10986268)|HEAP_ALLOCATE|[139]|Bytes:6
04:56:58.1 (11030445)|HEAP_ALLOCATE|[EXTERNAL]|Bytes:3
04:56:58.1 (11108331)|STATEMENT_EXECUTE|[1]
04:56:58.1 (11112826)|STATEMENT_EXECUTE|[1]
04:56:58.1 (11135467)|HEAP_ALLOCATE|[1]|Bytes:13
04:56:58.1 (11148763)|HEAP_ALLOCATE|[1]|Bytes:37
04:56:58.1 (11215947)|METHOD_ENTRY|[1]|01p6F00000MPtB2|Array_Operations.Array_Operations()
04:56:58.1 (11229501)|STATEMENT_EXECUTE|[1]
04:56:58.1 (11236174)|STATEMENT_EXECUTE|[1]
04:56:58.1 (11274197)|HEAP_ALLOCATE|[50]|Bytes:5
04:56:58.1 (11309829)|HEAP_ALLOCATE|[56]|Bytes:5
04:56:58.1 (11324192)|HEAP_ALLOCATE|[64]|Bytes:7
04:56:58.1 (11352470)|SYSTEM_MODE_ENTER|false
04:56:58.1 (11379855)|HEAP_ALLOCATE|[1]|Bytes:5
04:56:58.1 (11393340)|SYSTEM_MODE_EXIT|false
04:56:58.1 (11432661)|METHOD_EXIT|[1]|Array_Operations
04:56:58.1 (11497050)|HEAP_ALLOCATE|[1]|Bytes:8
04:56:58.1 (11535523)|SYSTEM_MODE_ENTER|false
04:56:58.1 (11568932)|HEAP_ALLOCATE|[1]|Bytes:5
04:56:58.1 (11600755)|CONSTRUCTOR_ENTRY|[1]|01p6F00000MPtB2|<init>()|Array_Operations
04:56:58.1 (11635211)|VARIABLE_SCOPE_BEGIN|[1]|this|Array_Operations|true|false
04:56:58.1 (11700524)|VARIABLE_ASSIGNMENT|[1]|this|{}|0x2c7d4277
04:56:58.1 (11714751)|HEAP_ALLOCATE|[3]|Bytes:5
04:56:58.1 (11724010)|HEAP_ALLOCATE|[3]|Bytes:6
04:56:58.1 (11766755)|STATEMENT_EXECUTE|[1]
04:56:58.1 (11772928)|HEAP_ALLOCATE|[3]|Bytes:5
04:56:58.1 (11777775)|STATEMENT_EXECUTE|[3]
04:56:58.1 (11795645)|HEAP_ALLOCATE|[3]|Bytes:4
04:56:58.1 (11894536)|HEAP_ALLOCATE|[3]|Bytes:4
04:56:58.1 (11903120)|HEAP_ALLOCATE|[3]|Bytes:4
04:56:58.1 (11907244)|HEAP_ALLOCATE|[3]|Bytes:4
04:56:58.1 (11911287)|HEAP_ALLOCATE|[3]|Bytes:4
04:56:58.1 (11914957)|HEAP_ALLOCATE|[3]|Bytes:4
04:56:58.1 (11918879)|HEAP_ALLOCATE|[3]|Bytes:4
04:56:58.1 (11922612)|HEAP_ALLOCATE|[3]|Bytes:4
04:56:58.1 (11926314)|HEAP_ALLOCATE|[3]|Bytes:4
04:56:58.1 (11930236)|HEAP_ALLOCATE|[3]|Bytes:4
04:56:58.1 (11933917)|HEAP_ALLOCATE|[3]|Bytes:4
04:56:58.1 (11976779)|HEAP_ALLOCATE|[EXTERNAL]|Bytes:44
04:56:58.1 (11998938)|VARIABLE_ASSIGNMENT|[3]|this.integerList|"List of size 10 too large to display"|0x2c7d4277
04:56:58.1 (12010405)|CONSTRUCTOR_EXIT|[1]|01p6F00000MPtB2|<init>()|Array_Operations
04:56:58.1 (12019717)|SYSTEM_MODE_EXIT|false
04:56:58.1 (12060755)|VARIABLE_ASSIGNMENT|[1]|obj|{"integerList":"0x3849cd9d"}|0x2c7d4277
04:56:58.1 (12069343)|STATEMENT_EXECUTE|[2]
04:56:58.1 (12097364)|SYSTEM_MODE_ENTER|false
04:56:58.1 (12117818)|HEAP_ALLOCATE|[2]|Bytes:5
04:56:58.1 (12161244)|METHOD_ENTRY|[2]|01p6F00000MPtB2|Array_Operations.Duplicate()
04:56:58.1 (12192400)|VARIABLE_SCOPE_BEGIN|[55]|this|Array_Operations|true|false
04:56:58.1 (12217390)|VARIABLE_ASSIGNMENT|[55]|this|{"integerList":"0x3849cd9d"}|0x2c7d4277
04:56:58.1 (12233024)|HEAP_ALLOCATE|[57]|Bytes:5
04:56:58.1 (12238218)|STATEMENT_EXECUTE|[56]
04:56:58.1 (12240219)|STATEMENT_EXECUTE|[57]
04:56:58.1 (12252963)|VARIABLE_SCOPE_BEGIN|[57]|Digit|Integer|false|false
04:56:58.1 (12266285)|VARIABLE_ASSIGNMENT|[57]|Digit|null
04:56:58.1 (12270933)|STATEMENT_EXECUTE|[58]
04:56:58.1 (12282009)|HEAP_ALLOCATE|[58]|Bytes:4
04:56:58.1 (12305411)|VARIABLE_SCOPE_BEGIN|[58]|countList|List<Integer>|true|false
04:56:58.1 (12329472)|HEAP_ALLOCATE|[EXTERNAL]|Bytes:4
04:56:58.1 (12343413)|VARIABLE_ASSIGNMENT|[58]|countList|[]|0x7b1724be
04:56:58.1 (12353511)|STATEMENT_EXECUTE|[59]
04:56:58.1 (12359031)|VARIABLE_SCOPE_BEGIN|[59]|i|Integer|false|false
04:56:58.1 (12374974)|HEAP_ALLOCATE|[59]|Bytes:4
04:56:58.1 (12385726)|VARIABLE_ASSIGNMENT|[59]|i|0
04:56:58.1 (12468007)|STATEMENT_EXECUTE|[59]
04:56:58.1 (12471106)|STATEMENT_EXECUTE|[61]
04:56:58.1 (12475732)|HEAP_ALLOCATE|[61]|Bytes:4
04:56:58.1 (12547300)|HEAP_ALLOCATE|[61]|Bytes:31
04:56:58.1 (12569615)|METHOD_EXIT|[2]|01p6F00000MPtB2|Array_Operations.Duplicate()
04:56:58.1 (12579783)|SYSTEM_MODE_EXIT|false
04:56:58.1 (12728283)|FATAL_ERROR|System.ListException: List index out of bounds: 0

Class.Array_Operations.Duplicate: line 61, column 1
AnonymousBlock: line 2, column 1
AnonymousBlock: line 2, column 1
04:56:58.12 (12786277)|CUMULATIVE_LIMIT_USAGE
04:56:58.12 (12786277)|LIMIT_USAGE_FOR_NS|(default)|
  Number of SOQL queries: 0 out of 100
  Number of query rows: 0 out of 50000
  Number of SOSL queries: 0 out of 20
  Number of DML statements: 0 out of 150
  Number of DML rows: 0 out of 10000
  Maximum CPU time: 0 out of 10000
  Maximum heap size: 0 out of 6000000
  Number of callouts: 0 out of 100
  Number of Email Invocations: 0 out of 10
  Number of future calls: 0 out of 50
  Number of queueable jobs added to the queue: 0 out of 50
  Number of Mobile Apex push calls: 0 out of 10

04:56:58.12 (12786277)|CUMULATIVE_LIMIT_USAGE_END

04:56:58.1 (12832823)|CODE_UNIT_FINISHED|execute_anonymous_apex
04:56:58.1 (13709323)|EXECUTION_FINISHED
