44.0 APEX_CODE,FINEST;APEX_PROFILING,INFO;CALLOUT,INFO;DB,INFO;NBA,INFO;SYSTEM,DEBUG;VALIDATION,INFO;VISUALFORCE,INFO;WAVE,INFO;WORKFLOW,INFO
Execute Anonymous: ContactRecord objContactRecord = new ContactRecord();
Execute Anonymous: objContactRecord.SelectRecord();
07:04:41.1 (1242961)|USER_INFO|[EXTERNAL]|0056F00000ATCAZ|ayman.shaikh@gmail.com|Pacific Standard Time|GMT-07:00
07:04:41.1 (1266392)|EXECUTION_STARTED
07:04:41.1 (1271006)|CODE_UNIT_STARTED|[EXTERNAL]|execute_anonymous_apex
07:04:41.1 (7253846)|VARIABLE_SCOPE_BEGIN|[1]|objContactRecord|ContactRecord|true|false
07:04:41.1 (7415063)|HEAP_ALLOCATE|[72]|Bytes:3
07:04:41.1 (7458887)|HEAP_ALLOCATE|[77]|Bytes:152
07:04:41.1 (7472992)|HEAP_ALLOCATE|[342]|Bytes:408
07:04:41.1 (7486220)|HEAP_ALLOCATE|[355]|Bytes:408
07:04:41.1 (7497856)|HEAP_ALLOCATE|[467]|Bytes:48
07:04:41.1 (7531360)|HEAP_ALLOCATE|[139]|Bytes:6
07:04:41.1 (7550434)|HEAP_ALLOCATE|[EXTERNAL]|Bytes:3
07:04:41.1 (7579665)|STATEMENT_EXECUTE|[1]
07:04:41.1 (7582625)|STATEMENT_EXECUTE|[1]
07:04:41.1 (7586977)|HEAP_ALLOCATE|[1]|Bytes:1
07:04:41.1 (7592519)|HEAP_ALLOCATE|[1]|Bytes:1
07:04:41.1 (7617827)|METHOD_ENTRY|[1]|01p6F00000MRJNE|ContactRecord.ContactRecord()
07:04:41.1 (7624239)|STATEMENT_EXECUTE|[1]
07:04:41.1 (7628772)|STATEMENT_EXECUTE|[1]
07:04:41.1 (7657252)|HEAP_ALLOCATE|[50]|Bytes:5
07:04:41.1 (7680964)|HEAP_ALLOCATE|[56]|Bytes:5
07:04:41.1 (7689232)|HEAP_ALLOCATE|[64]|Bytes:7
07:04:41.1 (7706779)|SYSTEM_MODE_ENTER|false
07:04:41.1 (7721289)|HEAP_ALLOCATE|[1]|Bytes:5
07:04:41.1 (7728832)|SYSTEM_MODE_EXIT|false
07:04:41.1 (7737474)|METHOD_EXIT|[1]|ContactRecord
07:04:41.1 (7750983)|HEAP_ALLOCATE|[1]|Bytes:4
07:04:41.1 (7771909)|SYSTEM_MODE_ENTER|false
07:04:41.1 (7795552)|HEAP_ALLOCATE|[1]|Bytes:5
07:04:41.1 (7808172)|CONSTRUCTOR_ENTRY|[1]|01p6F00000MRJNE|<init>()|ContactRecord
07:04:41.1 (7834515)|VARIABLE_SCOPE_BEGIN|[1]|this|ContactRecord|true|false
07:04:41.1 (7874493)|VARIABLE_ASSIGNMENT|[1]|this|{}|0x5fd85a65
07:04:41.1 (7884783)|HEAP_ALLOCATE|[EXTERNAL]|Bytes:5
07:04:41.1 (7893647)|HEAP_ALLOCATE|[EXTERNAL]|Bytes:6
07:04:41.1 (7927543)|STATEMENT_EXECUTE|[1]
07:04:41.1 (7932127)|HEAP_ALLOCATE|[EXTERNAL]|Bytes:5
07:04:41.1 (7940317)|CONSTRUCTOR_EXIT|[1]|01p6F00000MRJNE|<init>()|ContactRecord
07:04:41.1 (7947474)|SYSTEM_MODE_EXIT|false
07:04:41.1 (7966894)|VARIABLE_ASSIGNMENT|[1]|objContactRecord|{}|0x5fd85a65
07:04:41.1 (7973319)|STATEMENT_EXECUTE|[2]
07:04:41.1 (7995116)|SYSTEM_MODE_ENTER|false
07:04:41.1 (8012761)|HEAP_ALLOCATE|[2]|Bytes:5
07:04:41.1 (8037352)|METHOD_ENTRY|[2]|01p6F00000MRJNE|ContactRecord.SelectRecord()
07:04:41.1 (8061578)|VARIABLE_SCOPE_BEGIN|[2]|this|ContactRecord|true|false
07:04:41.1 (8077230)|VARIABLE_ASSIGNMENT|[2]|this|{}|0x5fd85a65
07:04:41.1 (8089875)|HEAP_ALLOCATE|[3]|Bytes:5
07:04:41.1 (8094607)|STATEMENT_EXECUTE|[2]
07:04:41.1 (8096842)|STATEMENT_EXECUTE|[3]
07:04:41.1 (8100290)|HEAP_ALLOCATE|[3]|Bytes:28
07:04:41.1 (8123558)|HEAP_ALLOCATE|[3]|Bytes:4
07:04:41.1 (8365113)|SOQL_EXECUTE_BEGIN|[3]|Aggregations:0|SELECT Id, Name FROM Contact
07:04:41.1 (13765196)|SOQL_EXECUTE_END|[3]|Rows:28
07:04:41.1 (13815107)|HEAP_ALLOCATE|[3]|Bytes:116
07:04:41.1 (13874484)|HEAP_ALLOCATE|[3]|Bytes:1304
07:04:41.1 (14046069)|HEAP_ALLOCATE|[3]|Bytes:116
07:04:41.1 (14072197)|VARIABLE_SCOPE_BEGIN|[3]|ContactList|List<Contact>|true|false
07:04:41.1 (14104490)|VARIABLE_ASSIGNMENT|[3]|ContactList|"List of size 28 too large to display"|0x70c99017
07:04:41.1 (14114130)|STATEMENT_EXECUTE|[4]
07:04:41.1 (14304111)|USER_DEBUG|[4]|DEBUG|(Contact:{Id=0036F00002nBlPZQA0, Name=Shaikh}, Contact:{Id=0036F00002nBlPaQAK, Name=Shaikh}, Contact:{Id=0036F00002nBlPbQAK, Name=Shaikh}, Contact:{Id=0036F00002nBlPcQAK, Name=Shaikh}, Contact:{Id=0036F00002nBlPdQAK, Name=Shaikh}, Contact:{Id=0036F00002mhjlEQAQ, Name=Ketki}, Contact:{Id=0036F00002mhjmWQAQ, Name=Ketki}, Contact:{Id=0036F00002mjt0aQAA, Name=Shaikh}, Contact:{Id=0036F00002m0FcNQAU, Name=Sean Forbes}, Contact:{Id=0036F00002m0FcOQAU, Name=Jack Rogers}, ...)
07:04:41.1 (14341237)|METHOD_EXIT|[2]|01p6F00000MRJNE|ContactRecord.SelectRecord()
07:04:41.1 (14351153)|SYSTEM_MODE_EXIT|false
07:04:41.14 (14395872)|CUMULATIVE_LIMIT_USAGE
07:04:41.14 (14395872)|LIMIT_USAGE_FOR_NS|(default)|
  Number of SOQL queries: 1 out of 100
  Number of query rows: 28 out of 50000
  Number of SOSL queries: 0 out of 20
  Number of DML statements: 0 out of 150
  Number of DML rows: 0 out of 10000
  Maximum CPU time: 0 out of 10000
  Maximum heap size: 0 out of 6000000
  Number of callouts: 0 out of 100
  Number of Email Invocations: 0 out of 10
  Number of future calls: 0 out of 50
  Number of queueable jobs added to the queue: 0 out of 50
  Number of Mobile Apex push calls: 0 out of 10

07:04:41.14 (14395872)|CUMULATIVE_LIMIT_USAGE_END

07:04:41.1 (14441185)|CODE_UNIT_FINISHED|execute_anonymous_apex
07:04:41.1 (15718719)|EXECUTION_FINISHED
