44.0 APEX_CODE,FINEST;APEX_PROFILING,INFO;CALLOUT,INFO;DB,INFO;NBA,INFO;SYSTEM,DEBUG;VALIDATION,INFO;VISUALFORCE,INFO;WAVE,INFO;WORKFLOW,INFO
Execute Anonymous: Array_Operations obj = new Array_Operations();
Execute Anonymous: obj.Duplicate();
05:13:37.1 (1535394)|USER_INFO|[EXTERNAL]|0056F00000ATCAZ|ayman.shaikh@gmail.com|Pacific Standard Time|GMT-07:00
05:13:37.1 (1568707)|EXECUTION_STARTED
05:13:37.1 (1574240)|CODE_UNIT_STARTED|[EXTERNAL]|execute_anonymous_apex
05:13:37.1 (12355582)|VARIABLE_SCOPE_BEGIN|[1]|obj|Array_Operations|true|false
05:13:37.1 (12482458)|HEAP_ALLOCATE|[72]|Bytes:3
05:13:37.1 (12517371)|HEAP_ALLOCATE|[77]|Bytes:152
05:13:37.1 (12530472)|HEAP_ALLOCATE|[342]|Bytes:408
05:13:37.1 (12544127)|HEAP_ALLOCATE|[355]|Bytes:408
05:13:37.1 (12556757)|HEAP_ALLOCATE|[467]|Bytes:48
05:13:37.1 (12594230)|HEAP_ALLOCATE|[139]|Bytes:6
05:13:37.1 (12636351)|HEAP_ALLOCATE|[EXTERNAL]|Bytes:3
05:13:37.1 (12675492)|STATEMENT_EXECUTE|[1]
05:13:37.1 (12681592)|STATEMENT_EXECUTE|[1]
05:13:37.1 (12690758)|HEAP_ALLOCATE|[1]|Bytes:13
05:13:37.1 (12702870)|HEAP_ALLOCATE|[1]|Bytes:28
05:13:37.1 (12739330)|METHOD_ENTRY|[1]|01p6F00000MPtB2|Array_Operations.Array_Operations()
05:13:37.1 (12748084)|STATEMENT_EXECUTE|[1]
05:13:37.1 (12751911)|STATEMENT_EXECUTE|[1]
05:13:37.1 (12782167)|HEAP_ALLOCATE|[50]|Bytes:5
05:13:37.1 (12804933)|HEAP_ALLOCATE|[56]|Bytes:5
05:13:37.1 (12814393)|HEAP_ALLOCATE|[64]|Bytes:7
05:13:37.1 (12834781)|SYSTEM_MODE_ENTER|false
05:13:37.1 (12847521)|HEAP_ALLOCATE|[1]|Bytes:5
05:13:37.1 (12856264)|SYSTEM_MODE_EXIT|false
05:13:37.1 (12866759)|METHOD_EXIT|[1]|Array_Operations
05:13:37.1 (12913785)|HEAP_ALLOCATE|[1]|Bytes:8
05:13:37.1 (12945136)|SYSTEM_MODE_ENTER|false
05:13:37.1 (12971173)|HEAP_ALLOCATE|[1]|Bytes:5
05:13:37.1 (12984177)|CONSTRUCTOR_ENTRY|[1]|01p6F00000MPtB2|<init>()|Array_Operations
05:13:37.1 (13018663)|VARIABLE_SCOPE_BEGIN|[1]|this|Array_Operations|true|false
05:13:37.1 (13070568)|VARIABLE_ASSIGNMENT|[1]|this|{}|0xef892b0
05:13:37.1 (13084014)|HEAP_ALLOCATE|[3]|Bytes:5
05:13:37.1 (13094635)|HEAP_ALLOCATE|[3]|Bytes:6
05:13:37.1 (13133480)|STATEMENT_EXECUTE|[1]
05:13:37.1 (13138666)|HEAP_ALLOCATE|[3]|Bytes:5
05:13:37.1 (13144416)|STATEMENT_EXECUTE|[3]
05:13:37.1 (13158020)|HEAP_ALLOCATE|[3]|Bytes:4
05:13:37.1 (13239995)|HEAP_ALLOCATE|[3]|Bytes:4
05:13:37.1 (13249876)|HEAP_ALLOCATE|[3]|Bytes:4
05:13:37.1 (13255911)|HEAP_ALLOCATE|[3]|Bytes:4
05:13:37.1 (13260879)|HEAP_ALLOCATE|[3]|Bytes:4
05:13:37.1 (13266029)|HEAP_ALLOCATE|[3]|Bytes:4
05:13:37.1 (13271514)|HEAP_ALLOCATE|[3]|Bytes:4
05:13:37.1 (13276166)|HEAP_ALLOCATE|[3]|Bytes:4
05:13:37.1 (13280719)|HEAP_ALLOCATE|[3]|Bytes:4
05:13:37.1 (13286605)|HEAP_ALLOCATE|[3]|Bytes:4
05:13:37.1 (13295493)|HEAP_ALLOCATE|[3]|Bytes:4
05:13:37.1 (13304065)|HEAP_ALLOCATE|[3]|Bytes:4
05:13:37.1 (13311966)|HEAP_ALLOCATE|[3]|Bytes:4
05:13:37.1 (13316708)|HEAP_ALLOCATE|[3]|Bytes:4
05:13:37.1 (13323501)|HEAP_ALLOCATE|[3]|Bytes:4
05:13:37.1 (13332720)|HEAP_ALLOCATE|[3]|Bytes:4
05:13:37.1 (13341661)|HEAP_ALLOCATE|[3]|Bytes:4
05:13:37.1 (13387408)|HEAP_ALLOCATE|[EXTERNAL]|Bytes:68
05:13:37.1 (13410522)|VARIABLE_ASSIGNMENT|[3]|this.integerList|"List of size 16 too large to display"|0xef892b0
05:13:37.1 (13426134)|CONSTRUCTOR_EXIT|[1]|01p6F00000MPtB2|<init>()|Array_Operations
05:13:37.1 (13436201)|SYSTEM_MODE_EXIT|false
05:13:37.1 (13725899)|VARIABLE_ASSIGNMENT|[1]|obj|{"integerList":"0x62489fca"}|0xef892b0
05:13:37.1 (13762757)|STATEMENT_EXECUTE|[2]
05:13:37.1 (13795916)|SYSTEM_MODE_ENTER|false
05:13:37.1 (13818561)|HEAP_ALLOCATE|[2]|Bytes:5
05:13:37.1 (13844732)|METHOD_ENTRY|[2]|01p6F00000MPtB2|Array_Operations.Duplicate()
05:13:37.1 (13881756)|VARIABLE_SCOPE_BEGIN|[55]|this|Array_Operations|true|false
05:13:37.1 (13909932)|VARIABLE_ASSIGNMENT|[55]|this|{"integerList":"0x62489fca"}|0xef892b0
05:13:37.1 (13926388)|HEAP_ALLOCATE|[57]|Bytes:5
05:13:37.1 (13935995)|STATEMENT_EXECUTE|[56]
05:13:37.1 (13938761)|STATEMENT_EXECUTE|[57]
05:13:37.1 (13945468)|VARIABLE_SCOPE_BEGIN|[57]|Digit|Integer|false|false
05:13:37.1 (13965669)|VARIABLE_ASSIGNMENT|[57]|Digit|null
05:13:37.1 (13972925)|STATEMENT_EXECUTE|[58]
05:13:37.1 (13993666)|HEAP_ALLOCATE|[58]|Bytes:4
05:13:37.1 (14060582)|HEAP_ALLOCATE|[74]|Bytes:4
05:13:37.1 (14100104)|HEAP_ALLOCATE|[58]|Bytes:12
05:13:37.1 (14121685)|HEAP_ALLOCATE|[58]|Bytes:12
05:13:37.1 (14135534)|HEAP_ALLOCATE|[58]|Bytes:12
05:13:37.1 (14148824)|HEAP_ALLOCATE|[58]|Bytes:12
05:13:37.1 (14161141)|HEAP_ALLOCATE|[58]|Bytes:12
05:13:37.1 (14174561)|HEAP_ALLOCATE|[58]|Bytes:12
05:13:37.1 (14183003)|HEAP_ALLOCATE|[58]|Bytes:12
05:13:37.1 (14190604)|HEAP_ALLOCATE|[58]|Bytes:12
05:13:37.1 (14202153)|HEAP_ALLOCATE|[58]|Bytes:12
05:13:37.1 (14213942)|HEAP_ALLOCATE|[58]|Bytes:12
05:13:37.1 (14226598)|VARIABLE_SCOPE_BEGIN|[58]|countList|List<Long>|true|false
05:13:37.1 (14275229)|HEAP_ALLOCATE|[EXTERNAL]|Bytes:44
05:13:37.1 (14298505)|VARIABLE_ASSIGNMENT|[58]|countList|"List of size 10 too large to display"|0x26ee75de
05:13:37.1 (14308429)|STATEMENT_EXECUTE|[59]
05:13:37.1 (14312719)|VARIABLE_SCOPE_BEGIN|[59]|j|Integer|false|false
05:13:37.1 (14323307)|HEAP_ALLOCATE|[59]|Bytes:4
05:13:37.1 (14331730)|VARIABLE_ASSIGNMENT|[59]|j|0
05:13:37.1 (14339048)|STATEMENT_EXECUTE|[59]
05:13:37.1 (14341815)|STATEMENT_EXECUTE|[61]
05:13:37.1 (14352452)|HEAP_ALLOCATE|[61]|Bytes:8
05:13:37.1 (14363189)|VARIABLE_ASSIGNMENT|[61]|Digit|13
05:13:37.1 (14368351)|STATEMENT_EXECUTE|[62]
05:13:37.1 (14428969)|HEAP_ALLOCATE|[62]|Bytes:32
05:13:37.1 (14460007)|METHOD_EXIT|[2]|01p6F00000MPtB2|Array_Operations.Duplicate()
05:13:37.1 (14477559)|SYSTEM_MODE_EXIT|false
05:13:37.1 (14643969)|FATAL_ERROR|System.ListException: List index out of bounds: 13

Class.Array_Operations.Duplicate: line 62, column 1
AnonymousBlock: line 2, column 1
AnonymousBlock: line 2, column 1
05:13:37.14 (14725657)|CUMULATIVE_LIMIT_USAGE
05:13:37.14 (14725657)|LIMIT_USAGE_FOR_NS|(default)|
  Number of SOQL queries: 0 out of 100
  Number of query rows: 0 out of 50000
  Number of SOSL queries: 0 out of 20
  Number of DML statements: 0 out of 150
  Number of DML rows: 0 out of 10000
  Maximum CPU time: 0 out of 10000
  Maximum heap size: 0 out of 6000000
  Number of callouts: 0 out of 100
  Number of Email Invocations: 0 out of 10
  Number of future calls: 0 out of 50
  Number of queueable jobs added to the queue: 0 out of 50
  Number of Mobile Apex push calls: 0 out of 10

05:13:37.14 (14725657)|CUMULATIVE_LIMIT_USAGE_END

05:13:37.1 (14782923)|CODE_UNIT_FINISHED|execute_anonymous_apex
05:13:37.1 (16020398)|EXECUTION_FINISHED
