44.0 APEX_CODE,FINEST;APEX_PROFILING,INFO;CALLOUT,INFO;DB,INFO;NBA,INFO;SYSTEM,DEBUG;VALIDATION,INFO;VISUALFORCE,INFO;WAVE,INFO;WORKFLOW,INFO
Execute Anonymous: Array_Operations obj_Arr_opp = new Array_Operations();
Execute Anonymous: obj_Arr_opp.Perform_Operation(); 
07:32:27.1 (1274521)|USER_INFO|[EXTERNAL]|0056F00000ATCAZ|ayman.shaikh@gmail.com|Pacific Standard Time|GMT-07:00
07:32:27.1 (1293747)|EXECUTION_STARTED
07:32:27.1 (1297496)|CODE_UNIT_STARTED|[EXTERNAL]|execute_anonymous_apex
07:32:27.1 (9188610)|VARIABLE_SCOPE_BEGIN|[1]|obj_Arr_opp|Array_Operations|true|false
07:32:27.1 (9281662)|HEAP_ALLOCATE|[72]|Bytes:3
07:32:27.1 (9305601)|HEAP_ALLOCATE|[77]|Bytes:152
07:32:27.1 (9316037)|HEAP_ALLOCATE|[342]|Bytes:408
07:32:27.1 (9327112)|HEAP_ALLOCATE|[355]|Bytes:408
07:32:27.1 (9337003)|HEAP_ALLOCATE|[467]|Bytes:48
07:32:27.1 (9357899)|HEAP_ALLOCATE|[139]|Bytes:6
07:32:27.1 (9379434)|HEAP_ALLOCATE|[EXTERNAL]|Bytes:3
07:32:27.1 (9405235)|STATEMENT_EXECUTE|[1]
07:32:27.1 (9407899)|STATEMENT_EXECUTE|[1]
07:32:27.1 (9411291)|HEAP_ALLOCATE|[1]|Bytes:1
07:32:27.1 (9435909)|METHOD_ENTRY|[1]|01p6F00000MPtB2|Array_Operations.Array_Operations()
07:32:27.1 (9441857)|STATEMENT_EXECUTE|[1]
07:32:27.1 (9444986)|STATEMENT_EXECUTE|[1]
07:32:27.1 (9467060)|HEAP_ALLOCATE|[50]|Bytes:5
07:32:27.1 (9482258)|HEAP_ALLOCATE|[56]|Bytes:5
07:32:27.1 (9489183)|HEAP_ALLOCATE|[64]|Bytes:7
07:32:27.1 (9502624)|SYSTEM_MODE_ENTER|false
07:32:27.1 (9511641)|HEAP_ALLOCATE|[1]|Bytes:5
07:32:27.1 (9517691)|SYSTEM_MODE_EXIT|false
07:32:27.1 (9525430)|METHOD_EXIT|[1]|Array_Operations
07:32:27.1 (9537905)|HEAP_ALLOCATE|[1]|Bytes:4
07:32:27.1 (9557104)|SYSTEM_MODE_ENTER|false
07:32:27.1 (9579293)|HEAP_ALLOCATE|[1]|Bytes:5
07:32:27.1 (9594589)|CONSTRUCTOR_ENTRY|[1]|01p6F00000MPtB2|<init>()|Array_Operations
07:32:27.1 (9618618)|VARIABLE_SCOPE_BEGIN|[1]|this|Array_Operations|true|false
07:32:27.1 (9651250)|VARIABLE_ASSIGNMENT|[1]|this|{}|0x48016e55
07:32:27.1 (9661237)|HEAP_ALLOCATE|[EXTERNAL]|Bytes:5
07:32:27.1 (9668839)|HEAP_ALLOCATE|[EXTERNAL]|Bytes:6
07:32:27.1 (9702871)|STATEMENT_EXECUTE|[1]
07:32:27.1 (9707489)|HEAP_ALLOCATE|[EXTERNAL]|Bytes:5
07:32:27.1 (9715216)|CONSTRUCTOR_EXIT|[1]|01p6F00000MPtB2|<init>()|Array_Operations
07:32:27.1 (9721734)|SYSTEM_MODE_EXIT|false
07:32:27.1 (9737074)|VARIABLE_ASSIGNMENT|[1]|obj_Arr_opp|{}|0x48016e55
07:32:27.1 (9742878)|STATEMENT_EXECUTE|[2]
07:32:27.1 (9759386)|SYSTEM_MODE_ENTER|false
07:32:27.1 (9773905)|HEAP_ALLOCATE|[2]|Bytes:5
07:32:27.1 (9794743)|METHOD_ENTRY|[2]|01p6F00000MPtB2|Array_Operations.Perform_Operation()
07:32:27.1 (9815333)|VARIABLE_SCOPE_BEGIN|[2]|this|Array_Operations|true|false
07:32:27.1 (9827138)|VARIABLE_ASSIGNMENT|[2]|this|{}|0x48016e55
07:32:27.1 (9836559)|HEAP_ALLOCATE|[3]|Bytes:5
07:32:27.1 (9840785)|STATEMENT_EXECUTE|[2]
07:32:27.1 (9842487)|STATEMENT_EXECUTE|[3]
07:32:27.1 (9876040)|HEAP_ALLOCATE|[3]|Bytes:4
07:32:27.1 (9915349)|VARIABLE_SCOPE_BEGIN|[3]|myList|List<Integer>|true|false
07:32:27.1 (9941329)|HEAP_ALLOCATE|[EXTERNAL]|Bytes:4
07:32:27.1 (9959337)|VARIABLE_ASSIGNMENT|[3]|myList|[]|0x2e5d0ed8
07:32:27.1 (9964823)|STATEMENT_EXECUTE|[6]
07:32:27.1 (9997416)|HEAP_ALLOCATE|[6]|Bytes:4
07:32:27.1 (10004389)|HEAP_ALLOCATE|[EXTERNAL]|Bytes:4
07:32:27.1 (10013943)|STATEMENT_EXECUTE|[7]
07:32:27.1 (10027184)|HEAP_ALLOCATE|[7]|Bytes:4
07:32:27.1 (10031264)|HEAP_ALLOCATE|[EXTERNAL]|Bytes:4
07:32:27.1 (10036444)|STATEMENT_EXECUTE|[8]
07:32:27.1 (10046495)|HEAP_ALLOCATE|[8]|Bytes:4
07:32:27.1 (10050237)|HEAP_ALLOCATE|[EXTERNAL]|Bytes:4
07:32:27.1 (10055314)|STATEMENT_EXECUTE|[9]
07:32:27.1 (10065057)|HEAP_ALLOCATE|[9]|Bytes:4
07:32:27.1 (10068695)|HEAP_ALLOCATE|[EXTERNAL]|Bytes:4
07:32:27.1 (10073614)|STATEMENT_EXECUTE|[10]
07:32:27.1 (10083324)|HEAP_ALLOCATE|[10]|Bytes:4
07:32:27.1 (10086722)|HEAP_ALLOCATE|[EXTERNAL]|Bytes:4
07:32:27.1 (10091568)|STATEMENT_EXECUTE|[11]
07:32:27.1 (10101528)|HEAP_ALLOCATE|[11]|Bytes:4
07:32:27.1 (10105192)|HEAP_ALLOCATE|[EXTERNAL]|Bytes:4
07:32:27.1 (10109986)|STATEMENT_EXECUTE|[12]
07:32:27.1 (10119385)|HEAP_ALLOCATE|[12]|Bytes:4
07:32:27.1 (10122973)|HEAP_ALLOCATE|[EXTERNAL]|Bytes:4
07:32:27.1 (10128049)|STATEMENT_EXECUTE|[13]
07:32:27.1 (10137226)|HEAP_ALLOCATE|[13]|Bytes:4
07:32:27.1 (10140875)|HEAP_ALLOCATE|[EXTERNAL]|Bytes:4
07:32:27.1 (10146346)|STATEMENT_EXECUTE|[14]
07:32:27.1 (10155664)|HEAP_ALLOCATE|[14]|Bytes:4
07:32:27.1 (10159744)|HEAP_ALLOCATE|[EXTERNAL]|Bytes:4
07:32:27.1 (10164516)|STATEMENT_EXECUTE|[16]
07:32:27.1 (10187601)|METHOD_EXIT|[2]|01p6F00000MPtB2|Array_Operations.Perform_Operation()
07:32:27.1 (10193424)|SYSTEM_MODE_EXIT|false
07:32:27.10 (10229633)|CUMULATIVE_LIMIT_USAGE
07:32:27.10 (10229633)|LIMIT_USAGE_FOR_NS|(default)|
  Number of SOQL queries: 0 out of 100
  Number of query rows: 0 out of 50000
  Number of SOSL queries: 0 out of 20
  Number of DML statements: 0 out of 150
  Number of DML rows: 0 out of 10000
  Maximum CPU time: 0 out of 10000
  Maximum heap size: 0 out of 6000000
  Number of callouts: 0 out of 100
  Number of Email Invocations: 0 out of 10
  Number of future calls: 0 out of 50
  Number of queueable jobs added to the queue: 0 out of 50
  Number of Mobile Apex push calls: 0 out of 10

07:32:27.10 (10229633)|CUMULATIVE_LIMIT_USAGE_END

07:32:27.1 (10259044)|CODE_UNIT_FINISHED|execute_anonymous_apex
07:32:27.1 (11154272)|EXECUTION_FINISHED
