44.0 APEX_CODE,FINEST;APEX_PROFILING,INFO;CALLOUT,INFO;DB,INFO;NBA,INFO;SYSTEM,DEBUG;VALIDATION,INFO;VISUALFORCE,INFO;WAVE,INFO;WORKFLOW,INFO
Execute Anonymous: InactiveAccountRecords obj = new InactiveAccountRecords();
Execute Anonymous: obj.DeleteInactiveRecords();
06:55:20.1 (1546077)|USER_INFO|[EXTERNAL]|0056F00000ATCAZ|ayman.shaikh@gmail.com|Pacific Standard Time|GMT-08:00
06:55:20.1 (1570516)|EXECUTION_STARTED
06:55:20.1 (1576194)|CODE_UNIT_STARTED|[EXTERNAL]|execute_anonymous_apex
06:55:20.1 (12096711)|VARIABLE_SCOPE_BEGIN|[1]|obj|InactiveAccountRecords|true|false
06:55:20.1 (12225292)|HEAP_ALLOCATE|[72]|Bytes:3
06:55:20.1 (12273390)|HEAP_ALLOCATE|[77]|Bytes:152
06:55:20.1 (12288933)|HEAP_ALLOCATE|[342]|Bytes:408
06:55:20.1 (12303470)|HEAP_ALLOCATE|[355]|Bytes:408
06:55:20.1 (12321689)|HEAP_ALLOCATE|[467]|Bytes:48
06:55:20.1 (12354408)|HEAP_ALLOCATE|[139]|Bytes:6
06:55:20.1 (12375057)|HEAP_ALLOCATE|[EXTERNAL]|Bytes:3
06:55:20.1 (12404905)|STATEMENT_EXECUTE|[1]
06:55:20.1 (12407930)|STATEMENT_EXECUTE|[1]
06:55:20.1 (12412395)|HEAP_ALLOCATE|[1]|Bytes:1
06:55:20.1 (12418438)|HEAP_ALLOCATE|[1]|Bytes:2
06:55:20.1 (12447689)|METHOD_ENTRY|[1]|01p6F00000NM9oD|InactiveAccountRecords.InactiveAccountRecords()
06:55:20.1 (12455202)|STATEMENT_EXECUTE|[1]
06:55:20.1 (12459192)|STATEMENT_EXECUTE|[1]
06:55:20.1 (12485572)|HEAP_ALLOCATE|[50]|Bytes:5
06:55:20.1 (12513591)|HEAP_ALLOCATE|[56]|Bytes:5
06:55:20.1 (12522484)|HEAP_ALLOCATE|[64]|Bytes:7
06:55:20.1 (12541591)|SYSTEM_MODE_ENTER|false
06:55:20.1 (12553678)|HEAP_ALLOCATE|[1]|Bytes:5
06:55:20.1 (12562228)|SYSTEM_MODE_EXIT|false
06:55:20.1 (12572737)|METHOD_EXIT|[1]|InactiveAccountRecords
06:55:20.1 (12589095)|HEAP_ALLOCATE|[1]|Bytes:4
06:55:20.1 (12613221)|SYSTEM_MODE_ENTER|false
06:55:20.1 (12637196)|HEAP_ALLOCATE|[1]|Bytes:5
06:55:20.1 (12649755)|CONSTRUCTOR_ENTRY|[1]|01p6F00000NM9oD|<init>()|InactiveAccountRecords
06:55:20.1 (12676442)|VARIABLE_SCOPE_BEGIN|[1]|this|InactiveAccountRecords|true|false
06:55:20.1 (12753843)|VARIABLE_ASSIGNMENT|[1]|this|{}|0x4c4b2423
06:55:20.1 (12783777)|HEAP_ALLOCATE|[EXTERNAL]|Bytes:5
06:55:20.1 (12796103)|HEAP_ALLOCATE|[EXTERNAL]|Bytes:6
06:55:20.1 (12838689)|STATEMENT_EXECUTE|[1]
06:55:20.1 (12843558)|HEAP_ALLOCATE|[EXTERNAL]|Bytes:5
06:55:20.1 (12853370)|CONSTRUCTOR_EXIT|[1]|01p6F00000NM9oD|<init>()|InactiveAccountRecords
06:55:20.1 (12861297)|SYSTEM_MODE_EXIT|false
06:55:20.1 (12884126)|VARIABLE_ASSIGNMENT|[1]|obj|{}|0x4c4b2423
06:55:20.1 (12890953)|STATEMENT_EXECUTE|[2]
06:55:20.1 (12914129)|SYSTEM_MODE_ENTER|false
06:55:20.1 (12934350)|HEAP_ALLOCATE|[2]|Bytes:5
06:55:20.1 (12960550)|METHOD_ENTRY|[2]|01p6F00000NM9oD|InactiveAccountRecords.DeleteInactiveRecords()
06:55:20.1 (12982318)|VARIABLE_SCOPE_BEGIN|[2]|this|InactiveAccountRecords|true|false
06:55:20.1 (12998864)|VARIABLE_ASSIGNMENT|[2]|this|{}|0x4c4b2423
06:55:20.1 (13010710)|HEAP_ALLOCATE|[3]|Bytes:5
06:55:20.1 (13016429)|STATEMENT_EXECUTE|[2]
06:55:20.1 (13018352)|STATEMENT_EXECUTE|[3]
06:55:20.1 (13021458)|HEAP_ALLOCATE|[3]|Bytes:84
06:55:20.1 (13040714)|HEAP_ALLOCATE|[3]|Bytes:4
06:55:20.1 (13696958)|SOQL_EXECUTE_BEGIN|[3]|Aggregations:0|SELECT Id, Name FROM Account WHERE (Active__c = 'No' AND CreatedDate < LAST_90_DAYS)
06:55:20.1 (20783571)|SOQL_EXECUTE_END|[3]|Rows:0
06:55:20.1 (20820519)|HEAP_ALLOCATE|[3]|Bytes:4
06:55:20.1 (20835521)|HEAP_ALLOCATE|[3]|Bytes:0
06:55:20.1 (20939438)|HEAP_ALLOCATE|[3]|Bytes:4
06:55:20.1 (20957398)|VARIABLE_SCOPE_BEGIN|[3]|deleteRecs|List<Account>|true|false
06:55:20.1 (20979985)|VARIABLE_ASSIGNMENT|[3]|deleteRecs|[]|0x3a04dcea
06:55:20.1 (20987033)|STATEMENT_EXECUTE|[12]
06:55:20.1 (21068235)|HEAP_ALLOCATE|[EXTERNAL]|Bytes:4
06:55:20.1 (21078369)|STATEMENT_EXECUTE|[13]
06:55:20.1 (21082663)|HEAP_ALLOCATE|[13]|Bytes:32
06:55:20.1 (21149581)|HEAP_ALLOCATE|[13]|Bytes:2
06:55:20.1 (21172633)|HEAP_ALLOCATE|[13]|Bytes:34
06:55:20.1 (21198045)|USER_DEBUG|[13]|DEBUG|Records are deleted successfully()
06:55:20.1 (21217386)|METHOD_EXIT|[2]|01p6F00000NM9oD|InactiveAccountRecords.DeleteInactiveRecords()
06:55:20.1 (21229182)|SYSTEM_MODE_EXIT|false
06:55:20.21 (21284822)|CUMULATIVE_LIMIT_USAGE
06:55:20.21 (21284822)|LIMIT_USAGE_FOR_NS|(default)|
  Number of SOQL queries: 1 out of 100
  Number of query rows: 0 out of 50000
  Number of SOSL queries: 0 out of 20
  Number of DML statements: 0 out of 150
  Number of DML rows: 0 out of 10000
  Maximum CPU time: 0 out of 10000
  Maximum heap size: 0 out of 6000000
  Number of callouts: 0 out of 100
  Number of Email Invocations: 0 out of 10
  Number of future calls: 0 out of 50
  Number of queueable jobs added to the queue: 0 out of 50
  Number of Mobile Apex push calls: 0 out of 10

06:55:20.21 (21284822)|CUMULATIVE_LIMIT_USAGE_END

06:55:20.1 (21335857)|CODE_UNIT_FINISHED|execute_anonymous_apex
06:55:20.1 (22824413)|EXECUTION_FINISHED
