44.0 APEX_CODE,FINEST;APEX_PROFILING,INFO;CALLOUT,INFO;DB,INFO;NBA,INFO;SYSTEM,DEBUG;VALIDATION,INFO;VISUALFORCE,INFO;WAVE,INFO;WORKFLOW,INFO
Execute Anonymous: ParentClass obj1 =  new ParentClass();
Execute Anonymous: obj1.write();
Execute Anonymous: ChildClass obj2 = new ChildClass();
Execute Anonymous: obj2.write();
07:40:32.1 (1134909)|USER_INFO|[EXTERNAL]|0056F00000ATCAZ|ayman.shaikh@gmail.com|Pacific Standard Time|GMT-07:00
07:40:32.1 (1155006)|EXECUTION_STARTED
07:40:32.1 (1159593)|CODE_UNIT_STARTED|[EXTERNAL]|execute_anonymous_apex
07:40:32.1 (25190823)|VARIABLE_SCOPE_BEGIN|[1]|obj1|ParentClass|true|false
07:40:32.1 (34614145)|VARIABLE_SCOPE_BEGIN|[3]|obj2|ChildClass|true|false
07:40:32.1 (34759317)|HEAP_ALLOCATE|[72]|Bytes:3
07:40:32.1 (34802988)|HEAP_ALLOCATE|[77]|Bytes:152
07:40:32.1 (34818363)|HEAP_ALLOCATE|[342]|Bytes:408
07:40:32.1 (34830982)|HEAP_ALLOCATE|[355]|Bytes:408
07:40:32.1 (34843808)|HEAP_ALLOCATE|[467]|Bytes:48
07:40:32.1 (34871434)|HEAP_ALLOCATE|[139]|Bytes:6
07:40:32.1 (34899117)|HEAP_ALLOCATE|[EXTERNAL]|Bytes:7
07:40:32.1 (34936864)|STATEMENT_EXECUTE|[1]
07:40:32.1 (34940109)|STATEMENT_EXECUTE|[1]
07:40:32.1 (34944273)|HEAP_ALLOCATE|[1]|Bytes:3
07:40:32.1 (34949982)|HEAP_ALLOCATE|[1]|Bytes:4
07:40:32.1 (34977579)|METHOD_ENTRY|[1]|01p6F00000MR10y|ParentClass.ParentClass()
07:40:32.1 (34984229)|STATEMENT_EXECUTE|[1]
07:40:32.1 (34988340)|STATEMENT_EXECUTE|[1]
07:40:32.1 (34993003)|METHOD_EXIT|[1]|ParentClass
07:40:32.1 (35010568)|HEAP_ALLOCATE|[1]|Bytes:4
07:40:32.1 (35045372)|HEAP_ALLOCATE|[50]|Bytes:5
07:40:32.1 (35068079)|HEAP_ALLOCATE|[56]|Bytes:5
07:40:32.1 (35076543)|HEAP_ALLOCATE|[64]|Bytes:7
07:40:32.1 (35095007)|SYSTEM_MODE_ENTER|false
07:40:32.1 (35128028)|HEAP_ALLOCATE|[1]|Bytes:5
07:40:32.1 (35139912)|CONSTRUCTOR_ENTRY|[1]|01p6F00000MR10y|<init>()|ParentClass
07:40:32.1 (35166734)|VARIABLE_SCOPE_BEGIN|[1]|this|ParentClass|true|false
07:40:32.1 (35221417)|VARIABLE_ASSIGNMENT|[1]|this|{}|0x75984fdc
07:40:32.1 (35232819)|HEAP_ALLOCATE|[EXTERNAL]|Bytes:6
07:40:32.1 (35267186)|STATEMENT_EXECUTE|[1]
07:40:32.1 (35272801)|CONSTRUCTOR_EXIT|[1]|01p6F00000MR10y|<init>()|ParentClass
07:40:32.1 (35284322)|SYSTEM_MODE_EXIT|false
07:40:32.1 (35302873)|VARIABLE_ASSIGNMENT|[1]|obj1|{}|0x75984fdc
07:40:32.1 (35308684)|STATEMENT_EXECUTE|[2]
07:40:32.1 (35329772)|SYSTEM_MODE_ENTER|false
07:40:32.1 (35346770)|HEAP_ALLOCATE|[2]|Bytes:5
07:40:32.1 (35371517)|METHOD_ENTRY|[2]|01p6F00000MR10y|ParentClass.write()
07:40:32.1 (35393048)|VARIABLE_SCOPE_BEGIN|[3]|this|ParentClass|true|false
07:40:32.1 (35408179)|VARIABLE_ASSIGNMENT|[3]|this|{}|0x75984fdc
07:40:32.1 (35417503)|STATEMENT_EXECUTE|[3]
07:40:32.1 (35419130)|STATEMENT_EXECUTE|[5]
07:40:32.1 (35421988)|HEAP_ALLOCATE|[5]|Bytes:20
07:40:32.1 (35480286)|USER_DEBUG|[5]|DEBUG|This is Parent Class
07:40:32.1 (35493966)|METHOD_EXIT|[2]|01p6F00000MR10y|ParentClass.write()
07:40:32.1 (35499860)|SYSTEM_MODE_EXIT|false
07:40:32.1 (35505205)|STATEMENT_EXECUTE|[3]
07:40:32.1 (35509422)|HEAP_ALLOCATE|[3]|Bytes:1
07:40:32.1 (35522758)|METHOD_ENTRY|[1]|01p6F00000MR2GO|ChildClass.ChildClass()
07:40:32.1 (35527229)|STATEMENT_EXECUTE|[1]
07:40:32.1 (35530050)|STATEMENT_EXECUTE|[1]
07:40:32.1 (35533205)|METHOD_EXIT|[1]|ChildClass
07:40:32.1 (35542682)|HEAP_ALLOCATE|[3]|Bytes:4
07:40:32.1 (35561665)|SYSTEM_MODE_ENTER|false
07:40:32.1 (35572699)|HEAP_ALLOCATE|[3]|Bytes:5
07:40:32.1 (35580641)|CONSTRUCTOR_ENTRY|[3]|01p6F00000MR2GO|<init>()|ChildClass
07:40:32.1 (35595279)|VARIABLE_SCOPE_BEGIN|[1]|this|ChildClass|true|false
07:40:32.1 (35612988)|VARIABLE_ASSIGNMENT|[1]|this|{}|0x2f3f6f0f
07:40:32.1 (35620668)|CONSTRUCTOR_ENTRY|[EXTERNAL]|01p6F00000MR10y|<init>()|ParentClass
07:40:32.1 (35629235)|VARIABLE_SCOPE_BEGIN|[1]|this|ParentClass|true|false
07:40:32.1 (35644624)|VARIABLE_ASSIGNMENT|[1]|this|{}|0x2f3f6f0f
07:40:32.1 (35659843)|STATEMENT_EXECUTE|[1]
07:40:32.1 (35663225)|CONSTRUCTOR_EXIT|[EXTERNAL]|01p6F00000MR10y|<init>()|ParentClass
07:40:32.1 (35668600)|STATEMENT_EXECUTE|[1]
07:40:32.1 (35671056)|CONSTRUCTOR_EXIT|[3]|01p6F00000MR2GO|<init>()|ChildClass
07:40:32.1 (35678238)|SYSTEM_MODE_EXIT|false
07:40:32.1 (35692979)|VARIABLE_ASSIGNMENT|[3]|obj2|{}|0x2f3f6f0f
07:40:32.1 (35698485)|STATEMENT_EXECUTE|[4]
07:40:32.1 (35714011)|SYSTEM_MODE_ENTER|false
07:40:32.1 (35724005)|HEAP_ALLOCATE|[4]|Bytes:5
07:40:32.1 (35738896)|METHOD_ENTRY|[4]|01p6F00000MR2GO|ChildClass.write()
07:40:32.1 (35757263)|VARIABLE_SCOPE_BEGIN|[3]|this|ChildClass|true|false
07:40:32.1 (35771499)|VARIABLE_ASSIGNMENT|[3]|this|{}|0x2f3f6f0f
07:40:32.1 (35778480)|STATEMENT_EXECUTE|[3]
07:40:32.1 (35780137)|STATEMENT_EXECUTE|[4]
07:40:32.1 (35785765)|METHOD_ENTRY|[4]|01p6F00000MR10y|ParentClass.ParentClassAdd()
07:40:32.1 (35808501)|VARIABLE_SCOPE_BEGIN|[8]|this|ParentClass|true|false
07:40:32.1 (35821779)|VARIABLE_ASSIGNMENT|[8]|this|{}|0x2f3f6f0f
07:40:32.1 (35828296)|STATEMENT_EXECUTE|[8]
07:40:32.1 (35829810)|STATEMENT_EXECUTE|[9]
07:40:32.1 (35834352)|VARIABLE_SCOPE_BEGIN|[9]|IntNum1|Integer|false|false
07:40:32.1 (35844952)|VARIABLE_ASSIGNMENT|[9]|IntNum1|null
07:40:32.1 (35848628)|STATEMENT_EXECUTE|[9]
07:40:32.1 (35850857)|VARIABLE_SCOPE_BEGIN|[9]|IntNum2|Integer|false|false
07:40:32.1 (35858179)|VARIABLE_ASSIGNMENT|[9]|IntNum2|null
07:40:32.1 (35861726)|STATEMENT_EXECUTE|[9]
07:40:32.1 (35864911)|VARIABLE_SCOPE_BEGIN|[9]|IntSum|Integer|false|false
07:40:32.1 (35870681)|HEAP_ALLOCATE|[9]|Bytes:4
07:40:32.1 (35877393)|VARIABLE_ASSIGNMENT|[9]|IntSum|0
07:40:32.1 (35881517)|STATEMENT_EXECUTE|[10]
07:40:32.1 (35947655)|HEAP_ALLOCATE|[10]|Bytes:41
07:40:32.1 (35961729)|METHOD_EXIT|[4]|01p6F00000MR10y|ParentClass.ParentClassAdd()
07:40:32.1 (35968630)|METHOD_EXIT|[4]|01p6F00000MR2GO|ChildClass.write()
07:40:32.1 (35976456)|SYSTEM_MODE_EXIT|false
07:40:32.1 (36101621)|FATAL_ERROR|System.NullPointerException: Attempt to de-reference a null object

Class.ParentClass.ParentClassAdd: line 10, column 1
Class.ChildClass.write: line 4, column 1
AnonymousBlock: line 4, column 1
AnonymousBlock: line 4, column 1
07:40:32.36 (36149120)|CUMULATIVE_LIMIT_USAGE
07:40:32.36 (36149120)|LIMIT_USAGE_FOR_NS|(default)|
  Number of SOQL queries: 0 out of 100
  Number of query rows: 0 out of 50000
  Number of SOSL queries: 0 out of 20
  Number of DML statements: 0 out of 150
  Number of DML rows: 0 out of 10000
  Maximum CPU time: 0 out of 10000
  Maximum heap size: 0 out of 6000000
  Number of callouts: 0 out of 100
  Number of Email Invocations: 0 out of 10
  Number of future calls: 0 out of 50
  Number of queueable jobs added to the queue: 0 out of 50
  Number of Mobile Apex push calls: 0 out of 10

07:40:32.36 (36149120)|CUMULATIVE_LIMIT_USAGE_END

07:40:32.1 (36194227)|CODE_UNIT_FINISHED|execute_anonymous_apex
07:40:32.1 (37399652)|EXECUTION_FINISHED
