44.0 APEX_CODE,FINEST;APEX_PROFILING,INFO;CALLOUT,INFO;DB,INFO;NBA,INFO;SYSTEM,DEBUG;VALIDATION,INFO;VISUALFORCE,INFO;WAVE,INFO;WORKFLOW,INFO
Execute Anonymous: ParentClass obj1 =  new ParentClass();
Execute Anonymous: obj1.write();
Execute Anonymous: ChildClass obj2 = new ChildClass();
Execute Anonymous: obj2.write();
07:32:43.1 (1063291)|USER_INFO|[EXTERNAL]|0056F00000ATCAZ|ayman.shaikh@gmail.com|Pacific Standard Time|GMT-07:00
07:32:43.1 (1086125)|EXECUTION_STARTED
07:32:43.1 (1090014)|CODE_UNIT_STARTED|[EXTERNAL]|execute_anonymous_apex
07:32:43.1 (2060111)|VARIABLE_SCOPE_BEGIN|[1]|obj1|ParentClass|true|false
07:32:43.1 (2655395)|VARIABLE_SCOPE_BEGIN|[3]|obj2|ChildClass|true|false
07:32:43.1 (2771332)|HEAP_ALLOCATE|[72]|Bytes:3
07:32:43.1 (2809091)|HEAP_ALLOCATE|[77]|Bytes:152
07:32:43.1 (2823332)|HEAP_ALLOCATE|[342]|Bytes:408
07:32:43.1 (2835544)|HEAP_ALLOCATE|[355]|Bytes:408
07:32:43.1 (2845732)|HEAP_ALLOCATE|[467]|Bytes:48
07:32:43.1 (2870626)|HEAP_ALLOCATE|[139]|Bytes:6
07:32:43.1 (2893063)|HEAP_ALLOCATE|[EXTERNAL]|Bytes:7
07:32:43.1 (2922421)|STATEMENT_EXECUTE|[1]
07:32:43.1 (2925028)|STATEMENT_EXECUTE|[1]
07:32:43.1 (2928457)|HEAP_ALLOCATE|[1]|Bytes:3
07:32:43.1 (2933233)|HEAP_ALLOCATE|[1]|Bytes:4
07:32:43.1 (2959902)|METHOD_ENTRY|[1]|01p6F00000MR10y|ParentClass.ParentClass()
07:32:43.1 (2966156)|STATEMENT_EXECUTE|[1]
07:32:43.1 (2969572)|STATEMENT_EXECUTE|[1]
07:32:43.1 (2973686)|METHOD_EXIT|[1]|ParentClass
07:32:43.1 (2988930)|HEAP_ALLOCATE|[1]|Bytes:4
07:32:43.1 (3022540)|HEAP_ALLOCATE|[50]|Bytes:5
07:32:43.1 (3043678)|HEAP_ALLOCATE|[56]|Bytes:5
07:32:43.1 (3051568)|HEAP_ALLOCATE|[64]|Bytes:7
07:32:43.1 (3066360)|SYSTEM_MODE_ENTER|false
07:32:43.1 (3096749)|HEAP_ALLOCATE|[1]|Bytes:5
07:32:43.1 (3108488)|CONSTRUCTOR_ENTRY|[1]|01p6F00000MR10y|<init>()|ParentClass
07:32:43.1 (3133114)|VARIABLE_SCOPE_BEGIN|[1]|this|ParentClass|true|false
07:32:43.1 (3169232)|VARIABLE_ASSIGNMENT|[1]|this|{}|0x3b190f45
07:32:43.1 (3179307)|HEAP_ALLOCATE|[EXTERNAL]|Bytes:6
07:32:43.1 (3212229)|STATEMENT_EXECUTE|[1]
07:32:43.1 (3216875)|CONSTRUCTOR_EXIT|[1]|01p6F00000MR10y|<init>()|ParentClass
07:32:43.1 (3227062)|SYSTEM_MODE_EXIT|false
07:32:43.1 (3243188)|VARIABLE_ASSIGNMENT|[1]|obj1|{}|0x3b190f45
07:32:43.1 (3248474)|STATEMENT_EXECUTE|[2]
07:32:43.1 (3267042)|SYSTEM_MODE_ENTER|false
07:32:43.1 (3283594)|HEAP_ALLOCATE|[2]|Bytes:5
07:32:43.1 (3306174)|METHOD_ENTRY|[2]|01p6F00000MR10y|ParentClass.write()
07:32:43.1 (3326070)|VARIABLE_SCOPE_BEGIN|[3]|this|ParentClass|true|false
07:32:43.1 (3339339)|VARIABLE_ASSIGNMENT|[3]|this|{}|0x3b190f45
07:32:43.1 (3347760)|STATEMENT_EXECUTE|[3]
07:32:43.1 (3349298)|STATEMENT_EXECUTE|[5]
07:32:43.1 (3352516)|HEAP_ALLOCATE|[5]|Bytes:20
07:32:43.1 (3406063)|USER_DEBUG|[5]|DEBUG|This is Parent Class
07:32:43.1 (3418111)|METHOD_EXIT|[2]|01p6F00000MR10y|ParentClass.write()
07:32:43.1 (3425077)|SYSTEM_MODE_EXIT|false
07:32:43.1 (3430860)|STATEMENT_EXECUTE|[3]
07:32:43.1 (3434979)|HEAP_ALLOCATE|[3]|Bytes:1
07:32:43.1 (3440093)|HEAP_ALLOCATE|[3]|Bytes:1
07:32:43.1 (3449992)|METHOD_ENTRY|[1]|01p6F00000MR2GO|ChildClass.ChildClass()
07:32:43.1 (3454862)|STATEMENT_EXECUTE|[1]
07:32:43.1 (3457716)|STATEMENT_EXECUTE|[1]
07:32:43.1 (3460578)|METHOD_EXIT|[1]|ChildClass
07:32:43.1 (3469646)|HEAP_ALLOCATE|[3]|Bytes:4
07:32:43.1 (3486632)|SYSTEM_MODE_ENTER|false
07:32:43.1 (3498376)|HEAP_ALLOCATE|[3]|Bytes:5
07:32:43.1 (3505921)|CONSTRUCTOR_ENTRY|[3]|01p6F00000MR2GO|<init>()|ChildClass
07:32:43.1 (3519345)|VARIABLE_SCOPE_BEGIN|[1]|this|ChildClass|true|false
07:32:43.1 (3535335)|VARIABLE_ASSIGNMENT|[1]|this|{}|0x5c28176f
07:32:43.1 (3543219)|CONSTRUCTOR_ENTRY|[EXTERNAL]|01p6F00000MR10y|<init>()|ParentClass
07:32:43.1 (3552158)|VARIABLE_SCOPE_BEGIN|[1]|this|ParentClass|true|false
07:32:43.1 (3562312)|VARIABLE_ASSIGNMENT|[1]|this|{}|0x5c28176f
07:32:43.1 (3575372)|STATEMENT_EXECUTE|[1]
07:32:43.1 (3578512)|CONSTRUCTOR_EXIT|[EXTERNAL]|01p6F00000MR10y|<init>()|ParentClass
07:32:43.1 (3583775)|STATEMENT_EXECUTE|[1]
07:32:43.1 (3586035)|CONSTRUCTOR_EXIT|[3]|01p6F00000MR2GO|<init>()|ChildClass
07:32:43.1 (3592864)|SYSTEM_MODE_EXIT|false
07:32:43.1 (3605691)|VARIABLE_ASSIGNMENT|[3]|obj2|{}|0x5c28176f
07:32:43.1 (3610901)|STATEMENT_EXECUTE|[4]
07:32:43.1 (3625051)|SYSTEM_MODE_ENTER|false
07:32:43.1 (3635494)|HEAP_ALLOCATE|[4]|Bytes:5
07:32:43.1 (3649195)|METHOD_ENTRY|[4]|01p6F00000MR2GO|ChildClass.write()
07:32:43.1 (3665768)|VARIABLE_SCOPE_BEGIN|[2]|this|ChildClass|true|false
07:32:43.1 (3677757)|VARIABLE_ASSIGNMENT|[2]|this|{}|0x5c28176f
07:32:43.1 (3684305)|STATEMENT_EXECUTE|[2]
07:32:43.1 (3685835)|STATEMENT_EXECUTE|[3]
07:32:43.1 (3691541)|METHOD_ENTRY|[3]|01p6F00000MR10y|ParentClass.ParentClassAdd()
07:32:43.1 (3711057)|VARIABLE_SCOPE_BEGIN|[8]|this|ParentClass|true|false
07:32:43.1 (3722144)|VARIABLE_ASSIGNMENT|[8]|this|{}|0x5c28176f
07:32:43.1 (3728162)|STATEMENT_EXECUTE|[8]
07:32:43.1 (3729684)|STATEMENT_EXECUTE|[9]
07:32:43.1 (3733354)|VARIABLE_SCOPE_BEGIN|[9]|IntNum1|Integer|false|false
07:32:43.1 (3743286)|VARIABLE_ASSIGNMENT|[9]|IntNum1|null
07:32:43.1 (3747181)|STATEMENT_EXECUTE|[9]
07:32:43.1 (3749202)|VARIABLE_SCOPE_BEGIN|[9]|IntNum2|Integer|false|false
07:32:43.1 (3755920)|VARIABLE_ASSIGNMENT|[9]|IntNum2|null
07:32:43.1 (3758961)|STATEMENT_EXECUTE|[9]
07:32:43.1 (3761995)|VARIABLE_SCOPE_BEGIN|[9]|IntSum|Integer|false|false
07:32:43.1 (3768550)|HEAP_ALLOCATE|[9]|Bytes:4
07:32:43.1 (3774273)|VARIABLE_ASSIGNMENT|[9]|IntSum|0
07:32:43.1 (3778246)|STATEMENT_EXECUTE|[10]
07:32:43.1 (3820410)|HEAP_ALLOCATE|[10]|Bytes:41
07:32:43.1 (3833595)|METHOD_EXIT|[3]|01p6F00000MR10y|ParentClass.ParentClassAdd()
07:32:43.1 (3839899)|METHOD_EXIT|[4]|01p6F00000MR2GO|ChildClass.write()
07:32:43.1 (3847036)|SYSTEM_MODE_EXIT|false
07:32:43.1 (3938661)|FATAL_ERROR|System.NullPointerException: Attempt to de-reference a null object

Class.ParentClass.ParentClassAdd: line 10, column 1
Class.ChildClass.write: line 3, column 1
AnonymousBlock: line 4, column 1
AnonymousBlock: line 4, column 1
07:32:43.3 (3980457)|CUMULATIVE_LIMIT_USAGE
07:32:43.3 (3980457)|LIMIT_USAGE_FOR_NS|(default)|
  Number of SOQL queries: 0 out of 100
  Number of query rows: 0 out of 50000
  Number of SOSL queries: 0 out of 20
  Number of DML statements: 0 out of 150
  Number of DML rows: 0 out of 10000
  Maximum CPU time: 0 out of 10000
  Maximum heap size: 0 out of 6000000
  Number of callouts: 0 out of 100
  Number of Email Invocations: 0 out of 10
  Number of future calls: 0 out of 50
  Number of queueable jobs added to the queue: 0 out of 50
  Number of Mobile Apex push calls: 0 out of 10

07:32:43.3 (3980457)|CUMULATIVE_LIMIT_USAGE_END

07:32:43.1 (4016331)|CODE_UNIT_FINISHED|execute_anonymous_apex
07:32:43.1 (4800453)|EXECUTION_FINISHED
