44.0 APEX_CODE,FINEST;APEX_PROFILING,INFO;CALLOUT,INFO;DB,INFO;NBA,INFO;SYSTEM,DEBUG;VALIDATION,INFO;VISUALFORCE,INFO;WAVE,INFO;WORKFLOW,INFO
Execute Anonymous: ConstructorDemo objConstructorDemo = new ConstructorDemo();
06:41:25.3 (3322029)|USER_INFO|[EXTERNAL]|0056F00000ATCAZ|ayman.shaikh@gmail.com|Pacific Standard Time|GMT-07:00
06:41:25.3 (3345720)|EXECUTION_STARTED
06:41:25.3 (3350415)|CODE_UNIT_STARTED|[EXTERNAL]|execute_anonymous_apex
06:41:25.3 (13575045)|VARIABLE_SCOPE_BEGIN|[1]|objConstructorDemo|ConstructorDemo|true|false
06:41:25.3 (13766787)|HEAP_ALLOCATE|[72]|Bytes:3
06:41:25.3 (13819588)|HEAP_ALLOCATE|[77]|Bytes:152
06:41:25.3 (13839084)|HEAP_ALLOCATE|[342]|Bytes:408
06:41:25.3 (13858242)|HEAP_ALLOCATE|[355]|Bytes:408
06:41:25.3 (13877363)|HEAP_ALLOCATE|[467]|Bytes:48
06:41:25.3 (13914218)|HEAP_ALLOCATE|[139]|Bytes:6
06:41:25.3 (13947706)|HEAP_ALLOCATE|[EXTERNAL]|Bytes:1
06:41:25.3 (13991008)|STATEMENT_EXECUTE|[1]
06:41:25.3 (13995486)|STATEMENT_EXECUTE|[1]
06:41:25.3 (14001900)|HEAP_ALLOCATE|[1]|Bytes:3
06:41:25.3 (14012874)|HEAP_ALLOCATE|[1]|Bytes:4
06:41:25.3 (14068807)|METHOD_ENTRY|[1]|01p6F00000MQQ19|ConstructorDemo.ConstructorDemo()
06:41:25.3 (14081142)|STATEMENT_EXECUTE|[1]
06:41:25.3 (14086597)|STATEMENT_EXECUTE|[1]
06:41:25.3 (14123911)|HEAP_ALLOCATE|[50]|Bytes:5
06:41:25.3 (14153253)|HEAP_ALLOCATE|[56]|Bytes:5
06:41:25.3 (14164917)|HEAP_ALLOCATE|[64]|Bytes:7
06:41:25.3 (14189859)|SYSTEM_MODE_ENTER|false
06:41:25.3 (14207117)|HEAP_ALLOCATE|[1]|Bytes:5
06:41:25.3 (14219906)|SYSTEM_MODE_EXIT|false
06:41:25.3 (14237250)|METHOD_EXIT|[1]|ConstructorDemo
06:41:25.3 (14254911)|HEAP_ALLOCATE|[1]|Bytes:4
06:41:25.3 (14287125)|SYSTEM_MODE_ENTER|false
06:41:25.3 (14328858)|HEAP_ALLOCATE|[1]|Bytes:5
06:41:25.3 (14349926)|CONSTRUCTOR_ENTRY|[1]|01p6F00000MQQ19|<init>()|ConstructorDemo
06:41:25.3 (14391706)|VARIABLE_SCOPE_BEGIN|[2]|this|ConstructorDemo|true|false
06:41:25.3 (14460219)|VARIABLE_ASSIGNMENT|[2]|this|{}|0x2f505c34
06:41:25.3 (14479285)|HEAP_ALLOCATE|[4]|Bytes:5
06:41:25.3 (14486359)|STATEMENT_EXECUTE|[1]
06:41:25.3 (14491563)|HEAP_ALLOCATE|[4]|Bytes:5
06:41:25.3 (14506123)|HEAP_ALLOCATE|[4]|Bytes:6
06:41:25.3 (14565263)|STATEMENT_EXECUTE|[2]
06:41:25.3 (14568864)|STATEMENT_EXECUTE|[4]
06:41:25.3 (14574135)|HEAP_ALLOCATE|[4]|Bytes:36
06:41:25.3 (14650013)|USER_DEBUG|[4]|DEBUG|This is constructor without argument
06:41:25.3 (14679641)|CONSTRUCTOR_EXIT|[1]|01p6F00000MQQ19|<init>()|ConstructorDemo
06:41:25.3 (14694298)|SYSTEM_MODE_EXIT|false
06:41:25.3 (14740574)|VARIABLE_ASSIGNMENT|[1]|objConstructorDemo|{}|0x2f505c34
06:41:25.14 (14802081)|CUMULATIVE_LIMIT_USAGE
06:41:25.14 (14802081)|LIMIT_USAGE_FOR_NS|(default)|
  Number of SOQL queries: 0 out of 100
  Number of query rows: 0 out of 50000
  Number of SOSL queries: 0 out of 20
  Number of DML statements: 0 out of 150
  Number of DML rows: 0 out of 10000
  Maximum CPU time: 0 out of 10000
  Maximum heap size: 0 out of 6000000
  Number of callouts: 0 out of 100
  Number of Email Invocations: 0 out of 10
  Number of future calls: 0 out of 50
  Number of queueable jobs added to the queue: 0 out of 50
  Number of Mobile Apex push calls: 0 out of 10

06:41:25.14 (14802081)|CUMULATIVE_LIMIT_USAGE_END

06:41:25.3 (14887395)|CODE_UNIT_FINISHED|execute_anonymous_apex
06:41:25.3 (15844049)|EXECUTION_FINISHED
