44.0 APEX_CODE,FINEST;APEX_PROFILING,INFO;CALLOUT,INFO;DB,INFO;NBA,INFO;SYSTEM,DEBUG;VALIDATION,INFO;VISUALFORCE,INFO;WAVE,INFO;WORKFLOW,INFO
Execute Anonymous: ParentClass obj1, obj2;
Execute Anonymous: obj1 = new ParentClass();
Execute Anonymous: obj1.write();
Execute Anonymous: obj2 = new ChildClass();
Execute Anonymous: obj2.write();
Execute Anonymous: obj2.ParentClassAdd();
05:29:00.1 (1622547)|USER_INFO|[EXTERNAL]|0056F00000ATCAZ|ayman.shaikh@gmail.com|Pacific Standard Time|GMT-07:00
05:29:00.1 (1643213)|EXECUTION_STARTED
05:29:00.1 (1648175)|CODE_UNIT_STARTED|[EXTERNAL]|execute_anonymous_apex
05:29:00.1 (8627251)|VARIABLE_SCOPE_BEGIN|[1]|obj1|ParentClass|true|false
05:29:00.1 (8664866)|VARIABLE_SCOPE_BEGIN|[1]|obj2|ParentClass|true|false
05:29:00.1 (8820569)|HEAP_ALLOCATE|[72]|Bytes:3
05:29:00.1 (8853597)|HEAP_ALLOCATE|[77]|Bytes:152
05:29:00.1 (8866471)|HEAP_ALLOCATE|[342]|Bytes:408
05:29:00.1 (8878945)|HEAP_ALLOCATE|[355]|Bytes:408
05:29:00.1 (8889959)|HEAP_ALLOCATE|[467]|Bytes:48
05:29:00.1 (8916858)|HEAP_ALLOCATE|[139]|Bytes:6
05:29:00.1 (8949454)|HEAP_ALLOCATE|[EXTERNAL]|Bytes:11
05:29:00.1 (9002051)|STATEMENT_EXECUTE|[1]
05:29:00.1 (9006916)|STATEMENT_EXECUTE|[1]
05:29:00.1 (9034574)|VARIABLE_ASSIGNMENT|[1]|obj1|null|
05:29:00.1 (9043234)|STATEMENT_EXECUTE|[1]
05:29:00.1 (9052653)|VARIABLE_ASSIGNMENT|[1]|obj2|null|
05:29:00.1 (9059958)|STATEMENT_EXECUTE|[2]
05:29:00.1 (9065010)|HEAP_ALLOCATE|[2]|Bytes:4
05:29:00.1 (9072198)|HEAP_ALLOCATE|[2]|Bytes:4
05:29:00.1 (9110252)|METHOD_ENTRY|[1]|01p6F00000MR10y|ParentClass.ParentClass()
05:29:00.1 (9119616)|STATEMENT_EXECUTE|[1]
05:29:00.1 (9124625)|STATEMENT_EXECUTE|[1]
05:29:00.1 (9130643)|METHOD_EXIT|[1]|ParentClass
05:29:00.1 (9156797)|HEAP_ALLOCATE|[2]|Bytes:4
05:29:00.1 (9192626)|HEAP_ALLOCATE|[50]|Bytes:5
05:29:00.1 (9213585)|HEAP_ALLOCATE|[56]|Bytes:5
05:29:00.1 (9221513)|HEAP_ALLOCATE|[64]|Bytes:7
05:29:00.1 (9239668)|SYSTEM_MODE_ENTER|false
05:29:00.1 (9277797)|HEAP_ALLOCATE|[2]|Bytes:5
05:29:00.1 (9298095)|CONSTRUCTOR_ENTRY|[2]|01p6F00000MR10y|<init>()|ParentClass
05:29:00.1 (9336247)|VARIABLE_SCOPE_BEGIN|[1]|this|ParentClass|true|false
05:29:00.1 (9379991)|VARIABLE_ASSIGNMENT|[1]|this|{}|0x7de562b6
05:29:00.1 (9395082)|HEAP_ALLOCATE|[EXTERNAL]|Bytes:6
05:29:00.1 (9438516)|STATEMENT_EXECUTE|[1]
05:29:00.1 (9445876)|CONSTRUCTOR_EXIT|[2]|01p6F00000MR10y|<init>()|ParentClass
05:29:00.1 (9460861)|SYSTEM_MODE_EXIT|false
05:29:00.1 (9482404)|VARIABLE_ASSIGNMENT|[2]|obj1|{}|0x7de562b6
05:29:00.1 (9491641)|STATEMENT_EXECUTE|[3]
05:29:00.1 (9519253)|SYSTEM_MODE_ENTER|false
05:29:00.1 (9543476)|HEAP_ALLOCATE|[3]|Bytes:5
05:29:00.1 (9582187)|METHOD_ENTRY|[3]|01p6F00000MR10y|ParentClass.write()
05:29:00.1 (9620207)|VARIABLE_SCOPE_BEGIN|[3]|this|ParentClass|true|false
05:29:00.1 (9636728)|VARIABLE_ASSIGNMENT|[3]|this|{}|0x7de562b6
05:29:00.1 (9652818)|STATEMENT_EXECUTE|[3]
05:29:00.1 (9654559)|STATEMENT_EXECUTE|[5]
05:29:00.1 (9657984)|HEAP_ALLOCATE|[5]|Bytes:20
05:29:00.1 (9715033)|USER_DEBUG|[5]|DEBUG|This is Parent Class
05:29:00.1 (9734367)|METHOD_EXIT|[3]|01p6F00000MR10y|ParentClass.write()
05:29:00.1 (9744176)|SYSTEM_MODE_EXIT|false
05:29:00.1 (9753448)|STATEMENT_EXECUTE|[4]
05:29:00.1 (13793189)|HEAP_ALLOCATE|[4]|Bytes:1
05:29:00.1 (13809309)|HEAP_ALLOCATE|[4]|Bytes:1
05:29:00.1 (13834552)|METHOD_ENTRY|[1]|01p6F00000MR2GO|ChildClass.ChildClass()
05:29:00.1 (13841669)|STATEMENT_EXECUTE|[1]
05:29:00.1 (13846865)|STATEMENT_EXECUTE|[1]
05:29:00.1 (13852393)|METHOD_EXIT|[1]|ChildClass
05:29:00.1 (13870292)|HEAP_ALLOCATE|[4]|Bytes:4
05:29:00.1 (13902314)|SYSTEM_MODE_ENTER|false
05:29:00.1 (13924959)|HEAP_ALLOCATE|[4]|Bytes:5
05:29:00.1 (13939223)|CONSTRUCTOR_ENTRY|[4]|01p6F00000MR2GO|<init>()|ChildClass
05:29:00.1 (13966149)|VARIABLE_SCOPE_BEGIN|[1]|this|ChildClass|true|false
05:29:00.1 (14003074)|VARIABLE_ASSIGNMENT|[1]|this|{}|0x73f79400
05:29:00.1 (14013519)|CONSTRUCTOR_ENTRY|[EXTERNAL]|01p6F00000MR10y|<init>()|ParentClass
05:29:00.1 (14024817)|VARIABLE_SCOPE_BEGIN|[1]|this|ParentClass|true|false
05:29:00.1 (14037377)|VARIABLE_ASSIGNMENT|[1]|this|{}|0x73f79400
05:29:00.1 (14061594)|STATEMENT_EXECUTE|[1]
05:29:00.1 (14065653)|CONSTRUCTOR_EXIT|[EXTERNAL]|01p6F00000MR10y|<init>()|ParentClass
05:29:00.1 (14072245)|STATEMENT_EXECUTE|[1]
05:29:00.1 (14075226)|CONSTRUCTOR_EXIT|[4]|01p6F00000MR2GO|<init>()|ChildClass
05:29:00.1 (14084318)|SYSTEM_MODE_EXIT|false
05:29:00.1 (14115019)|VARIABLE_ASSIGNMENT|[4]|obj2|{}|0x73f79400
05:29:00.1 (14125508)|STATEMENT_EXECUTE|[5]
05:29:00.1 (14149572)|SYSTEM_MODE_ENTER|false
05:29:00.1 (14161393)|HEAP_ALLOCATE|[5]|Bytes:5
05:29:00.1 (14190943)|METHOD_ENTRY|[5]|01p6F00000MR2GO|ChildClass.write()
05:29:00.1 (14221607)|VARIABLE_SCOPE_BEGIN|[2]|this|ChildClass|true|false
05:29:00.1 (14237616)|VARIABLE_ASSIGNMENT|[2]|this|{}|0x73f79400
05:29:00.1 (14247216)|STATEMENT_EXECUTE|[2]
05:29:00.1 (14248839)|STATEMENT_EXECUTE|[4]
05:29:00.1 (14252517)|HEAP_ALLOCATE|[4]|Bytes:19
05:29:00.1 (14297964)|USER_DEBUG|[4]|DEBUG|This is ChildClass.
05:29:00.1 (14310779)|METHOD_EXIT|[5]|01p6F00000MR2GO|ChildClass.write()
05:29:00.1 (14316760)|SYSTEM_MODE_EXIT|false
05:29:00.1 (14322725)|STATEMENT_EXECUTE|[6]
05:29:00.1 (14338176)|SYSTEM_MODE_ENTER|false
05:29:00.1 (14350245)|HEAP_ALLOCATE|[6]|Bytes:5
05:29:00.1 (14360126)|METHOD_ENTRY|[6]|01p6F00000MR10y|ParentClass.ParentClassAdd()
05:29:00.1 (14376193)|VARIABLE_SCOPE_BEGIN|[11]|this|ParentClass|true|false
05:29:00.1 (14390502)|VARIABLE_ASSIGNMENT|[11]|this|{}|0x73f79400
05:29:00.1 (14398263)|STATEMENT_EXECUTE|[11]
05:29:00.1 (14400503)|STATEMENT_EXECUTE|[12]
05:29:00.1 (14406408)|VARIABLE_SCOPE_BEGIN|[12]|IntNum1|Integer|false|false
05:29:00.1 (14417989)|VARIABLE_ASSIGNMENT|[12]|IntNum1|null
05:29:00.1 (14422449)|STATEMENT_EXECUTE|[12]
05:29:00.1 (14424439)|VARIABLE_SCOPE_BEGIN|[12]|IntNum2|Integer|false|false
05:29:00.1 (14431332)|VARIABLE_ASSIGNMENT|[12]|IntNum2|null
05:29:00.1 (14434889)|STATEMENT_EXECUTE|[12]
05:29:00.1 (14436688)|VARIABLE_SCOPE_BEGIN|[12]|IntSum|Integer|false|false
05:29:00.1 (14443733)|VARIABLE_ASSIGNMENT|[12]|IntSum|null
05:29:00.1 (14447250)|STATEMENT_EXECUTE|[13]
05:29:00.1 (14545838)|HEAP_ALLOCATE|[13]|Bytes:41
05:29:00.1 (14571387)|METHOD_EXIT|[6]|01p6F00000MR10y|ParentClass.ParentClassAdd()
05:29:00.1 (14581452)|SYSTEM_MODE_EXIT|false
05:29:00.1 (14735771)|FATAL_ERROR|System.NullPointerException: Attempt to de-reference a null object

Class.ParentClass.ParentClassAdd: line 13, column 1
AnonymousBlock: line 6, column 1
AnonymousBlock: line 6, column 1
05:29:00.14 (14781394)|CUMULATIVE_LIMIT_USAGE
05:29:00.14 (14781394)|LIMIT_USAGE_FOR_NS|(default)|
  Number of SOQL queries: 0 out of 100
  Number of query rows: 0 out of 50000
  Number of SOSL queries: 0 out of 20
  Number of DML statements: 0 out of 150
  Number of DML rows: 0 out of 10000
  Maximum CPU time: 0 out of 10000
  Maximum heap size: 0 out of 6000000
  Number of callouts: 0 out of 100
  Number of Email Invocations: 0 out of 10
  Number of future calls: 0 out of 50
  Number of queueable jobs added to the queue: 0 out of 50
  Number of Mobile Apex push calls: 0 out of 10

05:29:00.14 (14781394)|CUMULATIVE_LIMIT_USAGE_END

05:29:00.1 (14820079)|CODE_UNIT_FINISHED|execute_anonymous_apex
05:29:00.1 (15637903)|EXECUTION_FINISHED
