44.0 APEX_CODE,FINEST;APEX_PROFILING,INFO;CALLOUT,INFO;DB,INFO;NBA,INFO;SYSTEM,DEBUG;VALIDATION,INFO;VISUALFORCE,INFO;WAVE,INFO;WORKFLOW,INFO
Execute Anonymous: DatabaseQueryAndSearch objDatabaseQueryAndSearch = new DatabaseQueryAndSearch();
Execute Anonymous: objDatabaseQueryAndSearch.DatabaseQuery();
05:55:15.1 (1128529)|USER_INFO|[EXTERNAL]|0056F00000ATCAZ|ayman.shaikh@gmail.com|Pacific Standard Time|GMT-07:00
05:55:15.1 (1148963)|EXECUTION_STARTED
05:55:15.1 (1153662)|CODE_UNIT_STARTED|[EXTERNAL]|execute_anonymous_apex
05:55:15.1 (9593180)|VARIABLE_SCOPE_BEGIN|[1]|objDatabaseQueryAndSearch|DatabaseQueryAndSearch|true|false
05:55:15.1 (9901500)|HEAP_ALLOCATE|[72]|Bytes:3
05:55:15.1 (9953423)|HEAP_ALLOCATE|[77]|Bytes:152
05:55:15.1 (9968753)|HEAP_ALLOCATE|[342]|Bytes:408
05:55:15.1 (9982556)|HEAP_ALLOCATE|[355]|Bytes:408
05:55:15.1 (9994368)|HEAP_ALLOCATE|[467]|Bytes:48
05:55:15.1 (10023418)|HEAP_ALLOCATE|[139]|Bytes:6
05:55:15.1 (10043162)|HEAP_ALLOCATE|[EXTERNAL]|Bytes:3
05:55:15.1 (10089913)|STATEMENT_EXECUTE|[1]
05:55:15.1 (10093223)|STATEMENT_EXECUTE|[1]
05:55:15.1 (10097688)|HEAP_ALLOCATE|[1]|Bytes:3
05:55:15.1 (10138951)|METHOD_ENTRY|[1]|01p6F00000MRIMH|DatabaseQueryAndSearch.DatabaseQueryAndSearch()
05:55:15.1 (10146154)|STATEMENT_EXECUTE|[1]
05:55:15.1 (10150323)|STATEMENT_EXECUTE|[1]
05:55:15.1 (10180643)|HEAP_ALLOCATE|[50]|Bytes:5
05:55:15.1 (10206668)|HEAP_ALLOCATE|[56]|Bytes:5
05:55:15.1 (10215581)|HEAP_ALLOCATE|[64]|Bytes:7
05:55:15.1 (10237388)|SYSTEM_MODE_ENTER|false
05:55:15.1 (10252970)|HEAP_ALLOCATE|[1]|Bytes:5
05:55:15.1 (10260783)|SYSTEM_MODE_EXIT|false
05:55:15.1 (10289137)|METHOD_EXIT|[1]|DatabaseQueryAndSearch
05:55:15.1 (10304893)|HEAP_ALLOCATE|[1]|Bytes:4
05:55:15.1 (10330934)|SYSTEM_MODE_ENTER|false
05:55:15.1 (10353788)|HEAP_ALLOCATE|[1]|Bytes:5
05:55:15.1 (10382840)|CONSTRUCTOR_ENTRY|[1]|01p6F00000MRIMH|<init>()|DatabaseQueryAndSearch
05:55:15.1 (10414522)|VARIABLE_SCOPE_BEGIN|[1]|this|DatabaseQueryAndSearch|true|false
05:55:15.1 (10465178)|VARIABLE_ASSIGNMENT|[1]|this|{}|0x7292112e
05:55:15.1 (10477951)|HEAP_ALLOCATE|[EXTERNAL]|Bytes:5
05:55:15.1 (10487386)|HEAP_ALLOCATE|[EXTERNAL]|Bytes:6
05:55:15.1 (10524559)|STATEMENT_EXECUTE|[1]
05:55:15.1 (10529838)|HEAP_ALLOCATE|[EXTERNAL]|Bytes:5
05:55:15.1 (10555140)|CONSTRUCTOR_EXIT|[1]|01p6F00000MRIMH|<init>()|DatabaseQueryAndSearch
05:55:15.1 (10567419)|SYSTEM_MODE_EXIT|false
05:55:15.1 (10587894)|VARIABLE_ASSIGNMENT|[1]|objDatabaseQueryAndSearch|{}|0x7292112e
05:55:15.1 (10594280)|STATEMENT_EXECUTE|[2]
05:55:15.1 (10619197)|SYSTEM_MODE_ENTER|false
05:55:15.1 (10637811)|HEAP_ALLOCATE|[2]|Bytes:5
05:55:15.1 (10695000)|METHOD_ENTRY|[2]|01p6F00000MRIMH|DatabaseQueryAndSearch.DatabaseQuery()
05:55:15.1 (10726663)|VARIABLE_SCOPE_BEGIN|[2]|this|DatabaseQueryAndSearch|true|false
05:55:15.1 (10744060)|VARIABLE_ASSIGNMENT|[2]|this|{}|0x7292112e
05:55:15.1 (10763450)|HEAP_ALLOCATE|[3]|Bytes:5
05:55:15.1 (10770111)|STATEMENT_EXECUTE|[2]
05:55:15.1 (10771880)|STATEMENT_EXECUTE|[3]
05:55:15.1 (10775126)|HEAP_ALLOCATE|[3]|Bytes:5
05:55:15.1 (10782184)|VARIABLE_SCOPE_BEGIN|[3]|myTestString|String|false|false
05:55:15.1 (10797063)|VARIABLE_ASSIGNMENT|[3]|myTestString|"Ayman"
05:55:15.1 (10801269)|STATEMENT_EXECUTE|[5]
05:55:15.1 (10803370)|HEAP_ALLOCATE|[5]|Bytes:73
05:55:15.1 (12703757)|SOQL_EXECUTE_BEGIN|[5]|Aggregations:0|SELECT First_Name__c FROM Employee__c WHERE First_Name__c = :myTestString
05:55:15.1 (15561046)|SOQL_EXECUTE_END|[5]|Rows:0
05:55:15.1 (15590546)|HEAP_ALLOCATE|[5]|Bytes:4
05:55:15.1 (15603528)|HEAP_ALLOCATE|[5]|Bytes:0
05:55:15.1 (15720169)|HEAP_ALLOCATE|[5]|Bytes:4
05:55:15.1 (15767659)|VARIABLE_SCOPE_BEGIN|[5]|sobjList|List<SObject>|true|false
05:55:15.1 (15788585)|VARIABLE_ASSIGNMENT|[5]|sobjList|[]|0x5949a438
05:55:15.1 (15801961)|METHOD_EXIT|[2]|01p6F00000MRIMH|DatabaseQueryAndSearch.DatabaseQuery()
05:55:15.1 (15808979)|SYSTEM_MODE_EXIT|false
05:55:15.15 (15848420)|CUMULATIVE_LIMIT_USAGE
05:55:15.15 (15848420)|LIMIT_USAGE_FOR_NS|(default)|
  Number of SOQL queries: 1 out of 100
  Number of query rows: 0 out of 50000
  Number of SOSL queries: 0 out of 20
  Number of DML statements: 0 out of 150
  Number of DML rows: 0 out of 10000
  Maximum CPU time: 0 out of 10000
  Maximum heap size: 0 out of 6000000
  Number of callouts: 0 out of 100
  Number of Email Invocations: 0 out of 10
  Number of future calls: 0 out of 50
  Number of queueable jobs added to the queue: 0 out of 50
  Number of Mobile Apex push calls: 0 out of 10

05:55:15.15 (15848420)|CUMULATIVE_LIMIT_USAGE_END

05:55:15.1 (15883428)|CODE_UNIT_FINISHED|execute_anonymous_apex
05:55:15.1 (17407451)|EXECUTION_FINISHED
