44.0 APEX_CODE,FINEST;APEX_PROFILING,INFO;CALLOUT,INFO;DB,INFO;NBA,INFO;SYSTEM,DEBUG;VALIDATION,INFO;VISUALFORCE,INFO;WAVE,INFO;WORKFLOW,INFO
Execute Anonymous: 
Execute Anonymous: ParentClass obj1, obj2;
Execute Anonymous: obj1 = new ParentClass();
Execute Anonymous: obj1.write();
Execute Anonymous: obj2 = new ChildClass();
Execute Anonymous: obj2.write();
Execute Anonymous: obj2.ParentClassAdd();
07:06:13.1 (1242067)|USER_INFO|[EXTERNAL]|0056F00000ATCAZ|ayman.shaikh@gmail.com|Pacific Standard Time|GMT-07:00
07:06:13.1 (1265370)|EXECUTION_STARTED
07:06:13.1 (1270401)|CODE_UNIT_STARTED|[EXTERNAL]|execute_anonymous_apex
07:06:13.1 (15965764)|VARIABLE_SCOPE_BEGIN|[2]|obj1|ParentClass|true|false
07:06:13.1 (15990668)|VARIABLE_SCOPE_BEGIN|[2]|obj2|ParentClass|true|false
07:06:13.1 (16138737)|HEAP_ALLOCATE|[72]|Bytes:3
07:06:13.1 (16180655)|HEAP_ALLOCATE|[77]|Bytes:152
07:06:13.1 (16197417)|HEAP_ALLOCATE|[342]|Bytes:408
07:06:13.1 (16210566)|HEAP_ALLOCATE|[355]|Bytes:408
07:06:13.1 (16221822)|HEAP_ALLOCATE|[467]|Bytes:48
07:06:13.1 (16252331)|HEAP_ALLOCATE|[139]|Bytes:6
07:06:13.1 (16281356)|HEAP_ALLOCATE|[EXTERNAL]|Bytes:11
07:06:13.1 (16323256)|STATEMENT_EXECUTE|[1]
07:06:13.1 (16326125)|STATEMENT_EXECUTE|[2]
07:06:13.1 (16347389)|VARIABLE_ASSIGNMENT|[2]|obj1|null|
07:06:13.1 (16354955)|STATEMENT_EXECUTE|[2]
07:06:13.1 (16362098)|VARIABLE_ASSIGNMENT|[2]|obj2|null|
07:06:13.1 (16366914)|STATEMENT_EXECUTE|[3]
07:06:13.1 (16371086)|HEAP_ALLOCATE|[3]|Bytes:4
07:06:13.1 (16376228)|HEAP_ALLOCATE|[3]|Bytes:4
07:06:13.1 (16403993)|METHOD_ENTRY|[1]|01p6F00000MR10y|ParentClass.ParentClass()
07:06:13.1 (16413594)|STATEMENT_EXECUTE|[1]
07:06:13.1 (16417861)|STATEMENT_EXECUTE|[1]
07:06:13.1 (16422209)|METHOD_EXIT|[1]|ParentClass
07:06:13.1 (16437950)|HEAP_ALLOCATE|[3]|Bytes:4
07:06:13.1 (16473815)|HEAP_ALLOCATE|[50]|Bytes:5
07:06:13.1 (16496242)|HEAP_ALLOCATE|[56]|Bytes:5
07:06:13.1 (16504344)|HEAP_ALLOCATE|[64]|Bytes:7
07:06:13.1 (16523355)|SYSTEM_MODE_ENTER|false
07:06:13.1 (16561692)|HEAP_ALLOCATE|[3]|Bytes:5
07:06:13.1 (16575986)|CONSTRUCTOR_ENTRY|[3]|01p6F00000MR10y|<init>()|ParentClass
07:06:13.1 (16605107)|VARIABLE_SCOPE_BEGIN|[1]|this|ParentClass|true|false
07:06:13.1 (16638620)|VARIABLE_ASSIGNMENT|[1]|this|{}|0x666fdb16
07:06:13.1 (16649539)|HEAP_ALLOCATE|[EXTERNAL]|Bytes:6
07:06:13.1 (16686717)|STATEMENT_EXECUTE|[1]
07:06:13.1 (16694361)|CONSTRUCTOR_EXIT|[3]|01p6F00000MR10y|<init>()|ParentClass
07:06:13.1 (16705160)|SYSTEM_MODE_EXIT|false
07:06:13.1 (16723121)|VARIABLE_ASSIGNMENT|[3]|obj1|{}|0x666fdb16
07:06:13.1 (16729895)|STATEMENT_EXECUTE|[4]
07:06:13.1 (16753310)|SYSTEM_MODE_ENTER|false
07:06:13.1 (16771756)|HEAP_ALLOCATE|[4]|Bytes:5
07:06:13.1 (16799834)|METHOD_ENTRY|[4]|01p6F00000MR10y|ParentClass.write()
07:06:13.1 (16826403)|VARIABLE_SCOPE_BEGIN|[3]|this|ParentClass|true|false
07:06:13.1 (16842425)|VARIABLE_ASSIGNMENT|[3]|this|{}|0x666fdb16
07:06:13.1 (16852611)|STATEMENT_EXECUTE|[3]
07:06:13.1 (16854778)|STATEMENT_EXECUTE|[5]
07:06:13.1 (16859664)|HEAP_ALLOCATE|[5]|Bytes:20
07:06:13.1 (16921490)|USER_DEBUG|[5]|DEBUG|This is Parent Class
07:06:13.1 (16940484)|METHOD_EXIT|[4]|01p6F00000MR10y|ParentClass.write()
07:06:13.1 (16947262)|SYSTEM_MODE_EXIT|false
07:06:13.1 (16953582)|STATEMENT_EXECUTE|[5]
07:06:13.1 (26219241)|HEAP_ALLOCATE|[5]|Bytes:1
07:06:13.1 (26241154)|HEAP_ALLOCATE|[5]|Bytes:1
07:06:13.1 (26270708)|METHOD_ENTRY|[1]|01p6F00000MR2GO|ChildClass.ChildClass()
07:06:13.1 (26281362)|STATEMENT_EXECUTE|[1]
07:06:13.1 (26288208)|STATEMENT_EXECUTE|[1]
07:06:13.1 (26294667)|METHOD_EXIT|[1]|ChildClass
07:06:13.1 (26312981)|HEAP_ALLOCATE|[5]|Bytes:4
07:06:13.1 (26350635)|SYSTEM_MODE_ENTER|false
07:06:13.1 (26375032)|HEAP_ALLOCATE|[5]|Bytes:5
07:06:13.1 (26388355)|CONSTRUCTOR_ENTRY|[5]|01p6F00000MR2GO|<init>()|ChildClass
07:06:13.1 (26420314)|VARIABLE_SCOPE_BEGIN|[1]|this|ChildClass|true|false
07:06:13.1 (26451372)|VARIABLE_ASSIGNMENT|[1]|this|{}|0x6d02b1e3
07:06:13.1 (26461181)|CONSTRUCTOR_ENTRY|[EXTERNAL]|01p6F00000MR10y|<init>()|ParentClass
07:06:13.1 (26472690)|VARIABLE_SCOPE_BEGIN|[1]|this|ParentClass|true|false
07:06:13.1 (26485269)|VARIABLE_ASSIGNMENT|[1]|this|{}|0x6d02b1e3
07:06:13.1 (26509883)|STATEMENT_EXECUTE|[1]
07:06:13.1 (26517382)|CONSTRUCTOR_EXIT|[EXTERNAL]|01p6F00000MR10y|<init>()|ParentClass
07:06:13.1 (26525983)|STATEMENT_EXECUTE|[1]
07:06:13.1 (26529658)|CONSTRUCTOR_EXIT|[5]|01p6F00000MR2GO|<init>()|ChildClass
07:06:13.1 (26540692)|SYSTEM_MODE_EXIT|false
07:06:13.1 (26570833)|VARIABLE_ASSIGNMENT|[5]|obj2|{}|0x6d02b1e3
07:06:13.1 (26580354)|STATEMENT_EXECUTE|[6]
07:06:13.1 (26609640)|SYSTEM_MODE_ENTER|false
07:06:13.1 (26625862)|HEAP_ALLOCATE|[6]|Bytes:5
07:06:13.1 (26656303)|METHOD_ENTRY|[6]|01p6F00000MR2GO|ChildClass.write()
07:06:13.1 (26697356)|VARIABLE_SCOPE_BEGIN|[2]|this|ChildClass|true|false
07:06:13.1 (26715556)|VARIABLE_ASSIGNMENT|[2]|this|{}|0x6d02b1e3
07:06:13.1 (26723345)|STATEMENT_EXECUTE|[2]
07:06:13.1 (26725097)|STATEMENT_EXECUTE|[4]
07:06:13.1 (26728779)|HEAP_ALLOCATE|[4]|Bytes:19
07:06:13.1 (26772189)|USER_DEBUG|[4]|DEBUG|This is ChildClass.
07:06:13.1 (26785136)|METHOD_EXIT|[6]|01p6F00000MR2GO|ChildClass.write()
07:06:13.1 (26791567)|SYSTEM_MODE_EXIT|false
07:06:13.1 (26797552)|STATEMENT_EXECUTE|[7]
07:06:13.1 (26815673)|SYSTEM_MODE_ENTER|false
07:06:13.1 (26829806)|HEAP_ALLOCATE|[7]|Bytes:5
07:06:13.1 (26844280)|METHOD_ENTRY|[7]|01p6F00000MR10y|ParentClass.ParentClassAdd()
07:06:13.1 (26869948)|VARIABLE_SCOPE_BEGIN|[11]|this|ParentClass|true|false
07:06:13.1 (26892774)|VARIABLE_ASSIGNMENT|[11]|this|{}|0x6d02b1e3
07:06:13.1 (26904173)|STATEMENT_EXECUTE|[11]
07:06:13.1 (26912282)|STATEMENT_EXECUTE|[12]
07:06:13.1 (26918188)|VARIABLE_SCOPE_BEGIN|[12]|IntNum1|Integer|false|false
07:06:13.1 (26934194)|VARIABLE_ASSIGNMENT|[12]|IntNum1|null
07:06:13.1 (26939933)|STATEMENT_EXECUTE|[12]
07:06:13.1 (26943331)|VARIABLE_SCOPE_BEGIN|[12]|IntNum2|Integer|false|false
07:06:13.1 (26953216)|VARIABLE_ASSIGNMENT|[12]|IntNum2|null
07:06:13.1 (26956813)|STATEMENT_EXECUTE|[12]
07:06:13.1 (26958697)|VARIABLE_SCOPE_BEGIN|[12]|IntSum|Integer|false|false
07:06:13.1 (26965629)|VARIABLE_ASSIGNMENT|[12]|IntSum|null
07:06:13.1 (26969101)|STATEMENT_EXECUTE|[13]
07:06:13.1 (27139527)|HEAP_ALLOCATE|[13]|Bytes:41
07:06:13.1 (27174296)|METHOD_EXIT|[7]|01p6F00000MR10y|ParentClass.ParentClassAdd()
07:06:13.1 (27188291)|SYSTEM_MODE_EXIT|false
07:06:13.1 (27293888)|FATAL_ERROR|System.NullPointerException: Attempt to de-reference a null object

Class.ParentClass.ParentClassAdd: line 13, column 1
AnonymousBlock: line 7, column 1
AnonymousBlock: line 7, column 1
07:06:13.27 (27362757)|CUMULATIVE_LIMIT_USAGE
07:06:13.27 (27362757)|LIMIT_USAGE_FOR_NS|(default)|
  Number of SOQL queries: 0 out of 100
  Number of query rows: 0 out of 50000
  Number of SOSL queries: 0 out of 20
  Number of DML statements: 0 out of 150
  Number of DML rows: 0 out of 10000
  Maximum CPU time: 0 out of 10000
  Maximum heap size: 0 out of 6000000
  Number of callouts: 0 out of 100
  Number of Email Invocations: 0 out of 10
  Number of future calls: 0 out of 50
  Number of queueable jobs added to the queue: 0 out of 50
  Number of Mobile Apex push calls: 0 out of 10

07:06:13.27 (27362757)|CUMULATIVE_LIMIT_USAGE_END

07:06:13.1 (27406022)|CODE_UNIT_FINISHED|execute_anonymous_apex
07:06:13.1 (28497735)|EXECUTION_FINISHED
