44.0 APEX_CODE,FINEST;APEX_PROFILING,INFO;CALLOUT,INFO;DB,INFO;NBA,INFO;SYSTEM,DEBUG;VALIDATION,INFO;VISUALFORCE,INFO;WAVE,INFO;WORKFLOW,INFO
Execute Anonymous: InactiveAccountRecords obj = new InactiveAccountRecords();
Execute Anonymous: obj.DeleteInactiveRecords();
06:48:00.1 (1439228)|USER_INFO|[EXTERNAL]|0056F00000ATCAZ|ayman.shaikh@gmail.com|Pacific Standard Time|GMT-08:00
06:48:00.1 (1473097)|EXECUTION_STARTED
06:48:00.1 (1480133)|CODE_UNIT_STARTED|[EXTERNAL]|execute_anonymous_apex
06:48:00.1 (17196849)|VARIABLE_SCOPE_BEGIN|[1]|obj|InactiveAccountRecords|true|false
06:48:00.1 (17319583)|HEAP_ALLOCATE|[72]|Bytes:3
06:48:00.1 (17353349)|HEAP_ALLOCATE|[77]|Bytes:152
06:48:00.1 (17366898)|HEAP_ALLOCATE|[342]|Bytes:408
06:48:00.1 (17379355)|HEAP_ALLOCATE|[355]|Bytes:408
06:48:00.1 (17390573)|HEAP_ALLOCATE|[467]|Bytes:48
06:48:00.1 (17416704)|HEAP_ALLOCATE|[139]|Bytes:6
06:48:00.1 (17434333)|HEAP_ALLOCATE|[EXTERNAL]|Bytes:3
06:48:00.1 (17463186)|STATEMENT_EXECUTE|[1]
06:48:00.1 (17466068)|STATEMENT_EXECUTE|[1]
06:48:00.1 (17470088)|HEAP_ALLOCATE|[1]|Bytes:1
06:48:00.1 (17475523)|HEAP_ALLOCATE|[1]|Bytes:2
06:48:00.1 (17505734)|METHOD_ENTRY|[1]|01p6F00000NM9oD|InactiveAccountRecords.InactiveAccountRecords()
06:48:00.1 (17513160)|STATEMENT_EXECUTE|[1]
06:48:00.1 (17517587)|STATEMENT_EXECUTE|[1]
06:48:00.1 (17542576)|HEAP_ALLOCATE|[50]|Bytes:5
06:48:00.1 (17563362)|HEAP_ALLOCATE|[56]|Bytes:5
06:48:00.1 (17570978)|HEAP_ALLOCATE|[64]|Bytes:7
06:48:00.1 (17589525)|SYSTEM_MODE_ENTER|false
06:48:00.1 (17603630)|HEAP_ALLOCATE|[1]|Bytes:5
06:48:00.1 (17610444)|SYSTEM_MODE_EXIT|false
06:48:00.1 (17620130)|METHOD_EXIT|[1]|InactiveAccountRecords
06:48:00.1 (17633666)|HEAP_ALLOCATE|[1]|Bytes:4
06:48:00.1 (17655551)|SYSTEM_MODE_ENTER|false
06:48:00.1 (17679438)|HEAP_ALLOCATE|[1]|Bytes:5
06:48:00.1 (17691819)|CONSTRUCTOR_ENTRY|[1]|01p6F00000NM9oD|<init>()|InactiveAccountRecords
06:48:00.1 (17718784)|VARIABLE_SCOPE_BEGIN|[1]|this|InactiveAccountRecords|true|false
06:48:00.1 (17761464)|VARIABLE_ASSIGNMENT|[1]|this|{}|0x5ed8b048
06:48:00.1 (17772152)|HEAP_ALLOCATE|[EXTERNAL]|Bytes:5
06:48:00.1 (17780235)|HEAP_ALLOCATE|[EXTERNAL]|Bytes:6
06:48:00.1 (17819154)|STATEMENT_EXECUTE|[1]
06:48:00.1 (17824030)|HEAP_ALLOCATE|[EXTERNAL]|Bytes:5
06:48:00.1 (17832570)|CONSTRUCTOR_EXIT|[1]|01p6F00000NM9oD|<init>()|InactiveAccountRecords
06:48:00.1 (17839891)|SYSTEM_MODE_EXIT|false
06:48:00.1 (17859823)|VARIABLE_ASSIGNMENT|[1]|obj|{}|0x5ed8b048
06:48:00.1 (17882291)|STATEMENT_EXECUTE|[2]
06:48:00.1 (17907722)|SYSTEM_MODE_ENTER|false
06:48:00.1 (17926513)|HEAP_ALLOCATE|[2]|Bytes:5
06:48:00.1 (17952974)|METHOD_ENTRY|[2]|01p6F00000NM9oD|InactiveAccountRecords.DeleteInactiveRecords()
06:48:00.1 (17975683)|VARIABLE_SCOPE_BEGIN|[2]|this|InactiveAccountRecords|true|false
06:48:00.1 (17992141)|VARIABLE_ASSIGNMENT|[2]|this|{}|0x5ed8b048
06:48:00.1 (18004593)|HEAP_ALLOCATE|[3]|Bytes:5
06:48:00.1 (18010497)|STATEMENT_EXECUTE|[2]
06:48:00.1 (18012317)|STATEMENT_EXECUTE|[3]
06:48:00.1 (18015424)|HEAP_ALLOCATE|[3]|Bytes:84
06:48:00.1 (18036636)|HEAP_ALLOCATE|[3]|Bytes:4
06:48:00.1 (18481903)|SOQL_EXECUTE_BEGIN|[3]|Aggregations:0|SELECT Id, Name FROM Account WHERE (Active__c = 'No' AND CreatedDate > LAST_90_DAYS)
06:48:00.1 (48231704)|SOQL_EXECUTE_END|[3]|Rows:0
06:48:00.1 (48271008)|HEAP_ALLOCATE|[3]|Bytes:4
06:48:00.1 (48284850)|HEAP_ALLOCATE|[3]|Bytes:0
06:48:00.1 (48395859)|HEAP_ALLOCATE|[3]|Bytes:4
06:48:00.1 (48415216)|VARIABLE_SCOPE_BEGIN|[3]|deleteRecs|List<Account>|true|false
06:48:00.1 (48438840)|VARIABLE_ASSIGNMENT|[3]|deleteRecs|[]|0x1ab3207b
06:48:00.1 (48446224)|STATEMENT_EXECUTE|[12]
06:48:00.1 (48520711)|HEAP_ALLOCATE|[EXTERNAL]|Bytes:4
06:48:00.1 (48529308)|STATEMENT_EXECUTE|[13]
06:48:00.1 (48534252)|HEAP_ALLOCATE|[13]|Bytes:32
06:48:00.1 (48579367)|USER_DEBUG|[13]|DEBUG|Records are deleted successfully
06:48:00.1 (48600423)|METHOD_EXIT|[2]|01p6F00000NM9oD|InactiveAccountRecords.DeleteInactiveRecords()
06:48:00.1 (48608701)|SYSTEM_MODE_EXIT|false
06:48:00.48 (48671361)|CUMULATIVE_LIMIT_USAGE
06:48:00.48 (48671361)|LIMIT_USAGE_FOR_NS|(default)|
  Number of SOQL queries: 1 out of 100
  Number of query rows: 0 out of 50000
  Number of SOSL queries: 0 out of 20
  Number of DML statements: 0 out of 150
  Number of DML rows: 0 out of 10000
  Maximum CPU time: 0 out of 10000
  Maximum heap size: 0 out of 6000000
  Number of callouts: 0 out of 100
  Number of Email Invocations: 0 out of 10
  Number of future calls: 0 out of 50
  Number of queueable jobs added to the queue: 0 out of 50
  Number of Mobile Apex push calls: 0 out of 10

06:48:00.48 (48671361)|CUMULATIVE_LIMIT_USAGE_END

06:48:00.1 (48729526)|CODE_UNIT_FINISHED|execute_anonymous_apex
06:48:00.1 (50262416)|EXECUTION_FINISHED
