44.0 APEX_CODE,FINEST;APEX_PROFILING,INFO;CALLOUT,INFO;DB,INFO;NBA,INFO;SYSTEM,DEBUG;VALIDATION,INFO;VISUALFORCE,INFO;WAVE,INFO;WORKFLOW,INFO
Execute Anonymous: Array_Of_Shape objArray = new Array_Of_Shape();
Execute Anonymous: objArray.Shape_Selection(3);
06:52:19.1 (1245708)|USER_INFO|[EXTERNAL]|0056F00000ATCAZ|ayman.shaikh@gmail.com|Pacific Standard Time|GMT-07:00
06:52:19.1 (1271130)|EXECUTION_STARTED
06:52:19.1 (1275924)|CODE_UNIT_STARTED|[EXTERNAL]|execute_anonymous_apex
06:52:19.1 (7480464)|VARIABLE_SCOPE_BEGIN|[1]|objArray|Array_Of_Shape|true|false
06:52:19.1 (7630529)|HEAP_ALLOCATE|[72]|Bytes:3
06:52:19.1 (7670612)|HEAP_ALLOCATE|[77]|Bytes:152
06:52:19.1 (7685808)|HEAP_ALLOCATE|[342]|Bytes:408
06:52:19.1 (7699727)|HEAP_ALLOCATE|[355]|Bytes:408
06:52:19.1 (7711611)|HEAP_ALLOCATE|[467]|Bytes:48
06:52:19.1 (7740175)|HEAP_ALLOCATE|[139]|Bytes:6
06:52:19.1 (7759831)|HEAP_ALLOCATE|[EXTERNAL]|Bytes:3
06:52:19.1 (7795561)|STATEMENT_EXECUTE|[1]
06:52:19.1 (7798625)|STATEMENT_EXECUTE|[1]
06:52:19.1 (7802711)|HEAP_ALLOCATE|[1]|Bytes:1
06:52:19.1 (7808586)|HEAP_ALLOCATE|[1]|Bytes:2
06:52:19.1 (7836748)|METHOD_ENTRY|[1]|01p6F00000MPYhK|Array_Of_Shape.Array_Of_Shape()
06:52:19.1 (7843672)|STATEMENT_EXECUTE|[1]
06:52:19.1 (7847689)|STATEMENT_EXECUTE|[1]
06:52:19.1 (7874338)|HEAP_ALLOCATE|[50]|Bytes:5
06:52:19.1 (7897152)|HEAP_ALLOCATE|[56]|Bytes:5
06:52:19.1 (7905115)|HEAP_ALLOCATE|[64]|Bytes:7
06:52:19.1 (7923857)|SYSTEM_MODE_ENTER|false
06:52:19.1 (7936140)|HEAP_ALLOCATE|[1]|Bytes:5
06:52:19.1 (7942848)|SYSTEM_MODE_EXIT|false
06:52:19.1 (7952509)|METHOD_EXIT|[1]|Array_Of_Shape
06:52:19.1 (7966834)|HEAP_ALLOCATE|[1]|Bytes:4
06:52:19.1 (7990379)|SYSTEM_MODE_ENTER|false
06:52:19.1 (8013707)|HEAP_ALLOCATE|[1]|Bytes:5
06:52:19.1 (8028108)|CONSTRUCTOR_ENTRY|[1]|01p6F00000MPYhK|<init>()|Array_Of_Shape
06:52:19.1 (8056522)|VARIABLE_SCOPE_BEGIN|[1]|this|Array_Of_Shape|true|false
06:52:19.1 (8102571)|VARIABLE_ASSIGNMENT|[1]|this|{}|0x15671ad8
06:52:19.1 (8114042)|HEAP_ALLOCATE|[EXTERNAL]|Bytes:5
06:52:19.1 (8122954)|HEAP_ALLOCATE|[EXTERNAL]|Bytes:6
06:52:19.1 (8167599)|STATEMENT_EXECUTE|[1]
06:52:19.1 (8173038)|HEAP_ALLOCATE|[EXTERNAL]|Bytes:5
06:52:19.1 (8183860)|CONSTRUCTOR_EXIT|[1]|01p6F00000MPYhK|<init>()|Array_Of_Shape
06:52:19.1 (8192011)|SYSTEM_MODE_EXIT|false
06:52:19.1 (8212771)|VARIABLE_ASSIGNMENT|[1]|objArray|{}|0x15671ad8
06:52:19.1 (8219633)|STATEMENT_EXECUTE|[2]
06:52:19.1 (8243175)|SYSTEM_MODE_ENTER|false
06:52:19.1 (8259738)|HEAP_ALLOCATE|[2]|Bytes:5
06:52:19.1 (8288260)|METHOD_ENTRY|[2]|01p6F00000MPYhK|Array_Of_Shape.Shape_Selection(Integer)
06:52:19.1 (8311298)|VARIABLE_SCOPE_BEGIN|[4]|this|Array_Of_Shape|true|false
06:52:19.1 (8327756)|VARIABLE_ASSIGNMENT|[4]|this|{}|0x15671ad8
06:52:19.1 (8336008)|VARIABLE_SCOPE_BEGIN|[4]|number1|Integer|false|false
06:52:19.1 (8346398)|VARIABLE_ASSIGNMENT|[4]|number1|3
06:52:19.1 (8358334)|HEAP_ALLOCATE|[5]|Bytes:5
06:52:19.1 (8363416)|STATEMENT_EXECUTE|[4]
06:52:19.1 (8365300)|STATEMENT_EXECUTE|[5]
06:52:19.1 (8407175)|HEAP_ALLOCATE|[5]|Bytes:4
06:52:19.1 (8464493)|VARIABLE_SCOPE_BEGIN|[5]|arrayOfShape|List<String>|true|false
06:52:19.1 (8497147)|HEAP_ALLOCATE|[EXTERNAL]|Bytes:4
06:52:19.1 (8513040)|VARIABLE_ASSIGNMENT|[5]|arrayOfShape|[]|0x3d902d98
06:52:19.1 (8519398)|STATEMENT_EXECUTE|[8]
06:52:19.1 (8523395)|HEAP_ALLOCATE|[8]|Bytes:9
06:52:19.1 (8568488)|HEAP_ALLOCATE|[EXTERNAL]|Bytes:4
06:52:19.1 (8579803)|STATEMENT_EXECUTE|[9]
06:52:19.1 (8583248)|HEAP_ALLOCATE|[9]|Bytes:10
06:52:19.1 (8601574)|HEAP_ALLOCATE|[EXTERNAL]|Bytes:4
06:52:19.1 (8609517)|STATEMENT_EXECUTE|[10]
06:52:19.1 (8612379)|HEAP_ALLOCATE|[10]|Bytes:7
06:52:19.1 (8627558)|HEAP_ALLOCATE|[EXTERNAL]|Bytes:4
06:52:19.1 (8633769)|STATEMENT_EXECUTE|[11]
06:52:19.1 (8636801)|HEAP_ALLOCATE|[11]|Bytes:7
06:52:19.1 (8650846)|HEAP_ALLOCATE|[EXTERNAL]|Bytes:4
06:52:19.1 (8656737)|STATEMENT_EXECUTE|[12]
06:52:19.1 (8660063)|HEAP_ALLOCATE|[12]|Bytes:9
06:52:19.1 (8673969)|HEAP_ALLOCATE|[EXTERNAL]|Bytes:4
06:52:19.1 (8679986)|STATEMENT_EXECUTE|[13]
06:52:19.1 (8682720)|HEAP_ALLOCATE|[13]|Bytes:8
06:52:19.1 (8696014)|HEAP_ALLOCATE|[EXTERNAL]|Bytes:4
06:52:19.1 (8702738)|STATEMENT_EXECUTE|[14]
06:52:19.1 (8705343)|HEAP_ALLOCATE|[14]|Bytes:8
06:52:19.1 (8719132)|HEAP_ALLOCATE|[EXTERNAL]|Bytes:4
06:52:19.1 (8740892)|STATEMENT_EXECUTE|[15]
06:52:19.1 (8749976)|METHOD_EXIT|[2]|01p6F00000MPYhK|Array_Of_Shape.Shape_Selection(Integer)
06:52:19.1 (8756745)|SYSTEM_MODE_EXIT|false
06:52:19.8 (8790026)|CUMULATIVE_LIMIT_USAGE
06:52:19.8 (8790026)|LIMIT_USAGE_FOR_NS|(default)|
  Number of SOQL queries: 0 out of 100
  Number of query rows: 0 out of 50000
  Number of SOSL queries: 0 out of 20
  Number of DML statements: 0 out of 150
  Number of DML rows: 0 out of 10000
  Maximum CPU time: 0 out of 10000
  Maximum heap size: 0 out of 6000000
  Number of callouts: 0 out of 100
  Number of Email Invocations: 0 out of 10
  Number of future calls: 0 out of 50
  Number of queueable jobs added to the queue: 0 out of 50
  Number of Mobile Apex push calls: 0 out of 10

06:52:19.8 (8790026)|CUMULATIVE_LIMIT_USAGE_END

06:52:19.1 (8831412)|CODE_UNIT_FINISHED|execute_anonymous_apex
06:52:19.1 (9827649)|EXECUTION_FINISHED
