44.0 APEX_CODE,FINEST;APEX_PROFILING,INFO;CALLOUT,INFO;DB,INFO;NBA,INFO;SYSTEM,DEBUG;VALIDATION,INFO;VISUALFORCE,INFO;WAVE,INFO;WORKFLOW,INFO
Execute Anonymous: Array_Operations obj = new Array_Operations();
Execute Anonymous: obj.MaximumNum();
Execute Anonymous: obj.Assending(); 
Execute Anonymous: obj.Descending();
Execute Anonymous: obj.Duplicate();
03:04:47.2 (2735961)|USER_INFO|[EXTERNAL]|0056F00000ATCAZ|ayman.shaikh@gmail.com|Pacific Standard Time|GMT-07:00
03:04:47.2 (2759564)|EXECUTION_STARTED
03:04:47.2 (2763446)|CODE_UNIT_STARTED|[EXTERNAL]|execute_anonymous_apex
03:04:47.2 (15173142)|VARIABLE_SCOPE_BEGIN|[1]|obj|Array_Operations|true|false
03:04:47.2 (15324627)|HEAP_ALLOCATE|[72]|Bytes:3
03:04:47.2 (15372121)|HEAP_ALLOCATE|[77]|Bytes:152
03:04:47.2 (15399471)|HEAP_ALLOCATE|[342]|Bytes:408
03:04:47.2 (15419473)|HEAP_ALLOCATE|[355]|Bytes:408
03:04:47.2 (15432421)|HEAP_ALLOCATE|[467]|Bytes:48
03:04:47.2 (15458757)|HEAP_ALLOCATE|[139]|Bytes:6
03:04:47.2 (15482198)|HEAP_ALLOCATE|[EXTERNAL]|Bytes:9
03:04:47.2 (15519150)|STATEMENT_EXECUTE|[1]
03:04:47.2 (15521705)|STATEMENT_EXECUTE|[1]
03:04:47.2 (15524969)|HEAP_ALLOCATE|[1]|Bytes:13
03:04:47.2 (15530831)|HEAP_ALLOCATE|[1]|Bytes:25
03:04:47.2 (15586830)|METHOD_ENTRY|[1]|01p6F00000MPtB2|Array_Operations.Array_Operations()
03:04:47.2 (15598573)|STATEMENT_EXECUTE|[1]
03:04:47.2 (15604090)|STATEMENT_EXECUTE|[1]
03:04:47.2 (15645567)|HEAP_ALLOCATE|[50]|Bytes:5
03:04:47.2 (15672525)|HEAP_ALLOCATE|[56]|Bytes:5
03:04:47.2 (15681228)|HEAP_ALLOCATE|[64]|Bytes:7
03:04:47.2 (15700253)|SYSTEM_MODE_ENTER|false
03:04:47.2 (15711423)|HEAP_ALLOCATE|[1]|Bytes:5
03:04:47.2 (15717474)|SYSTEM_MODE_EXIT|false
03:04:47.2 (15727268)|METHOD_EXIT|[1]|Array_Operations
03:04:47.2 (15770159)|HEAP_ALLOCATE|[1]|Bytes:8
03:04:47.2 (15794965)|SYSTEM_MODE_ENTER|false
03:04:47.2 (15844226)|HEAP_ALLOCATE|[1]|Bytes:5
03:04:47.2 (15861298)|CONSTRUCTOR_ENTRY|[1]|01p6F00000MPtB2|<init>()|Array_Operations
03:04:47.2 (15891537)|VARIABLE_SCOPE_BEGIN|[1]|this|Array_Operations|true|false
03:04:47.2 (15942333)|VARIABLE_ASSIGNMENT|[1]|this|{}|0x5baa2874
03:04:47.2 (15954521)|HEAP_ALLOCATE|[2]|Bytes:5
03:04:47.2 (15963195)|HEAP_ALLOCATE|[2]|Bytes:6
03:04:47.2 (16010400)|STATEMENT_EXECUTE|[1]
03:04:47.2 (16016956)|HEAP_ALLOCATE|[2]|Bytes:5
03:04:47.2 (16021571)|STATEMENT_EXECUTE|[2]
03:04:47.2 (16032938)|HEAP_ALLOCATE|[2]|Bytes:4
03:04:47.2 (16088659)|HEAP_ALLOCATE|[2]|Bytes:4
03:04:47.2 (16095451)|HEAP_ALLOCATE|[2]|Bytes:4
03:04:47.2 (16099605)|HEAP_ALLOCATE|[2]|Bytes:4
03:04:47.2 (16103269)|HEAP_ALLOCATE|[2]|Bytes:4
03:04:47.2 (16106409)|HEAP_ALLOCATE|[2]|Bytes:4
03:04:47.2 (16110336)|HEAP_ALLOCATE|[2]|Bytes:4
03:04:47.2 (16136444)|HEAP_ALLOCATE|[EXTERNAL]|Bytes:28
03:04:47.2 (16168650)|VARIABLE_ASSIGNMENT|[2]|this.integerList|"List of size 6 too large to display"|0x5baa2874
03:04:47.2 (16180227)|CONSTRUCTOR_EXIT|[1]|01p6F00000MPtB2|<init>()|Array_Operations
03:04:47.2 (16187559)|SYSTEM_MODE_EXIT|false
03:04:47.2 (16215104)|VARIABLE_ASSIGNMENT|[1]|obj|{"integerList":"0x4fb3d128"}|0x5baa2874
03:04:47.2 (16222468)|STATEMENT_EXECUTE|[2]
03:04:47.2 (16249514)|SYSTEM_MODE_ENTER|false
03:04:47.2 (16267499)|HEAP_ALLOCATE|[2]|Bytes:5
03:04:47.2 (16292625)|METHOD_ENTRY|[2]|01p6F00000MPtB2|Array_Operations.MaximumNum()
03:04:47.2 (16329234)|VARIABLE_SCOPE_BEGIN|[35]|this|Array_Operations|true|false
03:04:47.2 (16350712)|VARIABLE_ASSIGNMENT|[35]|this|{"integerList":"0x4fb3d128"}|0x5baa2874
03:04:47.2 (16363353)|HEAP_ALLOCATE|[37]|Bytes:5
03:04:47.2 (16367912)|STATEMENT_EXECUTE|[35]
03:04:47.2 (16369728)|STATEMENT_EXECUTE|[37]
03:04:47.2 (16379999)|HEAP_ALLOCATE|[37]|Bytes:8
03:04:47.2 (16386369)|VARIABLE_SCOPE_BEGIN|[37]|int_max|Integer|false|false
03:04:47.2 (16398356)|VARIABLE_ASSIGNMENT|[37]|int_max|43
03:04:47.2 (16403574)|STATEMENT_EXECUTE|[38]
03:04:47.2 (16405828)|VARIABLE_SCOPE_BEGIN|[38]|i|Integer|false|false
03:04:47.2 (16412498)|HEAP_ALLOCATE|[38]|Bytes:4
03:04:47.2 (16417493)|VARIABLE_ASSIGNMENT|[38]|i|0
03:04:47.2 (16448665)|STATEMENT_EXECUTE|[38]
03:04:47.2 (16453296)|HEAP_ALLOCATE|[39]|Bytes:8
03:04:47.2 (16458455)|STATEMENT_EXECUTE|[39]
03:04:47.2 (16459981)|STATEMENT_EXECUTE|[43]
03:04:47.2 (16463242)|HEAP_ALLOCATE|[43]|Bytes:32
03:04:47.2 (16508026)|USER_DEBUG|[43]|DEBUG|Maximum number among whole Array
03:04:47.2 (16518207)|STATEMENT_EXECUTE|[44]
03:04:47.2 (16528549)|USER_DEBUG|[44]|DEBUG|43
03:04:47.2 (16536763)|HEAP_ALLOCATE|[38]|Bytes:4
03:04:47.2 (16543545)|VARIABLE_ASSIGNMENT|[38]|i|1
03:04:47.2 (16555106)|STATEMENT_EXECUTE|[38]
03:04:47.2 (16558166)|HEAP_ALLOCATE|[39]|Bytes:8
03:04:47.2 (16562438)|STATEMENT_EXECUTE|[39]
03:04:47.2 (16563942)|STATEMENT_EXECUTE|[43]
03:04:47.2 (16568867)|USER_DEBUG|[43]|DEBUG|Maximum number among whole Array
03:04:47.2 (16575143)|STATEMENT_EXECUTE|[44]
03:04:47.2 (16578912)|USER_DEBUG|[44]|DEBUG|43
03:04:47.2 (16584658)|HEAP_ALLOCATE|[38]|Bytes:4
03:04:47.2 (16589783)|VARIABLE_ASSIGNMENT|[38]|i|2
03:04:47.2 (16598688)|STATEMENT_EXECUTE|[38]
03:04:47.2 (16601560)|HEAP_ALLOCATE|[39]|Bytes:8
03:04:47.2 (16605882)|STATEMENT_EXECUTE|[40]
03:04:47.2 (16607338)|STATEMENT_EXECUTE|[41]
03:04:47.2 (16611177)|HEAP_ALLOCATE|[41]|Bytes:8
03:04:47.2 (16616735)|VARIABLE_ASSIGNMENT|[41]|int_max|95
03:04:47.2 (16620502)|STATEMENT_EXECUTE|[43]
03:04:47.2 (16624624)|USER_DEBUG|[43]|DEBUG|Maximum number among whole Array
03:04:47.2 (16630292)|STATEMENT_EXECUTE|[44]
03:04:47.2 (16633982)|USER_DEBUG|[44]|DEBUG|95
03:04:47.2 (16639446)|HEAP_ALLOCATE|[38]|Bytes:4
03:04:47.2 (16655240)|VARIABLE_ASSIGNMENT|[38]|i|3
03:04:47.2 (16665997)|STATEMENT_EXECUTE|[38]
03:04:47.2 (16668854)|HEAP_ALLOCATE|[39]|Bytes:8
03:04:47.2 (16673415)|STATEMENT_EXECUTE|[40]
03:04:47.2 (16674801)|STATEMENT_EXECUTE|[41]
03:04:47.2 (16676923)|HEAP_ALLOCATE|[41]|Bytes:8
03:04:47.2 (16683646)|VARIABLE_ASSIGNMENT|[41]|int_max|443
03:04:47.2 (16691564)|STATEMENT_EXECUTE|[43]
03:04:47.2 (16698344)|USER_DEBUG|[43]|DEBUG|Maximum number among whole Array
03:04:47.2 (16709143)|STATEMENT_EXECUTE|[44]
03:04:47.2 (16715554)|USER_DEBUG|[44]|DEBUG|443
03:04:47.2 (16725428)|HEAP_ALLOCATE|[38]|Bytes:4
03:04:47.2 (16733855)|VARIABLE_ASSIGNMENT|[38]|i|4
03:04:47.2 (16750279)|STATEMENT_EXECUTE|[38]
03:04:47.2 (16755132)|HEAP_ALLOCATE|[39]|Bytes:8
03:04:47.2 (16762279)|STATEMENT_EXECUTE|[39]
03:04:47.2 (16763872)|STATEMENT_EXECUTE|[43]
03:04:47.2 (16769125)|USER_DEBUG|[43]|DEBUG|Maximum number among whole Array
03:04:47.2 (16776026)|STATEMENT_EXECUTE|[44]
03:04:47.2 (16779862)|USER_DEBUG|[44]|DEBUG|443
03:04:47.2 (16785688)|HEAP_ALLOCATE|[38]|Bytes:4
03:04:47.2 (16790736)|VARIABLE_ASSIGNMENT|[38]|i|5
03:04:47.2 (16800562)|STATEMENT_EXECUTE|[38]
03:04:47.2 (16803174)|HEAP_ALLOCATE|[39]|Bytes:8
03:04:47.2 (16807634)|STATEMENT_EXECUTE|[39]
03:04:47.2 (16809073)|STATEMENT_EXECUTE|[43]
03:04:47.2 (16812959)|USER_DEBUG|[43]|DEBUG|Maximum number among whole Array
03:04:47.2 (16819034)|STATEMENT_EXECUTE|[44]
03:04:47.2 (16822803)|USER_DEBUG|[44]|DEBUG|443
03:04:47.2 (16828142)|HEAP_ALLOCATE|[38]|Bytes:4
03:04:47.2 (16845419)|VARIABLE_ASSIGNMENT|[38]|i|6
03:04:47.2 (16862217)|METHOD_EXIT|[2]|01p6F00000MPtB2|Array_Operations.MaximumNum()
03:04:47.2 (16868854)|SYSTEM_MODE_EXIT|false
03:04:47.2 (16874907)|STATEMENT_EXECUTE|[3]
03:04:47.2 (16895392)|SYSTEM_MODE_ENTER|false
03:04:47.2 (16907505)|HEAP_ALLOCATE|[3]|Bytes:5
03:04:47.2 (16917245)|METHOD_ENTRY|[3]|01p6F00000MPtB2|Array_Operations.Assending()
03:04:47.2 (16938220)|VARIABLE_SCOPE_BEGIN|[19]|this|Array_Operations|true|false
03:04:47.2 (16978611)|VARIABLE_ASSIGNMENT|[19]|this|{"integerList":"0x4fb3d128"}|0x5baa2874
03:04:47.2 (16990122)|HEAP_ALLOCATE|[20]|Bytes:5
03:04:47.2 (16994320)|STATEMENT_EXECUTE|[19]
03:04:47.2 (16995888)|STATEMENT_EXECUTE|[20]
03:04:47.2 (16998796)|HEAP_ALLOCATE|[20]|Bytes:27
03:04:47.2 (17016572)|USER_DEBUG|[20]|DEBUG|Sorting in Asscending order
03:04:47.2 (17028567)|STATEMENT_EXECUTE|[21]
03:04:47.2 (17039455)|HEAP_ALLOCATE|[21]|Bytes:4
03:04:47.2 (17059735)|HEAP_ALLOCATE|[21]|Bytes:4
03:04:47.2 (17065152)|HEAP_ALLOCATE|[21]|Bytes:4
03:04:47.2 (17068766)|HEAP_ALLOCATE|[21]|Bytes:4
03:04:47.2 (17072666)|HEAP_ALLOCATE|[21]|Bytes:4
03:04:47.2 (17076533)|HEAP_ALLOCATE|[21]|Bytes:4
03:04:47.2 (17080541)|HEAP_ALLOCATE|[21]|Bytes:4
03:04:47.2 (17084751)|VARIABLE_SCOPE_BEGIN|[21]|integerList|List<Integer>|true|false
03:04:47.2 (17105756)|HEAP_ALLOCATE|[EXTERNAL]|Bytes:28
03:04:47.2 (17116154)|VARIABLE_ASSIGNMENT|[21]|integerList|"List of size 6 too large to display"|0x50b95d60
03:04:47.2 (17122671)|STATEMENT_EXECUTE|[22]
03:04:47.2 (17125684)|VARIABLE_SCOPE_BEGIN|[22]|i|Integer|false|false
03:04:47.2 (17132249)|HEAP_ALLOCATE|[22]|Bytes:4
03:04:47.2 (17137274)|VARIABLE_ASSIGNMENT|[22]|i|0
03:04:47.2 (17157540)|STATEMENT_EXECUTE|[22]
03:04:47.2 (17159607)|STATEMENT_EXECUTE|[23]
03:04:47.2 (17162447)|VARIABLE_SCOPE_BEGIN|[23]|j|Integer|false|false
03:04:47.2 (17169285)|HEAP_ALLOCATE|[23]|Bytes:4
03:04:47.2 (17173926)|VARIABLE_ASSIGNMENT|[23]|j|1
03:04:47.2 (17188531)|STATEMENT_EXECUTE|[23]
03:04:47.2 (17190272)|STATEMENT_EXECUTE|[24]
03:04:47.2 (17192380)|VARIABLE_SCOPE_BEGIN|[24]|x|Integer|false|false
03:04:47.2 (17198967)|HEAP_ALLOCATE|[24]|Bytes:4
03:04:47.2 (17203674)|VARIABLE_ASSIGNMENT|[24]|x|0
03:04:47.2 (17210061)|HEAP_ALLOCATE|[25]|Bytes:8
03:04:47.2 (17215583)|HEAP_ALLOCATE|[25]|Bytes:8
03:04:47.2 (17219514)|STATEMENT_EXECUTE|[25]
03:04:47.2 (17220893)|STATEMENT_EXECUTE|[26]
03:04:47.2 (17223277)|HEAP_ALLOCATE|[26]|Bytes:8
03:04:47.2 (17228748)|VARIABLE_ASSIGNMENT|[26]|x|43
03:04:47.2 (17232474)|STATEMENT_EXECUTE|[27]
03:04:47.2 (17235076)|HEAP_ALLOCATE|[27]|Bytes:8
03:04:47.2 (17246690)|STATEMENT_EXECUTE|[28]
03:04:47.2 (17250011)|STATEMENT_EXECUTE|[29]
03:04:47.2 (17270592)|USER_DEBUG|[29]|DEBUG|(1, 43, 95, 443, 37, 2)
03:04:47.2 (17283169)|HEAP_ALLOCATE|[23]|Bytes:4
03:04:47.2 (17289457)|VARIABLE_ASSIGNMENT|[23]|j|2
03:04:47.2 (17301130)|STATEMENT_EXECUTE|[23]
03:04:47.2 (17302613)|STATEMENT_EXECUTE|[24]
03:04:47.2 (17304817)|VARIABLE_SCOPE_BEGIN|[24]|x|Integer|false|false
03:04:47.2 (17310766)|HEAP_ALLOCATE|[24]|Bytes:4
03:04:47.2 (17315205)|VARIABLE_ASSIGNMENT|[24]|x|0
03:04:47.2 (17320171)|HEAP_ALLOCATE|[25]|Bytes:8
03:04:47.2 (17325279)|HEAP_ALLOCATE|[25]|Bytes:8
03:04:47.2 (17328741)|STATEMENT_EXECUTE|[25]
03:04:47.2 (17330318)|HEAP_ALLOCATE|[23]|Bytes:4
03:04:47.2 (17334500)|VARIABLE_ASSIGNMENT|[23]|j|3
03:04:47.2 (17344321)|STATEMENT_EXECUTE|[23]
03:04:47.2 (17345695)|STATEMENT_EXECUTE|[24]
03:04:47.2 (17347583)|VARIABLE_SCOPE_BEGIN|[24]|x|Integer|false|false
03:04:47.2 (17353351)|HEAP_ALLOCATE|[24]|Bytes:4
03:04:47.2 (17357648)|VARIABLE_ASSIGNMENT|[24]|x|0
03:04:47.2 (17362117)|HEAP_ALLOCATE|[25]|Bytes:8
03:04:47.2 (17365916)|HEAP_ALLOCATE|[25]|Bytes:8
03:04:47.2 (17369315)|STATEMENT_EXECUTE|[25]
03:04:47.2 (17370817)|HEAP_ALLOCATE|[23]|Bytes:4
03:04:47.2 (17375336)|VARIABLE_ASSIGNMENT|[23]|j|4
03:04:47.2 (17384059)|STATEMENT_EXECUTE|[23]
03:04:47.2 (17385455)|STATEMENT_EXECUTE|[24]
03:04:47.2 (17387241)|VARIABLE_SCOPE_BEGIN|[24]|x|Integer|false|false
03:04:47.2 (17392973)|HEAP_ALLOCATE|[24]|Bytes:4
03:04:47.2 (17397105)|VARIABLE_ASSIGNMENT|[24]|x|0
03:04:47.2 (17402021)|HEAP_ALLOCATE|[25]|Bytes:8
03:04:47.2 (17405759)|HEAP_ALLOCATE|[25]|Bytes:8
03:04:47.2 (17409086)|STATEMENT_EXECUTE|[25]
03:04:47.2 (17410684)|HEAP_ALLOCATE|[23]|Bytes:4
03:04:47.2 (17414828)|VARIABLE_ASSIGNMENT|[23]|j|5
03:04:47.2 (17423206)|STATEMENT_EXECUTE|[23]
03:04:47.2 (17424629)|STATEMENT_EXECUTE|[24]
03:04:47.2 (17426450)|VARIABLE_SCOPE_BEGIN|[24]|x|Integer|false|false
03:04:47.2 (17432145)|HEAP_ALLOCATE|[24]|Bytes:4
03:04:47.2 (17436317)|VARIABLE_ASSIGNMENT|[24]|x|0
03:04:47.2 (17440998)|HEAP_ALLOCATE|[25]|Bytes:8
03:04:47.2 (17444719)|HEAP_ALLOCATE|[25]|Bytes:8
03:04:47.2 (17448225)|STATEMENT_EXECUTE|[25]
03:04:47.2 (17449736)|HEAP_ALLOCATE|[23]|Bytes:4
03:04:47.2 (17454450)|VARIABLE_ASSIGNMENT|[23]|j|6
03:04:47.2 (17463320)|HEAP_ALLOCATE|[22]|Bytes:4
03:04:47.2 (17467923)|VARIABLE_ASSIGNMENT|[22]|i|1
03:04:47.2 (17476818)|STATEMENT_EXECUTE|[22]
03:04:47.2 (17478572)|STATEMENT_EXECUTE|[23]
03:04:47.2 (17480795)|VARIABLE_SCOPE_BEGIN|[23]|j|Integer|false|false
03:04:47.2 (17487129)|HEAP_ALLOCATE|[23]|Bytes:4
03:04:47.2 (17491380)|VARIABLE_ASSIGNMENT|[23]|j|2
03:04:47.2 (17500354)|STATEMENT_EXECUTE|[23]
03:04:47.2 (17501929)|STATEMENT_EXECUTE|[24]
03:04:47.2 (17503810)|VARIABLE_SCOPE_BEGIN|[24]|x|Integer|false|false
03:04:47.2 (17509317)|HEAP_ALLOCATE|[24]|Bytes:4
03:04:47.2 (17513440)|VARIABLE_ASSIGNMENT|[24]|x|0
03:04:47.2 (17517857)|HEAP_ALLOCATE|[25]|Bytes:8
03:04:47.2 (17521763)|HEAP_ALLOCATE|[25]|Bytes:8
03:04:47.2 (17524967)|STATEMENT_EXECUTE|[25]
03:04:47.2 (17526471)|HEAP_ALLOCATE|[23]|Bytes:4
03:04:47.2 (17530594)|VARIABLE_ASSIGNMENT|[23]|j|3
03:04:47.2 (17539109)|STATEMENT_EXECUTE|[23]
03:04:47.2 (17540483)|STATEMENT_EXECUTE|[24]
03:04:47.2 (17542300)|VARIABLE_SCOPE_BEGIN|[24]|x|Integer|false|false
03:04:47.2 (17547565)|HEAP_ALLOCATE|[24]|Bytes:4
03:04:47.2 (17552106)|VARIABLE_ASSIGNMENT|[24]|x|0
03:04:47.2 (17556518)|HEAP_ALLOCATE|[25]|Bytes:8
03:04:47.2 (17560499)|HEAP_ALLOCATE|[25]|Bytes:8
03:04:47.2 (17563731)|STATEMENT_EXECUTE|[25]
03:04:47.2 (17565216)|HEAP_ALLOCATE|[23]|Bytes:4
03:04:47.2 (17569357)|VARIABLE_ASSIGNMENT|[23]|j|4
03:04:47.2 (17578068)|STATEMENT_EXECUTE|[23]
03:04:47.2 (17579522)|STATEMENT_EXECUTE|[24]
03:04:47.2 (17581352)|VARIABLE_SCOPE_BEGIN|[24]|x|Integer|false|false
03:04:47.2 (17587043)|HEAP_ALLOCATE|[24]|Bytes:4
03:04:47.2 (17591141)|VARIABLE_ASSIGNMENT|[24]|x|0
03:04:47.2 (17595458)|HEAP_ALLOCATE|[25]|Bytes:8
03:04:47.2 (17599155)|HEAP_ALLOCATE|[25]|Bytes:8
03:04:47.2 (17602146)|STATEMENT_EXECUTE|[25]
03:04:47.2 (17603502)|STATEMENT_EXECUTE|[26]
03:04:47.2 (17605665)|HEAP_ALLOCATE|[26]|Bytes:8
03:04:47.2 (17610404)|VARIABLE_ASSIGNMENT|[26]|x|43
03:04:47.2 (17614046)|STATEMENT_EXECUTE|[27]
03:04:47.2 (17616165)|HEAP_ALLOCATE|[27]|Bytes:8
03:04:47.2 (17621740)|STATEMENT_EXECUTE|[28]
03:04:47.2 (17624479)|STATEMENT_EXECUTE|[29]
03:04:47.2 (17630810)|USER_DEBUG|[29]|DEBUG|(1, 37, 95, 443, 43, 2)
03:04:47.2 (17638159)|HEAP_ALLOCATE|[23]|Bytes:4
03:04:47.2 (17643047)|VARIABLE_ASSIGNMENT|[23]|j|5
03:04:47.2 (17652510)|STATEMENT_EXECUTE|[23]
03:04:47.2 (17653965)|STATEMENT_EXECUTE|[24]
03:04:47.2 (17655927)|VARIABLE_SCOPE_BEGIN|[24]|x|Integer|false|false
03:04:47.2 (17662505)|HEAP_ALLOCATE|[24]|Bytes:4
03:04:47.2 (17666769)|VARIABLE_ASSIGNMENT|[24]|x|0
03:04:47.2 (17671272)|HEAP_ALLOCATE|[25]|Bytes:8
03:04:47.2 (17676267)|HEAP_ALLOCATE|[25]|Bytes:8
03:04:47.2 (17679769)|STATEMENT_EXECUTE|[25]
03:04:47.2 (17681321)|STATEMENT_EXECUTE|[26]
03:04:47.2 (17683339)|HEAP_ALLOCATE|[26]|Bytes:8
03:04:47.2 (17688303)|VARIABLE_ASSIGNMENT|[26]|x|37
03:04:47.2 (17691803)|STATEMENT_EXECUTE|[27]
03:04:47.2 (17693931)|HEAP_ALLOCATE|[27]|Bytes:8
03:04:47.2 (17698982)|STATEMENT_EXECUTE|[28]
03:04:47.2 (17701652)|STATEMENT_EXECUTE|[29]
03:04:47.2 (17706681)|USER_DEBUG|[29]|DEBUG|(1, 2, 95, 443, 43, 37)
03:04:47.2 (17712387)|HEAP_ALLOCATE|[23]|Bytes:4
03:04:47.2 (17716711)|VARIABLE_ASSIGNMENT|[23]|j|6
03:04:47.2 (17726320)|HEAP_ALLOCATE|[22]|Bytes:4
03:04:47.2 (17731128)|VARIABLE_ASSIGNMENT|[22]|i|2
03:04:47.2 (17739336)|STATEMENT_EXECUTE|[22]
03:04:47.2 (17741158)|STATEMENT_EXECUTE|[23]
03:04:47.2 (17743230)|VARIABLE_SCOPE_BEGIN|[23]|j|Integer|false|false
03:04:47.2 (17749157)|HEAP_ALLOCATE|[23]|Bytes:4
03:04:47.2 (17753452)|VARIABLE_ASSIGNMENT|[23]|j|3
03:04:47.2 (17761778)|STATEMENT_EXECUTE|[23]
03:04:47.2 (17763171)|STATEMENT_EXECUTE|[24]
03:04:47.2 (17764967)|VARIABLE_SCOPE_BEGIN|[24]|x|Integer|false|false
03:04:47.2 (17770815)|HEAP_ALLOCATE|[24]|Bytes:4
03:04:47.2 (17774902)|VARIABLE_ASSIGNMENT|[24]|x|0
03:04:47.2 (17779416)|HEAP_ALLOCATE|[25]|Bytes:8
03:04:47.2 (17783525)|HEAP_ALLOCATE|[25]|Bytes:8
03:04:47.2 (17786766)|STATEMENT_EXECUTE|[25]
03:04:47.2 (17788298)|HEAP_ALLOCATE|[23]|Bytes:4
03:04:47.2 (17793290)|VARIABLE_ASSIGNMENT|[23]|j|4
03:04:47.2 (17801712)|STATEMENT_EXECUTE|[23]
03:04:47.2 (17803126)|STATEMENT_EXECUTE|[24]
03:04:47.2 (17804941)|VARIABLE_SCOPE_BEGIN|[24]|x|Integer|false|false
03:04:47.2 (17810457)|HEAP_ALLOCATE|[24]|Bytes:4
03:04:47.2 (17814669)|VARIABLE_ASSIGNMENT|[24]|x|0
03:04:47.2 (17819053)|HEAP_ALLOCATE|[25]|Bytes:8
03:04:47.2 (17822825)|HEAP_ALLOCATE|[25]|Bytes:8
03:04:47.2 (17825876)|STATEMENT_EXECUTE|[25]
03:04:47.2 (17827515)|STATEMENT_EXECUTE|[26]
03:04:47.2 (17829692)|HEAP_ALLOCATE|[26]|Bytes:8
03:04:47.2 (17834572)|VARIABLE_ASSIGNMENT|[26]|x|95
03:04:47.2 (17838547)|STATEMENT_EXECUTE|[27]
03:04:47.2 (17840599)|HEAP_ALLOCATE|[27]|Bytes:8
03:04:47.2 (17845765)|STATEMENT_EXECUTE|[28]
03:04:47.2 (17848405)|STATEMENT_EXECUTE|[29]
03:04:47.2 (17854089)|USER_DEBUG|[29]|DEBUG|(1, 2, 43, 443, 95, 37)
03:04:47.2 (17859884)|HEAP_ALLOCATE|[23]|Bytes:4
03:04:47.2 (17864532)|VARIABLE_ASSIGNMENT|[23]|j|5
03:04:47.2 (17873139)|STATEMENT_EXECUTE|[23]
03:04:47.2 (17874541)|STATEMENT_EXECUTE|[24]
03:04:47.2 (17876512)|VARIABLE_SCOPE_BEGIN|[24]|x|Integer|false|false
03:04:47.2 (17881915)|HEAP_ALLOCATE|[24]|Bytes:4
03:04:47.2 (17886171)|VARIABLE_ASSIGNMENT|[24]|x|0
03:04:47.2 (17890535)|HEAP_ALLOCATE|[25]|Bytes:8
03:04:47.2 (17894888)|HEAP_ALLOCATE|[25]|Bytes:8
03:04:47.2 (17897917)|STATEMENT_EXECUTE|[25]
03:04:47.2 (17899589)|STATEMENT_EXECUTE|[26]
03:04:47.2 (17901550)|HEAP_ALLOCATE|[26]|Bytes:8
03:04:47.2 (17906061)|VARIABLE_ASSIGNMENT|[26]|x|43
03:04:47.2 (17909567)|STATEMENT_EXECUTE|[27]
03:04:47.2 (17911747)|HEAP_ALLOCATE|[27]|Bytes:8
03:04:47.2 (17916746)|STATEMENT_EXECUTE|[28]
03:04:47.2 (17919406)|STATEMENT_EXECUTE|[29]
03:04:47.2 (17924593)|USER_DEBUG|[29]|DEBUG|(1, 2, 37, 443, 95, 43)
03:04:47.2 (17930435)|HEAP_ALLOCATE|[23]|Bytes:4
03:04:47.2 (17934942)|VARIABLE_ASSIGNMENT|[23]|j|6
03:04:47.2 (17944210)|HEAP_ALLOCATE|[22]|Bytes:4
03:04:47.2 (17949447)|VARIABLE_ASSIGNMENT|[22]|i|3
03:04:47.2 (17957536)|STATEMENT_EXECUTE|[22]
03:04:47.2 (17959270)|STATEMENT_EXECUTE|[23]
03:04:47.2 (17961442)|VARIABLE_SCOPE_BEGIN|[23]|j|Integer|false|false
03:04:47.2 (17967566)|HEAP_ALLOCATE|[23]|Bytes:4
03:04:47.2 (17971697)|VARIABLE_ASSIGNMENT|[23]|j|4
03:04:47.2 (17979837)|STATEMENT_EXECUTE|[23]
03:04:47.2 (17981311)|STATEMENT_EXECUTE|[24]
03:04:47.2 (17983298)|VARIABLE_SCOPE_BEGIN|[24]|x|Integer|false|false
03:04:47.2 (17989389)|HEAP_ALLOCATE|[24]|Bytes:4
03:04:47.2 (17993709)|VARIABLE_ASSIGNMENT|[24]|x|0
03:04:47.2 (17998296)|HEAP_ALLOCATE|[25]|Bytes:8
03:04:47.2 (18002647)|HEAP_ALLOCATE|[25]|Bytes:8
03:04:47.2 (18006645)|STATEMENT_EXECUTE|[25]
03:04:47.2 (18008111)|STATEMENT_EXECUTE|[26]
03:04:47.2 (18010311)|HEAP_ALLOCATE|[26]|Bytes:8
03:04:47.2 (18015054)|VARIABLE_ASSIGNMENT|[26]|x|443
03:04:47.2 (18018757)|STATEMENT_EXECUTE|[27]
03:04:47.2 (18020927)|HEAP_ALLOCATE|[27]|Bytes:8
03:04:47.2 (18025849)|STATEMENT_EXECUTE|[28]
03:04:47.2 (18028606)|STATEMENT_EXECUTE|[29]
03:04:47.2 (18033734)|USER_DEBUG|[29]|DEBUG|(1, 2, 37, 95, 443, 43)
03:04:47.2 (18039396)|HEAP_ALLOCATE|[23]|Bytes:4
03:04:47.2 (18044410)|VARIABLE_ASSIGNMENT|[23]|j|5
03:04:47.2 (18052842)|STATEMENT_EXECUTE|[23]
03:04:47.2 (18054233)|STATEMENT_EXECUTE|[24]
03:04:47.2 (18056144)|VARIABLE_SCOPE_BEGIN|[24]|x|Integer|false|false
03:04:47.2 (18061883)|HEAP_ALLOCATE|[24]|Bytes:4
03:04:47.2 (18066880)|VARIABLE_ASSIGNMENT|[24]|x|0
03:04:47.2 (18071867)|HEAP_ALLOCATE|[25]|Bytes:8
03:04:47.2 (18075983)|HEAP_ALLOCATE|[25]|Bytes:8
03:04:47.2 (18079546)|STATEMENT_EXECUTE|[25]
03:04:47.2 (18081098)|STATEMENT_EXECUTE|[26]
03:04:47.2 (18083201)|HEAP_ALLOCATE|[26]|Bytes:8
03:04:47.2 (18087885)|VARIABLE_ASSIGNMENT|[26]|x|95
03:04:47.2 (18091237)|STATEMENT_EXECUTE|[27]
03:04:47.2 (18093378)|HEAP_ALLOCATE|[27]|Bytes:8
03:04:47.2 (18097893)|STATEMENT_EXECUTE|[28]
03:04:47.2 (18100558)|STATEMENT_EXECUTE|[29]
03:04:47.2 (18105426)|USER_DEBUG|[29]|DEBUG|(1, 2, 37, 43, 443, 95)
03:04:47.2 (18111364)|HEAP_ALLOCATE|[23]|Bytes:4
03:04:47.2 (18115606)|VARIABLE_ASSIGNMENT|[23]|j|6
03:04:47.2 (18124722)|HEAP_ALLOCATE|[22]|Bytes:4
03:04:47.2 (18129810)|VARIABLE_ASSIGNMENT|[22]|i|4
03:04:47.2 (18137941)|STATEMENT_EXECUTE|[22]
03:04:47.2 (18139633)|STATEMENT_EXECUTE|[23]
03:04:47.2 (18141864)|VARIABLE_SCOPE_BEGIN|[23]|j|Integer|false|false
03:04:47.2 (18147548)|HEAP_ALLOCATE|[23]|Bytes:4
03:04:47.2 (18152449)|VARIABLE_ASSIGNMENT|[23]|j|5
03:04:47.2 (18160673)|STATEMENT_EXECUTE|[23]
03:04:47.2 (18162104)|STATEMENT_EXECUTE|[24]
03:04:47.2 (18163892)|VARIABLE_SCOPE_BEGIN|[24]|x|Integer|false|false
03:04:47.2 (18169379)|HEAP_ALLOCATE|[24]|Bytes:4
03:04:47.2 (18173796)|VARIABLE_ASSIGNMENT|[24]|x|0
03:04:47.2 (18178243)|HEAP_ALLOCATE|[25]|Bytes:8
03:04:47.2 (18182544)|HEAP_ALLOCATE|[25]|Bytes:8
03:04:47.2 (18186070)|STATEMENT_EXECUTE|[25]
03:04:47.2 (18187409)|STATEMENT_EXECUTE|[26]
03:04:47.2 (18189473)|HEAP_ALLOCATE|[26]|Bytes:8
03:04:47.2 (18194235)|VARIABLE_ASSIGNMENT|[26]|x|443
03:04:47.2 (18198133)|STATEMENT_EXECUTE|[27]
03:04:47.2 (18200442)|HEAP_ALLOCATE|[27]|Bytes:8
03:04:47.2 (18205284)|STATEMENT_EXECUTE|[28]
03:04:47.2 (18208075)|STATEMENT_EXECUTE|[29]
03:04:47.2 (18213146)|USER_DEBUG|[29]|DEBUG|(1, 2, 37, 43, 95, 443)
03:04:47.2 (18218977)|HEAP_ALLOCATE|[23]|Bytes:4
03:04:47.2 (18223948)|VARIABLE_ASSIGNMENT|[23]|j|6
03:04:47.2 (18232999)|HEAP_ALLOCATE|[22]|Bytes:4
03:04:47.2 (18237637)|VARIABLE_ASSIGNMENT|[22]|i|5
03:04:47.2 (18245848)|STATEMENT_EXECUTE|[22]
03:04:47.2 (18247670)|STATEMENT_EXECUTE|[23]
03:04:47.2 (18249699)|VARIABLE_SCOPE_BEGIN|[23]|j|Integer|false|false
03:04:47.2 (18255777)|HEAP_ALLOCATE|[23]|Bytes:4
03:04:47.2 (18260527)|VARIABLE_ASSIGNMENT|[23]|j|6
03:04:47.2 (18268657)|STATEMENT_EXECUTE|[23]
03:04:47.2 (18270416)|HEAP_ALLOCATE|[22]|Bytes:4
03:04:47.2 (18275054)|VARIABLE_ASSIGNMENT|[22]|i|6
03:04:47.2 (18291468)|METHOD_EXIT|[3]|01p6F00000MPtB2|Array_Operations.Assending()
03:04:47.2 (18297433)|SYSTEM_MODE_EXIT|false
03:04:47.2 (18303204)|STATEMENT_EXECUTE|[4]
03:04:47.2 (18322517)|SYSTEM_MODE_ENTER|false
03:04:47.2 (18334060)|HEAP_ALLOCATE|[4]|Bytes:5
03:04:47.2 (18344289)|METHOD_ENTRY|[4]|01p6F00000MPtB2|Array_Operations.Descending()
03:04:47.2 (18363388)|VARIABLE_SCOPE_BEGIN|[3]|this|Array_Operations|true|false
03:04:47.2 (18384462)|VARIABLE_ASSIGNMENT|[3]|this|{"integerList":"0x4fb3d128"}|0x5baa2874
03:04:47.2 (18394721)|HEAP_ALLOCATE|[4]|Bytes:5
03:04:47.2 (18398941)|STATEMENT_EXECUTE|[3]
03:04:47.2 (18400426)|STATEMENT_EXECUTE|[4]
03:04:47.2 (18410458)|HEAP_ALLOCATE|[4]|Bytes:4
03:04:47.2 (18437350)|HEAP_ALLOCATE|[4]|Bytes:4
03:04:47.2 (18446742)|HEAP_ALLOCATE|[4]|Bytes:4
03:04:47.2 (18453362)|HEAP_ALLOCATE|[4]|Bytes:4
03:04:47.2 (18459259)|HEAP_ALLOCATE|[4]|Bytes:4
03:04:47.2 (18465194)|HEAP_ALLOCATE|[4]|Bytes:4
03:04:47.2 (18471145)|HEAP_ALLOCATE|[4]|Bytes:4
03:04:47.2 (18477908)|VARIABLE_SCOPE_BEGIN|[4]|integerList|List<Integer>|true|false
03:04:47.2 (18506284)|HEAP_ALLOCATE|[EXTERNAL]|Bytes:28
03:04:47.2 (18518073)|VARIABLE_ASSIGNMENT|[4]|integerList|"List of size 6 too large to display"|0x39c6a02c
03:04:47.2 (18524351)|STATEMENT_EXECUTE|[5]
03:04:47.2 (18527652)|HEAP_ALLOCATE|[5]|Bytes:27
03:04:47.2 (18546985)|USER_DEBUG|[5]|DEBUG|Sorting in Descending order
03:04:47.2 (18555493)|STATEMENT_EXECUTE|[6]
03:04:47.2 (18558346)|VARIABLE_SCOPE_BEGIN|[6]|i|Integer|false|false
03:04:47.2 (18565458)|HEAP_ALLOCATE|[6]|Bytes:4
03:04:47.2 (18571094)|VARIABLE_ASSIGNMENT|[6]|i|0
03:04:47.2 (18590707)|STATEMENT_EXECUTE|[6]
03:04:47.2 (18592651)|STATEMENT_EXECUTE|[7]
03:04:47.2 (18595395)|VARIABLE_SCOPE_BEGIN|[7]|j|Integer|false|false
03:04:47.2 (18601636)|HEAP_ALLOCATE|[7]|Bytes:4
03:04:47.2 (18607286)|VARIABLE_ASSIGNMENT|[7]|j|1
03:04:47.2 (18621585)|STATEMENT_EXECUTE|[7]
03:04:47.2 (18623215)|STATEMENT_EXECUTE|[8]
03:04:47.2 (18625262)|VARIABLE_SCOPE_BEGIN|[8]|x|Integer|false|false
03:04:47.2 (18632897)|HEAP_ALLOCATE|[8]|Bytes:4
03:04:47.2 (18637421)|VARIABLE_ASSIGNMENT|[8]|x|0
03:04:47.2 (18643593)|HEAP_ALLOCATE|[9]|Bytes:8
03:04:47.2 (18648991)|HEAP_ALLOCATE|[9]|Bytes:8
03:04:47.2 (18652370)|STATEMENT_EXECUTE|[9]
03:04:47.2 (18654098)|HEAP_ALLOCATE|[7]|Bytes:4
03:04:47.2 (18658437)|VARIABLE_ASSIGNMENT|[7]|j|2
03:04:47.2 (18667448)|STATEMENT_EXECUTE|[7]
03:04:47.2 (18668874)|STATEMENT_EXECUTE|[8]
03:04:47.2 (18670733)|VARIABLE_SCOPE_BEGIN|[8]|x|Integer|false|false
03:04:47.2 (18676724)|HEAP_ALLOCATE|[8]|Bytes:4
03:04:47.2 (18681437)|VARIABLE_ASSIGNMENT|[8]|x|0
03:04:47.2 (18685851)|HEAP_ALLOCATE|[9]|Bytes:8
03:04:47.2 (18690002)|HEAP_ALLOCATE|[9]|Bytes:8
03:04:47.2 (18693298)|STATEMENT_EXECUTE|[9]
03:04:47.2 (18694661)|STATEMENT_EXECUTE|[10]
03:04:47.2 (18697245)|HEAP_ALLOCATE|[10]|Bytes:8
03:04:47.2 (18702211)|VARIABLE_ASSIGNMENT|[10]|x|43
03:04:47.2 (18706272)|STATEMENT_EXECUTE|[11]
03:04:47.2 (18708702)|HEAP_ALLOCATE|[11]|Bytes:8
03:04:47.2 (18716171)|STATEMENT_EXECUTE|[12]
03:04:47.2 (18719640)|STATEMENT_EXECUTE|[13]
03:04:47.2 (18737556)|USER_DEBUG|[13]|DEBUG|(95, 1, 43, 443, 37, 2)
03:04:47.2 (18745343)|HEAP_ALLOCATE|[7]|Bytes:4
03:04:47.2 (18751063)|VARIABLE_ASSIGNMENT|[7]|j|3
03:04:47.2 (18761064)|STATEMENT_EXECUTE|[7]
03:04:47.2 (18762571)|STATEMENT_EXECUTE|[8]
03:04:47.2 (18764569)|VARIABLE_SCOPE_BEGIN|[8]|x|Integer|false|false
03:04:47.2 (18771188)|HEAP_ALLOCATE|[8]|Bytes:4
03:04:47.2 (18775546)|VARIABLE_ASSIGNMENT|[8]|x|0
03:04:47.2 (18780353)|HEAP_ALLOCATE|[9]|Bytes:8
03:04:47.2 (18785142)|HEAP_ALLOCATE|[9]|Bytes:8
03:04:47.2 (18788874)|STATEMENT_EXECUTE|[9]
03:04:47.2 (18790492)|STATEMENT_EXECUTE|[10]
03:04:47.2 (18792598)|HEAP_ALLOCATE|[10]|Bytes:8
03:04:47.2 (18797634)|VARIABLE_ASSIGNMENT|[10]|x|95
03:04:47.2 (18801223)|STATEMENT_EXECUTE|[11]
03:04:47.2 (18803353)|HEAP_ALLOCATE|[11]|Bytes:8
03:04:47.2 (18808975)|STATEMENT_EXECUTE|[12]
03:04:47.2 (18811640)|STATEMENT_EXECUTE|[13]
03:04:47.2 (18817377)|USER_DEBUG|[13]|DEBUG|(443, 1, 43, 95, 37, 2)
03:04:47.2 (18823841)|HEAP_ALLOCATE|[7]|Bytes:4
03:04:47.2 (18828576)|VARIABLE_ASSIGNMENT|[7]|j|4
03:04:47.2 (18837605)|STATEMENT_EXECUTE|[7]
03:04:47.2 (18839037)|STATEMENT_EXECUTE|[8]
03:04:47.2 (18840969)|VARIABLE_SCOPE_BEGIN|[8]|x|Integer|false|false
03:04:47.2 (18846827)|HEAP_ALLOCATE|[8]|Bytes:4
03:04:47.2 (18854322)|VARIABLE_ASSIGNMENT|[8]|x|0
03:04:47.2 (18858972)|HEAP_ALLOCATE|[9]|Bytes:8
03:04:47.2 (18863725)|HEAP_ALLOCATE|[9]|Bytes:8
03:04:47.2 (18867447)|STATEMENT_EXECUTE|[9]
03:04:47.2 (18868983)|HEAP_ALLOCATE|[7]|Bytes:4
03:04:47.2 (18873190)|VARIABLE_ASSIGNMENT|[7]|j|5
03:04:47.2 (18882352)|STATEMENT_EXECUTE|[7]
03:04:47.2 (18883724)|STATEMENT_EXECUTE|[8]
03:04:47.2 (18885591)|VARIABLE_SCOPE_BEGIN|[8]|x|Integer|false|false
03:04:47.2 (18891312)|HEAP_ALLOCATE|[8]|Bytes:4
03:04:47.2 (18895365)|VARIABLE_ASSIGNMENT|[8]|x|0
03:04:47.2 (18899955)|HEAP_ALLOCATE|[9]|Bytes:8
03:04:47.2 (18903645)|HEAP_ALLOCATE|[9]|Bytes:8
03:04:47.2 (18906764)|STATEMENT_EXECUTE|[9]
03:04:47.2 (18908301)|HEAP_ALLOCATE|[7]|Bytes:4
03:04:47.2 (18912920)|VARIABLE_ASSIGNMENT|[7]|j|6
03:04:47.2 (18922085)|HEAP_ALLOCATE|[6]|Bytes:4
03:04:47.2 (18926971)|VARIABLE_ASSIGNMENT|[6]|i|1
03:04:47.2 (18934824)|STATEMENT_EXECUTE|[6]
03:04:47.2 (18936581)|STATEMENT_EXECUTE|[7]
03:04:47.2 (18938681)|VARIABLE_SCOPE_BEGIN|[7]|j|Integer|false|false
03:04:47.2 (18944348)|HEAP_ALLOCATE|[7]|Bytes:4
03:04:47.2 (18949432)|VARIABLE_ASSIGNMENT|[7]|j|2
03:04:47.2 (18957560)|STATEMENT_EXECUTE|[7]
03:04:47.2 (18958952)|STATEMENT_EXECUTE|[8]
03:04:47.2 (18960728)|VARIABLE_SCOPE_BEGIN|[8]|x|Integer|false|false
03:04:47.2 (18966237)|HEAP_ALLOCATE|[8]|Bytes:4
03:04:47.2 (18970625)|VARIABLE_ASSIGNMENT|[8]|x|0
03:04:47.2 (18975086)|HEAP_ALLOCATE|[9]|Bytes:8
03:04:47.2 (18979705)|HEAP_ALLOCATE|[9]|Bytes:8
03:04:47.2 (18982955)|STATEMENT_EXECUTE|[9]
03:04:47.2 (18984348)|STATEMENT_EXECUTE|[10]
03:04:47.2 (18986897)|HEAP_ALLOCATE|[10]|Bytes:8
03:04:47.2 (18991667)|VARIABLE_ASSIGNMENT|[10]|x|1
03:04:47.2 (18995156)|STATEMENT_EXECUTE|[11]
03:04:47.2 (18997314)|HEAP_ALLOCATE|[11]|Bytes:8
03:04:47.2 (19002625)|STATEMENT_EXECUTE|[12]
03:04:47.2 (19006127)|STATEMENT_EXECUTE|[13]
03:04:47.2 (19011907)|USER_DEBUG|[13]|DEBUG|(443, 43, 1, 95, 37, 2)
03:04:47.2 (19018259)|HEAP_ALLOCATE|[7]|Bytes:4
03:04:47.2 (19022923)|VARIABLE_ASSIGNMENT|[7]|j|3
03:04:47.2 (19031971)|STATEMENT_EXECUTE|[7]
03:04:47.2 (19033372)|STATEMENT_EXECUTE|[8]
03:04:47.2 (19035269)|VARIABLE_SCOPE_BEGIN|[8]|x|Integer|false|false
03:04:47.2 (19040859)|HEAP_ALLOCATE|[8]|Bytes:4
03:04:47.2 (19045040)|VARIABLE_ASSIGNMENT|[8]|x|0
03:04:47.2 (19049701)|HEAP_ALLOCATE|[9]|Bytes:8
03:04:47.2 (19054012)|HEAP_ALLOCATE|[9]|Bytes:8
03:04:47.2 (19057360)|STATEMENT_EXECUTE|[9]
03:04:47.2 (19058719)|STATEMENT_EXECUTE|[10]
03:04:47.2 (19060845)|HEAP_ALLOCATE|[10]|Bytes:8
03:04:47.2 (19065505)|VARIABLE_ASSIGNMENT|[10]|x|43
03:04:47.2 (19068837)|STATEMENT_EXECUTE|[11]
03:04:47.2 (19070851)|HEAP_ALLOCATE|[11]|Bytes:8
03:04:47.2 (19075445)|STATEMENT_EXECUTE|[12]
03:04:47.2 (19078096)|STATEMENT_EXECUTE|[13]
03:04:47.2 (19083044)|USER_DEBUG|[13]|DEBUG|(443, 95, 1, 43, 37, 2)
03:04:47.2 (19089067)|HEAP_ALLOCATE|[7]|Bytes:4
03:04:47.2 (19093710)|VARIABLE_ASSIGNMENT|[7]|j|4
03:04:47.2 (19102524)|STATEMENT_EXECUTE|[7]
03:04:47.2 (19103933)|STATEMENT_EXECUTE|[8]
03:04:47.2 (19105852)|VARIABLE_SCOPE_BEGIN|[8]|x|Integer|false|false
03:04:47.2 (19111562)|HEAP_ALLOCATE|[8]|Bytes:4
03:04:47.2 (19115775)|VARIABLE_ASSIGNMENT|[8]|x|0
03:04:47.2 (19120295)|HEAP_ALLOCATE|[9]|Bytes:8
03:04:47.2 (19124587)|HEAP_ALLOCATE|[9]|Bytes:8
03:04:47.2 (19128205)|STATEMENT_EXECUTE|[9]
03:04:47.2 (19129892)|HEAP_ALLOCATE|[7]|Bytes:4
03:04:47.2 (19134829)|VARIABLE_ASSIGNMENT|[7]|j|5
03:04:47.2 (19143168)|STATEMENT_EXECUTE|[7]
03:04:47.2 (19144567)|STATEMENT_EXECUTE|[8]
03:04:47.2 (19146386)|VARIABLE_SCOPE_BEGIN|[8]|x|Integer|false|false
03:04:47.2 (19152038)|HEAP_ALLOCATE|[8]|Bytes:4
03:04:47.2 (19156312)|VARIABLE_ASSIGNMENT|[8]|x|0
03:04:47.2 (19160843)|HEAP_ALLOCATE|[9]|Bytes:8
03:04:47.2 (19164725)|HEAP_ALLOCATE|[9]|Bytes:8
03:04:47.2 (19167760)|STATEMENT_EXECUTE|[9]
03:04:47.2 (19169838)|HEAP_ALLOCATE|[7]|Bytes:4
03:04:47.2 (19173923)|VARIABLE_ASSIGNMENT|[7]|j|6
03:04:47.2 (19182857)|HEAP_ALLOCATE|[6]|Bytes:4
03:04:47.2 (19187461)|VARIABLE_ASSIGNMENT|[6]|i|2
03:04:47.2 (19195449)|STATEMENT_EXECUTE|[6]
03:04:47.2 (19197221)|STATEMENT_EXECUTE|[7]
03:04:47.2 (19199391)|VARIABLE_SCOPE_BEGIN|[7]|j|Integer|false|false
03:04:47.2 (19205085)|HEAP_ALLOCATE|[7]|Bytes:4
03:04:47.2 (19209334)|VARIABLE_ASSIGNMENT|[7]|j|3
03:04:47.2 (19217595)|STATEMENT_EXECUTE|[7]
03:04:47.2 (19218975)|STATEMENT_EXECUTE|[8]
03:04:47.2 (19220778)|VARIABLE_SCOPE_BEGIN|[8]|x|Integer|false|false
03:04:47.2 (19226114)|HEAP_ALLOCATE|[8]|Bytes:4
03:04:47.2 (19230705)|VARIABLE_ASSIGNMENT|[8]|x|0
03:04:47.2 (19235328)|HEAP_ALLOCATE|[9]|Bytes:8
03:04:47.2 (19239495)|HEAP_ALLOCATE|[9]|Bytes:8
03:04:47.2 (19242841)|STATEMENT_EXECUTE|[9]
03:04:47.2 (19244209)|STATEMENT_EXECUTE|[10]
03:04:47.2 (19246367)|HEAP_ALLOCATE|[10]|Bytes:8
03:04:47.2 (19251270)|VARIABLE_ASSIGNMENT|[10]|x|1
03:04:47.2 (19254805)|STATEMENT_EXECUTE|[11]
03:04:47.2 (19257429)|HEAP_ALLOCATE|[11]|Bytes:8
03:04:47.2 (19262522)|STATEMENT_EXECUTE|[12]
03:04:47.2 (19265396)|STATEMENT_EXECUTE|[13]
03:04:47.2 (19270767)|USER_DEBUG|[13]|DEBUG|(443, 95, 43, 1, 37, 2)
03:04:47.2 (19277005)|HEAP_ALLOCATE|[7]|Bytes:4
03:04:47.2 (19286811)|VARIABLE_ASSIGNMENT|[7]|j|4
03:04:47.2 (19296070)|STATEMENT_EXECUTE|[7]
03:04:47.2 (19297593)|STATEMENT_EXECUTE|[8]
03:04:47.2 (19299601)|VARIABLE_SCOPE_BEGIN|[8]|x|Integer|false|false
03:04:47.2 (19306307)|HEAP_ALLOCATE|[8]|Bytes:4
03:04:47.2 (19310754)|VARIABLE_ASSIGNMENT|[8]|x|0
03:04:47.2 (19315882)|HEAP_ALLOCATE|[9]|Bytes:8
03:04:47.2 (19320208)|HEAP_ALLOCATE|[9]|Bytes:8
03:04:47.2 (19323854)|STATEMENT_EXECUTE|[9]
03:04:47.2 (19325412)|HEAP_ALLOCATE|[7]|Bytes:4
03:04:47.2 (19329841)|VARIABLE_ASSIGNMENT|[7]|j|5
03:04:47.2 (19337950)|STATEMENT_EXECUTE|[7]
03:04:47.2 (19339342)|STATEMENT_EXECUTE|[8]
03:04:47.2 (19341164)|VARIABLE_SCOPE_BEGIN|[8]|x|Integer|false|false
03:04:47.2 (19347161)|HEAP_ALLOCATE|[8]|Bytes:4
03:04:47.2 (19351996)|VARIABLE_ASSIGNMENT|[8]|x|0
03:04:47.2 (19356384)|HEAP_ALLOCATE|[9]|Bytes:8
03:04:47.2 (19360733)|HEAP_ALLOCATE|[9]|Bytes:8
03:04:47.2 (19364016)|STATEMENT_EXECUTE|[9]
03:04:47.2 (19365565)|HEAP_ALLOCATE|[7]|Bytes:4
03:04:47.2 (19369950)|VARIABLE_ASSIGNMENT|[7]|j|6
03:04:47.2 (19378661)|HEAP_ALLOCATE|[6]|Bytes:4
03:04:47.2 (19383278)|VARIABLE_ASSIGNMENT|[6]|i|3
03:04:47.2 (19391328)|STATEMENT_EXECUTE|[6]
03:04:47.2 (19393084)|STATEMENT_EXECUTE|[7]
03:04:47.2 (19395148)|VARIABLE_SCOPE_BEGIN|[7]|j|Integer|false|false
03:04:47.2 (19401360)|HEAP_ALLOCATE|[7]|Bytes:4
03:04:47.2 (19405705)|VARIABLE_ASSIGNMENT|[7]|j|4
03:04:47.2 (19414016)|STATEMENT_EXECUTE|[7]
03:04:47.2 (19415407)|STATEMENT_EXECUTE|[8]
03:04:47.2 (19417226)|VARIABLE_SCOPE_BEGIN|[8]|x|Integer|false|false
03:04:47.2 (19422862)|HEAP_ALLOCATE|[8]|Bytes:4
03:04:47.2 (19426924)|VARIABLE_ASSIGNMENT|[8]|x|0
03:04:47.2 (19431399)|HEAP_ALLOCATE|[9]|Bytes:8
03:04:47.2 (19435534)|HEAP_ALLOCATE|[9]|Bytes:8
03:04:47.2 (19439068)|STATEMENT_EXECUTE|[9]
03:04:47.2 (19440635)|STATEMENT_EXECUTE|[10]
03:04:47.2 (19442886)|HEAP_ALLOCATE|[10]|Bytes:8
03:04:47.2 (19447621)|VARIABLE_ASSIGNMENT|[10]|x|1
03:04:47.2 (19451317)|STATEMENT_EXECUTE|[11]
03:04:47.2 (19453412)|HEAP_ALLOCATE|[11]|Bytes:8
03:04:47.2 (19458362)|STATEMENT_EXECUTE|[12]
03:04:47.2 (19460970)|STATEMENT_EXECUTE|[13]
03:04:47.2 (19466678)|USER_DEBUG|[13]|DEBUG|(443, 95, 43, 37, 1, 2)
03:04:47.2 (19473101)|HEAP_ALLOCATE|[7]|Bytes:4
03:04:47.2 (19478015)|VARIABLE_ASSIGNMENT|[7]|j|5
03:04:47.2 (19487139)|STATEMENT_EXECUTE|[7]
03:04:47.2 (19488586)|STATEMENT_EXECUTE|[8]
03:04:47.2 (19490495)|VARIABLE_SCOPE_BEGIN|[8]|x|Integer|false|false
03:04:47.2 (19496234)|HEAP_ALLOCATE|[8]|Bytes:4
03:04:47.2 (19500499)|VARIABLE_ASSIGNMENT|[8]|x|0
03:04:47.2 (19505113)|HEAP_ALLOCATE|[9]|Bytes:8
03:04:47.2 (19508922)|HEAP_ALLOCATE|[9]|Bytes:8
03:04:47.2 (19512656)|STATEMENT_EXECUTE|[9]
03:04:47.2 (19514196)|HEAP_ALLOCATE|[7]|Bytes:4
03:04:47.2 (19519394)|VARIABLE_ASSIGNMENT|[7]|j|6
03:04:47.2 (19527951)|HEAP_ALLOCATE|[6]|Bytes:4
03:04:47.2 (19532699)|VARIABLE_ASSIGNMENT|[6]|i|4
03:04:47.2 (19540927)|STATEMENT_EXECUTE|[6]
03:04:47.2 (19542667)|STATEMENT_EXECUTE|[7]
03:04:47.2 (19544849)|VARIABLE_SCOPE_BEGIN|[7]|j|Integer|false|false
03:04:47.2 (19551203)|HEAP_ALLOCATE|[7]|Bytes:4
03:04:47.2 (19555956)|VARIABLE_ASSIGNMENT|[7]|j|5
03:04:47.2 (19563992)|STATEMENT_EXECUTE|[7]
03:04:47.2 (19565413)|STATEMENT_EXECUTE|[8]
03:04:47.2 (19567299)|VARIABLE_SCOPE_BEGIN|[8]|x|Integer|false|false
03:04:47.2 (19572822)|HEAP_ALLOCATE|[8]|Bytes:4
03:04:47.2 (19576920)|VARIABLE_ASSIGNMENT|[8]|x|0
03:04:47.2 (19581392)|HEAP_ALLOCATE|[9]|Bytes:8
03:04:47.2 (19585839)|HEAP_ALLOCATE|[9]|Bytes:8
03:04:47.2 (19588964)|STATEMENT_EXECUTE|[9]
03:04:47.2 (19590343)|STATEMENT_EXECUTE|[10]
03:04:47.2 (19592447)|HEAP_ALLOCATE|[10]|Bytes:8
03:04:47.2 (19597032)|VARIABLE_ASSIGNMENT|[10]|x|1
03:04:47.2 (19600461)|STATEMENT_EXECUTE|[11]
03:04:47.2 (19602510)|HEAP_ALLOCATE|[11]|Bytes:8
03:04:47.2 (19607482)|STATEMENT_EXECUTE|[12]
03:04:47.2 (19610305)|STATEMENT_EXECUTE|[13]
03:04:47.2 (19615611)|USER_DEBUG|[13]|DEBUG|(443, 95, 43, 37, 2, 1)
03:04:47.2 (19621821)|HEAP_ALLOCATE|[7]|Bytes:4
03:04:47.2 (19626564)|VARIABLE_ASSIGNMENT|[7]|j|6
03:04:47.2 (19635626)|HEAP_ALLOCATE|[6]|Bytes:4
03:04:47.2 (19640403)|VARIABLE_ASSIGNMENT|[6]|i|5
03:04:47.2 (19648447)|STATEMENT_EXECUTE|[6]
03:04:47.2 (19650375)|STATEMENT_EXECUTE|[7]
03:04:47.2 (19652476)|VARIABLE_SCOPE_BEGIN|[7]|j|Integer|false|false
03:04:47.2 (19657824)|HEAP_ALLOCATE|[7]|Bytes:4
03:04:47.2 (19662202)|VARIABLE_ASSIGNMENT|[7]|j|6
03:04:47.2 (19670696)|STATEMENT_EXECUTE|[7]
03:04:47.2 (19672641)|HEAP_ALLOCATE|[6]|Bytes:4
03:04:47.2 (19677124)|VARIABLE_ASSIGNMENT|[6]|i|6
03:04:47.2 (19690329)|METHOD_EXIT|[4]|01p6F00000MPtB2|Array_Operations.Descending()
03:04:47.2 (19696127)|SYSTEM_MODE_EXIT|false
03:04:47.2 (19701932)|STATEMENT_EXECUTE|[5]
03:04:47.2 (19721065)|SYSTEM_MODE_ENTER|false
03:04:47.2 (19732442)|HEAP_ALLOCATE|[5]|Bytes:5
03:04:47.2 (19742467)|METHOD_ENTRY|[5]|01p6F00000MPtB2|Array_Operations.Duplicate()
03:04:47.2 (19760660)|VARIABLE_SCOPE_BEGIN|[61]|this|Array_Operations|true|false
03:04:47.2 (19782368)|VARIABLE_ASSIGNMENT|[61]|this|{"integerList":"0x4fb3d128"}|0x5baa2874
03:04:47.2 (19792456)|HEAP_ALLOCATE|[64]|Bytes:5
03:04:47.2 (19796846)|STATEMENT_EXECUTE|[61]
03:04:47.2 (19798325)|STATEMENT_EXECUTE|[64]
03:04:47.2 (19824589)|STATEMENT_EXECUTE|[65]
03:04:47.2 (19845039)|USER_DEBUG|[65]|DEBUG|(1, 2, 37, 43, 95, 443)
03:04:47.2 (19856787)|METHOD_EXIT|[5]|01p6F00000MPtB2|Array_Operations.Duplicate()
03:04:47.2 (19862709)|SYSTEM_MODE_EXIT|false
03:04:47.19 (19893293)|CUMULATIVE_LIMIT_USAGE
03:04:47.19 (19893293)|LIMIT_USAGE_FOR_NS|(default)|
  Number of SOQL queries: 0 out of 100
  Number of query rows: 0 out of 50000
  Number of SOSL queries: 0 out of 20
  Number of DML statements: 0 out of 150
  Number of DML rows: 0 out of 10000
  Maximum CPU time: 0 out of 10000
  Maximum heap size: 0 out of 6000000
  Number of callouts: 0 out of 100
  Number of Email Invocations: 0 out of 10
  Number of future calls: 0 out of 50
  Number of queueable jobs added to the queue: 0 out of 50
  Number of Mobile Apex push calls: 0 out of 10

03:04:47.19 (19893293)|CUMULATIVE_LIMIT_USAGE_END

03:04:47.2 (19928490)|CODE_UNIT_FINISHED|execute_anonymous_apex
03:04:47.2 (20866797)|EXECUTION_FINISHED
