44.0 APEX_CODE,FINEST;APEX_PROFILING,INFO;CALLOUT,INFO;DB,INFO;NBA,INFO;SYSTEM,DEBUG;VALIDATION,INFO;VISUALFORCE,INFO;WAVE,INFO;WORKFLOW,INFO
Execute Anonymous: 
Execute Anonymous: Array_Operations obj = new Array_Operations();
Execute Anonymous: obj.MaximumNum();
08:36:34.1 (1074014)|USER_INFO|[EXTERNAL]|0056F00000ATCAZ|ayman.shaikh@gmail.com|Pacific Standard Time|GMT-07:00
08:36:34.1 (1093094)|EXECUTION_STARTED
08:36:34.1 (1096753)|CODE_UNIT_STARTED|[EXTERNAL]|execute_anonymous_apex
08:36:34.1 (10767737)|VARIABLE_SCOPE_BEGIN|[2]|obj|Array_Operations|true|false
08:36:34.1 (10920454)|HEAP_ALLOCATE|[72]|Bytes:3
08:36:34.1 (10961134)|HEAP_ALLOCATE|[77]|Bytes:152
08:36:34.1 (10975223)|HEAP_ALLOCATE|[342]|Bytes:408
08:36:34.1 (10987379)|HEAP_ALLOCATE|[355]|Bytes:408
08:36:34.1 (10998426)|HEAP_ALLOCATE|[467]|Bytes:48
08:36:34.1 (11023200)|HEAP_ALLOCATE|[139]|Bytes:6
08:36:34.1 (11047228)|HEAP_ALLOCATE|[EXTERNAL]|Bytes:3
08:36:34.1 (11073558)|STATEMENT_EXECUTE|[1]
08:36:34.1 (11076282)|STATEMENT_EXECUTE|[2]
08:36:34.1 (11079725)|HEAP_ALLOCATE|[2]|Bytes:7
08:36:34.1 (11085097)|HEAP_ALLOCATE|[2]|Bytes:16
08:36:34.1 (11110733)|METHOD_ENTRY|[1]|01p6F00000MPtB2|Array_Operations.Array_Operations()
08:36:34.1 (11128391)|STATEMENT_EXECUTE|[1]
08:36:34.1 (11133221)|STATEMENT_EXECUTE|[1]
08:36:34.1 (11166893)|HEAP_ALLOCATE|[50]|Bytes:5
08:36:34.1 (11193123)|HEAP_ALLOCATE|[56]|Bytes:5
08:36:34.1 (11204910)|HEAP_ALLOCATE|[64]|Bytes:7
08:36:34.1 (11227972)|SYSTEM_MODE_ENTER|false
08:36:34.1 (11244054)|HEAP_ALLOCATE|[2]|Bytes:5
08:36:34.1 (11253840)|SYSTEM_MODE_EXIT|false
08:36:34.1 (11267391)|METHOD_EXIT|[1]|Array_Operations
08:36:34.1 (11321864)|HEAP_ALLOCATE|[2]|Bytes:8
08:36:34.1 (11357043)|SYSTEM_MODE_ENTER|false
08:36:34.1 (11381992)|HEAP_ALLOCATE|[2]|Bytes:5
08:36:34.1 (11396325)|CONSTRUCTOR_ENTRY|[2]|01p6F00000MPtB2|<init>()|Array_Operations
08:36:34.1 (11421691)|VARIABLE_SCOPE_BEGIN|[1]|this|Array_Operations|true|false
08:36:34.1 (11486517)|VARIABLE_ASSIGNMENT|[1]|this|{}|0x5201f83b
08:36:34.1 (11503605)|HEAP_ALLOCATE|[2]|Bytes:5
08:36:34.1 (11516939)|HEAP_ALLOCATE|[2]|Bytes:6
08:36:34.1 (11566082)|STATEMENT_EXECUTE|[1]
08:36:34.1 (11572327)|HEAP_ALLOCATE|[2]|Bytes:5
08:36:34.1 (11576871)|STATEMENT_EXECUTE|[2]
08:36:34.1 (11587982)|HEAP_ALLOCATE|[2]|Bytes:4
08:36:34.1 (11638379)|HEAP_ALLOCATE|[2]|Bytes:4
08:36:34.1 (11650469)|HEAP_ALLOCATE|[2]|Bytes:4
08:36:34.1 (11654454)|HEAP_ALLOCATE|[2]|Bytes:4
08:36:34.1 (11658343)|HEAP_ALLOCATE|[2]|Bytes:4
08:36:34.1 (11662281)|HEAP_ALLOCATE|[2]|Bytes:4
08:36:34.1 (11665665)|HEAP_ALLOCATE|[2]|Bytes:4
08:36:34.1 (11691321)|HEAP_ALLOCATE|[EXTERNAL]|Bytes:28
08:36:34.1 (11710362)|VARIABLE_ASSIGNMENT|[2]|this.integerList|"List of size 6 too large to display"|0x5201f83b
08:36:34.1 (11720826)|CONSTRUCTOR_EXIT|[2]|01p6F00000MPtB2|<init>()|Array_Operations
08:36:34.1 (11728642)|SYSTEM_MODE_EXIT|false
08:36:34.1 (11754450)|VARIABLE_ASSIGNMENT|[2]|obj|{"integerList":"0x30cea7e2"}|0x5201f83b
08:36:34.1 (11761501)|STATEMENT_EXECUTE|[3]
08:36:34.1 (11785182)|SYSTEM_MODE_ENTER|false
08:36:34.1 (11803432)|HEAP_ALLOCATE|[3]|Bytes:5
08:36:34.1 (11821852)|METHOD_ENTRY|[3]|01p6F00000MPtB2|Array_Operations.MaximumNum()
08:36:34.1 (11852642)|VARIABLE_SCOPE_BEGIN|[35]|this|Array_Operations|true|false
08:36:34.1 (11878881)|VARIABLE_ASSIGNMENT|[35]|this|{"integerList":"0x30cea7e2"}|0x5201f83b
08:36:34.1 (11892016)|HEAP_ALLOCATE|[36]|Bytes:5
08:36:34.1 (11896701)|STATEMENT_EXECUTE|[35]
08:36:34.1 (11898420)|STATEMENT_EXECUTE|[36]
08:36:34.1 (11901340)|HEAP_ALLOCATE|[36]|Bytes:32
08:36:34.1 (11959930)|USER_DEBUG|[36]|DEBUG|Maximum number among whole Array
08:36:34.1 (11972382)|STATEMENT_EXECUTE|[37]
08:36:34.1 (11983478)|HEAP_ALLOCATE|[37]|Bytes:8
08:36:34.1 (12003569)|VARIABLE_SCOPE_BEGIN|[37]|int_max|Integer|false|false
08:36:34.1 (12022437)|VARIABLE_ASSIGNMENT|[37]|int_max|43
08:36:34.1 (12030086)|STATEMENT_EXECUTE|[38]
08:36:34.1 (12034423)|VARIABLE_SCOPE_BEGIN|[38]|i|Integer|false|false
08:36:34.1 (12046648)|HEAP_ALLOCATE|[38]|Bytes:4
08:36:34.1 (12055079)|VARIABLE_ASSIGNMENT|[38]|i|0
08:36:34.1 (12099204)|STATEMENT_EXECUTE|[38]
08:36:34.1 (12108294)|HEAP_ALLOCATE|[39]|Bytes:8
08:36:34.1 (12116882)|STATEMENT_EXECUTE|[39]
08:36:34.1 (12119187)|STATEMENT_EXECUTE|[44]
08:36:34.1 (12140193)|USER_DEBUG|[44]|DEBUG|43
08:36:34.1 (12155042)|HEAP_ALLOCATE|[38]|Bytes:4
08:36:34.1 (12165711)|VARIABLE_ASSIGNMENT|[38]|i|1
08:36:34.1 (12185104)|STATEMENT_EXECUTE|[38]
08:36:34.1 (12191359)|HEAP_ALLOCATE|[39]|Bytes:8
08:36:34.1 (12199127)|STATEMENT_EXECUTE|[39]
08:36:34.1 (12201162)|STATEMENT_EXECUTE|[44]
08:36:34.1 (12209738)|USER_DEBUG|[44]|DEBUG|43
08:36:34.1 (12221291)|HEAP_ALLOCATE|[38]|Bytes:4
08:36:34.1 (12231768)|VARIABLE_ASSIGNMENT|[38]|i|2
08:36:34.1 (12249557)|STATEMENT_EXECUTE|[38]
08:36:34.1 (12254805)|HEAP_ALLOCATE|[39]|Bytes:8
08:36:34.1 (12262489)|STATEMENT_EXECUTE|[40]
08:36:34.1 (12265423)|STATEMENT_EXECUTE|[41]
08:36:34.1 (12272788)|HEAP_ALLOCATE|[41]|Bytes:8
08:36:34.1 (12283396)|VARIABLE_ASSIGNMENT|[41]|int_max|95
08:36:34.1 (12290428)|STATEMENT_EXECUTE|[44]
08:36:34.1 (12299207)|USER_DEBUG|[44]|DEBUG|95
08:36:34.1 (12309617)|HEAP_ALLOCATE|[38]|Bytes:4
08:36:34.1 (12318827)|VARIABLE_ASSIGNMENT|[38]|i|3
08:36:34.1 (12335514)|STATEMENT_EXECUTE|[38]
08:36:34.1 (12340819)|HEAP_ALLOCATE|[39]|Bytes:8
08:36:34.1 (12348505)|STATEMENT_EXECUTE|[40]
08:36:34.1 (12350758)|STATEMENT_EXECUTE|[41]
08:36:34.1 (12354781)|HEAP_ALLOCATE|[41]|Bytes:8
08:36:34.1 (12365898)|VARIABLE_ASSIGNMENT|[41]|int_max|443
08:36:34.1 (12372937)|STATEMENT_EXECUTE|[44]
08:36:34.1 (12381458)|USER_DEBUG|[44]|DEBUG|443
08:36:34.1 (12393035)|HEAP_ALLOCATE|[38]|Bytes:4
08:36:34.1 (12401878)|VARIABLE_ASSIGNMENT|[38]|i|4
08:36:34.1 (12418412)|STATEMENT_EXECUTE|[38]
08:36:34.1 (12423305)|HEAP_ALLOCATE|[39]|Bytes:8
08:36:34.1 (12429919)|STATEMENT_EXECUTE|[39]
08:36:34.1 (12432094)|STATEMENT_EXECUTE|[44]
08:36:34.1 (12438519)|USER_DEBUG|[44]|DEBUG|443
08:36:34.1 (12448409)|HEAP_ALLOCATE|[38]|Bytes:4
08:36:34.1 (12456841)|VARIABLE_ASSIGNMENT|[38]|i|5
08:36:34.1 (12471442)|STATEMENT_EXECUTE|[38]
08:36:34.1 (12476259)|HEAP_ALLOCATE|[39]|Bytes:8
08:36:34.1 (12483252)|STATEMENT_EXECUTE|[39]
08:36:34.1 (12485452)|STATEMENT_EXECUTE|[44]
08:36:34.1 (12492619)|USER_DEBUG|[44]|DEBUG|443
08:36:34.1 (12503748)|HEAP_ALLOCATE|[38]|Bytes:4
08:36:34.1 (12513109)|VARIABLE_ASSIGNMENT|[38]|i|6
08:36:34.1 (12536278)|METHOD_EXIT|[3]|01p6F00000MPtB2|Array_Operations.MaximumNum()
08:36:34.1 (12546496)|SYSTEM_MODE_EXIT|false
08:36:34.12 (12596262)|CUMULATIVE_LIMIT_USAGE
08:36:34.12 (12596262)|LIMIT_USAGE_FOR_NS|(default)|
  Number of SOQL queries: 0 out of 100
  Number of query rows: 0 out of 50000
  Number of SOSL queries: 0 out of 20
  Number of DML statements: 0 out of 150
  Number of DML rows: 0 out of 10000
  Maximum CPU time: 0 out of 10000
  Maximum heap size: 0 out of 6000000
  Number of callouts: 0 out of 100
  Number of Email Invocations: 0 out of 10
  Number of future calls: 0 out of 50
  Number of queueable jobs added to the queue: 0 out of 50
  Number of Mobile Apex push calls: 0 out of 10

08:36:34.12 (12596262)|CUMULATIVE_LIMIT_USAGE_END

08:36:34.1 (12638705)|CODE_UNIT_FINISHED|execute_anonymous_apex
08:36:34.1 (13988951)|EXECUTION_FINISHED
