44.0 APEX_CODE,DEBUG;APEX_PROFILING,INFO;CALLOUT,INFO;DB,INFO;NBA,INFO;SYSTEM,DEBUG;VALIDATION,INFO;VISUALFORCE,DEBUG;WAVE,INFO;WORKFLOW,INFO
07:06:50.0 (219718)|USER_INFO|[EXTERNAL]|0056F00000ATCAZ|ayman.shaikh@gmail.com|Pacific Standard Time|GMT-07:00
07:06:50.0 (319833)|EXECUTION_STARTED
07:06:50.0 (355952)|CODE_UNIT_STARTED|[EXTERNAL]|Validation:Employee:a056F00000lJj7Z
07:06:50.0 (380914)|VALIDATION_RULE|03d6F000001EXpW|Resignation_Date_rule
07:06:50.0 (673373)|VALIDATION_FORMULA|Is_on_Notice_Period__c= true && ISBLANK(Resignation_Date__c)|Is_on_Notice_Period__c=0 , Resignation_Date__c=null
07:06:50.0 (691104)|VALIDATION_PASS
07:06:50.0 (694657)|VALIDATION_RULE|03d6F000001EXr8|Restrict_DOB
07:06:50.0 (1047621)|VALIDATION_FORMULA|Age__c  <= 18|Age__c=32
07:06:50.0 (1059570)|VALIDATION_PASS
07:06:50.0 (1061745)|VALIDATION_RULE|03d6F000001EWg3|Check_Dates
07:06:50.0 (1267848)|VALIDATION_FORMULA|Last_Working_Day__c  <  Date_of_Joining__c|Last_Working_Day__c=null , Date_of_Joining__c=2018-10-03 00:00:00
07:06:50.0 (1279159)|VALIDATION_PASS
07:06:50.0 (1281138)|VALIDATION_RULE|03d6F000001EWfy|Notice_Period
07:06:50.0 (1389050)|VALIDATION_FORMULA|Is_on_Notice_Period__c  = true && ISBLANK( Resignation_Date__c )|Is_on_Notice_Period__c=0 , Resignation_Date__c=null
07:06:50.0 (1399376)|VALIDATION_PASS
07:06:50.0 (1716587)|CODE_UNIT_FINISHED|Validation:Employee:a056F00000lJj7Z
07:06:50.0 (1732071)|EXECUTION_FINISHED
07:06:50.18 (18916663)|USER_INFO|[EXTERNAL]|0056F00000ATCAZ|ayman.shaikh@gmail.com|Pacific Standard Time|GMT-07:00
07:06:50.18 (18959835)|EXECUTION_STARTED
07:06:50.18 (18967077)|CODE_UNIT_STARTED|[EXTERNAL]|Workflow:01I6F000002DSKA
07:06:50.18 (29530202)|WF_RULE_EVAL_BEGIN|Workflow
07:06:50.18 (29568993)|WF_CRITERIA_BEGIN|[Employee: EMP-000001 a056F00000lJj7Z]|one to one|01Q6F0000015jKG|ON_ALL_CHANGES|0
07:06:50.18 (29650604)|WF_RULE_FILTER|[Employee : Employees ID not equal to NULL]
07:06:50.18 (29672311)|WF_RULE_EVAL_VALUE|EMP-000001
07:06:50.18 (29679484)|WF_CRITERIA_END|true
07:06:50.18 (30158682)|WF_CRITERIA_BEGIN|[Employee: EMP-000001 a056F00000lJj7Z]|Record deactivated|01Q6F0000015jIy|ON_CREATE_OR_TRIGGERING_UPDATE|0
07:06:50.18 (30477074)|WF_RULE_NOT_EVALUATED
07:06:50.18 (30504572)|WF_SPOOL_ACTION_BEGIN|Workflow
07:06:50.18 (32177886)|WF_ACTION| Field Update: 1;
07:06:50.18 (32189214)|WF_RULE_EVAL_END
07:06:50.18 (32415963)|WF_ACTIONS_END| Field Update: 1;
07:06:50.18 (32427134)|CODE_UNIT_FINISHED|Workflow:01I6F000002DSKA
07:06:50.18 (32435961)|EXECUTION_FINISHED
