44.0 APEX_CODE,FINEST;APEX_PROFILING,INFO;CALLOUT,INFO;DB,INFO;NBA,INFO;SYSTEM,DEBUG;VALIDATION,INFO;VISUALFORCE,INFO;WAVE,INFO;WORKFLOW,INFO
03:53:18.0 (346087)|USER_INFO|[EXTERNAL]|0056F00000ATCAZ|ayman.shaikh@gmail.com|Pacific Standard Time|GMT-07:00
03:53:18.0 (381911)|EXECUTION_STARTED
03:53:18.0 (385067)|CODE_UNIT_STARTED|[EXTERNAL]|DuplicateDetector
03:53:18.0 (400110)|DUPLICATE_DETECTION_BEGIN
03:53:18.0 (2336068)|DUPLICATE_DETECTION_RULE_INVOCATION|DuplicateRuleId:0Bm6F000006fqOl|DuplicateRuleName:Standard Lead Duplicate Rule|DmlType:UPDATE
03:53:18.0 (2400947)|DUPLICATE_DETECTION_END
03:53:18.0 (2406432)|CODE_UNIT_FINISHED|DuplicateDetector
03:53:18.0 (2412012)|EXECUTION_FINISHED
03:53:18.23 (23967460)|USER_INFO|[EXTERNAL]|0056F00000ATCAZ|ayman.shaikh@gmail.com|Pacific Standard Time|GMT-07:00
03:53:18.23 (24007323)|EXECUTION_STARTED
03:53:18.23 (24012631)|CODE_UNIT_STARTED|[EXTERNAL]|Workflow:Lead
03:53:18.23 (57531743)|WF_RULE_EVAL_BEGIN|Assignment
03:53:18.23 (57548981)|WF_SPOOL_ACTION_BEGIN|Assignment
03:53:18.23 (57556376)|WF_ACTION|.
03:53:18.23 (57559859)|WF_RULE_EVAL_END
03:53:18.23 (57583333)|WF_RULE_EVAL_BEGIN|Workflow
03:53:18.23 (57655264)|WF_CRITERIA_BEGIN|[Lead: Tina Sharma 00Q6F00001EyxYJ]|DNC|01Q6F0000015kX1|ON_CREATE_OR_TRIGGERING_UPDATE|0
03:53:18.23 (63240693)|WF_RULE_FILTER|[Lead : Cluster of Leads equals DNC]
03:53:18.23 (63259821)|WF_RULE_EVAL_VALUE|1
03:53:18.23 (63264481)|WF_CRITERIA_END|false
03:53:18.23 (63277667)|WF_CRITERIA_BEGIN|[Lead: Tina Sharma 00Q6F00001EyxYJ]|MOBILE|01Q6F0000015kXB|ON_CREATE_OR_TRIGGERING_UPDATE|0
03:53:18.23 (63318653)|WF_RULE_FILTER|[Lead : Cluster of Leads equals MOBILE]
03:53:18.23 (63325860)|WF_RULE_EVAL_VALUE|1
03:53:18.23 (63329132)|WF_CRITERIA_END|false
03:53:18.23 (63337161)|WF_CRITERIA_BEGIN|[Lead: Tina Sharma 00Q6F00001EyxYJ]|Mumbai Sales|01Q6F0000015j5B|ON_CREATE_OR_TRIGGERING_UPDATE|0
03:53:18.23 (63390626)|WF_RULE_FILTER|[Lead : City equals Mumbai]
03:53:18.23 (63397497)|WF_RULE_EVAL_VALUE|
03:53:18.23 (63399005)|WF_CRITERIA_END|false
03:53:18.23 (63406524)|WF_CRITERIA_BEGIN|[Lead: Tina Sharma 00Q6F00001EyxYJ]|Time based Follow up|01Q6F0000015jWv|ON_CREATE_OR_TRIGGERING_UPDATE|0
03:53:18.23 (63433821)|WF_RULE_NOT_EVALUATED
03:53:18.23 (63442712)|WF_CRITERIA_BEGIN|[Lead: Tina Sharma 00Q6F00001EyxYJ]|LANDLINE|01Q6F0000015jXZ|ON_CREATE_OR_TRIGGERING_UPDATE|0
03:53:18.23 (63476248)|WF_RULE_FILTER|[Lead : Cluster of Leads equals LANDLINE]
03:53:18.23 (63484364)|WF_RULE_EVAL_VALUE|1
03:53:18.23 (63487035)|WF_CRITERIA_END|false
03:53:18.23 (63494003)|WF_CRITERIA_BEGIN|[Lead: Tina Sharma 00Q6F00001EyxYJ]|NO NUMBER|01Q6F0000015jXP|ON_CREATE_OR_TRIGGERING_UPDATE|0
03:53:18.23 (63515790)|WF_RULE_NOT_EVALUATED
03:53:18.23 (63522846)|WF_CRITERIA_BEGIN|[Lead: Tina Sharma 00Q6F00001EyxYJ]|Pune Sales|01Q6F0000015j4m|ON_CREATE_OR_TRIGGERING_UPDATE|0
03:53:18.23 (63566061)|WF_RULE_FILTER|[Lead : City equals Pune]
03:53:18.23 (63572159)|WF_RULE_EVAL_VALUE|
03:53:18.23 (63573518)|WF_CRITERIA_END|false
03:53:18.23 (63589576)|WF_SPOOL_ACTION_BEGIN|Workflow
03:53:18.23 (63597152)|WF_ACTION| None
03:53:18.23 (63599430)|WF_RULE_EVAL_END
03:53:18.23 (63608159)|WF_TIME_TRIGGERS_BEGIN
03:53:18.23 (79548327)|WF_ACTIONS_END| None
03:53:18.23 (79575815)|CODE_UNIT_FINISHED|Workflow:Lead
03:53:18.23 (79586888)|EXECUTION_FINISHED
03:53:18.157 (157092648)|USER_INFO|[EXTERNAL]|0056F00000ATCAZ|ayman.shaikh@gmail.com|Pacific Standard Time|GMT-07:00
03:53:18.157 (157124702)|EXECUTION_STARTED
03:53:18.157 (157128328)|CODE_UNIT_STARTED|[EXTERNAL]|DuplicateDetector
03:53:18.157 (157142080)|DUPLICATE_DETECTION_BEGIN
03:53:18.157 (157247978)|DUPLICATE_DETECTION_RULE_INVOCATION|DuplicateRuleId:0Bm6F000006fqOl|DuplicateRuleName:Standard Lead Duplicate Rule|DmlType:UPDATE
03:53:18.157 (175739225)|DUPLICATE_DETECTION_END
03:53:18.157 (175752069)|CODE_UNIT_FINISHED|DuplicateDetector
03:53:18.157 (175763483)|EXECUTION_FINISHED
