44.0 APEX_CODE,FINEST;APEX_PROFILING,INFO;CALLOUT,INFO;DB,INFO;NBA,INFO;SYSTEM,DEBUG;VALIDATION,INFO;VISUALFORCE,INFO;WAVE,INFO;WORKFLOW,INFO
Execute Anonymous: Simple_Interest um=new Simple_Interest();
Execute Anonymous: um.calculateSI(5,2,4);
06:49:03.1 (1122133)|USER_INFO|[EXTERNAL]|0056F00000ATCAZ|ayman.shaikh@gmail.com|Pacific Standard Time|GMT-07:00
06:49:03.1 (1144296)|EXECUTION_STARTED
06:49:03.1 (1148746)|CODE_UNIT_STARTED|[EXTERNAL]|execute_anonymous_apex
06:49:03.1 (11174341)|VARIABLE_SCOPE_BEGIN|[1]|um|Simple_Interest|true|false
06:49:03.1 (11304711)|HEAP_ALLOCATE|[72]|Bytes:3
06:49:03.1 (11336610)|HEAP_ALLOCATE|[77]|Bytes:152
06:49:03.1 (11349460)|HEAP_ALLOCATE|[342]|Bytes:408
06:49:03.1 (11362446)|HEAP_ALLOCATE|[355]|Bytes:408
06:49:03.1 (11373945)|HEAP_ALLOCATE|[467]|Bytes:48
06:49:03.1 (11400499)|HEAP_ALLOCATE|[139]|Bytes:6
06:49:03.1 (11423882)|HEAP_ALLOCATE|[EXTERNAL]|Bytes:3
06:49:03.1 (11458265)|STATEMENT_EXECUTE|[1]
06:49:03.1 (11461179)|STATEMENT_EXECUTE|[1]
06:49:03.1 (11465138)|HEAP_ALLOCATE|[1]|Bytes:1
06:49:03.1 (11470561)|HEAP_ALLOCATE|[1]|Bytes:1
06:49:03.1 (11499809)|METHOD_ENTRY|[1]|01p6F00000MPcgU|Simple_Interest.Simple_Interest()
06:49:03.1 (11507415)|STATEMENT_EXECUTE|[1]
06:49:03.1 (11511724)|STATEMENT_EXECUTE|[1]
06:49:03.1 (11537078)|HEAP_ALLOCATE|[50]|Bytes:5
06:49:03.1 (11563731)|HEAP_ALLOCATE|[56]|Bytes:5
06:49:03.1 (11572152)|HEAP_ALLOCATE|[64]|Bytes:7
06:49:03.1 (11588313)|SYSTEM_MODE_ENTER|false
06:49:03.1 (11600073)|HEAP_ALLOCATE|[1]|Bytes:5
06:49:03.1 (11607831)|SYSTEM_MODE_EXIT|false
06:49:03.1 (11616388)|METHOD_EXIT|[1]|Simple_Interest
06:49:03.1 (11629126)|HEAP_ALLOCATE|[1]|Bytes:4
06:49:03.1 (11649400)|SYSTEM_MODE_ENTER|false
06:49:03.1 (11675215)|HEAP_ALLOCATE|[1]|Bytes:5
06:49:03.1 (11685474)|CONSTRUCTOR_ENTRY|[1]|01p6F00000MPcgU|<init>()|Simple_Interest
06:49:03.1 (11713057)|VARIABLE_SCOPE_BEGIN|[1]|this|Simple_Interest|true|false
06:49:03.1 (11751379)|VARIABLE_ASSIGNMENT|[1]|this|{}|0x516b24b0
06:49:03.1 (11762348)|HEAP_ALLOCATE|[EXTERNAL]|Bytes:5
06:49:03.1 (11769979)|HEAP_ALLOCATE|[EXTERNAL]|Bytes:6
06:49:03.1 (11803608)|STATEMENT_EXECUTE|[1]
06:49:03.1 (11807946)|HEAP_ALLOCATE|[EXTERNAL]|Bytes:5
06:49:03.1 (11817966)|CONSTRUCTOR_EXIT|[1]|01p6F00000MPcgU|<init>()|Simple_Interest
06:49:03.1 (11825440)|SYSTEM_MODE_EXIT|false
06:49:03.1 (11841494)|VARIABLE_ASSIGNMENT|[1]|um|{}|0x516b24b0
06:49:03.1 (11847534)|STATEMENT_EXECUTE|[2]
06:49:03.1 (11868766)|SYSTEM_MODE_ENTER|false
06:49:03.1 (11885513)|HEAP_ALLOCATE|[2]|Bytes:5
06:49:03.1 (11913272)|METHOD_ENTRY|[2]|01p6F00000MPcgU|Simple_Interest.calculateSI(Integer, Integer, Integer)
06:49:03.1 (11933276)|VARIABLE_SCOPE_BEGIN|[2]|this|Simple_Interest|true|false
06:49:03.1 (11947649)|VARIABLE_ASSIGNMENT|[2]|this|{}|0x516b24b0
06:49:03.1 (11955313)|VARIABLE_SCOPE_BEGIN|[2]|principle|Integer|false|false
06:49:03.1 (11966972)|VARIABLE_ASSIGNMENT|[2]|principle|5
06:49:03.1 (11971350)|VARIABLE_SCOPE_BEGIN|[2]|rate|Integer|false|false
06:49:03.1 (11978929)|VARIABLE_ASSIGNMENT|[2]|rate|2
06:49:03.1 (11983511)|VARIABLE_SCOPE_BEGIN|[2]|int_time|Integer|false|false
06:49:03.1 (11990972)|VARIABLE_ASSIGNMENT|[2]|int_time|4
06:49:03.1 (11999054)|HEAP_ALLOCATE|[3]|Bytes:5
06:49:03.1 (12003658)|STATEMENT_EXECUTE|[2]
06:49:03.1 (12006033)|STATEMENT_EXECUTE|[3]
06:49:03.1 (12010096)|VARIABLE_SCOPE_BEGIN|[3]|PI|Integer|false|false
06:49:03.1 (12019929)|VARIABLE_ASSIGNMENT|[3]|PI|null
06:49:03.1 (12024044)|STATEMENT_EXECUTE|[5]
06:49:03.1 (12029377)|HEAP_ALLOCATE|[5]|Bytes:4
06:49:03.1 (12034361)|VARIABLE_ASSIGNMENT|[5]|PI|0
06:49:03.1 (12038761)|STATEMENT_EXECUTE|[7]
06:49:03.1 (12088109)|USER_DEBUG|[7]|DEBUG|0
06:49:03.1 (12104809)|METHOD_EXIT|[2]|01p6F00000MPcgU|Simple_Interest.calculateSI(Integer, Integer, Integer)
06:49:03.1 (12110640)|SYSTEM_MODE_EXIT|false
06:49:03.12 (12143400)|CUMULATIVE_LIMIT_USAGE
06:49:03.12 (12143400)|LIMIT_USAGE_FOR_NS|(default)|
  Number of SOQL queries: 0 out of 100
  Number of query rows: 0 out of 50000
  Number of SOSL queries: 0 out of 20
  Number of DML statements: 0 out of 150
  Number of DML rows: 0 out of 10000
  Maximum CPU time: 0 out of 10000
  Maximum heap size: 0 out of 6000000
  Number of callouts: 0 out of 100
  Number of Email Invocations: 0 out of 10
  Number of future calls: 0 out of 50
  Number of queueable jobs added to the queue: 0 out of 50
  Number of Mobile Apex push calls: 0 out of 10

06:49:03.12 (12143400)|CUMULATIVE_LIMIT_USAGE_END

06:49:03.1 (12177526)|CODE_UNIT_FINISHED|execute_anonymous_apex
06:49:03.1 (13069536)|EXECUTION_FINISHED
