43.0 APEX_CODE,FINEST;APEX_PROFILING,INFO;CALLOUT,INFO;DB,INFO;NBA,INFO;SYSTEM,DEBUG;VALIDATION,INFO;VISUALFORCE,INFO;WAVE,INFO;WORKFLOW,INFO
Execute Anonymous: ParentToChild objParentToChild = new ParentToChild();
Execute Anonymous: objParentToChild.AccountToContact();
07:57:29.18 (18190945)|USER_INFO|[EXTERNAL]|0056F00000ATCAZ|ayman.shaikh@gmail.com|Pacific Standard Time|GMT-08:00
07:57:29.18 (18212075)|EXECUTION_STARTED
07:57:29.18 (18217416)|CODE_UNIT_STARTED|[EXTERNAL]|execute_anonymous_apex
07:57:29.18 (19798406)|VARIABLE_SCOPE_BEGIN|[1]|objParentToChild|ParentToChild|true|false
07:57:29.18 (19943920)|HEAP_ALLOCATE|[72]|Bytes:3
07:57:29.18 (19990065)|HEAP_ALLOCATE|[77]|Bytes:152
07:57:29.18 (20010449)|HEAP_ALLOCATE|[342]|Bytes:408
07:57:29.18 (20030874)|HEAP_ALLOCATE|[355]|Bytes:408
07:57:29.18 (20049229)|HEAP_ALLOCATE|[467]|Bytes:48
07:57:29.18 (20081783)|HEAP_ALLOCATE|[139]|Bytes:6
07:57:29.18 (20104810)|HEAP_ALLOCATE|[EXTERNAL]|Bytes:3
07:57:29.18 (20138425)|STATEMENT_EXECUTE|[1]
07:57:29.18 (20142352)|STATEMENT_EXECUTE|[1]
07:57:29.18 (20153327)|HEAP_ALLOCATE|[1]|Bytes:7
07:57:29.18 (20162120)|HEAP_ALLOCATE|[1]|Bytes:8
07:57:29.18 (20203231)|METHOD_ENTRY|[1]|01p6F00000MRjNH|ParentToChild.ParentToChild()
07:57:29.18 (20213178)|STATEMENT_EXECUTE|[1]
07:57:29.18 (20218941)|STATEMENT_EXECUTE|[1]
07:57:29.18 (20226372)|METHOD_EXIT|[1]|ParentToChild
07:57:29.18 (20246042)|HEAP_ALLOCATE|[1]|Bytes:4
07:57:29.18 (20288609)|HEAP_ALLOCATE|[50]|Bytes:5
07:57:29.18 (20315944)|HEAP_ALLOCATE|[56]|Bytes:5
07:57:29.18 (20328672)|HEAP_ALLOCATE|[64]|Bytes:7
07:57:29.18 (20353085)|SYSTEM_MODE_ENTER|false
07:57:29.18 (20390439)|HEAP_ALLOCATE|[1]|Bytes:5
07:57:29.18 (20406664)|CONSTRUCTOR_ENTRY|[1]|01p6F00000MRjNH|<init>()|ParentToChild
07:57:29.18 (20440119)|VARIABLE_SCOPE_BEGIN|[1]|this|ParentToChild|true|false
07:57:29.18 (20491762)|VARIABLE_ASSIGNMENT|[1]|this|{}|0x4fb565cb
07:57:29.18 (20507275)|HEAP_ALLOCATE|[EXTERNAL]|Bytes:6
07:57:29.18 (20547667)|STATEMENT_EXECUTE|[1]
07:57:29.18 (20554204)|CONSTRUCTOR_EXIT|[1]|01p6F00000MRjNH|<init>()|ParentToChild
07:57:29.18 (20569003)|SYSTEM_MODE_EXIT|false
07:57:29.18 (20598070)|VARIABLE_ASSIGNMENT|[1]|objParentToChild|{}|0x4fb565cb
07:57:29.18 (20607800)|STATEMENT_EXECUTE|[2]
07:57:29.18 (20634994)|SYSTEM_MODE_ENTER|false
07:57:29.18 (20656474)|HEAP_ALLOCATE|[2]|Bytes:5
07:57:29.18 (20689473)|METHOD_ENTRY|[2]|01p6F00000MRjNH|ParentToChild.AccountToContact()
07:57:29.18 (20719790)|VARIABLE_SCOPE_BEGIN|[2]|this|ParentToChild|true|false
07:57:29.18 (20743197)|VARIABLE_ASSIGNMENT|[2]|this|{}|0x4fb565cb
07:57:29.18 (20756161)|STATEMENT_EXECUTE|[2]
07:57:29.18 (20758492)|STATEMENT_EXECUTE|[3]
07:57:29.18 (20762771)|HEAP_ALLOCATE|[3]|Bytes:96
07:57:29.18 (20790875)|HEAP_ALLOCATE|[3]|Bytes:4
07:57:29.18 (21287622)|SOQL_EXECUTE_BEGIN|[3]|Aggregations:1|SELECT Id, Name, (SELECT Id, FirstName, LastName FROM Contacts) FROM Account WHERE Name = 'john'
07:57:29.18 (30009782)|SOQL_EXECUTE_END|[3]|Rows:1
07:57:29.18 (30050004)|HEAP_ALLOCATE|[3]|Bytes:8
07:57:29.18 (30072688)|HEAP_ALLOCATE|[3]|Bytes:209
07:57:29.18 (30176723)|HEAP_ALLOCATE|[3]|Bytes:8
07:57:29.18 (30195783)|VARIABLE_SCOPE_BEGIN|[3]|AccList|List<Account>|true|false
07:57:29.18 (30248631)|VARIABLE_ASSIGNMENT|[3]|AccList|[{"Id":"0016F00002yfopzQAA","Name":"John","Contacts":[{"AccountId":"0016F00002yfopzQAA","Id":"0036F00002o3pbbQAA","LastName":"Shaikh"},{"AccountId":"0016F00002yfopzQAA","Id":"0036F00002o3pdlQAA","LastName":"Kapoor"}]}]|0x729f07e9
07:57:29.18 (30257926)|STATEMENT_EXECUTE|[17]
07:57:29.18 (30351597)|USER_DEBUG|[17]|DEBUG|(Account:{Id=0016F00002yfopzQAA, Name=John})
07:57:29.18 (30371908)|METHOD_EXIT|[2]|01p6F00000MRjNH|ParentToChild.AccountToContact()
07:57:29.18 (30381520)|SYSTEM_MODE_EXIT|false
07:57:29.30 (30417939)|CUMULATIVE_LIMIT_USAGE
07:57:29.30 (30417939)|LIMIT_USAGE_FOR_NS|(default)|
  Number of SOQL queries: 1 out of 100
  Number of query rows: 3 out of 50000
  Number of SOSL queries: 0 out of 20
  Number of DML statements: 0 out of 150
  Number of DML rows: 0 out of 10000
  Maximum CPU time: 0 out of 10000
  Maximum heap size: 0 out of 6000000
  Number of callouts: 0 out of 100
  Number of Email Invocations: 0 out of 10
  Number of future calls: 0 out of 50
  Number of queueable jobs added to the queue: 0 out of 50
  Number of Mobile Apex push calls: 0 out of 10

07:57:29.30 (30417939)|CUMULATIVE_LIMIT_USAGE_END

07:57:29.18 (30462791)|CODE_UNIT_FINISHED|execute_anonymous_apex
07:57:29.18 (31580835)|EXECUTION_FINISHED
