44.0 APEX_CODE,FINEST;APEX_PROFILING,INFO;CALLOUT,INFO;DB,INFO;NBA,INFO;SYSTEM,DEBUG;VALIDATION,INFO;VISUALFORCE,INFO;WAVE,INFO;WORKFLOW,INFO
Execute Anonymous: Calculator objCalculator = new Calculator();
Execute Anonymous: objCalculator.PerformOperation(15,6,'SUM');
Execute Anonymous: objCalculator.PerformOperation(15,6,'SUB');
Execute Anonymous: objCalculator.PerformOperation(15,6,'MUL');
Execute Anonymous: objCalculator.PerformOperation(15,6,'DIV');
04:35:52.1 (1377453)|USER_INFO|[EXTERNAL]|0056F00000ATCAZ|ayman.shaikh@gmail.com|Pacific Standard Time|GMT-07:00
04:35:52.1 (1410349)|EXECUTION_STARTED
04:35:52.1 (1415693)|CODE_UNIT_STARTED|[EXTERNAL]|execute_anonymous_apex
04:35:52.1 (2716210)|VARIABLE_SCOPE_BEGIN|[1]|objCalculator|Calculator|true|false
04:35:52.1 (2835185)|HEAP_ALLOCATE|[72]|Bytes:3
04:35:52.1 (2867125)|HEAP_ALLOCATE|[77]|Bytes:152
04:35:52.1 (2880098)|HEAP_ALLOCATE|[342]|Bytes:408
04:35:52.1 (2891694)|HEAP_ALLOCATE|[355]|Bytes:408
04:35:52.1 (2901838)|HEAP_ALLOCATE|[467]|Bytes:48
04:35:52.1 (2927685)|HEAP_ALLOCATE|[139]|Bytes:6
04:35:52.1 (2951929)|HEAP_ALLOCATE|[EXTERNAL]|Bytes:9
04:35:52.1 (2997039)|STATEMENT_EXECUTE|[1]
04:35:52.1 (3000037)|STATEMENT_EXECUTE|[1]
04:35:52.1 (3004579)|HEAP_ALLOCATE|[1]|Bytes:1
04:35:52.1 (3010398)|HEAP_ALLOCATE|[1]|Bytes:14
04:35:52.1 (3035334)|METHOD_ENTRY|[1]|01p6F00000MQQ1d|Calculator.Calculator()
04:35:52.1 (3041455)|STATEMENT_EXECUTE|[1]
04:35:52.1 (3044666)|STATEMENT_EXECUTE|[1]
04:35:52.1 (3068937)|HEAP_ALLOCATE|[50]|Bytes:5
04:35:52.1 (3088985)|HEAP_ALLOCATE|[56]|Bytes:5
04:35:52.1 (3096536)|HEAP_ALLOCATE|[64]|Bytes:7
04:35:52.1 (3112130)|SYSTEM_MODE_ENTER|false
04:35:52.1 (3123262)|HEAP_ALLOCATE|[1]|Bytes:5
04:35:52.1 (3129225)|SYSTEM_MODE_EXIT|false
04:35:52.1 (3137382)|METHOD_EXIT|[1]|Calculator
04:35:52.1 (3151371)|HEAP_ALLOCATE|[1]|Bytes:8
04:35:52.1 (3172636)|SYSTEM_MODE_ENTER|false
04:35:52.1 (3194890)|HEAP_ALLOCATE|[1]|Bytes:5
04:35:52.1 (3210852)|CONSTRUCTOR_ENTRY|[1]|01p6F00000MQQ1d|<init>()|Calculator
04:35:52.1 (3237838)|VARIABLE_SCOPE_BEGIN|[1]|this|Calculator|true|false
04:35:52.1 (3280964)|VARIABLE_ASSIGNMENT|[1]|this|{}|0x62c7edde
04:35:52.1 (3292502)|HEAP_ALLOCATE|[EXTERNAL]|Bytes:5
04:35:52.1 (3300598)|HEAP_ALLOCATE|[EXTERNAL]|Bytes:6
04:35:52.1 (3332162)|STATEMENT_EXECUTE|[1]
04:35:52.1 (3336722)|HEAP_ALLOCATE|[EXTERNAL]|Bytes:5
04:35:52.1 (3340784)|STATEMENT_EXECUTE|[3]
04:35:52.1 (3346248)|CONSTRUCTOR_EXIT|[1]|01p6F00000MQQ1d|<init>()|Calculator
04:35:52.1 (3353096)|SYSTEM_MODE_EXIT|false
04:35:52.1 (3371454)|VARIABLE_ASSIGNMENT|[1]|objCalculator|{}|0x62c7edde
04:35:52.1 (3378309)|STATEMENT_EXECUTE|[2]
04:35:52.1 (3383650)|HEAP_ALLOCATE|[2]|Bytes:3
04:35:52.1 (3404688)|SYSTEM_MODE_ENTER|false
04:35:52.1 (3421684)|HEAP_ALLOCATE|[2]|Bytes:5
04:35:52.1 (3448955)|METHOD_ENTRY|[2]|01p6F00000MQQ1d|Calculator.PerformOperation(Integer, Integer, String)
04:35:52.1 (3464131)|VARIABLE_SCOPE_BEGIN|[4]|this|Calculator|true|false
04:35:52.1 (3478450)|VARIABLE_ASSIGNMENT|[4]|this|{}|0x62c7edde
04:35:52.1 (3485393)|VARIABLE_SCOPE_BEGIN|[4]|number1|Integer|false|false
04:35:52.1 (3495016)|VARIABLE_ASSIGNMENT|[4]|number1|15
04:35:52.1 (3499938)|VARIABLE_SCOPE_BEGIN|[4]|number2|Integer|false|false
04:35:52.1 (3506747)|VARIABLE_ASSIGNMENT|[4]|number2|6
04:35:52.1 (3510868)|VARIABLE_SCOPE_BEGIN|[4]|OperationName|String|false|false
04:35:52.1 (3519918)|VARIABLE_ASSIGNMENT|[4]|OperationName|"SUM"
04:35:52.1 (3530702)|HEAP_ALLOCATE|[6]|Bytes:5
04:35:52.1 (3535021)|STATEMENT_EXECUTE|[4]
04:35:52.1 (3554836)|STATEMENT_EXECUTE|[7]
04:35:52.1 (3556582)|STATEMENT_EXECUTE|[9]
04:35:52.1 (3560537)|HEAP_ALLOCATE|[9]|Bytes:4
04:35:52.1 (3570321)|VARIABLE_ASSIGNMENT|[9]|this.DecimalResult|21|0x62c7edde
04:35:52.1 (3575512)|STATEMENT_EXECUTE|[10]
04:35:52.1 (3578285)|HEAP_ALLOCATE|[10]|Bytes:6
04:35:52.1 (3639849)|HEAP_ALLOCATE|[10]|Bytes:2
04:35:52.1 (3658981)|HEAP_ALLOCATE|[10]|Bytes:8
04:35:52.1 (3674913)|USER_DEBUG|[10]|DEBUG|Sum is21
04:35:52.1 (3684169)|STATEMENT_EXECUTE|[11]
04:35:52.1 (3692538)|METHOD_EXIT|[2]|01p6F00000MQQ1d|Calculator.PerformOperation(Integer, Integer, String)
04:35:52.1 (3698323)|SYSTEM_MODE_EXIT|false
04:35:52.1 (3704099)|STATEMENT_EXECUTE|[3]
04:35:52.1 (3708397)|HEAP_ALLOCATE|[3]|Bytes:3
04:35:52.1 (3727156)|SYSTEM_MODE_ENTER|false
04:35:52.1 (3738705)|HEAP_ALLOCATE|[3]|Bytes:5
04:35:52.1 (3747634)|METHOD_ENTRY|[3]|01p6F00000MQQ1d|Calculator.PerformOperation(Integer, Integer, String)
04:35:52.1 (3757999)|VARIABLE_SCOPE_BEGIN|[4]|this|Calculator|true|false
04:35:52.1 (3777140)|VARIABLE_ASSIGNMENT|[4]|this|{"DecimalResult":21}|0x62c7edde
04:35:52.1 (3783401)|VARIABLE_SCOPE_BEGIN|[4]|number1|Integer|false|false
04:35:52.1 (3790972)|VARIABLE_ASSIGNMENT|[4]|number1|15
04:35:52.1 (3794769)|VARIABLE_SCOPE_BEGIN|[4]|number2|Integer|false|false
04:35:52.1 (3801395)|VARIABLE_ASSIGNMENT|[4]|number2|6
04:35:52.1 (3804974)|VARIABLE_SCOPE_BEGIN|[4]|OperationName|String|false|false
04:35:52.1 (3811755)|VARIABLE_ASSIGNMENT|[4]|OperationName|"SUB"
04:35:52.1 (3819953)|HEAP_ALLOCATE|[6]|Bytes:5
04:35:52.1 (3824221)|STATEMENT_EXECUTE|[4]
04:35:52.1 (3833243)|STATEMENT_EXECUTE|[6]
04:35:52.1 (3839335)|STATEMENT_EXECUTE|[15]
04:35:52.1 (3840936)|STATEMENT_EXECUTE|[17]
04:35:52.1 (3844325)|HEAP_ALLOCATE|[17]|Bytes:4
04:35:52.1 (3852015)|VARIABLE_ASSIGNMENT|[17]|this.DecimalResult|9|0x62c7edde
04:35:52.1 (3856964)|STATEMENT_EXECUTE|[18]
04:35:52.1 (3859634)|HEAP_ALLOCATE|[18]|Bytes:14
04:35:52.1 (3885854)|HEAP_ALLOCATE|[18]|Bytes:1
04:35:52.1 (3897921)|HEAP_ALLOCATE|[18]|Bytes:15
04:35:52.1 (3906561)|USER_DEBUG|[18]|DEBUG|Subtraction is9
04:35:52.1 (3913185)|STATEMENT_EXECUTE|[19]
04:35:52.1 (3920323)|METHOD_EXIT|[3]|01p6F00000MQQ1d|Calculator.PerformOperation(Integer, Integer, String)
04:35:52.1 (3926129)|SYSTEM_MODE_EXIT|false
04:35:52.1 (3931969)|STATEMENT_EXECUTE|[4]
04:35:52.1 (3936025)|HEAP_ALLOCATE|[4]|Bytes:3
04:35:52.1 (3954463)|SYSTEM_MODE_ENTER|false
04:35:52.1 (3965280)|HEAP_ALLOCATE|[4]|Bytes:5
04:35:52.1 (3973372)|METHOD_ENTRY|[4]|01p6F00000MQQ1d|Calculator.PerformOperation(Integer, Integer, String)
04:35:52.1 (3983610)|VARIABLE_SCOPE_BEGIN|[4]|this|Calculator|true|false
04:35:52.1 (4000730)|VARIABLE_ASSIGNMENT|[4]|this|{"DecimalResult":9}|0x62c7edde
04:35:52.1 (4007416)|VARIABLE_SCOPE_BEGIN|[4]|number1|Integer|false|false
04:35:52.1 (4015419)|VARIABLE_ASSIGNMENT|[4]|number1|15
04:35:52.1 (4019545)|VARIABLE_SCOPE_BEGIN|[4]|number2|Integer|false|false
04:35:52.1 (4026393)|VARIABLE_ASSIGNMENT|[4]|number2|6
04:35:52.1 (4030213)|VARIABLE_SCOPE_BEGIN|[4]|OperationName|String|false|false
04:35:52.1 (4043532)|VARIABLE_ASSIGNMENT|[4]|OperationName|"MUL"
04:35:52.1 (4052896)|HEAP_ALLOCATE|[6]|Bytes:5
04:35:52.1 (4056933)|STATEMENT_EXECUTE|[4]
04:35:52.1 (4064355)|STATEMENT_EXECUTE|[6]
04:35:52.1 (4068154)|STATEMENT_EXECUTE|[14]
04:35:52.1 (4073807)|STATEMENT_EXECUTE|[23]
04:35:52.1 (4075368)|STATEMENT_EXECUTE|[25]
04:35:52.1 (4079053)|HEAP_ALLOCATE|[25]|Bytes:4
04:35:52.1 (4086637)|VARIABLE_ASSIGNMENT|[25]|this.DecimalResult|90|0x62c7edde
04:35:52.1 (4091690)|STATEMENT_EXECUTE|[26]
04:35:52.1 (4094423)|HEAP_ALLOCATE|[26]|Bytes:17
04:35:52.1 (4119195)|HEAP_ALLOCATE|[26]|Bytes:2
04:35:52.1 (4130261)|HEAP_ALLOCATE|[26]|Bytes:19
04:35:52.1 (4138834)|USER_DEBUG|[26]|DEBUG|Multiplication is90
04:35:52.1 (4145943)|STATEMENT_EXECUTE|[27]
04:35:52.1 (4152953)|METHOD_EXIT|[4]|01p6F00000MQQ1d|Calculator.PerformOperation(Integer, Integer, String)
04:35:52.1 (4158261)|SYSTEM_MODE_EXIT|false
04:35:52.1 (4163757)|STATEMENT_EXECUTE|[5]
04:35:52.1 (4167322)|HEAP_ALLOCATE|[5]|Bytes:3
04:35:52.1 (4184423)|SYSTEM_MODE_ENTER|false
04:35:52.1 (4194938)|HEAP_ALLOCATE|[5]|Bytes:5
04:35:52.1 (4207854)|METHOD_ENTRY|[5]|01p6F00000MQQ1d|Calculator.PerformOperation(Integer, Integer, String)
04:35:52.1 (4217448)|VARIABLE_SCOPE_BEGIN|[4]|this|Calculator|true|false
04:35:52.1 (4234615)|VARIABLE_ASSIGNMENT|[4]|this|{"DecimalResult":90}|0x62c7edde
04:35:52.1 (4240423)|VARIABLE_SCOPE_BEGIN|[4]|number1|Integer|false|false
04:35:52.1 (4247725)|VARIABLE_ASSIGNMENT|[4]|number1|15
04:35:52.1 (4252051)|VARIABLE_SCOPE_BEGIN|[4]|number2|Integer|false|false
04:35:52.1 (4258978)|VARIABLE_ASSIGNMENT|[4]|number2|6
04:35:52.1 (4262895)|VARIABLE_SCOPE_BEGIN|[4]|OperationName|String|false|false
04:35:52.1 (4271011)|VARIABLE_ASSIGNMENT|[4]|OperationName|"DIV"
04:35:52.1 (4279000)|HEAP_ALLOCATE|[6]|Bytes:5
04:35:52.1 (4283285)|STATEMENT_EXECUTE|[4]
04:35:52.1 (4289934)|STATEMENT_EXECUTE|[6]
04:35:52.1 (4293703)|STATEMENT_EXECUTE|[14]
04:35:52.1 (4297425)|STATEMENT_EXECUTE|[22]
04:35:52.1 (4302777)|STATEMENT_EXECUTE|[31]
04:35:52.1 (4305483)|STATEMENT_EXECUTE|[36]
04:35:52.1 (4307125)|STATEMENT_EXECUTE|[37]
04:35:52.1 (4310426)|HEAP_ALLOCATE|[37]|Bytes:4
04:35:52.1 (4317858)|VARIABLE_ASSIGNMENT|[37]|this.DecimalResult|2|0x62c7edde
04:35:52.1 (4323724)|STATEMENT_EXECUTE|[38]
04:35:52.1 (4326302)|HEAP_ALLOCATE|[38]|Bytes:11
04:35:52.1 (4349487)|HEAP_ALLOCATE|[38]|Bytes:1
04:35:52.1 (4360441)|HEAP_ALLOCATE|[38]|Bytes:12
04:35:52.1 (4367911)|USER_DEBUG|[38]|DEBUG|Division is2
04:35:52.1 (4374539)|STATEMENT_EXECUTE|[39]
04:35:52.1 (4380989)|METHOD_EXIT|[5]|01p6F00000MQQ1d|Calculator.PerformOperation(Integer, Integer, String)
04:35:52.1 (4386288)|SYSTEM_MODE_EXIT|false
04:35:52.4 (4423621)|CUMULATIVE_LIMIT_USAGE
04:35:52.4 (4423621)|LIMIT_USAGE_FOR_NS|(default)|
  Number of SOQL queries: 0 out of 100
  Number of query rows: 0 out of 50000
  Number of SOSL queries: 0 out of 20
  Number of DML statements: 0 out of 150
  Number of DML rows: 0 out of 10000
  Maximum CPU time: 0 out of 10000
  Maximum heap size: 0 out of 6000000
  Number of callouts: 0 out of 100
  Number of Email Invocations: 0 out of 10
  Number of future calls: 0 out of 50
  Number of queueable jobs added to the queue: 0 out of 50
  Number of Mobile Apex push calls: 0 out of 10

04:35:52.4 (4423621)|CUMULATIVE_LIMIT_USAGE_END

04:35:52.1 (4460980)|CODE_UNIT_FINISHED|execute_anonymous_apex
04:35:52.1 (5361105)|EXECUTION_FINISHED
