44.0 APEX_CODE,FINEST;APEX_PROFILING,INFO;CALLOUT,INFO;DB,INFO;NBA,INFO;SYSTEM,DEBUG;VALIDATION,INFO;VISUALFORCE,INFO;WAVE,INFO;WORKFLOW,INFO
Execute Anonymous: Array_Operations obj = new Array_Operations();
Execute Anonymous: obj.MaximumNum();
Execute Anonymous: obj.Assending(); 
Execute Anonymous: obj.Descending();
Execute Anonymous: obj.Duplicate();
03:16:14.1 (1403034)|USER_INFO|[EXTERNAL]|0056F00000ATCAZ|ayman.shaikh@gmail.com|Pacific Standard Time|GMT-07:00
03:16:14.1 (1423651)|EXECUTION_STARTED
03:16:14.1 (1427988)|CODE_UNIT_STARTED|[EXTERNAL]|execute_anonymous_apex
03:16:14.1 (3271859)|VARIABLE_SCOPE_BEGIN|[1]|obj|Array_Operations|true|false
03:16:14.1 (3409694)|HEAP_ALLOCATE|[72]|Bytes:3
03:16:14.1 (3444069)|HEAP_ALLOCATE|[77]|Bytes:152
03:16:14.1 (3456582)|HEAP_ALLOCATE|[342]|Bytes:408
03:16:14.1 (3469143)|HEAP_ALLOCATE|[355]|Bytes:408
03:16:14.1 (3489913)|HEAP_ALLOCATE|[467]|Bytes:48
03:16:14.1 (3546811)|HEAP_ALLOCATE|[139]|Bytes:6
03:16:14.1 (3572189)|HEAP_ALLOCATE|[EXTERNAL]|Bytes:9
03:16:14.1 (3618947)|STATEMENT_EXECUTE|[1]
03:16:14.1 (3622990)|STATEMENT_EXECUTE|[1]
03:16:14.1 (3627598)|HEAP_ALLOCATE|[1]|Bytes:13
03:16:14.1 (3635491)|HEAP_ALLOCATE|[1]|Bytes:25
03:16:14.1 (3668056)|METHOD_ENTRY|[1]|01p6F00000MPtB2|Array_Operations.Array_Operations()
03:16:14.1 (3674181)|STATEMENT_EXECUTE|[1]
03:16:14.1 (3678288)|STATEMENT_EXECUTE|[1]
03:16:14.1 (3718903)|HEAP_ALLOCATE|[50]|Bytes:5
03:16:14.1 (3744398)|HEAP_ALLOCATE|[56]|Bytes:5
03:16:14.1 (3753989)|HEAP_ALLOCATE|[64]|Bytes:7
03:16:14.1 (3773154)|SYSTEM_MODE_ENTER|false
03:16:14.1 (3783551)|HEAP_ALLOCATE|[1]|Bytes:5
03:16:14.1 (3789985)|SYSTEM_MODE_EXIT|false
03:16:14.1 (3799157)|METHOD_EXIT|[1]|Array_Operations
03:16:14.1 (3841952)|HEAP_ALLOCATE|[1]|Bytes:8
03:16:14.1 (3877829)|SYSTEM_MODE_ENTER|false
03:16:14.1 (3899941)|HEAP_ALLOCATE|[1]|Bytes:5
03:16:14.1 (3913207)|CONSTRUCTOR_ENTRY|[1]|01p6F00000MPtB2|<init>()|Array_Operations
03:16:14.1 (3946901)|VARIABLE_SCOPE_BEGIN|[1]|this|Array_Operations|true|false
03:16:14.1 (4055107)|VARIABLE_ASSIGNMENT|[1]|this|{}|0x26f51d08
03:16:14.1 (4072733)|HEAP_ALLOCATE|[2]|Bytes:5
03:16:14.1 (4083555)|HEAP_ALLOCATE|[2]|Bytes:6
03:16:14.1 (4124457)|STATEMENT_EXECUTE|[1]
03:16:14.1 (4131644)|HEAP_ALLOCATE|[2]|Bytes:5
03:16:14.1 (4139152)|STATEMENT_EXECUTE|[2]
03:16:14.1 (4154132)|HEAP_ALLOCATE|[2]|Bytes:4
03:16:14.1 (4237953)|HEAP_ALLOCATE|[2]|Bytes:4
03:16:14.1 (4246246)|HEAP_ALLOCATE|[2]|Bytes:4
03:16:14.1 (4250613)|HEAP_ALLOCATE|[2]|Bytes:4
03:16:14.1 (4255868)|HEAP_ALLOCATE|[2]|Bytes:4
03:16:14.1 (4261885)|HEAP_ALLOCATE|[2]|Bytes:4
03:16:14.1 (4268076)|HEAP_ALLOCATE|[2]|Bytes:4
03:16:14.1 (4297877)|HEAP_ALLOCATE|[EXTERNAL]|Bytes:28
03:16:14.1 (4322172)|VARIABLE_ASSIGNMENT|[2]|this.integerList|"List of size 6 too large to display"|0x26f51d08
03:16:14.1 (4336467)|CONSTRUCTOR_EXIT|[1]|01p6F00000MPtB2|<init>()|Array_Operations
03:16:14.1 (4348385)|SYSTEM_MODE_EXIT|false
03:16:14.1 (4385407)|VARIABLE_ASSIGNMENT|[1]|obj|{"integerList":"0x2c085aa2"}|0x26f51d08
03:16:14.1 (4393942)|STATEMENT_EXECUTE|[2]
03:16:14.1 (4420982)|SYSTEM_MODE_ENTER|false
03:16:14.1 (4440289)|HEAP_ALLOCATE|[2]|Bytes:5
03:16:14.1 (4463483)|METHOD_ENTRY|[2]|01p6F00000MPtB2|Array_Operations.MaximumNum()
03:16:14.1 (4491025)|VARIABLE_SCOPE_BEGIN|[35]|this|Array_Operations|true|false
03:16:14.1 (4514361)|VARIABLE_ASSIGNMENT|[35]|this|{"integerList":"0x2c085aa2"}|0x26f51d08
03:16:14.1 (4528971)|HEAP_ALLOCATE|[37]|Bytes:5
03:16:14.1 (4534292)|STATEMENT_EXECUTE|[35]
03:16:14.1 (4536457)|STATEMENT_EXECUTE|[37]
03:16:14.1 (4547577)|HEAP_ALLOCATE|[37]|Bytes:8
03:16:14.1 (4555530)|VARIABLE_SCOPE_BEGIN|[37]|int_max|Integer|false|false
03:16:14.1 (4567579)|VARIABLE_ASSIGNMENT|[37]|int_max|43
03:16:14.1 (4573296)|STATEMENT_EXECUTE|[38]
03:16:14.1 (4575991)|VARIABLE_SCOPE_BEGIN|[38]|i|Integer|false|false
03:16:14.1 (4582510)|HEAP_ALLOCATE|[38]|Bytes:4
03:16:14.1 (4588705)|VARIABLE_ASSIGNMENT|[38]|i|0
03:16:14.1 (4622320)|STATEMENT_EXECUTE|[38]
03:16:14.1 (4627203)|HEAP_ALLOCATE|[39]|Bytes:8
03:16:14.1 (4633018)|STATEMENT_EXECUTE|[39]
03:16:14.1 (4634681)|STATEMENT_EXECUTE|[43]
03:16:14.1 (4638227)|HEAP_ALLOCATE|[43]|Bytes:32
03:16:14.1 (4671484)|USER_DEBUG|[43]|DEBUG|Maximum number among whole Array
03:16:14.1 (4680962)|STATEMENT_EXECUTE|[44]
03:16:14.1 (4692219)|USER_DEBUG|[44]|DEBUG|43
03:16:14.1 (4699964)|HEAP_ALLOCATE|[38]|Bytes:4
03:16:14.1 (4708021)|VARIABLE_ASSIGNMENT|[38]|i|1
03:16:14.1 (4721834)|STATEMENT_EXECUTE|[38]
03:16:14.1 (4725854)|HEAP_ALLOCATE|[39]|Bytes:8
03:16:14.1 (4730522)|STATEMENT_EXECUTE|[39]
03:16:14.1 (4732232)|STATEMENT_EXECUTE|[43]
03:16:14.1 (4738072)|USER_DEBUG|[43]|DEBUG|Maximum number among whole Array
03:16:14.1 (4744648)|STATEMENT_EXECUTE|[44]
03:16:14.1 (4749393)|USER_DEBUG|[44]|DEBUG|43
03:16:14.1 (4756205)|HEAP_ALLOCATE|[38]|Bytes:4
03:16:14.1 (4761971)|VARIABLE_ASSIGNMENT|[38]|i|2
03:16:14.1 (4776827)|STATEMENT_EXECUTE|[38]
03:16:14.1 (4780033)|HEAP_ALLOCATE|[39]|Bytes:8
03:16:14.1 (4784623)|STATEMENT_EXECUTE|[40]
03:16:14.1 (4786401)|STATEMENT_EXECUTE|[41]
03:16:14.1 (4791205)|HEAP_ALLOCATE|[41]|Bytes:8
03:16:14.1 (4798412)|VARIABLE_ASSIGNMENT|[41]|int_max|95
03:16:14.1 (4802637)|STATEMENT_EXECUTE|[43]
03:16:14.1 (4808205)|USER_DEBUG|[43]|DEBUG|Maximum number among whole Array
03:16:14.1 (4814444)|STATEMENT_EXECUTE|[44]
03:16:14.1 (4819216)|USER_DEBUG|[44]|DEBUG|95
03:16:14.1 (4825221)|HEAP_ALLOCATE|[38]|Bytes:4
03:16:14.1 (4830282)|VARIABLE_ASSIGNMENT|[38]|i|3
03:16:14.1 (4844984)|STATEMENT_EXECUTE|[38]
03:16:14.1 (4849645)|HEAP_ALLOCATE|[39]|Bytes:8
03:16:14.1 (4868769)|STATEMENT_EXECUTE|[40]
03:16:14.1 (4871679)|STATEMENT_EXECUTE|[41]
03:16:14.1 (4882671)|HEAP_ALLOCATE|[41]|Bytes:8
03:16:14.1 (4899182)|VARIABLE_ASSIGNMENT|[41]|int_max|443
03:16:14.1 (4907015)|STATEMENT_EXECUTE|[43]
03:16:14.1 (4916230)|USER_DEBUG|[43]|DEBUG|Maximum number among whole Array
03:16:14.1 (4924235)|STATEMENT_EXECUTE|[44]
03:16:14.1 (4931645)|USER_DEBUG|[44]|DEBUG|443
03:16:14.1 (4938343)|HEAP_ALLOCATE|[38]|Bytes:4
03:16:14.1 (4946539)|VARIABLE_ASSIGNMENT|[38]|i|4
03:16:14.1 (4965520)|STATEMENT_EXECUTE|[38]
03:16:14.1 (4971563)|HEAP_ALLOCATE|[39]|Bytes:8
03:16:14.1 (4979707)|STATEMENT_EXECUTE|[39]
03:16:14.1 (4982168)|STATEMENT_EXECUTE|[43]
03:16:14.1 (4991077)|USER_DEBUG|[43]|DEBUG|Maximum number among whole Array
03:16:14.1 (5002286)|STATEMENT_EXECUTE|[44]
03:16:14.1 (5008094)|USER_DEBUG|[44]|DEBUG|443
03:16:14.1 (5015412)|HEAP_ALLOCATE|[38]|Bytes:4
03:16:14.1 (5022109)|VARIABLE_ASSIGNMENT|[38]|i|5
03:16:14.1 (5033423)|STATEMENT_EXECUTE|[38]
03:16:14.1 (5036565)|HEAP_ALLOCATE|[39]|Bytes:8
03:16:14.1 (5041057)|STATEMENT_EXECUTE|[39]
03:16:14.1 (5042770)|STATEMENT_EXECUTE|[43]
03:16:14.1 (5047877)|USER_DEBUG|[43]|DEBUG|Maximum number among whole Array
03:16:14.1 (5057308)|STATEMENT_EXECUTE|[44]
03:16:14.1 (5065913)|USER_DEBUG|[44]|DEBUG|443
03:16:14.1 (5080913)|HEAP_ALLOCATE|[38]|Bytes:4
03:16:14.1 (5092469)|VARIABLE_ASSIGNMENT|[38]|i|6
03:16:14.1 (5118464)|METHOD_EXIT|[2]|01p6F00000MPtB2|Array_Operations.MaximumNum()
03:16:14.1 (5126377)|SYSTEM_MODE_EXIT|false
03:16:14.1 (5133885)|STATEMENT_EXECUTE|[3]
03:16:14.1 (5159610)|SYSTEM_MODE_ENTER|false
03:16:14.1 (5173051)|HEAP_ALLOCATE|[3]|Bytes:5
03:16:14.1 (5185781)|METHOD_ENTRY|[3]|01p6F00000MPtB2|Array_Operations.Assending()
03:16:14.1 (5211737)|VARIABLE_SCOPE_BEGIN|[19]|this|Array_Operations|true|false
03:16:14.1 (5238232)|VARIABLE_ASSIGNMENT|[19]|this|{"integerList":"0x2c085aa2"}|0x26f51d08
03:16:14.1 (5251861)|HEAP_ALLOCATE|[20]|Bytes:5
03:16:14.1 (5257047)|STATEMENT_EXECUTE|[19]
03:16:14.1 (5259104)|STATEMENT_EXECUTE|[20]
03:16:14.1 (5262571)|HEAP_ALLOCATE|[20]|Bytes:27
03:16:14.1 (5285337)|USER_DEBUG|[20]|DEBUG|Sorting in Asscending order
03:16:14.1 (5298094)|STATEMENT_EXECUTE|[21]
03:16:14.1 (5313484)|HEAP_ALLOCATE|[21]|Bytes:4
03:16:14.1 (5345064)|HEAP_ALLOCATE|[21]|Bytes:4
03:16:14.1 (5351434)|HEAP_ALLOCATE|[21]|Bytes:4
03:16:14.1 (5355613)|HEAP_ALLOCATE|[21]|Bytes:4
03:16:14.1 (5359568)|HEAP_ALLOCATE|[21]|Bytes:4
03:16:14.1 (5366010)|HEAP_ALLOCATE|[21]|Bytes:4
03:16:14.1 (5370108)|HEAP_ALLOCATE|[21]|Bytes:4
03:16:14.1 (5375473)|VARIABLE_SCOPE_BEGIN|[21]|integerList|List<Integer>|true|false
03:16:14.1 (5401238)|HEAP_ALLOCATE|[EXTERNAL]|Bytes:28
03:16:14.1 (5416569)|VARIABLE_ASSIGNMENT|[21]|integerList|"List of size 6 too large to display"|0x5f731d83
03:16:14.1 (5423420)|STATEMENT_EXECUTE|[22]
03:16:14.1 (5426812)|VARIABLE_SCOPE_BEGIN|[22]|i|Integer|false|false
03:16:14.1 (5433203)|HEAP_ALLOCATE|[22]|Bytes:4
03:16:14.1 (5439735)|VARIABLE_ASSIGNMENT|[22]|i|0
03:16:14.1 (5478960)|STATEMENT_EXECUTE|[22]
03:16:14.1 (5483044)|STATEMENT_EXECUTE|[23]
03:16:14.1 (5488769)|VARIABLE_SCOPE_BEGIN|[23]|j|Integer|false|false
03:16:14.1 (5500408)|HEAP_ALLOCATE|[23]|Bytes:4
03:16:14.1 (5508514)|VARIABLE_ASSIGNMENT|[23]|j|1
03:16:14.1 (5532502)|STATEMENT_EXECUTE|[23]
03:16:14.1 (5534585)|STATEMENT_EXECUTE|[24]
03:16:14.1 (5537236)|VARIABLE_SCOPE_BEGIN|[24]|x|Integer|false|false
03:16:14.1 (5544910)|HEAP_ALLOCATE|[24]|Bytes:4
03:16:14.1 (5550637)|VARIABLE_ASSIGNMENT|[24]|x|0
03:16:14.1 (5558612)|HEAP_ALLOCATE|[25]|Bytes:8
03:16:14.1 (5564748)|HEAP_ALLOCATE|[25]|Bytes:8
03:16:14.1 (5569231)|STATEMENT_EXECUTE|[25]
03:16:14.1 (5571010)|STATEMENT_EXECUTE|[26]
03:16:14.1 (5574054)|HEAP_ALLOCATE|[26]|Bytes:8
03:16:14.1 (5580643)|VARIABLE_ASSIGNMENT|[26]|x|43
03:16:14.1 (5585108)|STATEMENT_EXECUTE|[27]
03:16:14.1 (5588532)|HEAP_ALLOCATE|[27]|Bytes:8
03:16:14.1 (5607026)|STATEMENT_EXECUTE|[28]
03:16:14.1 (5613349)|STATEMENT_EXECUTE|[29]
03:16:14.1 (5645475)|USER_DEBUG|[29]|DEBUG|(1, 43, 95, 443, 37, 2)
03:16:14.1 (5657722)|HEAP_ALLOCATE|[23]|Bytes:4
03:16:14.1 (5665574)|VARIABLE_ASSIGNMENT|[23]|j|2
03:16:14.1 (5682841)|STATEMENT_EXECUTE|[23]
03:16:14.1 (5685576)|STATEMENT_EXECUTE|[24]
03:16:14.1 (5689446)|VARIABLE_SCOPE_BEGIN|[24]|x|Integer|false|false
03:16:14.1 (5701294)|HEAP_ALLOCATE|[24]|Bytes:4
03:16:14.1 (5710844)|VARIABLE_ASSIGNMENT|[24]|x|0
03:16:14.1 (5719022)|HEAP_ALLOCATE|[25]|Bytes:8
03:16:14.1 (5725012)|HEAP_ALLOCATE|[25]|Bytes:8
03:16:14.1 (5729076)|STATEMENT_EXECUTE|[25]
03:16:14.1 (5731340)|HEAP_ALLOCATE|[23]|Bytes:4
03:16:14.1 (5736534)|VARIABLE_ASSIGNMENT|[23]|j|3
03:16:14.1 (5748316)|STATEMENT_EXECUTE|[23]
03:16:14.1 (5750620)|STATEMENT_EXECUTE|[24]
03:16:14.1 (5753793)|VARIABLE_SCOPE_BEGIN|[24]|x|Integer|false|false
03:16:14.1 (5762546)|HEAP_ALLOCATE|[24]|Bytes:4
03:16:14.1 (5771073)|VARIABLE_ASSIGNMENT|[24]|x|0
03:16:14.1 (5779790)|HEAP_ALLOCATE|[25]|Bytes:8
03:16:14.1 (5788043)|HEAP_ALLOCATE|[25]|Bytes:8
03:16:14.1 (5794984)|STATEMENT_EXECUTE|[25]
03:16:14.1 (5798055)|HEAP_ALLOCATE|[23]|Bytes:4
03:16:14.1 (5807206)|VARIABLE_ASSIGNMENT|[23]|j|4
03:16:14.1 (5825842)|STATEMENT_EXECUTE|[23]
03:16:14.1 (5828327)|STATEMENT_EXECUTE|[24]
03:16:14.1 (5832412)|VARIABLE_SCOPE_BEGIN|[24]|x|Integer|false|false
03:16:14.1 (5843732)|HEAP_ALLOCATE|[24]|Bytes:4
03:16:14.1 (5853278)|VARIABLE_ASSIGNMENT|[24]|x|0
03:16:14.1 (5868598)|HEAP_ALLOCATE|[25]|Bytes:8
03:16:14.1 (5877653)|HEAP_ALLOCATE|[25]|Bytes:8
03:16:14.1 (5881870)|STATEMENT_EXECUTE|[25]
03:16:14.1 (5883913)|HEAP_ALLOCATE|[23]|Bytes:4
03:16:14.1 (5890879)|VARIABLE_ASSIGNMENT|[23]|j|5
03:16:14.1 (5908054)|STATEMENT_EXECUTE|[23]
03:16:14.1 (5911169)|STATEMENT_EXECUTE|[24]
03:16:14.1 (5915307)|VARIABLE_SCOPE_BEGIN|[24]|x|Integer|false|false
03:16:14.1 (5922514)|HEAP_ALLOCATE|[24]|Bytes:4
03:16:14.1 (5931717)|VARIABLE_ASSIGNMENT|[24]|x|0
03:16:14.1 (5940714)|HEAP_ALLOCATE|[25]|Bytes:8
03:16:14.1 (5948954)|HEAP_ALLOCATE|[25]|Bytes:8
03:16:14.1 (5955337)|STATEMENT_EXECUTE|[25]
03:16:14.1 (5958285)|HEAP_ALLOCATE|[23]|Bytes:4
03:16:14.1 (5966145)|VARIABLE_ASSIGNMENT|[23]|j|6
03:16:14.1 (5981651)|HEAP_ALLOCATE|[22]|Bytes:4
03:16:14.1 (5991246)|VARIABLE_ASSIGNMENT|[22]|i|1
03:16:14.1 (6007902)|STATEMENT_EXECUTE|[22]
03:16:14.1 (6011935)|STATEMENT_EXECUTE|[23]
03:16:14.1 (6016433)|VARIABLE_SCOPE_BEGIN|[23]|j|Integer|false|false
03:16:14.1 (6026512)|HEAP_ALLOCATE|[23]|Bytes:4
03:16:14.1 (6033094)|VARIABLE_ASSIGNMENT|[23]|j|2
03:16:14.1 (6044239)|STATEMENT_EXECUTE|[23]
03:16:14.1 (6045874)|STATEMENT_EXECUTE|[24]
03:16:14.1 (6048139)|VARIABLE_SCOPE_BEGIN|[24]|x|Integer|false|false
03:16:14.1 (6054138)|HEAP_ALLOCATE|[24]|Bytes:4
03:16:14.1 (6060544)|VARIABLE_ASSIGNMENT|[24]|x|0
03:16:14.1 (6068451)|HEAP_ALLOCATE|[25]|Bytes:8
03:16:14.1 (6075782)|HEAP_ALLOCATE|[25]|Bytes:8
03:16:14.1 (6080088)|STATEMENT_EXECUTE|[25]
03:16:14.1 (6082116)|HEAP_ALLOCATE|[23]|Bytes:4
03:16:14.1 (6088029)|VARIABLE_ASSIGNMENT|[23]|j|3
03:16:14.1 (6098240)|STATEMENT_EXECUTE|[23]
03:16:14.1 (6099881)|STATEMENT_EXECUTE|[24]
03:16:14.1 (6102370)|VARIABLE_SCOPE_BEGIN|[24]|x|Integer|false|false
03:16:14.1 (6108330)|HEAP_ALLOCATE|[24]|Bytes:4
03:16:14.1 (6113716)|VARIABLE_ASSIGNMENT|[24]|x|0
03:16:14.1 (6118991)|HEAP_ALLOCATE|[25]|Bytes:8
03:16:14.1 (6125118)|HEAP_ALLOCATE|[25]|Bytes:8
03:16:14.1 (6131243)|STATEMENT_EXECUTE|[25]
03:16:14.1 (6134390)|HEAP_ALLOCATE|[23]|Bytes:4
03:16:14.1 (6142847)|VARIABLE_ASSIGNMENT|[23]|j|4
03:16:14.1 (6159142)|STATEMENT_EXECUTE|[23]
03:16:14.1 (6161116)|STATEMENT_EXECUTE|[24]
03:16:14.1 (6163715)|VARIABLE_SCOPE_BEGIN|[24]|x|Integer|false|false
03:16:14.1 (6170490)|HEAP_ALLOCATE|[24]|Bytes:4
03:16:14.1 (6177071)|VARIABLE_ASSIGNMENT|[24]|x|0
03:16:14.1 (6182819)|HEAP_ALLOCATE|[25]|Bytes:8
03:16:14.1 (6187587)|HEAP_ALLOCATE|[25]|Bytes:8
03:16:14.1 (6191513)|STATEMENT_EXECUTE|[25]
03:16:14.1 (6193139)|STATEMENT_EXECUTE|[26]
03:16:14.1 (6195529)|HEAP_ALLOCATE|[26]|Bytes:8
03:16:14.1 (6201646)|VARIABLE_ASSIGNMENT|[26]|x|43
03:16:14.1 (6206188)|STATEMENT_EXECUTE|[27]
03:16:14.1 (6208597)|HEAP_ALLOCATE|[27]|Bytes:8
03:16:14.1 (6217620)|STATEMENT_EXECUTE|[28]
03:16:14.1 (6220913)|STATEMENT_EXECUTE|[29]
03:16:14.1 (6231074)|USER_DEBUG|[29]|DEBUG|(1, 37, 95, 443, 43, 2)
03:16:14.1 (6239415)|HEAP_ALLOCATE|[23]|Bytes:4
03:16:14.1 (6245059)|VARIABLE_ASSIGNMENT|[23]|j|5
03:16:14.1 (6255765)|STATEMENT_EXECUTE|[23]
03:16:14.1 (6257927)|STATEMENT_EXECUTE|[24]
03:16:14.1 (6261374)|VARIABLE_SCOPE_BEGIN|[24]|x|Integer|false|false
03:16:14.1 (6272719)|HEAP_ALLOCATE|[24]|Bytes:4
03:16:14.1 (6281444)|VARIABLE_ASSIGNMENT|[24]|x|0
03:16:14.1 (6291193)|HEAP_ALLOCATE|[25]|Bytes:8
03:16:14.1 (6297670)|HEAP_ALLOCATE|[25]|Bytes:8
03:16:14.1 (6301634)|STATEMENT_EXECUTE|[25]
03:16:14.1 (6303609)|STATEMENT_EXECUTE|[26]
03:16:14.1 (6306097)|HEAP_ALLOCATE|[26]|Bytes:8
03:16:14.1 (6312575)|VARIABLE_ASSIGNMENT|[26]|x|37
03:16:14.1 (6316891)|STATEMENT_EXECUTE|[27]
03:16:14.1 (6319369)|HEAP_ALLOCATE|[27]|Bytes:8
03:16:14.1 (6325621)|STATEMENT_EXECUTE|[28]
03:16:14.1 (6328545)|STATEMENT_EXECUTE|[29]
03:16:14.1 (6336956)|USER_DEBUG|[29]|DEBUG|(1, 2, 95, 443, 43, 37)
03:16:14.1 (6346271)|HEAP_ALLOCATE|[23]|Bytes:4
03:16:14.1 (6352198)|VARIABLE_ASSIGNMENT|[23]|j|6
03:16:14.1 (6363106)|HEAP_ALLOCATE|[22]|Bytes:4
03:16:14.1 (6368316)|VARIABLE_ASSIGNMENT|[22]|i|2
03:16:14.1 (6377774)|STATEMENT_EXECUTE|[22]
03:16:14.1 (6379832)|STATEMENT_EXECUTE|[23]
03:16:14.1 (6382775)|VARIABLE_SCOPE_BEGIN|[23]|j|Integer|false|false
03:16:14.1 (6389907)|HEAP_ALLOCATE|[23]|Bytes:4
03:16:14.1 (6398071)|VARIABLE_ASSIGNMENT|[23]|j|3
03:16:14.1 (6414812)|STATEMENT_EXECUTE|[23]
03:16:14.1 (6417758)|STATEMENT_EXECUTE|[24]
03:16:14.1 (6421814)|VARIABLE_SCOPE_BEGIN|[24]|x|Integer|false|false
03:16:14.1 (6431504)|HEAP_ALLOCATE|[24]|Bytes:4
03:16:14.1 (6437924)|VARIABLE_ASSIGNMENT|[24]|x|0
03:16:14.1 (6444233)|HEAP_ALLOCATE|[25]|Bytes:8
03:16:14.1 (6449538)|HEAP_ALLOCATE|[25]|Bytes:8
03:16:14.1 (6453352)|STATEMENT_EXECUTE|[25]
03:16:14.1 (6455427)|HEAP_ALLOCATE|[23]|Bytes:4
03:16:14.1 (6460337)|VARIABLE_ASSIGNMENT|[23]|j|4
03:16:14.1 (6470398)|STATEMENT_EXECUTE|[23]
03:16:14.1 (6472039)|STATEMENT_EXECUTE|[24]
03:16:14.1 (6474420)|VARIABLE_SCOPE_BEGIN|[24]|x|Integer|false|false
03:16:14.1 (6480443)|HEAP_ALLOCATE|[24]|Bytes:4
03:16:14.1 (6485751)|VARIABLE_ASSIGNMENT|[24]|x|0
03:16:14.1 (6490268)|HEAP_ALLOCATE|[25]|Bytes:8
03:16:14.1 (6494992)|HEAP_ALLOCATE|[25]|Bytes:8
03:16:14.1 (6498577)|STATEMENT_EXECUTE|[25]
03:16:14.1 (6500378)|STATEMENT_EXECUTE|[26]
03:16:14.1 (6502900)|HEAP_ALLOCATE|[26]|Bytes:8
03:16:14.1 (6508707)|VARIABLE_ASSIGNMENT|[26]|x|95
03:16:14.1 (6512822)|STATEMENT_EXECUTE|[27]
03:16:14.1 (6515383)|HEAP_ALLOCATE|[27]|Bytes:8
03:16:14.1 (6522049)|STATEMENT_EXECUTE|[28]
03:16:14.1 (6525215)|STATEMENT_EXECUTE|[29]
03:16:14.1 (6532867)|USER_DEBUG|[29]|DEBUG|(1, 2, 43, 443, 95, 37)
03:16:14.1 (6539831)|HEAP_ALLOCATE|[23]|Bytes:4
03:16:14.1 (6545859)|VARIABLE_ASSIGNMENT|[23]|j|5
03:16:14.1 (6556278)|STATEMENT_EXECUTE|[23]
03:16:14.1 (6558357)|STATEMENT_EXECUTE|[24]
03:16:14.1 (6561762)|VARIABLE_SCOPE_BEGIN|[24]|x|Integer|false|false
03:16:14.1 (6569320)|HEAP_ALLOCATE|[24]|Bytes:4
03:16:14.1 (6574622)|VARIABLE_ASSIGNMENT|[24]|x|0
03:16:14.1 (6579922)|HEAP_ALLOCATE|[25]|Bytes:8
03:16:14.1 (6584364)|HEAP_ALLOCATE|[25]|Bytes:8
03:16:14.1 (6588034)|STATEMENT_EXECUTE|[25]
03:16:14.1 (6589696)|STATEMENT_EXECUTE|[26]
03:16:14.1 (6592066)|HEAP_ALLOCATE|[26]|Bytes:8
03:16:14.1 (6597805)|VARIABLE_ASSIGNMENT|[26]|x|43
03:16:14.1 (6602009)|STATEMENT_EXECUTE|[27]
03:16:14.1 (6604446)|HEAP_ALLOCATE|[27]|Bytes:8
03:16:14.1 (6611475)|STATEMENT_EXECUTE|[28]
03:16:14.1 (6614470)|STATEMENT_EXECUTE|[29]
03:16:14.1 (6620647)|USER_DEBUG|[29]|DEBUG|(1, 2, 37, 443, 95, 43)
03:16:14.1 (6627276)|HEAP_ALLOCATE|[23]|Bytes:4
03:16:14.1 (6633110)|VARIABLE_ASSIGNMENT|[23]|j|6
03:16:14.1 (6643372)|HEAP_ALLOCATE|[22]|Bytes:4
03:16:14.1 (6648664)|VARIABLE_ASSIGNMENT|[22]|i|3
03:16:14.1 (6658537)|STATEMENT_EXECUTE|[22]
03:16:14.1 (6660502)|STATEMENT_EXECUTE|[23]
03:16:14.1 (6663200)|VARIABLE_SCOPE_BEGIN|[23]|j|Integer|false|false
03:16:14.1 (6669554)|HEAP_ALLOCATE|[23]|Bytes:4
03:16:14.1 (6674675)|VARIABLE_ASSIGNMENT|[23]|j|4
03:16:14.1 (6683844)|STATEMENT_EXECUTE|[23]
03:16:14.1 (6685455)|STATEMENT_EXECUTE|[24]
03:16:14.1 (6687730)|VARIABLE_SCOPE_BEGIN|[24]|x|Integer|false|false
03:16:14.1 (6694513)|HEAP_ALLOCATE|[24]|Bytes:4
03:16:14.1 (6701490)|VARIABLE_ASSIGNMENT|[24]|x|0
03:16:14.1 (6706828)|HEAP_ALLOCATE|[25]|Bytes:8
03:16:14.1 (6711383)|HEAP_ALLOCATE|[25]|Bytes:8
03:16:14.1 (6715666)|STATEMENT_EXECUTE|[25]
03:16:14.1 (6717377)|STATEMENT_EXECUTE|[26]
03:16:14.1 (6719702)|HEAP_ALLOCATE|[26]|Bytes:8
03:16:14.1 (6725390)|VARIABLE_ASSIGNMENT|[26]|x|443
03:16:14.1 (6729851)|STATEMENT_EXECUTE|[27]
03:16:14.1 (6732317)|HEAP_ALLOCATE|[27]|Bytes:8
03:16:14.1 (6738011)|STATEMENT_EXECUTE|[28]
03:16:14.1 (6740933)|STATEMENT_EXECUTE|[29]
03:16:14.1 (6747239)|USER_DEBUG|[29]|DEBUG|(1, 2, 37, 95, 443, 43)
03:16:14.1 (6753599)|HEAP_ALLOCATE|[23]|Bytes:4
03:16:14.1 (6758825)|VARIABLE_ASSIGNMENT|[23]|j|5
03:16:14.1 (6768339)|STATEMENT_EXECUTE|[23]
03:16:14.1 (6770191)|STATEMENT_EXECUTE|[24]
03:16:14.1 (6772462)|VARIABLE_SCOPE_BEGIN|[24]|x|Integer|false|false
03:16:14.1 (6778175)|HEAP_ALLOCATE|[24]|Bytes:4
03:16:14.1 (6783708)|VARIABLE_ASSIGNMENT|[24]|x|0
03:16:14.1 (6788766)|HEAP_ALLOCATE|[25]|Bytes:8
03:16:14.1 (6793412)|HEAP_ALLOCATE|[25]|Bytes:8
03:16:14.1 (6797140)|STATEMENT_EXECUTE|[25]
03:16:14.1 (6798742)|STATEMENT_EXECUTE|[26]
03:16:14.1 (6801063)|HEAP_ALLOCATE|[26]|Bytes:8
03:16:14.1 (6806854)|VARIABLE_ASSIGNMENT|[26]|x|95
03:16:14.1 (6810597)|STATEMENT_EXECUTE|[27]
03:16:14.1 (6813039)|HEAP_ALLOCATE|[27]|Bytes:8
03:16:14.1 (6818270)|STATEMENT_EXECUTE|[28]
03:16:14.1 (6821210)|STATEMENT_EXECUTE|[29]
03:16:14.1 (6827041)|USER_DEBUG|[29]|DEBUG|(1, 2, 37, 43, 443, 95)
03:16:14.1 (6833795)|HEAP_ALLOCATE|[23]|Bytes:4
03:16:14.1 (6839059)|VARIABLE_ASSIGNMENT|[23]|j|6
03:16:14.1 (6848911)|HEAP_ALLOCATE|[22]|Bytes:4
03:16:14.1 (6854089)|VARIABLE_ASSIGNMENT|[22]|i|4
03:16:14.1 (6867216)|STATEMENT_EXECUTE|[22]
03:16:14.1 (6869246)|STATEMENT_EXECUTE|[23]
03:16:14.1 (6871858)|VARIABLE_SCOPE_BEGIN|[23]|j|Integer|false|false
03:16:14.1 (6878361)|HEAP_ALLOCATE|[23]|Bytes:4
03:16:14.1 (6884073)|VARIABLE_ASSIGNMENT|[23]|j|5
03:16:14.1 (6893696)|STATEMENT_EXECUTE|[23]
03:16:14.1 (6895361)|STATEMENT_EXECUTE|[24]
03:16:14.1 (6897657)|VARIABLE_SCOPE_BEGIN|[24]|x|Integer|false|false
03:16:14.1 (6903784)|HEAP_ALLOCATE|[24]|Bytes:4
03:16:14.1 (6908823)|VARIABLE_ASSIGNMENT|[24]|x|0
03:16:14.1 (6913921)|HEAP_ALLOCATE|[25]|Bytes:8
03:16:14.1 (6918661)|HEAP_ALLOCATE|[25]|Bytes:8
03:16:14.1 (6922372)|STATEMENT_EXECUTE|[25]
03:16:14.1 (6924283)|STATEMENT_EXECUTE|[26]
03:16:14.1 (6927795)|HEAP_ALLOCATE|[26]|Bytes:8
03:16:14.1 (6934740)|VARIABLE_ASSIGNMENT|[26]|x|443
03:16:14.1 (6939036)|STATEMENT_EXECUTE|[27]
03:16:14.1 (6941493)|HEAP_ALLOCATE|[27]|Bytes:8
03:16:14.1 (6947293)|STATEMENT_EXECUTE|[28]
03:16:14.1 (6950245)|STATEMENT_EXECUTE|[29]
03:16:14.1 (6956881)|USER_DEBUG|[29]|DEBUG|(1, 2, 37, 43, 95, 443)
03:16:14.1 (6963650)|HEAP_ALLOCATE|[23]|Bytes:4
03:16:14.1 (6968983)|VARIABLE_ASSIGNMENT|[23]|j|6
03:16:14.1 (6978631)|HEAP_ALLOCATE|[22]|Bytes:4
03:16:14.1 (6983756)|VARIABLE_ASSIGNMENT|[22]|i|5
03:16:14.1 (6992638)|STATEMENT_EXECUTE|[22]
03:16:14.1 (6994546)|STATEMENT_EXECUTE|[23]
03:16:14.1 (6997110)|VARIABLE_SCOPE_BEGIN|[23]|j|Integer|false|false
03:16:14.1 (7003113)|HEAP_ALLOCATE|[23]|Bytes:4
03:16:14.1 (7008972)|VARIABLE_ASSIGNMENT|[23]|j|6
03:16:14.1 (7018421)|STATEMENT_EXECUTE|[23]
03:16:14.1 (7020282)|HEAP_ALLOCATE|[22]|Bytes:4
03:16:14.1 (7025753)|VARIABLE_ASSIGNMENT|[22]|i|6
03:16:14.1 (7041810)|METHOD_EXIT|[3]|01p6F00000MPtB2|Array_Operations.Assending()
03:16:14.1 (7049044)|SYSTEM_MODE_EXIT|false
03:16:14.1 (7055626)|STATEMENT_EXECUTE|[4]
03:16:14.1 (7083204)|SYSTEM_MODE_ENTER|false
03:16:14.1 (7097181)|HEAP_ALLOCATE|[4]|Bytes:5
03:16:14.1 (7109600)|METHOD_ENTRY|[4]|01p6F00000MPtB2|Array_Operations.Descending()
03:16:14.1 (7134075)|VARIABLE_SCOPE_BEGIN|[3]|this|Array_Operations|true|false
03:16:14.1 (7159880)|VARIABLE_ASSIGNMENT|[3]|this|{"integerList":"0x2c085aa2"}|0x26f51d08
03:16:14.1 (7173660)|HEAP_ALLOCATE|[4]|Bytes:5
03:16:14.1 (7178496)|STATEMENT_EXECUTE|[3]
03:16:14.1 (7180433)|STATEMENT_EXECUTE|[4]
03:16:14.1 (7191139)|HEAP_ALLOCATE|[4]|Bytes:4
03:16:14.1 (7218643)|HEAP_ALLOCATE|[4]|Bytes:4
03:16:14.1 (7225151)|HEAP_ALLOCATE|[4]|Bytes:4
03:16:14.1 (7229386)|HEAP_ALLOCATE|[4]|Bytes:4
03:16:14.1 (7233575)|HEAP_ALLOCATE|[4]|Bytes:4
03:16:14.1 (7237473)|HEAP_ALLOCATE|[4]|Bytes:4
03:16:14.1 (7242112)|HEAP_ALLOCATE|[4]|Bytes:4
03:16:14.1 (7246926)|VARIABLE_SCOPE_BEGIN|[4]|integerList|List<Integer>|true|false
03:16:14.1 (7270175)|HEAP_ALLOCATE|[EXTERNAL]|Bytes:28
03:16:14.1 (7284465)|VARIABLE_ASSIGNMENT|[4]|integerList|"List of size 6 too large to display"|0x57ef7200
03:16:14.1 (7290628)|STATEMENT_EXECUTE|[5]
03:16:14.1 (7294362)|HEAP_ALLOCATE|[5]|Bytes:27
03:16:14.1 (7315963)|USER_DEBUG|[5]|DEBUG|Sorting in Descending order
03:16:14.1 (7325371)|STATEMENT_EXECUTE|[6]
03:16:14.1 (7328690)|VARIABLE_SCOPE_BEGIN|[6]|i|Integer|false|false
03:16:14.1 (7335701)|HEAP_ALLOCATE|[6]|Bytes:4
03:16:14.1 (7342192)|VARIABLE_ASSIGNMENT|[6]|i|0
03:16:14.1 (7365661)|STATEMENT_EXECUTE|[6]
03:16:14.1 (7367944)|STATEMENT_EXECUTE|[7]
03:16:14.1 (7370966)|VARIABLE_SCOPE_BEGIN|[7]|j|Integer|false|false
03:16:14.1 (7378456)|HEAP_ALLOCATE|[7]|Bytes:4
03:16:14.1 (7384155)|VARIABLE_ASSIGNMENT|[7]|j|1
03:16:14.1 (7401047)|STATEMENT_EXECUTE|[7]
03:16:14.1 (7403050)|STATEMENT_EXECUTE|[8]
03:16:14.1 (7405430)|VARIABLE_SCOPE_BEGIN|[8]|x|Integer|false|false
03:16:14.1 (7411614)|HEAP_ALLOCATE|[8]|Bytes:4
03:16:14.1 (7417545)|VARIABLE_ASSIGNMENT|[8]|x|0
03:16:14.1 (7425363)|HEAP_ALLOCATE|[9]|Bytes:8
03:16:14.1 (7431273)|HEAP_ALLOCATE|[9]|Bytes:8
03:16:14.1 (7435574)|STATEMENT_EXECUTE|[9]
03:16:14.1 (7437718)|HEAP_ALLOCATE|[7]|Bytes:4
03:16:14.1 (7443194)|VARIABLE_ASSIGNMENT|[7]|j|2
03:16:14.1 (7453501)|STATEMENT_EXECUTE|[7]
03:16:14.1 (7455133)|STATEMENT_EXECUTE|[8]
03:16:14.1 (7457769)|VARIABLE_SCOPE_BEGIN|[8]|x|Integer|false|false
03:16:14.1 (7463911)|HEAP_ALLOCATE|[8]|Bytes:4
03:16:14.1 (7469194)|VARIABLE_ASSIGNMENT|[8]|x|0
03:16:14.1 (7474325)|HEAP_ALLOCATE|[9]|Bytes:8
03:16:14.1 (7478773)|HEAP_ALLOCATE|[9]|Bytes:8
03:16:14.1 (7482513)|STATEMENT_EXECUTE|[9]
03:16:14.1 (7484132)|STATEMENT_EXECUTE|[10]
03:16:14.1 (7487375)|HEAP_ALLOCATE|[10]|Bytes:8
03:16:14.1 (7493387)|VARIABLE_ASSIGNMENT|[10]|x|43
03:16:14.1 (7497214)|STATEMENT_EXECUTE|[11]
03:16:14.1 (7500199)|HEAP_ALLOCATE|[11]|Bytes:8
03:16:14.1 (7509088)|STATEMENT_EXECUTE|[12]
03:16:14.1 (7512894)|STATEMENT_EXECUTE|[13]
03:16:14.1 (7538845)|USER_DEBUG|[13]|DEBUG|(95, 1, 43, 443, 37, 2)
03:16:14.1 (7548197)|HEAP_ALLOCATE|[7]|Bytes:4
03:16:14.1 (7554699)|VARIABLE_ASSIGNMENT|[7]|j|3
03:16:14.1 (7566492)|STATEMENT_EXECUTE|[7]
03:16:14.1 (7568250)|STATEMENT_EXECUTE|[8]
03:16:14.1 (7570896)|VARIABLE_SCOPE_BEGIN|[8]|x|Integer|false|false
03:16:14.1 (7577652)|HEAP_ALLOCATE|[8]|Bytes:4
03:16:14.1 (7583499)|VARIABLE_ASSIGNMENT|[8]|x|0
03:16:14.1 (7590347)|HEAP_ALLOCATE|[9]|Bytes:8
03:16:14.1 (7595284)|HEAP_ALLOCATE|[9]|Bytes:8
03:16:14.1 (7599128)|STATEMENT_EXECUTE|[9]
03:16:14.1 (7600739)|STATEMENT_EXECUTE|[10]
03:16:14.1 (7603454)|HEAP_ALLOCATE|[10]|Bytes:8
03:16:14.1 (7609189)|VARIABLE_ASSIGNMENT|[10]|x|95
03:16:14.1 (7613486)|STATEMENT_EXECUTE|[11]
03:16:14.1 (7615960)|HEAP_ALLOCATE|[11]|Bytes:8
03:16:14.1 (7621997)|STATEMENT_EXECUTE|[12]
03:16:14.1 (7625046)|STATEMENT_EXECUTE|[13]
03:16:14.1 (7631549)|USER_DEBUG|[13]|DEBUG|(443, 1, 43, 95, 37, 2)
03:16:14.1 (7638500)|HEAP_ALLOCATE|[7]|Bytes:4
03:16:14.1 (7643904)|VARIABLE_ASSIGNMENT|[7]|j|4
03:16:14.1 (7653631)|STATEMENT_EXECUTE|[7]
03:16:14.1 (7655393)|STATEMENT_EXECUTE|[8]
03:16:14.1 (7657725)|VARIABLE_SCOPE_BEGIN|[8]|x|Integer|false|false
03:16:14.1 (7663563)|HEAP_ALLOCATE|[8]|Bytes:4
03:16:14.1 (7669313)|VARIABLE_ASSIGNMENT|[8]|x|0
03:16:14.1 (7674216)|HEAP_ALLOCATE|[9]|Bytes:8
03:16:14.1 (7679029)|HEAP_ALLOCATE|[9]|Bytes:8
03:16:14.1 (7682629)|STATEMENT_EXECUTE|[9]
03:16:14.1 (7684697)|HEAP_ALLOCATE|[7]|Bytes:4
03:16:14.1 (7690187)|VARIABLE_ASSIGNMENT|[7]|j|5
03:16:14.1 (7699509)|STATEMENT_EXECUTE|[7]
03:16:14.1 (7701156)|STATEMENT_EXECUTE|[8]
03:16:14.1 (7703448)|VARIABLE_SCOPE_BEGIN|[8]|x|Integer|false|false
03:16:14.1 (7708847)|HEAP_ALLOCATE|[8]|Bytes:4
03:16:14.1 (7713872)|VARIABLE_ASSIGNMENT|[8]|x|0
03:16:14.1 (7718818)|HEAP_ALLOCATE|[9]|Bytes:8
03:16:14.1 (7723135)|HEAP_ALLOCATE|[9]|Bytes:8
03:16:14.1 (7726618)|STATEMENT_EXECUTE|[9]
03:16:14.1 (7728549)|HEAP_ALLOCATE|[7]|Bytes:4
03:16:14.1 (7733535)|VARIABLE_ASSIGNMENT|[7]|j|6
03:16:14.1 (7743501)|HEAP_ALLOCATE|[6]|Bytes:4
03:16:14.1 (7748567)|VARIABLE_ASSIGNMENT|[6]|i|1
03:16:14.1 (7757456)|STATEMENT_EXECUTE|[6]
03:16:14.1 (7759425)|STATEMENT_EXECUTE|[7]
03:16:14.1 (7761981)|VARIABLE_SCOPE_BEGIN|[7]|j|Integer|false|false
03:16:14.1 (7767983)|HEAP_ALLOCATE|[7]|Bytes:4
03:16:14.1 (7773588)|VARIABLE_ASSIGNMENT|[7]|j|2
03:16:14.1 (7782445)|STATEMENT_EXECUTE|[7]
03:16:14.1 (7784350)|STATEMENT_EXECUTE|[8]
03:16:14.1 (7786653)|VARIABLE_SCOPE_BEGIN|[8]|x|Integer|false|false
03:16:14.1 (7792502)|HEAP_ALLOCATE|[8]|Bytes:4
03:16:14.1 (7797607)|VARIABLE_ASSIGNMENT|[8]|x|0
03:16:14.1 (7802570)|HEAP_ALLOCATE|[9]|Bytes:8
03:16:14.1 (7806858)|HEAP_ALLOCATE|[9]|Bytes:8
03:16:14.1 (7810438)|STATEMENT_EXECUTE|[9]
03:16:14.1 (7812202)|STATEMENT_EXECUTE|[10]
03:16:14.1 (7814640)|HEAP_ALLOCATE|[10]|Bytes:8
03:16:14.1 (7820351)|VARIABLE_ASSIGNMENT|[10]|x|1
03:16:14.1 (7824696)|STATEMENT_EXECUTE|[11]
03:16:14.1 (7827163)|HEAP_ALLOCATE|[11]|Bytes:8
03:16:14.1 (7833490)|STATEMENT_EXECUTE|[12]
03:16:14.1 (7836622)|STATEMENT_EXECUTE|[13]
03:16:14.1 (7843175)|USER_DEBUG|[13]|DEBUG|(443, 43, 1, 95, 37, 2)
03:16:14.1 (7850246)|HEAP_ALLOCATE|[7]|Bytes:4
03:16:14.1 (7855633)|VARIABLE_ASSIGNMENT|[7]|j|3
03:16:14.1 (7870915)|STATEMENT_EXECUTE|[7]
03:16:14.1 (7872705)|STATEMENT_EXECUTE|[8]
03:16:14.1 (7875160)|VARIABLE_SCOPE_BEGIN|[8]|x|Integer|false|false
03:16:14.1 (7881661)|HEAP_ALLOCATE|[8]|Bytes:4
03:16:14.1 (7886996)|VARIABLE_ASSIGNMENT|[8]|x|0
03:16:14.1 (7892189)|HEAP_ALLOCATE|[9]|Bytes:8
03:16:14.1 (7896645)|HEAP_ALLOCATE|[9]|Bytes:8
03:16:14.1 (7900340)|STATEMENT_EXECUTE|[9]
03:16:14.1 (7901941)|STATEMENT_EXECUTE|[10]
03:16:14.1 (7904346)|HEAP_ALLOCATE|[10]|Bytes:8
03:16:14.1 (7910075)|VARIABLE_ASSIGNMENT|[10]|x|43
03:16:14.1 (7913966)|STATEMENT_EXECUTE|[11]
03:16:14.1 (7916401)|HEAP_ALLOCATE|[11]|Bytes:8
03:16:14.1 (7921932)|STATEMENT_EXECUTE|[12]
03:16:14.1 (7925852)|STATEMENT_EXECUTE|[13]
03:16:14.1 (7933317)|USER_DEBUG|[13]|DEBUG|(443, 95, 1, 43, 37, 2)
03:16:14.1 (7939873)|HEAP_ALLOCATE|[7]|Bytes:4
03:16:14.1 (7945324)|VARIABLE_ASSIGNMENT|[7]|j|4
03:16:14.1 (7955487)|STATEMENT_EXECUTE|[7]
03:16:14.1 (7957131)|STATEMENT_EXECUTE|[8]
03:16:14.1 (7959459)|VARIABLE_SCOPE_BEGIN|[8]|x|Integer|false|false
03:16:14.1 (7966673)|HEAP_ALLOCATE|[8]|Bytes:4
03:16:14.1 (7971846)|VARIABLE_ASSIGNMENT|[8]|x|0
03:16:14.1 (7977179)|HEAP_ALLOCATE|[9]|Bytes:8
03:16:14.1 (7981805)|HEAP_ALLOCATE|[9]|Bytes:8
03:16:14.1 (7985816)|STATEMENT_EXECUTE|[9]
03:16:14.1 (7987650)|HEAP_ALLOCATE|[7]|Bytes:4
03:16:14.1 (7992886)|VARIABLE_ASSIGNMENT|[7]|j|5
03:16:14.1 (8002504)|STATEMENT_EXECUTE|[7]
03:16:14.1 (8004863)|STATEMENT_EXECUTE|[8]
03:16:14.1 (8007250)|VARIABLE_SCOPE_BEGIN|[8]|x|Integer|false|false
03:16:14.1 (8013783)|HEAP_ALLOCATE|[8]|Bytes:4
03:16:14.1 (8019189)|VARIABLE_ASSIGNMENT|[8]|x|0
03:16:14.1 (8023996)|HEAP_ALLOCATE|[9]|Bytes:8
03:16:14.1 (8028389)|HEAP_ALLOCATE|[9]|Bytes:8
03:16:14.1 (8031922)|STATEMENT_EXECUTE|[9]
03:16:14.1 (8033741)|HEAP_ALLOCATE|[7]|Bytes:4
03:16:14.1 (8038582)|VARIABLE_ASSIGNMENT|[7]|j|6
03:16:14.1 (8048088)|HEAP_ALLOCATE|[6]|Bytes:4
03:16:14.1 (8052963)|VARIABLE_ASSIGNMENT|[6]|i|2
03:16:14.1 (8062060)|STATEMENT_EXECUTE|[6]
03:16:14.1 (8063929)|STATEMENT_EXECUTE|[7]
03:16:14.1 (8066421)|VARIABLE_SCOPE_BEGIN|[7]|j|Integer|false|false
03:16:14.1 (8073148)|HEAP_ALLOCATE|[7]|Bytes:4
03:16:14.1 (8078385)|VARIABLE_ASSIGNMENT|[7]|j|3
03:16:14.1 (8087475)|STATEMENT_EXECUTE|[7]
03:16:14.1 (8089096)|STATEMENT_EXECUTE|[8]
03:16:14.1 (8091343)|VARIABLE_SCOPE_BEGIN|[8]|x|Integer|false|false
03:16:14.1 (8097881)|HEAP_ALLOCATE|[8]|Bytes:4
03:16:14.1 (8103454)|VARIABLE_ASSIGNMENT|[8]|x|0
03:16:14.1 (8108532)|HEAP_ALLOCATE|[9]|Bytes:8
03:16:14.1 (8112950)|HEAP_ALLOCATE|[9]|Bytes:8
03:16:14.1 (8116904)|STATEMENT_EXECUTE|[9]
03:16:14.1 (8118501)|STATEMENT_EXECUTE|[10]
03:16:14.1 (8120914)|HEAP_ALLOCATE|[10]|Bytes:8
03:16:14.1 (8126907)|VARIABLE_ASSIGNMENT|[10]|x|1
03:16:14.1 (8130657)|STATEMENT_EXECUTE|[11]
03:16:14.1 (8133149)|HEAP_ALLOCATE|[11]|Bytes:8
03:16:14.1 (8138907)|STATEMENT_EXECUTE|[12]
03:16:14.1 (8141817)|STATEMENT_EXECUTE|[13]
03:16:14.1 (8147791)|USER_DEBUG|[13]|DEBUG|(443, 95, 43, 1, 37, 2)
03:16:14.1 (8154419)|HEAP_ALLOCATE|[7]|Bytes:4
03:16:14.1 (8160149)|VARIABLE_ASSIGNMENT|[7]|j|4
03:16:14.1 (8169875)|STATEMENT_EXECUTE|[7]
03:16:14.1 (8171537)|STATEMENT_EXECUTE|[8]
03:16:14.1 (8173849)|VARIABLE_SCOPE_BEGIN|[8]|x|Integer|false|false
03:16:14.1 (8179503)|HEAP_ALLOCATE|[8]|Bytes:4
03:16:14.1 (8184558)|VARIABLE_ASSIGNMENT|[8]|x|0
03:16:14.1 (8189459)|HEAP_ALLOCATE|[9]|Bytes:8
03:16:14.1 (8194127)|HEAP_ALLOCATE|[9]|Bytes:8
03:16:14.1 (8197749)|STATEMENT_EXECUTE|[9]
03:16:14.1 (8199640)|HEAP_ALLOCATE|[7]|Bytes:4
03:16:14.1 (8204796)|VARIABLE_ASSIGNMENT|[7]|j|5
03:16:14.1 (8213917)|STATEMENT_EXECUTE|[7]
03:16:14.1 (8215615)|STATEMENT_EXECUTE|[8]
03:16:14.1 (8217990)|VARIABLE_SCOPE_BEGIN|[8]|x|Integer|false|false
03:16:14.1 (8224468)|HEAP_ALLOCATE|[8]|Bytes:4
03:16:14.1 (8229490)|VARIABLE_ASSIGNMENT|[8]|x|0
03:16:14.1 (8234350)|HEAP_ALLOCATE|[9]|Bytes:8
03:16:14.1 (8238697)|HEAP_ALLOCATE|[9]|Bytes:8
03:16:14.1 (8242997)|STATEMENT_EXECUTE|[9]
03:16:14.1 (8244766)|HEAP_ALLOCATE|[7]|Bytes:4
03:16:14.1 (8249610)|VARIABLE_ASSIGNMENT|[7]|j|6
03:16:14.1 (8259097)|HEAP_ALLOCATE|[6]|Bytes:4
03:16:14.1 (8264471)|VARIABLE_ASSIGNMENT|[6]|i|3
03:16:14.1 (8273333)|STATEMENT_EXECUTE|[6]
03:16:14.1 (8275235)|STATEMENT_EXECUTE|[7]
03:16:14.1 (8277796)|VARIABLE_SCOPE_BEGIN|[7]|j|Integer|false|false
03:16:14.1 (8283607)|HEAP_ALLOCATE|[7]|Bytes:4
03:16:14.1 (8288796)|VARIABLE_ASSIGNMENT|[7]|j|4
03:16:14.1 (8297820)|STATEMENT_EXECUTE|[7]
03:16:14.1 (8299470)|STATEMENT_EXECUTE|[8]
03:16:14.1 (8301692)|VARIABLE_SCOPE_BEGIN|[8]|x|Integer|false|false
03:16:14.1 (8307353)|HEAP_ALLOCATE|[8]|Bytes:4
03:16:14.1 (8312432)|VARIABLE_ASSIGNMENT|[8]|x|0
03:16:14.1 (8318186)|HEAP_ALLOCATE|[9]|Bytes:8
03:16:14.1 (8325504)|HEAP_ALLOCATE|[9]|Bytes:8
03:16:14.1 (8331883)|STATEMENT_EXECUTE|[9]
03:16:14.1 (8334222)|STATEMENT_EXECUTE|[10]
03:16:14.1 (8338151)|HEAP_ALLOCATE|[10]|Bytes:8
03:16:14.1 (8348434)|VARIABLE_ASSIGNMENT|[10]|x|1
03:16:14.1 (8354817)|STATEMENT_EXECUTE|[11]
03:16:14.1 (8358002)|HEAP_ALLOCATE|[11]|Bytes:8
03:16:14.1 (8364738)|STATEMENT_EXECUTE|[12]
03:16:14.1 (8367710)|STATEMENT_EXECUTE|[13]
03:16:14.1 (8375435)|USER_DEBUG|[13]|DEBUG|(443, 95, 43, 37, 1, 2)
03:16:14.1 (8382586)|HEAP_ALLOCATE|[7]|Bytes:4
03:16:14.1 (8388411)|VARIABLE_ASSIGNMENT|[7]|j|5
03:16:14.1 (8399606)|STATEMENT_EXECUTE|[7]
03:16:14.1 (8401984)|STATEMENT_EXECUTE|[8]
03:16:14.1 (8405630)|VARIABLE_SCOPE_BEGIN|[8]|x|Integer|false|false
03:16:14.1 (8417078)|HEAP_ALLOCATE|[8]|Bytes:4
03:16:14.1 (8426836)|VARIABLE_ASSIGNMENT|[8]|x|0
03:16:14.1 (8436093)|HEAP_ALLOCATE|[9]|Bytes:8
03:16:14.1 (8445096)|HEAP_ALLOCATE|[9]|Bytes:8
03:16:14.1 (8452512)|STATEMENT_EXECUTE|[9]
03:16:14.1 (8455750)|HEAP_ALLOCATE|[7]|Bytes:4
03:16:14.1 (8464863)|VARIABLE_ASSIGNMENT|[7]|j|6
03:16:14.1 (8484585)|HEAP_ALLOCATE|[6]|Bytes:4
03:16:14.1 (8492936)|VARIABLE_ASSIGNMENT|[6]|i|4
03:16:14.1 (8507585)|STATEMENT_EXECUTE|[6]
03:16:14.1 (8510774)|STATEMENT_EXECUTE|[7]
03:16:14.1 (8515165)|VARIABLE_SCOPE_BEGIN|[7]|j|Integer|false|false
03:16:14.1 (8526210)|HEAP_ALLOCATE|[7]|Bytes:4
03:16:14.1 (8532713)|VARIABLE_ASSIGNMENT|[7]|j|5
03:16:14.1 (8543660)|STATEMENT_EXECUTE|[7]
03:16:14.1 (8545741)|STATEMENT_EXECUTE|[8]
03:16:14.1 (8549215)|VARIABLE_SCOPE_BEGIN|[8]|x|Integer|false|false
03:16:14.1 (8559444)|HEAP_ALLOCATE|[8]|Bytes:4
03:16:14.1 (8566126)|VARIABLE_ASSIGNMENT|[8]|x|0
03:16:14.1 (8572463)|HEAP_ALLOCATE|[9]|Bytes:8
03:16:14.1 (8577556)|HEAP_ALLOCATE|[9]|Bytes:8
03:16:14.1 (8582196)|STATEMENT_EXECUTE|[9]
03:16:14.1 (8583918)|STATEMENT_EXECUTE|[10]
03:16:14.1 (8586525)|HEAP_ALLOCATE|[10]|Bytes:8
03:16:14.1 (8592115)|VARIABLE_ASSIGNMENT|[10]|x|1
03:16:14.1 (8595921)|STATEMENT_EXECUTE|[11]
03:16:14.1 (8598351)|HEAP_ALLOCATE|[11]|Bytes:8
03:16:14.1 (8604937)|STATEMENT_EXECUTE|[12]
03:16:14.1 (8607906)|STATEMENT_EXECUTE|[13]
03:16:14.1 (8615737)|USER_DEBUG|[13]|DEBUG|(443, 95, 43, 37, 2, 1)
03:16:14.1 (8622622)|HEAP_ALLOCATE|[7]|Bytes:4
03:16:14.1 (8627986)|VARIABLE_ASSIGNMENT|[7]|j|6
03:16:14.1 (8638217)|HEAP_ALLOCATE|[6]|Bytes:4
03:16:14.1 (8643462)|VARIABLE_ASSIGNMENT|[6]|i|5
03:16:14.1 (8652714)|STATEMENT_EXECUTE|[6]
03:16:14.1 (8654703)|STATEMENT_EXECUTE|[7]
03:16:14.1 (8657263)|VARIABLE_SCOPE_BEGIN|[7]|j|Integer|false|false
03:16:14.1 (8664048)|HEAP_ALLOCATE|[7]|Bytes:4
03:16:14.1 (8669167)|VARIABLE_ASSIGNMENT|[7]|j|6
03:16:14.1 (8678627)|STATEMENT_EXECUTE|[7]
03:16:14.1 (8680586)|HEAP_ALLOCATE|[6]|Bytes:4
03:16:14.1 (8685836)|VARIABLE_ASSIGNMENT|[6]|i|6
03:16:14.1 (8702645)|METHOD_EXIT|[4]|01p6F00000MPtB2|Array_Operations.Descending()
03:16:14.1 (8709509)|SYSTEM_MODE_EXIT|false
03:16:14.1 (8715801)|STATEMENT_EXECUTE|[5]
03:16:14.1 (8740882)|SYSTEM_MODE_ENTER|false
03:16:14.1 (8754355)|HEAP_ALLOCATE|[5]|Bytes:5
03:16:14.1 (8766031)|METHOD_ENTRY|[5]|01p6F00000MPtB2|Array_Operations.Duplicate()
03:16:14.1 (8789398)|VARIABLE_SCOPE_BEGIN|[61]|this|Array_Operations|true|false
03:16:14.1 (8814902)|VARIABLE_ASSIGNMENT|[61]|this|{"integerList":"0x2c085aa2"}|0x26f51d08
03:16:14.1 (8827817)|HEAP_ALLOCATE|[64]|Bytes:5
03:16:14.1 (8832557)|STATEMENT_EXECUTE|[61]
03:16:14.1 (8834338)|STATEMENT_EXECUTE|[64]
03:16:14.1 (8872545)|STATEMENT_EXECUTE|[65]
03:16:14.1 (8899634)|USER_DEBUG|[65]|DEBUG|(1, 2, 37, 43, 95, 443)
03:16:14.1 (8917122)|METHOD_EXIT|[5]|01p6F00000MPtB2|Array_Operations.Duplicate()
03:16:14.1 (8922963)|SYSTEM_MODE_EXIT|false
03:16:14.8 (8953430)|CUMULATIVE_LIMIT_USAGE
03:16:14.8 (8953430)|LIMIT_USAGE_FOR_NS|(default)|
  Number of SOQL queries: 0 out of 100
  Number of query rows: 0 out of 50000
  Number of SOSL queries: 0 out of 20
  Number of DML statements: 0 out of 150
  Number of DML rows: 0 out of 10000
  Maximum CPU time: 0 out of 10000
  Maximum heap size: 0 out of 6000000
  Number of callouts: 0 out of 100
  Number of Email Invocations: 0 out of 10
  Number of future calls: 0 out of 50
  Number of queueable jobs added to the queue: 0 out of 50
  Number of Mobile Apex push calls: 0 out of 10

03:16:14.8 (8953430)|CUMULATIVE_LIMIT_USAGE_END

03:16:14.1 (8989033)|CODE_UNIT_FINISHED|execute_anonymous_apex
03:16:14.1 (10064225)|EXECUTION_FINISHED
