44.0 APEX_CODE,FINEST;APEX_PROFILING,INFO;CALLOUT,INFO;DB,INFO;NBA,INFO;SYSTEM,DEBUG;VALIDATION,INFO;VISUALFORCE,INFO;WAVE,INFO;WORKFLOW,INFO
Execute Anonymous: Array_Operations obj = new Array_Operations();
Execute Anonymous: obj.Duplicate();
04:16:56.1 (1385414)|USER_INFO|[EXTERNAL]|0056F00000ATCAZ|ayman.shaikh@gmail.com|Pacific Standard Time|GMT-07:00
04:16:56.1 (1414924)|EXECUTION_STARTED
04:16:56.1 (1421292)|CODE_UNIT_STARTED|[EXTERNAL]|execute_anonymous_apex
04:16:56.1 (10423735)|VARIABLE_SCOPE_BEGIN|[1]|obj|Array_Operations|true|false
04:16:56.1 (10595782)|HEAP_ALLOCATE|[72]|Bytes:3
04:16:56.1 (10643219)|HEAP_ALLOCATE|[77]|Bytes:152
04:16:56.1 (10664323)|HEAP_ALLOCATE|[342]|Bytes:408
04:16:56.1 (10684845)|HEAP_ALLOCATE|[355]|Bytes:408
04:16:56.1 (10704649)|HEAP_ALLOCATE|[467]|Bytes:48
04:16:56.1 (10745311)|HEAP_ALLOCATE|[139]|Bytes:6
04:16:56.1 (10776908)|HEAP_ALLOCATE|[EXTERNAL]|Bytes:3
04:16:56.1 (10820962)|STATEMENT_EXECUTE|[1]
04:16:56.1 (10825980)|STATEMENT_EXECUTE|[1]
04:16:56.1 (10832126)|HEAP_ALLOCATE|[1]|Bytes:13
04:16:56.1 (10842183)|HEAP_ALLOCATE|[1]|Bytes:22
04:16:56.1 (10882586)|METHOD_ENTRY|[1]|01p6F00000MPtB2|Array_Operations.Array_Operations()
04:16:56.1 (10893490)|STATEMENT_EXECUTE|[1]
04:16:56.1 (10900527)|STATEMENT_EXECUTE|[1]
04:16:56.1 (10935775)|HEAP_ALLOCATE|[50]|Bytes:5
04:16:56.1 (10964814)|HEAP_ALLOCATE|[56]|Bytes:5
04:16:56.1 (10979507)|HEAP_ALLOCATE|[64]|Bytes:7
04:16:56.1 (11007263)|SYSTEM_MODE_ENTER|false
04:16:56.1 (11025256)|HEAP_ALLOCATE|[1]|Bytes:5
04:16:56.1 (11034621)|SYSTEM_MODE_EXIT|false
04:16:56.1 (11048028)|METHOD_EXIT|[1]|Array_Operations
04:16:56.1 (11106991)|HEAP_ALLOCATE|[1]|Bytes:8
04:16:56.1 (11145502)|SYSTEM_MODE_ENTER|false
04:16:56.1 (11169392)|HEAP_ALLOCATE|[1]|Bytes:5
04:16:56.1 (11182980)|CONSTRUCTOR_ENTRY|[1]|01p6F00000MPtB2|<init>()|Array_Operations
04:16:56.1 (11214886)|VARIABLE_SCOPE_BEGIN|[1]|this|Array_Operations|true|false
04:16:56.1 (11279706)|VARIABLE_ASSIGNMENT|[1]|this|{}|0x6d6358f4
04:16:56.1 (11299513)|HEAP_ALLOCATE|[3]|Bytes:5
04:16:56.1 (11312760)|HEAP_ALLOCATE|[3]|Bytes:6
04:16:56.1 (11369063)|STATEMENT_EXECUTE|[1]
04:16:56.1 (11377688)|HEAP_ALLOCATE|[3]|Bytes:5
04:16:56.1 (11385135)|STATEMENT_EXECUTE|[3]
04:16:56.1 (11402750)|HEAP_ALLOCATE|[3]|Bytes:4
04:16:56.1 (11483669)|HEAP_ALLOCATE|[3]|Bytes:4
04:16:56.1 (11497613)|HEAP_ALLOCATE|[3]|Bytes:4
04:16:56.1 (11505080)|HEAP_ALLOCATE|[3]|Bytes:4
04:16:56.1 (11511924)|HEAP_ALLOCATE|[3]|Bytes:4
04:16:56.1 (11519701)|HEAP_ALLOCATE|[3]|Bytes:4
04:16:56.1 (11526380)|HEAP_ALLOCATE|[3]|Bytes:4
04:16:56.1 (11559940)|HEAP_ALLOCATE|[EXTERNAL]|Bytes:28
04:16:56.1 (11588129)|VARIABLE_ASSIGNMENT|[3]|this.integerList|"List of size 6 too large to display"|0x6d6358f4
04:16:56.1 (11607249)|CONSTRUCTOR_EXIT|[1]|01p6F00000MPtB2|<init>()|Array_Operations
04:16:56.1 (11616279)|SYSTEM_MODE_EXIT|false
04:16:56.1 (11648805)|VARIABLE_ASSIGNMENT|[1]|obj|{"integerList":"0xccb27a"}|0x6d6358f4
04:16:56.1 (11656830)|STATEMENT_EXECUTE|[2]
04:16:56.1 (11684288)|SYSTEM_MODE_ENTER|false
04:16:56.1 (11703332)|HEAP_ALLOCATE|[2]|Bytes:5
04:16:56.1 (11725552)|METHOD_ENTRY|[2]|01p6F00000MPtB2|Array_Operations.Duplicate()
04:16:56.1 (11750144)|VARIABLE_SCOPE_BEGIN|[55]|this|Array_Operations|true|false
04:16:56.1 (11774891)|VARIABLE_ASSIGNMENT|[55]|this|{"integerList":"0xccb27a"}|0x6d6358f4
04:16:56.1 (11789233)|HEAP_ALLOCATE|[57]|Bytes:5
04:16:56.1 (11793835)|STATEMENT_EXECUTE|[56]
04:16:56.1 (11795767)|STATEMENT_EXECUTE|[57]
04:16:56.1 (11800055)|VARIABLE_SCOPE_BEGIN|[57]|count|Integer|false|false
04:16:56.1 (11807147)|HEAP_ALLOCATE|[57]|Bytes:4
04:16:56.1 (11816925)|VARIABLE_ASSIGNMENT|[57]|count|1
04:16:56.1 (11822230)|STATEMENT_EXECUTE|[59]
04:16:56.1 (11825750)|VARIABLE_SCOPE_BEGIN|[59]|i|Integer|false|false
04:16:56.1 (11835420)|HEAP_ALLOCATE|[59]|Bytes:4
04:16:56.1 (11843823)|VARIABLE_ASSIGNMENT|[59]|i|0
04:16:56.1 (11896747)|STATEMENT_EXECUTE|[59]
04:16:56.1 (11901124)|STATEMENT_EXECUTE|[60]
04:16:56.1 (11906656)|VARIABLE_SCOPE_BEGIN|[60]|j|Integer|false|false
04:16:56.1 (11919318)|HEAP_ALLOCATE|[60]|Bytes:4
04:16:56.1 (11930360)|VARIABLE_ASSIGNMENT|[60]|j|1
04:16:56.1 (11969036)|STATEMENT_EXECUTE|[60]
04:16:56.1 (11982259)|HEAP_ALLOCATE|[61]|Bytes:8
04:16:56.1 (11995544)|HEAP_ALLOCATE|[61]|Bytes:8
04:16:56.1 (12002188)|STATEMENT_EXECUTE|[61]
04:16:56.1 (12005899)|HEAP_ALLOCATE|[60]|Bytes:4
04:16:56.1 (12014242)|VARIABLE_ASSIGNMENT|[60]|j|2
04:16:56.1 (12027132)|STATEMENT_EXECUTE|[60]
04:16:56.1 (12030244)|HEAP_ALLOCATE|[61]|Bytes:8
04:16:56.1 (12034938)|HEAP_ALLOCATE|[61]|Bytes:8
04:16:56.1 (12038561)|STATEMENT_EXECUTE|[61]
04:16:56.1 (12040404)|HEAP_ALLOCATE|[60]|Bytes:4
04:16:56.1 (12045999)|VARIABLE_ASSIGNMENT|[60]|j|3
04:16:56.1 (12057635)|STATEMENT_EXECUTE|[60]
04:16:56.1 (12060441)|HEAP_ALLOCATE|[61]|Bytes:8
04:16:56.1 (12064977)|HEAP_ALLOCATE|[61]|Bytes:8
04:16:56.1 (12068716)|STATEMENT_EXECUTE|[61]
04:16:56.1 (12070783)|STATEMENT_EXECUTE|[62]
04:16:56.1 (12072883)|HEAP_ALLOCATE|[62]|Bytes:4
04:16:56.1 (12078313)|VARIABLE_ASSIGNMENT|[62]|count|2
04:16:56.1 (12082462)|STATEMENT_EXECUTE|[63]
04:16:56.1 (12114661)|HEAP_ALLOCATE|[63]|Bytes:4
04:16:56.1 (12135897)|HEAP_ALLOCATE|[60]|Bytes:4
04:16:56.1 (12146805)|VARIABLE_ASSIGNMENT|[60]|j|4
04:16:56.1 (12167370)|STATEMENT_EXECUTE|[60]
04:16:56.1 (12173671)|HEAP_ALLOCATE|[61]|Bytes:8
04:16:56.1 (12184393)|HEAP_ALLOCATE|[61]|Bytes:8
04:16:56.1 (12190949)|STATEMENT_EXECUTE|[61]
04:16:56.1 (12193882)|HEAP_ALLOCATE|[60]|Bytes:4
04:16:56.1 (12204034)|VARIABLE_ASSIGNMENT|[60]|j|5
04:16:56.1 (12223927)|STATEMENT_EXECUTE|[60]
04:16:56.1 (12229396)|HEAP_ALLOCATE|[61]|Bytes:8
04:16:56.1 (12238358)|HEAP_ALLOCATE|[61]|Bytes:8
04:16:56.1 (12244444)|STATEMENT_EXECUTE|[61]
04:16:56.1 (12247074)|STATEMENT_EXECUTE|[62]
04:16:56.1 (12250252)|HEAP_ALLOCATE|[62]|Bytes:4
04:16:56.1 (12260899)|VARIABLE_ASSIGNMENT|[62]|count|3
04:16:56.1 (12267407)|STATEMENT_EXECUTE|[63]
04:16:56.1 (12278580)|HEAP_ALLOCATE|[63]|Bytes:4
04:16:56.1 (12292093)|HEAP_ALLOCATE|[60]|Bytes:4
04:16:56.1 (12301233)|VARIABLE_ASSIGNMENT|[60]|j|6
04:16:56.1 (12319031)|STATEMENT_EXECUTE|[60]
04:16:56.1 (12324512)|HEAP_ALLOCATE|[61]|Bytes:8
04:16:56.1 (12382677)|HEAP_ALLOCATE|[61]|Bytes:31
04:16:56.1 (12405719)|METHOD_EXIT|[2]|01p6F00000MPtB2|Array_Operations.Duplicate()
04:16:56.1 (12417878)|SYSTEM_MODE_EXIT|false
04:16:56.1 (12555805)|FATAL_ERROR|System.ListException: List index out of bounds: 6

Class.Array_Operations.Duplicate: line 61, column 1
AnonymousBlock: line 2, column 1
AnonymousBlock: line 2, column 1
04:16:56.12 (12626684)|CUMULATIVE_LIMIT_USAGE
04:16:56.12 (12626684)|LIMIT_USAGE_FOR_NS|(default)|
  Number of SOQL queries: 0 out of 100
  Number of query rows: 0 out of 50000
  Number of SOSL queries: 0 out of 20
  Number of DML statements: 0 out of 150
  Number of DML rows: 0 out of 10000
  Maximum CPU time: 0 out of 10000
  Maximum heap size: 0 out of 6000000
  Number of callouts: 0 out of 100
  Number of Email Invocations: 0 out of 10
  Number of future calls: 0 out of 50
  Number of queueable jobs added to the queue: 0 out of 50
  Number of Mobile Apex push calls: 0 out of 10

04:16:56.12 (12626684)|CUMULATIVE_LIMIT_USAGE_END

04:16:56.1 (12679658)|CODE_UNIT_FINISHED|execute_anonymous_apex
04:16:56.1 (13723203)|EXECUTION_FINISHED
