44.0 APEX_CODE,FINEST;APEX_PROFILING,INFO;CALLOUT,INFO;DB,INFO;NBA,INFO;SYSTEM,DEBUG;VALIDATION,INFO;VISUALFORCE,INFO;WAVE,INFO;WORKFLOW,INFO
Execute Anonymous: ParentClass obj1 =  new ParentClass();
Execute Anonymous: obj1.write();
Execute Anonymous: ChildClass obj2 = new ChildClass();
Execute Anonymous: obj2.write();
Execute Anonymous: obj2.ParentClassAdd();
07:44:51.1 (1273807)|USER_INFO|[EXTERNAL]|0056F00000ATCAZ|ayman.shaikh@gmail.com|Pacific Standard Time|GMT-07:00
07:44:51.1 (1296282)|EXECUTION_STARTED
07:44:51.1 (1300403)|CODE_UNIT_STARTED|[EXTERNAL]|execute_anonymous_apex
07:44:51.1 (14110744)|VARIABLE_SCOPE_BEGIN|[1]|obj1|ParentClass|true|false
07:44:51.1 (24264611)|VARIABLE_SCOPE_BEGIN|[3]|obj2|ChildClass|true|false
07:44:51.1 (24399356)|HEAP_ALLOCATE|[72]|Bytes:3
07:44:51.1 (24436266)|HEAP_ALLOCATE|[77]|Bytes:152
07:44:51.1 (24449612)|HEAP_ALLOCATE|[342]|Bytes:408
07:44:51.1 (24462609)|HEAP_ALLOCATE|[355]|Bytes:408
07:44:51.1 (24475166)|HEAP_ALLOCATE|[467]|Bytes:48
07:44:51.1 (24501130)|HEAP_ALLOCATE|[139]|Bytes:6
07:44:51.1 (24525314)|HEAP_ALLOCATE|[EXTERNAL]|Bytes:9
07:44:51.1 (24564243)|STATEMENT_EXECUTE|[1]
07:44:51.1 (24566877)|STATEMENT_EXECUTE|[1]
07:44:51.1 (24570758)|HEAP_ALLOCATE|[1]|Bytes:3
07:44:51.1 (24582699)|HEAP_ALLOCATE|[1]|Bytes:4
07:44:51.1 (24609407)|METHOD_ENTRY|[1]|01p6F00000MR10y|ParentClass.ParentClass()
07:44:51.1 (24616669)|STATEMENT_EXECUTE|[1]
07:44:51.1 (24620762)|STATEMENT_EXECUTE|[1]
07:44:51.1 (24624758)|METHOD_EXIT|[1]|ParentClass
07:44:51.1 (24639375)|HEAP_ALLOCATE|[1]|Bytes:4
07:44:51.1 (24672162)|HEAP_ALLOCATE|[50]|Bytes:5
07:44:51.1 (24690132)|HEAP_ALLOCATE|[56]|Bytes:5
07:44:51.1 (24697963)|HEAP_ALLOCATE|[64]|Bytes:7
07:44:51.1 (24716549)|SYSTEM_MODE_ENTER|false
07:44:51.1 (24745546)|HEAP_ALLOCATE|[1]|Bytes:5
07:44:51.1 (24757267)|CONSTRUCTOR_ENTRY|[1]|01p6F00000MR10y|<init>()|ParentClass
07:44:51.1 (24785411)|VARIABLE_SCOPE_BEGIN|[1]|this|ParentClass|true|false
07:44:51.1 (24827570)|VARIABLE_ASSIGNMENT|[1]|this|{}|0x798b1cd5
07:44:51.1 (24838529)|HEAP_ALLOCATE|[EXTERNAL]|Bytes:6
07:44:51.1 (24872632)|STATEMENT_EXECUTE|[1]
07:44:51.1 (24878077)|CONSTRUCTOR_EXIT|[1]|01p6F00000MR10y|<init>()|ParentClass
07:44:51.1 (24888868)|SYSTEM_MODE_EXIT|false
07:44:51.1 (24906886)|VARIABLE_ASSIGNMENT|[1]|obj1|{}|0x798b1cd5
07:44:51.1 (24912534)|STATEMENT_EXECUTE|[2]
07:44:51.1 (24933400)|SYSTEM_MODE_ENTER|false
07:44:51.1 (24951654)|HEAP_ALLOCATE|[2]|Bytes:5
07:44:51.1 (24976502)|METHOD_ENTRY|[2]|01p6F00000MR10y|ParentClass.write()
07:44:51.1 (24997077)|VARIABLE_SCOPE_BEGIN|[3]|this|ParentClass|true|false
07:44:51.1 (25012333)|VARIABLE_ASSIGNMENT|[3]|this|{}|0x798b1cd5
07:44:51.1 (25021003)|STATEMENT_EXECUTE|[3]
07:44:51.1 (25022626)|STATEMENT_EXECUTE|[5]
07:44:51.1 (25025890)|HEAP_ALLOCATE|[5]|Bytes:20
07:44:51.1 (25080343)|USER_DEBUG|[5]|DEBUG|This is Parent Class
07:44:51.1 (25094801)|METHOD_EXIT|[2]|01p6F00000MR10y|ParentClass.write()
07:44:51.1 (25100994)|SYSTEM_MODE_EXIT|false
07:44:51.1 (25106223)|STATEMENT_EXECUTE|[3]
07:44:51.1 (25110470)|HEAP_ALLOCATE|[3]|Bytes:1
07:44:51.1 (25115549)|HEAP_ALLOCATE|[3]|Bytes:1
07:44:51.1 (25126055)|METHOD_ENTRY|[1]|01p6F00000MR2GO|ChildClass.ChildClass()
07:44:51.1 (25130910)|STATEMENT_EXECUTE|[1]
07:44:51.1 (25133546)|STATEMENT_EXECUTE|[1]
07:44:51.1 (25136517)|METHOD_EXIT|[1]|ChildClass
07:44:51.1 (25146269)|HEAP_ALLOCATE|[3]|Bytes:4
07:44:51.1 (25165038)|SYSTEM_MODE_ENTER|false
07:44:51.1 (25176604)|HEAP_ALLOCATE|[3]|Bytes:5
07:44:51.1 (25184621)|CONSTRUCTOR_ENTRY|[3]|01p6F00000MR2GO|<init>()|ChildClass
07:44:51.1 (25198974)|VARIABLE_SCOPE_BEGIN|[1]|this|ChildClass|true|false
07:44:51.1 (25215981)|VARIABLE_ASSIGNMENT|[1]|this|{}|0x66174b52
07:44:51.1 (25223654)|CONSTRUCTOR_ENTRY|[EXTERNAL]|01p6F00000MR10y|<init>()|ParentClass
07:44:51.1 (25232991)|VARIABLE_SCOPE_BEGIN|[1]|this|ParentClass|true|false
07:44:51.1 (25244316)|VARIABLE_ASSIGNMENT|[1]|this|{}|0x66174b52
07:44:51.1 (25259230)|STATEMENT_EXECUTE|[1]
07:44:51.1 (25262400)|CONSTRUCTOR_EXIT|[EXTERNAL]|01p6F00000MR10y|<init>()|ParentClass
07:44:51.1 (25267928)|STATEMENT_EXECUTE|[1]
07:44:51.1 (25270265)|CONSTRUCTOR_EXIT|[3]|01p6F00000MR2GO|<init>()|ChildClass
07:44:51.1 (25277792)|SYSTEM_MODE_EXIT|false
07:44:51.1 (25291706)|VARIABLE_ASSIGNMENT|[3]|obj2|{}|0x66174b52
07:44:51.1 (25297222)|STATEMENT_EXECUTE|[4]
07:44:51.1 (25313586)|SYSTEM_MODE_ENTER|false
07:44:51.1 (25324604)|HEAP_ALLOCATE|[4]|Bytes:5
07:44:51.1 (25339385)|METHOD_ENTRY|[4]|01p6F00000MR2GO|ChildClass.write()
07:44:51.1 (25357372)|VARIABLE_SCOPE_BEGIN|[3]|this|ChildClass|true|false
07:44:51.1 (25370263)|VARIABLE_ASSIGNMENT|[3]|this|{}|0x66174b52
07:44:51.1 (25377661)|STATEMENT_EXECUTE|[3]
07:44:51.1 (25379440)|STATEMENT_EXECUTE|[5]
07:44:51.1 (25382518)|HEAP_ALLOCATE|[5]|Bytes:19
07:44:51.1 (25409553)|USER_DEBUG|[5]|DEBUG|This is ChildClass.
07:44:51.1 (25420282)|METHOD_EXIT|[4]|01p6F00000MR2GO|ChildClass.write()
07:44:51.1 (25426330)|SYSTEM_MODE_EXIT|false
07:44:51.1 (25431394)|STATEMENT_EXECUTE|[5]
07:44:51.1 (25463317)|SYSTEM_MODE_ENTER|false
07:44:51.1 (25474588)|HEAP_ALLOCATE|[5]|Bytes:5
07:44:51.1 (25483827)|METHOD_ENTRY|[5]|01p6F00000MR10y|ParentClass.ParentClassAdd()
07:44:51.1 (25499672)|VARIABLE_SCOPE_BEGIN|[8]|this|ParentClass|true|false
07:44:51.1 (25514099)|VARIABLE_ASSIGNMENT|[8]|this|{}|0x66174b52
07:44:51.1 (25522235)|STATEMENT_EXECUTE|[8]
07:44:51.1 (25523867)|STATEMENT_EXECUTE|[9]
07:44:51.1 (25529023)|VARIABLE_SCOPE_BEGIN|[9]|IntNum1|Integer|false|false
07:44:51.1 (25536422)|HEAP_ALLOCATE|[9]|Bytes:4
07:44:51.1 (25544250)|VARIABLE_ASSIGNMENT|[9]|IntNum1|5
07:44:51.1 (25548528)|STATEMENT_EXECUTE|[9]
07:44:51.1 (25551269)|VARIABLE_SCOPE_BEGIN|[9]|IntNum2|Integer|false|false
07:44:51.1 (25556827)|HEAP_ALLOCATE|[9]|Bytes:4
07:44:51.1 (25561339)|VARIABLE_ASSIGNMENT|[9]|IntNum2|6
07:44:51.1 (25564710)|STATEMENT_EXECUTE|[9]
07:44:51.1 (25566947)|VARIABLE_SCOPE_BEGIN|[9]|IntSum|Integer|false|false
07:44:51.1 (25578611)|HEAP_ALLOCATE|[9]|Bytes:4
07:44:51.1 (25583900)|VARIABLE_ASSIGNMENT|[9]|IntSum|0
07:44:51.1 (25588138)|STATEMENT_EXECUTE|[10]
07:44:51.1 (25605126)|HEAP_ALLOCATE|[10]|Bytes:4
07:44:51.1 (25611764)|VARIABLE_ASSIGNMENT|[10]|IntSum|11
07:44:51.1 (25616549)|STATEMENT_EXECUTE|[12]
07:44:51.1 (25619748)|HEAP_ALLOCATE|[12]|Bytes:7
07:44:51.1 (25698084)|HEAP_ALLOCATE|[12]|Bytes:2
07:44:51.1 (25717370)|HEAP_ALLOCATE|[12]|Bytes:9
07:44:51.1 (25735831)|USER_DEBUG|[12]|DEBUG|Sum is:11
07:44:51.1 (25744955)|METHOD_EXIT|[5]|01p6F00000MR10y|ParentClass.ParentClassAdd()
07:44:51.1 (25759945)|SYSTEM_MODE_EXIT|false
07:44:51.25 (25797254)|CUMULATIVE_LIMIT_USAGE
07:44:51.25 (25797254)|LIMIT_USAGE_FOR_NS|(default)|
  Number of SOQL queries: 0 out of 100
  Number of query rows: 0 out of 50000
  Number of SOSL queries: 0 out of 20
  Number of DML statements: 0 out of 150
  Number of DML rows: 0 out of 10000
  Maximum CPU time: 0 out of 10000
  Maximum heap size: 0 out of 6000000
  Number of callouts: 0 out of 100
  Number of Email Invocations: 0 out of 10
  Number of future calls: 0 out of 50
  Number of queueable jobs added to the queue: 0 out of 50
  Number of Mobile Apex push calls: 0 out of 10

07:44:51.25 (25797254)|CUMULATIVE_LIMIT_USAGE_END

07:44:51.1 (25836438)|CODE_UNIT_FINISHED|execute_anonymous_apex
07:44:51.1 (26773530)|EXECUTION_FINISHED
