44.0 APEX_CODE,DEBUG;APEX_PROFILING,INFO;CALLOUT,INFO;DB,INFO;NBA,INFO;SYSTEM,DEBUG;VALIDATION,INFO;VISUALFORCE,DEBUG;WAVE,INFO;WORKFLOW,INFO
06:32:47.0 (312912)|USER_INFO|[EXTERNAL]|0056F00000ATCAZ|ayman.shaikh@gmail.com|Pacific Standard Time|GMT-07:00
06:32:47.0 (340794)|EXECUTION_STARTED
06:32:47.0 (343528)|CODE_UNIT_STARTED|[EXTERNAL]|Validation:Employee:a056F00000lKCW6
06:32:47.0 (352853)|VALIDATION_RULE|03d6F000001EXpW|Resignation_Date_rule
06:32:47.0 (473791)|VALIDATION_FORMULA|Is_on_Notice_Period__c= true && ISBLANK(Resignation_Date__c)|Is_on_Notice_Period__c=0 , Resignation_Date__c=null
06:32:47.0 (480703)|VALIDATION_PASS
06:32:47.0 (482186)|VALIDATION_RULE|03d6F000001EXr8|Restrict_DOB
06:32:47.0 (670339)|VALIDATION_FORMULA|Age__c  <= 18|Age__c=100
06:32:47.0 (676258)|VALIDATION_PASS
06:32:47.0 (677190)|VALIDATION_RULE|03d6F000001EWg3|Check_Dates
06:32:47.0 (789351)|VALIDATION_FORMULA|Last_Working_Day__c  <  Date_of_Joining__c|Last_Working_Day__c=null , Date_of_Joining__c=2018-10-01 00:00:00
06:32:47.0 (795589)|VALIDATION_PASS
06:32:47.0 (796300)|VALIDATION_RULE|03d6F000001EWfy|Notice_Period
06:32:47.0 (847836)|VALIDATION_FORMULA|Is_on_Notice_Period__c  = true && ISBLANK( Resignation_Date__c )|Is_on_Notice_Period__c=0 , Resignation_Date__c=null
06:32:47.0 (852496)|VALIDATION_PASS
06:32:47.0 (1030129)|CODE_UNIT_FINISHED|Validation:Employee:a056F00000lKCW6
06:32:47.0 (1037007)|EXECUTION_FINISHED
06:32:47.26 (26173084)|USER_INFO|[EXTERNAL]|0056F00000ATCAZ|ayman.shaikh@gmail.com|Pacific Standard Time|GMT-07:00
06:32:47.26 (26195032)|EXECUTION_STARTED
06:32:47.26 (26197411)|CODE_UNIT_STARTED|[EXTERNAL]|Workflow:01I6F000002DSKA
06:32:47.26 (34803486)|WF_RULE_EVAL_BEGIN|Workflow
06:32:47.26 (34828400)|WF_CRITERIA_BEGIN|[Employee: EMP-000052 a056F00000lKCW6]|one to one|01Q6F0000015jKG|ON_ALL_CHANGES|0
06:32:47.26 (36034877)|WF_RULE_FILTER|[Employee : Employees ID not equal to NULL]
06:32:47.26 (36054044)|WF_RULE_EVAL_VALUE|EMP-000052
06:32:47.26 (36059004)|WF_CRITERIA_END|true
06:32:47.26 (36725414)|WF_CRITERIA_BEGIN|[Employee: EMP-000052 a056F00000lKCW6]|Record deactivated|01Q6F0000015jIy|ON_CREATE_OR_TRIGGERING_UPDATE|0
06:32:47.26 (36980555)|WF_FORMULA|Formula:ENCODED:[treatNullAsNull]NOT({!ID:00N6F00000RfoKy})|Values:Is_Active__c=1
06:32:47.26 (36987160)|WF_CRITERIA_END|false
06:32:47.26 (36999236)|WF_SPOOL_ACTION_BEGIN|Workflow
06:32:47.26 (38485631)|WF_FIELD_UPDATE|[Employee: EMP-000052 a056F00000lKCW6]|Field:Employee: Roll Id|Value:2|Id=04Y6F000000kSXA|CurrentRule:one to one (Id=01Q6F0000015jKG)
06:32:47.26 (38513542)|WF_ACTION| Field Update: 1;
06:32:47.26 (38520654)|WF_RULE_EVAL_END
06:32:47.26 (47628974)|WF_ACTIONS_END| Field Update: 1;
06:32:47.26 (47641667)|CODE_UNIT_FINISHED|Workflow:01I6F000002DSKA
06:32:47.26 (47647521)|EXECUTION_FINISHED
