43.0 APEX_CODE,FINEST;APEX_PROFILING,INFO;CALLOUT,INFO;DB,INFO;NBA,INFO;SYSTEM,DEBUG;VALIDATION,INFO;VISUALFORCE,INFO;WAVE,INFO;WORKFLOW,INFO
Execute Anonymous: Even_Odd objEvenOdd = new Even_Odd();
Execute Anonymous: Integer num = 125;
Execute Anonymous: objEvenOdd.checking(num);
07:40:43.18 (18090290)|USER_INFO|[EXTERNAL]|0056F00000ATCAZ|ayman.shaikh@gmail.com|Pacific Standard Time|GMT-07:00
07:40:43.18 (18118876)|EXECUTION_STARTED
07:40:43.18 (18125001)|CODE_UNIT_STARTED|[EXTERNAL]|execute_anonymous_apex
07:40:43.18 (18222345)|VARIABLE_SCOPE_BEGIN|[2]|num|Integer|false|false
07:40:43.18 (19446609)|VARIABLE_SCOPE_BEGIN|[1]|objEvenOdd|Even_Odd|true|false
07:40:43.18 (19559612)|HEAP_ALLOCATE|[72]|Bytes:3
07:40:43.18 (19594617)|HEAP_ALLOCATE|[77]|Bytes:152
07:40:43.18 (19608276)|HEAP_ALLOCATE|[342]|Bytes:408
07:40:43.18 (19621049)|HEAP_ALLOCATE|[355]|Bytes:408
07:40:43.18 (19632457)|HEAP_ALLOCATE|[467]|Bytes:48
07:40:43.18 (19658818)|HEAP_ALLOCATE|[139]|Bytes:6
07:40:43.18 (19684206)|HEAP_ALLOCATE|[EXTERNAL]|Bytes:5
07:40:43.18 (19716915)|STATEMENT_EXECUTE|[1]
07:40:43.18 (19719470)|STATEMENT_EXECUTE|[1]
07:40:43.18 (19723403)|HEAP_ALLOCATE|[1]|Bytes:1
07:40:43.18 (19730063)|HEAP_ALLOCATE|[1]|Bytes:4
07:40:43.18 (19767629)|METHOD_ENTRY|[5]|01p6F00000MPY1Z|Even_Odd.Even_Odd()
07:40:43.18 (19775723)|STATEMENT_EXECUTE|[5]
07:40:43.18 (19779215)|STATEMENT_EXECUTE|[5]
07:40:43.18 (19807153)|HEAP_ALLOCATE|[50]|Bytes:5
07:40:43.18 (19828115)|HEAP_ALLOCATE|[56]|Bytes:5
07:40:43.18 (19837464)|HEAP_ALLOCATE|[64]|Bytes:7
07:40:43.18 (19855635)|SYSTEM_MODE_ENTER|false
07:40:43.18 (19868408)|HEAP_ALLOCATE|[1]|Bytes:5
07:40:43.18 (19879014)|SYSTEM_MODE_EXIT|false
07:40:43.18 (19892041)|METHOD_EXIT|[5]|Even_Odd
07:40:43.18 (19908115)|HEAP_ALLOCATE|[1]|Bytes:4
07:40:43.18 (19931198)|SYSTEM_MODE_ENTER|false
07:40:43.18 (19956788)|HEAP_ALLOCATE|[1]|Bytes:5
07:40:43.18 (19980913)|CONSTRUCTOR_ENTRY|[1]|01p6F00000MPY1Z|<init>()|Even_Odd
07:40:43.18 (20039129)|VARIABLE_SCOPE_BEGIN|[5]|this|Even_Odd|true|false
07:40:43.18 (20084502)|VARIABLE_ASSIGNMENT|[5]|this|{}|0x45f22066
07:40:43.18 (20098134)|HEAP_ALLOCATE|[EXTERNAL]|Bytes:5
07:40:43.18 (20108013)|HEAP_ALLOCATE|[EXTERNAL]|Bytes:6
07:40:43.18 (20145741)|STATEMENT_EXECUTE|[5]
07:40:43.18 (20151972)|HEAP_ALLOCATE|[EXTERNAL]|Bytes:5
07:40:43.18 (20165491)|CONSTRUCTOR_EXIT|[1]|01p6F00000MPY1Z|<init>()|Even_Odd
07:40:43.18 (20176422)|SYSTEM_MODE_EXIT|false
07:40:43.18 (20204486)|VARIABLE_ASSIGNMENT|[1]|objEvenOdd|{}|0x45f22066
07:40:43.18 (20212219)|STATEMENT_EXECUTE|[2]
07:40:43.18 (20217541)|HEAP_ALLOCATE|[2]|Bytes:4
07:40:43.18 (20229527)|VARIABLE_ASSIGNMENT|[2]|num|125
07:40:43.18 (20234650)|STATEMENT_EXECUTE|[3]
07:40:43.18 (20257467)|SYSTEM_MODE_ENTER|false
07:40:43.18 (20282558)|HEAP_ALLOCATE|[3]|Bytes:5
07:40:43.18 (20314182)|METHOD_ENTRY|[3]|01p6F00000MPY1Z|Even_Odd.checking(Integer)
07:40:43.18 (20342023)|VARIABLE_SCOPE_BEGIN|[7]|this|Even_Odd|true|false
07:40:43.18 (20358882)|VARIABLE_ASSIGNMENT|[7]|this|{}|0x45f22066
07:40:43.18 (20365873)|VARIABLE_SCOPE_BEGIN|[7]|num|Integer|false|false
07:40:43.18 (20375576)|VARIABLE_ASSIGNMENT|[7]|num|125
07:40:43.18 (20387864)|HEAP_ALLOCATE|[8]|Bytes:5
07:40:43.18 (20392957)|STATEMENT_EXECUTE|[7]
07:40:43.18 (20397768)|STATEMENT_EXECUTE|[12]
07:40:43.18 (20399479)|STATEMENT_EXECUTE|[13]
07:40:43.18 (20402621)|HEAP_ALLOCATE|[13]|Bytes:21
07:40:43.18 (20452191)|USER_DEBUG|[13]|DEBUG|Number Entered is ODD
07:40:43.18 (20469536)|METHOD_EXIT|[3]|01p6F00000MPY1Z|Even_Odd.checking(Integer)
07:40:43.18 (20479414)|SYSTEM_MODE_EXIT|false
07:40:43.20 (20520864)|CUMULATIVE_LIMIT_USAGE
07:40:43.20 (20520864)|LIMIT_USAGE_FOR_NS|(default)|
  Number of SOQL queries: 0 out of 100
  Number of query rows: 0 out of 50000
  Number of SOSL queries: 0 out of 20
  Number of DML statements: 0 out of 150
  Number of DML rows: 0 out of 10000
  Maximum CPU time: 0 out of 10000
  Maximum heap size: 0 out of 6000000
  Number of callouts: 0 out of 100
  Number of Email Invocations: 0 out of 10
  Number of future calls: 0 out of 50
  Number of queueable jobs added to the queue: 0 out of 50
  Number of Mobile Apex push calls: 0 out of 10

07:40:43.20 (20520864)|CUMULATIVE_LIMIT_USAGE_END

07:40:43.18 (20578729)|CODE_UNIT_FINISHED|execute_anonymous_apex
07:40:43.18 (21559143)|EXECUTION_FINISHED
