44.0 APEX_CODE,DEBUG;APEX_PROFILING,INFO;CALLOUT,INFO;DB,INFO;NBA,INFO;SYSTEM,DEBUG;VALIDATION,INFO;VISUALFORCE,DEBUG;WAVE,INFO;WORKFLOW,INFO
06:34:05.0 (304435)|USER_INFO|[EXTERNAL]|0056F00000ATCAZ|ayman.shaikh@gmail.com|Pacific Standard Time|GMT-07:00
06:34:05.0 (334910)|EXECUTION_STARTED
06:34:05.0 (338396)|CODE_UNIT_STARTED|[EXTERNAL]|Validation:Employee:a056F00000lKAkx
06:34:05.0 (352774)|VALIDATION_RULE|03d6F000001EXpW|Resignation_Date_rule
06:34:05.0 (489116)|VALIDATION_FORMULA|Is_on_Notice_Period__c= true && ISBLANK(Resignation_Date__c)|Is_on_Notice_Period__c=0 , Resignation_Date__c=null
06:34:05.0 (496225)|VALIDATION_PASS
06:34:05.0 (497666)|VALIDATION_RULE|03d6F000001EXr8|Restrict_DOB
06:34:05.0 (690598)|VALIDATION_FORMULA|Age__c  <= 18|Age__c=32
06:34:05.0 (696849)|VALIDATION_PASS
06:34:05.0 (697651)|VALIDATION_RULE|03d6F000001EWg3|Check_Dates
06:34:05.0 (799866)|VALIDATION_FORMULA|Last_Working_Day__c  <  Date_of_Joining__c|Last_Working_Day__c=null , Date_of_Joining__c=2018-09-30 00:00:00
06:34:05.0 (806584)|VALIDATION_PASS
06:34:05.0 (807533)|VALIDATION_RULE|03d6F000001EWfy|Notice_Period
06:34:05.0 (861834)|VALIDATION_FORMULA|Is_on_Notice_Period__c  = true && ISBLANK( Resignation_Date__c )|Is_on_Notice_Period__c=0 , Resignation_Date__c=null
06:34:05.0 (867563)|VALIDATION_PASS
06:34:05.0 (1123283)|CODE_UNIT_FINISHED|Validation:Employee:a056F00000lKAkx
06:34:05.0 (1132320)|EXECUTION_FINISHED
06:34:05.17 (17507800)|USER_INFO|[EXTERNAL]|0056F00000ATCAZ|ayman.shaikh@gmail.com|Pacific Standard Time|GMT-07:00
06:34:05.17 (17526721)|EXECUTION_STARTED
06:34:05.17 (17529620)|CODE_UNIT_STARTED|[EXTERNAL]|Workflow:01I6F000002DSKA
06:34:05.17 (26717859)|WF_RULE_EVAL_BEGIN|Workflow
06:34:05.17 (26752781)|WF_CRITERIA_BEGIN|[Employee: EMP-000037 a056F00000lKAkx]|one to one|01Q6F0000015jKG|ON_ALL_CHANGES|0
06:34:05.17 (28700596)|WF_RULE_FILTER|[Employee : Employees ID not equal to NULL]
06:34:05.17 (28721906)|WF_RULE_EVAL_VALUE|EMP-000037
06:34:05.17 (28727560)|WF_CRITERIA_END|true
06:34:05.17 (29406739)|WF_CRITERIA_BEGIN|[Employee: EMP-000037 a056F00000lKAkx]|Record deactivated|01Q6F0000015jIy|ON_CREATE_OR_TRIGGERING_UPDATE|0
06:34:05.17 (29604626)|WF_FORMULA|Formula:ENCODED:[treatNullAsNull]NOT({!ID:00N6F00000RfoKy})|Values:Is_Active__c=1
06:34:05.17 (29612003)|WF_CRITERIA_END|false
06:34:05.17 (29622195)|WF_SPOOL_ACTION_BEGIN|Workflow
06:34:05.17 (32329734)|WF_FIELD_UPDATE|[Employee: EMP-000037 a056F00000lKAkx]|Field:Employee: Roll Id|Value:3|Id=04Y6F000000kSXA|CurrentRule:one to one (Id=01Q6F0000015jKG)
06:34:05.17 (32357425)|WF_ACTION| Field Update: 1;
06:34:05.17 (32362248)|WF_RULE_EVAL_END
06:34:05.17 (43582610)|WF_ACTIONS_END| Field Update: 1;
06:34:05.17 (43601767)|CODE_UNIT_FINISHED|Workflow:01I6F000002DSKA
06:34:05.17 (43610023)|EXECUTION_FINISHED
