44.0 APEX_CODE,FINEST;APEX_PROFILING,INFO;CALLOUT,INFO;DB,INFO;NBA,INFO;SYSTEM,DEBUG;VALIDATION,INFO;VISUALFORCE,INFO;WAVE,INFO;WORKFLOW,INFO
Execute Anonymous: Even_Odd objEven_Odd= new Even_Odd();
Execute Anonymous: objEven_Odd.checking(0);
07:17:09.1 (1355156)|USER_INFO|[EXTERNAL]|0056F00000ATCAZ|ayman.shaikh@gmail.com|Pacific Standard Time|GMT-07:00
07:17:09.1 (1387672)|EXECUTION_STARTED
07:17:09.1 (1393923)|CODE_UNIT_STARTED|[EXTERNAL]|execute_anonymous_apex
07:17:09.1 (12411533)|VARIABLE_SCOPE_BEGIN|[1]|objEven_Odd|Even_Odd|true|false
07:17:09.1 (12601417)|HEAP_ALLOCATE|[72]|Bytes:3
07:17:09.1 (12660962)|HEAP_ALLOCATE|[77]|Bytes:152
07:17:09.1 (12684171)|HEAP_ALLOCATE|[342]|Bytes:408
07:17:09.1 (12707165)|HEAP_ALLOCATE|[355]|Bytes:408
07:17:09.1 (12727590)|HEAP_ALLOCATE|[467]|Bytes:48
07:17:09.1 (12766316)|HEAP_ALLOCATE|[139]|Bytes:6
07:17:09.1 (12807797)|HEAP_ALLOCATE|[EXTERNAL]|Bytes:3
07:17:09.1 (12852616)|STATEMENT_EXECUTE|[1]
07:17:09.1 (12857115)|STATEMENT_EXECUTE|[1]
07:17:09.1 (12863975)|HEAP_ALLOCATE|[1]|Bytes:1
07:17:09.1 (12872607)|HEAP_ALLOCATE|[1]|Bytes:3
07:17:09.1 (12908305)|METHOD_ENTRY|[1]|01p6F00000MPY1Z|Even_Odd.Even_Odd()
07:17:09.1 (12918392)|STATEMENT_EXECUTE|[1]
07:17:09.1 (12924050)|STATEMENT_EXECUTE|[1]
07:17:09.1 (12984750)|HEAP_ALLOCATE|[50]|Bytes:5
07:17:09.1 (13034545)|HEAP_ALLOCATE|[56]|Bytes:5
07:17:09.1 (13049833)|HEAP_ALLOCATE|[64]|Bytes:7
07:17:09.1 (13078590)|SYSTEM_MODE_ENTER|false
07:17:09.1 (13099531)|HEAP_ALLOCATE|[1]|Bytes:5
07:17:09.1 (13110622)|SYSTEM_MODE_EXIT|false
07:17:09.1 (13124801)|METHOD_EXIT|[1]|Even_Odd
07:17:09.1 (13145280)|HEAP_ALLOCATE|[1]|Bytes:4
07:17:09.1 (13178040)|SYSTEM_MODE_ENTER|false
07:17:09.1 (13221502)|HEAP_ALLOCATE|[1]|Bytes:5
07:17:09.1 (13242374)|CONSTRUCTOR_ENTRY|[1]|01p6F00000MPY1Z|<init>()|Even_Odd
07:17:09.1 (13280650)|VARIABLE_SCOPE_BEGIN|[1]|this|Even_Odd|true|false
07:17:09.1 (13337445)|VARIABLE_ASSIGNMENT|[1]|this|{}|0x19955a99
07:17:09.1 (13353743)|HEAP_ALLOCATE|[EXTERNAL]|Bytes:5
07:17:09.1 (13366276)|HEAP_ALLOCATE|[EXTERNAL]|Bytes:6
07:17:09.1 (13419798)|STATEMENT_EXECUTE|[1]
07:17:09.1 (13427060)|HEAP_ALLOCATE|[EXTERNAL]|Bytes:5
07:17:09.1 (13441522)|CONSTRUCTOR_EXIT|[1]|01p6F00000MPY1Z|<init>()|Even_Odd
07:17:09.1 (13453314)|SYSTEM_MODE_EXIT|false
07:17:09.1 (13481184)|VARIABLE_ASSIGNMENT|[1]|objEven_Odd|{}|0x19955a99
07:17:09.1 (13491070)|STATEMENT_EXECUTE|[2]
07:17:09.1 (13526162)|SYSTEM_MODE_ENTER|false
07:17:09.1 (13554275)|HEAP_ALLOCATE|[2]|Bytes:5
07:17:09.1 (13597898)|METHOD_ENTRY|[2]|01p6F00000MPY1Z|Even_Odd.checking(Integer)
07:17:09.1 (13630291)|VARIABLE_SCOPE_BEGIN|[3]|this|Even_Odd|true|false
07:17:09.1 (13654216)|VARIABLE_ASSIGNMENT|[3]|this|{}|0x19955a99
07:17:09.1 (13666710)|VARIABLE_SCOPE_BEGIN|[3]|num|Integer|false|false
07:17:09.1 (13682483)|VARIABLE_ASSIGNMENT|[3]|num|0
07:17:09.1 (13701025)|HEAP_ALLOCATE|[4]|Bytes:5
07:17:09.1 (13707875)|STATEMENT_EXECUTE|[3]
07:17:09.1 (13715854)|STATEMENT_EXECUTE|[4]
07:17:09.1 (13718446)|STATEMENT_EXECUTE|[5]
07:17:09.1 (13723176)|HEAP_ALLOCATE|[5]|Bytes:22
07:17:09.1 (13809254)|USER_DEBUG|[5]|DEBUG|Number Entered is even
07:17:09.1 (13836541)|METHOD_EXIT|[2]|01p6F00000MPY1Z|Even_Odd.checking(Integer)
07:17:09.1 (13846740)|SYSTEM_MODE_EXIT|false
07:17:09.13 (13890727)|CUMULATIVE_LIMIT_USAGE
07:17:09.13 (13890727)|LIMIT_USAGE_FOR_NS|(default)|
  Number of SOQL queries: 0 out of 100
  Number of query rows: 0 out of 50000
  Number of SOSL queries: 0 out of 20
  Number of DML statements: 0 out of 150
  Number of DML rows: 0 out of 10000
  Maximum CPU time: 0 out of 10000
  Maximum heap size: 0 out of 6000000
  Number of callouts: 0 out of 100
  Number of Email Invocations: 0 out of 10
  Number of future calls: 0 out of 50
  Number of queueable jobs added to the queue: 0 out of 50
  Number of Mobile Apex push calls: 0 out of 10

07:17:09.13 (13890727)|CUMULATIVE_LIMIT_USAGE_END

07:17:09.1 (13938800)|CODE_UNIT_FINISHED|execute_anonymous_apex
07:17:09.1 (15042595)|EXECUTION_FINISHED
