44.0 APEX_CODE,FINEST;APEX_PROFILING,INFO;CALLOUT,INFO;DB,INFO;NBA,INFO;SYSTEM,DEBUG;VALIDATION,INFO;VISUALFORCE,INFO;WAVE,INFO;WORKFLOW,INFO
Execute Anonymous: InactiveAccountRecords obj = new InactiveAccountRecords();
Execute Anonymous: obj.DeleteInactiveRecords();
06:59:06.1 (1301234)|USER_INFO|[EXTERNAL]|0056F00000ATCAZ|ayman.shaikh@gmail.com|Pacific Standard Time|GMT-08:00
06:59:06.1 (1333928)|EXECUTION_STARTED
06:59:06.1 (1341074)|CODE_UNIT_STARTED|[EXTERNAL]|execute_anonymous_apex
06:59:06.1 (11663990)|VARIABLE_SCOPE_BEGIN|[1]|obj|InactiveAccountRecords|true|false
06:59:06.1 (11843275)|HEAP_ALLOCATE|[72]|Bytes:3
06:59:06.1 (11892935)|HEAP_ALLOCATE|[77]|Bytes:152
06:59:06.1 (11913949)|HEAP_ALLOCATE|[342]|Bytes:408
06:59:06.1 (11926887)|HEAP_ALLOCATE|[355]|Bytes:408
06:59:06.1 (11937154)|HEAP_ALLOCATE|[467]|Bytes:48
06:59:06.1 (11964294)|HEAP_ALLOCATE|[139]|Bytes:6
06:59:06.1 (11984308)|HEAP_ALLOCATE|[EXTERNAL]|Bytes:3
06:59:06.1 (12015507)|STATEMENT_EXECUTE|[1]
06:59:06.1 (12018978)|STATEMENT_EXECUTE|[1]
06:59:06.1 (12023906)|HEAP_ALLOCATE|[1]|Bytes:1
06:59:06.1 (12029373)|HEAP_ALLOCATE|[1]|Bytes:2
06:59:06.1 (12091348)|METHOD_ENTRY|[1]|01p6F00000NM9oD|InactiveAccountRecords.InactiveAccountRecords()
06:59:06.1 (12098973)|STATEMENT_EXECUTE|[1]
06:59:06.1 (12103910)|STATEMENT_EXECUTE|[1]
06:59:06.1 (12136015)|HEAP_ALLOCATE|[50]|Bytes:5
06:59:06.1 (12160706)|HEAP_ALLOCATE|[56]|Bytes:5
06:59:06.1 (12168986)|HEAP_ALLOCATE|[64]|Bytes:7
06:59:06.1 (12187735)|SYSTEM_MODE_ENTER|false
06:59:06.1 (12200352)|HEAP_ALLOCATE|[1]|Bytes:5
06:59:06.1 (12206304)|SYSTEM_MODE_EXIT|false
06:59:06.1 (12214373)|METHOD_EXIT|[1]|InactiveAccountRecords
06:59:06.1 (12228967)|HEAP_ALLOCATE|[1]|Bytes:4
06:59:06.1 (12251400)|SYSTEM_MODE_ENTER|false
06:59:06.1 (12273969)|HEAP_ALLOCATE|[1]|Bytes:5
06:59:06.1 (12290041)|CONSTRUCTOR_ENTRY|[1]|01p6F00000NM9oD|<init>()|InactiveAccountRecords
06:59:06.1 (12320415)|VARIABLE_SCOPE_BEGIN|[1]|this|InactiveAccountRecords|true|false
06:59:06.1 (12371599)|VARIABLE_ASSIGNMENT|[1]|this|{}|0x33f7b746
06:59:06.1 (12382664)|HEAP_ALLOCATE|[EXTERNAL]|Bytes:5
06:59:06.1 (12391853)|HEAP_ALLOCATE|[EXTERNAL]|Bytes:6
06:59:06.1 (12426498)|STATEMENT_EXECUTE|[1]
06:59:06.1 (12430717)|HEAP_ALLOCATE|[EXTERNAL]|Bytes:5
06:59:06.1 (12438995)|CONSTRUCTOR_EXIT|[1]|01p6F00000NM9oD|<init>()|InactiveAccountRecords
06:59:06.1 (12446792)|SYSTEM_MODE_EXIT|false
06:59:06.1 (12467793)|VARIABLE_ASSIGNMENT|[1]|obj|{}|0x33f7b746
06:59:06.1 (12474734)|STATEMENT_EXECUTE|[2]
06:59:06.1 (12494733)|SYSTEM_MODE_ENTER|false
06:59:06.1 (12508933)|HEAP_ALLOCATE|[2]|Bytes:5
06:59:06.1 (12533684)|METHOD_ENTRY|[2]|01p6F00000NM9oD|InactiveAccountRecords.DeleteInactiveRecords()
06:59:06.1 (12555091)|VARIABLE_SCOPE_BEGIN|[2]|this|InactiveAccountRecords|true|false
06:59:06.1 (12568706)|VARIABLE_ASSIGNMENT|[2]|this|{}|0x33f7b746
06:59:06.1 (12579442)|HEAP_ALLOCATE|[3]|Bytes:5
06:59:06.1 (12584287)|STATEMENT_EXECUTE|[2]
06:59:06.1 (12586008)|STATEMENT_EXECUTE|[3]
06:59:06.1 (12588935)|HEAP_ALLOCATE|[3]|Bytes:85
06:59:06.1 (12613668)|HEAP_ALLOCATE|[3]|Bytes:4
06:59:06.1 (13193774)|SOQL_EXECUTE_BEGIN|[3]|Aggregations:0|SELECT Id, Name FROM Account WHERE (Active__c = 'No' AND CreatedDate <= LAST_90_DAYS)
06:59:06.1 (35476797)|SOQL_EXECUTE_END|[3]|Rows:1
06:59:06.1 (35519001)|HEAP_ALLOCATE|[3]|Bytes:8
06:59:06.1 (35539979)|HEAP_ALLOCATE|[3]|Bytes:38
06:59:06.1 (35673055)|HEAP_ALLOCATE|[3]|Bytes:8
06:59:06.1 (35694138)|VARIABLE_SCOPE_BEGIN|[3]|deleteRecs|List<Account>|true|false
06:59:06.1 (35733609)|VARIABLE_ASSIGNMENT|[3]|deleteRecs|[{"Id":"0016F00002z3AdwQAE","Name":"t"}]|0x3b2cfecb
06:59:06.1 (35742286)|STATEMENT_EXECUTE|[12]
06:59:06.1 (35800671)|DML_BEGIN|[12]|Op:Delete|Type:Account|Rows:1
06:59:06.1 (35833694)|HEAP_ALLOCATE|[EXTERNAL]|Bytes:8
06:59:06.1 (461411976)|DML_END|[12]
06:59:06.1 (461506959)|HEAP_ALLOCATE|[EXTERNAL]|Bytes:8
06:59:06.1 (461536791)|STATEMENT_EXECUTE|[13]
06:59:06.1 (461548436)|HEAP_ALLOCATE|[13]|Bytes:32
06:59:06.1 (461723662)|HEAP_ALLOCATE|[13]|Bytes:41
06:59:06.1 (461761761)|HEAP_ALLOCATE|[13]|Bytes:73
06:59:06.1 (461798524)|USER_DEBUG|[13]|DEBUG|Records are deleted successfully(Account:{Id=0016F00002z3AdwQAE, Name=t})
06:59:06.1 (461834352)|METHOD_EXIT|[2]|01p6F00000NM9oD|InactiveAccountRecords.DeleteInactiveRecords()
06:59:06.1 (461848663)|SYSTEM_MODE_EXIT|false
06:59:06.470 (470585425)|CUMULATIVE_LIMIT_USAGE
06:59:06.470 (470585425)|LIMIT_USAGE_FOR_NS|(default)|
  Number of SOQL queries: 1 out of 100
  Number of query rows: 1 out of 50000
  Number of SOSL queries: 0 out of 20
  Number of DML statements: 1 out of 150
  Number of DML rows: 1 out of 10000
  Maximum CPU time: 0 out of 10000
  Maximum heap size: 0 out of 6000000
  Number of callouts: 0 out of 100
  Number of Email Invocations: 0 out of 10
  Number of future calls: 0 out of 50
  Number of queueable jobs added to the queue: 0 out of 50
  Number of Mobile Apex push calls: 0 out of 10

06:59:06.470 (470585425)|CUMULATIVE_LIMIT_USAGE_END

06:59:06.1 (470643203)|CODE_UNIT_FINISHED|execute_anonymous_apex
06:59:06.1 (471472120)|EXECUTION_FINISHED
