44.0 APEX_CODE,FINEST;APEX_PROFILING,INFO;CALLOUT,INFO;DB,INFO;NBA,INFO;SYSTEM,DEBUG;VALIDATION,INFO;VISUALFORCE,INFO;WAVE,INFO;WORKFLOW,INFO
Execute Anonymous: Array_Of_Int objArray = new Array_Of_Int();
Execute Anonymous: objArray.display(5);
05:21:43.1 (1146479)|USER_INFO|[EXTERNAL]|0056F00000ATCAZ|ayman.shaikh@gmail.com|Pacific Standard Time|GMT-07:00
05:21:43.1 (1170357)|EXECUTION_STARTED
05:21:43.1 (1175320)|CODE_UNIT_STARTED|[EXTERNAL]|execute_anonymous_apex
05:21:43.1 (11978720)|VARIABLE_SCOPE_BEGIN|[1]|objArray|Array_Of_Int|true|false
05:21:43.1 (12115113)|HEAP_ALLOCATE|[72]|Bytes:3
05:21:43.1 (12156494)|HEAP_ALLOCATE|[77]|Bytes:152
05:21:43.1 (12169999)|HEAP_ALLOCATE|[342]|Bytes:408
05:21:43.1 (12183058)|HEAP_ALLOCATE|[355]|Bytes:408
05:21:43.1 (12194493)|HEAP_ALLOCATE|[467]|Bytes:48
05:21:43.1 (12219074)|HEAP_ALLOCATE|[139]|Bytes:6
05:21:43.1 (12236548)|HEAP_ALLOCATE|[EXTERNAL]|Bytes:3
05:21:43.1 (12268345)|STATEMENT_EXECUTE|[1]
05:21:43.1 (12271217)|STATEMENT_EXECUTE|[1]
05:21:43.1 (12274539)|HEAP_ALLOCATE|[1]|Bytes:1
05:21:43.1 (12279719)|HEAP_ALLOCATE|[1]|Bytes:1
05:21:43.1 (12304696)|METHOD_ENTRY|[1]|01p6F00000MPYhK|Array_Of_Int.Array_Of_Int()
05:21:43.1 (12311018)|STATEMENT_EXECUTE|[1]
05:21:43.1 (12315434)|STATEMENT_EXECUTE|[1]
05:21:43.1 (12340421)|HEAP_ALLOCATE|[50]|Bytes:5
05:21:43.1 (12362624)|HEAP_ALLOCATE|[56]|Bytes:5
05:21:43.1 (12370337)|HEAP_ALLOCATE|[64]|Bytes:7
05:21:43.1 (12392825)|SYSTEM_MODE_ENTER|false
05:21:43.1 (12407647)|HEAP_ALLOCATE|[1]|Bytes:5
05:21:43.1 (12415265)|SYSTEM_MODE_EXIT|false
05:21:43.1 (12424388)|METHOD_EXIT|[1]|Array_Of_Int
05:21:43.1 (12436635)|HEAP_ALLOCATE|[1]|Bytes:4
05:21:43.1 (12455816)|SYSTEM_MODE_ENTER|false
05:21:43.1 (12475746)|HEAP_ALLOCATE|[1]|Bytes:5
05:21:43.1 (12487247)|CONSTRUCTOR_ENTRY|[1]|01p6F00000MPYhK|<init>()|Array_Of_Int
05:21:43.1 (12513349)|VARIABLE_SCOPE_BEGIN|[1]|this|Array_Of_Int|true|false
05:21:43.1 (12555038)|VARIABLE_ASSIGNMENT|[1]|this|{}|0x2ec0404
05:21:43.1 (12565175)|HEAP_ALLOCATE|[EXTERNAL]|Bytes:5
05:21:43.1 (12573532)|HEAP_ALLOCATE|[EXTERNAL]|Bytes:6
05:21:43.1 (12605868)|STATEMENT_EXECUTE|[1]
05:21:43.1 (12610330)|HEAP_ALLOCATE|[EXTERNAL]|Bytes:5
05:21:43.1 (12617994)|CONSTRUCTOR_EXIT|[1]|01p6F00000MPYhK|<init>()|Array_Of_Int
05:21:43.1 (12625153)|SYSTEM_MODE_EXIT|false
05:21:43.1 (12641471)|VARIABLE_ASSIGNMENT|[1]|objArray|{}|0x2ec0404
05:21:43.1 (12647634)|STATEMENT_EXECUTE|[2]
05:21:43.1 (12668521)|SYSTEM_MODE_ENTER|false
05:21:43.1 (12682267)|HEAP_ALLOCATE|[2]|Bytes:5
05:21:43.1 (12708886)|METHOD_ENTRY|[2]|01p6F00000MPYhK|Array_Of_Int.display(Integer)
05:21:43.1 (12729475)|VARIABLE_SCOPE_BEGIN|[2]|this|Array_Of_Int|true|false
05:21:43.1 (12743136)|VARIABLE_ASSIGNMENT|[2]|this|{}|0x2ec0404
05:21:43.1 (12751137)|VARIABLE_SCOPE_BEGIN|[2]|number1|Integer|false|false
05:21:43.1 (12762008)|VARIABLE_ASSIGNMENT|[2]|number1|5
05:21:43.1 (12773271)|HEAP_ALLOCATE|[3]|Bytes:5
05:21:43.1 (12777921)|STATEMENT_EXECUTE|[2]
05:21:43.1 (12779623)|STATEMENT_EXECUTE|[3]
05:21:43.1 (12783051)|VARIABLE_SCOPE_BEGIN|[3]|add_num|Integer|false|false
05:21:43.1 (12792082)|VARIABLE_ASSIGNMENT|[3]|add_num|null
05:21:43.1 (12795787)|STATEMENT_EXECUTE|[3]
05:21:43.1 (12797729)|VARIABLE_SCOPE_BEGIN|[3]|i|Integer|false|false
05:21:43.1 (12804611)|VARIABLE_ASSIGNMENT|[3]|i|null
05:21:43.1 (12808572)|STATEMENT_EXECUTE|[4]
05:21:43.1 (12863792)|HEAP_ALLOCATE|[4]|Bytes:4
05:21:43.1 (12909204)|VARIABLE_SCOPE_BEGIN|[4]|myList|List<Integer>|true|false
05:21:43.1 (12943122)|HEAP_ALLOCATE|[EXTERNAL]|Bytes:4
05:21:43.1 (12956835)|VARIABLE_ASSIGNMENT|[4]|myList|[]|0x1acdc066
05:21:43.1 (12963523)|STATEMENT_EXECUTE|[5]
05:21:43.1 (12966325)|HEAP_ALLOCATE|[5]|Bytes:4
05:21:43.1 (12972894)|VARIABLE_ASSIGNMENT|[5]|i|0
05:21:43.1 (12980296)|STATEMENT_EXECUTE|[5]
05:21:43.1 (12981719)|STATEMENT_EXECUTE|[6]
05:21:43.1 (13015979)|HEAP_ALLOCATE|[EXTERNAL]|Bytes:4
05:21:43.1 (13027736)|HEAP_ALLOCATE|[5]|Bytes:4
05:21:43.1 (13033992)|VARIABLE_ASSIGNMENT|[5]|i|1
05:21:43.1 (13039209)|STATEMENT_EXECUTE|[5]
05:21:43.1 (13040807)|STATEMENT_EXECUTE|[6]
05:21:43.1 (13045578)|HEAP_ALLOCATE|[EXTERNAL]|Bytes:4
05:21:43.1 (13051450)|HEAP_ALLOCATE|[5]|Bytes:4
05:21:43.1 (13056029)|VARIABLE_ASSIGNMENT|[5]|i|2
05:21:43.1 (13060119)|STATEMENT_EXECUTE|[5]
05:21:43.1 (13061489)|STATEMENT_EXECUTE|[6]
05:21:43.1 (13065073)|HEAP_ALLOCATE|[EXTERNAL]|Bytes:4
05:21:43.1 (13070158)|HEAP_ALLOCATE|[5]|Bytes:4
05:21:43.1 (13074844)|VARIABLE_ASSIGNMENT|[5]|i|3
05:21:43.1 (13078778)|STATEMENT_EXECUTE|[5]
05:21:43.1 (13080252)|STATEMENT_EXECUTE|[6]
05:21:43.1 (13083831)|HEAP_ALLOCATE|[EXTERNAL]|Bytes:4
05:21:43.1 (13088481)|HEAP_ALLOCATE|[5]|Bytes:4
05:21:43.1 (13093070)|VARIABLE_ASSIGNMENT|[5]|i|4
05:21:43.1 (13097625)|STATEMENT_EXECUTE|[5]
05:21:43.1 (13098984)|STATEMENT_EXECUTE|[6]
05:21:43.1 (13102453)|HEAP_ALLOCATE|[EXTERNAL]|Bytes:4
05:21:43.1 (13107049)|HEAP_ALLOCATE|[5]|Bytes:4
05:21:43.1 (13111761)|VARIABLE_ASSIGNMENT|[5]|i|5
05:21:43.1 (13117247)|STATEMENT_EXECUTE|[8]
05:21:43.1 (13118810)|STATEMENT_EXECUTE|[9]
05:21:43.1 (13122216)|HEAP_ALLOCATE|[9]|Bytes:26
05:21:43.1 (13154931)|USER_DEBUG|[9]|DEBUG|You cannot add more values
05:21:43.1 (13171142)|METHOD_EXIT|[2]|01p6F00000MPYhK|Array_Of_Int.display(Integer)
05:21:43.1 (13177411)|SYSTEM_MODE_EXIT|false
05:21:43.13 (13206625)|CUMULATIVE_LIMIT_USAGE
05:21:43.13 (13206625)|LIMIT_USAGE_FOR_NS|(default)|
  Number of SOQL queries: 0 out of 100
  Number of query rows: 0 out of 50000
  Number of SOSL queries: 0 out of 20
  Number of DML statements: 0 out of 150
  Number of DML rows: 0 out of 10000
  Maximum CPU time: 0 out of 10000
  Maximum heap size: 0 out of 6000000
  Number of callouts: 0 out of 100
  Number of Email Invocations: 0 out of 10
  Number of future calls: 0 out of 50
  Number of queueable jobs added to the queue: 0 out of 50
  Number of Mobile Apex push calls: 0 out of 10

05:21:43.13 (13206625)|CUMULATIVE_LIMIT_USAGE_END

05:21:43.1 (13236571)|CODE_UNIT_FINISHED|execute_anonymous_apex
05:21:43.1 (14171415)|EXECUTION_FINISHED
