44.0 APEX_CODE,FINEST;APEX_PROFILING,INFO;CALLOUT,INFO;DB,INFO;NBA,INFO;SYSTEM,DEBUG;VALIDATION,INFO;VISUALFORCE,INFO;WAVE,INFO;WORKFLOW,INFO
Execute Anonymous: AccountProgram objAccountProgram = new AccountProgram();
Execute Anonymous: objAccountProgram.queryOnAccount1();
Execute Anonymous: objAccountProgram.queryOnAccount2();
Execute Anonymous: objAccountProgram.queryOnAccount3();
03:23:08.1 (1179121)|USER_INFO|[EXTERNAL]|0056F00000ATCAZ|ayman.shaikh@gmail.com|Pacific Standard Time|GMT-07:00
03:23:08.1 (1199677)|EXECUTION_STARTED
03:23:08.1 (1203871)|CODE_UNIT_STARTED|[EXTERNAL]|execute_anonymous_apex
03:23:08.1 (7492362)|VARIABLE_SCOPE_BEGIN|[1]|objAccountProgram|AccountProgram|true|false
03:23:08.1 (7604283)|HEAP_ALLOCATE|[72]|Bytes:3
03:23:08.1 (7637709)|HEAP_ALLOCATE|[77]|Bytes:152
03:23:08.1 (7651900)|HEAP_ALLOCATE|[342]|Bytes:408
03:23:08.1 (7663999)|HEAP_ALLOCATE|[355]|Bytes:408
03:23:08.1 (7674450)|HEAP_ALLOCATE|[467]|Bytes:48
03:23:08.1 (7699414)|HEAP_ALLOCATE|[139]|Bytes:6
03:23:08.1 (7719057)|HEAP_ALLOCATE|[EXTERNAL]|Bytes:7
03:23:08.1 (7751040)|STATEMENT_EXECUTE|[1]
03:23:08.1 (7753493)|STATEMENT_EXECUTE|[1]
03:23:08.1 (7757161)|HEAP_ALLOCATE|[1]|Bytes:7
03:23:08.1 (7762566)|HEAP_ALLOCATE|[1]|Bytes:15
03:23:08.1 (7802477)|METHOD_ENTRY|[1]|01p6F00000MR33H|AccountProgram.AccountProgram()
03:23:08.1 (7809698)|STATEMENT_EXECUTE|[1]
03:23:08.1 (7813697)|STATEMENT_EXECUTE|[1]
03:23:08.1 (7836681)|HEAP_ALLOCATE|[50]|Bytes:5
03:23:08.1 (7867769)|HEAP_ALLOCATE|[56]|Bytes:5
03:23:08.1 (7877717)|HEAP_ALLOCATE|[64]|Bytes:7
03:23:08.1 (7893675)|SYSTEM_MODE_ENTER|false
03:23:08.1 (7905140)|HEAP_ALLOCATE|[1]|Bytes:5
03:23:08.1 (7911275)|SYSTEM_MODE_EXIT|false
03:23:08.1 (7919798)|METHOD_EXIT|[1]|AccountProgram
03:23:08.1 (7932381)|HEAP_ALLOCATE|[1]|Bytes:4
03:23:08.1 (7953077)|SYSTEM_MODE_ENTER|false
03:23:08.1 (7977135)|HEAP_ALLOCATE|[1]|Bytes:5
03:23:08.1 (7989383)|CONSTRUCTOR_ENTRY|[1]|01p6F00000MR33H|<init>()|AccountProgram
03:23:08.1 (8015174)|VARIABLE_SCOPE_BEGIN|[1]|this|AccountProgram|true|false
03:23:08.1 (8060251)|VARIABLE_ASSIGNMENT|[1]|this|{}|0x125bd6cf
03:23:08.1 (8070584)|HEAP_ALLOCATE|[EXTERNAL]|Bytes:5
03:23:08.1 (8078832)|HEAP_ALLOCATE|[EXTERNAL]|Bytes:6
03:23:08.1 (8111641)|STATEMENT_EXECUTE|[1]
03:23:08.1 (8116305)|HEAP_ALLOCATE|[EXTERNAL]|Bytes:5
03:23:08.1 (8123866)|CONSTRUCTOR_EXIT|[1]|01p6F00000MR33H|<init>()|AccountProgram
03:23:08.1 (8130611)|SYSTEM_MODE_EXIT|false
03:23:08.1 (8147970)|VARIABLE_ASSIGNMENT|[1]|objAccountProgram|{}|0x125bd6cf
03:23:08.1 (8154117)|STATEMENT_EXECUTE|[2]
03:23:08.1 (8172951)|SYSTEM_MODE_ENTER|false
03:23:08.1 (8187693)|HEAP_ALLOCATE|[2]|Bytes:5
03:23:08.1 (8210957)|METHOD_ENTRY|[2]|01p6F00000MR33H|AccountProgram.queryOnAccount1()
03:23:08.1 (8232298)|VARIABLE_SCOPE_BEGIN|[2]|this|AccountProgram|true|false
03:23:08.1 (8246520)|VARIABLE_ASSIGNMENT|[2]|this|{}|0x125bd6cf
03:23:08.1 (8257369)|HEAP_ALLOCATE|[4]|Bytes:5
03:23:08.1 (8261817)|STATEMENT_EXECUTE|[2]
03:23:08.1 (8263261)|STATEMENT_EXECUTE|[4]
03:23:08.1 (8265871)|HEAP_ALLOCATE|[4]|Bytes:24
03:23:08.1 (8281662)|HEAP_ALLOCATE|[4]|Bytes:4
03:23:08.1 (8469286)|SOQL_EXECUTE_BEGIN|[4]|Aggregations:0|SELECT Name FROM Account
03:23:08.1 (11867447)|SOQL_EXECUTE_END|[4]|Rows:14
03:23:08.1 (11896870)|HEAP_ALLOCATE|[4]|Bytes:60
03:23:08.1 (11924769)|HEAP_ALLOCATE|[4]|Bytes:782
03:23:08.1 (12016722)|HEAP_ALLOCATE|[4]|Bytes:60
03:23:08.1 (12031414)|VARIABLE_SCOPE_BEGIN|[4]|AccName1|List<Account>|true|false
03:23:08.1 (12060337)|VARIABLE_ASSIGNMENT|[4]|AccName1|"List of size 14 too large to display"|0x26ddac6
03:23:08.1 (12066926)|STATEMENT_EXECUTE|[5]
03:23:08.1 (12070771)|HEAP_ALLOCATE|[5]|Bytes:17
03:23:08.1 (12108674)|USER_DEBUG|[5]|DEBUG|Advanced For Loop
03:23:08.1 (12278500)|HEAP_ALLOCATE|[6]|Bytes:5
03:23:08.1 (12312660)|HEAP_ALLOCATE|[6]|Bytes:12
03:23:08.1 (12322200)|VARIABLE_SCOPE_BEGIN|[6]|acc|Account|true|false
03:23:08.1 (12344061)|VARIABLE_ASSIGNMENT|[6]|acc|{"Name":"sForce","Id":"0016F00002o0fjCQAQ"}|0xf05192f
03:23:08.1 (12350737)|STATEMENT_EXECUTE|[6]
03:23:08.1 (12352565)|STATEMENT_EXECUTE|[7]
03:23:08.1 (12355379)|HEAP_ALLOCATE|[7]|Bytes:13
03:23:08.1 (12428512)|HEAP_ALLOCATE|[7]|Bytes:44
03:23:08.1 (12447085)|HEAP_ALLOCATE|[7]|Bytes:57
03:23:08.1 (12457685)|USER_DEBUG|[7]|DEBUG|Account Name Account:{Name=sForce, Id=0016F00002o0fjCQAQ}
03:23:08.1 (12473338)|HEAP_ALLOCATE|[6]|Bytes:5
03:23:08.1 (12485035)|HEAP_ALLOCATE|[6]|Bytes:12
03:23:08.1 (12491747)|VARIABLE_SCOPE_BEGIN|[6]|acc|Account|true|false
03:23:08.1 (12509613)|VARIABLE_ASSIGNMENT|[6]|acc|{"Name":"University of Arizon (1 more) ...","Id":"0016F00002o0fj8QAA"}|0x6574d4e2
03:23:08.1 (12516460)|STATEMENT_EXECUTE|[6]
03:23:08.1 (12517993)|STATEMENT_EXECUTE|[7]
03:23:08.1 (12543030)|HEAP_ALLOCATE|[7]|Bytes:59
03:23:08.1 (12554804)|HEAP_ALLOCATE|[7]|Bytes:72
03:23:08.1 (12562262)|USER_DEBUG|[7]|DEBUG|Account Name Account:{Name=University of Arizona, Id=0016F00002o0fj8QAA}
03:23:08.1 (12575687)|HEAP_ALLOCATE|[6]|Bytes:5
03:23:08.1 (12585768)|HEAP_ALLOCATE|[6]|Bytes:12
03:23:08.1 (12591350)|VARIABLE_SCOPE_BEGIN|[6]|acc|Account|true|false
03:23:08.1 (12606831)|VARIABLE_ASSIGNMENT|[6]|acc|{"Name":"United Oil & Gas Cor (2 more) ...","Id":"0016F00002o0fj6QAA"}|0x56213c7d
03:23:08.1 (12612394)|STATEMENT_EXECUTE|[6]
03:23:08.1 (12613839)|STATEMENT_EXECUTE|[7]
03:23:08.1 (12634798)|HEAP_ALLOCATE|[7]|Bytes:60
03:23:08.1 (12645480)|HEAP_ALLOCATE|[7]|Bytes:73
03:23:08.1 (12651943)|USER_DEBUG|[7]|DEBUG|Account Name Account:{Name=United Oil & Gas Corp., Id=0016F00002o0fj6QAA}
03:23:08.1 (12663980)|HEAP_ALLOCATE|[6]|Bytes:5
03:23:08.1 (12673002)|HEAP_ALLOCATE|[6]|Bytes:12
03:23:08.1 (12678054)|VARIABLE_SCOPE_BEGIN|[6]|acc|Account|true|false
03:23:08.1 (12690984)|VARIABLE_ASSIGNMENT|[6]|acc|{"Name":"GenePoint","Id":"0016F00002o0fjBQAQ"}|0x6ad8a9b8
03:23:08.1 (12697061)|STATEMENT_EXECUTE|[6]
03:23:08.1 (12698512)|STATEMENT_EXECUTE|[7]
03:23:08.1 (12718040)|HEAP_ALLOCATE|[7]|Bytes:47
03:23:08.1 (12728309)|HEAP_ALLOCATE|[7]|Bytes:60
03:23:08.1 (12734773)|USER_DEBUG|[7]|DEBUG|Account Name Account:{Name=GenePoint, Id=0016F00002o0fjBQAQ}
03:23:08.1 (12747530)|HEAP_ALLOCATE|[6]|Bytes:5
03:23:08.1 (12755624)|HEAP_ALLOCATE|[6]|Bytes:12
03:23:08.1 (12760535)|VARIABLE_SCOPE_BEGIN|[6]|acc|Account|true|false
03:23:08.1 (12774301)|VARIABLE_ASSIGNMENT|[6]|acc|{"Name":"United Oil & Gas, UK","Id":"0016F00002o0fj9QAA"}|0x4d3319ad
03:23:08.1 (12780114)|STATEMENT_EXECUTE|[6]
03:23:08.1 (12781555)|STATEMENT_EXECUTE|[7]
03:23:08.1 (12800178)|HEAP_ALLOCATE|[7]|Bytes:58
03:23:08.1 (12810964)|HEAP_ALLOCATE|[7]|Bytes:71
03:23:08.1 (12817277)|USER_DEBUG|[7]|DEBUG|Account Name Account:{Name=United Oil & Gas, UK, Id=0016F00002o0fj9QAA}
03:23:08.1 (12828585)|HEAP_ALLOCATE|[6]|Bytes:5
03:23:08.1 (12836951)|HEAP_ALLOCATE|[6]|Bytes:12
03:23:08.1 (12841899)|VARIABLE_SCOPE_BEGIN|[6]|acc|Account|true|false
03:23:08.1 (12855654)|VARIABLE_ASSIGNMENT|[6]|acc|{"Name":"United Oil & Gas, Si (7 more) ...","Id":"0016F00002o0fjAQAQ"}|0xe23172d
03:23:08.1 (12861502)|STATEMENT_EXECUTE|[6]
03:23:08.1 (12862927)|STATEMENT_EXECUTE|[7]
03:23:08.1 (12886240)|HEAP_ALLOCATE|[7]|Bytes:65
03:23:08.1 (12897446)|HEAP_ALLOCATE|[7]|Bytes:78
03:23:08.1 (12903709)|USER_DEBUG|[7]|DEBUG|Account Name Account:{Name=United Oil & Gas, Singapore, Id=0016F00002o0fjAQAQ}
03:23:08.1 (12915136)|HEAP_ALLOCATE|[6]|Bytes:5
03:23:08.1 (12923539)|HEAP_ALLOCATE|[6]|Bytes:12
03:23:08.1 (12928729)|VARIABLE_SCOPE_BEGIN|[6]|acc|Account|true|false
03:23:08.1 (12942587)|VARIABLE_ASSIGNMENT|[6]|acc|{"Name":"Edge Communications","Id":"0016F00002o0fj1QAA"}|0x513e0040
03:23:08.1 (12948389)|STATEMENT_EXECUTE|[6]
03:23:08.1 (12949828)|STATEMENT_EXECUTE|[7]
03:23:08.1 (12967921)|HEAP_ALLOCATE|[7]|Bytes:57
03:23:08.1 (12978610)|HEAP_ALLOCATE|[7]|Bytes:70
03:23:08.1 (12984554)|USER_DEBUG|[7]|DEBUG|Account Name Account:{Name=Edge Communications, Id=0016F00002o0fj1QAA}
03:23:08.1 (12995720)|HEAP_ALLOCATE|[6]|Bytes:5
03:23:08.1 (13004424)|HEAP_ALLOCATE|[6]|Bytes:12
03:23:08.1 (13010328)|VARIABLE_SCOPE_BEGIN|[6]|acc|Account|true|false
03:23:08.1 (13024217)|VARIABLE_ASSIGNMENT|[6]|acc|{"Name":"Burlington Textiles  (15 more) ...","Id":"0016F00002o0fj2QAA"}|0x7e84e6b6
03:23:08.1 (13030176)|STATEMENT_EXECUTE|[6]
03:23:08.1 (13031729)|STATEMENT_EXECUTE|[7]
03:23:08.1 (13055744)|HEAP_ALLOCATE|[7]|Bytes:73
03:23:08.1 (13066972)|HEAP_ALLOCATE|[7]|Bytes:86
03:23:08.1 (13073286)|USER_DEBUG|[7]|DEBUG|Account Name Account:{Name=Burlington Textiles Corp of America, Id=0016F00002o0fj2QAA}
03:23:08.1 (13085052)|HEAP_ALLOCATE|[6]|Bytes:5
03:23:08.1 (13093029)|HEAP_ALLOCATE|[6]|Bytes:12
03:23:08.1 (13098079)|VARIABLE_SCOPE_BEGIN|[6]|acc|Account|true|false
03:23:08.1 (13111929)|VARIABLE_ASSIGNMENT|[6]|acc|{"Name":"Pyramid Construction (5 more) ...","Id":"0016F00002o0fj3QAA"}|0x2b2f76ba
03:23:08.1 (13118451)|STATEMENT_EXECUTE|[6]
03:23:08.1 (13119879)|STATEMENT_EXECUTE|[7]
03:23:08.1 (13138697)|HEAP_ALLOCATE|[7]|Bytes:63
03:23:08.1 (13149017)|HEAP_ALLOCATE|[7]|Bytes:76
03:23:08.1 (13155428)|USER_DEBUG|[7]|DEBUG|Account Name Account:{Name=Pyramid Construction Inc., Id=0016F00002o0fj3QAA}
03:23:08.1 (13167041)|HEAP_ALLOCATE|[6]|Bytes:5
03:23:08.1 (13175403)|HEAP_ALLOCATE|[6]|Bytes:12
03:23:08.1 (13180209)|VARIABLE_SCOPE_BEGIN|[6]|acc|Account|true|false
03:23:08.1 (13192876)|VARIABLE_ASSIGNMENT|[6]|acc|{"Name":"Dickenson plc","Id":"0016F00002o0fj4QAA"}|0x3da3868d
03:23:08.1 (13198288)|STATEMENT_EXECUTE|[6]
03:23:08.1 (13199726)|STATEMENT_EXECUTE|[7]
03:23:08.1 (13218159)|HEAP_ALLOCATE|[7]|Bytes:51
03:23:08.1 (13228218)|HEAP_ALLOCATE|[7]|Bytes:64
03:23:08.1 (13234116)|USER_DEBUG|[7]|DEBUG|Account Name Account:{Name=Dickenson plc, Id=0016F00002o0fj4QAA}
03:23:08.1 (13245052)|HEAP_ALLOCATE|[6]|Bytes:5
03:23:08.1 (13253594)|HEAP_ALLOCATE|[6]|Bytes:12
03:23:08.1 (13258763)|VARIABLE_SCOPE_BEGIN|[6]|acc|Account|true|false
03:23:08.1 (13272811)|VARIABLE_ASSIGNMENT|[6]|acc|{"Name":"Grand Hotels & Resor (6 more) ...","Id":"0016F00002o0fj5QAA"}|0x1cbead79
03:23:08.1 (13278327)|STATEMENT_EXECUTE|[6]
03:23:08.1 (13279830)|STATEMENT_EXECUTE|[7]
03:23:08.1 (13297680)|HEAP_ALLOCATE|[7]|Bytes:64
03:23:08.1 (13307610)|HEAP_ALLOCATE|[7]|Bytes:77
03:23:08.1 (13313958)|USER_DEBUG|[7]|DEBUG|Account Name Account:{Name=Grand Hotels & Resorts Ltd, Id=0016F00002o0fj5QAA}
03:23:08.1 (13325332)|HEAP_ALLOCATE|[6]|Bytes:5
03:23:08.1 (13333589)|HEAP_ALLOCATE|[6]|Bytes:12
03:23:08.1 (13338457)|VARIABLE_SCOPE_BEGIN|[6]|acc|Account|true|false
03:23:08.1 (13352422)|VARIABLE_ASSIGNMENT|[6]|acc|{"Name":"Express Logistics an (11 more) ...","Id":"0016F00002o0fj7QAA"}|0x45d6590e
03:23:08.1 (13359022)|STATEMENT_EXECUTE|[6]
03:23:08.1 (13360461)|STATEMENT_EXECUTE|[7]
03:23:08.1 (13378273)|HEAP_ALLOCATE|[7]|Bytes:69
03:23:08.1 (13388615)|HEAP_ALLOCATE|[7]|Bytes:82
03:23:08.1 (13394566)|USER_DEBUG|[7]|DEBUG|Account Name Account:{Name=Express Logistics and Transport, Id=0016F00002o0fj7QAA}
03:23:08.1 (13406194)|HEAP_ALLOCATE|[6]|Bytes:5
03:23:08.1 (13414644)|HEAP_ALLOCATE|[6]|Bytes:12
03:23:08.1 (13419749)|VARIABLE_SCOPE_BEGIN|[6]|acc|Account|true|false
03:23:08.1 (13432343)|VARIABLE_ASSIGNMENT|[6]|acc|{"Name":"Almas","Id":"0016F00002vJCC2QAO"}|0x159c6da8
03:23:08.1 (13438358)|STATEMENT_EXECUTE|[6]
03:23:08.1 (13439801)|STATEMENT_EXECUTE|[7]
03:23:08.1 (13457444)|HEAP_ALLOCATE|[7]|Bytes:43
03:23:08.1 (13467914)|HEAP_ALLOCATE|[7]|Bytes:56
03:23:08.1 (13474322)|USER_DEBUG|[7]|DEBUG|Account Name Account:{Name=Almas, Id=0016F00002vJCC2QAO}
03:23:08.1 (13485984)|HEAP_ALLOCATE|[6]|Bytes:5
03:23:08.1 (13494611)|HEAP_ALLOCATE|[6]|Bytes:12
03:23:08.1 (13499972)|VARIABLE_SCOPE_BEGIN|[6]|acc|Account|true|false
03:23:08.1 (13512703)|VARIABLE_ASSIGNMENT|[6]|acc|{"Name":"Ketki","Id":"0016F00002sP67wQAC"}|0x34aa0678
03:23:08.1 (13518078)|STATEMENT_EXECUTE|[6]
03:23:08.1 (13519515)|STATEMENT_EXECUTE|[7]
03:23:08.1 (13537583)|HEAP_ALLOCATE|[7]|Bytes:43
03:23:08.1 (13547876)|HEAP_ALLOCATE|[7]|Bytes:56
03:23:08.1 (13553849)|USER_DEBUG|[7]|DEBUG|Account Name Account:{Name=Ketki, Id=0016F00002sP67wQAC}
03:23:08.1 (13564747)|HEAP_ALLOCATE|[6]|Bytes:5
03:23:08.1 (13575117)|VARIABLE_ASSIGNMENT|[6]|acc|null|
03:23:08.1 (13585326)|METHOD_EXIT|[2]|01p6F00000MR33H|AccountProgram.queryOnAccount1()
03:23:08.1 (13591692)|SYSTEM_MODE_EXIT|false
03:23:08.1 (13598539)|STATEMENT_EXECUTE|[3]
03:23:08.1 (13624289)|SYSTEM_MODE_ENTER|false
03:23:08.1 (13637330)|HEAP_ALLOCATE|[3]|Bytes:5
03:23:08.1 (13648518)|METHOD_ENTRY|[3]|01p6F00000MR33H|AccountProgram.queryOnAccount2()
03:23:08.1 (13668424)|VARIABLE_SCOPE_BEGIN|[12]|this|AccountProgram|true|false
03:23:08.1 (13685131)|VARIABLE_ASSIGNMENT|[12]|this|{}|0x125bd6cf
03:23:08.1 (13696096)|HEAP_ALLOCATE|[14]|Bytes:5
03:23:08.1 (13700363)|STATEMENT_EXECUTE|[12]
03:23:08.1 (13702025)|STATEMENT_EXECUTE|[14]
03:23:08.1 (13713725)|HEAP_ALLOCATE|[14]|Bytes:4
03:23:08.1 (13801778)|SOQL_EXECUTE_BEGIN|[14]|Aggregations:0|SELECT Name FROM Account
03:23:08.1 (15936044)|SOQL_EXECUTE_END|[14]|Rows:14
03:23:08.1 (15959926)|HEAP_ALLOCATE|[14]|Bytes:60
03:23:08.1 (15983127)|HEAP_ALLOCATE|[14]|Bytes:782
03:23:08.1 (16008222)|HEAP_ALLOCATE|[14]|Bytes:60
03:23:08.1 (16019931)|VARIABLE_SCOPE_BEGIN|[14]|AccName2|List<Account>|true|false
03:23:08.1 (16037097)|VARIABLE_ASSIGNMENT|[14]|AccName2|"List of size 14 too large to display"|0x2a46842c
03:23:08.1 (16048794)|STATEMENT_EXECUTE|[15]
03:23:08.1 (16052707)|HEAP_ALLOCATE|[15]|Bytes:20
03:23:08.1 (16076310)|USER_DEBUG|[15]|DEBUG|Traditional For Loop
03:23:08.1 (16085384)|STATEMENT_EXECUTE|[16]
03:23:08.1 (16089408)|VARIABLE_SCOPE_BEGIN|[16]|i|Integer|false|false
03:23:08.1 (16099335)|VARIABLE_ASSIGNMENT|[16]|i|null
03:23:08.1 (16124006)|STATEMENT_EXECUTE|[17]
03:23:08.1 (16131455)|METHOD_EXIT|[3]|01p6F00000MR33H|AccountProgram.queryOnAccount2()
03:23:08.1 (16138453)|SYSTEM_MODE_EXIT|false
03:23:08.1 (16144589)|STATEMENT_EXECUTE|[4]
03:23:08.1 (16168176)|SYSTEM_MODE_ENTER|false
03:23:08.1 (16181988)|HEAP_ALLOCATE|[4]|Bytes:5
03:23:08.1 (16193946)|METHOD_ENTRY|[4]|01p6F00000MR33H|AccountProgram.queryOnAccount3()
03:23:08.1 (16214863)|VARIABLE_SCOPE_BEGIN|[22]|this|AccountProgram|true|false
03:23:08.1 (16231745)|VARIABLE_ASSIGNMENT|[22]|this|{}|0x125bd6cf
03:23:08.1 (16243459)|HEAP_ALLOCATE|[24]|Bytes:5
03:23:08.1 (16248618)|STATEMENT_EXECUTE|[22]
03:23:08.1 (16250175)|STATEMENT_EXECUTE|[24]
03:23:08.1 (16261672)|HEAP_ALLOCATE|[24]|Bytes:4
03:23:08.1 (16353862)|SOQL_EXECUTE_BEGIN|[24]|Aggregations:0|SELECT Name FROM Account
03:23:08.1 (19256147)|SOQL_EXECUTE_END|[24]|Rows:14
03:23:08.1 (19279709)|HEAP_ALLOCATE|[24]|Bytes:60
03:23:08.1 (19303066)|HEAP_ALLOCATE|[24]|Bytes:782
03:23:08.1 (19328459)|HEAP_ALLOCATE|[24]|Bytes:60
03:23:08.1 (19339359)|VARIABLE_SCOPE_BEGIN|[24]|AccName3|List<Account>|true|false
03:23:08.1 (19356950)|VARIABLE_ASSIGNMENT|[24]|AccName3|"List of size 14 too large to display"|0xd56cb07
03:23:08.1 (19363644)|STATEMENT_EXECUTE|[25]
03:23:08.1 (19367400)|VARIABLE_SCOPE_BEGIN|[25]|i|Integer|false|false
03:23:08.1 (19375997)|VARIABLE_ASSIGNMENT|[25]|i|null
03:23:08.1 (19379813)|STATEMENT_EXECUTE|[26]
03:23:08.1 (19383483)|HEAP_ALLOCATE|[26]|Bytes:10
03:23:08.1 (19407172)|USER_DEBUG|[26]|DEBUG|While Loop
03:23:08.1 (19434877)|STATEMENT_EXECUTE|[27]
03:23:08.1 (19442641)|METHOD_EXIT|[4]|01p6F00000MR33H|AccountProgram.queryOnAccount3()
03:23:08.1 (19449571)|SYSTEM_MODE_EXIT|false
03:23:08.19 (19488728)|CUMULATIVE_LIMIT_USAGE
03:23:08.19 (19488728)|LIMIT_USAGE_FOR_NS|(default)|
  Number of SOQL queries: 3 out of 100
  Number of query rows: 42 out of 50000
  Number of SOSL queries: 0 out of 20
  Number of DML statements: 0 out of 150
  Number of DML rows: 0 out of 10000
  Maximum CPU time: 0 out of 10000
  Maximum heap size: 0 out of 6000000
  Number of callouts: 0 out of 100
  Number of Email Invocations: 0 out of 10
  Number of future calls: 0 out of 50
  Number of queueable jobs added to the queue: 0 out of 50
  Number of Mobile Apex push calls: 0 out of 10

03:23:08.19 (19488728)|CUMULATIVE_LIMIT_USAGE_END

03:23:08.1 (19521395)|CODE_UNIT_FINISHED|execute_anonymous_apex
03:23:08.1 (20663157)|EXECUTION_FINISHED
