44.0 APEX_CODE,DEBUG;APEX_PROFILING,INFO;CALLOUT,INFO;DB,INFO;NBA,INFO;SYSTEM,DEBUG;VALIDATION,INFO;VISUALFORCE,DEBUG;WAVE,INFO;WORKFLOW,INFO
07:00:53.0 (507329)|USER_INFO|[EXTERNAL]|0056F00000ATCAZ|ayman.shaikh@gmail.com|Pacific Standard Time|GMT-07:00
07:00:53.0 (606906)|EXECUTION_STARTED
07:00:53.0 (618249)|CODE_UNIT_STARTED|[EXTERNAL]|Validation:Employee:a056F00000lJj7Z
07:00:53.0 (661180)|VALIDATION_RULE|03d6F000001EXpW|Resignation_Date_rule
07:00:53.0 (2343837)|VALIDATION_FORMULA|Is_on_Notice_Period__c= true && ISBLANK(Resignation_Date__c)|Is_on_Notice_Period__c=0 , Resignation_Date__c=null
07:00:53.0 (2374195)|VALIDATION_PASS
07:00:53.0 (2377118)|VALIDATION_RULE|03d6F000001EXr8|Restrict_DOB
07:00:53.0 (2745997)|VALIDATION_FORMULA|Age__c  <= 18|Age__c=38
07:00:53.0 (2753323)|VALIDATION_PASS
07:00:53.0 (2754854)|VALIDATION_RULE|03d6F000001EWg3|Check_Dates
07:00:53.0 (2950515)|VALIDATION_FORMULA|Last_Working_Day__c  <  Date_of_Joining__c|Last_Working_Day__c=null , Date_of_Joining__c=2018-10-03 00:00:00
07:00:53.0 (2957962)|VALIDATION_PASS
07:00:53.0 (2959013)|VALIDATION_RULE|03d6F000001EWfy|Notice_Period
07:00:53.0 (3039639)|VALIDATION_FORMULA|Is_on_Notice_Period__c  = true && ISBLANK( Resignation_Date__c )|Is_on_Notice_Period__c=0 , Resignation_Date__c=null
07:00:53.0 (3046307)|VALIDATION_PASS
07:00:53.0 (3319593)|CODE_UNIT_FINISHED|Validation:Employee:a056F00000lJj7Z
07:00:53.0 (3331708)|EXECUTION_FINISHED
07:00:53.30 (30393321)|USER_INFO|[EXTERNAL]|0056F00000ATCAZ|ayman.shaikh@gmail.com|Pacific Standard Time|GMT-07:00
07:00:53.30 (30419812)|EXECUTION_STARTED
07:00:53.30 (30425812)|CODE_UNIT_STARTED|[EXTERNAL]|Workflow:01I6F000002DSKA
07:00:53.30 (40666576)|WF_RULE_EVAL_BEGIN|Workflow
07:00:53.30 (40783942)|WF_CRITERIA_BEGIN|[Employee: EMP-000001 a056F00000lJj7Z]|one to one|01Q6F0000015jKG|ON_ALL_CHANGES|0
07:00:53.30 (46380559)|WF_RULE_FILTER|[Employee : Employees ID not equal to NULL]
07:00:53.30 (46416514)|WF_RULE_EVAL_VALUE|EMP-000001
07:00:53.30 (46458526)|WF_CRITERIA_END|true
07:00:53.30 (47018140)|WF_CRITERIA_BEGIN|[Employee: EMP-000001 a056F00000lJj7Z]|Record deactivated|01Q6F0000015jIy|ON_CREATE_OR_TRIGGERING_UPDATE|0
07:00:53.30 (47347527)|WF_RULE_NOT_EVALUATED
07:00:53.30 (47382875)|WF_SPOOL_ACTION_BEGIN|Workflow
07:00:53.30 (47695600)|WF_ACTION| Field Update: 1;
07:00:53.30 (47705023)|WF_RULE_EVAL_END
07:00:53.30 (47849172)|WF_ACTIONS_END| Field Update: 1;
07:00:53.30 (47862222)|CODE_UNIT_FINISHED|Workflow:01I6F000002DSKA
07:00:53.30 (47873332)|EXECUTION_FINISHED
