44.0 APEX_CODE,FINEST;APEX_PROFILING,INFO;CALLOUT,INFO;DB,INFO;NBA,INFO;SYSTEM,DEBUG;VALIDATION,INFO;VISUALFORCE,INFO;WAVE,INFO;WORKFLOW,INFO
Execute Anonymous: ParentClass obj1, obj2;
Execute Anonymous: obj1 = new ParentClass();
Execute Anonymous: obj1.write();
Execute Anonymous: obj2 = new ChildClass();
Execute Anonymous: obj2.write();
Execute Anonymous: obj2.ParentClassAdd();
05:30:45.1 (1240899)|USER_INFO|[EXTERNAL]|0056F00000ATCAZ|ayman.shaikh@gmail.com|Pacific Standard Time|GMT-07:00
05:30:45.1 (1270832)|EXECUTION_STARTED
05:30:45.1 (1277103)|CODE_UNIT_STARTED|[EXTERNAL]|execute_anonymous_apex
05:30:45.1 (2621949)|VARIABLE_SCOPE_BEGIN|[1]|obj1|ParentClass|true|false
05:30:45.1 (2643877)|VARIABLE_SCOPE_BEGIN|[1]|obj2|ParentClass|true|false
05:30:45.1 (2795482)|HEAP_ALLOCATE|[72]|Bytes:3
05:30:45.1 (2839162)|HEAP_ALLOCATE|[77]|Bytes:152
05:30:45.1 (2859001)|HEAP_ALLOCATE|[342]|Bytes:408
05:30:45.1 (2880588)|HEAP_ALLOCATE|[355]|Bytes:408
05:30:45.1 (2900447)|HEAP_ALLOCATE|[467]|Bytes:48
05:30:45.1 (2935686)|HEAP_ALLOCATE|[139]|Bytes:6
05:30:45.1 (2970113)|HEAP_ALLOCATE|[EXTERNAL]|Bytes:11
05:30:45.1 (3023691)|STATEMENT_EXECUTE|[1]
05:30:45.1 (3028740)|STATEMENT_EXECUTE|[1]
05:30:45.1 (3053265)|VARIABLE_ASSIGNMENT|[1]|obj1|null|
05:30:45.1 (3062410)|STATEMENT_EXECUTE|[1]
05:30:45.1 (3070415)|VARIABLE_ASSIGNMENT|[1]|obj2|null|
05:30:45.1 (3076755)|STATEMENT_EXECUTE|[2]
05:30:45.1 (3083087)|HEAP_ALLOCATE|[2]|Bytes:4
05:30:45.1 (3090769)|HEAP_ALLOCATE|[2]|Bytes:4
05:30:45.1 (3125309)|METHOD_ENTRY|[1]|01p6F00000MR10y|ParentClass.ParentClass()
05:30:45.1 (3134443)|STATEMENT_EXECUTE|[1]
05:30:45.1 (3140065)|STATEMENT_EXECUTE|[1]
05:30:45.1 (3146243)|METHOD_EXIT|[1]|ParentClass
05:30:45.1 (3165471)|HEAP_ALLOCATE|[2]|Bytes:4
05:30:45.1 (3211796)|HEAP_ALLOCATE|[50]|Bytes:5
05:30:45.1 (3238898)|HEAP_ALLOCATE|[56]|Bytes:5
05:30:45.1 (3250960)|HEAP_ALLOCATE|[64]|Bytes:7
05:30:45.1 (3275361)|SYSTEM_MODE_ENTER|false
05:30:45.1 (3313515)|HEAP_ALLOCATE|[2]|Bytes:5
05:30:45.1 (3333003)|CONSTRUCTOR_ENTRY|[2]|01p6F00000MR10y|<init>()|ParentClass
05:30:45.1 (3370109)|VARIABLE_SCOPE_BEGIN|[1]|this|ParentClass|true|false
05:30:45.1 (3410694)|VARIABLE_ASSIGNMENT|[1]|this|{}|0x4c6f55ab
05:30:45.1 (3428333)|HEAP_ALLOCATE|[EXTERNAL]|Bytes:6
05:30:45.1 (3475330)|STATEMENT_EXECUTE|[1]
05:30:45.1 (3483742)|CONSTRUCTOR_EXIT|[2]|01p6F00000MR10y|<init>()|ParentClass
05:30:45.1 (3500211)|SYSTEM_MODE_EXIT|false
05:30:45.1 (3523929)|VARIABLE_ASSIGNMENT|[2]|obj1|{}|0x4c6f55ab
05:30:45.1 (3539796)|STATEMENT_EXECUTE|[3]
05:30:45.1 (3569731)|SYSTEM_MODE_ENTER|false
05:30:45.1 (3596330)|HEAP_ALLOCATE|[3]|Bytes:5
05:30:45.1 (3631073)|METHOD_ENTRY|[3]|01p6F00000MR10y|ParentClass.write()
05:30:45.1 (3662831)|VARIABLE_SCOPE_BEGIN|[3]|this|ParentClass|true|false
05:30:45.1 (3684632)|VARIABLE_ASSIGNMENT|[3]|this|{}|0x4c6f55ab
05:30:45.1 (3697693)|STATEMENT_EXECUTE|[3]
05:30:45.1 (3700402)|STATEMENT_EXECUTE|[5]
05:30:45.1 (3705027)|HEAP_ALLOCATE|[5]|Bytes:20
05:30:45.1 (3774034)|USER_DEBUG|[5]|DEBUG|This is Parent Class
05:30:45.1 (3789144)|METHOD_EXIT|[3]|01p6F00000MR10y|ParentClass.write()
05:30:45.1 (3796185)|SYSTEM_MODE_EXIT|false
05:30:45.1 (3802376)|STATEMENT_EXECUTE|[4]
05:30:45.1 (4383585)|HEAP_ALLOCATE|[4]|Bytes:1
05:30:45.1 (4394401)|HEAP_ALLOCATE|[4]|Bytes:1
05:30:45.1 (4408946)|METHOD_ENTRY|[1]|01p6F00000MR2GO|ChildClass.ChildClass()
05:30:45.1 (4415205)|STATEMENT_EXECUTE|[1]
05:30:45.1 (4419100)|STATEMENT_EXECUTE|[1]
05:30:45.1 (4423291)|METHOD_EXIT|[1]|ChildClass
05:30:45.1 (4434030)|HEAP_ALLOCATE|[4]|Bytes:4
05:30:45.1 (4458573)|SYSTEM_MODE_ENTER|false
05:30:45.1 (4474428)|HEAP_ALLOCATE|[4]|Bytes:5
05:30:45.1 (4485704)|CONSTRUCTOR_ENTRY|[4]|01p6F00000MR2GO|<init>()|ChildClass
05:30:45.1 (4508907)|VARIABLE_SCOPE_BEGIN|[1]|this|ChildClass|true|false
05:30:45.1 (4550556)|VARIABLE_ASSIGNMENT|[1]|this|{}|0x380ec7f5
05:30:45.1 (4568090)|CONSTRUCTOR_ENTRY|[EXTERNAL]|01p6F00000MR10y|<init>()|ParentClass
05:30:45.1 (4581069)|VARIABLE_SCOPE_BEGIN|[1]|this|ParentClass|true|false
05:30:45.1 (4594889)|VARIABLE_ASSIGNMENT|[1]|this|{}|0x380ec7f5
05:30:45.1 (4613422)|STATEMENT_EXECUTE|[1]
05:30:45.1 (4617632)|CONSTRUCTOR_EXIT|[EXTERNAL]|01p6F00000MR10y|<init>()|ParentClass
05:30:45.1 (4623730)|STATEMENT_EXECUTE|[1]
05:30:45.1 (4626612)|CONSTRUCTOR_EXIT|[4]|01p6F00000MR2GO|<init>()|ChildClass
05:30:45.1 (4636661)|SYSTEM_MODE_EXIT|false
05:30:45.1 (4657526)|VARIABLE_ASSIGNMENT|[4]|obj2|{}|0x380ec7f5
05:30:45.1 (4663962)|STATEMENT_EXECUTE|[5]
05:30:45.1 (4686679)|SYSTEM_MODE_ENTER|false
05:30:45.1 (4701146)|HEAP_ALLOCATE|[5]|Bytes:5
05:30:45.1 (4720680)|METHOD_ENTRY|[5]|01p6F00000MR2GO|ChildClass.write()
05:30:45.1 (4743556)|VARIABLE_SCOPE_BEGIN|[2]|this|ChildClass|true|false
05:30:45.1 (4758804)|VARIABLE_ASSIGNMENT|[2]|this|{}|0x380ec7f5
05:30:45.1 (4766520)|STATEMENT_EXECUTE|[2]
05:30:45.1 (4768325)|STATEMENT_EXECUTE|[4]
05:30:45.1 (4771980)|HEAP_ALLOCATE|[4]|Bytes:19
05:30:45.1 (4803670)|USER_DEBUG|[4]|DEBUG|This is ChildClass.
05:30:45.1 (4815447)|METHOD_EXIT|[5]|01p6F00000MR2GO|ChildClass.write()
05:30:45.1 (4821975)|SYSTEM_MODE_EXIT|false
05:30:45.1 (4827930)|STATEMENT_EXECUTE|[6]
05:30:45.1 (4846593)|SYSTEM_MODE_ENTER|false
05:30:45.1 (4859401)|HEAP_ALLOCATE|[6]|Bytes:5
05:30:45.1 (4869951)|METHOD_ENTRY|[6]|01p6F00000MR10y|ParentClass.ParentClassAdd()
05:30:45.1 (4888305)|VARIABLE_SCOPE_BEGIN|[11]|this|ParentClass|true|false
05:30:45.1 (4903088)|VARIABLE_ASSIGNMENT|[11]|this|{}|0x380ec7f5
05:30:45.1 (4910830)|STATEMENT_EXECUTE|[11]
05:30:45.1 (4912674)|STATEMENT_EXECUTE|[12]
05:30:45.1 (4916096)|VARIABLE_SCOPE_BEGIN|[12]|IntNum1|Integer|false|false
05:30:45.1 (4925538)|VARIABLE_ASSIGNMENT|[12]|IntNum1|null
05:30:45.1 (4929687)|STATEMENT_EXECUTE|[12]
05:30:45.1 (4931811)|VARIABLE_SCOPE_BEGIN|[12]|IntNum2|Integer|false|false
05:30:45.1 (4939420)|VARIABLE_ASSIGNMENT|[12]|IntNum2|null
05:30:45.1 (4943326)|STATEMENT_EXECUTE|[12]
05:30:45.1 (4945320)|VARIABLE_SCOPE_BEGIN|[12]|IntSum|Integer|false|false
05:30:45.1 (4953169)|VARIABLE_ASSIGNMENT|[12]|IntSum|null
05:30:45.1 (4956943)|STATEMENT_EXECUTE|[13]
05:30:45.1 (5050101)|HEAP_ALLOCATE|[13]|Bytes:41
05:30:45.1 (5075823)|METHOD_EXIT|[6]|01p6F00000MR10y|ParentClass.ParentClassAdd()
05:30:45.1 (5094009)|SYSTEM_MODE_EXIT|false
05:30:45.1 (5254287)|FATAL_ERROR|System.NullPointerException: Attempt to de-reference a null object

Class.ParentClass.ParentClassAdd: line 13, column 1
AnonymousBlock: line 6, column 1
AnonymousBlock: line 6, column 1
05:30:45.5 (5323235)|CUMULATIVE_LIMIT_USAGE
05:30:45.5 (5323235)|LIMIT_USAGE_FOR_NS|(default)|
  Number of SOQL queries: 0 out of 100
  Number of query rows: 0 out of 50000
  Number of SOSL queries: 0 out of 20
  Number of DML statements: 0 out of 150
  Number of DML rows: 0 out of 10000
  Maximum CPU time: 0 out of 10000
  Maximum heap size: 0 out of 6000000
  Number of callouts: 0 out of 100
  Number of Email Invocations: 0 out of 10
  Number of future calls: 0 out of 50
  Number of queueable jobs added to the queue: 0 out of 50
  Number of Mobile Apex push calls: 0 out of 10

05:30:45.5 (5323235)|CUMULATIVE_LIMIT_USAGE_END

05:30:45.1 (5358844)|CODE_UNIT_FINISHED|execute_anonymous_apex
05:30:45.1 (6114070)|EXECUTION_FINISHED
