44.0 APEX_CODE,FINEST;APEX_PROFILING,INFO;CALLOUT,INFO;DB,INFO;NBA,INFO;SYSTEM,DEBUG;VALIDATION,INFO;VISUALFORCE,INFO;WAVE,INFO;WORKFLOW,INFO
Execute Anonymous: Array_Operations obj_Arr_opp = new Array_Operations();
Execute Anonymous: obj_Arr_opp.Perform_Operation(); 
07:26:50.1 (1114807)|USER_INFO|[EXTERNAL]|0056F00000ATCAZ|ayman.shaikh@gmail.com|Pacific Standard Time|GMT-07:00
07:26:50.1 (1134933)|EXECUTION_STARTED
07:26:50.1 (1139763)|CODE_UNIT_STARTED|[EXTERNAL]|execute_anonymous_apex
07:26:50.1 (7330102)|VARIABLE_SCOPE_BEGIN|[1]|obj_Arr_opp|Array_Operations|true|false
07:26:50.1 (7457043)|HEAP_ALLOCATE|[72]|Bytes:3
07:26:50.1 (7488240)|HEAP_ALLOCATE|[77]|Bytes:152
07:26:50.1 (7499652)|HEAP_ALLOCATE|[342]|Bytes:408
07:26:50.1 (7511021)|HEAP_ALLOCATE|[355]|Bytes:408
07:26:50.1 (7521242)|HEAP_ALLOCATE|[467]|Bytes:48
07:26:50.1 (7558776)|HEAP_ALLOCATE|[139]|Bytes:6
07:26:50.1 (7582261)|HEAP_ALLOCATE|[EXTERNAL]|Bytes:3
07:26:50.1 (7609985)|STATEMENT_EXECUTE|[1]
07:26:50.1 (7612919)|STATEMENT_EXECUTE|[1]
07:26:50.1 (7626845)|HEAP_ALLOCATE|[1]|Bytes:1
07:26:50.1 (7654982)|METHOD_ENTRY|[1]|01p6F00000MPtB2|Array_Operations.Array_Operations()
07:26:50.1 (7661953)|STATEMENT_EXECUTE|[1]
07:26:50.1 (7666458)|STATEMENT_EXECUTE|[1]
07:26:50.1 (7693984)|HEAP_ALLOCATE|[50]|Bytes:5
07:26:50.1 (7713581)|HEAP_ALLOCATE|[56]|Bytes:5
07:26:50.1 (7721504)|HEAP_ALLOCATE|[64]|Bytes:7
07:26:50.1 (7736401)|SYSTEM_MODE_ENTER|false
07:26:50.1 (7746460)|HEAP_ALLOCATE|[1]|Bytes:5
07:26:50.1 (7752192)|SYSTEM_MODE_EXIT|false
07:26:50.1 (7760878)|METHOD_EXIT|[1]|Array_Operations
07:26:50.1 (7772477)|HEAP_ALLOCATE|[1]|Bytes:4
07:26:50.1 (7792982)|SYSTEM_MODE_ENTER|false
07:26:50.1 (7815246)|HEAP_ALLOCATE|[1]|Bytes:5
07:26:50.1 (7826956)|CONSTRUCTOR_ENTRY|[1]|01p6F00000MPtB2|<init>()|Array_Operations
07:26:50.1 (7851980)|VARIABLE_SCOPE_BEGIN|[1]|this|Array_Operations|true|false
07:26:50.1 (7887815)|VARIABLE_ASSIGNMENT|[1]|this|{}|0x285c50fd
07:26:50.1 (7898447)|HEAP_ALLOCATE|[EXTERNAL]|Bytes:5
07:26:50.1 (7906634)|HEAP_ALLOCATE|[EXTERNAL]|Bytes:6
07:26:50.1 (7938931)|STATEMENT_EXECUTE|[1]
07:26:50.1 (7943336)|HEAP_ALLOCATE|[EXTERNAL]|Bytes:5
07:26:50.1 (7952337)|CONSTRUCTOR_EXIT|[1]|01p6F00000MPtB2|<init>()|Array_Operations
07:26:50.1 (7959713)|SYSTEM_MODE_EXIT|false
07:26:50.1 (7977270)|VARIABLE_ASSIGNMENT|[1]|obj_Arr_opp|{}|0x285c50fd
07:26:50.1 (7983872)|STATEMENT_EXECUTE|[2]
07:26:50.1 (8001511)|SYSTEM_MODE_ENTER|false
07:26:50.1 (8022878)|HEAP_ALLOCATE|[2]|Bytes:5
07:26:50.1 (8044568)|METHOD_ENTRY|[2]|01p6F00000MPtB2|Array_Operations.Perform_Operation()
07:26:50.1 (8064573)|VARIABLE_SCOPE_BEGIN|[2]|this|Array_Operations|true|false
07:26:50.1 (8078833)|VARIABLE_ASSIGNMENT|[2]|this|{}|0x285c50fd
07:26:50.1 (8090776)|HEAP_ALLOCATE|[3]|Bytes:5
07:26:50.1 (8095027)|STATEMENT_EXECUTE|[2]
07:26:50.1 (8096595)|STATEMENT_EXECUTE|[3]
07:26:50.1 (8133938)|HEAP_ALLOCATE|[3]|Bytes:4
07:26:50.1 (8174044)|VARIABLE_SCOPE_BEGIN|[3]|myList|List<Integer>|true|false
07:26:50.1 (8200072)|HEAP_ALLOCATE|[EXTERNAL]|Bytes:4
07:26:50.1 (8212142)|VARIABLE_ASSIGNMENT|[3]|myList|[]|0x45ffe0e6
07:26:50.1 (8218190)|STATEMENT_EXECUTE|[6]
07:26:50.1 (8854812)|HEAP_ALLOCATE|[6]|Bytes:31
07:26:50.1 (8877707)|METHOD_EXIT|[2]|01p6F00000MPtB2|Array_Operations.Perform_Operation()
07:26:50.1 (8885194)|SYSTEM_MODE_EXIT|false
07:26:50.1 (8991530)|FATAL_ERROR|System.ListException: List index out of bounds: 0

Class.Array_Operations.Perform_Operation: line 6, column 1
AnonymousBlock: line 2, column 1
AnonymousBlock: line 2, column 1
07:26:50.9 (9040153)|CUMULATIVE_LIMIT_USAGE
07:26:50.9 (9040153)|LIMIT_USAGE_FOR_NS|(default)|
  Number of SOQL queries: 0 out of 100
  Number of query rows: 0 out of 50000
  Number of SOSL queries: 0 out of 20
  Number of DML statements: 0 out of 150
  Number of DML rows: 0 out of 10000
  Maximum CPU time: 0 out of 10000
  Maximum heap size: 0 out of 6000000
  Number of callouts: 0 out of 100
  Number of Email Invocations: 0 out of 10
  Number of future calls: 0 out of 50
  Number of queueable jobs added to the queue: 0 out of 50
  Number of Mobile Apex push calls: 0 out of 10

07:26:50.9 (9040153)|CUMULATIVE_LIMIT_USAGE_END

07:26:50.1 (9076189)|CODE_UNIT_FINISHED|execute_anonymous_apex
07:26:50.1 (9899072)|EXECUTION_FINISHED
