44.0 APEX_CODE,FINEST;APEX_PROFILING,INFO;CALLOUT,INFO;DB,INFO;NBA,INFO;SYSTEM,DEBUG;VALIDATION,INFO;VISUALFORCE,INFO;WAVE,INFO;WORKFLOW,INFO
Execute Anonymous: ParentClass obj1, obj2;
Execute Anonymous: obj1 = new ParentClass();
Execute Anonymous: obj1.write();
Execute Anonymous: obj2 = new ChildClass();
Execute Anonymous: obj2.write();
07:18:36.2 (2198632)|USER_INFO|[EXTERNAL]|0056F00000ATCAZ|ayman.shaikh@gmail.com|Pacific Standard Time|GMT-07:00
07:18:36.2 (2221100)|EXECUTION_STARTED
07:18:36.2 (2226240)|CODE_UNIT_STARTED|[EXTERNAL]|execute_anonymous_apex
07:18:36.2 (3278091)|VARIABLE_SCOPE_BEGIN|[1]|obj1|ParentClass|true|false
07:18:36.2 (3294013)|VARIABLE_SCOPE_BEGIN|[1]|obj2|ParentClass|true|false
07:18:36.2 (3429666)|HEAP_ALLOCATE|[72]|Bytes:3
07:18:36.2 (3473900)|HEAP_ALLOCATE|[77]|Bytes:152
07:18:36.2 (3489608)|HEAP_ALLOCATE|[342]|Bytes:408
07:18:36.2 (3503952)|HEAP_ALLOCATE|[355]|Bytes:408
07:18:36.2 (3517453)|HEAP_ALLOCATE|[467]|Bytes:48
07:18:36.2 (3545466)|HEAP_ALLOCATE|[139]|Bytes:6
07:18:36.2 (3572634)|HEAP_ALLOCATE|[EXTERNAL]|Bytes:9
07:18:36.2 (3612378)|STATEMENT_EXECUTE|[1]
07:18:36.2 (3615359)|STATEMENT_EXECUTE|[1]
07:18:36.2 (3655828)|VARIABLE_ASSIGNMENT|[1]|obj1|null|
07:18:36.2 (3662370)|STATEMENT_EXECUTE|[1]
07:18:36.2 (3668721)|VARIABLE_ASSIGNMENT|[1]|obj2|null|
07:18:36.2 (3672572)|STATEMENT_EXECUTE|[2]
07:18:36.2 (3676708)|HEAP_ALLOCATE|[2]|Bytes:3
07:18:36.2 (3682210)|HEAP_ALLOCATE|[2]|Bytes:4
07:18:36.2 (3707782)|METHOD_ENTRY|[1]|01p6F00000MR10y|ParentClass.ParentClass()
07:18:36.2 (3714160)|STATEMENT_EXECUTE|[1]
07:18:36.2 (3718237)|STATEMENT_EXECUTE|[1]
07:18:36.2 (3722932)|METHOD_EXIT|[1]|ParentClass
07:18:36.2 (3739150)|HEAP_ALLOCATE|[2]|Bytes:4
07:18:36.2 (3779654)|HEAP_ALLOCATE|[50]|Bytes:5
07:18:36.2 (3806569)|HEAP_ALLOCATE|[56]|Bytes:5
07:18:36.2 (3816080)|HEAP_ALLOCATE|[64]|Bytes:7
07:18:36.2 (3836484)|SYSTEM_MODE_ENTER|false
07:18:36.2 (3870851)|HEAP_ALLOCATE|[2]|Bytes:5
07:18:36.2 (3885161)|CONSTRUCTOR_ENTRY|[2]|01p6F00000MR10y|<init>()|ParentClass
07:18:36.2 (3911902)|VARIABLE_SCOPE_BEGIN|[1]|this|ParentClass|true|false
07:18:36.2 (3945146)|VARIABLE_ASSIGNMENT|[1]|this|{}|0x31b97c57
07:18:36.2 (3955820)|HEAP_ALLOCATE|[EXTERNAL]|Bytes:6
07:18:36.2 (3990452)|STATEMENT_EXECUTE|[1]
07:18:36.2 (3996330)|CONSTRUCTOR_EXIT|[2]|01p6F00000MR10y|<init>()|ParentClass
07:18:36.2 (4009057)|SYSTEM_MODE_EXIT|false
07:18:36.2 (4027942)|VARIABLE_ASSIGNMENT|[2]|obj1|{}|0x31b97c57
07:18:36.2 (4033813)|STATEMENT_EXECUTE|[3]
07:18:36.2 (4056591)|SYSTEM_MODE_ENTER|false
07:18:36.2 (4075378)|HEAP_ALLOCATE|[3]|Bytes:5
07:18:36.2 (4101660)|METHOD_ENTRY|[3]|01p6F00000MR10y|ParentClass.write()
07:18:36.2 (4124887)|VARIABLE_SCOPE_BEGIN|[3]|this|ParentClass|true|false
07:18:36.2 (4140336)|VARIABLE_ASSIGNMENT|[3]|this|{}|0x31b97c57
07:18:36.2 (4150134)|STATEMENT_EXECUTE|[3]
07:18:36.2 (4152147)|STATEMENT_EXECUTE|[5]
07:18:36.2 (4155660)|HEAP_ALLOCATE|[5]|Bytes:20
07:18:36.2 (4341452)|USER_DEBUG|[5]|DEBUG|This is Parent Class
07:18:36.2 (4358879)|METHOD_EXIT|[3]|01p6F00000MR10y|ParentClass.write()
07:18:36.2 (4365611)|SYSTEM_MODE_EXIT|false
07:18:36.2 (4372174)|STATEMENT_EXECUTE|[4]
07:18:36.2 (5029845)|HEAP_ALLOCATE|[4]|Bytes:1
07:18:36.2 (5040670)|HEAP_ALLOCATE|[4]|Bytes:1
07:18:36.2 (5054320)|METHOD_ENTRY|[1]|01p6F00000MR2GO|ChildClass.ChildClass()
07:18:36.2 (5060195)|STATEMENT_EXECUTE|[1]
07:18:36.2 (5064005)|STATEMENT_EXECUTE|[1]
07:18:36.2 (5067831)|METHOD_EXIT|[1]|ChildClass
07:18:36.2 (5079520)|HEAP_ALLOCATE|[4]|Bytes:4
07:18:36.2 (5103333)|SYSTEM_MODE_ENTER|false
07:18:36.2 (5118900)|HEAP_ALLOCATE|[4]|Bytes:5
07:18:36.2 (5129701)|CONSTRUCTOR_ENTRY|[4]|01p6F00000MR2GO|<init>()|ChildClass
07:18:36.2 (5148116)|VARIABLE_SCOPE_BEGIN|[1]|this|ChildClass|true|false
07:18:36.2 (5170143)|VARIABLE_ASSIGNMENT|[1]|this|{}|0xefc6ffa
07:18:36.2 (5179351)|CONSTRUCTOR_ENTRY|[EXTERNAL]|01p6F00000MR10y|<init>()|ParentClass
07:18:36.2 (5188894)|VARIABLE_SCOPE_BEGIN|[1]|this|ParentClass|true|false
07:18:36.2 (5201764)|VARIABLE_ASSIGNMENT|[1]|this|{}|0xefc6ffa
07:18:36.2 (5219362)|STATEMENT_EXECUTE|[1]
07:18:36.2 (5223156)|CONSTRUCTOR_EXIT|[EXTERNAL]|01p6F00000MR10y|<init>()|ParentClass
07:18:36.2 (5229794)|STATEMENT_EXECUTE|[1]
07:18:36.2 (5232638)|CONSTRUCTOR_EXIT|[4]|01p6F00000MR2GO|<init>()|ChildClass
07:18:36.2 (5241370)|SYSTEM_MODE_EXIT|false
07:18:36.2 (5262139)|VARIABLE_ASSIGNMENT|[4]|obj2|{}|0xefc6ffa
07:18:36.2 (5268464)|STATEMENT_EXECUTE|[5]
07:18:36.2 (5288366)|SYSTEM_MODE_ENTER|false
07:18:36.2 (5301992)|HEAP_ALLOCATE|[5]|Bytes:5
07:18:36.2 (5320384)|METHOD_ENTRY|[5]|01p6F00000MR2GO|ChildClass.write()
07:18:36.2 (5343045)|VARIABLE_SCOPE_BEGIN|[2]|this|ChildClass|true|false
07:18:36.2 (5359000)|VARIABLE_ASSIGNMENT|[2]|this|{}|0xefc6ffa
07:18:36.2 (5366196)|STATEMENT_EXECUTE|[2]
07:18:36.2 (5368265)|STATEMENT_EXECUTE|[3]
07:18:36.2 (5375803)|METHOD_ENTRY|[3]|01p6F00000MR10y|ParentClass.ParentClassAdd()
07:18:36.2 (5402098)|VARIABLE_SCOPE_BEGIN|[8]|this|ParentClass|true|false
07:18:36.2 (5416791)|VARIABLE_ASSIGNMENT|[8]|this|{}|0xefc6ffa
07:18:36.2 (5423869)|STATEMENT_EXECUTE|[8]
07:18:36.2 (5425501)|STATEMENT_EXECUTE|[9]
07:18:36.2 (5429830)|VARIABLE_SCOPE_BEGIN|[9]|IntNum1|Integer|false|false
07:18:36.2 (5439320)|VARIABLE_ASSIGNMENT|[9]|IntNum1|null
07:18:36.2 (5443726)|STATEMENT_EXECUTE|[9]
07:18:36.2 (5445923)|VARIABLE_SCOPE_BEGIN|[9]|IntNum2|Integer|false|false
07:18:36.2 (5453520)|VARIABLE_ASSIGNMENT|[9]|IntNum2|null
07:18:36.2 (5457355)|STATEMENT_EXECUTE|[9]
07:18:36.2 (5461178)|VARIABLE_SCOPE_BEGIN|[9]|IntSum|Integer|false|false
07:18:36.2 (5468257)|HEAP_ALLOCATE|[9]|Bytes:4
07:18:36.2 (5475778)|VARIABLE_ASSIGNMENT|[9]|IntSum|0
07:18:36.2 (5479600)|STATEMENT_EXECUTE|[10]
07:18:36.2 (5522113)|HEAP_ALLOCATE|[10]|Bytes:41
07:18:36.2 (5539617)|METHOD_EXIT|[3]|01p6F00000MR10y|ParentClass.ParentClassAdd()
07:18:36.2 (5546927)|METHOD_EXIT|[5]|01p6F00000MR2GO|ChildClass.write()
07:18:36.2 (5554846)|SYSTEM_MODE_EXIT|false
07:18:36.2 (5718879)|FATAL_ERROR|System.NullPointerException: Attempt to de-reference a null object

Class.ParentClass.ParentClassAdd: line 10, column 1
Class.ChildClass.write: line 3, column 1
AnonymousBlock: line 5, column 1
AnonymousBlock: line 5, column 1
07:18:36.5 (5777055)|CUMULATIVE_LIMIT_USAGE
07:18:36.5 (5777055)|LIMIT_USAGE_FOR_NS|(default)|
  Number of SOQL queries: 0 out of 100
  Number of query rows: 0 out of 50000
  Number of SOSL queries: 0 out of 20
  Number of DML statements: 0 out of 150
  Number of DML rows: 0 out of 10000
  Maximum CPU time: 0 out of 10000
  Maximum heap size: 0 out of 6000000
  Number of callouts: 0 out of 100
  Number of Email Invocations: 0 out of 10
  Number of future calls: 0 out of 50
  Number of queueable jobs added to the queue: 0 out of 50
  Number of Mobile Apex push calls: 0 out of 10

07:18:36.5 (5777055)|CUMULATIVE_LIMIT_USAGE_END

07:18:36.2 (5822559)|CODE_UNIT_FINISHED|execute_anonymous_apex
07:18:36.2 (6681576)|EXECUTION_FINISHED
