44.0 APEX_CODE,FINEST;APEX_PROFILING,INFO;CALLOUT,INFO;DB,INFO;NBA,INFO;SYSTEM,DEBUG;VALIDATION,INFO;VISUALFORCE,INFO;WAVE,INFO;WORKFLOW,INFO
Execute Anonymous: Array_Operations obj = new Array_Operations();
Execute Anonymous: obj.Duplicate();
04:59:11.0 (821343)|USER_INFO|[EXTERNAL]|0056F00000ATCAZ|ayman.shaikh@gmail.com|Pacific Standard Time|GMT-07:00
04:59:11.0 (840389)|EXECUTION_STARTED
04:59:11.0 (845977)|CODE_UNIT_STARTED|[EXTERNAL]|execute_anonymous_apex
04:59:11.0 (9001382)|VARIABLE_SCOPE_BEGIN|[1]|obj|Array_Operations|true|false
04:59:11.0 (9133507)|HEAP_ALLOCATE|[72]|Bytes:3
04:59:11.0 (9178056)|HEAP_ALLOCATE|[77]|Bytes:152
04:59:11.0 (9192430)|HEAP_ALLOCATE|[342]|Bytes:408
04:59:11.0 (9204945)|HEAP_ALLOCATE|[355]|Bytes:408
04:59:11.0 (9216958)|HEAP_ALLOCATE|[467]|Bytes:48
04:59:11.0 (9245756)|HEAP_ALLOCATE|[139]|Bytes:6
04:59:11.0 (9270202)|HEAP_ALLOCATE|[EXTERNAL]|Bytes:3
04:59:11.0 (9300854)|STATEMENT_EXECUTE|[1]
04:59:11.0 (9303881)|STATEMENT_EXECUTE|[1]
04:59:11.0 (9308305)|HEAP_ALLOCATE|[1]|Bytes:13
04:59:11.0 (9314159)|HEAP_ALLOCATE|[1]|Bytes:37
04:59:11.0 (9339670)|METHOD_ENTRY|[1]|01p6F00000MPtB2|Array_Operations.Array_Operations()
04:59:11.0 (9346743)|STATEMENT_EXECUTE|[1]
04:59:11.0 (9350834)|STATEMENT_EXECUTE|[1]
04:59:11.0 (9377819)|HEAP_ALLOCATE|[50]|Bytes:5
04:59:11.0 (9401969)|HEAP_ALLOCATE|[56]|Bytes:5
04:59:11.0 (9409929)|HEAP_ALLOCATE|[64]|Bytes:7
04:59:11.0 (9427498)|SYSTEM_MODE_ENTER|false
04:59:11.0 (9443377)|HEAP_ALLOCATE|[1]|Bytes:5
04:59:11.0 (9451139)|SYSTEM_MODE_EXIT|false
04:59:11.0 (9460849)|METHOD_EXIT|[1]|Array_Operations
04:59:11.0 (9503367)|HEAP_ALLOCATE|[1]|Bytes:8
04:59:11.0 (9529785)|SYSTEM_MODE_ENTER|false
04:59:11.0 (9560620)|HEAP_ALLOCATE|[1]|Bytes:5
04:59:11.0 (9571947)|CONSTRUCTOR_ENTRY|[1]|01p6F00000MPtB2|<init>()|Array_Operations
04:59:11.0 (9600805)|VARIABLE_SCOPE_BEGIN|[1]|this|Array_Operations|true|false
04:59:11.0 (9650459)|VARIABLE_ASSIGNMENT|[1]|this|{}|0x2fc3b80d
04:59:11.0 (9662124)|HEAP_ALLOCATE|[3]|Bytes:5
04:59:11.0 (9670301)|HEAP_ALLOCATE|[3]|Bytes:6
04:59:11.0 (9707672)|STATEMENT_EXECUTE|[1]
04:59:11.0 (9712541)|HEAP_ALLOCATE|[3]|Bytes:5
04:59:11.0 (9716960)|STATEMENT_EXECUTE|[3]
04:59:11.0 (9730778)|HEAP_ALLOCATE|[3]|Bytes:4
04:59:11.0 (9787906)|HEAP_ALLOCATE|[3]|Bytes:4
04:59:11.0 (9794534)|HEAP_ALLOCATE|[3]|Bytes:4
04:59:11.0 (9798442)|HEAP_ALLOCATE|[3]|Bytes:4
04:59:11.0 (9802281)|HEAP_ALLOCATE|[3]|Bytes:4
04:59:11.0 (9805807)|HEAP_ALLOCATE|[3]|Bytes:4
04:59:11.0 (9809388)|HEAP_ALLOCATE|[3]|Bytes:4
04:59:11.0 (9812966)|HEAP_ALLOCATE|[3]|Bytes:4
04:59:11.0 (9816937)|HEAP_ALLOCATE|[3]|Bytes:4
04:59:11.0 (9820459)|HEAP_ALLOCATE|[3]|Bytes:4
04:59:11.0 (9824382)|HEAP_ALLOCATE|[3]|Bytes:4
04:59:11.0 (9852197)|HEAP_ALLOCATE|[EXTERNAL]|Bytes:44
04:59:11.0 (9873109)|VARIABLE_ASSIGNMENT|[3]|this.integerList|"List of size 10 too large to display"|0x2fc3b80d
04:59:11.0 (9885036)|CONSTRUCTOR_EXIT|[1]|01p6F00000MPtB2|<init>()|Array_Operations
04:59:11.0 (9892669)|SYSTEM_MODE_EXIT|false
04:59:11.0 (9921337)|VARIABLE_ASSIGNMENT|[1]|obj|{"integerList":"0x451028d9"}|0x2fc3b80d
04:59:11.0 (9928472)|STATEMENT_EXECUTE|[2]
04:59:11.0 (9953150)|SYSTEM_MODE_ENTER|false
04:59:11.0 (9972878)|HEAP_ALLOCATE|[2]|Bytes:5
04:59:11.0 (9998223)|METHOD_ENTRY|[2]|01p6F00000MPtB2|Array_Operations.Duplicate()
04:59:11.0 (10021565)|VARIABLE_SCOPE_BEGIN|[55]|this|Array_Operations|true|false
04:59:11.0 (10044157)|VARIABLE_ASSIGNMENT|[55]|this|{"integerList":"0x451028d9"}|0x2fc3b80d
04:59:11.0 (10057960)|HEAP_ALLOCATE|[57]|Bytes:5
04:59:11.0 (10062841)|STATEMENT_EXECUTE|[56]
04:59:11.0 (10064901)|STATEMENT_EXECUTE|[57]
04:59:11.0 (10069933)|VARIABLE_SCOPE_BEGIN|[57]|Digit|Integer|false|false
04:59:11.0 (10082506)|VARIABLE_ASSIGNMENT|[57]|Digit|null
04:59:11.0 (10087025)|STATEMENT_EXECUTE|[58]
04:59:11.0 (10097665)|HEAP_ALLOCATE|[58]|Bytes:4
04:59:11.0 (10120210)|VARIABLE_SCOPE_BEGIN|[58]|countList|List<Integer>|true|false
04:59:11.0 (10141184)|HEAP_ALLOCATE|[EXTERNAL]|Bytes:4
04:59:11.0 (10152031)|VARIABLE_ASSIGNMENT|[58]|countList|[]|0x51478df
04:59:11.0 (10159178)|STATEMENT_EXECUTE|[59]
04:59:11.0 (10170973)|VARIABLE_SCOPE_BEGIN|[59]|i|Integer|false|false
04:59:11.0 (10182167)|HEAP_ALLOCATE|[59]|Bytes:4
04:59:11.0 (10191425)|VARIABLE_ASSIGNMENT|[59]|i|0
04:59:11.0 (10198738)|STATEMENT_EXECUTE|[59]
04:59:11.0 (10200597)|STATEMENT_EXECUTE|[61]
04:59:11.0 (10203525)|HEAP_ALLOCATE|[61]|Bytes:4
04:59:11.0 (10256392)|HEAP_ALLOCATE|[61]|Bytes:31
04:59:11.0 (10273557)|METHOD_EXIT|[2]|01p6F00000MPtB2|Array_Operations.Duplicate()
04:59:11.0 (10281000)|SYSTEM_MODE_EXIT|false
04:59:11.0 (10386733)|FATAL_ERROR|System.ListException: List index out of bounds: 0

Class.Array_Operations.Duplicate: line 61, column 1
AnonymousBlock: line 2, column 1
AnonymousBlock: line 2, column 1
04:59:11.10 (10434394)|CUMULATIVE_LIMIT_USAGE
04:59:11.10 (10434394)|LIMIT_USAGE_FOR_NS|(default)|
  Number of SOQL queries: 0 out of 100
  Number of query rows: 0 out of 50000
  Number of SOSL queries: 0 out of 20
  Number of DML statements: 0 out of 150
  Number of DML rows: 0 out of 10000
  Maximum CPU time: 0 out of 10000
  Maximum heap size: 0 out of 6000000
  Number of callouts: 0 out of 100
  Number of Email Invocations: 0 out of 10
  Number of future calls: 0 out of 50
  Number of queueable jobs added to the queue: 0 out of 50
  Number of Mobile Apex push calls: 0 out of 10

04:59:11.10 (10434394)|CUMULATIVE_LIMIT_USAGE_END

04:59:11.0 (10469885)|CODE_UNIT_FINISHED|execute_anonymous_apex
04:59:11.0 (11334829)|EXECUTION_FINISHED
