43.0 APEX_CODE,FINEST;APEX_PROFILING,INFO;CALLOUT,INFO;DB,INFO;NBA,INFO;SYSTEM,DEBUG;VALIDATION,INFO;VISUALFORCE,INFO;WAVE,INFO;WORKFLOW,INFO
Execute Anonymous: Even_Odd objEvenOdd = new Even_Odd();
Execute Anonymous: Integer num = 0;
Execute Anonymous: objEvenOdd.checking(num);
07:39:39.11 (11902849)|USER_INFO|[EXTERNAL]|0056F00000ATCAZ|ayman.shaikh@gmail.com|Pacific Standard Time|GMT-07:00
07:39:39.11 (11933284)|EXECUTION_STARTED
07:39:39.11 (11942715)|CODE_UNIT_STARTED|[EXTERNAL]|execute_anonymous_apex
07:39:39.11 (12072601)|VARIABLE_SCOPE_BEGIN|[2]|num|Integer|false|false
07:39:39.11 (13418008)|VARIABLE_SCOPE_BEGIN|[1]|objEvenOdd|Even_Odd|true|false
07:39:39.11 (13560746)|HEAP_ALLOCATE|[72]|Bytes:3
07:39:39.11 (13599994)|HEAP_ALLOCATE|[77]|Bytes:152
07:39:39.11 (13621912)|HEAP_ALLOCATE|[342]|Bytes:408
07:39:39.11 (13642176)|HEAP_ALLOCATE|[355]|Bytes:408
07:39:39.11 (13661346)|HEAP_ALLOCATE|[467]|Bytes:48
07:39:39.11 (13693344)|HEAP_ALLOCATE|[139]|Bytes:6
07:39:39.11 (13718061)|HEAP_ALLOCATE|[EXTERNAL]|Bytes:5
07:39:39.11 (13749505)|STATEMENT_EXECUTE|[1]
07:39:39.11 (13752221)|STATEMENT_EXECUTE|[1]
07:39:39.11 (13755869)|HEAP_ALLOCATE|[1]|Bytes:1
07:39:39.11 (13761281)|HEAP_ALLOCATE|[1]|Bytes:4
07:39:39.11 (13793809)|METHOD_ENTRY|[5]|01p6F00000MPY1Z|Even_Odd.Even_Odd()
07:39:39.11 (13802601)|STATEMENT_EXECUTE|[5]
07:39:39.11 (13805871)|STATEMENT_EXECUTE|[5]
07:39:39.11 (13832537)|HEAP_ALLOCATE|[50]|Bytes:5
07:39:39.11 (13851183)|HEAP_ALLOCATE|[56]|Bytes:5
07:39:39.11 (13858762)|HEAP_ALLOCATE|[64]|Bytes:7
07:39:39.11 (13873993)|SYSTEM_MODE_ENTER|false
07:39:39.11 (13885296)|HEAP_ALLOCATE|[1]|Bytes:5
07:39:39.11 (13891726)|SYSTEM_MODE_EXIT|false
07:39:39.11 (13903437)|METHOD_EXIT|[5]|Even_Odd
07:39:39.11 (13918215)|HEAP_ALLOCATE|[1]|Bytes:4
07:39:39.11 (13939110)|SYSTEM_MODE_ENTER|false
07:39:39.11 (13962649)|HEAP_ALLOCATE|[1]|Bytes:5
07:39:39.11 (13978367)|CONSTRUCTOR_ENTRY|[1]|01p6F00000MPY1Z|<init>()|Even_Odd
07:39:39.11 (14006509)|VARIABLE_SCOPE_BEGIN|[5]|this|Even_Odd|true|false
07:39:39.11 (14059332)|VARIABLE_ASSIGNMENT|[5]|this|{}|0x1c69b355
07:39:39.11 (14069658)|HEAP_ALLOCATE|[EXTERNAL]|Bytes:5
07:39:39.11 (14078196)|HEAP_ALLOCATE|[EXTERNAL]|Bytes:6
07:39:39.11 (14114087)|STATEMENT_EXECUTE|[5]
07:39:39.11 (14118471)|HEAP_ALLOCATE|[EXTERNAL]|Bytes:5
07:39:39.11 (14130878)|CONSTRUCTOR_EXIT|[1]|01p6F00000MPY1Z|<init>()|Even_Odd
07:39:39.11 (14138767)|SYSTEM_MODE_EXIT|false
07:39:39.11 (14165961)|VARIABLE_ASSIGNMENT|[1]|objEvenOdd|{}|0x1c69b355
07:39:39.11 (14172859)|STATEMENT_EXECUTE|[2]
07:39:39.11 (14176768)|HEAP_ALLOCATE|[2]|Bytes:4
07:39:39.11 (14188326)|VARIABLE_ASSIGNMENT|[2]|num|0
07:39:39.11 (14192990)|STATEMENT_EXECUTE|[3]
07:39:39.11 (14213173)|SYSTEM_MODE_ENTER|false
07:39:39.11 (14230567)|HEAP_ALLOCATE|[3]|Bytes:5
07:39:39.11 (14262095)|METHOD_ENTRY|[3]|01p6F00000MPY1Z|Even_Odd.checking(Integer)
07:39:39.11 (14286267)|VARIABLE_SCOPE_BEGIN|[7]|this|Even_Odd|true|false
07:39:39.11 (14305129)|VARIABLE_ASSIGNMENT|[7]|this|{}|0x1c69b355
07:39:39.11 (14312447)|VARIABLE_SCOPE_BEGIN|[7]|num|Integer|false|false
07:39:39.11 (14320318)|VARIABLE_ASSIGNMENT|[7]|num|0
07:39:39.11 (14330344)|HEAP_ALLOCATE|[8]|Bytes:5
07:39:39.11 (14334858)|STATEMENT_EXECUTE|[7]
07:39:39.11 (14338916)|STATEMENT_EXECUTE|[8]
07:39:39.11 (14340346)|STATEMENT_EXECUTE|[9]
07:39:39.11 (14343191)|HEAP_ALLOCATE|[9]|Bytes:22
07:39:39.11 (14509841)|USER_DEBUG|[9]|DEBUG|Number Entered is EVEN
07:39:39.11 (14533512)|METHOD_EXIT|[3]|01p6F00000MPY1Z|Even_Odd.checking(Integer)
07:39:39.11 (14540404)|SYSTEM_MODE_EXIT|false
07:39:39.14 (14578114)|CUMULATIVE_LIMIT_USAGE
07:39:39.14 (14578114)|LIMIT_USAGE_FOR_NS|(default)|
  Number of SOQL queries: 0 out of 100
  Number of query rows: 0 out of 50000
  Number of SOSL queries: 0 out of 20
  Number of DML statements: 0 out of 150
  Number of DML rows: 0 out of 10000
  Maximum CPU time: 0 out of 10000
  Maximum heap size: 0 out of 6000000
  Number of callouts: 0 out of 100
  Number of Email Invocations: 0 out of 10
  Number of future calls: 0 out of 50
  Number of queueable jobs added to the queue: 0 out of 50
  Number of Mobile Apex push calls: 0 out of 10

07:39:39.14 (14578114)|CUMULATIVE_LIMIT_USAGE_END

07:39:39.11 (14630232)|CODE_UNIT_FINISHED|execute_anonymous_apex
07:39:39.11 (15677289)|EXECUTION_FINISHED
