44.0 APEX_CODE,FINEST;APEX_PROFILING,INFO;CALLOUT,INFO;DB,INFO;NBA,INFO;SYSTEM,DEBUG;VALIDATION,INFO;VISUALFORCE,INFO;WAVE,INFO;WORKFLOW,INFO
Execute Anonymous: ParentClass obj1, obj2;
Execute Anonymous: obj1 = new ParentClass();
Execute Anonymous: obj2 = new ChildClass();
Execute Anonymous: obj2.ParentClassAdd();
05:46:15.0 (931115)|USER_INFO|[EXTERNAL]|0056F00000ATCAZ|ayman.shaikh@gmail.com|Pacific Standard Time|GMT-07:00
05:46:15.0 (950308)|EXECUTION_STARTED
05:46:15.0 (954472)|CODE_UNIT_STARTED|[EXTERNAL]|execute_anonymous_apex
05:46:15.0 (2023955)|VARIABLE_SCOPE_BEGIN|[1]|obj1|ParentClass|true|false
05:46:15.0 (2038319)|VARIABLE_SCOPE_BEGIN|[1]|obj2|ParentClass|true|false
05:46:15.0 (2142636)|HEAP_ALLOCATE|[72]|Bytes:3
05:46:15.0 (2173001)|HEAP_ALLOCATE|[77]|Bytes:152
05:46:15.0 (2184865)|HEAP_ALLOCATE|[342]|Bytes:408
05:46:15.0 (2196273)|HEAP_ALLOCATE|[355]|Bytes:408
05:46:15.0 (2206680)|HEAP_ALLOCATE|[467]|Bytes:48
05:46:15.0 (2229775)|HEAP_ALLOCATE|[139]|Bytes:6
05:46:15.0 (2252857)|HEAP_ALLOCATE|[EXTERNAL]|Bytes:7
05:46:15.0 (2284586)|STATEMENT_EXECUTE|[1]
05:46:15.0 (2287572)|STATEMENT_EXECUTE|[1]
05:46:15.0 (2305200)|VARIABLE_ASSIGNMENT|[1]|obj1|null|
05:46:15.0 (2310276)|STATEMENT_EXECUTE|[1]
05:46:15.0 (2315107)|VARIABLE_ASSIGNMENT|[1]|obj2|null|
05:46:15.0 (2319311)|STATEMENT_EXECUTE|[2]
05:46:15.0 (2322312)|HEAP_ALLOCATE|[2]|Bytes:4
05:46:15.0 (2326750)|HEAP_ALLOCATE|[2]|Bytes:4
05:46:15.0 (2351653)|METHOD_ENTRY|[1]|01p6F00000MR10y|ParentClass.ParentClass()
05:46:15.0 (2357626)|STATEMENT_EXECUTE|[1]
05:46:15.0 (2361150)|STATEMENT_EXECUTE|[1]
05:46:15.0 (2365384)|METHOD_EXIT|[1]|ParentClass
05:46:15.0 (2380321)|HEAP_ALLOCATE|[2]|Bytes:4
05:46:15.0 (2433800)|HEAP_ALLOCATE|[50]|Bytes:5
05:46:15.0 (2452446)|HEAP_ALLOCATE|[56]|Bytes:5
05:46:15.0 (2460080)|HEAP_ALLOCATE|[64]|Bytes:7
05:46:15.0 (2475025)|SYSTEM_MODE_ENTER|false
05:46:15.0 (2505096)|HEAP_ALLOCATE|[2]|Bytes:5
05:46:15.0 (2518239)|CONSTRUCTOR_ENTRY|[2]|01p6F00000MR10y|<init>()|ParentClass
05:46:15.0 (2544483)|VARIABLE_SCOPE_BEGIN|[1]|this|ParentClass|true|false
05:46:15.0 (2576505)|VARIABLE_ASSIGNMENT|[1]|this|{}|0x3c093915
05:46:15.0 (2585782)|HEAP_ALLOCATE|[EXTERNAL]|Bytes:6
05:46:15.0 (2619296)|STATEMENT_EXECUTE|[1]
05:46:15.0 (2624512)|CONSTRUCTOR_EXIT|[2]|01p6F00000MR10y|<init>()|ParentClass
05:46:15.0 (2634087)|SYSTEM_MODE_EXIT|false
05:46:15.0 (2650461)|VARIABLE_ASSIGNMENT|[2]|obj1|{}|0x3c093915
05:46:15.0 (2656191)|STATEMENT_EXECUTE|[3]
05:46:15.0 (3328350)|HEAP_ALLOCATE|[3]|Bytes:1
05:46:15.0 (3339835)|HEAP_ALLOCATE|[3]|Bytes:1
05:46:15.0 (3354079)|METHOD_ENTRY|[1]|01p6F00000MR2GO|ChildClass.ChildClass()
05:46:15.0 (3360484)|STATEMENT_EXECUTE|[1]
05:46:15.0 (3364760)|STATEMENT_EXECUTE|[1]
05:46:15.0 (3368957)|METHOD_EXIT|[1]|ChildClass
05:46:15.0 (3380922)|HEAP_ALLOCATE|[3]|Bytes:4
05:46:15.0 (3410738)|SYSTEM_MODE_ENTER|false
05:46:15.0 (3432408)|HEAP_ALLOCATE|[3]|Bytes:5
05:46:15.0 (3443343)|CONSTRUCTOR_ENTRY|[3]|01p6F00000MR2GO|<init>()|ChildClass
05:46:15.0 (3463135)|VARIABLE_SCOPE_BEGIN|[1]|this|ChildClass|true|false
05:46:15.0 (3485793)|VARIABLE_ASSIGNMENT|[1]|this|{}|0x7c1d977f
05:46:15.0 (3495861)|CONSTRUCTOR_ENTRY|[EXTERNAL]|01p6F00000MR10y|<init>()|ParentClass
05:46:15.0 (3505674)|VARIABLE_SCOPE_BEGIN|[1]|this|ParentClass|true|false
05:46:15.0 (3517030)|VARIABLE_ASSIGNMENT|[1]|this|{}|0x7c1d977f
05:46:15.0 (3534422)|STATEMENT_EXECUTE|[1]
05:46:15.0 (3538175)|CONSTRUCTOR_EXIT|[EXTERNAL]|01p6F00000MR10y|<init>()|ParentClass
05:46:15.0 (3544057)|STATEMENT_EXECUTE|[1]
05:46:15.0 (3546750)|CONSTRUCTOR_EXIT|[3]|01p6F00000MR2GO|<init>()|ChildClass
05:46:15.0 (3554746)|SYSTEM_MODE_EXIT|false
05:46:15.0 (3574076)|VARIABLE_ASSIGNMENT|[3]|obj2|{}|0x7c1d977f
05:46:15.0 (3579718)|STATEMENT_EXECUTE|[4]
05:46:15.0 (3598444)|SYSTEM_MODE_ENTER|false
05:46:15.0 (3610453)|HEAP_ALLOCATE|[4]|Bytes:5
05:46:15.0 (3635688)|METHOD_ENTRY|[4]|01p6F00000MR10y|ParentClass.ParentClassAdd()
05:46:15.0 (3651510)|VARIABLE_SCOPE_BEGIN|[11]|this|ParentClass|true|false
05:46:15.0 (3664404)|VARIABLE_ASSIGNMENT|[11]|this|{}|0x7c1d977f
05:46:15.0 (3671548)|STATEMENT_EXECUTE|[11]
05:46:15.0 (3673285)|STATEMENT_EXECUTE|[12]
05:46:15.0 (3677224)|VARIABLE_SCOPE_BEGIN|[12]|IntNum1|Integer|false|false
05:46:15.0 (3685465)|VARIABLE_ASSIGNMENT|[12]|IntNum1|null
05:46:15.0 (3689160)|STATEMENT_EXECUTE|[12]
05:46:15.0 (3691259)|VARIABLE_SCOPE_BEGIN|[12]|IntNum2|Integer|false|false
05:46:15.0 (3697891)|VARIABLE_ASSIGNMENT|[12]|IntNum2|null
05:46:15.0 (3701742)|STATEMENT_EXECUTE|[12]
05:46:15.0 (3704655)|VARIABLE_SCOPE_BEGIN|[12]|IntSum|Integer|false|false
05:46:15.0 (3711010)|HEAP_ALLOCATE|[12]|Bytes:4
05:46:15.0 (3717796)|VARIABLE_ASSIGNMENT|[12]|IntSum|0
05:46:15.0 (3721387)|STATEMENT_EXECUTE|[13]
05:46:15.0 (3792079)|HEAP_ALLOCATE|[13]|Bytes:41
05:46:15.0 (3808713)|METHOD_EXIT|[4]|01p6F00000MR10y|ParentClass.ParentClassAdd()
05:46:15.0 (3817247)|SYSTEM_MODE_EXIT|false
05:46:15.0 (3933301)|FATAL_ERROR|System.NullPointerException: Attempt to de-reference a null object

Class.ParentClass.ParentClassAdd: line 13, column 1
AnonymousBlock: line 4, column 1
AnonymousBlock: line 4, column 1
05:46:15.3 (3976254)|CUMULATIVE_LIMIT_USAGE
05:46:15.3 (3976254)|LIMIT_USAGE_FOR_NS|(default)|
  Number of SOQL queries: 0 out of 100
  Number of query rows: 0 out of 50000
  Number of SOSL queries: 0 out of 20
  Number of DML statements: 0 out of 150
  Number of DML rows: 0 out of 10000
  Maximum CPU time: 0 out of 10000
  Maximum heap size: 0 out of 6000000
  Number of callouts: 0 out of 100
  Number of Email Invocations: 0 out of 10
  Number of future calls: 0 out of 50
  Number of queueable jobs added to the queue: 0 out of 50
  Number of Mobile Apex push calls: 0 out of 10

05:46:15.3 (3976254)|CUMULATIVE_LIMIT_USAGE_END

05:46:15.0 (4006228)|CODE_UNIT_FINISHED|execute_anonymous_apex
05:46:15.0 (4790532)|EXECUTION_FINISHED
