44.0 APEX_CODE,DEBUG;APEX_PROFILING,INFO;CALLOUT,INFO;DB,INFO;NBA,INFO;SYSTEM,DEBUG;VALIDATION,INFO;VISUALFORCE,DEBUG;WAVE,INFO;WORKFLOW,INFO
07:05:27.0 (505637)|USER_INFO|[EXTERNAL]|0056F00000ATCAZ|ayman.shaikh@gmail.com|Pacific Standard Time|GMT-07:00
07:05:27.0 (613317)|EXECUTION_STARTED
07:05:27.0 (622988)|CODE_UNIT_STARTED|[EXTERNAL]|Validation:Employee:a056F00000lJj7Z
07:05:27.0 (643979)|VALIDATION_RULE|03d6F000001EXpW|Resignation_Date_rule
07:05:27.0 (821666)|VALIDATION_FORMULA|Is_on_Notice_Period__c= true && ISBLANK(Resignation_Date__c)|Is_on_Notice_Period__c=0 , Resignation_Date__c=null
07:05:27.0 (832746)|VALIDATION_PASS
07:05:27.0 (834674)|VALIDATION_RULE|03d6F000001EXr8|Restrict_DOB
07:05:27.0 (1156828)|VALIDATION_FORMULA|Age__c  <= 18|Age__c=30
07:05:27.0 (1168582)|VALIDATION_PASS
07:05:27.0 (1170327)|VALIDATION_RULE|03d6F000001EWg3|Check_Dates
07:05:27.0 (1369870)|VALIDATION_FORMULA|Last_Working_Day__c  <  Date_of_Joining__c|Last_Working_Day__c=null , Date_of_Joining__c=2018-10-03 00:00:00
07:05:27.0 (1380894)|VALIDATION_PASS
07:05:27.0 (1382257)|VALIDATION_RULE|03d6F000001EWfy|Notice_Period
07:05:27.0 (1486014)|VALIDATION_FORMULA|Is_on_Notice_Period__c  = true && ISBLANK( Resignation_Date__c )|Is_on_Notice_Period__c=0 , Resignation_Date__c=null
07:05:27.0 (1495583)|VALIDATION_PASS
07:05:27.0 (1825667)|CODE_UNIT_FINISHED|Validation:Employee:a056F00000lJj7Z
07:05:27.0 (1841447)|EXECUTION_FINISHED
07:05:27.21 (21794468)|USER_INFO|[EXTERNAL]|0056F00000ATCAZ|ayman.shaikh@gmail.com|Pacific Standard Time|GMT-07:00
07:05:27.21 (21823640)|EXECUTION_STARTED
07:05:27.21 (21828816)|CODE_UNIT_STARTED|[EXTERNAL]|Workflow:01I6F000002DSKA
07:05:27.21 (29895980)|WF_RULE_EVAL_BEGIN|Workflow
07:05:27.21 (29930374)|WF_CRITERIA_BEGIN|[Employee: EMP-000001 a056F00000lJj7Z]|one to one|01Q6F0000015jKG|ON_ALL_CHANGES|0
07:05:27.21 (31455017)|WF_RULE_FILTER|[Employee : Employees ID not equal to NULL]
07:05:27.21 (31472109)|WF_RULE_EVAL_VALUE|EMP-000001
07:05:27.21 (31500618)|WF_CRITERIA_END|true
07:05:27.21 (32156407)|WF_CRITERIA_BEGIN|[Employee: EMP-000001 a056F00000lJj7Z]|Record deactivated|01Q6F0000015jIy|ON_ALL_CHANGES|0
07:05:27.21 (32364906)|WF_FORMULA|Formula:ENCODED:[treatNullAsNull]NOT({!ID:00N6F00000RfoKy})|Values:Is_Active__c=1
07:05:27.21 (32374181)|WF_CRITERIA_END|false
07:05:27.21 (32390785)|WF_SPOOL_ACTION_BEGIN|Workflow
07:05:27.21 (32653693)|WF_ACTION| Field Update: 1;
07:05:27.21 (32661449)|WF_RULE_EVAL_END
07:05:27.21 (32765129)|WF_ACTIONS_END| Field Update: 1;
07:05:27.21 (32774599)|CODE_UNIT_FINISHED|Workflow:01I6F000002DSKA
07:05:27.21 (32788383)|EXECUTION_FINISHED
