44.0 APEX_CODE,FINEST;APEX_PROFILING,INFO;CALLOUT,INFO;DB,INFO;NBA,INFO;SYSTEM,DEBUG;VALIDATION,INFO;VISUALFORCE,INFO;WAVE,INFO;WORKFLOW,INFO
Execute Anonymous: ParentClass obj1 =  new ParentClass();
Execute Anonymous: ChildClass obj2 = new ChildClass();
Execute Anonymous: 
Execute Anonymous: obj1.write();
07:19:50.1 (1289566)|USER_INFO|[EXTERNAL]|0056F00000ATCAZ|ayman.shaikh@gmail.com|Pacific Standard Time|GMT-07:00
07:19:50.1 (1310810)|EXECUTION_STARTED
07:19:50.1 (1315639)|CODE_UNIT_STARTED|[EXTERNAL]|execute_anonymous_apex
07:19:50.1 (2356713)|VARIABLE_SCOPE_BEGIN|[1]|obj1|ParentClass|true|false
07:19:50.1 (2908822)|VARIABLE_SCOPE_BEGIN|[2]|obj2|ChildClass|true|false
07:19:50.1 (3035025)|HEAP_ALLOCATE|[72]|Bytes:3
07:19:50.1 (3076341)|HEAP_ALLOCATE|[77]|Bytes:152
07:19:50.1 (3091103)|HEAP_ALLOCATE|[342]|Bytes:408
07:19:50.1 (3103377)|HEAP_ALLOCATE|[355]|Bytes:408
07:19:50.1 (3114257)|HEAP_ALLOCATE|[467]|Bytes:48
07:19:50.1 (3138166)|HEAP_ALLOCATE|[139]|Bytes:6
07:19:50.1 (3162528)|HEAP_ALLOCATE|[EXTERNAL]|Bytes:5
07:19:50.1 (3193246)|STATEMENT_EXECUTE|[1]
07:19:50.1 (3196030)|STATEMENT_EXECUTE|[1]
07:19:50.1 (3199474)|HEAP_ALLOCATE|[1]|Bytes:3
07:19:50.1 (3204083)|HEAP_ALLOCATE|[1]|Bytes:4
07:19:50.1 (3229996)|METHOD_ENTRY|[1]|01p6F00000MR10y|ParentClass.ParentClass()
07:19:50.1 (3235956)|STATEMENT_EXECUTE|[1]
07:19:50.1 (3239550)|STATEMENT_EXECUTE|[1]
07:19:50.1 (3244365)|METHOD_EXIT|[1]|ParentClass
07:19:50.1 (3266154)|HEAP_ALLOCATE|[1]|Bytes:4
07:19:50.1 (3298730)|HEAP_ALLOCATE|[50]|Bytes:5
07:19:50.1 (3319956)|HEAP_ALLOCATE|[56]|Bytes:5
07:19:50.1 (3327070)|HEAP_ALLOCATE|[64]|Bytes:7
07:19:50.1 (3346168)|SYSTEM_MODE_ENTER|false
07:19:50.1 (3375273)|HEAP_ALLOCATE|[1]|Bytes:5
07:19:50.1 (3386168)|CONSTRUCTOR_ENTRY|[1]|01p6F00000MR10y|<init>()|ParentClass
07:19:50.1 (3412481)|VARIABLE_SCOPE_BEGIN|[1]|this|ParentClass|true|false
07:19:50.1 (3456166)|VARIABLE_ASSIGNMENT|[1]|this|{}|0x2e969aa9
07:19:50.1 (3466257)|HEAP_ALLOCATE|[EXTERNAL]|Bytes:6
07:19:50.1 (3495305)|STATEMENT_EXECUTE|[1]
07:19:50.1 (3499857)|CONSTRUCTOR_EXIT|[1]|01p6F00000MR10y|<init>()|ParentClass
07:19:50.1 (3510368)|SYSTEM_MODE_EXIT|false
07:19:50.1 (3526704)|VARIABLE_ASSIGNMENT|[1]|obj1|{}|0x2e969aa9
07:19:50.1 (3532377)|STATEMENT_EXECUTE|[2]
07:19:50.1 (3535533)|HEAP_ALLOCATE|[2]|Bytes:1
07:19:50.1 (3539383)|HEAP_ALLOCATE|[2]|Bytes:1
07:19:50.1 (3549579)|METHOD_ENTRY|[1]|01p6F00000MR2GO|ChildClass.ChildClass()
07:19:50.1 (3554145)|STATEMENT_EXECUTE|[1]
07:19:50.1 (3556688)|STATEMENT_EXECUTE|[1]
07:19:50.1 (3559697)|METHOD_EXIT|[1]|ChildClass
07:19:50.1 (3567241)|HEAP_ALLOCATE|[2]|Bytes:4
07:19:50.1 (3585484)|SYSTEM_MODE_ENTER|false
07:19:50.1 (3601712)|HEAP_ALLOCATE|[2]|Bytes:5
07:19:50.1 (3609035)|CONSTRUCTOR_ENTRY|[2]|01p6F00000MR2GO|<init>()|ChildClass
07:19:50.1 (3623559)|VARIABLE_SCOPE_BEGIN|[1]|this|ChildClass|true|false
07:19:50.1 (3640110)|VARIABLE_ASSIGNMENT|[1]|this|{}|0x6743513e
07:19:50.1 (3647914)|CONSTRUCTOR_ENTRY|[EXTERNAL]|01p6F00000MR10y|<init>()|ParentClass
07:19:50.1 (3655750)|VARIABLE_SCOPE_BEGIN|[1]|this|ParentClass|true|false
07:19:50.1 (3666148)|VARIABLE_ASSIGNMENT|[1]|this|{}|0x6743513e
07:19:50.1 (3678967)|STATEMENT_EXECUTE|[1]
07:19:50.1 (3681890)|CONSTRUCTOR_EXIT|[EXTERNAL]|01p6F00000MR10y|<init>()|ParentClass
07:19:50.1 (3687055)|STATEMENT_EXECUTE|[1]
07:19:50.1 (3689668)|CONSTRUCTOR_EXIT|[2]|01p6F00000MR2GO|<init>()|ChildClass
07:19:50.1 (3696762)|SYSTEM_MODE_EXIT|false
07:19:50.1 (3709125)|VARIABLE_ASSIGNMENT|[2]|obj2|{}|0x6743513e
07:19:50.1 (3714358)|STATEMENT_EXECUTE|[4]
07:19:50.1 (3731107)|SYSTEM_MODE_ENTER|false
07:19:50.1 (3740669)|HEAP_ALLOCATE|[4]|Bytes:5
07:19:50.1 (3761466)|METHOD_ENTRY|[4]|01p6F00000MR10y|ParentClass.write()
07:19:50.1 (3781288)|VARIABLE_SCOPE_BEGIN|[3]|this|ParentClass|true|false
07:19:50.1 (3793002)|VARIABLE_ASSIGNMENT|[3]|this|{}|0x2e969aa9
07:19:50.1 (3801767)|STATEMENT_EXECUTE|[3]
07:19:50.1 (3803283)|STATEMENT_EXECUTE|[5]
07:19:50.1 (3806088)|HEAP_ALLOCATE|[5]|Bytes:20
07:19:50.1 (3859239)|USER_DEBUG|[5]|DEBUG|This is Parent Class
07:19:50.1 (3870522)|METHOD_EXIT|[4]|01p6F00000MR10y|ParentClass.write()
07:19:50.1 (3876016)|SYSTEM_MODE_EXIT|false
07:19:50.3 (3906321)|CUMULATIVE_LIMIT_USAGE
07:19:50.3 (3906321)|LIMIT_USAGE_FOR_NS|(default)|
  Number of SOQL queries: 0 out of 100
  Number of query rows: 0 out of 50000
  Number of SOSL queries: 0 out of 20
  Number of DML statements: 0 out of 150
  Number of DML rows: 0 out of 10000
  Maximum CPU time: 0 out of 10000
  Maximum heap size: 0 out of 6000000
  Number of callouts: 0 out of 100
  Number of Email Invocations: 0 out of 10
  Number of future calls: 0 out of 50
  Number of queueable jobs added to the queue: 0 out of 50
  Number of Mobile Apex push calls: 0 out of 10

07:19:50.3 (3906321)|CUMULATIVE_LIMIT_USAGE_END

07:19:50.1 (3940740)|CODE_UNIT_FINISHED|execute_anonymous_apex
07:19:50.1 (4759397)|EXECUTION_FINISHED
