44.0 APEX_CODE,FINEST;APEX_PROFILING,INFO;CALLOUT,INFO;DB,INFO;NBA,INFO;SYSTEM,DEBUG;VALIDATION,INFO;VISUALFORCE,INFO;WAVE,INFO;WORKFLOW,INFO
Execute Anonymous: AccountProgram objAccountProgram = new AccountProgram();
Execute Anonymous: objAccountProgram.queryOnAccount1();
Execute Anonymous: objAccountProgram.queryOnAccount2();
Execute Anonymous: objAccountProgram.queryOnAccount3();
03:12:22.1 (1092210)|USER_INFO|[EXTERNAL]|0056F00000ATCAZ|ayman.shaikh@gmail.com|Pacific Standard Time|GMT-07:00
03:12:22.1 (1113061)|EXECUTION_STARTED
03:12:22.1 (1117108)|CODE_UNIT_STARTED|[EXTERNAL]|execute_anonymous_apex
03:12:22.1 (7610892)|VARIABLE_SCOPE_BEGIN|[1]|objAccountProgram|AccountProgram|true|false
03:12:22.1 (7732925)|HEAP_ALLOCATE|[72]|Bytes:3
03:12:22.1 (7767324)|HEAP_ALLOCATE|[77]|Bytes:152
03:12:22.1 (7781571)|HEAP_ALLOCATE|[342]|Bytes:408
03:12:22.1 (7797617)|HEAP_ALLOCATE|[355]|Bytes:408
03:12:22.1 (7809260)|HEAP_ALLOCATE|[467]|Bytes:48
03:12:22.1 (7836499)|HEAP_ALLOCATE|[139]|Bytes:6
03:12:22.1 (7854536)|HEAP_ALLOCATE|[EXTERNAL]|Bytes:7
03:12:22.1 (7883318)|STATEMENT_EXECUTE|[1]
03:12:22.1 (7886242)|STATEMENT_EXECUTE|[1]
03:12:22.1 (7889448)|HEAP_ALLOCATE|[1]|Bytes:7
03:12:22.1 (7894501)|HEAP_ALLOCATE|[1]|Bytes:15
03:12:22.1 (7918112)|METHOD_ENTRY|[1]|01p6F00000MR33H|AccountProgram.AccountProgram()
03:12:22.1 (7924488)|STATEMENT_EXECUTE|[1]
03:12:22.1 (7927816)|STATEMENT_EXECUTE|[1]
03:12:22.1 (7952621)|HEAP_ALLOCATE|[50]|Bytes:5
03:12:22.1 (7972927)|HEAP_ALLOCATE|[56]|Bytes:5
03:12:22.1 (7981606)|HEAP_ALLOCATE|[64]|Bytes:7
03:12:22.1 (7995686)|SYSTEM_MODE_ENTER|false
03:12:22.1 (8005873)|HEAP_ALLOCATE|[1]|Bytes:5
03:12:22.1 (8012490)|SYSTEM_MODE_EXIT|false
03:12:22.1 (8020662)|METHOD_EXIT|[1]|AccountProgram
03:12:22.1 (8032405)|HEAP_ALLOCATE|[1]|Bytes:4
03:12:22.1 (8051979)|SYSTEM_MODE_ENTER|false
03:12:22.1 (8079038)|HEAP_ALLOCATE|[1]|Bytes:5
03:12:22.1 (8091154)|CONSTRUCTOR_ENTRY|[1]|01p6F00000MR33H|<init>()|AccountProgram
03:12:22.1 (8115250)|VARIABLE_SCOPE_BEGIN|[1]|this|AccountProgram|true|false
03:12:22.1 (8155596)|VARIABLE_ASSIGNMENT|[1]|this|{}|0x49e9fb10
03:12:22.1 (8166249)|HEAP_ALLOCATE|[EXTERNAL]|Bytes:5
03:12:22.1 (8174336)|HEAP_ALLOCATE|[EXTERNAL]|Bytes:6
03:12:22.1 (8206817)|STATEMENT_EXECUTE|[1]
03:12:22.1 (8214119)|HEAP_ALLOCATE|[EXTERNAL]|Bytes:5
03:12:22.1 (8222161)|CONSTRUCTOR_EXIT|[1]|01p6F00000MR33H|<init>()|AccountProgram
03:12:22.1 (8229937)|SYSTEM_MODE_EXIT|false
03:12:22.1 (8245845)|VARIABLE_ASSIGNMENT|[1]|objAccountProgram|{}|0x49e9fb10
03:12:22.1 (8252313)|STATEMENT_EXECUTE|[2]
03:12:22.1 (8270364)|SYSTEM_MODE_ENTER|false
03:12:22.1 (8284915)|HEAP_ALLOCATE|[2]|Bytes:5
03:12:22.1 (8308311)|METHOD_ENTRY|[2]|01p6F00000MR33H|AccountProgram.queryOnAccount1()
03:12:22.1 (8328308)|VARIABLE_SCOPE_BEGIN|[2]|this|AccountProgram|true|false
03:12:22.1 (8340746)|VARIABLE_ASSIGNMENT|[2]|this|{}|0x49e9fb10
03:12:22.1 (8351233)|HEAP_ALLOCATE|[4]|Bytes:5
03:12:22.1 (8355089)|STATEMENT_EXECUTE|[2]
03:12:22.1 (8356719)|STATEMENT_EXECUTE|[4]
03:12:22.1 (8359534)|HEAP_ALLOCATE|[4]|Bytes:24
03:12:22.1 (8375430)|HEAP_ALLOCATE|[4]|Bytes:4
03:12:22.1 (8560078)|SOQL_EXECUTE_BEGIN|[4]|Aggregations:0|SELECT Name FROM Account
03:12:22.1 (11926523)|SOQL_EXECUTE_END|[4]|Rows:14
03:12:22.1 (11951707)|HEAP_ALLOCATE|[4]|Bytes:60
03:12:22.1 (11981156)|HEAP_ALLOCATE|[4]|Bytes:782
03:12:22.1 (12054611)|HEAP_ALLOCATE|[4]|Bytes:60
03:12:22.1 (12073565)|VARIABLE_SCOPE_BEGIN|[4]|AccName1|List<Account>|true|false
03:12:22.1 (12095164)|VARIABLE_ASSIGNMENT|[4]|AccName1|"List of size 14 too large to display"|0x6065e07d
03:12:22.1 (12101999)|STATEMENT_EXECUTE|[5]
03:12:22.1 (12105923)|HEAP_ALLOCATE|[5]|Bytes:17
03:12:22.1 (12145188)|USER_DEBUG|[5]|DEBUG|Advanced For Loop
03:12:22.1 (12309921)|HEAP_ALLOCATE|[6]|Bytes:5
03:12:22.1 (12340861)|HEAP_ALLOCATE|[6]|Bytes:12
03:12:22.1 (12349607)|VARIABLE_SCOPE_BEGIN|[6]|acc|Account|true|false
03:12:22.1 (12370509)|VARIABLE_ASSIGNMENT|[6]|acc|{"Name":"sForce","Id":"0016F00002o0fjCQAQ"}|0x6328f8f6
03:12:22.1 (12377297)|STATEMENT_EXECUTE|[6]
03:12:22.1 (12379231)|STATEMENT_EXECUTE|[7]
03:12:22.1 (12382498)|HEAP_ALLOCATE|[7]|Bytes:13
03:12:22.1 (12453380)|HEAP_ALLOCATE|[7]|Bytes:44
03:12:22.1 (12472282)|HEAP_ALLOCATE|[7]|Bytes:57
03:12:22.1 (12482665)|USER_DEBUG|[7]|DEBUG|Account Name Account:{Name=sForce, Id=0016F00002o0fjCQAQ}
03:12:22.1 (12497621)|HEAP_ALLOCATE|[6]|Bytes:5
03:12:22.1 (12508217)|HEAP_ALLOCATE|[6]|Bytes:12
03:12:22.1 (12514736)|VARIABLE_SCOPE_BEGIN|[6]|acc|Account|true|false
03:12:22.1 (12532795)|VARIABLE_ASSIGNMENT|[6]|acc|{"Name":"University of Arizon (1 more) ...","Id":"0016F00002o0fj8QAA"}|0x67d970bc
03:12:22.1 (12538622)|STATEMENT_EXECUTE|[6]
03:12:22.1 (12540280)|STATEMENT_EXECUTE|[7]
03:12:22.1 (12563959)|HEAP_ALLOCATE|[7]|Bytes:59
03:12:22.1 (12574898)|HEAP_ALLOCATE|[7]|Bytes:72
03:12:22.1 (12582130)|USER_DEBUG|[7]|DEBUG|Account Name Account:{Name=University of Arizona, Id=0016F00002o0fj8QAA}
03:12:22.1 (12594001)|HEAP_ALLOCATE|[6]|Bytes:5
03:12:22.1 (12603032)|HEAP_ALLOCATE|[6]|Bytes:12
03:12:22.1 (12608891)|VARIABLE_SCOPE_BEGIN|[6]|acc|Account|true|false
03:12:22.1 (12623607)|VARIABLE_ASSIGNMENT|[6]|acc|{"Name":"United Oil & Gas Cor (2 more) ...","Id":"0016F00002o0fj6QAA"}|0x5718f76c
03:12:22.1 (12628984)|STATEMENT_EXECUTE|[6]
03:12:22.1 (12630696)|STATEMENT_EXECUTE|[7]
03:12:22.1 (12651090)|HEAP_ALLOCATE|[7]|Bytes:60
03:12:22.1 (12661343)|HEAP_ALLOCATE|[7]|Bytes:73
03:12:22.1 (12667664)|USER_DEBUG|[7]|DEBUG|Account Name Account:{Name=United Oil & Gas Corp., Id=0016F00002o0fj6QAA}
03:12:22.1 (12679170)|HEAP_ALLOCATE|[6]|Bytes:5
03:12:22.1 (12687692)|HEAP_ALLOCATE|[6]|Bytes:12
03:12:22.1 (12692801)|VARIABLE_SCOPE_BEGIN|[6]|acc|Account|true|false
03:12:22.1 (12705484)|VARIABLE_ASSIGNMENT|[6]|acc|{"Name":"GenePoint","Id":"0016F00002o0fjBQAQ"}|0x19e4bab
03:12:22.1 (12710295)|STATEMENT_EXECUTE|[6]
03:12:22.1 (12711776)|STATEMENT_EXECUTE|[7]
03:12:22.1 (12731014)|HEAP_ALLOCATE|[7]|Bytes:47
03:12:22.1 (12740418)|HEAP_ALLOCATE|[7]|Bytes:60
03:12:22.1 (12746966)|USER_DEBUG|[7]|DEBUG|Account Name Account:{Name=GenePoint, Id=0016F00002o0fjBQAQ}
03:12:22.1 (12757906)|HEAP_ALLOCATE|[6]|Bytes:5
03:12:22.1 (12766370)|HEAP_ALLOCATE|[6]|Bytes:12
03:12:22.1 (12771214)|VARIABLE_SCOPE_BEGIN|[6]|acc|Account|true|false
03:12:22.1 (12784427)|VARIABLE_ASSIGNMENT|[6]|acc|{"Name":"United Oil & Gas, UK","Id":"0016F00002o0fj9QAA"}|0x25d5fc26
03:12:22.1 (12790116)|STATEMENT_EXECUTE|[6]
03:12:22.1 (12791614)|STATEMENT_EXECUTE|[7]
03:12:22.1 (12810061)|HEAP_ALLOCATE|[7]|Bytes:58
03:12:22.1 (12819201)|HEAP_ALLOCATE|[7]|Bytes:71
03:12:22.1 (12825526)|USER_DEBUG|[7]|DEBUG|Account Name Account:{Name=United Oil & Gas, UK, Id=0016F00002o0fj9QAA}
03:12:22.1 (12835968)|HEAP_ALLOCATE|[6]|Bytes:5
03:12:22.1 (12843976)|HEAP_ALLOCATE|[6]|Bytes:12
03:12:22.1 (12848829)|VARIABLE_SCOPE_BEGIN|[6]|acc|Account|true|false
03:12:22.1 (12862446)|VARIABLE_ASSIGNMENT|[6]|acc|{"Name":"United Oil & Gas, Si (7 more) ...","Id":"0016F00002o0fjAQAQ"}|0x9a534b0
03:12:22.1 (12868090)|STATEMENT_EXECUTE|[6]
03:12:22.1 (12869545)|STATEMENT_EXECUTE|[7]
03:12:22.1 (12888656)|HEAP_ALLOCATE|[7]|Bytes:65
03:12:22.1 (12898107)|HEAP_ALLOCATE|[7]|Bytes:78
03:12:22.1 (12904383)|USER_DEBUG|[7]|DEBUG|Account Name Account:{Name=United Oil & Gas, Singapore, Id=0016F00002o0fjAQAQ}
03:12:22.1 (12915114)|HEAP_ALLOCATE|[6]|Bytes:5
03:12:22.1 (12923166)|HEAP_ALLOCATE|[6]|Bytes:12
03:12:22.1 (12928367)|VARIABLE_SCOPE_BEGIN|[6]|acc|Account|true|false
03:12:22.1 (12941104)|VARIABLE_ASSIGNMENT|[6]|acc|{"Name":"Edge Communications","Id":"0016F00002o0fj1QAA"}|0x1996017f
03:12:22.1 (12946753)|STATEMENT_EXECUTE|[6]
03:12:22.1 (12948234)|STATEMENT_EXECUTE|[7]
03:12:22.1 (12966162)|HEAP_ALLOCATE|[7]|Bytes:57
03:12:22.1 (12975911)|HEAP_ALLOCATE|[7]|Bytes:70
03:12:22.1 (12982043)|USER_DEBUG|[7]|DEBUG|Account Name Account:{Name=Edge Communications, Id=0016F00002o0fj1QAA}
03:12:22.1 (12992451)|HEAP_ALLOCATE|[6]|Bytes:5
03:12:22.1 (13000637)|HEAP_ALLOCATE|[6]|Bytes:12
03:12:22.1 (13006518)|VARIABLE_SCOPE_BEGIN|[6]|acc|Account|true|false
03:12:22.1 (13020732)|VARIABLE_ASSIGNMENT|[6]|acc|{"Name":"Burlington Textiles  (15 more) ...","Id":"0016F00002o0fj2QAA"}|0x6a26c2f5
03:12:22.1 (13025974)|STATEMENT_EXECUTE|[6]
03:12:22.1 (13027561)|STATEMENT_EXECUTE|[7]
03:12:22.1 (13045443)|HEAP_ALLOCATE|[7]|Bytes:73
03:12:22.1 (13055079)|HEAP_ALLOCATE|[7]|Bytes:86
03:12:22.1 (13061738)|USER_DEBUG|[7]|DEBUG|Account Name Account:{Name=Burlington Textiles Corp of America, Id=0016F00002o0fj2QAA}
03:12:22.1 (13077811)|HEAP_ALLOCATE|[6]|Bytes:5
03:12:22.1 (13085765)|HEAP_ALLOCATE|[6]|Bytes:12
03:12:22.1 (13091209)|VARIABLE_SCOPE_BEGIN|[6]|acc|Account|true|false
03:12:22.1 (13104665)|VARIABLE_ASSIGNMENT|[6]|acc|{"Name":"Pyramid Construction (5 more) ...","Id":"0016F00002o0fj3QAA"}|0x6098275b
03:12:22.1 (13114694)|STATEMENT_EXECUTE|[6]
03:12:22.1 (13116205)|STATEMENT_EXECUTE|[7]
03:12:22.1 (13135885)|HEAP_ALLOCATE|[7]|Bytes:63
03:12:22.1 (13148347)|HEAP_ALLOCATE|[7]|Bytes:76
03:12:22.1 (13155120)|USER_DEBUG|[7]|DEBUG|Account Name Account:{Name=Pyramid Construction Inc., Id=0016F00002o0fj3QAA}
03:12:22.1 (13166477)|HEAP_ALLOCATE|[6]|Bytes:5
03:12:22.1 (13174963)|HEAP_ALLOCATE|[6]|Bytes:12
03:12:22.1 (13180353)|VARIABLE_SCOPE_BEGIN|[6]|acc|Account|true|false
03:12:22.1 (13196509)|VARIABLE_ASSIGNMENT|[6]|acc|{"Name":"Dickenson plc","Id":"0016F00002o0fj4QAA"}|0x40b89f4c
03:12:22.1 (13201744)|STATEMENT_EXECUTE|[6]
03:12:22.1 (13203246)|STATEMENT_EXECUTE|[7]
03:12:22.1 (13221254)|HEAP_ALLOCATE|[7]|Bytes:51
03:12:22.1 (13231562)|HEAP_ALLOCATE|[7]|Bytes:64
03:12:22.1 (13237576)|USER_DEBUG|[7]|DEBUG|Account Name Account:{Name=Dickenson plc, Id=0016F00002o0fj4QAA}
03:12:22.1 (13248556)|HEAP_ALLOCATE|[6]|Bytes:5
03:12:22.1 (13256327)|HEAP_ALLOCATE|[6]|Bytes:12
03:12:22.1 (13261185)|VARIABLE_SCOPE_BEGIN|[6]|acc|Account|true|false
03:12:22.1 (13275024)|VARIABLE_ASSIGNMENT|[6]|acc|{"Name":"Grand Hotels & Resor (6 more) ...","Id":"0016F00002o0fj5QAA"}|0x690cf3dd
03:12:22.1 (13280368)|STATEMENT_EXECUTE|[6]
03:12:22.1 (13281869)|STATEMENT_EXECUTE|[7]
03:12:22.1 (13299073)|HEAP_ALLOCATE|[7]|Bytes:64
03:12:22.1 (13308463)|HEAP_ALLOCATE|[7]|Bytes:77
03:12:22.1 (13315003)|USER_DEBUG|[7]|DEBUG|Account Name Account:{Name=Grand Hotels & Resorts Ltd, Id=0016F00002o0fj5QAA}
03:12:22.1 (13325899)|HEAP_ALLOCATE|[6]|Bytes:5
03:12:22.1 (13334025)|HEAP_ALLOCATE|[6]|Bytes:12
03:12:22.1 (13339219)|VARIABLE_SCOPE_BEGIN|[6]|acc|Account|true|false
03:12:22.1 (13352808)|VARIABLE_ASSIGNMENT|[6]|acc|{"Name":"Express Logistics an (11 more) ...","Id":"0016F00002o0fj7QAA"}|0x35e1a563
03:12:22.1 (13358468)|STATEMENT_EXECUTE|[6]
03:12:22.1 (13359900)|STATEMENT_EXECUTE|[7]
03:12:22.1 (13377574)|HEAP_ALLOCATE|[7]|Bytes:69
03:12:22.1 (13387702)|HEAP_ALLOCATE|[7]|Bytes:82
03:12:22.1 (13393718)|USER_DEBUG|[7]|DEBUG|Account Name Account:{Name=Express Logistics and Transport, Id=0016F00002o0fj7QAA}
03:12:22.1 (13405196)|HEAP_ALLOCATE|[6]|Bytes:5
03:12:22.1 (13413383)|HEAP_ALLOCATE|[6]|Bytes:12
03:12:22.1 (13418511)|VARIABLE_SCOPE_BEGIN|[6]|acc|Account|true|false
03:12:22.1 (13430981)|VARIABLE_ASSIGNMENT|[6]|acc|{"Name":"Almas","Id":"0016F00002vJCC2QAO"}|0x14e2ee7b
03:12:22.1 (13436389)|STATEMENT_EXECUTE|[6]
03:12:22.1 (13437815)|STATEMENT_EXECUTE|[7]
03:12:22.1 (13455150)|HEAP_ALLOCATE|[7]|Bytes:43
03:12:22.1 (13465728)|HEAP_ALLOCATE|[7]|Bytes:56
03:12:22.1 (13471613)|USER_DEBUG|[7]|DEBUG|Account Name Account:{Name=Almas, Id=0016F00002vJCC2QAO}
03:12:22.1 (13482743)|HEAP_ALLOCATE|[6]|Bytes:5
03:12:22.1 (13490865)|HEAP_ALLOCATE|[6]|Bytes:12
03:12:22.1 (13495916)|VARIABLE_SCOPE_BEGIN|[6]|acc|Account|true|false
03:12:22.1 (13508565)|VARIABLE_ASSIGNMENT|[6]|acc|{"Name":"Ketki","Id":"0016F00002sP67wQAC"}|0x10245154
03:12:22.1 (13513336)|STATEMENT_EXECUTE|[6]
03:12:22.1 (13514763)|STATEMENT_EXECUTE|[7]
03:12:22.1 (13531842)|HEAP_ALLOCATE|[7]|Bytes:43
03:12:22.1 (13541436)|HEAP_ALLOCATE|[7]|Bytes:56
03:12:22.1 (13547201)|USER_DEBUG|[7]|DEBUG|Account Name Account:{Name=Ketki, Id=0016F00002sP67wQAC}
03:12:22.1 (13557525)|HEAP_ALLOCATE|[6]|Bytes:5
03:12:22.1 (13568375)|VARIABLE_ASSIGNMENT|[6]|acc|null|
03:12:22.1 (13578351)|METHOD_EXIT|[2]|01p6F00000MR33H|AccountProgram.queryOnAccount1()
03:12:22.1 (13584236)|SYSTEM_MODE_EXIT|false
03:12:22.1 (13590202)|STATEMENT_EXECUTE|[3]
03:12:22.1 (13613835)|SYSTEM_MODE_ENTER|false
03:12:22.1 (13625695)|HEAP_ALLOCATE|[3]|Bytes:5
03:12:22.1 (13636199)|METHOD_ENTRY|[3]|01p6F00000MR33H|AccountProgram.queryOnAccount2()
03:12:22.1 (13654263)|VARIABLE_SCOPE_BEGIN|[12]|this|AccountProgram|true|false
03:12:22.1 (13669551)|VARIABLE_ASSIGNMENT|[12]|this|{}|0x49e9fb10
03:12:22.1 (13679556)|HEAP_ALLOCATE|[14]|Bytes:5
03:12:22.1 (13683233)|STATEMENT_EXECUTE|[12]
03:12:22.1 (13685024)|STATEMENT_EXECUTE|[14]
03:12:22.1 (13696939)|HEAP_ALLOCATE|[14]|Bytes:4
03:12:22.1 (13782886)|SOQL_EXECUTE_BEGIN|[14]|Aggregations:0|SELECT Name FROM Account
03:12:22.1 (15837350)|SOQL_EXECUTE_END|[14]|Rows:14
03:12:22.1 (15858606)|HEAP_ALLOCATE|[14]|Bytes:60
03:12:22.1 (15881944)|HEAP_ALLOCATE|[14]|Bytes:782
03:12:22.1 (15906169)|HEAP_ALLOCATE|[14]|Bytes:60
03:12:22.1 (15916140)|VARIABLE_SCOPE_BEGIN|[14]|AccName2|List<Account>|true|false
03:12:22.1 (15932492)|VARIABLE_ASSIGNMENT|[14]|AccName2|"List of size 14 too large to display"|0x58fcdefc
03:12:22.1 (15938527)|STATEMENT_EXECUTE|[15]
03:12:22.1 (15942365)|HEAP_ALLOCATE|[15]|Bytes:20
03:12:22.1 (15965408)|USER_DEBUG|[15]|DEBUG|Traditional For Loop
03:12:22.1 (15974346)|STATEMENT_EXECUTE|[16]
03:12:22.1 (15977851)|VARIABLE_SCOPE_BEGIN|[16]|i|Integer|false|false
03:12:22.1 (15988219)|VARIABLE_ASSIGNMENT|[16]|i|null
03:12:22.1 (16011579)|STATEMENT_EXECUTE|[16]
03:12:22.1 (16019780)|METHOD_EXIT|[3]|01p6F00000MR33H|AccountProgram.queryOnAccount2()
03:12:22.1 (16026165)|SYSTEM_MODE_EXIT|false
03:12:22.1 (16031999)|STATEMENT_EXECUTE|[4]
03:12:22.1 (16053220)|SYSTEM_MODE_ENTER|false
03:12:22.1 (16069637)|HEAP_ALLOCATE|[4]|Bytes:5
03:12:22.1 (16080702)|METHOD_ENTRY|[4]|01p6F00000MR33H|AccountProgram.queryOnAccount3()
03:12:22.1 (16100863)|VARIABLE_SCOPE_BEGIN|[21]|this|AccountProgram|true|false
03:12:22.1 (16116657)|VARIABLE_ASSIGNMENT|[21]|this|{}|0x49e9fb10
03:12:22.1 (16127307)|HEAP_ALLOCATE|[23]|Bytes:5
03:12:22.1 (16131245)|STATEMENT_EXECUTE|[21]
03:12:22.1 (16132811)|STATEMENT_EXECUTE|[23]
03:12:22.1 (16145979)|HEAP_ALLOCATE|[23]|Bytes:4
03:12:22.1 (16230477)|SOQL_EXECUTE_BEGIN|[23]|Aggregations:0|SELECT Name FROM Account
03:12:22.1 (18251782)|SOQL_EXECUTE_END|[23]|Rows:14
03:12:22.1 (18273474)|HEAP_ALLOCATE|[23]|Bytes:60
03:12:22.1 (18296330)|HEAP_ALLOCATE|[23]|Bytes:782
03:12:22.1 (18320128)|HEAP_ALLOCATE|[23]|Bytes:60
03:12:22.1 (18330067)|VARIABLE_SCOPE_BEGIN|[23]|AccName3|List<Account>|true|false
03:12:22.1 (18345776)|VARIABLE_ASSIGNMENT|[23]|AccName3|"List of size 14 too large to display"|0x86baf28
03:12:22.1 (18351708)|STATEMENT_EXECUTE|[24]
03:12:22.1 (18355750)|VARIABLE_SCOPE_BEGIN|[24]|i|Integer|false|false
03:12:22.1 (18364309)|VARIABLE_ASSIGNMENT|[24]|i|null
03:12:22.1 (18367964)|STATEMENT_EXECUTE|[25]
03:12:22.1 (18371322)|HEAP_ALLOCATE|[25]|Bytes:10
03:12:22.1 (18394484)|USER_DEBUG|[25]|DEBUG|While Loop
03:12:22.1 (18421682)|STATEMENT_EXECUTE|[26]
03:12:22.1 (18429034)|METHOD_EXIT|[4]|01p6F00000MR33H|AccountProgram.queryOnAccount3()
03:12:22.1 (18435748)|SYSTEM_MODE_EXIT|false
03:12:22.18 (18464580)|CUMULATIVE_LIMIT_USAGE
03:12:22.18 (18464580)|LIMIT_USAGE_FOR_NS|(default)|
  Number of SOQL queries: 3 out of 100
  Number of query rows: 42 out of 50000
  Number of SOSL queries: 0 out of 20
  Number of DML statements: 0 out of 150
  Number of DML rows: 0 out of 10000
  Maximum CPU time: 0 out of 10000
  Maximum heap size: 0 out of 6000000
  Number of callouts: 0 out of 100
  Number of Email Invocations: 0 out of 10
  Number of future calls: 0 out of 50
  Number of queueable jobs added to the queue: 0 out of 50
  Number of Mobile Apex push calls: 0 out of 10

03:12:22.18 (18464580)|CUMULATIVE_LIMIT_USAGE_END

03:12:22.1 (18499608)|CODE_UNIT_FINISHED|execute_anonymous_apex
03:12:22.1 (20001074)|EXECUTION_FINISHED
