44.0 APEX_CODE,FINEST;APEX_PROFILING,INFO;CALLOUT,INFO;DB,INFO;NBA,INFO;SYSTEM,DEBUG;VALIDATION,INFO;VISUALFORCE,INFO;WAVE,INFO;WORKFLOW,INFO
Execute Anonymous: AccountCreatedDate objAccountCreatedDate = new AccountCreatedDate();
Execute Anonymous: objAccountCreatedDate.create();
04:48:02.1 (1162090)|USER_INFO|[EXTERNAL]|0056F00000ATCAZ|ayman.shaikh@gmail.com|Pacific Standard Time|GMT-07:00
04:48:02.1 (1184296)|EXECUTION_STARTED
04:48:02.1 (1188394)|CODE_UNIT_STARTED|[EXTERNAL]|execute_anonymous_apex
04:48:02.1 (7908208)|VARIABLE_SCOPE_BEGIN|[1]|objAccountCreatedDate|AccountCreatedDate|true|false
04:48:02.1 (8044625)|HEAP_ALLOCATE|[72]|Bytes:3
04:48:02.1 (8085353)|HEAP_ALLOCATE|[77]|Bytes:152
04:48:02.1 (8102712)|HEAP_ALLOCATE|[342]|Bytes:408
04:48:02.1 (8115767)|HEAP_ALLOCATE|[355]|Bytes:408
04:48:02.1 (8127018)|HEAP_ALLOCATE|[467]|Bytes:48
04:48:02.1 (8152613)|HEAP_ALLOCATE|[139]|Bytes:6
04:48:02.1 (8179003)|HEAP_ALLOCATE|[EXTERNAL]|Bytes:3
04:48:02.1 (8219168)|STATEMENT_EXECUTE|[1]
04:48:02.1 (8225037)|STATEMENT_EXECUTE|[1]
04:48:02.1 (8229224)|HEAP_ALLOCATE|[1]|Bytes:1
04:48:02.1 (8235149)|HEAP_ALLOCATE|[1]|Bytes:1
04:48:02.1 (8265602)|METHOD_ENTRY|[1]|01p6F00000MRIDS|AccountCreatedDate.AccountCreatedDate()
04:48:02.1 (8272575)|STATEMENT_EXECUTE|[1]
04:48:02.1 (8277235)|STATEMENT_EXECUTE|[1]
04:48:02.1 (8308890)|HEAP_ALLOCATE|[50]|Bytes:5
04:48:02.1 (8333988)|HEAP_ALLOCATE|[56]|Bytes:5
04:48:02.1 (8341736)|HEAP_ALLOCATE|[64]|Bytes:7
04:48:02.1 (8365499)|SYSTEM_MODE_ENTER|false
04:48:02.1 (8379553)|HEAP_ALLOCATE|[1]|Bytes:5
04:48:02.1 (8388334)|SYSTEM_MODE_EXIT|false
04:48:02.1 (8402379)|METHOD_EXIT|[1]|AccountCreatedDate
04:48:02.1 (8418416)|HEAP_ALLOCATE|[1]|Bytes:4
04:48:02.1 (8439273)|SYSTEM_MODE_ENTER|false
04:48:02.1 (8459491)|HEAP_ALLOCATE|[1]|Bytes:5
04:48:02.1 (8470196)|CONSTRUCTOR_ENTRY|[1]|01p6F00000MRIDS|<init>()|AccountCreatedDate
04:48:02.1 (8497371)|VARIABLE_SCOPE_BEGIN|[1]|this|AccountCreatedDate|true|false
04:48:02.1 (8538675)|VARIABLE_ASSIGNMENT|[1]|this|{}|0x99d6dc3
04:48:02.1 (8548901)|HEAP_ALLOCATE|[EXTERNAL]|Bytes:5
04:48:02.1 (8557977)|HEAP_ALLOCATE|[EXTERNAL]|Bytes:6
04:48:02.1 (8588521)|STATEMENT_EXECUTE|[1]
04:48:02.1 (8592906)|HEAP_ALLOCATE|[EXTERNAL]|Bytes:5
04:48:02.1 (8600747)|CONSTRUCTOR_EXIT|[1]|01p6F00000MRIDS|<init>()|AccountCreatedDate
04:48:02.1 (8609341)|SYSTEM_MODE_EXIT|false
04:48:02.1 (8626444)|VARIABLE_ASSIGNMENT|[1]|objAccountCreatedDate|{}|0x99d6dc3
04:48:02.1 (8633682)|STATEMENT_EXECUTE|[2]
04:48:02.1 (8653240)|SYSTEM_MODE_ENTER|false
04:48:02.1 (8668785)|HEAP_ALLOCATE|[2]|Bytes:5
04:48:02.1 (8690392)|METHOD_ENTRY|[2]|01p6F00000MRIDS|AccountCreatedDate.create()
04:48:02.1 (8717096)|VARIABLE_SCOPE_BEGIN|[2]|this|AccountCreatedDate|true|false
04:48:02.1 (8733044)|VARIABLE_ASSIGNMENT|[2]|this|{}|0x99d6dc3
04:48:02.1 (8745482)|HEAP_ALLOCATE|[4]|Bytes:5
04:48:02.1 (8750947)|STATEMENT_EXECUTE|[2]
04:48:02.1 (8752644)|STATEMENT_EXECUTE|[4]
04:48:02.1 (8755280)|HEAP_ALLOCATE|[4]|Bytes:50
04:48:02.1 (8777037)|HEAP_ALLOCATE|[4]|Bytes:4
04:48:02.1 (9206846)|SOQL_EXECUTE_BEGIN|[4]|Aggregations:0|SELECT Name FROM Account WHERE CreatedDate = Today
04:48:02.1 (22009592)|SOQL_EXECUTE_END|[4]|Rows:0
04:48:02.1 (22039619)|HEAP_ALLOCATE|[4]|Bytes:4
04:48:02.1 (22052608)|HEAP_ALLOCATE|[4]|Bytes:0
04:48:02.1 (22164168)|HEAP_ALLOCATE|[4]|Bytes:4
04:48:02.1 (22181931)|VARIABLE_SCOPE_BEGIN|[4]|acc|List<Account>|true|false
04:48:02.1 (22202422)|VARIABLE_ASSIGNMENT|[4]|acc|[]|0x35951b1c
04:48:02.1 (22210873)|STATEMENT_EXECUTE|[7]
04:48:02.1 (22260797)|USER_DEBUG|[7]|DEBUG|()
04:48:02.1 (22281214)|METHOD_EXIT|[2]|01p6F00000MRIDS|AccountCreatedDate.create()
04:48:02.1 (22287087)|SYSTEM_MODE_EXIT|false
04:48:02.22 (22314813)|CUMULATIVE_LIMIT_USAGE
04:48:02.22 (22314813)|LIMIT_USAGE_FOR_NS|(default)|
  Number of SOQL queries: 1 out of 100
  Number of query rows: 0 out of 50000
  Number of SOSL queries: 0 out of 20
  Number of DML statements: 0 out of 150
  Number of DML rows: 0 out of 10000
  Maximum CPU time: 0 out of 10000
  Maximum heap size: 0 out of 6000000
  Number of callouts: 0 out of 100
  Number of Email Invocations: 0 out of 10
  Number of future calls: 0 out of 50
  Number of queueable jobs added to the queue: 0 out of 50
  Number of Mobile Apex push calls: 0 out of 10

04:48:02.22 (22314813)|CUMULATIVE_LIMIT_USAGE_END

04:48:02.1 (22346253)|CODE_UNIT_FINISHED|execute_anonymous_apex
04:48:02.1 (23929693)|EXECUTION_FINISHED
