44.0 APEX_CODE,FINEST;APEX_PROFILING,INFO;CALLOUT,INFO;DB,INFO;NBA,INFO;SYSTEM,DEBUG;VALIDATION,INFO;VISUALFORCE,INFO;WAVE,INFO;WORKFLOW,INFO
Execute Anonymous: Even_Odd eo = new Even_Odd();
Execute Anonymous: eo.checking(21);
05:04:24.1 (1242682)|USER_INFO|[EXTERNAL]|0056F00000ATCAZ|ayman.shaikh@gmail.com|Pacific Standard Time|GMT-07:00
05:04:24.1 (1264877)|EXECUTION_STARTED
05:04:24.1 (1269950)|CODE_UNIT_STARTED|[EXTERNAL]|execute_anonymous_apex
05:04:24.1 (12252808)|VARIABLE_SCOPE_BEGIN|[1]|eo|Even_Odd|true|false
05:04:24.1 (12422936)|HEAP_ALLOCATE|[72]|Bytes:3
05:04:24.1 (12474778)|HEAP_ALLOCATE|[77]|Bytes:152
05:04:24.1 (12498580)|HEAP_ALLOCATE|[342]|Bytes:408
05:04:24.1 (12522555)|HEAP_ALLOCATE|[355]|Bytes:408
05:04:24.1 (12544601)|HEAP_ALLOCATE|[467]|Bytes:48
05:04:24.1 (12587803)|HEAP_ALLOCATE|[139]|Bytes:6
05:04:24.1 (12621090)|HEAP_ALLOCATE|[EXTERNAL]|Bytes:3
05:04:24.1 (12669205)|STATEMENT_EXECUTE|[1]
05:04:24.1 (12674018)|STATEMENT_EXECUTE|[1]
05:04:24.1 (12681140)|HEAP_ALLOCATE|[1]|Bytes:1
05:04:24.1 (12692850)|HEAP_ALLOCATE|[1]|Bytes:3
05:04:24.1 (12735857)|METHOD_ENTRY|[1]|01p6F00000MPY1Z|Even_Odd.Even_Odd()
05:04:24.1 (12748652)|STATEMENT_EXECUTE|[1]
05:04:24.1 (12756031)|STATEMENT_EXECUTE|[1]
05:04:24.1 (12795589)|HEAP_ALLOCATE|[50]|Bytes:5
05:04:24.1 (12831114)|HEAP_ALLOCATE|[56]|Bytes:5
05:04:24.1 (12856275)|HEAP_ALLOCATE|[64]|Bytes:7
05:04:24.1 (12886251)|SYSTEM_MODE_ENTER|false
05:04:24.1 (12903907)|HEAP_ALLOCATE|[1]|Bytes:5
05:04:24.1 (12915628)|SYSTEM_MODE_EXIT|false
05:04:24.1 (12931030)|METHOD_EXIT|[1]|Even_Odd
05:04:24.1 (12951083)|HEAP_ALLOCATE|[1]|Bytes:4
05:04:24.1 (12993854)|SYSTEM_MODE_ENTER|false
05:04:24.1 (13027739)|HEAP_ALLOCATE|[1]|Bytes:5
05:04:24.1 (13051668)|CONSTRUCTOR_ENTRY|[1]|01p6F00000MPY1Z|<init>()|Even_Odd
05:04:24.1 (13097132)|VARIABLE_SCOPE_BEGIN|[1]|this|Even_Odd|true|false
05:04:24.1 (13155389)|VARIABLE_ASSIGNMENT|[1]|this|{}|0x5f243a37
05:04:24.1 (13176070)|HEAP_ALLOCATE|[EXTERNAL]|Bytes:5
05:04:24.1 (13191925)|HEAP_ALLOCATE|[EXTERNAL]|Bytes:6
05:04:24.1 (13252004)|STATEMENT_EXECUTE|[1]
05:04:24.1 (13261710)|HEAP_ALLOCATE|[EXTERNAL]|Bytes:5
05:04:24.1 (13277084)|CONSTRUCTOR_EXIT|[1]|01p6F00000MPY1Z|<init>()|Even_Odd
05:04:24.1 (13290267)|SYSTEM_MODE_EXIT|false
05:04:24.1 (13321996)|VARIABLE_ASSIGNMENT|[1]|eo|{}|0x5f243a37
05:04:24.1 (13333872)|STATEMENT_EXECUTE|[2]
05:04:24.1 (13371858)|SYSTEM_MODE_ENTER|false
05:04:24.1 (13398050)|HEAP_ALLOCATE|[2]|Bytes:5
05:04:24.1 (13442063)|METHOD_ENTRY|[2]|01p6F00000MPY1Z|Even_Odd.checking(Integer)
05:04:24.1 (13482264)|VARIABLE_SCOPE_BEGIN|[3]|this|Even_Odd|true|false
05:04:24.1 (13508027)|VARIABLE_ASSIGNMENT|[3]|this|{}|0x5f243a37
05:04:24.1 (13520544)|VARIABLE_SCOPE_BEGIN|[3]|num|Integer|false|false
05:04:24.1 (13536316)|VARIABLE_ASSIGNMENT|[3]|num|21
05:04:24.1 (13555131)|HEAP_ALLOCATE|[4]|Bytes:5
05:04:24.1 (13564393)|STATEMENT_EXECUTE|[3]
05:04:24.1 (13571329)|STATEMENT_EXECUTE|[8]
05:04:24.1 (13574098)|STATEMENT_EXECUTE|[9]
05:04:24.1 (13579293)|HEAP_ALLOCATE|[9]|Bytes:21
05:04:24.1 (13651822)|USER_DEBUG|[9]|DEBUG|Number Entered is odd
05:04:24.1 (13681642)|METHOD_EXIT|[2]|01p6F00000MPY1Z|Even_Odd.checking(Integer)
05:04:24.1 (13692331)|SYSTEM_MODE_EXIT|false
05:04:24.13 (13734971)|CUMULATIVE_LIMIT_USAGE
05:04:24.13 (13734971)|LIMIT_USAGE_FOR_NS|(default)|
  Number of SOQL queries: 0 out of 100
  Number of query rows: 0 out of 50000
  Number of SOSL queries: 0 out of 20
  Number of DML statements: 0 out of 150
  Number of DML rows: 0 out of 10000
  Maximum CPU time: 0 out of 10000
  Maximum heap size: 0 out of 6000000
  Number of callouts: 0 out of 100
  Number of Email Invocations: 0 out of 10
  Number of future calls: 0 out of 50
  Number of queueable jobs added to the queue: 0 out of 50
  Number of Mobile Apex push calls: 0 out of 10

05:04:24.13 (13734971)|CUMULATIVE_LIMIT_USAGE_END

05:04:24.1 (13782202)|CODE_UNIT_FINISHED|execute_anonymous_apex
05:04:24.1 (15005283)|EXECUTION_FINISHED
