44.0 APEX_CODE,FINEST;APEX_PROFILING,INFO;CALLOUT,INFO;DB,INFO;NBA,INFO;SYSTEM,DEBUG;VALIDATION,INFO;VISUALFORCE,INFO;WAVE,INFO;WORKFLOW,INFO
Execute Anonymous: Array_Operations obj_Arr_opp = new Array_Operations();
Execute Anonymous: obj_Arr_opp.Perform_Operation(); 
07:34:30.1 (1591962)|USER_INFO|[EXTERNAL]|0056F00000ATCAZ|ayman.shaikh@gmail.com|Pacific Standard Time|GMT-07:00
07:34:30.1 (1612079)|EXECUTION_STARTED
07:34:30.1 (1616509)|CODE_UNIT_STARTED|[EXTERNAL]|execute_anonymous_apex
07:34:30.1 (2637639)|VARIABLE_SCOPE_BEGIN|[1]|obj_Arr_opp|Array_Operations|true|false
07:34:30.1 (2768051)|HEAP_ALLOCATE|[72]|Bytes:3
07:34:30.1 (2807918)|HEAP_ALLOCATE|[77]|Bytes:152
07:34:30.1 (2827627)|HEAP_ALLOCATE|[342]|Bytes:408
07:34:30.1 (2848246)|HEAP_ALLOCATE|[355]|Bytes:408
07:34:30.1 (2866642)|HEAP_ALLOCATE|[467]|Bytes:48
07:34:30.1 (2918663)|HEAP_ALLOCATE|[139]|Bytes:6
07:34:30.1 (2949927)|HEAP_ALLOCATE|[EXTERNAL]|Bytes:3
07:34:30.1 (2988702)|STATEMENT_EXECUTE|[1]
07:34:30.1 (2991380)|STATEMENT_EXECUTE|[1]
07:34:30.1 (2995317)|HEAP_ALLOCATE|[1]|Bytes:1
07:34:30.1 (3023500)|METHOD_ENTRY|[1]|01p6F00000MPtB2|Array_Operations.Array_Operations()
07:34:30.1 (3030306)|STATEMENT_EXECUTE|[1]
07:34:30.1 (3033663)|STATEMENT_EXECUTE|[1]
07:34:30.1 (3062900)|HEAP_ALLOCATE|[50]|Bytes:5
07:34:30.1 (3084912)|HEAP_ALLOCATE|[56]|Bytes:5
07:34:30.1 (3091894)|HEAP_ALLOCATE|[64]|Bytes:7
07:34:30.1 (3108743)|SYSTEM_MODE_ENTER|false
07:34:30.1 (3124131)|HEAP_ALLOCATE|[1]|Bytes:5
07:34:30.1 (3131077)|SYSTEM_MODE_EXIT|false
07:34:30.1 (3139282)|METHOD_EXIT|[1]|Array_Operations
07:34:30.1 (3152216)|HEAP_ALLOCATE|[1]|Bytes:4
07:34:30.1 (3171164)|SYSTEM_MODE_ENTER|false
07:34:30.1 (3195109)|HEAP_ALLOCATE|[1]|Bytes:5
07:34:30.1 (3205638)|CONSTRUCTOR_ENTRY|[1]|01p6F00000MPtB2|<init>()|Array_Operations
07:34:30.1 (3232176)|VARIABLE_SCOPE_BEGIN|[1]|this|Array_Operations|true|false
07:34:30.1 (3272104)|VARIABLE_ASSIGNMENT|[1]|this|{}|0x288aa4e6
07:34:30.1 (3282393)|HEAP_ALLOCATE|[EXTERNAL]|Bytes:5
07:34:30.1 (3290482)|HEAP_ALLOCATE|[EXTERNAL]|Bytes:6
07:34:30.1 (3321416)|STATEMENT_EXECUTE|[1]
07:34:30.1 (3325796)|HEAP_ALLOCATE|[EXTERNAL]|Bytes:5
07:34:30.1 (3334453)|CONSTRUCTOR_EXIT|[1]|01p6F00000MPtB2|<init>()|Array_Operations
07:34:30.1 (3341705)|SYSTEM_MODE_EXIT|false
07:34:30.1 (3358286)|VARIABLE_ASSIGNMENT|[1]|obj_Arr_opp|{}|0x288aa4e6
07:34:30.1 (3365146)|STATEMENT_EXECUTE|[2]
07:34:30.1 (3383962)|SYSTEM_MODE_ENTER|false
07:34:30.1 (3399901)|HEAP_ALLOCATE|[2]|Bytes:5
07:34:30.1 (3421411)|METHOD_ENTRY|[2]|01p6F00000MPtB2|Array_Operations.Perform_Operation()
07:34:30.1 (3443816)|VARIABLE_SCOPE_BEGIN|[2]|this|Array_Operations|true|false
07:34:30.1 (3457733)|VARIABLE_ASSIGNMENT|[2]|this|{}|0x288aa4e6
07:34:30.1 (3469906)|HEAP_ALLOCATE|[3]|Bytes:5
07:34:30.1 (3474221)|STATEMENT_EXECUTE|[2]
07:34:30.1 (3475795)|STATEMENT_EXECUTE|[3]
07:34:30.1 (3518585)|HEAP_ALLOCATE|[3]|Bytes:4
07:34:30.1 (3565330)|VARIABLE_SCOPE_BEGIN|[3]|myList|List<Integer>|true|false
07:34:30.1 (3608625)|HEAP_ALLOCATE|[EXTERNAL]|Bytes:4
07:34:30.1 (3628438)|VARIABLE_ASSIGNMENT|[3]|myList|[]|0x16f7e3b8
07:34:30.1 (3638298)|STATEMENT_EXECUTE|[6]
07:34:30.1 (3685558)|HEAP_ALLOCATE|[6]|Bytes:4
07:34:30.1 (3697548)|HEAP_ALLOCATE|[EXTERNAL]|Bytes:4
07:34:30.1 (3712410)|STATEMENT_EXECUTE|[7]
07:34:30.1 (3738188)|HEAP_ALLOCATE|[7]|Bytes:4
07:34:30.1 (3745893)|HEAP_ALLOCATE|[EXTERNAL]|Bytes:4
07:34:30.1 (3756252)|STATEMENT_EXECUTE|[8]
07:34:30.1 (3778686)|HEAP_ALLOCATE|[8]|Bytes:4
07:34:30.1 (3783439)|HEAP_ALLOCATE|[EXTERNAL]|Bytes:4
07:34:30.1 (3789457)|STATEMENT_EXECUTE|[9]
07:34:30.1 (3800715)|HEAP_ALLOCATE|[9]|Bytes:4
07:34:30.1 (3805015)|HEAP_ALLOCATE|[EXTERNAL]|Bytes:4
07:34:30.1 (3810305)|STATEMENT_EXECUTE|[10]
07:34:30.1 (3820993)|HEAP_ALLOCATE|[10]|Bytes:4
07:34:30.1 (3824876)|HEAP_ALLOCATE|[EXTERNAL]|Bytes:4
07:34:30.1 (3829951)|STATEMENT_EXECUTE|[11]
07:34:30.1 (3840656)|HEAP_ALLOCATE|[11]|Bytes:4
07:34:30.1 (3844643)|HEAP_ALLOCATE|[EXTERNAL]|Bytes:4
07:34:30.1 (3849878)|STATEMENT_EXECUTE|[12]
07:34:30.1 (3859876)|HEAP_ALLOCATE|[12]|Bytes:4
07:34:30.1 (3863807)|HEAP_ALLOCATE|[EXTERNAL]|Bytes:4
07:34:30.1 (3868476)|STATEMENT_EXECUTE|[13]
07:34:30.1 (3878320)|HEAP_ALLOCATE|[13]|Bytes:4
07:34:30.1 (3882780)|HEAP_ALLOCATE|[EXTERNAL]|Bytes:4
07:34:30.1 (3887765)|STATEMENT_EXECUTE|[14]
07:34:30.1 (3897467)|HEAP_ALLOCATE|[14]|Bytes:4
07:34:30.1 (3905928)|HEAP_ALLOCATE|[EXTERNAL]|Bytes:4
07:34:30.1 (3911355)|STATEMENT_EXECUTE|[16]
07:34:30.1 (3936543)|METHOD_EXIT|[2]|01p6F00000MPtB2|Array_Operations.Perform_Operation()
07:34:30.1 (3943520)|SYSTEM_MODE_EXIT|false
07:34:30.3 (3973024)|CUMULATIVE_LIMIT_USAGE
07:34:30.3 (3973024)|LIMIT_USAGE_FOR_NS|(default)|
  Number of SOQL queries: 0 out of 100
  Number of query rows: 0 out of 50000
  Number of SOSL queries: 0 out of 20
  Number of DML statements: 0 out of 150
  Number of DML rows: 0 out of 10000
  Maximum CPU time: 0 out of 10000
  Maximum heap size: 0 out of 6000000
  Number of callouts: 0 out of 100
  Number of Email Invocations: 0 out of 10
  Number of future calls: 0 out of 50
  Number of queueable jobs added to the queue: 0 out of 50
  Number of Mobile Apex push calls: 0 out of 10

07:34:30.3 (3973024)|CUMULATIVE_LIMIT_USAGE_END

07:34:30.1 (4010828)|CODE_UNIT_FINISHED|execute_anonymous_apex
07:34:30.1 (4922042)|EXECUTION_FINISHED
