43.0 APEX_CODE,FINEST;APEX_PROFILING,INFO;CALLOUT,INFO;DB,INFO;NBA,INFO;SYSTEM,DEBUG;VALIDATION,INFO;VISUALFORCE,INFO;WAVE,INFO;WORKFLOW,INFO
Execute Anonymous: Even_Odd objEvenOdd = new Even_Odd();
Execute Anonymous: Integer num;
Execute Anonymous: objEvenOdd.checking(num);
07:38:49.52 (52502306)|USER_INFO|[EXTERNAL]|0056F00000ATCAZ|ayman.shaikh@gmail.com|Pacific Standard Time|GMT-07:00
07:38:49.52 (52530267)|EXECUTION_STARTED
07:38:49.52 (52536638)|CODE_UNIT_STARTED|[EXTERNAL]|execute_anonymous_apex
07:38:49.52 (52638627)|VARIABLE_SCOPE_BEGIN|[2]|num|Integer|false|false
07:38:49.52 (77440073)|VARIABLE_SCOPE_BEGIN|[1]|objEvenOdd|Even_Odd|true|false
07:38:49.52 (77614621)|HEAP_ALLOCATE|[72]|Bytes:3
07:38:49.52 (77667155)|HEAP_ALLOCATE|[77]|Bytes:152
07:38:49.52 (77688807)|HEAP_ALLOCATE|[342]|Bytes:408
07:38:49.52 (78082502)|HEAP_ALLOCATE|[355]|Bytes:408
07:38:49.52 (78110256)|HEAP_ALLOCATE|[467]|Bytes:48
07:38:49.52 (78150107)|HEAP_ALLOCATE|[139]|Bytes:6
07:38:49.52 (78185836)|HEAP_ALLOCATE|[EXTERNAL]|Bytes:5
07:38:49.52 (78233642)|STATEMENT_EXECUTE|[1]
07:38:49.52 (78239439)|STATEMENT_EXECUTE|[1]
07:38:49.52 (78244752)|HEAP_ALLOCATE|[1]|Bytes:1
07:38:49.52 (78253310)|HEAP_ALLOCATE|[1]|Bytes:4
07:38:49.52 (78303930)|METHOD_ENTRY|[5]|01p6F00000MPY1Z|Even_Odd.Even_Odd()
07:38:49.52 (78323096)|STATEMENT_EXECUTE|[5]
07:38:49.52 (78328558)|STATEMENT_EXECUTE|[5]
07:38:49.52 (78364947)|HEAP_ALLOCATE|[50]|Bytes:5
07:38:49.52 (78398191)|HEAP_ALLOCATE|[56]|Bytes:5
07:38:49.52 (78410849)|HEAP_ALLOCATE|[64]|Bytes:7
07:38:49.52 (78438278)|SYSTEM_MODE_ENTER|false
07:38:49.52 (78461714)|HEAP_ALLOCATE|[1]|Bytes:5
07:38:49.52 (78475622)|SYSTEM_MODE_EXIT|false
07:38:49.52 (78492842)|METHOD_EXIT|[5]|Even_Odd
07:38:49.52 (78512026)|HEAP_ALLOCATE|[1]|Bytes:4
07:38:49.52 (78566534)|SYSTEM_MODE_ENTER|false
07:38:49.52 (78601807)|HEAP_ALLOCATE|[1]|Bytes:5
07:38:49.52 (78632260)|CONSTRUCTOR_ENTRY|[1]|01p6F00000MPY1Z|<init>()|Even_Odd
07:38:49.52 (78684125)|VARIABLE_SCOPE_BEGIN|[5]|this|Even_Odd|true|false
07:38:49.52 (78767180)|VARIABLE_ASSIGNMENT|[5]|this|{}|0x6ec48774
07:38:49.52 (78783951)|HEAP_ALLOCATE|[EXTERNAL]|Bytes:5
07:38:49.52 (78796337)|HEAP_ALLOCATE|[EXTERNAL]|Bytes:6
07:38:49.52 (78853118)|STATEMENT_EXECUTE|[5]
07:38:49.52 (78860556)|HEAP_ALLOCATE|[EXTERNAL]|Bytes:5
07:38:49.52 (78880033)|CONSTRUCTOR_EXIT|[1]|01p6F00000MPY1Z|<init>()|Even_Odd
07:38:49.52 (78893669)|SYSTEM_MODE_EXIT|false
07:38:49.52 (78933961)|VARIABLE_ASSIGNMENT|[1]|objEvenOdd|{}|0x6ec48774
07:38:49.52 (78944138)|STATEMENT_EXECUTE|[2]
07:38:49.52 (78964914)|VARIABLE_ASSIGNMENT|[2]|num|null
07:38:49.52 (78972961)|STATEMENT_EXECUTE|[3]
07:38:49.52 (79004670)|SYSTEM_MODE_ENTER|false
07:38:49.52 (79031967)|HEAP_ALLOCATE|[3]|Bytes:5
07:38:49.52 (79075817)|METHOD_ENTRY|[3]|01p6F00000MPY1Z|Even_Odd.checking(Integer)
07:38:49.52 (79110160)|VARIABLE_SCOPE_BEGIN|[7]|this|Even_Odd|true|false
07:38:49.52 (79173802)|VARIABLE_ASSIGNMENT|[7]|this|{}|0x6ec48774
07:38:49.52 (79187339)|VARIABLE_SCOPE_BEGIN|[7]|num|Integer|false|false
07:38:49.52 (79203044)|VARIABLE_ASSIGNMENT|[7]|num|null
07:38:49.52 (79219982)|HEAP_ALLOCATE|[8]|Bytes:5
07:38:49.52 (79227976)|STATEMENT_EXECUTE|[7]
07:38:49.52 (79427202)|HEAP_ALLOCATE|[8]|Bytes:41
07:38:49.52 (79535376)|METHOD_EXIT|[3]|01p6F00000MPY1Z|Even_Odd.checking(Integer)
07:38:49.52 (79551650)|SYSTEM_MODE_EXIT|false
07:38:49.52 (79891742)|FATAL_ERROR|System.NullPointerException: Attempt to de-reference a null object

Class.Even_Odd.checking: line 8, column 1
AnonymousBlock: line 3, column 1
AnonymousBlock: line 3, column 1
07:38:49.80 (80120664)|CUMULATIVE_LIMIT_USAGE
07:38:49.80 (80120664)|LIMIT_USAGE_FOR_NS|(default)|
  Number of SOQL queries: 0 out of 100
  Number of query rows: 0 out of 50000
  Number of SOSL queries: 0 out of 20
  Number of DML statements: 0 out of 150
  Number of DML rows: 0 out of 10000
  Maximum CPU time: 0 out of 10000
  Maximum heap size: 0 out of 6000000
  Number of callouts: 0 out of 100
  Number of Email Invocations: 0 out of 10
  Number of future calls: 0 out of 50
  Number of queueable jobs added to the queue: 0 out of 50
  Number of Mobile Apex push calls: 0 out of 10

07:38:49.80 (80120664)|CUMULATIVE_LIMIT_USAGE_END

07:38:49.52 (80189161)|CODE_UNIT_FINISHED|execute_anonymous_apex
07:38:49.52 (81068600)|EXECUTION_FINISHED
