44.0 APEX_CODE,FINEST;APEX_PROFILING,INFO;CALLOUT,INFO;DB,INFO;NBA,INFO;SYSTEM,DEBUG;VALIDATION,INFO;VISUALFORCE,INFO;WAVE,INFO;WORKFLOW,INFO
Execute Anonymous: Even_Odd objEven_Odd= new Even_Odd();
Execute Anonymous: objEven_Odd.checking(NULL);
07:21:24.1 (1310849)|USER_INFO|[EXTERNAL]|0056F00000ATCAZ|ayman.shaikh@gmail.com|Pacific Standard Time|GMT-07:00
07:21:24.1 (1336362)|EXECUTION_STARTED
07:21:24.1 (1342076)|CODE_UNIT_STARTED|[EXTERNAL]|execute_anonymous_apex
07:21:24.1 (2532109)|VARIABLE_SCOPE_BEGIN|[1]|objEven_Odd|Even_Odd|true|false
07:21:24.1 (2668905)|HEAP_ALLOCATE|[72]|Bytes:3
07:21:24.1 (2708434)|HEAP_ALLOCATE|[77]|Bytes:152
07:21:24.1 (2728253)|HEAP_ALLOCATE|[342]|Bytes:408
07:21:24.1 (2750152)|HEAP_ALLOCATE|[355]|Bytes:408
07:21:24.1 (2769797)|HEAP_ALLOCATE|[467]|Bytes:48
07:21:24.1 (2800614)|HEAP_ALLOCATE|[139]|Bytes:6
07:21:24.1 (2827755)|HEAP_ALLOCATE|[EXTERNAL]|Bytes:3
07:21:24.1 (2864771)|STATEMENT_EXECUTE|[1]
07:21:24.1 (2868483)|STATEMENT_EXECUTE|[1]
07:21:24.1 (2872630)|HEAP_ALLOCATE|[1]|Bytes:1
07:21:24.1 (2880311)|HEAP_ALLOCATE|[1]|Bytes:4
07:21:24.1 (2912563)|METHOD_ENTRY|[5]|01p6F00000MPY1Z|Even_Odd.Even_Odd()
07:21:24.1 (2921019)|STATEMENT_EXECUTE|[5]
07:21:24.1 (2926413)|STATEMENT_EXECUTE|[5]
07:21:24.1 (2954837)|HEAP_ALLOCATE|[50]|Bytes:5
07:21:24.1 (2977871)|HEAP_ALLOCATE|[56]|Bytes:5
07:21:24.1 (2988917)|HEAP_ALLOCATE|[64]|Bytes:7
07:21:24.1 (3008518)|SYSTEM_MODE_ENTER|false
07:21:24.1 (3023111)|HEAP_ALLOCATE|[1]|Bytes:5
07:21:24.1 (3031806)|SYSTEM_MODE_EXIT|false
07:21:24.1 (3042411)|METHOD_EXIT|[5]|Even_Odd
07:21:24.1 (3057836)|HEAP_ALLOCATE|[1]|Bytes:4
07:21:24.1 (3085547)|SYSTEM_MODE_ENTER|false
07:21:24.1 (3116972)|HEAP_ALLOCATE|[1]|Bytes:5
07:21:24.1 (3132306)|CONSTRUCTOR_ENTRY|[1]|01p6F00000MPY1Z|<init>()|Even_Odd
07:21:24.1 (3169358)|VARIABLE_SCOPE_BEGIN|[5]|this|Even_Odd|true|false
07:21:24.1 (3215765)|VARIABLE_ASSIGNMENT|[5]|this|{}|0x7b2211fe
07:21:24.1 (3230774)|HEAP_ALLOCATE|[EXTERNAL]|Bytes:5
07:21:24.1 (3241068)|HEAP_ALLOCATE|[EXTERNAL]|Bytes:6
07:21:24.1 (3277724)|STATEMENT_EXECUTE|[5]
07:21:24.1 (3283158)|HEAP_ALLOCATE|[EXTERNAL]|Bytes:5
07:21:24.1 (3293536)|CONSTRUCTOR_EXIT|[1]|01p6F00000MPY1Z|<init>()|Even_Odd
07:21:24.1 (3303788)|SYSTEM_MODE_EXIT|false
07:21:24.1 (3325536)|VARIABLE_ASSIGNMENT|[1]|objEven_Odd|{}|0x7b2211fe
07:21:24.1 (3334736)|STATEMENT_EXECUTE|[2]
07:21:24.1 (3358529)|SYSTEM_MODE_ENTER|false
07:21:24.1 (3379827)|HEAP_ALLOCATE|[2]|Bytes:5
07:21:24.1 (3411778)|METHOD_ENTRY|[2]|01p6F00000MPY1Z|Even_Odd.checking(Integer)
07:21:24.1 (3439661)|VARIABLE_SCOPE_BEGIN|[7]|this|Even_Odd|true|false
07:21:24.1 (3459535)|VARIABLE_ASSIGNMENT|[7]|this|{}|0x7b2211fe
07:21:24.1 (3470063)|VARIABLE_SCOPE_BEGIN|[7]|num|Integer|false|false
07:21:24.1 (3482631)|VARIABLE_ASSIGNMENT|[7]|num|null
07:21:24.1 (3496205)|HEAP_ALLOCATE|[8]|Bytes:5
07:21:24.1 (3502476)|STATEMENT_EXECUTE|[7]
07:21:24.1 (3549636)|HEAP_ALLOCATE|[8]|Bytes:41
07:21:24.1 (3571778)|METHOD_EXIT|[2]|01p6F00000MPY1Z|Even_Odd.checking(Integer)
07:21:24.1 (3581279)|SYSTEM_MODE_EXIT|false
07:21:24.1 (3743650)|FATAL_ERROR|System.NullPointerException: Attempt to de-reference a null object

Class.Even_Odd.checking: line 8, column 1
AnonymousBlock: line 2, column 1
AnonymousBlock: line 2, column 1
07:21:24.3 (3807793)|CUMULATIVE_LIMIT_USAGE
07:21:24.3 (3807793)|LIMIT_USAGE_FOR_NS|(default)|
  Number of SOQL queries: 0 out of 100
  Number of query rows: 0 out of 50000
  Number of SOSL queries: 0 out of 20
  Number of DML statements: 0 out of 150
  Number of DML rows: 0 out of 10000
  Maximum CPU time: 0 out of 10000
  Maximum heap size: 0 out of 6000000
  Number of callouts: 0 out of 100
  Number of Email Invocations: 0 out of 10
  Number of future calls: 0 out of 50
  Number of queueable jobs added to the queue: 0 out of 50
  Number of Mobile Apex push calls: 0 out of 10

07:21:24.3 (3807793)|CUMULATIVE_LIMIT_USAGE_END

07:21:24.1 (3845297)|CODE_UNIT_FINISHED|execute_anonymous_apex
07:21:24.1 (4733962)|EXECUTION_FINISHED
