44.0 APEX_CODE,FINEST;APEX_PROFILING,INFO;CALLOUT,INFO;DB,INFO;NBA,INFO;SYSTEM,DEBUG;VALIDATION,INFO;VISUALFORCE,INFO;WAVE,INFO;WORKFLOW,INFO
Execute Anonymous: Array_Operations obj = new Array_Operations();
Execute Anonymous: obj.Duplicate();
04:57:32.1 (1197200)|USER_INFO|[EXTERNAL]|0056F00000ATCAZ|ayman.shaikh@gmail.com|Pacific Standard Time|GMT-07:00
04:57:32.1 (1216640)|EXECUTION_STARTED
04:57:32.1 (1220775)|CODE_UNIT_STARTED|[EXTERNAL]|execute_anonymous_apex
04:57:32.1 (8455229)|VARIABLE_SCOPE_BEGIN|[1]|obj|Array_Operations|true|false
04:57:32.1 (8567971)|HEAP_ALLOCATE|[72]|Bytes:3
04:57:32.1 (8596311)|HEAP_ALLOCATE|[77]|Bytes:152
04:57:32.1 (8607162)|HEAP_ALLOCATE|[342]|Bytes:408
04:57:32.1 (8618264)|HEAP_ALLOCATE|[355]|Bytes:408
04:57:32.1 (8628185)|HEAP_ALLOCATE|[467]|Bytes:48
04:57:32.1 (8651057)|HEAP_ALLOCATE|[139]|Bytes:6
04:57:32.1 (8673440)|HEAP_ALLOCATE|[EXTERNAL]|Bytes:3
04:57:32.1 (8700635)|STATEMENT_EXECUTE|[1]
04:57:32.1 (8703522)|STATEMENT_EXECUTE|[1]
04:57:32.1 (8707014)|HEAP_ALLOCATE|[1]|Bytes:13
04:57:32.1 (8711850)|HEAP_ALLOCATE|[1]|Bytes:37
04:57:32.1 (8736611)|METHOD_ENTRY|[1]|01p6F00000MPtB2|Array_Operations.Array_Operations()
04:57:32.1 (8742743)|STATEMENT_EXECUTE|[1]
04:57:32.1 (8747182)|STATEMENT_EXECUTE|[1]
04:57:32.1 (8770694)|HEAP_ALLOCATE|[50]|Bytes:5
04:57:32.1 (8788751)|HEAP_ALLOCATE|[56]|Bytes:5
04:57:32.1 (8796115)|HEAP_ALLOCATE|[64]|Bytes:7
04:57:32.1 (8811164)|SYSTEM_MODE_ENTER|false
04:57:32.1 (8822888)|HEAP_ALLOCATE|[1]|Bytes:5
04:57:32.1 (8829219)|SYSTEM_MODE_EXIT|false
04:57:32.1 (8837065)|METHOD_EXIT|[1]|Array_Operations
04:57:32.1 (8873268)|HEAP_ALLOCATE|[1]|Bytes:8
04:57:32.1 (8901498)|SYSTEM_MODE_ENTER|false
04:57:32.1 (8923687)|HEAP_ALLOCATE|[1]|Bytes:5
04:57:32.1 (8936628)|CONSTRUCTOR_ENTRY|[1]|01p6F00000MPtB2|<init>()|Array_Operations
04:57:32.1 (8964861)|VARIABLE_SCOPE_BEGIN|[1]|this|Array_Operations|true|false
04:57:32.1 (9008921)|VARIABLE_ASSIGNMENT|[1]|this|{}|0x1adca3b2
04:57:32.1 (9020849)|HEAP_ALLOCATE|[3]|Bytes:5
04:57:32.1 (9029468)|HEAP_ALLOCATE|[3]|Bytes:6
04:57:32.1 (9064139)|STATEMENT_EXECUTE|[1]
04:57:32.1 (9068543)|HEAP_ALLOCATE|[3]|Bytes:5
04:57:32.1 (9072145)|STATEMENT_EXECUTE|[3]
04:57:32.1 (9082524)|HEAP_ALLOCATE|[3]|Bytes:4
04:57:32.1 (9136117)|HEAP_ALLOCATE|[3]|Bytes:4
04:57:32.1 (9142124)|HEAP_ALLOCATE|[3]|Bytes:4
04:57:32.1 (9146067)|HEAP_ALLOCATE|[3]|Bytes:4
04:57:32.1 (9149611)|HEAP_ALLOCATE|[3]|Bytes:4
04:57:32.1 (9153117)|HEAP_ALLOCATE|[3]|Bytes:4
04:57:32.1 (9156546)|HEAP_ALLOCATE|[3]|Bytes:4
04:57:32.1 (9160082)|HEAP_ALLOCATE|[3]|Bytes:4
04:57:32.1 (9163248)|HEAP_ALLOCATE|[3]|Bytes:4
04:57:32.1 (9166296)|HEAP_ALLOCATE|[3]|Bytes:4
04:57:32.1 (9170356)|HEAP_ALLOCATE|[3]|Bytes:4
04:57:32.1 (9195412)|HEAP_ALLOCATE|[EXTERNAL]|Bytes:44
04:57:32.1 (9212058)|VARIABLE_ASSIGNMENT|[3]|this.integerList|"List of size 10 too large to display"|0x1adca3b2
04:57:32.1 (9223953)|CONSTRUCTOR_EXIT|[1]|01p6F00000MPtB2|<init>()|Array_Operations
04:57:32.1 (9230370)|SYSTEM_MODE_EXIT|false
04:57:32.1 (9255102)|VARIABLE_ASSIGNMENT|[1]|obj|{"integerList":"0x30c496f8"}|0x1adca3b2
04:57:32.1 (9261400)|STATEMENT_EXECUTE|[2]
04:57:32.1 (9282817)|SYSTEM_MODE_ENTER|false
04:57:32.1 (9298850)|HEAP_ALLOCATE|[2]|Bytes:5
04:57:32.1 (9320095)|METHOD_ENTRY|[2]|01p6F00000MPtB2|Array_Operations.Duplicate()
04:57:32.1 (9340592)|VARIABLE_SCOPE_BEGIN|[55]|this|Array_Operations|true|false
04:57:32.1 (9359210)|VARIABLE_ASSIGNMENT|[55]|this|{"integerList":"0x30c496f8"}|0x1adca3b2
04:57:32.1 (9370239)|HEAP_ALLOCATE|[57]|Bytes:5
04:57:32.1 (9374419)|STATEMENT_EXECUTE|[56]
04:57:32.1 (9376141)|STATEMENT_EXECUTE|[57]
04:57:32.1 (9379930)|VARIABLE_SCOPE_BEGIN|[57]|Digit|Integer|false|false
04:57:32.1 (9388620)|VARIABLE_ASSIGNMENT|[57]|Digit|null
04:57:32.1 (9392672)|STATEMENT_EXECUTE|[58]
04:57:32.1 (9402302)|HEAP_ALLOCATE|[58]|Bytes:4
04:57:32.1 (9421923)|VARIABLE_SCOPE_BEGIN|[58]|countList|List<Integer>|true|false
04:57:32.1 (9441666)|HEAP_ALLOCATE|[EXTERNAL]|Bytes:4
04:57:32.1 (9450668)|VARIABLE_ASSIGNMENT|[58]|countList|[]|0x20e6b9d3
04:57:32.1 (9456977)|STATEMENT_EXECUTE|[59]
04:57:32.1 (9459915)|VARIABLE_SCOPE_BEGIN|[59]|i|Integer|false|false
04:57:32.1 (9467120)|HEAP_ALLOCATE|[59]|Bytes:4
04:57:32.1 (9473782)|VARIABLE_ASSIGNMENT|[59]|i|0
04:57:32.1 (9505570)|STATEMENT_EXECUTE|[59]
04:57:32.1 (9507360)|STATEMENT_EXECUTE|[61]
04:57:32.1 (9510405)|HEAP_ALLOCATE|[61]|Bytes:4
04:57:32.1 (9557975)|HEAP_ALLOCATE|[61]|Bytes:31
04:57:32.1 (9573557)|METHOD_EXIT|[2]|01p6F00000MPtB2|Array_Operations.Duplicate()
04:57:32.1 (9580117)|SYSTEM_MODE_EXIT|false
04:57:32.1 (9680256)|FATAL_ERROR|System.ListException: List index out of bounds: 0

Class.Array_Operations.Duplicate: line 61, column 1
AnonymousBlock: line 2, column 1
AnonymousBlock: line 2, column 1
04:57:32.9 (9727234)|CUMULATIVE_LIMIT_USAGE
04:57:32.9 (9727234)|LIMIT_USAGE_FOR_NS|(default)|
  Number of SOQL queries: 0 out of 100
  Number of query rows: 0 out of 50000
  Number of SOSL queries: 0 out of 20
  Number of DML statements: 0 out of 150
  Number of DML rows: 0 out of 10000
  Maximum CPU time: 0 out of 10000
  Maximum heap size: 0 out of 6000000
  Number of callouts: 0 out of 100
  Number of Email Invocations: 0 out of 10
  Number of future calls: 0 out of 50
  Number of queueable jobs added to the queue: 0 out of 50
  Number of Mobile Apex push calls: 0 out of 10

04:57:32.9 (9727234)|CUMULATIVE_LIMIT_USAGE_END

04:57:32.1 (9761657)|CODE_UNIT_FINISHED|execute_anonymous_apex
04:57:32.1 (10641223)|EXECUTION_FINISHED
