44.0 APEX_CODE,FINEST;APEX_PROFILING,INFO;CALLOUT,INFO;DB,INFO;NBA,INFO;SYSTEM,DEBUG;VALIDATION,INFO;VISUALFORCE,INFO;WAVE,INFO;WORKFLOW,INFO
Execute Anonymous: Array_Of_Int objArray = new Array_Of_Int();
Execute Anonymous: objArray.display(5);
05:23:05.1 (1439954)|USER_INFO|[EXTERNAL]|0056F00000ATCAZ|ayman.shaikh@gmail.com|Pacific Standard Time|GMT-07:00
05:23:05.1 (1460810)|EXECUTION_STARTED
05:23:05.1 (1464891)|CODE_UNIT_STARTED|[EXTERNAL]|execute_anonymous_apex
05:23:05.1 (8375348)|VARIABLE_SCOPE_BEGIN|[1]|objArray|Array_Of_Int|true|false
05:23:05.1 (8540709)|HEAP_ALLOCATE|[72]|Bytes:3
05:23:05.1 (8584666)|HEAP_ALLOCATE|[77]|Bytes:152
05:23:05.1 (8611351)|HEAP_ALLOCATE|[342]|Bytes:408
05:23:05.1 (8635196)|HEAP_ALLOCATE|[355]|Bytes:408
05:23:05.1 (8655042)|HEAP_ALLOCATE|[467]|Bytes:48
05:23:05.1 (8694014)|HEAP_ALLOCATE|[139]|Bytes:6
05:23:05.1 (8723782)|HEAP_ALLOCATE|[EXTERNAL]|Bytes:3
05:23:05.1 (8763529)|STATEMENT_EXECUTE|[1]
05:23:05.1 (8767774)|STATEMENT_EXECUTE|[1]
05:23:05.1 (8772749)|HEAP_ALLOCATE|[1]|Bytes:1
05:23:05.1 (8823007)|METHOD_ENTRY|[1]|01p6F00000MPYhK|Array_Of_Int.Array_Of_Int()
05:23:05.1 (8833669)|STATEMENT_EXECUTE|[1]
05:23:05.1 (8838659)|STATEMENT_EXECUTE|[1]
05:23:05.1 (8879600)|HEAP_ALLOCATE|[50]|Bytes:5
05:23:05.1 (8907119)|HEAP_ALLOCATE|[56]|Bytes:5
05:23:05.1 (8919933)|HEAP_ALLOCATE|[64]|Bytes:7
05:23:05.1 (8945830)|SYSTEM_MODE_ENTER|false
05:23:05.1 (8958939)|HEAP_ALLOCATE|[1]|Bytes:5
05:23:05.1 (8966869)|SYSTEM_MODE_EXIT|false
05:23:05.1 (8985091)|METHOD_EXIT|[1]|Array_Of_Int
05:23:05.1 (9006610)|HEAP_ALLOCATE|[1]|Bytes:4
05:23:05.1 (9038740)|SYSTEM_MODE_ENTER|false
05:23:05.1 (9063490)|HEAP_ALLOCATE|[1]|Bytes:5
05:23:05.1 (9080392)|CONSTRUCTOR_ENTRY|[1]|01p6F00000MPYhK|<init>()|Array_Of_Int
05:23:05.1 (9106633)|VARIABLE_SCOPE_BEGIN|[1]|this|Array_Of_Int|true|false
05:23:05.1 (9145630)|VARIABLE_ASSIGNMENT|[1]|this|{}|0x53dc8b6b
05:23:05.1 (9158093)|HEAP_ALLOCATE|[EXTERNAL]|Bytes:5
05:23:05.1 (9167504)|HEAP_ALLOCATE|[EXTERNAL]|Bytes:6
05:23:05.1 (9208656)|STATEMENT_EXECUTE|[1]
05:23:05.1 (9219273)|HEAP_ALLOCATE|[EXTERNAL]|Bytes:5
05:23:05.1 (9232396)|CONSTRUCTOR_EXIT|[1]|01p6F00000MPYhK|<init>()|Array_Of_Int
05:23:05.1 (9244140)|SYSTEM_MODE_EXIT|false
05:23:05.1 (9274689)|VARIABLE_ASSIGNMENT|[1]|objArray|{}|0x53dc8b6b
05:23:05.1 (9284094)|STATEMENT_EXECUTE|[2]
05:23:05.1 (9314487)|SYSTEM_MODE_ENTER|false
05:23:05.1 (9339226)|HEAP_ALLOCATE|[2]|Bytes:5
05:23:05.1 (9376686)|METHOD_ENTRY|[2]|01p6F00000MPYhK|Array_Of_Int.display(Integer)
05:23:05.1 (9407731)|VARIABLE_SCOPE_BEGIN|[2]|this|Array_Of_Int|true|false
05:23:05.1 (9433568)|VARIABLE_ASSIGNMENT|[2]|this|{}|0x53dc8b6b
05:23:05.1 (9444916)|VARIABLE_SCOPE_BEGIN|[2]|number1|Integer|false|false
05:23:05.1 (9462623)|VARIABLE_ASSIGNMENT|[2]|number1|5
05:23:05.1 (9478499)|HEAP_ALLOCATE|[3]|Bytes:5
05:23:05.1 (9488816)|STATEMENT_EXECUTE|[2]
05:23:05.1 (9492459)|STATEMENT_EXECUTE|[3]
05:23:05.1 (9496619)|VARIABLE_SCOPE_BEGIN|[3]|add_num|Integer|false|false
05:23:05.1 (9508761)|VARIABLE_ASSIGNMENT|[3]|add_num|null
05:23:05.1 (9516150)|STATEMENT_EXECUTE|[3]
05:23:05.1 (9518992)|VARIABLE_SCOPE_BEGIN|[3]|i|Integer|false|false
05:23:05.1 (9530345)|VARIABLE_ASSIGNMENT|[3]|i|null
05:23:05.1 (9536897)|STATEMENT_EXECUTE|[4]
05:23:05.1 (9583268)|HEAP_ALLOCATE|[4]|Bytes:4
05:23:05.1 (9639249)|VARIABLE_SCOPE_BEGIN|[4]|myList|List<Integer>|true|false
05:23:05.1 (9674910)|HEAP_ALLOCATE|[EXTERNAL]|Bytes:4
05:23:05.1 (9690613)|VARIABLE_ASSIGNMENT|[4]|myList|[]|0x7774b68a
05:23:05.1 (9704902)|STATEMENT_EXECUTE|[5]
05:23:05.1 (9708827)|HEAP_ALLOCATE|[5]|Bytes:4
05:23:05.1 (9718925)|VARIABLE_ASSIGNMENT|[5]|i|0
05:23:05.1 (9725974)|STATEMENT_EXECUTE|[5]
05:23:05.1 (9728159)|STATEMENT_EXECUTE|[6]
05:23:05.1 (9780834)|HEAP_ALLOCATE|[EXTERNAL]|Bytes:4
05:23:05.1 (9798055)|HEAP_ALLOCATE|[5]|Bytes:4
05:23:05.1 (9810461)|VARIABLE_ASSIGNMENT|[5]|i|1
05:23:05.1 (9829393)|STATEMENT_EXECUTE|[5]
05:23:05.1 (9831179)|STATEMENT_EXECUTE|[6]
05:23:05.1 (9839657)|HEAP_ALLOCATE|[EXTERNAL]|Bytes:4
05:23:05.1 (9846654)|HEAP_ALLOCATE|[5]|Bytes:4
05:23:05.1 (9854434)|VARIABLE_ASSIGNMENT|[5]|i|2
05:23:05.1 (9861193)|STATEMENT_EXECUTE|[5]
05:23:05.1 (9862753)|STATEMENT_EXECUTE|[6]
05:23:05.1 (9867412)|HEAP_ALLOCATE|[EXTERNAL]|Bytes:4
05:23:05.1 (9873018)|HEAP_ALLOCATE|[5]|Bytes:4
05:23:05.1 (9877834)|VARIABLE_ASSIGNMENT|[5]|i|3
05:23:05.1 (9885012)|STATEMENT_EXECUTE|[5]
05:23:05.1 (9886458)|STATEMENT_EXECUTE|[6]
05:23:05.1 (9890517)|HEAP_ALLOCATE|[EXTERNAL]|Bytes:4
05:23:05.1 (9896010)|HEAP_ALLOCATE|[5]|Bytes:4
05:23:05.1 (9900849)|VARIABLE_ASSIGNMENT|[5]|i|4
05:23:05.1 (9907671)|STATEMENT_EXECUTE|[5]
05:23:05.1 (9909076)|STATEMENT_EXECUTE|[6]
05:23:05.1 (9912708)|HEAP_ALLOCATE|[EXTERNAL]|Bytes:4
05:23:05.1 (9918473)|HEAP_ALLOCATE|[5]|Bytes:4
05:23:05.1 (9924515)|VARIABLE_ASSIGNMENT|[5]|i|5
05:23:05.1 (9937422)|METHOD_EXIT|[2]|01p6F00000MPYhK|Array_Of_Int.display(Integer)
05:23:05.1 (9944370)|SYSTEM_MODE_EXIT|false
05:23:05.9 (9987831)|CUMULATIVE_LIMIT_USAGE
05:23:05.9 (9987831)|LIMIT_USAGE_FOR_NS|(default)|
  Number of SOQL queries: 0 out of 100
  Number of query rows: 0 out of 50000
  Number of SOSL queries: 0 out of 20
  Number of DML statements: 0 out of 150
  Number of DML rows: 0 out of 10000
  Maximum CPU time: 0 out of 10000
  Maximum heap size: 0 out of 6000000
  Number of callouts: 0 out of 100
  Number of Email Invocations: 0 out of 10
  Number of future calls: 0 out of 50
  Number of queueable jobs added to the queue: 0 out of 50
  Number of Mobile Apex push calls: 0 out of 10

05:23:05.9 (9987831)|CUMULATIVE_LIMIT_USAGE_END

05:23:05.1 (10023474)|CODE_UNIT_FINISHED|execute_anonymous_apex
05:23:05.1 (11058005)|EXECUTION_FINISHED
