44.0 APEX_CODE,DEBUG;APEX_PROFILING,INFO;CALLOUT,INFO;DB,INFO;NBA,INFO;SYSTEM,DEBUG;VALIDATION,INFO;VISUALFORCE,DEBUG;WAVE,INFO;WORKFLOW,INFO
06:39:00.0 (301599)|USER_INFO|[EXTERNAL]|0056F00000ATCAZ|ayman.shaikh@gmail.com|Pacific Standard Time|GMT-07:00
06:39:00.0 (330081)|EXECUTION_STARTED
06:39:00.0 (333607)|CODE_UNIT_STARTED|[EXTERNAL]|Validation:Employee:a056F00000lJj7Z
06:39:00.0 (343711)|VALIDATION_RULE|03d6F000001EXpW|Resignation_Date_rule
06:39:00.0 (467541)|VALIDATION_FORMULA|Is_on_Notice_Period__c= true && ISBLANK(Resignation_Date__c)|Is_on_Notice_Period__c=0 , Resignation_Date__c=null
06:39:00.0 (474506)|VALIDATION_PASS
06:39:00.0 (476043)|VALIDATION_RULE|03d6F000001EXr8|Restrict_DOB
06:39:00.0 (673642)|VALIDATION_FORMULA|Age__c  <= 18|Age__c=73
06:39:00.0 (679942)|VALIDATION_PASS
06:39:00.0 (680864)|VALIDATION_RULE|03d6F000001EWg3|Check_Dates
06:39:00.0 (794041)|VALIDATION_FORMULA|Last_Working_Day__c  <  Date_of_Joining__c|Last_Working_Day__c=null , Date_of_Joining__c=2018-10-03 00:00:00
06:39:00.0 (800347)|VALIDATION_PASS
06:39:00.0 (801079)|VALIDATION_RULE|03d6F000001EWfy|Notice_Period
06:39:00.0 (858776)|VALIDATION_FORMULA|Is_on_Notice_Period__c  = true && ISBLANK( Resignation_Date__c )|Is_on_Notice_Period__c=0 , Resignation_Date__c=null
06:39:00.0 (863567)|VALIDATION_PASS
06:39:00.0 (1111578)|CODE_UNIT_FINISHED|Validation:Employee:a056F00000lJj7Z
06:39:00.0 (1120048)|EXECUTION_FINISHED
06:39:00.19 (19140819)|USER_INFO|[EXTERNAL]|0056F00000ATCAZ|ayman.shaikh@gmail.com|Pacific Standard Time|GMT-07:00
06:39:00.19 (19161700)|EXECUTION_STARTED
06:39:00.19 (19164482)|CODE_UNIT_STARTED|[EXTERNAL]|Workflow:01I6F000002DSKA
06:39:00.19 (39787057)|WF_RULE_EVAL_BEGIN|Workflow
06:39:00.19 (39811791)|WF_CRITERIA_BEGIN|[Employee: EMP-000001 a056F00000lJj7Z]|one to one|01Q6F0000015jKG|ON_ALL_CHANGES|0
06:39:00.19 (41160345)|WF_RULE_FILTER|[Employee : Employees ID not equal to NULL]
06:39:00.19 (41183259)|WF_RULE_EVAL_VALUE|EMP-000001
06:39:00.19 (41188236)|WF_CRITERIA_END|true
06:39:00.19 (41928207)|WF_CRITERIA_BEGIN|[Employee: EMP-000001 a056F00000lJj7Z]|Record deactivated|01Q6F0000015jIy|ON_CREATE_OR_TRIGGERING_UPDATE|0
06:39:00.19 (42255568)|WF_FORMULA|Formula:ENCODED:[treatNullAsNull]NOT({!ID:00N6F00000RfoKy})|Values:Is_Active__c=0
06:39:00.19 (42263569)|WF_CRITERIA_END|true
06:39:00.19 (42280351)|WF_SPOOL_ACTION_BEGIN|Workflow
06:39:00.19 (42495272)|WF_RULE_INVOCATION|[Employee: EMP-000001 a056F00000lJj7Z]
06:39:00.19 (42504647)|WF_EMAIL_ALERT|Id=01W6F000000kHXy|CurrentRule:Record deactivated (Id=01Q6F0000015jIy)
06:39:00.19 (78865229)|WF_EMAIL_SENT|Template:00X6F0000027G3n|Recipients:ayman.shaikh@eternussolutions.com |CcEmails:
06:39:00.19 (78908356)|WF_ACTION| Field Update: 1; Email Alert: 1;
06:39:00.19 (78914133)|WF_RULE_EVAL_END
06:39:00.19 (79101297)|WF_ACTIONS_END| Field Update: 1; Email Alert: 1;
06:39:00.19 (79112082)|CODE_UNIT_FINISHED|Workflow:01I6F000002DSKA
06:39:00.19 (79117605)|EXECUTION_FINISHED
