44.0 APEX_CODE,FINEST;APEX_PROFILING,INFO;CALLOUT,INFO;DB,INFO;NBA,INFO;SYSTEM,DEBUG;VALIDATION,INFO;VISUALFORCE,INFO;WAVE,INFO;WORKFLOW,INFO
Execute Anonymous: Array_Operations obj = new Array_Operations();
Execute Anonymous: obj.Assending(); 
Execute Anonymous: obj.Descending();
08:27:01.1 (1193316)|USER_INFO|[EXTERNAL]|0056F00000ATCAZ|ayman.shaikh@gmail.com|Pacific Standard Time|GMT-07:00
08:27:01.1 (1212179)|EXECUTION_STARTED
08:27:01.1 (1217009)|CODE_UNIT_STARTED|[EXTERNAL]|execute_anonymous_apex
08:27:01.1 (10192807)|VARIABLE_SCOPE_BEGIN|[1]|obj|Array_Operations|true|false
08:27:01.1 (10356326)|HEAP_ALLOCATE|[72]|Bytes:3
08:27:01.1 (10403641)|HEAP_ALLOCATE|[77]|Bytes:152
08:27:01.1 (10423787)|HEAP_ALLOCATE|[342]|Bytes:408
08:27:01.1 (10442098)|HEAP_ALLOCATE|[355]|Bytes:408
08:27:01.1 (10457829)|HEAP_ALLOCATE|[467]|Bytes:48
08:27:01.1 (10492768)|HEAP_ALLOCATE|[139]|Bytes:6
08:27:01.1 (10524036)|HEAP_ALLOCATE|[EXTERNAL]|Bytes:5
08:27:01.1 (10565929)|STATEMENT_EXECUTE|[1]
08:27:01.1 (10570356)|STATEMENT_EXECUTE|[1]
08:27:01.1 (10575301)|HEAP_ALLOCATE|[1]|Bytes:4
08:27:01.1 (10582778)|HEAP_ALLOCATE|[1]|Bytes:10
08:27:01.1 (10618122)|METHOD_ENTRY|[1]|01p6F00000MPtB2|Array_Operations.Array_Operations()
08:27:01.1 (10626709)|STATEMENT_EXECUTE|[1]
08:27:01.1 (10630829)|STATEMENT_EXECUTE|[1]
08:27:01.1 (10662654)|HEAP_ALLOCATE|[50]|Bytes:5
08:27:01.1 (10695647)|HEAP_ALLOCATE|[56]|Bytes:5
08:27:01.1 (10708954)|HEAP_ALLOCATE|[64]|Bytes:7
08:27:01.1 (10732705)|SYSTEM_MODE_ENTER|false
08:27:01.1 (10748541)|HEAP_ALLOCATE|[1]|Bytes:5
08:27:01.1 (10758196)|SYSTEM_MODE_EXIT|false
08:27:01.1 (10769109)|METHOD_EXIT|[1]|Array_Operations
08:27:01.1 (10786494)|HEAP_ALLOCATE|[1]|Bytes:4
08:27:01.1 (10814060)|SYSTEM_MODE_ENTER|false
08:27:01.1 (10846204)|HEAP_ALLOCATE|[1]|Bytes:5
08:27:01.1 (10862040)|CONSTRUCTOR_ENTRY|[1]|01p6F00000MPtB2|<init>()|Array_Operations
08:27:01.1 (10893628)|VARIABLE_SCOPE_BEGIN|[1]|this|Array_Operations|true|false
08:27:01.1 (10945198)|VARIABLE_ASSIGNMENT|[1]|this|{}|0x77d41786
08:27:01.1 (10959704)|HEAP_ALLOCATE|[EXTERNAL]|Bytes:5
08:27:01.1 (10970420)|HEAP_ALLOCATE|[EXTERNAL]|Bytes:6
08:27:01.1 (11031442)|STATEMENT_EXECUTE|[1]
08:27:01.1 (11039247)|HEAP_ALLOCATE|[EXTERNAL]|Bytes:5
08:27:01.1 (11051061)|CONSTRUCTOR_EXIT|[1]|01p6F00000MPtB2|<init>()|Array_Operations
08:27:01.1 (11060864)|SYSTEM_MODE_EXIT|false
08:27:01.1 (11085514)|VARIABLE_ASSIGNMENT|[1]|obj|{}|0x77d41786
08:27:01.1 (11094150)|STATEMENT_EXECUTE|[2]
08:27:01.1 (11119612)|SYSTEM_MODE_ENTER|false
08:27:01.1 (11141562)|HEAP_ALLOCATE|[2]|Bytes:5
08:27:01.1 (11172070)|METHOD_ENTRY|[2]|01p6F00000MPtB2|Array_Operations.Assending()
08:27:01.1 (11200903)|VARIABLE_SCOPE_BEGIN|[18]|this|Array_Operations|true|false
08:27:01.1 (11220111)|VARIABLE_ASSIGNMENT|[18]|this|{}|0x77d41786
08:27:01.1 (11238074)|HEAP_ALLOCATE|[19]|Bytes:5
08:27:01.1 (11245423)|STATEMENT_EXECUTE|[18]
08:27:01.1 (11247976)|STATEMENT_EXECUTE|[19]
08:27:01.1 (11251388)|HEAP_ALLOCATE|[19]|Bytes:27
08:27:01.1 (11317409)|USER_DEBUG|[19]|DEBUG|Sorting in Asscending order
08:27:01.1 (11334907)|STATEMENT_EXECUTE|[20]
08:27:01.1 (11383047)|HEAP_ALLOCATE|[20]|Bytes:4
08:27:01.1 (11432258)|HEAP_ALLOCATE|[20]|Bytes:4
08:27:01.1 (11442489)|HEAP_ALLOCATE|[20]|Bytes:4
08:27:01.1 (11448747)|HEAP_ALLOCATE|[20]|Bytes:4
08:27:01.1 (11474960)|HEAP_ALLOCATE|[20]|Bytes:4
08:27:01.1 (11481643)|HEAP_ALLOCATE|[20]|Bytes:4
08:27:01.1 (11486839)|HEAP_ALLOCATE|[20]|Bytes:4
08:27:01.1 (11494566)|VARIABLE_SCOPE_BEGIN|[20]|integerList|List<Integer>|true|false
08:27:01.1 (11538089)|HEAP_ALLOCATE|[EXTERNAL]|Bytes:28
08:27:01.1 (11561561)|VARIABLE_ASSIGNMENT|[20]|integerList|"List of size 6 too large to display"|0x1d1992f7
08:27:01.1 (11571393)|STATEMENT_EXECUTE|[21]
08:27:01.1 (11575430)|VARIABLE_SCOPE_BEGIN|[21]|i|Integer|false|false
08:27:01.1 (11584162)|HEAP_ALLOCATE|[21]|Bytes:4
08:27:01.1 (11593896)|VARIABLE_ASSIGNMENT|[21]|i|0
08:27:01.1 (11632195)|STATEMENT_EXECUTE|[21]
08:27:01.1 (11635332)|STATEMENT_EXECUTE|[22]
08:27:01.1 (11639651)|VARIABLE_SCOPE_BEGIN|[22]|j|Integer|false|false
08:27:01.1 (11650558)|HEAP_ALLOCATE|[22]|Bytes:4
08:27:01.1 (11658996)|VARIABLE_ASSIGNMENT|[22]|j|1
08:27:01.1 (11685143)|STATEMENT_EXECUTE|[22]
08:27:01.1 (11687791)|STATEMENT_EXECUTE|[23]
08:27:01.1 (11691193)|VARIABLE_SCOPE_BEGIN|[23]|x|Integer|false|false
08:27:01.1 (11701677)|HEAP_ALLOCATE|[23]|Bytes:4
08:27:01.1 (11709923)|VARIABLE_ASSIGNMENT|[23]|x|0
08:27:01.1 (11721794)|HEAP_ALLOCATE|[24]|Bytes:8
08:27:01.1 (11729668)|HEAP_ALLOCATE|[24]|Bytes:8
08:27:01.1 (11735281)|STATEMENT_EXECUTE|[24]
08:27:01.1 (11737370)|STATEMENT_EXECUTE|[25]
08:27:01.1 (11740978)|HEAP_ALLOCATE|[25]|Bytes:8
08:27:01.1 (11749620)|VARIABLE_ASSIGNMENT|[25]|x|43
08:27:01.1 (11755801)|STATEMENT_EXECUTE|[26]
08:27:01.1 (11759932)|HEAP_ALLOCATE|[26]|Bytes:8
08:27:01.1 (11777943)|STATEMENT_EXECUTE|[27]
08:27:01.1 (11782929)|STATEMENT_EXECUTE|[28]
08:27:01.1 (11818658)|USER_DEBUG|[28]|DEBUG|(1, 43, 95, 443, 37, 2)
08:27:01.1 (11834106)|HEAP_ALLOCATE|[22]|Bytes:4
08:27:01.1 (11844653)|VARIABLE_ASSIGNMENT|[22]|j|2
08:27:01.1 (11862739)|STATEMENT_EXECUTE|[22]
08:27:01.1 (11865236)|STATEMENT_EXECUTE|[23]
08:27:01.1 (11868711)|VARIABLE_SCOPE_BEGIN|[23]|x|Integer|false|false
08:27:01.1 (11879211)|HEAP_ALLOCATE|[23]|Bytes:4
08:27:01.1 (11886958)|VARIABLE_ASSIGNMENT|[23]|x|0
08:27:01.1 (11895618)|HEAP_ALLOCATE|[24]|Bytes:8
08:27:01.1 (11902900)|HEAP_ALLOCATE|[24]|Bytes:8
08:27:01.1 (11908460)|STATEMENT_EXECUTE|[24]
08:27:01.1 (11911223)|HEAP_ALLOCATE|[22]|Bytes:4
08:27:01.1 (11918604)|VARIABLE_ASSIGNMENT|[22]|j|3
08:27:01.1 (11934106)|STATEMENT_EXECUTE|[22]
08:27:01.1 (11936363)|STATEMENT_EXECUTE|[23]
08:27:01.1 (11939377)|VARIABLE_SCOPE_BEGIN|[23]|x|Integer|false|false
08:27:01.1 (11949689)|HEAP_ALLOCATE|[23]|Bytes:4
08:27:01.1 (11957431)|VARIABLE_ASSIGNMENT|[23]|x|0
08:27:01.1 (11965407)|HEAP_ALLOCATE|[24]|Bytes:8
08:27:01.1 (11972328)|HEAP_ALLOCATE|[24]|Bytes:8
08:27:01.1 (11978402)|STATEMENT_EXECUTE|[24]
08:27:01.1 (11981038)|HEAP_ALLOCATE|[22]|Bytes:4
08:27:01.1 (11988651)|VARIABLE_ASSIGNMENT|[22]|j|4
08:27:01.1 (12004317)|STATEMENT_EXECUTE|[22]
08:27:01.1 (12007718)|STATEMENT_EXECUTE|[23]
08:27:01.1 (12010878)|VARIABLE_SCOPE_BEGIN|[23]|x|Integer|false|false
08:27:01.1 (12020616)|HEAP_ALLOCATE|[23]|Bytes:4
08:27:01.1 (12028485)|VARIABLE_ASSIGNMENT|[23]|x|0
08:27:01.1 (12036186)|HEAP_ALLOCATE|[24]|Bytes:8
08:27:01.1 (12042609)|HEAP_ALLOCATE|[24]|Bytes:8
08:27:01.1 (12047652)|STATEMENT_EXECUTE|[24]
08:27:01.1 (12049894)|HEAP_ALLOCATE|[22]|Bytes:4
08:27:01.1 (12056944)|VARIABLE_ASSIGNMENT|[22]|j|5
08:27:01.1 (12071501)|STATEMENT_EXECUTE|[22]
08:27:01.1 (12073670)|STATEMENT_EXECUTE|[23]
08:27:01.1 (12076878)|VARIABLE_SCOPE_BEGIN|[23]|x|Integer|false|false
08:27:01.1 (12086128)|HEAP_ALLOCATE|[23]|Bytes:4
08:27:01.1 (12093133)|VARIABLE_ASSIGNMENT|[23]|x|0
08:27:01.1 (12100063)|HEAP_ALLOCATE|[24]|Bytes:8
08:27:01.1 (12106404)|HEAP_ALLOCATE|[24]|Bytes:8
08:27:01.1 (12111382)|STATEMENT_EXECUTE|[24]
08:27:01.1 (12113852)|HEAP_ALLOCATE|[22]|Bytes:4
08:27:01.1 (12120940)|VARIABLE_ASSIGNMENT|[22]|j|6
08:27:01.1 (12135955)|HEAP_ALLOCATE|[21]|Bytes:4
08:27:01.1 (12143745)|VARIABLE_ASSIGNMENT|[21]|i|1
08:27:01.1 (12158533)|STATEMENT_EXECUTE|[21]
08:27:01.1 (12161621)|STATEMENT_EXECUTE|[22]
08:27:01.1 (12164538)|VARIABLE_SCOPE_BEGIN|[22]|j|Integer|false|false
08:27:01.1 (12173730)|HEAP_ALLOCATE|[22]|Bytes:4
08:27:01.1 (12180770)|VARIABLE_ASSIGNMENT|[22]|j|2
08:27:01.1 (12194465)|STATEMENT_EXECUTE|[22]
08:27:01.1 (12196588)|STATEMENT_EXECUTE|[23]
08:27:01.1 (12199475)|VARIABLE_SCOPE_BEGIN|[23]|x|Integer|false|false
08:27:01.1 (12208313)|HEAP_ALLOCATE|[23]|Bytes:4
08:27:01.1 (12215443)|VARIABLE_ASSIGNMENT|[23]|x|0
08:27:01.1 (12227513)|HEAP_ALLOCATE|[24]|Bytes:8
08:27:01.1 (12234432)|HEAP_ALLOCATE|[24]|Bytes:8
08:27:01.1 (12239202)|STATEMENT_EXECUTE|[24]
08:27:01.1 (12241439)|HEAP_ALLOCATE|[22]|Bytes:4
08:27:01.1 (12248295)|VARIABLE_ASSIGNMENT|[22]|j|3
08:27:01.1 (12263392)|STATEMENT_EXECUTE|[22]
08:27:01.1 (12265370)|STATEMENT_EXECUTE|[23]
08:27:01.1 (12268398)|VARIABLE_SCOPE_BEGIN|[23]|x|Integer|false|false
08:27:01.1 (12276843)|HEAP_ALLOCATE|[23]|Bytes:4
08:27:01.1 (12284085)|VARIABLE_ASSIGNMENT|[23]|x|0
08:27:01.1 (12291231)|HEAP_ALLOCATE|[24]|Bytes:8
08:27:01.1 (12298437)|HEAP_ALLOCATE|[24]|Bytes:8
08:27:01.1 (12303632)|STATEMENT_EXECUTE|[24]
08:27:01.1 (12306068)|HEAP_ALLOCATE|[22]|Bytes:4
08:27:01.1 (12313669)|VARIABLE_ASSIGNMENT|[22]|j|4
08:27:01.1 (12323732)|STATEMENT_EXECUTE|[22]
08:27:01.1 (12325287)|STATEMENT_EXECUTE|[23]
08:27:01.1 (12327320)|VARIABLE_SCOPE_BEGIN|[23]|x|Integer|false|false
08:27:01.1 (12333448)|HEAP_ALLOCATE|[23]|Bytes:4
08:27:01.1 (12337682)|VARIABLE_ASSIGNMENT|[23]|x|0
08:27:01.1 (12342087)|HEAP_ALLOCATE|[24]|Bytes:8
08:27:01.1 (12346006)|HEAP_ALLOCATE|[24]|Bytes:8
08:27:01.1 (12349564)|STATEMENT_EXECUTE|[24]
08:27:01.1 (12351011)|STATEMENT_EXECUTE|[25]
08:27:01.1 (12353284)|HEAP_ALLOCATE|[25]|Bytes:8
08:27:01.1 (12358344)|VARIABLE_ASSIGNMENT|[25]|x|43
08:27:01.1 (12362499)|STATEMENT_EXECUTE|[26]
08:27:01.1 (12364697)|HEAP_ALLOCATE|[26]|Bytes:8
08:27:01.1 (12372014)|STATEMENT_EXECUTE|[27]
08:27:01.1 (12374850)|STATEMENT_EXECUTE|[28]
08:27:01.1 (12384202)|USER_DEBUG|[28]|DEBUG|(1, 37, 95, 443, 43, 2)
08:27:01.1 (12392012)|HEAP_ALLOCATE|[22]|Bytes:4
08:27:01.1 (12403358)|VARIABLE_ASSIGNMENT|[22]|j|5
08:27:01.1 (12413783)|STATEMENT_EXECUTE|[22]
08:27:01.1 (12415336)|STATEMENT_EXECUTE|[23]
08:27:01.1 (12417435)|VARIABLE_SCOPE_BEGIN|[23]|x|Integer|false|false
08:27:01.1 (12423483)|HEAP_ALLOCATE|[23]|Bytes:4
08:27:01.1 (12427984)|VARIABLE_ASSIGNMENT|[23]|x|0
08:27:01.1 (12432875)|HEAP_ALLOCATE|[24]|Bytes:8
08:27:01.1 (12437127)|HEAP_ALLOCATE|[24]|Bytes:8
08:27:01.1 (12440607)|STATEMENT_EXECUTE|[24]
08:27:01.1 (12441976)|STATEMENT_EXECUTE|[25]
08:27:01.1 (12443945)|HEAP_ALLOCATE|[25]|Bytes:8
08:27:01.1 (12448847)|VARIABLE_ASSIGNMENT|[25]|x|37
08:27:01.1 (12452557)|STATEMENT_EXECUTE|[26]
08:27:01.1 (12454647)|HEAP_ALLOCATE|[26]|Bytes:8
08:27:01.1 (12459600)|STATEMENT_EXECUTE|[27]
08:27:01.1 (12462119)|STATEMENT_EXECUTE|[28]
08:27:01.1 (12468310)|USER_DEBUG|[28]|DEBUG|(1, 2, 95, 443, 43, 37)
08:27:01.1 (12474584)|HEAP_ALLOCATE|[22]|Bytes:4
08:27:01.1 (12479557)|VARIABLE_ASSIGNMENT|[22]|j|6
08:27:01.1 (12488780)|HEAP_ALLOCATE|[21]|Bytes:4
08:27:01.1 (12493601)|VARIABLE_ASSIGNMENT|[21]|i|2
08:27:01.1 (12502097)|STATEMENT_EXECUTE|[21]
08:27:01.1 (12504020)|STATEMENT_EXECUTE|[22]
08:27:01.1 (12506309)|VARIABLE_SCOPE_BEGIN|[22]|j|Integer|false|false
08:27:01.1 (12512115)|HEAP_ALLOCATE|[22]|Bytes:4
08:27:01.1 (12516282)|VARIABLE_ASSIGNMENT|[22]|j|3
08:27:01.1 (12524373)|STATEMENT_EXECUTE|[22]
08:27:01.1 (12525813)|STATEMENT_EXECUTE|[23]
08:27:01.1 (12527756)|VARIABLE_SCOPE_BEGIN|[23]|x|Integer|false|false
08:27:01.1 (12533306)|HEAP_ALLOCATE|[23]|Bytes:4
08:27:01.1 (12537870)|VARIABLE_ASSIGNMENT|[23]|x|0
08:27:01.1 (12542346)|HEAP_ALLOCATE|[24]|Bytes:8
08:27:01.1 (12546711)|HEAP_ALLOCATE|[24]|Bytes:8
08:27:01.1 (12549800)|STATEMENT_EXECUTE|[24]
08:27:01.1 (12551672)|HEAP_ALLOCATE|[22]|Bytes:4
08:27:01.1 (12555937)|VARIABLE_ASSIGNMENT|[22]|j|4
08:27:01.1 (12564316)|STATEMENT_EXECUTE|[22]
08:27:01.1 (12565799)|STATEMENT_EXECUTE|[23]
08:27:01.1 (12567733)|VARIABLE_SCOPE_BEGIN|[23]|x|Integer|false|false
08:27:01.1 (12573112)|HEAP_ALLOCATE|[23]|Bytes:4
08:27:01.1 (12577202)|VARIABLE_ASSIGNMENT|[23]|x|0
08:27:01.1 (12581403)|HEAP_ALLOCATE|[24]|Bytes:8
08:27:01.1 (12585263)|HEAP_ALLOCATE|[24]|Bytes:8
08:27:01.1 (12588311)|STATEMENT_EXECUTE|[24]
08:27:01.1 (12589778)|STATEMENT_EXECUTE|[25]
08:27:01.1 (12591789)|HEAP_ALLOCATE|[25]|Bytes:8
08:27:01.1 (12596514)|VARIABLE_ASSIGNMENT|[25]|x|95
08:27:01.1 (12600020)|STATEMENT_EXECUTE|[26]
08:27:01.1 (12602133)|HEAP_ALLOCATE|[26]|Bytes:8
08:27:01.1 (12606706)|STATEMENT_EXECUTE|[27]
08:27:01.1 (12609232)|STATEMENT_EXECUTE|[28]
08:27:01.1 (12614977)|USER_DEBUG|[28]|DEBUG|(1, 2, 43, 443, 95, 37)
08:27:01.1 (12620894)|HEAP_ALLOCATE|[22]|Bytes:4
08:27:01.1 (12626247)|VARIABLE_ASSIGNMENT|[22]|j|5
08:27:01.1 (12634698)|STATEMENT_EXECUTE|[22]
08:27:01.1 (12636497)|STATEMENT_EXECUTE|[23]
08:27:01.1 (12638646)|VARIABLE_SCOPE_BEGIN|[23]|x|Integer|false|false
08:27:01.1 (12644111)|HEAP_ALLOCATE|[23]|Bytes:4
08:27:01.1 (12648322)|VARIABLE_ASSIGNMENT|[23]|x|0
08:27:01.1 (12652557)|HEAP_ALLOCATE|[24]|Bytes:8
08:27:01.1 (12656974)|HEAP_ALLOCATE|[24]|Bytes:8
08:27:01.1 (12660221)|STATEMENT_EXECUTE|[24]
08:27:01.1 (12661594)|STATEMENT_EXECUTE|[25]
08:27:01.1 (12663661)|HEAP_ALLOCATE|[25]|Bytes:8
08:27:01.1 (12668164)|VARIABLE_ASSIGNMENT|[25]|x|43
08:27:01.1 (12671413)|STATEMENT_EXECUTE|[26]
08:27:01.1 (12673483)|HEAP_ALLOCATE|[26]|Bytes:8
08:27:01.1 (12678211)|STATEMENT_EXECUTE|[27]
08:27:01.1 (12680749)|STATEMENT_EXECUTE|[28]
08:27:01.1 (12686186)|USER_DEBUG|[28]|DEBUG|(1, 2, 37, 443, 95, 43)
08:27:01.1 (12692113)|HEAP_ALLOCATE|[22]|Bytes:4
08:27:01.1 (12696935)|VARIABLE_ASSIGNMENT|[22]|j|6
08:27:01.1 (12705705)|HEAP_ALLOCATE|[21]|Bytes:4
08:27:01.1 (12710850)|VARIABLE_ASSIGNMENT|[21]|i|3
08:27:01.1 (12718560)|STATEMENT_EXECUTE|[21]
08:27:01.1 (12720648)|STATEMENT_EXECUTE|[22]
08:27:01.1 (12722833)|VARIABLE_SCOPE_BEGIN|[22]|j|Integer|false|false
08:27:01.1 (12728187)|HEAP_ALLOCATE|[22]|Bytes:4
08:27:01.1 (12732346)|VARIABLE_ASSIGNMENT|[22]|j|4
08:27:01.1 (12740369)|STATEMENT_EXECUTE|[22]
08:27:01.1 (12741835)|STATEMENT_EXECUTE|[23]
08:27:01.1 (12743696)|VARIABLE_SCOPE_BEGIN|[23]|x|Integer|false|false
08:27:01.1 (12749231)|HEAP_ALLOCATE|[23]|Bytes:4
08:27:01.1 (12753706)|VARIABLE_ASSIGNMENT|[23]|x|0
08:27:01.1 (12758370)|HEAP_ALLOCATE|[24]|Bytes:8
08:27:01.1 (12762404)|HEAP_ALLOCATE|[24]|Bytes:8
08:27:01.1 (12765860)|STATEMENT_EXECUTE|[24]
08:27:01.1 (12767247)|STATEMENT_EXECUTE|[25]
08:27:01.1 (12769223)|HEAP_ALLOCATE|[25]|Bytes:8
08:27:01.1 (12774693)|VARIABLE_ASSIGNMENT|[25]|x|443
08:27:01.1 (12778245)|STATEMENT_EXECUTE|[26]
08:27:01.1 (12780461)|HEAP_ALLOCATE|[26]|Bytes:8
08:27:01.1 (12785145)|STATEMENT_EXECUTE|[27]
08:27:01.1 (12787736)|STATEMENT_EXECUTE|[28]
08:27:01.1 (12793251)|USER_DEBUG|[28]|DEBUG|(1, 2, 37, 95, 443, 43)
08:27:01.1 (12799038)|HEAP_ALLOCATE|[22]|Bytes:4
08:27:01.1 (12804448)|VARIABLE_ASSIGNMENT|[22]|j|5
08:27:01.1 (12812780)|STATEMENT_EXECUTE|[22]
08:27:01.1 (12814249)|STATEMENT_EXECUTE|[23]
08:27:01.1 (12816254)|VARIABLE_SCOPE_BEGIN|[23]|x|Integer|false|false
08:27:01.1 (12822166)|HEAP_ALLOCATE|[23]|Bytes:4
08:27:01.1 (12827396)|VARIABLE_ASSIGNMENT|[23]|x|0
08:27:01.1 (12832027)|HEAP_ALLOCATE|[24]|Bytes:8
08:27:01.1 (12836201)|HEAP_ALLOCATE|[24]|Bytes:8
08:27:01.1 (12839505)|STATEMENT_EXECUTE|[24]
08:27:01.1 (12840879)|STATEMENT_EXECUTE|[25]
08:27:01.1 (12842855)|HEAP_ALLOCATE|[25]|Bytes:8
08:27:01.1 (12848034)|VARIABLE_ASSIGNMENT|[25]|x|95
08:27:01.1 (12851712)|STATEMENT_EXECUTE|[26]
08:27:01.1 (12853845)|HEAP_ALLOCATE|[26]|Bytes:8
08:27:01.1 (12858709)|STATEMENT_EXECUTE|[27]
08:27:01.1 (12861375)|STATEMENT_EXECUTE|[28]
08:27:01.1 (12866539)|USER_DEBUG|[28]|DEBUG|(1, 2, 37, 43, 443, 95)
08:27:01.1 (12872182)|HEAP_ALLOCATE|[22]|Bytes:4
08:27:01.1 (12877004)|VARIABLE_ASSIGNMENT|[22]|j|6
08:27:01.1 (12885495)|HEAP_ALLOCATE|[21]|Bytes:4
08:27:01.1 (12890755)|VARIABLE_ASSIGNMENT|[21]|i|4
08:27:01.1 (12898547)|STATEMENT_EXECUTE|[21]
08:27:01.1 (12900312)|STATEMENT_EXECUTE|[22]
08:27:01.1 (12902442)|VARIABLE_SCOPE_BEGIN|[22]|j|Integer|false|false
08:27:01.1 (12908222)|HEAP_ALLOCATE|[22]|Bytes:4
08:27:01.1 (12912873)|VARIABLE_ASSIGNMENT|[22]|j|5
08:27:01.1 (12921201)|STATEMENT_EXECUTE|[22]
08:27:01.1 (12922636)|STATEMENT_EXECUTE|[23]
08:27:01.1 (12924508)|VARIABLE_SCOPE_BEGIN|[23]|x|Integer|false|false
08:27:01.1 (12930247)|HEAP_ALLOCATE|[23]|Bytes:4
08:27:01.1 (12934420)|VARIABLE_ASSIGNMENT|[23]|x|0
08:27:01.1 (12939023)|HEAP_ALLOCATE|[24]|Bytes:8
08:27:01.1 (12943930)|HEAP_ALLOCATE|[24]|Bytes:8
08:27:01.1 (12947010)|STATEMENT_EXECUTE|[24]
08:27:01.1 (12948387)|STATEMENT_EXECUTE|[25]
08:27:01.1 (12950434)|HEAP_ALLOCATE|[25]|Bytes:8
08:27:01.1 (12955103)|VARIABLE_ASSIGNMENT|[25]|x|443
08:27:01.1 (12958922)|STATEMENT_EXECUTE|[26]
08:27:01.1 (12961024)|HEAP_ALLOCATE|[26]|Bytes:8
08:27:01.1 (12965724)|STATEMENT_EXECUTE|[27]
08:27:01.1 (12968266)|STATEMENT_EXECUTE|[28]
08:27:01.1 (12974226)|USER_DEBUG|[28]|DEBUG|(1, 2, 37, 43, 95, 443)
08:27:01.1 (12980126)|HEAP_ALLOCATE|[22]|Bytes:4
08:27:01.1 (12984872)|VARIABLE_ASSIGNMENT|[22]|j|6
08:27:01.1 (12993890)|HEAP_ALLOCATE|[21]|Bytes:4
08:27:01.1 (12998703)|VARIABLE_ASSIGNMENT|[21]|i|5
08:27:01.1 (13006657)|STATEMENT_EXECUTE|[21]
08:27:01.1 (13008916)|STATEMENT_EXECUTE|[22]
08:27:01.1 (13011064)|VARIABLE_SCOPE_BEGIN|[22]|j|Integer|false|false
08:27:01.1 (13016915)|HEAP_ALLOCATE|[22]|Bytes:4
08:27:01.1 (13021239)|VARIABLE_ASSIGNMENT|[22]|j|6
08:27:01.1 (13029789)|STATEMENT_EXECUTE|[22]
08:27:01.1 (13031439)|HEAP_ALLOCATE|[21]|Bytes:4
08:27:01.1 (13036185)|VARIABLE_ASSIGNMENT|[21]|i|6
08:27:01.1 (13051035)|METHOD_EXIT|[2]|01p6F00000MPtB2|Array_Operations.Assending()
08:27:01.1 (13057117)|SYSTEM_MODE_EXIT|false
08:27:01.1 (13063969)|STATEMENT_EXECUTE|[3]
08:27:01.1 (13088277)|SYSTEM_MODE_ENTER|false
08:27:01.1 (13102082)|HEAP_ALLOCATE|[3]|Bytes:5
08:27:01.1 (13112878)|METHOD_ENTRY|[3]|01p6F00000MPtB2|Array_Operations.Descending()
08:27:01.1 (13133942)|VARIABLE_SCOPE_BEGIN|[2]|this|Array_Operations|true|false
08:27:01.1 (13150961)|VARIABLE_ASSIGNMENT|[2]|this|{}|0x77d41786
08:27:01.1 (13161585)|HEAP_ALLOCATE|[3]|Bytes:5
08:27:01.1 (13191479)|STATEMENT_EXECUTE|[2]
08:27:01.1 (13193189)|STATEMENT_EXECUTE|[3]
08:27:01.1 (13203720)|HEAP_ALLOCATE|[3]|Bytes:4
08:27:01.1 (13226796)|HEAP_ALLOCATE|[3]|Bytes:4
08:27:01.1 (13231995)|HEAP_ALLOCATE|[3]|Bytes:4
08:27:01.1 (13235583)|HEAP_ALLOCATE|[3]|Bytes:4
08:27:01.1 (13239487)|HEAP_ALLOCATE|[3]|Bytes:4
08:27:01.1 (13243134)|HEAP_ALLOCATE|[3]|Bytes:4
08:27:01.1 (13246542)|HEAP_ALLOCATE|[3]|Bytes:4
08:27:01.1 (13250248)|VARIABLE_SCOPE_BEGIN|[3]|integerList|List<Integer>|true|false
08:27:01.1 (13273682)|HEAP_ALLOCATE|[EXTERNAL]|Bytes:28
08:27:01.1 (13285685)|VARIABLE_ASSIGNMENT|[3]|integerList|"List of size 6 too large to display"|0x16dc7e46
08:27:01.1 (13291669)|STATEMENT_EXECUTE|[4]
08:27:01.1 (13294694)|HEAP_ALLOCATE|[4]|Bytes:27
08:27:01.1 (13313645)|USER_DEBUG|[4]|DEBUG|Sorting in Descending order
08:27:01.1 (13322809)|STATEMENT_EXECUTE|[5]
08:27:01.1 (13325604)|VARIABLE_SCOPE_BEGIN|[5]|i|Integer|false|false
08:27:01.1 (13332031)|HEAP_ALLOCATE|[5]|Bytes:4
08:27:01.1 (13338042)|VARIABLE_ASSIGNMENT|[5]|i|0
08:27:01.1 (13357463)|STATEMENT_EXECUTE|[5]
08:27:01.1 (13359586)|STATEMENT_EXECUTE|[6]
08:27:01.1 (13362091)|VARIABLE_SCOPE_BEGIN|[6]|j|Integer|false|false
08:27:01.1 (13368367)|HEAP_ALLOCATE|[6]|Bytes:4
08:27:01.1 (13373218)|VARIABLE_ASSIGNMENT|[6]|j|1
08:27:01.1 (13386942)|STATEMENT_EXECUTE|[6]
08:27:01.1 (13388562)|STATEMENT_EXECUTE|[7]
08:27:01.1 (13390585)|VARIABLE_SCOPE_BEGIN|[7]|x|Integer|false|false
08:27:01.1 (13402856)|HEAP_ALLOCATE|[7]|Bytes:4
08:27:01.1 (13408099)|VARIABLE_ASSIGNMENT|[7]|x|0
08:27:01.1 (13414847)|HEAP_ALLOCATE|[8]|Bytes:8
08:27:01.1 (13420328)|HEAP_ALLOCATE|[8]|Bytes:8
08:27:01.1 (13423937)|STATEMENT_EXECUTE|[8]
08:27:01.1 (13426450)|HEAP_ALLOCATE|[6]|Bytes:4
08:27:01.1 (13430965)|VARIABLE_ASSIGNMENT|[6]|j|2
08:27:01.1 (13440779)|STATEMENT_EXECUTE|[6]
08:27:01.1 (13442513)|STATEMENT_EXECUTE|[7]
08:27:01.1 (13444572)|VARIABLE_SCOPE_BEGIN|[7]|x|Integer|false|false
08:27:01.1 (13450937)|HEAP_ALLOCATE|[7]|Bytes:4
08:27:01.1 (13455737)|VARIABLE_ASSIGNMENT|[7]|x|0
08:27:01.1 (13460256)|HEAP_ALLOCATE|[8]|Bytes:8
08:27:01.1 (13464473)|HEAP_ALLOCATE|[8]|Bytes:8
08:27:01.1 (13468067)|STATEMENT_EXECUTE|[8]
08:27:01.1 (13469461)|STATEMENT_EXECUTE|[9]
08:27:01.1 (13472033)|HEAP_ALLOCATE|[9]|Bytes:8
08:27:01.1 (13477188)|VARIABLE_ASSIGNMENT|[9]|x|43
08:27:01.1 (13481317)|STATEMENT_EXECUTE|[10]
08:27:01.1 (13484080)|HEAP_ALLOCATE|[10]|Bytes:8
08:27:01.1 (13490437)|STATEMENT_EXECUTE|[11]
08:27:01.1 (13493364)|STATEMENT_EXECUTE|[12]
08:27:01.1 (13513096)|USER_DEBUG|[12]|DEBUG|(95, 1, 43, 443, 37, 2)
08:27:01.1 (13521087)|HEAP_ALLOCATE|[6]|Bytes:4
08:27:01.1 (13527171)|VARIABLE_ASSIGNMENT|[6]|j|3
08:27:01.1 (13537481)|STATEMENT_EXECUTE|[6]
08:27:01.1 (13539044)|STATEMENT_EXECUTE|[7]
08:27:01.1 (13541177)|VARIABLE_SCOPE_BEGIN|[7]|x|Integer|false|false
08:27:01.1 (13547242)|HEAP_ALLOCATE|[7]|Bytes:4
08:27:01.1 (13551555)|VARIABLE_ASSIGNMENT|[7]|x|0
08:27:01.1 (13556373)|HEAP_ALLOCATE|[8]|Bytes:8
08:27:01.1 (13560878)|HEAP_ALLOCATE|[8]|Bytes:8
08:27:01.1 (13564258)|STATEMENT_EXECUTE|[8]
08:27:01.1 (13565751)|STATEMENT_EXECUTE|[9]
08:27:01.1 (13567839)|HEAP_ALLOCATE|[9]|Bytes:8
08:27:01.1 (13572722)|VARIABLE_ASSIGNMENT|[9]|x|95
08:27:01.1 (13576541)|STATEMENT_EXECUTE|[10]
08:27:01.1 (13578681)|HEAP_ALLOCATE|[10]|Bytes:8
08:27:01.1 (13584077)|STATEMENT_EXECUTE|[11]
08:27:01.1 (13586648)|STATEMENT_EXECUTE|[12]
08:27:01.1 (13592677)|USER_DEBUG|[12]|DEBUG|(443, 1, 43, 95, 37, 2)
08:27:01.1 (13599025)|HEAP_ALLOCATE|[6]|Bytes:4
08:27:01.1 (13604178)|VARIABLE_ASSIGNMENT|[6]|j|4
08:27:01.1 (13613307)|STATEMENT_EXECUTE|[6]
08:27:01.1 (13614875)|STATEMENT_EXECUTE|[7]
08:27:01.1 (13616943)|VARIABLE_SCOPE_BEGIN|[7]|x|Integer|false|false
08:27:01.1 (13622332)|HEAP_ALLOCATE|[7]|Bytes:4
08:27:01.1 (13626582)|VARIABLE_ASSIGNMENT|[7]|x|0
08:27:01.1 (13631147)|HEAP_ALLOCATE|[8]|Bytes:8
08:27:01.1 (13635624)|HEAP_ALLOCATE|[8]|Bytes:8
08:27:01.1 (13638983)|STATEMENT_EXECUTE|[8]
08:27:01.1 (13640593)|HEAP_ALLOCATE|[6]|Bytes:4
08:27:01.1 (13644749)|VARIABLE_ASSIGNMENT|[6]|j|5
08:27:01.1 (13653500)|STATEMENT_EXECUTE|[6]
08:27:01.1 (13655073)|STATEMENT_EXECUTE|[7]
08:27:01.1 (13657052)|VARIABLE_SCOPE_BEGIN|[7]|x|Integer|false|false
08:27:01.1 (13662669)|HEAP_ALLOCATE|[7]|Bytes:4
08:27:01.1 (13667229)|VARIABLE_ASSIGNMENT|[7]|x|0
08:27:01.1 (13671868)|HEAP_ALLOCATE|[8]|Bytes:8
08:27:01.1 (13675975)|HEAP_ALLOCATE|[8]|Bytes:8
08:27:01.1 (13679499)|STATEMENT_EXECUTE|[8]
08:27:01.1 (13681138)|HEAP_ALLOCATE|[6]|Bytes:4
08:27:01.1 (13685384)|VARIABLE_ASSIGNMENT|[6]|j|6
08:27:01.1 (13694352)|HEAP_ALLOCATE|[5]|Bytes:4
08:27:01.1 (13699212)|VARIABLE_ASSIGNMENT|[5]|i|1
08:27:01.1 (13707192)|STATEMENT_EXECUTE|[5]
08:27:01.1 (13709172)|STATEMENT_EXECUTE|[6]
08:27:01.1 (13711353)|VARIABLE_SCOPE_BEGIN|[6]|j|Integer|false|false
08:27:01.1 (13717555)|HEAP_ALLOCATE|[6]|Bytes:4
08:27:01.1 (13721817)|VARIABLE_ASSIGNMENT|[6]|j|2
08:27:01.1 (13729777)|STATEMENT_EXECUTE|[6]
08:27:01.1 (13731200)|STATEMENT_EXECUTE|[7]
08:27:01.1 (13733104)|VARIABLE_SCOPE_BEGIN|[7]|x|Integer|false|false
08:27:01.1 (13739034)|HEAP_ALLOCATE|[7]|Bytes:4
08:27:01.1 (13743377)|VARIABLE_ASSIGNMENT|[7]|x|0
08:27:01.1 (13747863)|HEAP_ALLOCATE|[8]|Bytes:8
08:27:01.1 (13752211)|HEAP_ALLOCATE|[8]|Bytes:8
08:27:01.1 (13755704)|STATEMENT_EXECUTE|[8]
08:27:01.1 (13757085)|STATEMENT_EXECUTE|[9]
08:27:01.1 (13759168)|HEAP_ALLOCATE|[9]|Bytes:8
08:27:01.1 (13763804)|VARIABLE_ASSIGNMENT|[9]|x|1
08:27:01.1 (13767388)|STATEMENT_EXECUTE|[10]
08:27:01.1 (13769480)|HEAP_ALLOCATE|[10]|Bytes:8
08:27:01.1 (13777512)|STATEMENT_EXECUTE|[11]
08:27:01.1 (13780138)|STATEMENT_EXECUTE|[12]
08:27:01.1 (13785974)|USER_DEBUG|[12]|DEBUG|(443, 43, 1, 95, 37, 2)
08:27:01.1 (13792495)|HEAP_ALLOCATE|[6]|Bytes:4
08:27:01.1 (13797492)|VARIABLE_ASSIGNMENT|[6]|j|3
08:27:01.1 (13806515)|STATEMENT_EXECUTE|[6]
08:27:01.1 (13807985)|STATEMENT_EXECUTE|[7]
08:27:01.1 (13809997)|VARIABLE_SCOPE_BEGIN|[7]|x|Integer|false|false
08:27:01.1 (13816352)|HEAP_ALLOCATE|[7]|Bytes:4
08:27:01.1 (13820835)|VARIABLE_ASSIGNMENT|[7]|x|0
08:27:01.1 (13825193)|HEAP_ALLOCATE|[8]|Bytes:8
08:27:01.1 (13829372)|HEAP_ALLOCATE|[8]|Bytes:8
08:27:01.1 (13833223)|STATEMENT_EXECUTE|[8]
08:27:01.1 (13834684)|STATEMENT_EXECUTE|[9]
08:27:01.1 (13836695)|HEAP_ALLOCATE|[9]|Bytes:8
08:27:01.1 (13841736)|VARIABLE_ASSIGNMENT|[9]|x|43
08:27:01.1 (13845144)|STATEMENT_EXECUTE|[10]
08:27:01.1 (13847840)|HEAP_ALLOCATE|[10]|Bytes:8
08:27:01.1 (13852544)|STATEMENT_EXECUTE|[11]
08:27:01.1 (13855191)|STATEMENT_EXECUTE|[12]
08:27:01.1 (13860526)|USER_DEBUG|[12]|DEBUG|(443, 95, 1, 43, 37, 2)
08:27:01.1 (13867337)|HEAP_ALLOCATE|[6]|Bytes:4
08:27:01.1 (13872662)|VARIABLE_ASSIGNMENT|[6]|j|4
08:27:01.1 (13881176)|STATEMENT_EXECUTE|[6]
08:27:01.1 (13882658)|STATEMENT_EXECUTE|[7]
08:27:01.1 (13884649)|VARIABLE_SCOPE_BEGIN|[7]|x|Integer|false|false
08:27:01.1 (13890422)|HEAP_ALLOCATE|[7]|Bytes:4
08:27:01.1 (13894723)|VARIABLE_ASSIGNMENT|[7]|x|0
08:27:01.1 (13899397)|HEAP_ALLOCATE|[8]|Bytes:8
08:27:01.1 (13903376)|HEAP_ALLOCATE|[8]|Bytes:8
08:27:01.1 (13906491)|STATEMENT_EXECUTE|[8]
08:27:01.1 (13908100)|HEAP_ALLOCATE|[6]|Bytes:4
08:27:01.1 (13912514)|VARIABLE_ASSIGNMENT|[6]|j|5
08:27:01.1 (13921108)|STATEMENT_EXECUTE|[6]
08:27:01.1 (13922582)|STATEMENT_EXECUTE|[7]
08:27:01.1 (13924600)|VARIABLE_SCOPE_BEGIN|[7]|x|Integer|false|false
08:27:01.1 (13930406)|HEAP_ALLOCATE|[7]|Bytes:4
08:27:01.1 (13934680)|VARIABLE_ASSIGNMENT|[7]|x|0
08:27:01.1 (13939003)|HEAP_ALLOCATE|[8]|Bytes:8
08:27:01.1 (13942621)|HEAP_ALLOCATE|[8]|Bytes:8
08:27:01.1 (13946312)|STATEMENT_EXECUTE|[8]
08:27:01.1 (13947938)|HEAP_ALLOCATE|[6]|Bytes:4
08:27:01.1 (13953067)|VARIABLE_ASSIGNMENT|[6]|j|6
08:27:01.1 (13961522)|HEAP_ALLOCATE|[5]|Bytes:4
08:27:01.1 (13966300)|VARIABLE_ASSIGNMENT|[5]|i|2
08:27:01.1 (13974327)|STATEMENT_EXECUTE|[5]
08:27:01.1 (13976049)|STATEMENT_EXECUTE|[6]
08:27:01.1 (13978446)|VARIABLE_SCOPE_BEGIN|[6]|j|Integer|false|false
08:27:01.1 (13984418)|HEAP_ALLOCATE|[6]|Bytes:4
08:27:01.1 (13988592)|VARIABLE_ASSIGNMENT|[6]|j|3
08:27:01.1 (13996739)|STATEMENT_EXECUTE|[6]
08:27:01.1 (13998160)|STATEMENT_EXECUTE|[7]
08:27:01.1 (14000071)|VARIABLE_SCOPE_BEGIN|[7]|x|Integer|false|false
08:27:01.1 (14007142)|HEAP_ALLOCATE|[7]|Bytes:4
08:27:01.1 (14011631)|VARIABLE_ASSIGNMENT|[7]|x|0
08:27:01.1 (14015928)|HEAP_ALLOCATE|[8]|Bytes:8
08:27:01.1 (14020278)|HEAP_ALLOCATE|[8]|Bytes:8
08:27:01.1 (14023330)|STATEMENT_EXECUTE|[8]
08:27:01.1 (14024718)|STATEMENT_EXECUTE|[9]
08:27:01.1 (14026997)|HEAP_ALLOCATE|[9]|Bytes:8
08:27:01.1 (14046043)|VARIABLE_ASSIGNMENT|[9]|x|1
08:27:01.1 (14050359)|STATEMENT_EXECUTE|[10]
08:27:01.1 (14053159)|HEAP_ALLOCATE|[10]|Bytes:8
08:27:01.1 (14058997)|STATEMENT_EXECUTE|[11]
08:27:01.1 (14061534)|STATEMENT_EXECUTE|[12]
08:27:01.1 (14067808)|USER_DEBUG|[12]|DEBUG|(443, 95, 43, 1, 37, 2)
08:27:01.1 (14074705)|HEAP_ALLOCATE|[6]|Bytes:4
08:27:01.1 (14080108)|VARIABLE_ASSIGNMENT|[6]|j|4
08:27:01.1 (14089193)|STATEMENT_EXECUTE|[6]
08:27:01.1 (14090903)|STATEMENT_EXECUTE|[7]
08:27:01.1 (14093000)|VARIABLE_SCOPE_BEGIN|[7]|x|Integer|false|false
08:27:01.1 (14099296)|HEAP_ALLOCATE|[7]|Bytes:4
08:27:01.1 (14103914)|VARIABLE_ASSIGNMENT|[7]|x|0
08:27:01.1 (14109303)|HEAP_ALLOCATE|[8]|Bytes:8
08:27:01.1 (14113321)|HEAP_ALLOCATE|[8]|Bytes:8
08:27:01.1 (14116638)|STATEMENT_EXECUTE|[8]
08:27:01.1 (14118265)|HEAP_ALLOCATE|[6]|Bytes:4
08:27:01.1 (14122816)|VARIABLE_ASSIGNMENT|[6]|j|5
08:27:01.1 (14131342)|STATEMENT_EXECUTE|[6]
08:27:01.1 (14132804)|STATEMENT_EXECUTE|[7]
08:27:01.1 (14134745)|VARIABLE_SCOPE_BEGIN|[7]|x|Integer|false|false
08:27:01.1 (14140498)|HEAP_ALLOCATE|[7]|Bytes:4
08:27:01.1 (14144694)|VARIABLE_ASSIGNMENT|[7]|x|0
08:27:01.1 (14149074)|HEAP_ALLOCATE|[8]|Bytes:8
08:27:01.1 (14152704)|HEAP_ALLOCATE|[8]|Bytes:8
08:27:01.1 (14155770)|STATEMENT_EXECUTE|[8]
08:27:01.1 (14157518)|HEAP_ALLOCATE|[6]|Bytes:4
08:27:01.1 (14161570)|VARIABLE_ASSIGNMENT|[6]|j|6
08:27:01.1 (14170173)|HEAP_ALLOCATE|[5]|Bytes:4
08:27:01.1 (14174743)|VARIABLE_ASSIGNMENT|[5]|i|3
08:27:01.1 (14182602)|STATEMENT_EXECUTE|[5]
08:27:01.1 (14184421)|STATEMENT_EXECUTE|[6]
08:27:01.1 (14186534)|VARIABLE_SCOPE_BEGIN|[6]|j|Integer|false|false
08:27:01.1 (14192167)|HEAP_ALLOCATE|[6]|Bytes:4
08:27:01.1 (14196916)|VARIABLE_ASSIGNMENT|[6]|j|4
08:27:01.1 (14205336)|STATEMENT_EXECUTE|[6]
08:27:01.1 (14207086)|STATEMENT_EXECUTE|[7]
08:27:01.1 (14209025)|VARIABLE_SCOPE_BEGIN|[7]|x|Integer|false|false
08:27:01.1 (14214372)|HEAP_ALLOCATE|[7]|Bytes:4
08:27:01.1 (14219255)|VARIABLE_ASSIGNMENT|[7]|x|0
08:27:01.1 (14223559)|HEAP_ALLOCATE|[8]|Bytes:8
08:27:01.1 (14227745)|HEAP_ALLOCATE|[8]|Bytes:8
08:27:01.1 (14230848)|STATEMENT_EXECUTE|[8]
08:27:01.1 (14232244)|STATEMENT_EXECUTE|[9]
08:27:01.1 (14234266)|HEAP_ALLOCATE|[9]|Bytes:8
08:27:01.1 (14239360)|VARIABLE_ASSIGNMENT|[9]|x|1
08:27:01.1 (14243176)|STATEMENT_EXECUTE|[10]
08:27:01.1 (14245309)|HEAP_ALLOCATE|[10]|Bytes:8
08:27:01.1 (14250302)|STATEMENT_EXECUTE|[11]
08:27:01.1 (14252833)|STATEMENT_EXECUTE|[12]
08:27:01.1 (14258557)|USER_DEBUG|[12]|DEBUG|(443, 95, 43, 37, 1, 2)
08:27:01.1 (14264868)|HEAP_ALLOCATE|[6]|Bytes:4
08:27:01.1 (14269755)|VARIABLE_ASSIGNMENT|[6]|j|5
08:27:01.1 (14278322)|STATEMENT_EXECUTE|[6]
08:27:01.1 (14279802)|STATEMENT_EXECUTE|[7]
08:27:01.1 (14282081)|VARIABLE_SCOPE_BEGIN|[7]|x|Integer|false|false
08:27:01.1 (14288181)|HEAP_ALLOCATE|[7]|Bytes:4
08:27:01.1 (14292416)|VARIABLE_ASSIGNMENT|[7]|x|0
08:27:01.1 (14296739)|HEAP_ALLOCATE|[8]|Bytes:8
08:27:01.1 (14300719)|HEAP_ALLOCATE|[8]|Bytes:8
08:27:01.1 (14303721)|STATEMENT_EXECUTE|[8]
08:27:01.1 (14305358)|HEAP_ALLOCATE|[6]|Bytes:4
08:27:01.1 (14309609)|VARIABLE_ASSIGNMENT|[6]|j|6
08:27:01.1 (14318056)|HEAP_ALLOCATE|[5]|Bytes:4
08:27:01.1 (14323020)|VARIABLE_ASSIGNMENT|[5]|i|4
08:27:01.1 (14331049)|STATEMENT_EXECUTE|[5]
08:27:01.1 (14332847)|STATEMENT_EXECUTE|[6]
08:27:01.1 (14335024)|VARIABLE_SCOPE_BEGIN|[6]|j|Integer|false|false
08:27:01.1 (14340868)|HEAP_ALLOCATE|[6]|Bytes:4
08:27:01.1 (14345144)|VARIABLE_ASSIGNMENT|[6]|j|5
08:27:01.1 (14353668)|STATEMENT_EXECUTE|[6]
08:27:01.1 (14355133)|STATEMENT_EXECUTE|[7]
08:27:01.1 (14356970)|VARIABLE_SCOPE_BEGIN|[7]|x|Integer|false|false
08:27:01.1 (14362606)|HEAP_ALLOCATE|[7]|Bytes:4
08:27:01.1 (14366951)|VARIABLE_ASSIGNMENT|[7]|x|0
08:27:01.1 (14371410)|HEAP_ALLOCATE|[8]|Bytes:8
08:27:01.1 (14375352)|HEAP_ALLOCATE|[8]|Bytes:8
08:27:01.1 (14378945)|STATEMENT_EXECUTE|[8]
08:27:01.1 (14380346)|STATEMENT_EXECUTE|[9]
08:27:01.1 (14382292)|HEAP_ALLOCATE|[9]|Bytes:8
08:27:01.1 (14387470)|VARIABLE_ASSIGNMENT|[9]|x|1
08:27:01.1 (14390931)|STATEMENT_EXECUTE|[10]
08:27:01.1 (14393338)|HEAP_ALLOCATE|[10]|Bytes:8
08:27:01.1 (14403397)|STATEMENT_EXECUTE|[11]
08:27:01.1 (14406242)|STATEMENT_EXECUTE|[12]
08:27:01.1 (14412192)|USER_DEBUG|[12]|DEBUG|(443, 95, 43, 37, 2, 1)
08:27:01.1 (14418681)|HEAP_ALLOCATE|[6]|Bytes:4
08:27:01.1 (14423692)|VARIABLE_ASSIGNMENT|[6]|j|6
08:27:01.1 (14433776)|HEAP_ALLOCATE|[5]|Bytes:4
08:27:01.1 (14438274)|VARIABLE_ASSIGNMENT|[5]|i|5
08:27:01.1 (14446565)|STATEMENT_EXECUTE|[5]
08:27:01.1 (14448338)|STATEMENT_EXECUTE|[6]
08:27:01.1 (14450463)|VARIABLE_SCOPE_BEGIN|[6]|j|Integer|false|false
08:27:01.1 (14456380)|HEAP_ALLOCATE|[6]|Bytes:4
08:27:01.1 (14460888)|VARIABLE_ASSIGNMENT|[6]|j|6
08:27:01.1 (14469020)|STATEMENT_EXECUTE|[6]
08:27:01.1 (14471092)|HEAP_ALLOCATE|[5]|Bytes:4
08:27:01.1 (14475502)|VARIABLE_ASSIGNMENT|[5]|i|6
08:27:01.1 (14488202)|METHOD_EXIT|[3]|01p6F00000MPtB2|Array_Operations.Descending()
08:27:01.1 (14494907)|SYSTEM_MODE_EXIT|false
08:27:01.14 (14529500)|CUMULATIVE_LIMIT_USAGE
08:27:01.14 (14529500)|LIMIT_USAGE_FOR_NS|(default)|
  Number of SOQL queries: 0 out of 100
  Number of query rows: 0 out of 50000
  Number of SOSL queries: 0 out of 20
  Number of DML statements: 0 out of 150
  Number of DML rows: 0 out of 10000
  Maximum CPU time: 0 out of 10000
  Maximum heap size: 0 out of 6000000
  Number of callouts: 0 out of 100
  Number of Email Invocations: 0 out of 10
  Number of future calls: 0 out of 50
  Number of queueable jobs added to the queue: 0 out of 50
  Number of Mobile Apex push calls: 0 out of 10

08:27:01.14 (14529500)|CUMULATIVE_LIMIT_USAGE_END

08:27:01.1 (14563678)|CODE_UNIT_FINISHED|execute_anonymous_apex
08:27:01.1 (15564522)|EXECUTION_FINISHED
