44.0 APEX_CODE,FINEST;APEX_PROFILING,INFO;CALLOUT,INFO;DB,INFO;NBA,INFO;SYSTEM,DEBUG;VALIDATION,INFO;VISUALFORCE,INFO;WAVE,INFO;WORKFLOW,INFO
07:22:31.0 (366107)|USER_INFO|[EXTERNAL]|0056F00000ATCAZ|ayman.shaikh@gmail.com|Pacific Standard Time|GMT-08:00
07:22:31.0 (402208)|EXECUTION_STARTED
07:22:31.0 (405369)|CODE_UNIT_STARTED|[EXTERNAL]|DuplicateDetector
07:22:31.0 (417973)|DUPLICATE_DETECTION_BEGIN
07:22:31.0 (1040484)|DUPLICATE_DETECTION_RULE_INVOCATION|DuplicateRuleId:0Bm6F000006fqOk|DuplicateRuleName:Standard Contact Duplicate Rule|DmlType:INSERT
07:22:31.0 (36889879)|DUPLICATE_DETECTION_MATCH_INVOCATION_DETAILS|EntityType:Contact|ActionTaken:Allow_[Alert,Report]|DuplicateRecordIds:
07:22:31.0 (36910352)|DUPLICATE_DETECTION_MATCH_INVOCATION_SUMMARY|EntityType:Contact|NumRecordsToBeSaved:1|NumRecordsToBeSavedWithDuplicates:0|NumDuplicateRecordsFound:0
07:22:31.0 (36923303)|DUPLICATE_DETECTION_MATCH_INVOCATION_DETAILS|EntityType:Contact|ActionTaken:Allow_[Alert,Report]|DuplicateRecordIds:
07:22:31.0 (36928399)|DUPLICATE_DETECTION_MATCH_INVOCATION_SUMMARY|EntityType:Contact|NumRecordsToBeSaved:1|NumRecordsToBeSavedWithDuplicates:0|NumDuplicateRecordsFound:0
07:22:31.0 (37117294)|DUPLICATE_DETECTION_END
07:22:31.0 (37124037)|CODE_UNIT_FINISHED|DuplicateDetector
07:22:31.0 (37133360)|EXECUTION_FINISHED
07:22:31.87 (87609100)|USER_INFO|[EXTERNAL]|0056F00000ATCAZ|ayman.shaikh@gmail.com|Pacific Standard Time|GMT-08:00
07:22:31.87 (87628092)|EXECUTION_STARTED
07:22:31.87 (87631511)|CODE_UNIT_STARTED|[EXTERNAL]|Workflow:Contact
07:22:31.87 (104204667)|WF_RULE_EVAL_BEGIN|Workflow
07:22:31.87 (104262802)|WF_CRITERIA_BEGIN|[Contact: Shaikh 0036F00002o3pbb]|ChildToParent3016F000000lNv5|01Q6F0000015lQB|ON_ALL_CHANGES|0
07:22:31.87 (104377488)|WF_FORMULA|Formula:ENCODED:[treatNullAsNull]true|Values:
07:22:31.87 (104383931)|WF_CRITERIA_END|true
07:22:31.87 (118456852)|WF_SPOOL_ACTION_BEGIN|Workflow
07:22:31.87 (118503502)|WF_ACTION| Flow Trigger: 1;
07:22:31.87 (118510575)|WF_RULE_EVAL_END
07:22:31.87 (129271309)|WF_FLOW_ACTION_BEGIN|09L6F000000ke5w
07:22:31.277 (277558364)|FLOW_CREATE_INTERVIEW_BEGIN|00D6F000002XQjE|3006F000000kQmw|3016F000000lNv5
07:22:31.277 (292346247)|FLOW_CREATE_INTERVIEW_END|299797abbe18196700aa7e725164166df44bbf8-226b|ChildToParent
07:22:31.292 (292794068)|FLOW_START_INTERVIEWS_BEGIN|1
07:22:31.292 (292823656)|FLOW_START_INTERVIEW_BEGIN|299797abbe18196700aa7e725164166df44bbf8-226b|ChildToParent
07:22:31.292 (307512729)|FLOW_START_INTERVIEW_END|299797abbe18196700aa7e725164166df44bbf8-226b|ChildToParent
07:22:31.359 (359782387)|CODE_UNIT_STARTED|[EXTERNAL]|DuplicateDetector
07:22:31.359 (359818580)|DUPLICATE_DETECTION_BEGIN
07:22:31.359 (359880897)|DUPLICATE_DETECTION_RULE_INVOCATION|DuplicateRuleId:0Bm6F000006fqOj|DuplicateRuleName:Standard Account Duplicate Rule|DmlType:UPDATE
07:22:31.359 (359945326)|DUPLICATE_DETECTION_END
07:22:31.359 (359952070)|CODE_UNIT_FINISHED|DuplicateDetector
07:22:31.292 (386611611)|FLOW_START_INTERVIEWS_END|1
07:22:31.87 (387410664)|WF_FLOW_ACTION_END|09L6F000000ke5w
07:22:31.87 (387523475)|WF_ACTIONS_END| Flow Trigger: 1;
07:22:31.87 (387533459)|CODE_UNIT_FINISHED|Workflow:Contact
07:22:31.87 (388461937)|EXECUTION_FINISHED
07:22:31.413 (413180842)|USER_INFO|[EXTERNAL]|0056F00000ATCAZ|ayman.shaikh@gmail.com|Pacific Standard Time|GMT-08:00
07:22:31.413 (413204078)|EXECUTION_STARTED
07:22:31.413 (413208349)|CODE_UNIT_STARTED|[EXTERNAL]|DuplicateDetector
07:22:31.413 (413223095)|DUPLICATE_DETECTION_BEGIN
07:22:31.413 (413284367)|DUPLICATE_DETECTION_RULE_INVOCATION|DuplicateRuleId:0Bm6F000006fqOj|DuplicateRuleName:Standard Account Duplicate Rule|DmlType:UPDATE
07:22:31.413 (423023539)|DUPLICATE_DETECTION_END
07:22:31.413 (423035688)|CODE_UNIT_FINISHED|DuplicateDetector
07:22:31.413 (424076159)|EXECUTION_FINISHED
07:22:31.424 (424204311)|USER_INFO|[EXTERNAL]|0056F00000ATCAZ|ayman.shaikh@gmail.com|Pacific Standard Time|GMT-08:00
07:22:31.424 (424222162)|EXECUTION_STARTED
07:22:31.424 (424226034)|CODE_UNIT_STARTED|[EXTERNAL]|DuplicateDetector
07:22:31.424 (424236690)|DUPLICATE_DETECTION_BEGIN
07:22:31.424 (424318766)|DUPLICATE_DETECTION_RULE_INVOCATION|DuplicateRuleId:0Bm6F000006fqOk|DuplicateRuleName:Standard Contact Duplicate Rule|DmlType:INSERT
07:22:31.424 (434466284)|DUPLICATE_DETECTION_END
07:22:31.424 (434473875)|CODE_UNIT_FINISHED|DuplicateDetector
07:22:31.424 (435312146)|EXECUTION_FINISHED
