44.0 APEX_CODE,FINEST;APEX_PROFILING,INFO;CALLOUT,INFO;DB,INFO;NBA,INFO;SYSTEM,DEBUG;VALIDATION,INFO;VISUALFORCE,INFO;WAVE,INFO;WORKFLOW,INFO
Execute Anonymous: Array_Operations obj = new Array_Operations();
Execute Anonymous: obj.MaximumNum();
Execute Anonymous: obj.Assending(); 
Execute Anonymous: obj.Descending();
Execute Anonymous: obj.MinimumNum();
03:34:40.1 (1320903)|USER_INFO|[EXTERNAL]|0056F00000ATCAZ|ayman.shaikh@gmail.com|Pacific Standard Time|GMT-07:00
03:34:40.1 (1343632)|EXECUTION_STARTED
03:34:40.1 (1347739)|CODE_UNIT_STARTED|[EXTERNAL]|execute_anonymous_apex
03:34:40.1 (11840647)|VARIABLE_SCOPE_BEGIN|[1]|obj|Array_Operations|true|false
03:34:40.1 (12031398)|HEAP_ALLOCATE|[72]|Bytes:3
03:34:40.1 (12096670)|HEAP_ALLOCATE|[77]|Bytes:152
03:34:40.1 (12120561)|HEAP_ALLOCATE|[342]|Bytes:408
03:34:40.1 (12136823)|HEAP_ALLOCATE|[355]|Bytes:408
03:34:40.1 (12152569)|HEAP_ALLOCATE|[467]|Bytes:48
03:34:40.1 (12193534)|HEAP_ALLOCATE|[139]|Bytes:6
03:34:40.1 (12233209)|HEAP_ALLOCATE|[EXTERNAL]|Bytes:9
03:34:40.1 (12284123)|STATEMENT_EXECUTE|[1]
03:34:40.1 (12287448)|STATEMENT_EXECUTE|[1]
03:34:40.1 (12292935)|HEAP_ALLOCATE|[1]|Bytes:10
03:34:40.1 (12302522)|HEAP_ALLOCATE|[1]|Bytes:22
03:34:40.1 (12344251)|METHOD_ENTRY|[1]|01p6F00000MPtB2|Array_Operations.Array_Operations()
03:34:40.1 (12356684)|STATEMENT_EXECUTE|[1]
03:34:40.1 (12361819)|STATEMENT_EXECUTE|[1]
03:34:40.1 (12403725)|HEAP_ALLOCATE|[50]|Bytes:5
03:34:40.1 (12441649)|HEAP_ALLOCATE|[56]|Bytes:5
03:34:40.1 (12464433)|HEAP_ALLOCATE|[64]|Bytes:7
03:34:40.1 (12499926)|SYSTEM_MODE_ENTER|false
03:34:40.1 (12525661)|HEAP_ALLOCATE|[1]|Bytes:5
03:34:40.1 (12538720)|SYSTEM_MODE_EXIT|false
03:34:40.1 (12552616)|METHOD_EXIT|[1]|Array_Operations
03:34:40.1 (12613118)|HEAP_ALLOCATE|[1]|Bytes:8
03:34:40.1 (12650677)|SYSTEM_MODE_ENTER|false
03:34:40.1 (12687282)|HEAP_ALLOCATE|[1]|Bytes:5
03:34:40.1 (12705893)|CONSTRUCTOR_ENTRY|[1]|01p6F00000MPtB2|<init>()|Array_Operations
03:34:40.1 (12741860)|VARIABLE_SCOPE_BEGIN|[1]|this|Array_Operations|true|false
03:34:40.1 (12807112)|VARIABLE_ASSIGNMENT|[1]|this|{}|0x5efbefb9
03:34:40.1 (12822499)|HEAP_ALLOCATE|[2]|Bytes:5
03:34:40.1 (12834581)|HEAP_ALLOCATE|[2]|Bytes:6
03:34:40.1 (12892722)|STATEMENT_EXECUTE|[1]
03:34:40.1 (12899849)|HEAP_ALLOCATE|[2]|Bytes:5
03:34:40.1 (12912246)|STATEMENT_EXECUTE|[2]
03:34:40.1 (12930195)|HEAP_ALLOCATE|[2]|Bytes:4
03:34:40.1 (13007718)|HEAP_ALLOCATE|[2]|Bytes:4
03:34:40.1 (13019859)|HEAP_ALLOCATE|[2]|Bytes:4
03:34:40.1 (13029023)|HEAP_ALLOCATE|[2]|Bytes:4
03:34:40.1 (13035065)|HEAP_ALLOCATE|[2]|Bytes:4
03:34:40.1 (13039649)|HEAP_ALLOCATE|[2]|Bytes:4
03:34:40.1 (13044260)|HEAP_ALLOCATE|[2]|Bytes:4
03:34:40.1 (13052567)|HEAP_ALLOCATE|[2]|Bytes:4
03:34:40.1 (13057770)|HEAP_ALLOCATE|[2]|Bytes:4
03:34:40.1 (13063561)|HEAP_ALLOCATE|[2]|Bytes:4
03:34:40.1 (13068353)|HEAP_ALLOCATE|[2]|Bytes:4
03:34:40.1 (13106825)|HEAP_ALLOCATE|[EXTERNAL]|Bytes:44
03:34:40.1 (13137530)|VARIABLE_ASSIGNMENT|[2]|this.integerList|"List of size 10 too large to display"|0x5efbefb9
03:34:40.1 (13153704)|CONSTRUCTOR_EXIT|[1]|01p6F00000MPtB2|<init>()|Array_Operations
03:34:40.1 (13162369)|SYSTEM_MODE_EXIT|false
03:34:40.1 (13204297)|VARIABLE_ASSIGNMENT|[1]|obj|{"integerList":"0x5b3e7c61"}|0x5efbefb9
03:34:40.1 (13213904)|STATEMENT_EXECUTE|[2]
03:34:40.1 (13246122)|SYSTEM_MODE_ENTER|false
03:34:40.1 (13272627)|HEAP_ALLOCATE|[2]|Bytes:5
03:34:40.1 (13307301)|METHOD_ENTRY|[2]|01p6F00000MPtB2|Array_Operations.MaximumNum()
03:34:40.1 (13334546)|VARIABLE_SCOPE_BEGIN|[27]|this|Array_Operations|true|false
03:34:40.1 (13367816)|VARIABLE_ASSIGNMENT|[27]|this|{"integerList":"0x5b3e7c61"}|0x5efbefb9
03:34:40.1 (13385107)|HEAP_ALLOCATE|[29]|Bytes:5
03:34:40.1 (13391016)|STATEMENT_EXECUTE|[27]
03:34:40.1 (13392946)|STATEMENT_EXECUTE|[29]
03:34:40.1 (13407663)|HEAP_ALLOCATE|[29]|Bytes:8
03:34:40.1 (13426521)|VARIABLE_SCOPE_BEGIN|[29]|int_max|Integer|false|false
03:34:40.1 (13440740)|VARIABLE_ASSIGNMENT|[29]|int_max|43
03:34:40.1 (13446700)|STATEMENT_EXECUTE|[30]
03:34:40.1 (13449883)|VARIABLE_SCOPE_BEGIN|[30]|i|Integer|false|false
03:34:40.1 (13459395)|HEAP_ALLOCATE|[30]|Bytes:4
03:34:40.1 (13467391)|VARIABLE_ASSIGNMENT|[30]|i|0
03:34:40.1 (13515223)|STATEMENT_EXECUTE|[30]
03:34:40.1 (13528476)|HEAP_ALLOCATE|[31]|Bytes:8
03:34:40.1 (13538913)|STATEMENT_EXECUTE|[31]
03:34:40.1 (13541373)|HEAP_ALLOCATE|[30]|Bytes:4
03:34:40.1 (13549448)|VARIABLE_ASSIGNMENT|[30]|i|1
03:34:40.1 (13563679)|STATEMENT_EXECUTE|[30]
03:34:40.1 (13567290)|HEAP_ALLOCATE|[31]|Bytes:8
03:34:40.1 (13572771)|STATEMENT_EXECUTE|[31]
03:34:40.1 (13574753)|HEAP_ALLOCATE|[30]|Bytes:4
03:34:40.1 (13588324)|VARIABLE_ASSIGNMENT|[30]|i|2
03:34:40.1 (13601962)|STATEMENT_EXECUTE|[30]
03:34:40.1 (13605811)|HEAP_ALLOCATE|[31]|Bytes:8
03:34:40.1 (13611461)|STATEMENT_EXECUTE|[32]
03:34:40.1 (13613169)|STATEMENT_EXECUTE|[33]
03:34:40.1 (13617686)|HEAP_ALLOCATE|[33]|Bytes:8
03:34:40.1 (13625905)|VARIABLE_ASSIGNMENT|[33]|int_max|95
03:34:40.1 (13634725)|HEAP_ALLOCATE|[30]|Bytes:4
03:34:40.1 (13643550)|VARIABLE_ASSIGNMENT|[30]|i|3
03:34:40.1 (13657430)|STATEMENT_EXECUTE|[30]
03:34:40.1 (13661198)|HEAP_ALLOCATE|[31]|Bytes:8
03:34:40.1 (13666754)|STATEMENT_EXECUTE|[32]
03:34:40.1 (13668460)|STATEMENT_EXECUTE|[33]
03:34:40.1 (13675482)|HEAP_ALLOCATE|[33]|Bytes:8
03:34:40.1 (13683906)|VARIABLE_ASSIGNMENT|[33]|int_max|443
03:34:40.1 (13690389)|HEAP_ALLOCATE|[30]|Bytes:4
03:34:40.1 (13699373)|VARIABLE_ASSIGNMENT|[30]|i|4
03:34:40.1 (13712888)|STATEMENT_EXECUTE|[30]
03:34:40.1 (13716643)|HEAP_ALLOCATE|[31]|Bytes:8
03:34:40.1 (13724994)|STATEMENT_EXECUTE|[31]
03:34:40.1 (13726933)|HEAP_ALLOCATE|[30]|Bytes:4
03:34:40.1 (13733078)|VARIABLE_ASSIGNMENT|[30]|i|5
03:34:40.1 (13746927)|STATEMENT_EXECUTE|[30]
03:34:40.1 (13752930)|HEAP_ALLOCATE|[31]|Bytes:8
03:34:40.1 (13760399)|STATEMENT_EXECUTE|[31]
03:34:40.1 (13762296)|HEAP_ALLOCATE|[30]|Bytes:4
03:34:40.1 (13771314)|VARIABLE_ASSIGNMENT|[30]|i|6
03:34:40.1 (13783531)|STATEMENT_EXECUTE|[30]
03:34:40.1 (13787115)|HEAP_ALLOCATE|[31]|Bytes:8
03:34:40.1 (13796332)|STATEMENT_EXECUTE|[31]
03:34:40.1 (13799787)|HEAP_ALLOCATE|[30]|Bytes:4
03:34:40.1 (13807421)|VARIABLE_ASSIGNMENT|[30]|i|7
03:34:40.1 (13821938)|STATEMENT_EXECUTE|[30]
03:34:40.1 (13825640)|HEAP_ALLOCATE|[31]|Bytes:8
03:34:40.1 (13831282)|STATEMENT_EXECUTE|[31]
03:34:40.1 (13833147)|HEAP_ALLOCATE|[30]|Bytes:4
03:34:40.1 (13839055)|VARIABLE_ASSIGNMENT|[30]|i|8
03:34:40.1 (13858781)|STATEMENT_EXECUTE|[30]
03:34:40.1 (13863847)|HEAP_ALLOCATE|[31]|Bytes:8
03:34:40.1 (13874219)|STATEMENT_EXECUTE|[31]
03:34:40.1 (13876208)|HEAP_ALLOCATE|[30]|Bytes:4
03:34:40.1 (13883151)|VARIABLE_ASSIGNMENT|[30]|i|9
03:34:40.1 (13894747)|STATEMENT_EXECUTE|[30]
03:34:40.1 (13898064)|HEAP_ALLOCATE|[31]|Bytes:8
03:34:40.1 (13905278)|STATEMENT_EXECUTE|[31]
03:34:40.1 (13908758)|HEAP_ALLOCATE|[30]|Bytes:4
03:34:40.1 (13918979)|VARIABLE_ASSIGNMENT|[30]|i|10
03:34:40.1 (13932871)|STATEMENT_EXECUTE|[36]
03:34:40.1 (13937909)|HEAP_ALLOCATE|[36]|Bytes:32
03:34:40.1 (13987304)|USER_DEBUG|[36]|DEBUG|Maximum number among whole Array
03:34:40.1 (14003411)|STATEMENT_EXECUTE|[37]
03:34:40.1 (14022511)|USER_DEBUG|[37]|DEBUG|443
03:34:40.1 (14040698)|METHOD_EXIT|[2]|01p6F00000MPtB2|Array_Operations.MaximumNum()
03:34:40.1 (14047408)|SYSTEM_MODE_EXIT|false
03:34:40.1 (14054615)|STATEMENT_EXECUTE|[3]
03:34:40.1 (14086427)|SYSTEM_MODE_ENTER|false
03:34:40.1 (14105035)|HEAP_ALLOCATE|[3]|Bytes:5
03:34:40.1 (14118618)|METHOD_ENTRY|[3]|01p6F00000MPtB2|Array_Operations.Assending()
03:34:40.1 (14146794)|VARIABLE_SCOPE_BEGIN|[21]|this|Array_Operations|true|false
03:34:40.1 (14177508)|VARIABLE_ASSIGNMENT|[21]|this|{"integerList":"0x5b3e7c61"}|0x5efbefb9
03:34:40.1 (14195859)|HEAP_ALLOCATE|[22]|Bytes:5
03:34:40.1 (14204251)|STATEMENT_EXECUTE|[21]
03:34:40.1 (14206352)|STATEMENT_EXECUTE|[22]
03:34:40.1 (14209643)|HEAP_ALLOCATE|[22]|Bytes:27
03:34:40.1 (14232154)|USER_DEBUG|[22]|DEBUG|Sorting in Asscending order
03:34:40.1 (14243985)|STATEMENT_EXECUTE|[23]
03:34:40.1 (14281417)|STATEMENT_EXECUTE|[24]
03:34:40.1 (14323079)|USER_DEBUG|[24]|DEBUG|(0, 1, 2, 2, 37, 43, 43, 65, 95, 443)
03:34:40.1 (14340801)|METHOD_EXIT|[3]|01p6F00000MPtB2|Array_Operations.Assending()
03:34:40.1 (14347559)|SYSTEM_MODE_EXIT|false
03:34:40.1 (14363502)|STATEMENT_EXECUTE|[4]
03:34:40.1 (14390962)|SYSTEM_MODE_ENTER|false
03:34:40.1 (14409004)|HEAP_ALLOCATE|[4]|Bytes:5
03:34:40.1 (14425442)|METHOD_ENTRY|[4]|01p6F00000MPtB2|Array_Operations.Descending()
03:34:40.1 (14452747)|VARIABLE_SCOPE_BEGIN|[4]|this|Array_Operations|true|false
03:34:40.1 (14481880)|VARIABLE_ASSIGNMENT|[4]|this|{"integerList":"0x5b3e7c61"}|0x5efbefb9
03:34:40.1 (14501786)|HEAP_ALLOCATE|[5]|Bytes:5
03:34:40.1 (14507645)|STATEMENT_EXECUTE|[4]
03:34:40.1 (14509506)|STATEMENT_EXECUTE|[5]
03:34:40.1 (14513140)|HEAP_ALLOCATE|[5]|Bytes:27
03:34:40.1 (14538077)|USER_DEBUG|[5]|DEBUG|Sorting in Descending order
03:34:40.1 (14549801)|STATEMENT_EXECUTE|[7]
03:34:40.1 (14554369)|VARIABLE_SCOPE_BEGIN|[7]|i|Integer|false|false
03:34:40.1 (14565769)|HEAP_ALLOCATE|[7]|Bytes:4
03:34:40.1 (14574150)|VARIABLE_ASSIGNMENT|[7]|i|0
03:34:40.1 (14606838)|STATEMENT_EXECUTE|[7]
03:34:40.1 (14613877)|STATEMENT_EXECUTE|[8]
03:34:40.1 (14617922)|VARIABLE_SCOPE_BEGIN|[8]|j|Integer|false|false
03:34:40.1 (14626440)|HEAP_ALLOCATE|[8]|Bytes:4
03:34:40.1 (14635261)|VARIABLE_ASSIGNMENT|[8]|j|1
03:34:40.1 (14670121)|STATEMENT_EXECUTE|[8]
03:34:40.1 (14672651)|STATEMENT_EXECUTE|[9]
03:34:40.1 (14675636)|VARIABLE_SCOPE_BEGIN|[9]|x|Integer|false|false
03:34:40.1 (14683968)|HEAP_ALLOCATE|[9]|Bytes:4
03:34:40.1 (14702424)|VARIABLE_ASSIGNMENT|[9]|x|0
03:34:40.1 (14725492)|HEAP_ALLOCATE|[10]|Bytes:8
03:34:40.1 (14736611)|HEAP_ALLOCATE|[10]|Bytes:8
03:34:40.1 (14741972)|STATEMENT_EXECUTE|[10]
03:34:40.1 (14743731)|STATEMENT_EXECUTE|[11]
03:34:40.1 (14747737)|HEAP_ALLOCATE|[11]|Bytes:8
03:34:40.1 (14757050)|VARIABLE_ASSIGNMENT|[11]|x|0
03:34:40.1 (14763871)|STATEMENT_EXECUTE|[12]
03:34:40.1 (14775114)|HEAP_ALLOCATE|[12]|Bytes:8
03:34:40.1 (14795559)|STATEMENT_EXECUTE|[13]
03:34:40.1 (14805428)|HEAP_ALLOCATE|[8]|Bytes:4
03:34:40.1 (14814716)|VARIABLE_ASSIGNMENT|[8]|j|2
03:34:40.1 (14831879)|STATEMENT_EXECUTE|[8]
03:34:40.1 (14833760)|STATEMENT_EXECUTE|[9]
03:34:40.1 (14836858)|VARIABLE_SCOPE_BEGIN|[9]|x|Integer|false|false
03:34:40.1 (14855017)|HEAP_ALLOCATE|[9]|Bytes:4
03:34:40.1 (14866804)|VARIABLE_ASSIGNMENT|[9]|x|0
03:34:40.1 (14875507)|HEAP_ALLOCATE|[10]|Bytes:8
03:34:40.1 (14882981)|HEAP_ALLOCATE|[10]|Bytes:8
03:34:40.1 (14891012)|STATEMENT_EXECUTE|[10]
03:34:40.1 (14892786)|STATEMENT_EXECUTE|[11]
03:34:40.1 (14895902)|HEAP_ALLOCATE|[11]|Bytes:8
03:34:40.1 (14903703)|VARIABLE_ASSIGNMENT|[11]|x|1
03:34:40.1 (14911651)|STATEMENT_EXECUTE|[12]
03:34:40.1 (14917467)|HEAP_ALLOCATE|[12]|Bytes:8
03:34:40.1 (14926733)|STATEMENT_EXECUTE|[13]
03:34:40.1 (14930744)|HEAP_ALLOCATE|[8]|Bytes:4
03:34:40.1 (14940783)|VARIABLE_ASSIGNMENT|[8]|j|3
03:34:40.1 (14956060)|STATEMENT_EXECUTE|[8]
03:34:40.1 (14958027)|STATEMENT_EXECUTE|[9]
03:34:40.1 (14962286)|VARIABLE_SCOPE_BEGIN|[9]|x|Integer|false|false
03:34:40.1 (14974577)|HEAP_ALLOCATE|[9]|Bytes:4
03:34:40.1 (14985455)|VARIABLE_ASSIGNMENT|[9]|x|0
03:34:40.1 (14993260)|HEAP_ALLOCATE|[10]|Bytes:8
03:34:40.1 (15000123)|HEAP_ALLOCATE|[10]|Bytes:8
03:34:40.1 (15005376)|STATEMENT_EXECUTE|[10]
03:34:40.1 (15007459)|HEAP_ALLOCATE|[8]|Bytes:4
03:34:40.1 (15018233)|VARIABLE_ASSIGNMENT|[8]|j|4
03:34:40.1 (15035730)|STATEMENT_EXECUTE|[8]
03:34:40.1 (15037921)|STATEMENT_EXECUTE|[9]
03:34:40.1 (15040781)|VARIABLE_SCOPE_BEGIN|[9]|x|Integer|false|false
03:34:40.1 (15048280)|HEAP_ALLOCATE|[9]|Bytes:4
03:34:40.1 (15057634)|VARIABLE_ASSIGNMENT|[9]|x|0
03:34:40.1 (15064766)|HEAP_ALLOCATE|[10]|Bytes:8
03:34:40.1 (15073461)|HEAP_ALLOCATE|[10]|Bytes:8
03:34:40.1 (15081393)|STATEMENT_EXECUTE|[10]
03:34:40.1 (15083272)|STATEMENT_EXECUTE|[11]
03:34:40.1 (15086936)|HEAP_ALLOCATE|[11]|Bytes:8
03:34:40.1 (15095120)|VARIABLE_ASSIGNMENT|[11]|x|2
03:34:40.1 (15101612)|STATEMENT_EXECUTE|[12]
03:34:40.1 (15105459)|HEAP_ALLOCATE|[12]|Bytes:8
03:34:40.1 (15114166)|STATEMENT_EXECUTE|[13]
03:34:40.1 (15118033)|HEAP_ALLOCATE|[8]|Bytes:4
03:34:40.1 (15125250)|VARIABLE_ASSIGNMENT|[8]|j|5
03:34:40.1 (15142961)|STATEMENT_EXECUTE|[8]
03:34:40.1 (15144947)|STATEMENT_EXECUTE|[9]
03:34:40.1 (15147801)|VARIABLE_SCOPE_BEGIN|[9]|x|Integer|false|false
03:34:40.1 (15159903)|HEAP_ALLOCATE|[9]|Bytes:4
03:34:40.1 (15167451)|VARIABLE_ASSIGNMENT|[9]|x|0
03:34:40.1 (15174396)|HEAP_ALLOCATE|[10]|Bytes:8
03:34:40.1 (15188022)|HEAP_ALLOCATE|[10]|Bytes:8
03:34:40.1 (15195713)|STATEMENT_EXECUTE|[10]
03:34:40.1 (15197478)|STATEMENT_EXECUTE|[11]
03:34:40.1 (15200886)|HEAP_ALLOCATE|[11]|Bytes:8
03:34:40.1 (15208920)|VARIABLE_ASSIGNMENT|[11]|x|37
03:34:40.1 (15213993)|STATEMENT_EXECUTE|[12]
03:34:40.1 (15217809)|HEAP_ALLOCATE|[12]|Bytes:8
03:34:40.1 (15231989)|STATEMENT_EXECUTE|[13]
03:34:40.1 (15237414)|HEAP_ALLOCATE|[8]|Bytes:4
03:34:40.1 (15248140)|VARIABLE_ASSIGNMENT|[8]|j|6
03:34:40.1 (15263891)|STATEMENT_EXECUTE|[8]
03:34:40.1 (15265764)|STATEMENT_EXECUTE|[9]
03:34:40.1 (15268747)|VARIABLE_SCOPE_BEGIN|[9]|x|Integer|false|false
03:34:40.1 (15279652)|HEAP_ALLOCATE|[9]|Bytes:4
03:34:40.1 (15286438)|VARIABLE_ASSIGNMENT|[9]|x|0
03:34:40.1 (15294676)|HEAP_ALLOCATE|[10]|Bytes:8
03:34:40.1 (15304793)|HEAP_ALLOCATE|[10]|Bytes:8
03:34:40.1 (15309672)|STATEMENT_EXECUTE|[10]
03:34:40.1 (15311775)|HEAP_ALLOCATE|[8]|Bytes:4
03:34:40.1 (15321108)|VARIABLE_ASSIGNMENT|[8]|j|7
03:34:40.1 (15334308)|STATEMENT_EXECUTE|[8]
03:34:40.1 (15336135)|STATEMENT_EXECUTE|[9]
03:34:40.1 (15338821)|VARIABLE_SCOPE_BEGIN|[9]|x|Integer|false|false
03:34:40.1 (15350760)|HEAP_ALLOCATE|[9]|Bytes:4
03:34:40.1 (15361504)|VARIABLE_ASSIGNMENT|[9]|x|0
03:34:40.1 (15370896)|HEAP_ALLOCATE|[10]|Bytes:8
03:34:40.1 (15377187)|HEAP_ALLOCATE|[10]|Bytes:8
03:34:40.1 (15381970)|STATEMENT_EXECUTE|[10]
03:34:40.1 (15383676)|STATEMENT_EXECUTE|[11]
03:34:40.1 (15386522)|HEAP_ALLOCATE|[11]|Bytes:8
03:34:40.1 (15395994)|VARIABLE_ASSIGNMENT|[11]|x|43
03:34:40.1 (15401658)|STATEMENT_EXECUTE|[12]
03:34:40.1 (15407484)|HEAP_ALLOCATE|[12]|Bytes:8
03:34:40.1 (15418399)|STATEMENT_EXECUTE|[13]
03:34:40.1 (15422529)|HEAP_ALLOCATE|[8]|Bytes:4
03:34:40.1 (15429504)|VARIABLE_ASSIGNMENT|[8]|j|8
03:34:40.1 (15445054)|STATEMENT_EXECUTE|[8]
03:34:40.1 (15446870)|STATEMENT_EXECUTE|[9]
03:34:40.1 (15449480)|VARIABLE_SCOPE_BEGIN|[9]|x|Integer|false|false
03:34:40.1 (15459289)|HEAP_ALLOCATE|[9]|Bytes:4
03:34:40.1 (15469145)|VARIABLE_ASSIGNMENT|[9]|x|0
03:34:40.1 (15480306)|HEAP_ALLOCATE|[10]|Bytes:8
03:34:40.1 (15487204)|HEAP_ALLOCATE|[10]|Bytes:8
03:34:40.1 (15492208)|STATEMENT_EXECUTE|[10]
03:34:40.1 (15493939)|STATEMENT_EXECUTE|[11]
03:34:40.1 (15496934)|HEAP_ALLOCATE|[11]|Bytes:8
03:34:40.1 (15504131)|VARIABLE_ASSIGNMENT|[11]|x|65
03:34:40.1 (15508683)|STATEMENT_EXECUTE|[12]
03:34:40.1 (15516484)|HEAP_ALLOCATE|[12]|Bytes:8
03:34:40.1 (15527949)|STATEMENT_EXECUTE|[13]
03:34:40.1 (15532110)|HEAP_ALLOCATE|[8]|Bytes:4
03:34:40.1 (15539720)|VARIABLE_ASSIGNMENT|[8]|j|9
03:34:40.1 (15552894)|STATEMENT_EXECUTE|[8]
03:34:40.1 (15554692)|STATEMENT_EXECUTE|[9]
03:34:40.1 (15557433)|VARIABLE_SCOPE_BEGIN|[9]|x|Integer|false|false
03:34:40.1 (15570610)|HEAP_ALLOCATE|[9]|Bytes:4
03:34:40.1 (15580942)|VARIABLE_ASSIGNMENT|[9]|x|0
03:34:40.1 (15588520)|HEAP_ALLOCATE|[10]|Bytes:8
03:34:40.1 (15595377)|HEAP_ALLOCATE|[10]|Bytes:8
03:34:40.1 (15603168)|STATEMENT_EXECUTE|[10]
03:34:40.1 (15605027)|STATEMENT_EXECUTE|[11]
03:34:40.1 (15608379)|HEAP_ALLOCATE|[11]|Bytes:8
03:34:40.1 (15616063)|VARIABLE_ASSIGNMENT|[11]|x|95
03:34:40.1 (15621417)|STATEMENT_EXECUTE|[12]
03:34:40.1 (15627087)|HEAP_ALLOCATE|[12]|Bytes:8
03:34:40.1 (15638097)|STATEMENT_EXECUTE|[13]
03:34:40.1 (15642254)|HEAP_ALLOCATE|[8]|Bytes:4
03:34:40.1 (15651943)|VARIABLE_ASSIGNMENT|[8]|j|10
03:34:40.1 (15666250)|HEAP_ALLOCATE|[7]|Bytes:4
03:34:40.1 (15673174)|VARIABLE_ASSIGNMENT|[7]|i|1
03:34:40.1 (15690338)|STATEMENT_EXECUTE|[7]
03:34:40.1 (15693003)|STATEMENT_EXECUTE|[8]
03:34:40.1 (15696124)|VARIABLE_SCOPE_BEGIN|[8]|j|Integer|false|false
03:34:40.1 (15706421)|HEAP_ALLOCATE|[8]|Bytes:4
03:34:40.1 (15713464)|VARIABLE_ASSIGNMENT|[8]|j|2
03:34:40.1 (15725916)|STATEMENT_EXECUTE|[8]
03:34:40.1 (15727766)|STATEMENT_EXECUTE|[9]
03:34:40.1 (15730489)|VARIABLE_SCOPE_BEGIN|[9]|x|Integer|false|false
03:34:40.1 (15745023)|HEAP_ALLOCATE|[9]|Bytes:4
03:34:40.1 (15752070)|VARIABLE_ASSIGNMENT|[9]|x|0
03:34:40.1 (15759337)|HEAP_ALLOCATE|[10]|Bytes:8
03:34:40.1 (15769725)|HEAP_ALLOCATE|[10]|Bytes:8
03:34:40.1 (15774726)|STATEMENT_EXECUTE|[10]
03:34:40.1 (15776656)|STATEMENT_EXECUTE|[11]
03:34:40.1 (15779596)|HEAP_ALLOCATE|[11]|Bytes:8
03:34:40.1 (15787587)|VARIABLE_ASSIGNMENT|[11]|x|0
03:34:40.1 (15795115)|STATEMENT_EXECUTE|[12]
03:34:40.1 (15801364)|HEAP_ALLOCATE|[12]|Bytes:8
03:34:40.1 (15813842)|STATEMENT_EXECUTE|[13]
03:34:40.1 (15818883)|HEAP_ALLOCATE|[8]|Bytes:4
03:34:40.1 (15826409)|VARIABLE_ASSIGNMENT|[8]|j|3
03:34:40.1 (15840108)|STATEMENT_EXECUTE|[8]
03:34:40.1 (15841995)|STATEMENT_EXECUTE|[9]
03:34:40.1 (15844952)|VARIABLE_SCOPE_BEGIN|[9]|x|Integer|false|false
03:34:40.1 (15863368)|HEAP_ALLOCATE|[9]|Bytes:4
03:34:40.1 (15871542)|VARIABLE_ASSIGNMENT|[9]|x|0
03:34:40.1 (15878794)|HEAP_ALLOCATE|[10]|Bytes:8
03:34:40.1 (15885475)|HEAP_ALLOCATE|[10]|Bytes:8
03:34:40.1 (15889866)|STATEMENT_EXECUTE|[10]
03:34:40.1 (15891665)|STATEMENT_EXECUTE|[11]
03:34:40.1 (15894446)|HEAP_ALLOCATE|[11]|Bytes:8
03:34:40.1 (15904681)|VARIABLE_ASSIGNMENT|[11]|x|1
03:34:40.1 (15912139)|STATEMENT_EXECUTE|[12]
03:34:40.1 (15917132)|HEAP_ALLOCATE|[12]|Bytes:8
03:34:40.1 (15926590)|STATEMENT_EXECUTE|[13]
03:34:40.1 (15930358)|HEAP_ALLOCATE|[8]|Bytes:4
03:34:40.1 (15937106)|VARIABLE_ASSIGNMENT|[8]|j|4
03:34:40.1 (15951887)|STATEMENT_EXECUTE|[8]
03:34:40.1 (15953728)|STATEMENT_EXECUTE|[9]
03:34:40.1 (15957571)|VARIABLE_SCOPE_BEGIN|[9]|x|Integer|false|false
03:34:40.1 (15969084)|HEAP_ALLOCATE|[9]|Bytes:4
03:34:40.1 (15976031)|VARIABLE_ASSIGNMENT|[9]|x|0
03:34:40.1 (15985078)|HEAP_ALLOCATE|[10]|Bytes:8
03:34:40.1 (15991424)|HEAP_ALLOCATE|[10]|Bytes:8
03:34:40.1 (15996008)|STATEMENT_EXECUTE|[10]
03:34:40.1 (15998051)|HEAP_ALLOCATE|[8]|Bytes:4
03:34:40.1 (16004279)|VARIABLE_ASSIGNMENT|[8]|j|5
03:34:40.1 (16022919)|STATEMENT_EXECUTE|[8]
03:34:40.1 (16024964)|STATEMENT_EXECUTE|[9]
03:34:40.1 (16027929)|VARIABLE_SCOPE_BEGIN|[9]|x|Integer|false|false
03:34:40.1 (16035599)|HEAP_ALLOCATE|[9]|Bytes:4
03:34:40.1 (16042517)|VARIABLE_ASSIGNMENT|[9]|x|0
03:34:40.1 (16051435)|HEAP_ALLOCATE|[10]|Bytes:8
03:34:40.1 (16058104)|HEAP_ALLOCATE|[10]|Bytes:8
03:34:40.1 (16062727)|STATEMENT_EXECUTE|[10]
03:34:40.1 (16064395)|STATEMENT_EXECUTE|[11]
03:34:40.1 (16069057)|HEAP_ALLOCATE|[11]|Bytes:8
03:34:40.1 (16080171)|VARIABLE_ASSIGNMENT|[11]|x|2
03:34:40.1 (16085229)|STATEMENT_EXECUTE|[12]
03:34:40.1 (16091447)|HEAP_ALLOCATE|[12]|Bytes:8
03:34:40.1 (16100230)|STATEMENT_EXECUTE|[13]
03:34:40.1 (16104444)|HEAP_ALLOCATE|[8]|Bytes:4
03:34:40.1 (16111232)|VARIABLE_ASSIGNMENT|[8]|j|6
03:34:40.1 (16125675)|STATEMENT_EXECUTE|[8]
03:34:40.1 (16128563)|STATEMENT_EXECUTE|[9]
03:34:40.1 (16132733)|VARIABLE_SCOPE_BEGIN|[9]|x|Integer|false|false
03:34:40.1 (16144049)|HEAP_ALLOCATE|[9]|Bytes:4
03:34:40.1 (16150771)|VARIABLE_ASSIGNMENT|[9]|x|0
03:34:40.1 (16158042)|HEAP_ALLOCATE|[10]|Bytes:8
03:34:40.1 (16164328)|HEAP_ALLOCATE|[10]|Bytes:8
03:34:40.1 (16172122)|STATEMENT_EXECUTE|[10]
03:34:40.1 (16173859)|STATEMENT_EXECUTE|[11]
03:34:40.1 (16178315)|HEAP_ALLOCATE|[11]|Bytes:8
03:34:40.1 (16189691)|VARIABLE_ASSIGNMENT|[11]|x|37
03:34:40.1 (16194589)|STATEMENT_EXECUTE|[12]
03:34:40.1 (16199235)|HEAP_ALLOCATE|[12]|Bytes:8
03:34:40.1 (16207605)|STATEMENT_EXECUTE|[13]
03:34:40.1 (16211788)|HEAP_ALLOCATE|[8]|Bytes:4
03:34:40.1 (16221568)|VARIABLE_ASSIGNMENT|[8]|j|7
03:34:40.1 (16237513)|STATEMENT_EXECUTE|[8]
03:34:40.1 (16240762)|STATEMENT_EXECUTE|[9]
03:34:40.1 (16244102)|VARIABLE_SCOPE_BEGIN|[9]|x|Integer|false|false
03:34:40.1 (16252215)|HEAP_ALLOCATE|[9]|Bytes:4
03:34:40.1 (16261483)|VARIABLE_ASSIGNMENT|[9]|x|0
03:34:40.1 (16269004)|HEAP_ALLOCATE|[10]|Bytes:8
03:34:40.1 (16275744)|HEAP_ALLOCATE|[10]|Bytes:8
03:34:40.1 (16280323)|STATEMENT_EXECUTE|[10]
03:34:40.1 (16282311)|HEAP_ALLOCATE|[8]|Bytes:4
03:34:40.1 (16289506)|VARIABLE_ASSIGNMENT|[8]|j|8
03:34:40.1 (16309068)|STATEMENT_EXECUTE|[8]
03:34:40.1 (16310857)|STATEMENT_EXECUTE|[9]
03:34:40.1 (16313528)|VARIABLE_SCOPE_BEGIN|[9]|x|Integer|false|false
03:34:40.1 (16322164)|HEAP_ALLOCATE|[9]|Bytes:4
03:34:40.1 (16329117)|VARIABLE_ASSIGNMENT|[9]|x|0
03:34:40.1 (16340043)|HEAP_ALLOCATE|[10]|Bytes:8
03:34:40.1 (16352073)|HEAP_ALLOCATE|[10]|Bytes:8
03:34:40.1 (16361810)|STATEMENT_EXECUTE|[10]
03:34:40.1 (16364363)|STATEMENT_EXECUTE|[11]
03:34:40.1 (16370002)|HEAP_ALLOCATE|[11]|Bytes:8
03:34:40.1 (16384951)|VARIABLE_ASSIGNMENT|[11]|x|43
03:34:40.1 (16397036)|STATEMENT_EXECUTE|[12]
03:34:40.1 (16405393)|HEAP_ALLOCATE|[12]|Bytes:8
03:34:40.1 (16424635)|STATEMENT_EXECUTE|[13]
03:34:40.1 (16433247)|HEAP_ALLOCATE|[8]|Bytes:4
03:34:40.1 (16447089)|VARIABLE_ASSIGNMENT|[8]|j|9
03:34:40.1 (16472197)|STATEMENT_EXECUTE|[8]
03:34:40.1 (16475471)|STATEMENT_EXECUTE|[9]
03:34:40.1 (16480253)|VARIABLE_SCOPE_BEGIN|[9]|x|Integer|false|false
03:34:40.1 (16499258)|HEAP_ALLOCATE|[9]|Bytes:4
03:34:40.1 (16511994)|VARIABLE_ASSIGNMENT|[9]|x|0
03:34:40.1 (16527083)|HEAP_ALLOCATE|[10]|Bytes:8
03:34:40.1 (16539702)|HEAP_ALLOCATE|[10]|Bytes:8
03:34:40.1 (16544684)|STATEMENT_EXECUTE|[10]
03:34:40.1 (16546489)|STATEMENT_EXECUTE|[11]
03:34:40.1 (16549571)|HEAP_ALLOCATE|[11]|Bytes:8
03:34:40.1 (16557648)|VARIABLE_ASSIGNMENT|[11]|x|65
03:34:40.1 (16563289)|STATEMENT_EXECUTE|[12]
03:34:40.1 (16567429)|HEAP_ALLOCATE|[12]|Bytes:8
03:34:40.1 (16586400)|STATEMENT_EXECUTE|[13]
03:34:40.1 (16591621)|HEAP_ALLOCATE|[8]|Bytes:4
03:34:40.1 (16600359)|VARIABLE_ASSIGNMENT|[8]|j|10
03:34:40.1 (16616673)|HEAP_ALLOCATE|[7]|Bytes:4
03:34:40.1 (16623148)|VARIABLE_ASSIGNMENT|[7]|i|2
03:34:40.1 (16643468)|STATEMENT_EXECUTE|[7]
03:34:40.1 (16646202)|STATEMENT_EXECUTE|[8]
03:34:40.1 (16649613)|VARIABLE_SCOPE_BEGIN|[8]|j|Integer|false|false
03:34:40.1 (16658026)|HEAP_ALLOCATE|[8]|Bytes:4
03:34:40.1 (16664481)|VARIABLE_ASSIGNMENT|[8]|j|3
03:34:40.1 (16680412)|STATEMENT_EXECUTE|[8]
03:34:40.1 (16683287)|STATEMENT_EXECUTE|[9]
03:34:40.1 (16687539)|VARIABLE_SCOPE_BEGIN|[9]|x|Integer|false|false
03:34:40.1 (16697026)|HEAP_ALLOCATE|[9]|Bytes:4
03:34:40.1 (16704347)|VARIABLE_ASSIGNMENT|[9]|x|0
03:34:40.1 (16713719)|HEAP_ALLOCATE|[10]|Bytes:8
03:34:40.1 (16721001)|HEAP_ALLOCATE|[10]|Bytes:8
03:34:40.1 (16725447)|STATEMENT_EXECUTE|[10]
03:34:40.1 (16727268)|STATEMENT_EXECUTE|[11]
03:34:40.1 (16730643)|HEAP_ALLOCATE|[11]|Bytes:8
03:34:40.1 (16739058)|VARIABLE_ASSIGNMENT|[11]|x|0
03:34:40.1 (16746419)|STATEMENT_EXECUTE|[12]
03:34:40.1 (16753993)|HEAP_ALLOCATE|[12]|Bytes:8
03:34:40.1 (16773322)|STATEMENT_EXECUTE|[13]
03:34:40.1 (16782905)|HEAP_ALLOCATE|[8]|Bytes:4
03:34:40.1 (16799350)|VARIABLE_ASSIGNMENT|[8]|j|4
03:34:40.1 (16825435)|STATEMENT_EXECUTE|[8]
03:34:40.1 (16828686)|STATEMENT_EXECUTE|[9]
03:34:40.1 (16833612)|VARIABLE_SCOPE_BEGIN|[9]|x|Integer|false|false
03:34:40.1 (16857217)|HEAP_ALLOCATE|[9]|Bytes:4
03:34:40.1 (16870701)|VARIABLE_ASSIGNMENT|[9]|x|0
03:34:40.1 (16883899)|HEAP_ALLOCATE|[10]|Bytes:8
03:34:40.1 (16895986)|HEAP_ALLOCATE|[10]|Bytes:8
03:34:40.1 (16911270)|STATEMENT_EXECUTE|[10]
03:34:40.1 (16914021)|STATEMENT_EXECUTE|[11]
03:34:40.1 (16920544)|HEAP_ALLOCATE|[11]|Bytes:8
03:34:40.1 (16932062)|VARIABLE_ASSIGNMENT|[11]|x|1
03:34:40.1 (16936861)|STATEMENT_EXECUTE|[12]
03:34:40.1 (16940653)|HEAP_ALLOCATE|[12]|Bytes:8
03:34:40.1 (16950339)|STATEMENT_EXECUTE|[13]
03:34:40.1 (16955019)|HEAP_ALLOCATE|[8]|Bytes:4
03:34:40.1 (16966285)|VARIABLE_ASSIGNMENT|[8]|j|5
03:34:40.1 (16986358)|STATEMENT_EXECUTE|[8]
03:34:40.1 (16988447)|STATEMENT_EXECUTE|[9]
03:34:40.1 (16991304)|VARIABLE_SCOPE_BEGIN|[9]|x|Integer|false|false
03:34:40.1 (16999257)|HEAP_ALLOCATE|[9]|Bytes:4
03:34:40.1 (17007881)|VARIABLE_ASSIGNMENT|[9]|x|0
03:34:40.1 (17016101)|HEAP_ALLOCATE|[10]|Bytes:8
03:34:40.1 (17026125)|HEAP_ALLOCATE|[10]|Bytes:8
03:34:40.1 (17033774)|STATEMENT_EXECUTE|[10]
03:34:40.1 (17035919)|HEAP_ALLOCATE|[8]|Bytes:4
03:34:40.1 (17042586)|VARIABLE_ASSIGNMENT|[8]|j|6
03:34:40.1 (17057549)|STATEMENT_EXECUTE|[8]
03:34:40.1 (17059367)|STATEMENT_EXECUTE|[9]
03:34:40.1 (17062057)|VARIABLE_SCOPE_BEGIN|[9]|x|Integer|false|false
03:34:40.1 (17068858)|HEAP_ALLOCATE|[9]|Bytes:4
03:34:40.1 (17076144)|VARIABLE_ASSIGNMENT|[9]|x|0
03:34:40.1 (17089880)|HEAP_ALLOCATE|[10]|Bytes:8
03:34:40.1 (17096806)|HEAP_ALLOCATE|[10]|Bytes:8
03:34:40.1 (17101069)|STATEMENT_EXECUTE|[10]
03:34:40.1 (17102771)|STATEMENT_EXECUTE|[11]
03:34:40.1 (17105927)|HEAP_ALLOCATE|[11]|Bytes:8
03:34:40.1 (17113708)|VARIABLE_ASSIGNMENT|[11]|x|2
03:34:40.1 (17120337)|STATEMENT_EXECUTE|[12]
03:34:40.1 (17124187)|HEAP_ALLOCATE|[12]|Bytes:8
03:34:40.1 (17135053)|STATEMENT_EXECUTE|[13]
03:34:40.1 (17142290)|HEAP_ALLOCATE|[8]|Bytes:4
03:34:40.1 (17150232)|VARIABLE_ASSIGNMENT|[8]|j|7
03:34:40.1 (17163143)|STATEMENT_EXECUTE|[8]
03:34:40.1 (17164899)|STATEMENT_EXECUTE|[9]
03:34:40.1 (17167476)|VARIABLE_SCOPE_BEGIN|[9]|x|Integer|false|false
03:34:40.1 (17178034)|HEAP_ALLOCATE|[9]|Bytes:4
03:34:40.1 (17185579)|VARIABLE_ASSIGNMENT|[9]|x|0
03:34:40.1 (17196560)|HEAP_ALLOCATE|[10]|Bytes:8
03:34:40.1 (17206675)|HEAP_ALLOCATE|[10]|Bytes:8
03:34:40.1 (17211712)|STATEMENT_EXECUTE|[10]
03:34:40.1 (17213430)|STATEMENT_EXECUTE|[11]
03:34:40.1 (17216313)|HEAP_ALLOCATE|[11]|Bytes:8
03:34:40.1 (17224293)|VARIABLE_ASSIGNMENT|[11]|x|37
03:34:40.1 (17229178)|STATEMENT_EXECUTE|[12]
03:34:40.1 (17232951)|HEAP_ALLOCATE|[12]|Bytes:8
03:34:40.1 (17243209)|STATEMENT_EXECUTE|[13]
03:34:40.1 (17253392)|HEAP_ALLOCATE|[8]|Bytes:4
03:34:40.1 (17261668)|VARIABLE_ASSIGNMENT|[8]|j|8
03:34:40.1 (17274744)|STATEMENT_EXECUTE|[8]
03:34:40.1 (17276600)|STATEMENT_EXECUTE|[9]
03:34:40.1 (17279271)|VARIABLE_SCOPE_BEGIN|[9]|x|Integer|false|false
03:34:40.1 (17288289)|HEAP_ALLOCATE|[9]|Bytes:4
03:34:40.1 (17295150)|VARIABLE_ASSIGNMENT|[9]|x|0
03:34:40.1 (17306450)|HEAP_ALLOCATE|[10]|Bytes:8
03:34:40.1 (17317286)|HEAP_ALLOCATE|[10]|Bytes:8
03:34:40.1 (17325820)|STATEMENT_EXECUTE|[10]
03:34:40.1 (17328962)|HEAP_ALLOCATE|[8]|Bytes:4
03:34:40.1 (17343314)|VARIABLE_ASSIGNMENT|[8]|j|9
03:34:40.1 (17368135)|STATEMENT_EXECUTE|[8]
03:34:40.1 (17371420)|STATEMENT_EXECUTE|[9]
03:34:40.1 (17376000)|VARIABLE_SCOPE_BEGIN|[9]|x|Integer|false|false
03:34:40.1 (17388450)|HEAP_ALLOCATE|[9]|Bytes:4
03:34:40.1 (17403390)|VARIABLE_ASSIGNMENT|[9]|x|0
03:34:40.1 (17417431)|HEAP_ALLOCATE|[10]|Bytes:8
03:34:40.1 (17427352)|HEAP_ALLOCATE|[10]|Bytes:8
03:34:40.1 (17432227)|STATEMENT_EXECUTE|[10]
03:34:40.1 (17433979)|STATEMENT_EXECUTE|[11]
03:34:40.1 (17437254)|HEAP_ALLOCATE|[11]|Bytes:8
03:34:40.1 (17445280)|VARIABLE_ASSIGNMENT|[11]|x|43
03:34:40.1 (17452167)|STATEMENT_EXECUTE|[12]
03:34:40.1 (17456069)|HEAP_ALLOCATE|[12]|Bytes:8
03:34:40.1 (17467730)|STATEMENT_EXECUTE|[13]
03:34:40.1 (17475397)|HEAP_ALLOCATE|[8]|Bytes:4
03:34:40.1 (17483476)|VARIABLE_ASSIGNMENT|[8]|j|10
03:34:40.1 (17500338)|HEAP_ALLOCATE|[7]|Bytes:4
03:34:40.1 (17507534)|VARIABLE_ASSIGNMENT|[7]|i|3
03:34:40.1 (17521514)|STATEMENT_EXECUTE|[7]
03:34:40.1 (17525016)|STATEMENT_EXECUTE|[8]
03:34:40.1 (17529882)|VARIABLE_SCOPE_BEGIN|[8]|j|Integer|false|false
03:34:40.1 (17541638)|HEAP_ALLOCATE|[8]|Bytes:4
03:34:40.1 (17548702)|VARIABLE_ASSIGNMENT|[8]|j|4
03:34:40.1 (17562058)|STATEMENT_EXECUTE|[8]
03:34:40.1 (17563920)|STATEMENT_EXECUTE|[9]
03:34:40.1 (17566344)|VARIABLE_SCOPE_BEGIN|[9]|x|Integer|false|false
03:34:40.1 (17577007)|HEAP_ALLOCATE|[9]|Bytes:4
03:34:40.1 (17587015)|VARIABLE_ASSIGNMENT|[9]|x|0
03:34:40.1 (17594967)|HEAP_ALLOCATE|[10]|Bytes:8
03:34:40.1 (17602556)|HEAP_ALLOCATE|[10]|Bytes:8
03:34:40.1 (17607262)|STATEMENT_EXECUTE|[10]
03:34:40.1 (17609006)|STATEMENT_EXECUTE|[11]
03:34:40.1 (17611912)|HEAP_ALLOCATE|[11]|Bytes:8
03:34:40.1 (17621646)|VARIABLE_ASSIGNMENT|[11]|x|0
03:34:40.1 (17626386)|STATEMENT_EXECUTE|[12]
03:34:40.1 (17631455)|HEAP_ALLOCATE|[12]|Bytes:8
03:34:40.1 (17643348)|STATEMENT_EXECUTE|[13]
03:34:40.1 (17647333)|HEAP_ALLOCATE|[8]|Bytes:4
03:34:40.1 (17654539)|VARIABLE_ASSIGNMENT|[8]|j|5
03:34:40.1 (17670583)|STATEMENT_EXECUTE|[8]
03:34:40.1 (17672536)|STATEMENT_EXECUTE|[9]
03:34:40.1 (17675191)|VARIABLE_SCOPE_BEGIN|[9]|x|Integer|false|false
03:34:40.1 (17682788)|HEAP_ALLOCATE|[9]|Bytes:4
03:34:40.1 (17693058)|VARIABLE_ASSIGNMENT|[9]|x|0
03:34:40.1 (17703562)|HEAP_ALLOCATE|[10]|Bytes:8
03:34:40.1 (17710603)|HEAP_ALLOCATE|[10]|Bytes:8
03:34:40.1 (17715078)|STATEMENT_EXECUTE|[10]
03:34:40.1 (17716747)|STATEMENT_EXECUTE|[11]
03:34:40.1 (17719571)|HEAP_ALLOCATE|[11]|Bytes:8
03:34:40.1 (17727171)|VARIABLE_ASSIGNMENT|[11]|x|1
03:34:40.1 (17734059)|STATEMENT_EXECUTE|[12]
03:34:40.1 (17739462)|HEAP_ALLOCATE|[12]|Bytes:8
03:34:40.1 (17752676)|STATEMENT_EXECUTE|[13]
03:34:40.1 (17756742)|HEAP_ALLOCATE|[8]|Bytes:4
03:34:40.1 (17764001)|VARIABLE_ASSIGNMENT|[8]|j|6
03:34:40.1 (17777028)|STATEMENT_EXECUTE|[8]
03:34:40.1 (17778814)|STATEMENT_EXECUTE|[9]
03:34:40.1 (17781277)|VARIABLE_SCOPE_BEGIN|[9]|x|Integer|false|false
03:34:40.1 (17796208)|HEAP_ALLOCATE|[9]|Bytes:4
03:34:40.1 (17805886)|VARIABLE_ASSIGNMENT|[9]|x|0
03:34:40.1 (17814346)|HEAP_ALLOCATE|[10]|Bytes:8
03:34:40.1 (17821077)|HEAP_ALLOCATE|[10]|Bytes:8
03:34:40.1 (17828830)|STATEMENT_EXECUTE|[10]
03:34:40.1 (17831027)|HEAP_ALLOCATE|[8]|Bytes:4
03:34:40.1 (17837199)|VARIABLE_ASSIGNMENT|[8]|j|7
03:34:40.1 (17855417)|STATEMENT_EXECUTE|[8]
03:34:40.1 (17858604)|STATEMENT_EXECUTE|[9]
03:34:40.1 (17861851)|VARIABLE_SCOPE_BEGIN|[9]|x|Integer|false|false
03:34:40.1 (17871822)|HEAP_ALLOCATE|[9]|Bytes:4
03:34:40.1 (17878605)|VARIABLE_ASSIGNMENT|[9]|x|0
03:34:40.1 (17885948)|HEAP_ALLOCATE|[10]|Bytes:8
03:34:40.1 (17892765)|HEAP_ALLOCATE|[10]|Bytes:8
03:34:40.1 (17898698)|STATEMENT_EXECUTE|[10]
03:34:40.1 (17900472)|STATEMENT_EXECUTE|[11]
03:34:40.1 (17904798)|HEAP_ALLOCATE|[11]|Bytes:8
03:34:40.1 (17916058)|VARIABLE_ASSIGNMENT|[11]|x|2
03:34:40.1 (17920946)|STATEMENT_EXECUTE|[12]
03:34:40.1 (17925358)|HEAP_ALLOCATE|[12]|Bytes:8
03:34:40.1 (17933727)|STATEMENT_EXECUTE|[13]
03:34:40.1 (17937514)|HEAP_ALLOCATE|[8]|Bytes:4
03:34:40.1 (17946396)|VARIABLE_ASSIGNMENT|[8]|j|8
03:34:40.1 (17961503)|STATEMENT_EXECUTE|[8]
03:34:40.1 (17964130)|STATEMENT_EXECUTE|[9]
03:34:40.1 (17968572)|VARIABLE_SCOPE_BEGIN|[9]|x|Integer|false|false
03:34:40.1 (17976695)|HEAP_ALLOCATE|[9]|Bytes:4
03:34:40.1 (17984878)|VARIABLE_ASSIGNMENT|[9]|x|0
03:34:40.1 (17992295)|HEAP_ALLOCATE|[10]|Bytes:8
03:34:40.1 (17998716)|HEAP_ALLOCATE|[10]|Bytes:8
03:34:40.1 (18003871)|STATEMENT_EXECUTE|[10]
03:34:40.1 (18006108)|STATEMENT_EXECUTE|[11]
03:34:40.1 (18009096)|HEAP_ALLOCATE|[11]|Bytes:8
03:34:40.1 (18018087)|VARIABLE_ASSIGNMENT|[11]|x|37
03:34:40.1 (18026954)|STATEMENT_EXECUTE|[12]
03:34:40.1 (18031998)|HEAP_ALLOCATE|[12]|Bytes:8
03:34:40.1 (18040746)|STATEMENT_EXECUTE|[13]
03:34:40.1 (18044729)|HEAP_ALLOCATE|[8]|Bytes:4
03:34:40.1 (18052003)|VARIABLE_ASSIGNMENT|[8]|j|9
03:34:40.1 (18064947)|STATEMENT_EXECUTE|[8]
03:34:40.1 (18071063)|STATEMENT_EXECUTE|[9]
03:34:40.1 (18075169)|VARIABLE_SCOPE_BEGIN|[9]|x|Integer|false|false
03:34:40.1 (18084697)|HEAP_ALLOCATE|[9]|Bytes:4
03:34:40.1 (18091798)|VARIABLE_ASSIGNMENT|[9]|x|0
03:34:40.1 (18098884)|HEAP_ALLOCATE|[10]|Bytes:8
03:34:40.1 (18108048)|HEAP_ALLOCATE|[10]|Bytes:8
03:34:40.1 (18112915)|STATEMENT_EXECUTE|[10]
03:34:40.1 (18114904)|HEAP_ALLOCATE|[8]|Bytes:4
03:34:40.1 (18120977)|VARIABLE_ASSIGNMENT|[8]|j|10
03:34:40.1 (18139068)|HEAP_ALLOCATE|[7]|Bytes:4
03:34:40.1 (18149272)|VARIABLE_ASSIGNMENT|[7]|i|4
03:34:40.1 (18161760)|STATEMENT_EXECUTE|[7]
03:34:40.1 (18163936)|STATEMENT_EXECUTE|[8]
03:34:40.1 (18166902)|VARIABLE_SCOPE_BEGIN|[8]|j|Integer|false|false
03:34:40.1 (18173523)|HEAP_ALLOCATE|[8]|Bytes:4
03:34:40.1 (18184964)|VARIABLE_ASSIGNMENT|[8]|j|5
03:34:40.1 (18201691)|STATEMENT_EXECUTE|[8]
03:34:40.1 (18203700)|STATEMENT_EXECUTE|[9]
03:34:40.1 (18206347)|VARIABLE_SCOPE_BEGIN|[9]|x|Integer|false|false
03:34:40.1 (18213639)|HEAP_ALLOCATE|[9]|Bytes:4
03:34:40.1 (18221602)|VARIABLE_ASSIGNMENT|[9]|x|0
03:34:40.1 (18228731)|HEAP_ALLOCATE|[10]|Bytes:8
03:34:40.1 (18237042)|HEAP_ALLOCATE|[10]|Bytes:8
03:34:40.1 (18245105)|STATEMENT_EXECUTE|[10]
03:34:40.1 (18246974)|STATEMENT_EXECUTE|[11]
03:34:40.1 (18250778)|HEAP_ALLOCATE|[11]|Bytes:8
03:34:40.1 (18258997)|VARIABLE_ASSIGNMENT|[11]|x|0
03:34:40.1 (18265608)|STATEMENT_EXECUTE|[12]
03:34:40.1 (18269718)|HEAP_ALLOCATE|[12]|Bytes:8
03:34:40.1 (18278822)|STATEMENT_EXECUTE|[13]
03:34:40.1 (18282717)|HEAP_ALLOCATE|[8]|Bytes:4
03:34:40.1 (18290299)|VARIABLE_ASSIGNMENT|[8]|j|6
03:34:40.1 (18307885)|STATEMENT_EXECUTE|[8]
03:34:40.1 (18309782)|STATEMENT_EXECUTE|[9]
03:34:40.1 (18312550)|VARIABLE_SCOPE_BEGIN|[9]|x|Integer|false|false
03:34:40.1 (18322015)|HEAP_ALLOCATE|[9]|Bytes:4
03:34:40.1 (18328945)|VARIABLE_ASSIGNMENT|[9]|x|0
03:34:40.1 (18335633)|HEAP_ALLOCATE|[10]|Bytes:8
03:34:40.1 (18343980)|HEAP_ALLOCATE|[10]|Bytes:8
03:34:40.1 (18352353)|STATEMENT_EXECUTE|[10]
03:34:40.1 (18355029)|STATEMENT_EXECUTE|[11]
03:34:40.1 (18359148)|HEAP_ALLOCATE|[11]|Bytes:8
03:34:40.1 (18368249)|VARIABLE_ASSIGNMENT|[11]|x|1
03:34:40.1 (18372500)|STATEMENT_EXECUTE|[12]
03:34:40.1 (18376262)|HEAP_ALLOCATE|[12]|Bytes:8
03:34:40.1 (18386555)|STATEMENT_EXECUTE|[13]
03:34:40.1 (18390701)|HEAP_ALLOCATE|[8]|Bytes:4
03:34:40.1 (18397359)|VARIABLE_ASSIGNMENT|[8]|j|7
03:34:40.1 (18415430)|STATEMENT_EXECUTE|[8]
03:34:40.1 (18417416)|STATEMENT_EXECUTE|[9]
03:34:40.1 (18420798)|VARIABLE_SCOPE_BEGIN|[9]|x|Integer|false|false
03:34:40.1 (18435588)|HEAP_ALLOCATE|[9]|Bytes:4
03:34:40.1 (18446786)|VARIABLE_ASSIGNMENT|[9]|x|0
03:34:40.1 (18459838)|HEAP_ALLOCATE|[10]|Bytes:8
03:34:40.1 (18473387)|HEAP_ALLOCATE|[10]|Bytes:8
03:34:40.1 (18483467)|STATEMENT_EXECUTE|[10]
03:34:40.1 (18486788)|HEAP_ALLOCATE|[8]|Bytes:4
03:34:40.1 (18502664)|VARIABLE_ASSIGNMENT|[8]|j|8
03:34:40.1 (18527614)|STATEMENT_EXECUTE|[8]
03:34:40.1 (18530784)|STATEMENT_EXECUTE|[9]
03:34:40.1 (18535611)|VARIABLE_SCOPE_BEGIN|[9]|x|Integer|false|false
03:34:40.1 (18552606)|HEAP_ALLOCATE|[9]|Bytes:4
03:34:40.1 (18565529)|VARIABLE_ASSIGNMENT|[9]|x|0
03:34:40.1 (18578745)|HEAP_ALLOCATE|[10]|Bytes:8
03:34:40.1 (18591193)|HEAP_ALLOCATE|[10]|Bytes:8
03:34:40.1 (18600261)|STATEMENT_EXECUTE|[10]
03:34:40.1 (18603129)|STATEMENT_EXECUTE|[11]
03:34:40.1 (18608607)|HEAP_ALLOCATE|[11]|Bytes:8
03:34:40.1 (18621621)|VARIABLE_ASSIGNMENT|[11]|x|2
03:34:40.1 (18626839)|STATEMENT_EXECUTE|[12]
03:34:40.1 (18630737)|HEAP_ALLOCATE|[12]|Bytes:8
03:34:40.1 (18640150)|STATEMENT_EXECUTE|[13]
03:34:40.1 (18644335)|HEAP_ALLOCATE|[8]|Bytes:4
03:34:40.1 (18651469)|VARIABLE_ASSIGNMENT|[8]|j|9
03:34:40.1 (18673023)|STATEMENT_EXECUTE|[8]
03:34:40.1 (18675067)|STATEMENT_EXECUTE|[9]
03:34:40.1 (18678100)|VARIABLE_SCOPE_BEGIN|[9]|x|Integer|false|false
03:34:40.1 (18685837)|HEAP_ALLOCATE|[9]|Bytes:4
03:34:40.1 (18695368)|VARIABLE_ASSIGNMENT|[9]|x|0
03:34:40.1 (18710094)|HEAP_ALLOCATE|[10]|Bytes:8
03:34:40.1 (18722901)|HEAP_ALLOCATE|[10]|Bytes:8
03:34:40.1 (18732048)|STATEMENT_EXECUTE|[10]
03:34:40.1 (18734947)|STATEMENT_EXECUTE|[11]
03:34:40.1 (18740646)|HEAP_ALLOCATE|[11]|Bytes:8
03:34:40.1 (18755899)|VARIABLE_ASSIGNMENT|[11]|x|37
03:34:40.1 (18768814)|STATEMENT_EXECUTE|[12]
03:34:40.1 (18777270)|HEAP_ALLOCATE|[12]|Bytes:8
03:34:40.1 (18794350)|STATEMENT_EXECUTE|[13]
03:34:40.1 (18802195)|HEAP_ALLOCATE|[8]|Bytes:4
03:34:40.1 (18811835)|VARIABLE_ASSIGNMENT|[8]|j|10
03:34:40.1 (18827335)|HEAP_ALLOCATE|[7]|Bytes:4
03:34:40.1 (18834558)|VARIABLE_ASSIGNMENT|[7]|i|5
03:34:40.1 (18857760)|STATEMENT_EXECUTE|[7]
03:34:40.1 (18860540)|STATEMENT_EXECUTE|[8]
03:34:40.1 (18864291)|VARIABLE_SCOPE_BEGIN|[8]|j|Integer|false|false
03:34:40.1 (18877117)|HEAP_ALLOCATE|[8]|Bytes:4
03:34:40.1 (18888345)|VARIABLE_ASSIGNMENT|[8]|j|6
03:34:40.1 (18917213)|STATEMENT_EXECUTE|[8]
03:34:40.1 (18920291)|STATEMENT_EXECUTE|[9]
03:34:40.1 (18925803)|VARIABLE_SCOPE_BEGIN|[9]|x|Integer|false|false
03:34:40.1 (18939263)|HEAP_ALLOCATE|[9]|Bytes:4
03:34:40.1 (18956704)|VARIABLE_ASSIGNMENT|[9]|x|0
03:34:40.1 (18969076)|HEAP_ALLOCATE|[10]|Bytes:8
03:34:40.1 (18977262)|HEAP_ALLOCATE|[10]|Bytes:8
03:34:40.1 (18981966)|STATEMENT_EXECUTE|[10]
03:34:40.1 (18983745)|STATEMENT_EXECUTE|[11]
03:34:40.1 (18986866)|HEAP_ALLOCATE|[11]|Bytes:8
03:34:40.1 (18994234)|VARIABLE_ASSIGNMENT|[11]|x|0
03:34:40.1 (19000810)|STATEMENT_EXECUTE|[12]
03:34:40.1 (19006489)|HEAP_ALLOCATE|[12]|Bytes:8
03:34:40.1 (19021135)|STATEMENT_EXECUTE|[13]
03:34:40.1 (19025542)|HEAP_ALLOCATE|[8]|Bytes:4
03:34:40.1 (19033404)|VARIABLE_ASSIGNMENT|[8]|j|7
03:34:40.1 (19048287)|STATEMENT_EXECUTE|[8]
03:34:40.1 (19050144)|STATEMENT_EXECUTE|[9]
03:34:40.1 (19052955)|VARIABLE_SCOPE_BEGIN|[9]|x|Integer|false|false
03:34:40.1 (19064015)|HEAP_ALLOCATE|[9]|Bytes:4
03:34:40.1 (19073871)|VARIABLE_ASSIGNMENT|[9]|x|0
03:34:40.1 (19082640)|HEAP_ALLOCATE|[10]|Bytes:8
03:34:40.1 (19094294)|HEAP_ALLOCATE|[10]|Bytes:8
03:34:40.1 (19098962)|STATEMENT_EXECUTE|[10]
03:34:40.1 (19100630)|STATEMENT_EXECUTE|[11]
03:34:40.1 (19103515)|HEAP_ALLOCATE|[11]|Bytes:8
03:34:40.1 (19111170)|VARIABLE_ASSIGNMENT|[11]|x|1
03:34:40.1 (19119299)|STATEMENT_EXECUTE|[12]
03:34:40.1 (19125375)|HEAP_ALLOCATE|[12]|Bytes:8
03:34:40.1 (19140239)|STATEMENT_EXECUTE|[13]
03:34:40.1 (19144396)|HEAP_ALLOCATE|[8]|Bytes:4
03:34:40.1 (19153768)|VARIABLE_ASSIGNMENT|[8]|j|8
03:34:40.1 (19168558)|STATEMENT_EXECUTE|[8]
03:34:40.1 (19170324)|STATEMENT_EXECUTE|[9]
03:34:40.1 (19174354)|VARIABLE_SCOPE_BEGIN|[9]|x|Integer|false|false
03:34:40.1 (19188796)|HEAP_ALLOCATE|[9]|Bytes:4
03:34:40.1 (19196163)|VARIABLE_ASSIGNMENT|[9]|x|0
03:34:40.1 (19203449)|HEAP_ALLOCATE|[10]|Bytes:8
03:34:40.1 (19212016)|HEAP_ALLOCATE|[10]|Bytes:8
03:34:40.1 (19217103)|STATEMENT_EXECUTE|[10]
03:34:40.1 (19219323)|HEAP_ALLOCATE|[8]|Bytes:4
03:34:40.1 (19230124)|VARIABLE_ASSIGNMENT|[8]|j|9
03:34:40.1 (19248312)|STATEMENT_EXECUTE|[8]
03:34:40.1 (19250219)|STATEMENT_EXECUTE|[9]
03:34:40.1 (19253435)|VARIABLE_SCOPE_BEGIN|[9]|x|Integer|false|false
03:34:40.1 (19263428)|HEAP_ALLOCATE|[9]|Bytes:4
03:34:40.1 (19270157)|VARIABLE_ASSIGNMENT|[9]|x|0
03:34:40.1 (19277268)|HEAP_ALLOCATE|[10]|Bytes:8
03:34:40.1 (19285178)|HEAP_ALLOCATE|[10]|Bytes:8
03:34:40.1 (19293506)|STATEMENT_EXECUTE|[10]
03:34:40.1 (19295359)|STATEMENT_EXECUTE|[11]
03:34:40.1 (19298855)|HEAP_ALLOCATE|[11]|Bytes:8
03:34:40.1 (19310209)|VARIABLE_ASSIGNMENT|[11]|x|2
03:34:40.1 (19316573)|STATEMENT_EXECUTE|[12]
03:34:40.1 (19320623)|HEAP_ALLOCATE|[12]|Bytes:8
03:34:40.1 (19330231)|STATEMENT_EXECUTE|[13]
03:34:40.1 (19334714)|HEAP_ALLOCATE|[8]|Bytes:4
03:34:40.1 (19345233)|VARIABLE_ASSIGNMENT|[8]|j|10
03:34:40.1 (19364119)|HEAP_ALLOCATE|[7]|Bytes:4
03:34:40.1 (19371143)|VARIABLE_ASSIGNMENT|[7]|i|6
03:34:40.1 (19382636)|STATEMENT_EXECUTE|[7]
03:34:40.1 (19384956)|STATEMENT_EXECUTE|[8]
03:34:40.1 (19388077)|VARIABLE_SCOPE_BEGIN|[8]|j|Integer|false|false
03:34:40.1 (19401751)|HEAP_ALLOCATE|[8]|Bytes:4
03:34:40.1 (19410387)|VARIABLE_ASSIGNMENT|[8]|j|7
03:34:40.1 (19423668)|STATEMENT_EXECUTE|[8]
03:34:40.1 (19425487)|STATEMENT_EXECUTE|[9]
03:34:40.1 (19428069)|VARIABLE_SCOPE_BEGIN|[9]|x|Integer|false|false
03:34:40.1 (19439063)|HEAP_ALLOCATE|[9]|Bytes:4
03:34:40.1 (19445189)|VARIABLE_ASSIGNMENT|[9]|x|0
03:34:40.1 (19455500)|HEAP_ALLOCATE|[10]|Bytes:8
03:34:40.1 (19464573)|HEAP_ALLOCATE|[10]|Bytes:8
03:34:40.1 (19469018)|STATEMENT_EXECUTE|[10]
03:34:40.1 (19470672)|STATEMENT_EXECUTE|[11]
03:34:40.1 (19476699)|HEAP_ALLOCATE|[11]|Bytes:8
03:34:40.1 (19484893)|VARIABLE_ASSIGNMENT|[11]|x|0
03:34:40.1 (19489259)|STATEMENT_EXECUTE|[12]
03:34:40.1 (19492959)|HEAP_ALLOCATE|[12]|Bytes:8
03:34:40.1 (19500850)|STATEMENT_EXECUTE|[13]
03:34:40.1 (19507559)|HEAP_ALLOCATE|[8]|Bytes:4
03:34:40.1 (19517606)|VARIABLE_ASSIGNMENT|[8]|j|8
03:34:40.1 (19535504)|STATEMENT_EXECUTE|[8]
03:34:40.1 (19537360)|STATEMENT_EXECUTE|[9]
03:34:40.1 (19540134)|VARIABLE_SCOPE_BEGIN|[9]|x|Integer|false|false
03:34:40.1 (19547382)|HEAP_ALLOCATE|[9]|Bytes:4
03:34:40.1 (19556069)|VARIABLE_ASSIGNMENT|[9]|x|0
03:34:40.1 (19570153)|HEAP_ALLOCATE|[10]|Bytes:8
03:34:40.1 (19577786)|HEAP_ALLOCATE|[10]|Bytes:8
03:34:40.1 (19582609)|STATEMENT_EXECUTE|[10]
03:34:40.1 (19584268)|STATEMENT_EXECUTE|[11]
03:34:40.1 (19587125)|HEAP_ALLOCATE|[11]|Bytes:8
03:34:40.1 (19594626)|VARIABLE_ASSIGNMENT|[11]|x|1
03:34:40.1 (19601747)|STATEMENT_EXECUTE|[12]
03:34:40.1 (19605697)|HEAP_ALLOCATE|[12]|Bytes:8
03:34:40.1 (19617864)|STATEMENT_EXECUTE|[13]
03:34:40.1 (19625399)|HEAP_ALLOCATE|[8]|Bytes:4
03:34:40.1 (19633012)|VARIABLE_ASSIGNMENT|[8]|j|9
03:34:40.1 (19645767)|STATEMENT_EXECUTE|[8]
03:34:40.1 (19647570)|STATEMENT_EXECUTE|[9]
03:34:40.1 (19650157)|VARIABLE_SCOPE_BEGIN|[9]|x|Integer|false|false
03:34:40.1 (19664906)|HEAP_ALLOCATE|[9]|Bytes:4
03:34:40.1 (19676999)|VARIABLE_ASSIGNMENT|[9]|x|0
03:34:40.1 (19687132)|HEAP_ALLOCATE|[10]|Bytes:8
03:34:40.1 (19696717)|HEAP_ALLOCATE|[10]|Bytes:8
03:34:40.1 (19702184)|STATEMENT_EXECUTE|[10]
03:34:40.1 (19704269)|HEAP_ALLOCATE|[8]|Bytes:4
03:34:40.1 (19712285)|VARIABLE_ASSIGNMENT|[8]|j|10
03:34:40.1 (19729926)|HEAP_ALLOCATE|[7]|Bytes:4
03:34:40.1 (19738583)|VARIABLE_ASSIGNMENT|[7]|i|7
03:34:40.1 (19753898)|STATEMENT_EXECUTE|[7]
03:34:40.1 (19756210)|STATEMENT_EXECUTE|[8]
03:34:40.1 (19759376)|VARIABLE_SCOPE_BEGIN|[8]|j|Integer|false|false
03:34:40.1 (19766802)|HEAP_ALLOCATE|[8]|Bytes:4
03:34:40.1 (19774758)|VARIABLE_ASSIGNMENT|[8]|j|8
03:34:40.1 (19795171)|STATEMENT_EXECUTE|[8]
03:34:40.1 (19798077)|STATEMENT_EXECUTE|[9]
03:34:40.1 (19802024)|VARIABLE_SCOPE_BEGIN|[9]|x|Integer|false|false
03:34:40.1 (19810500)|HEAP_ALLOCATE|[9]|Bytes:4
03:34:40.1 (19819426)|VARIABLE_ASSIGNMENT|[9]|x|0
03:34:40.1 (19827320)|HEAP_ALLOCATE|[10]|Bytes:8
03:34:40.1 (19833835)|HEAP_ALLOCATE|[10]|Bytes:8
03:34:40.1 (19838220)|STATEMENT_EXECUTE|[10]
03:34:40.1 (19839859)|STATEMENT_EXECUTE|[11]
03:34:40.1 (19842645)|HEAP_ALLOCATE|[11]|Bytes:8
03:34:40.1 (19856759)|VARIABLE_ASSIGNMENT|[11]|x|0
03:34:40.1 (19864355)|STATEMENT_EXECUTE|[12]
03:34:40.1 (19869355)|HEAP_ALLOCATE|[12]|Bytes:8
03:34:40.1 (19879230)|STATEMENT_EXECUTE|[13]
03:34:40.1 (19883243)|HEAP_ALLOCATE|[8]|Bytes:4
03:34:40.1 (19890382)|VARIABLE_ASSIGNMENT|[8]|j|9
03:34:40.1 (19906798)|STATEMENT_EXECUTE|[8]
03:34:40.1 (19909585)|STATEMENT_EXECUTE|[9]
03:34:40.1 (19915859)|VARIABLE_SCOPE_BEGIN|[9]|x|Integer|false|false
03:34:40.1 (19925133)|HEAP_ALLOCATE|[9]|Bytes:4
03:34:40.1 (19931969)|VARIABLE_ASSIGNMENT|[9]|x|0
03:34:40.1 (19939255)|HEAP_ALLOCATE|[10]|Bytes:8
03:34:40.1 (19948052)|HEAP_ALLOCATE|[10]|Bytes:8
03:34:40.1 (19953666)|STATEMENT_EXECUTE|[10]
03:34:40.1 (19955333)|STATEMENT_EXECUTE|[11]
03:34:40.1 (19960411)|HEAP_ALLOCATE|[11]|Bytes:8
03:34:40.1 (19971674)|VARIABLE_ASSIGNMENT|[11]|x|1
03:34:40.1 (19976589)|STATEMENT_EXECUTE|[12]
03:34:40.1 (19980958)|HEAP_ALLOCATE|[12]|Bytes:8
03:34:40.1 (19991617)|STATEMENT_EXECUTE|[13]
03:34:40.1 (19995754)|HEAP_ALLOCATE|[8]|Bytes:4
03:34:40.1 (20004406)|VARIABLE_ASSIGNMENT|[8]|j|10
03:34:40.1 (20027874)|HEAP_ALLOCATE|[7]|Bytes:4
03:34:40.1 (20041706)|VARIABLE_ASSIGNMENT|[7]|i|8
03:34:40.1 (20069812)|STATEMENT_EXECUTE|[7]
03:34:40.1 (20073973)|STATEMENT_EXECUTE|[8]
03:34:40.1 (20079872)|VARIABLE_SCOPE_BEGIN|[8]|j|Integer|false|false
03:34:40.1 (20095926)|HEAP_ALLOCATE|[8]|Bytes:4
03:34:40.1 (20107460)|VARIABLE_ASSIGNMENT|[8]|j|9
03:34:40.1 (20126980)|STATEMENT_EXECUTE|[8]
03:34:40.1 (20128925)|STATEMENT_EXECUTE|[9]
03:34:40.1 (20131605)|VARIABLE_SCOPE_BEGIN|[9]|x|Integer|false|false
03:34:40.1 (20139730)|HEAP_ALLOCATE|[9]|Bytes:4
03:34:40.1 (20148209)|VARIABLE_ASSIGNMENT|[9]|x|0
03:34:40.1 (20163510)|HEAP_ALLOCATE|[10]|Bytes:8
03:34:40.1 (20171853)|HEAP_ALLOCATE|[10]|Bytes:8
03:34:40.1 (20176946)|STATEMENT_EXECUTE|[10]
03:34:40.1 (20178696)|STATEMENT_EXECUTE|[11]
03:34:40.1 (20181764)|HEAP_ALLOCATE|[11]|Bytes:8
03:34:40.1 (20189298)|VARIABLE_ASSIGNMENT|[11]|x|0
03:34:40.1 (20194305)|STATEMENT_EXECUTE|[12]
03:34:40.1 (20201387)|HEAP_ALLOCATE|[12]|Bytes:8
03:34:40.1 (20214822)|STATEMENT_EXECUTE|[13]
03:34:40.1 (20219101)|HEAP_ALLOCATE|[8]|Bytes:4
03:34:40.1 (20226616)|VARIABLE_ASSIGNMENT|[8]|j|10
03:34:40.1 (20241170)|HEAP_ALLOCATE|[7]|Bytes:4
03:34:40.1 (20248808)|VARIABLE_ASSIGNMENT|[7]|i|9
03:34:40.1 (20269841)|STATEMENT_EXECUTE|[7]
03:34:40.1 (20272308)|STATEMENT_EXECUTE|[8]
03:34:40.1 (20275479)|VARIABLE_SCOPE_BEGIN|[8]|j|Integer|false|false
03:34:40.1 (20283797)|HEAP_ALLOCATE|[8]|Bytes:4
03:34:40.1 (20291287)|VARIABLE_ASSIGNMENT|[8]|j|10
03:34:40.1 (20307191)|STATEMENT_EXECUTE|[8]
03:34:40.1 (20309878)|HEAP_ALLOCATE|[7]|Bytes:4
03:34:40.1 (20320461)|VARIABLE_ASSIGNMENT|[7]|i|10
03:34:40.1 (20334367)|STATEMENT_EXECUTE|[18]
03:34:40.1 (20366428)|USER_DEBUG|[18]|DEBUG|(443, 95, 65, 43, 43, 37, 2, 2, 1, 0)
03:34:40.1 (20390580)|METHOD_EXIT|[4]|01p6F00000MPtB2|Array_Operations.Descending()
03:34:40.1 (20397791)|SYSTEM_MODE_EXIT|false
03:34:40.1 (20405320)|STATEMENT_EXECUTE|[5]
03:34:40.1 (20438121)|SYSTEM_MODE_ENTER|false
03:34:40.1 (20461170)|HEAP_ALLOCATE|[5]|Bytes:5
03:34:40.1 (20476842)|METHOD_ENTRY|[5]|01p6F00000MPtB2|Array_Operations.MinimumNum()
03:34:40.1 (20506089)|VARIABLE_SCOPE_BEGIN|[40]|this|Array_Operations|true|false
03:34:40.1 (20541049)|VARIABLE_ASSIGNMENT|[40]|this|{"integerList":"0x5b3e7c61"}|0x5efbefb9
03:34:40.1 (20559670)|HEAP_ALLOCATE|[42]|Bytes:5
03:34:40.1 (20565274)|STATEMENT_EXECUTE|[40]
03:34:40.1 (20567122)|STATEMENT_EXECUTE|[42]
03:34:40.1 (20580334)|HEAP_ALLOCATE|[42]|Bytes:8
03:34:40.1 (20589131)|VARIABLE_SCOPE_BEGIN|[42]|int_min|Integer|false|false
03:34:40.1 (20605438)|VARIABLE_ASSIGNMENT|[42]|int_min|443
03:34:40.1 (20612021)|STATEMENT_EXECUTE|[43]
03:34:40.1 (20615112)|VARIABLE_SCOPE_BEGIN|[43]|i|Integer|false|false
03:34:40.1 (20624856)|HEAP_ALLOCATE|[43]|Bytes:4
03:34:40.1 (20630813)|VARIABLE_ASSIGNMENT|[43]|i|0
03:34:40.1 (20669768)|STATEMENT_EXECUTE|[43]
03:34:40.1 (20677684)|HEAP_ALLOCATE|[44]|Bytes:8
03:34:40.1 (20685465)|STATEMENT_EXECUTE|[44]
03:34:40.1 (20687742)|HEAP_ALLOCATE|[43]|Bytes:4
03:34:40.1 (20695043)|VARIABLE_ASSIGNMENT|[43]|i|1
03:34:40.1 (20712176)|STATEMENT_EXECUTE|[43]
03:34:40.1 (20717628)|HEAP_ALLOCATE|[44]|Bytes:8
03:34:40.1 (20724804)|STATEMENT_EXECUTE|[45]
03:34:40.1 (20729531)|STATEMENT_EXECUTE|[46]
03:34:40.1 (20734868)|HEAP_ALLOCATE|[46]|Bytes:8
03:34:40.1 (20743803)|VARIABLE_ASSIGNMENT|[46]|int_min|95
03:34:40.1 (20748884)|HEAP_ALLOCATE|[43]|Bytes:4
03:34:40.1 (20753906)|VARIABLE_ASSIGNMENT|[43]|i|2
03:34:40.1 (20772068)|STATEMENT_EXECUTE|[43]
03:34:40.1 (20776846)|HEAP_ALLOCATE|[44]|Bytes:8
03:34:40.1 (20782821)|STATEMENT_EXECUTE|[45]
03:34:40.1 (20784606)|STATEMENT_EXECUTE|[46]
03:34:40.1 (20788224)|HEAP_ALLOCATE|[46]|Bytes:8
03:34:40.1 (20800252)|VARIABLE_ASSIGNMENT|[46]|int_min|65
03:34:40.1 (20806932)|HEAP_ALLOCATE|[43]|Bytes:4
03:34:40.1 (20812921)|VARIABLE_ASSIGNMENT|[43]|i|3
03:34:40.1 (20829465)|STATEMENT_EXECUTE|[43]
03:34:40.1 (20833505)|HEAP_ALLOCATE|[44]|Bytes:8
03:34:40.1 (20839350)|STATEMENT_EXECUTE|[45]
03:34:40.1 (20841047)|STATEMENT_EXECUTE|[46]
03:34:40.1 (20843921)|HEAP_ALLOCATE|[46]|Bytes:8
03:34:40.1 (20860119)|VARIABLE_ASSIGNMENT|[46]|int_min|43
03:34:40.1 (20867608)|HEAP_ALLOCATE|[43]|Bytes:4
03:34:40.1 (20873351)|VARIABLE_ASSIGNMENT|[43]|i|4
03:34:40.1 (20886461)|STATEMENT_EXECUTE|[43]
03:34:40.1 (20890204)|HEAP_ALLOCATE|[44]|Bytes:8
03:34:40.1 (20896360)|STATEMENT_EXECUTE|[44]
03:34:40.1 (20898464)|HEAP_ALLOCATE|[43]|Bytes:4
03:34:40.1 (20906971)|VARIABLE_ASSIGNMENT|[43]|i|5
03:34:40.1 (20924047)|STATEMENT_EXECUTE|[43]
03:34:40.1 (20927958)|HEAP_ALLOCATE|[44]|Bytes:8
03:34:40.1 (20933880)|STATEMENT_EXECUTE|[45]
03:34:40.1 (20935591)|STATEMENT_EXECUTE|[46]
03:34:40.1 (20938445)|HEAP_ALLOCATE|[46]|Bytes:8
03:34:40.1 (20946248)|VARIABLE_ASSIGNMENT|[46]|int_min|37
03:34:40.1 (20953236)|HEAP_ALLOCATE|[43]|Bytes:4
03:34:40.1 (20960591)|VARIABLE_ASSIGNMENT|[43]|i|6
03:34:40.1 (20975953)|STATEMENT_EXECUTE|[43]
03:34:40.1 (20979468)|HEAP_ALLOCATE|[44]|Bytes:8
03:34:40.1 (20984757)|STATEMENT_EXECUTE|[45]
03:34:40.1 (20986388)|STATEMENT_EXECUTE|[46]
03:34:40.1 (20989151)|HEAP_ALLOCATE|[46]|Bytes:8
03:34:40.1 (20996246)|VARIABLE_ASSIGNMENT|[46]|int_min|2
03:34:40.1 (21004310)|HEAP_ALLOCATE|[43]|Bytes:4
03:34:40.1 (21012187)|VARIABLE_ASSIGNMENT|[43]|i|7
03:34:40.1 (21028676)|STATEMENT_EXECUTE|[43]
03:34:40.1 (21032440)|HEAP_ALLOCATE|[44]|Bytes:8
03:34:40.1 (21038838)|STATEMENT_EXECUTE|[44]
03:34:40.1 (21042807)|HEAP_ALLOCATE|[43]|Bytes:4
03:34:40.1 (21050838)|VARIABLE_ASSIGNMENT|[43]|i|8
03:34:40.1 (21063726)|STATEMENT_EXECUTE|[43]
03:34:40.1 (21068474)|HEAP_ALLOCATE|[44]|Bytes:8
03:34:40.1 (21077275)|STATEMENT_EXECUTE|[45]
03:34:40.1 (21079188)|STATEMENT_EXECUTE|[46]
03:34:40.1 (21082701)|HEAP_ALLOCATE|[46]|Bytes:8
03:34:40.1 (21091077)|VARIABLE_ASSIGNMENT|[46]|int_min|1
03:34:40.1 (21097800)|HEAP_ALLOCATE|[43]|Bytes:4
03:34:40.1 (21103646)|VARIABLE_ASSIGNMENT|[43]|i|9
03:34:40.1 (21116548)|STATEMENT_EXECUTE|[43]
03:34:40.1 (21120360)|HEAP_ALLOCATE|[44]|Bytes:8
03:34:40.1 (21129592)|STATEMENT_EXECUTE|[45]
03:34:40.1 (21131677)|STATEMENT_EXECUTE|[46]
03:34:40.1 (21135648)|HEAP_ALLOCATE|[46]|Bytes:8
03:34:40.1 (21147697)|VARIABLE_ASSIGNMENT|[46]|int_min|0
03:34:40.1 (21153551)|HEAP_ALLOCATE|[43]|Bytes:4
03:34:40.1 (21160069)|VARIABLE_ASSIGNMENT|[43]|i|10
03:34:40.1 (21172978)|STATEMENT_EXECUTE|[50]
03:34:40.1 (21178471)|HEAP_ALLOCATE|[50]|Bytes:32
03:34:40.1 (21207824)|USER_DEBUG|[50]|DEBUG|Minimum number among whole Array
03:34:40.1 (21219418)|STATEMENT_EXECUTE|[51]
03:34:40.1 (21232404)|USER_DEBUG|[51]|DEBUG|0
03:34:40.1 (21254547)|METHOD_EXIT|[5]|01p6F00000MPtB2|Array_Operations.MinimumNum()
03:34:40.1 (21261458)|SYSTEM_MODE_EXIT|false
03:34:40.21 (21317780)|CUMULATIVE_LIMIT_USAGE
03:34:40.21 (21317780)|LIMIT_USAGE_FOR_NS|(default)|
  Number of SOQL queries: 0 out of 100
  Number of query rows: 0 out of 50000
  Number of SOSL queries: 0 out of 20
  Number of DML statements: 0 out of 150
  Number of DML rows: 0 out of 10000
  Maximum CPU time: 0 out of 10000
  Maximum heap size: 0 out of 6000000
  Number of callouts: 0 out of 100
  Number of Email Invocations: 0 out of 10
  Number of future calls: 0 out of 50
  Number of queueable jobs added to the queue: 0 out of 50
  Number of Mobile Apex push calls: 0 out of 10

03:34:40.21 (21317780)|CUMULATIVE_LIMIT_USAGE_END

03:34:40.1 (21371563)|CODE_UNIT_FINISHED|execute_anonymous_apex
03:34:40.1 (22465797)|EXECUTION_FINISHED
