44.0 APEX_CODE,FINEST;APEX_PROFILING,INFO;CALLOUT,INFO;DB,INFO;NBA,INFO;SYSTEM,DEBUG;VALIDATION,INFO;VISUALFORCE,INFO;WAVE,INFO;WORKFLOW,INFO
Execute Anonymous: DatabaseQueryAndSearch objDatabaseQueryAndSearch = new DatabaseQueryAndSearch();
Execute Anonymous: objDatabaseQueryAndSearch.DatabaseQuery();
05:56:38.1 (1143727)|USER_INFO|[EXTERNAL]|0056F00000ATCAZ|ayman.shaikh@gmail.com|Pacific Standard Time|GMT-07:00
05:56:38.1 (1171935)|EXECUTION_STARTED
05:56:38.1 (1177036)|CODE_UNIT_STARTED|[EXTERNAL]|execute_anonymous_apex
05:56:38.1 (7664270)|VARIABLE_SCOPE_BEGIN|[1]|objDatabaseQueryAndSearch|DatabaseQueryAndSearch|true|false
05:56:38.1 (7780772)|HEAP_ALLOCATE|[72]|Bytes:3
05:56:38.1 (7815174)|HEAP_ALLOCATE|[77]|Bytes:152
05:56:38.1 (7830569)|HEAP_ALLOCATE|[342]|Bytes:408
05:56:38.1 (7844265)|HEAP_ALLOCATE|[355]|Bytes:408
05:56:38.1 (7856324)|HEAP_ALLOCATE|[467]|Bytes:48
05:56:38.1 (7883263)|HEAP_ALLOCATE|[139]|Bytes:6
05:56:38.1 (7904842)|HEAP_ALLOCATE|[EXTERNAL]|Bytes:3
05:56:38.1 (7944831)|STATEMENT_EXECUTE|[1]
05:56:38.1 (7949391)|STATEMENT_EXECUTE|[1]
05:56:38.1 (7954083)|HEAP_ALLOCATE|[1]|Bytes:3
05:56:38.1 (7983899)|METHOD_ENTRY|[1]|01p6F00000MRIMH|DatabaseQueryAndSearch.DatabaseQueryAndSearch()
05:56:38.1 (7990345)|STATEMENT_EXECUTE|[1]
05:56:38.1 (7994432)|STATEMENT_EXECUTE|[1]
05:56:38.1 (8045356)|HEAP_ALLOCATE|[50]|Bytes:5
05:56:38.1 (8073256)|HEAP_ALLOCATE|[56]|Bytes:5
05:56:38.1 (8082505)|HEAP_ALLOCATE|[64]|Bytes:7
05:56:38.1 (8115071)|SYSTEM_MODE_ENTER|false
05:56:38.1 (8129104)|HEAP_ALLOCATE|[1]|Bytes:5
05:56:38.1 (8135815)|SYSTEM_MODE_EXIT|false
05:56:38.1 (8144958)|METHOD_EXIT|[1]|DatabaseQueryAndSearch
05:56:38.1 (8162783)|HEAP_ALLOCATE|[1]|Bytes:4
05:56:38.1 (8188489)|SYSTEM_MODE_ENTER|false
05:56:38.1 (8211472)|HEAP_ALLOCATE|[1]|Bytes:5
05:56:38.1 (8224135)|CONSTRUCTOR_ENTRY|[1]|01p6F00000MRIMH|<init>()|DatabaseQueryAndSearch
05:56:38.1 (8252517)|VARIABLE_SCOPE_BEGIN|[1]|this|DatabaseQueryAndSearch|true|false
05:56:38.1 (8291483)|VARIABLE_ASSIGNMENT|[1]|this|{}|0x3f205e1b
05:56:38.1 (8303208)|HEAP_ALLOCATE|[EXTERNAL]|Bytes:5
05:56:38.1 (8311517)|HEAP_ALLOCATE|[EXTERNAL]|Bytes:6
05:56:38.1 (8348634)|STATEMENT_EXECUTE|[1]
05:56:38.1 (8353709)|HEAP_ALLOCATE|[EXTERNAL]|Bytes:5
05:56:38.1 (8361975)|CONSTRUCTOR_EXIT|[1]|01p6F00000MRIMH|<init>()|DatabaseQueryAndSearch
05:56:38.1 (8369960)|SYSTEM_MODE_EXIT|false
05:56:38.1 (8388616)|VARIABLE_ASSIGNMENT|[1]|objDatabaseQueryAndSearch|{}|0x3f205e1b
05:56:38.1 (8394876)|STATEMENT_EXECUTE|[2]
05:56:38.1 (8416796)|SYSTEM_MODE_ENTER|false
05:56:38.1 (8433602)|HEAP_ALLOCATE|[2]|Bytes:5
05:56:38.1 (8480407)|METHOD_ENTRY|[2]|01p6F00000MRIMH|DatabaseQueryAndSearch.DatabaseQuery()
05:56:38.1 (8516550)|VARIABLE_SCOPE_BEGIN|[2]|this|DatabaseQueryAndSearch|true|false
05:56:38.1 (8536460)|VARIABLE_ASSIGNMENT|[2]|this|{}|0x3f205e1b
05:56:38.1 (8550396)|HEAP_ALLOCATE|[3]|Bytes:5
05:56:38.1 (8556394)|STATEMENT_EXECUTE|[2]
05:56:38.1 (8558243)|STATEMENT_EXECUTE|[3]
05:56:38.1 (8561166)|HEAP_ALLOCATE|[3]|Bytes:1
05:56:38.1 (8567090)|VARIABLE_SCOPE_BEGIN|[3]|myTestString|String|false|false
05:56:38.1 (8598672)|VARIABLE_ASSIGNMENT|[3]|myTestString|"y"
05:56:38.1 (8607522)|STATEMENT_EXECUTE|[5]
05:56:38.1 (8612138)|HEAP_ALLOCATE|[5]|Bytes:73
05:56:38.1 (10284181)|SOQL_EXECUTE_BEGIN|[5]|Aggregations:0|SELECT First_Name__c FROM Employee__c WHERE First_Name__c = :myTestString
05:56:38.1 (12975526)|SOQL_EXECUTE_END|[5]|Rows:2
05:56:38.1 (13003827)|HEAP_ALLOCATE|[5]|Bytes:12
05:56:38.1 (13024551)|HEAP_ALLOCATE|[5]|Bytes:162
05:56:38.1 (13127022)|HEAP_ALLOCATE|[5]|Bytes:12
05:56:38.1 (13146862)|VARIABLE_SCOPE_BEGIN|[5]|sobjList|List<SObject>|true|false
05:56:38.1 (13189242)|VARIABLE_ASSIGNMENT|[5]|sobjList|[{"First_Name__c":"y","Id":"a056F00000lKCVrQAO","RecordTypeId":"0126F000001ZLtEQAW"},{"First_Name__c":"y","Id":"a056F00000lKCW6QAO","RecordTypeId":"0126F000001ZLtEQAW"}]|0x4b10a56a
05:56:38.1 (13205852)|METHOD_EXIT|[2]|01p6F00000MRIMH|DatabaseQueryAndSearch.DatabaseQuery()
05:56:38.1 (13213020)|SYSTEM_MODE_EXIT|false
05:56:38.13 (13243979)|CUMULATIVE_LIMIT_USAGE
05:56:38.13 (13243979)|LIMIT_USAGE_FOR_NS|(default)|
  Number of SOQL queries: 1 out of 100
  Number of query rows: 2 out of 50000
  Number of SOSL queries: 0 out of 20
  Number of DML statements: 0 out of 150
  Number of DML rows: 0 out of 10000
  Maximum CPU time: 0 out of 10000
  Maximum heap size: 0 out of 6000000
  Number of callouts: 0 out of 100
  Number of Email Invocations: 0 out of 10
  Number of future calls: 0 out of 50
  Number of queueable jobs added to the queue: 0 out of 50
  Number of Mobile Apex push calls: 0 out of 10

05:56:38.13 (13243979)|CUMULATIVE_LIMIT_USAGE_END

05:56:38.1 (13278014)|CODE_UNIT_FINISHED|execute_anonymous_apex
05:56:38.1 (14495659)|EXECUTION_FINISHED
