44.0 APEX_CODE,FINEST;APEX_PROFILING,INFO;CALLOUT,INFO;DB,INFO;NBA,INFO;SYSTEM,DEBUG;VALIDATION,INFO;VISUALFORCE,INFO;WAVE,INFO;WORKFLOW,INFO
Execute Anonymous: 
Execute Anonymous: ParentClass obj1, obj2;
Execute Anonymous: obj1 = new ParentClass();
Execute Anonymous: obj1.write();
07:18:56.1 (1241623)|USER_INFO|[EXTERNAL]|0056F00000ATCAZ|ayman.shaikh@gmail.com|Pacific Standard Time|GMT-07:00
07:18:56.1 (1263097)|EXECUTION_STARTED
07:18:56.1 (1267831)|CODE_UNIT_STARTED|[EXTERNAL]|execute_anonymous_apex
07:18:56.1 (2555070)|VARIABLE_SCOPE_BEGIN|[2]|obj1|ParentClass|true|false
07:18:56.1 (2577589)|VARIABLE_SCOPE_BEGIN|[2]|obj2|ParentClass|true|false
07:18:56.1 (2725090)|HEAP_ALLOCATE|[72]|Bytes:3
07:18:56.1 (2774893)|HEAP_ALLOCATE|[77]|Bytes:152
07:18:56.1 (2794851)|HEAP_ALLOCATE|[342]|Bytes:408
07:18:56.1 (2817054)|HEAP_ALLOCATE|[355]|Bytes:408
07:18:56.1 (2837262)|HEAP_ALLOCATE|[467]|Bytes:48
07:18:56.1 (2884092)|HEAP_ALLOCATE|[139]|Bytes:6
07:18:56.1 (2918989)|HEAP_ALLOCATE|[EXTERNAL]|Bytes:5
07:18:56.1 (2965088)|STATEMENT_EXECUTE|[1]
07:18:56.1 (2969287)|STATEMENT_EXECUTE|[2]
07:18:56.1 (3020271)|VARIABLE_ASSIGNMENT|[2]|obj1|null|
07:18:56.1 (3032200)|STATEMENT_EXECUTE|[2]
07:18:56.1 (3042976)|VARIABLE_ASSIGNMENT|[2]|obj2|null|
07:18:56.1 (3049238)|STATEMENT_EXECUTE|[3]
07:18:56.1 (3054996)|HEAP_ALLOCATE|[3]|Bytes:3
07:18:56.1 (3062232)|HEAP_ALLOCATE|[3]|Bytes:4
07:18:56.1 (3096909)|METHOD_ENTRY|[1]|01p6F00000MR10y|ParentClass.ParentClass()
07:18:56.1 (3106052)|STATEMENT_EXECUTE|[1]
07:18:56.1 (3111368)|STATEMENT_EXECUTE|[1]
07:18:56.1 (3119355)|METHOD_EXIT|[1]|ParentClass
07:18:56.1 (3140322)|HEAP_ALLOCATE|[3]|Bytes:4
07:18:56.1 (3186783)|HEAP_ALLOCATE|[50]|Bytes:5
07:18:56.1 (3217053)|HEAP_ALLOCATE|[56]|Bytes:5
07:18:56.1 (3229691)|HEAP_ALLOCATE|[64]|Bytes:7
07:18:56.1 (3254981)|SYSTEM_MODE_ENTER|false
07:18:56.1 (3292518)|HEAP_ALLOCATE|[3]|Bytes:5
07:18:56.1 (3310385)|CONSTRUCTOR_ENTRY|[3]|01p6F00000MR10y|<init>()|ParentClass
07:18:56.1 (3348287)|VARIABLE_SCOPE_BEGIN|[1]|this|ParentClass|true|false
07:18:56.1 (3414340)|VARIABLE_ASSIGNMENT|[1]|this|{}|0x306cc4e9
07:18:56.1 (3432840)|HEAP_ALLOCATE|[EXTERNAL]|Bytes:6
07:18:56.1 (3478664)|STATEMENT_EXECUTE|[1]
07:18:56.1 (3486991)|CONSTRUCTOR_EXIT|[3]|01p6F00000MR10y|<init>()|ParentClass
07:18:56.1 (3503928)|SYSTEM_MODE_EXIT|false
07:18:56.1 (3528083)|VARIABLE_ASSIGNMENT|[3]|obj1|{}|0x306cc4e9
07:18:56.1 (3537484)|STATEMENT_EXECUTE|[4]
07:18:56.1 (3567799)|SYSTEM_MODE_ENTER|false
07:18:56.1 (3593772)|HEAP_ALLOCATE|[4]|Bytes:5
07:18:56.1 (3629744)|METHOD_ENTRY|[4]|01p6F00000MR10y|ParentClass.write()
07:18:56.1 (3661677)|VARIABLE_SCOPE_BEGIN|[3]|this|ParentClass|true|false
07:18:56.1 (3684013)|VARIABLE_ASSIGNMENT|[3]|this|{}|0x306cc4e9
07:18:56.1 (3698658)|STATEMENT_EXECUTE|[3]
07:18:56.1 (3701473)|STATEMENT_EXECUTE|[5]
07:18:56.1 (3706915)|HEAP_ALLOCATE|[5]|Bytes:20
07:18:56.1 (3779825)|USER_DEBUG|[5]|DEBUG|This is Parent Class
07:18:56.1 (3799662)|METHOD_EXIT|[4]|01p6F00000MR10y|ParentClass.write()
07:18:56.1 (3809829)|SYSTEM_MODE_EXIT|false
07:18:56.3 (3848749)|CUMULATIVE_LIMIT_USAGE
07:18:56.3 (3848749)|LIMIT_USAGE_FOR_NS|(default)|
  Number of SOQL queries: 0 out of 100
  Number of query rows: 0 out of 50000
  Number of SOSL queries: 0 out of 20
  Number of DML statements: 0 out of 150
  Number of DML rows: 0 out of 10000
  Maximum CPU time: 0 out of 10000
  Maximum heap size: 0 out of 6000000
  Number of callouts: 0 out of 100
  Number of Email Invocations: 0 out of 10
  Number of future calls: 0 out of 50
  Number of queueable jobs added to the queue: 0 out of 50
  Number of Mobile Apex push calls: 0 out of 10

07:18:56.3 (3848749)|CUMULATIVE_LIMIT_USAGE_END

07:18:56.1 (3903733)|CODE_UNIT_FINISHED|execute_anonymous_apex
07:18:56.1 (4750860)|EXECUTION_FINISHED
