44.0 APEX_CODE,FINEST;APEX_PROFILING,INFO;CALLOUT,INFO;DB,INFO;NBA,INFO;SYSTEM,DEBUG;VALIDATION,INFO;VISUALFORCE,INFO;WAVE,INFO;WORKFLOW,INFO
Execute Anonymous: DatabaseQueryAndSearch objDatabaseQueryAndSearch = new DatabaseQueryAndSearch();
Execute Anonymous: objDatabaseQueryAndSearch.DatabaseQuery();
05:53:59.1 (1450808)|USER_INFO|[EXTERNAL]|0056F00000ATCAZ|ayman.shaikh@gmail.com|Pacific Standard Time|GMT-07:00
05:53:59.1 (1474609)|EXECUTION_STARTED
05:53:59.1 (1479251)|CODE_UNIT_STARTED|[EXTERNAL]|execute_anonymous_apex
05:53:59.1 (2675110)|VARIABLE_SCOPE_BEGIN|[1]|objDatabaseQueryAndSearch|DatabaseQueryAndSearch|true|false
05:53:59.1 (2813762)|HEAP_ALLOCATE|[72]|Bytes:3
05:53:59.1 (2858685)|HEAP_ALLOCATE|[77]|Bytes:152
05:53:59.1 (2875222)|HEAP_ALLOCATE|[342]|Bytes:408
05:53:59.1 (2888166)|HEAP_ALLOCATE|[355]|Bytes:408
05:53:59.1 (2899541)|HEAP_ALLOCATE|[467]|Bytes:48
05:53:59.1 (2929943)|HEAP_ALLOCATE|[139]|Bytes:6
05:53:59.1 (2949886)|HEAP_ALLOCATE|[EXTERNAL]|Bytes:3
05:53:59.1 (2980335)|STATEMENT_EXECUTE|[1]
05:53:59.1 (2983453)|STATEMENT_EXECUTE|[1]
05:53:59.1 (2987762)|HEAP_ALLOCATE|[1]|Bytes:3
05:53:59.1 (3013021)|METHOD_ENTRY|[1]|01p6F00000MRIMH|DatabaseQueryAndSearch.DatabaseQueryAndSearch()
05:53:59.1 (3041945)|STATEMENT_EXECUTE|[1]
05:53:59.1 (3046053)|STATEMENT_EXECUTE|[1]
05:53:59.1 (3077610)|HEAP_ALLOCATE|[50]|Bytes:5
05:53:59.1 (3105154)|HEAP_ALLOCATE|[56]|Bytes:5
05:53:59.1 (3113478)|HEAP_ALLOCATE|[64]|Bytes:7
05:53:59.1 (3131670)|SYSTEM_MODE_ENTER|false
05:53:59.1 (3148951)|HEAP_ALLOCATE|[1]|Bytes:5
05:53:59.1 (3156432)|SYSTEM_MODE_EXIT|false
05:53:59.1 (3165716)|METHOD_EXIT|[1]|DatabaseQueryAndSearch
05:53:59.1 (3179457)|HEAP_ALLOCATE|[1]|Bytes:4
05:53:59.1 (3201942)|SYSTEM_MODE_ENTER|false
05:53:59.1 (3236858)|HEAP_ALLOCATE|[1]|Bytes:5
05:53:59.1 (3257128)|CONSTRUCTOR_ENTRY|[1]|01p6F00000MRIMH|<init>()|DatabaseQueryAndSearch
05:53:59.1 (3331032)|VARIABLE_SCOPE_BEGIN|[1]|this|DatabaseQueryAndSearch|true|false
05:53:59.1 (3415549)|VARIABLE_ASSIGNMENT|[1]|this|{}|0x5fc6b32
05:53:59.1 (3443560)|HEAP_ALLOCATE|[EXTERNAL]|Bytes:5
05:53:59.1 (3465812)|HEAP_ALLOCATE|[EXTERNAL]|Bytes:6
05:53:59.1 (3520517)|STATEMENT_EXECUTE|[1]
05:53:59.1 (3532842)|HEAP_ALLOCATE|[EXTERNAL]|Bytes:5
05:53:59.1 (3549373)|CONSTRUCTOR_EXIT|[1]|01p6F00000MRIMH|<init>()|DatabaseQueryAndSearch
05:53:59.1 (3560980)|SYSTEM_MODE_EXIT|false
05:53:59.1 (3591451)|VARIABLE_ASSIGNMENT|[1]|objDatabaseQueryAndSearch|{}|0x5fc6b32
05:53:59.1 (3601871)|STATEMENT_EXECUTE|[2]
05:53:59.1 (3633132)|SYSTEM_MODE_ENTER|false
05:53:59.1 (3651359)|HEAP_ALLOCATE|[2]|Bytes:5
05:53:59.1 (3683459)|METHOD_ENTRY|[2]|01p6F00000MRIMH|DatabaseQueryAndSearch.DatabaseQuery()
05:53:59.1 (3718103)|VARIABLE_SCOPE_BEGIN|[2]|this|DatabaseQueryAndSearch|true|false
05:53:59.1 (3743977)|VARIABLE_ASSIGNMENT|[2]|this|{}|0x5fc6b32
05:53:59.1 (3765205)|HEAP_ALLOCATE|[3]|Bytes:5
05:53:59.1 (3773010)|STATEMENT_EXECUTE|[2]
05:53:59.1 (3775765)|STATEMENT_EXECUTE|[3]
05:53:59.1 (3780643)|HEAP_ALLOCATE|[3]|Bytes:6
05:53:59.1 (3791291)|VARIABLE_SCOPE_BEGIN|[3]|myTestString|String|false|false
05:53:59.1 (3813866)|VARIABLE_ASSIGNMENT|[3]|myTestString|"Sharma"
05:53:59.1 (3821022)|STATEMENT_EXECUTE|[5]
05:53:59.1 (3826105)|HEAP_ALLOCATE|[5]|Bytes:61
05:53:59.1 (5889975)|SOQL_EXECUTE_BEGIN|[5]|Aggregations:0|SELECT Id FROM Employee__c WHERE Last_Name__c = :myTestString
05:53:59.1 (9500816)|SOQL_EXECUTE_END|[5]|Rows:1
05:53:59.1 (9537425)|HEAP_ALLOCATE|[5]|Bytes:8
05:53:59.1 (9562828)|HEAP_ALLOCATE|[5]|Bytes:63
05:53:59.1 (9734323)|HEAP_ALLOCATE|[5]|Bytes:8
05:53:59.1 (9757675)|VARIABLE_SCOPE_BEGIN|[5]|sobjList|List<SObject>|true|false
05:53:59.1 (9790687)|VARIABLE_ASSIGNMENT|[5]|sobjList|[{"Id":"a056F00000lJu6gQAC","RecordTypeId":"0126F000001ZLELQA4"}]|0x1c82944e
05:53:59.1 (9806261)|METHOD_EXIT|[2]|01p6F00000MRIMH|DatabaseQueryAndSearch.DatabaseQuery()
05:53:59.1 (9813846)|SYSTEM_MODE_EXIT|false
05:53:59.9 (9844951)|CUMULATIVE_LIMIT_USAGE
05:53:59.9 (9844951)|LIMIT_USAGE_FOR_NS|(default)|
  Number of SOQL queries: 1 out of 100
  Number of query rows: 1 out of 50000
  Number of SOSL queries: 0 out of 20
  Number of DML statements: 0 out of 150
  Number of DML rows: 0 out of 10000
  Maximum CPU time: 0 out of 10000
  Maximum heap size: 0 out of 6000000
  Number of callouts: 0 out of 100
  Number of Email Invocations: 0 out of 10
  Number of future calls: 0 out of 50
  Number of queueable jobs added to the queue: 0 out of 50
  Number of Mobile Apex push calls: 0 out of 10

05:53:59.9 (9844951)|CUMULATIVE_LIMIT_USAGE_END

05:53:59.1 (9882576)|CODE_UNIT_FINISHED|execute_anonymous_apex
05:53:59.1 (11262850)|EXECUTION_FINISHED
