44.0 APEX_CODE,FINEST;APEX_PROFILING,INFO;CALLOUT,INFO;DB,INFO;NBA,INFO;SYSTEM,DEBUG;VALIDATION,INFO;VISUALFORCE,INFO;WAVE,INFO;WORKFLOW,INFO
Execute Anonymous: Array_Operations obj_Arr_opp = new Array_Operations();
Execute Anonymous: obj_Arr_opp.Perform_Operation(); 
07:31:20.1 (1527936)|USER_INFO|[EXTERNAL]|0056F00000ATCAZ|ayman.shaikh@gmail.com|Pacific Standard Time|GMT-07:00
07:31:20.1 (1548152)|EXECUTION_STARTED
07:31:20.1 (1552866)|CODE_UNIT_STARTED|[EXTERNAL]|execute_anonymous_apex
07:31:20.1 (2826714)|VARIABLE_SCOPE_BEGIN|[1]|obj_Arr_opp|Array_Operations|true|false
07:31:20.1 (2951921)|HEAP_ALLOCATE|[72]|Bytes:3
07:31:20.1 (2987161)|HEAP_ALLOCATE|[77]|Bytes:152
07:31:20.1 (3000503)|HEAP_ALLOCATE|[342]|Bytes:408
07:31:20.1 (3013701)|HEAP_ALLOCATE|[355]|Bytes:408
07:31:20.1 (3025249)|HEAP_ALLOCATE|[467]|Bytes:48
07:31:20.1 (3050835)|HEAP_ALLOCATE|[139]|Bytes:6
07:31:20.1 (3076793)|HEAP_ALLOCATE|[EXTERNAL]|Bytes:3
07:31:20.1 (3109304)|STATEMENT_EXECUTE|[1]
07:31:20.1 (3112852)|STATEMENT_EXECUTE|[1]
07:31:20.1 (3117611)|HEAP_ALLOCATE|[1]|Bytes:1
07:31:20.1 (3143857)|METHOD_ENTRY|[1]|01p6F00000MPtB2|Array_Operations.Array_Operations()
07:31:20.1 (3149992)|STATEMENT_EXECUTE|[1]
07:31:20.1 (3153460)|STATEMENT_EXECUTE|[1]
07:31:20.1 (3180569)|HEAP_ALLOCATE|[50]|Bytes:5
07:31:20.1 (3202272)|HEAP_ALLOCATE|[56]|Bytes:5
07:31:20.1 (3210936)|HEAP_ALLOCATE|[64]|Bytes:7
07:31:20.1 (3228095)|SYSTEM_MODE_ENTER|false
07:31:20.1 (3239338)|HEAP_ALLOCATE|[1]|Bytes:5
07:31:20.1 (3245229)|SYSTEM_MODE_EXIT|false
07:31:20.1 (3254950)|METHOD_EXIT|[1]|Array_Operations
07:31:20.1 (3268311)|HEAP_ALLOCATE|[1]|Bytes:4
07:31:20.1 (3291865)|SYSTEM_MODE_ENTER|false
07:31:20.1 (3315184)|HEAP_ALLOCATE|[1]|Bytes:5
07:31:20.1 (3328343)|CONSTRUCTOR_ENTRY|[1]|01p6F00000MPtB2|<init>()|Array_Operations
07:31:20.1 (3354902)|VARIABLE_SCOPE_BEGIN|[1]|this|Array_Operations|true|false
07:31:20.1 (3394022)|VARIABLE_ASSIGNMENT|[1]|this|{}|0x2667bf8c
07:31:20.1 (3405342)|HEAP_ALLOCATE|[EXTERNAL]|Bytes:5
07:31:20.1 (3413617)|HEAP_ALLOCATE|[EXTERNAL]|Bytes:6
07:31:20.1 (3452086)|STATEMENT_EXECUTE|[1]
07:31:20.1 (3457330)|HEAP_ALLOCATE|[EXTERNAL]|Bytes:5
07:31:20.1 (3466600)|CONSTRUCTOR_EXIT|[1]|01p6F00000MPtB2|<init>()|Array_Operations
07:31:20.1 (3473782)|SYSTEM_MODE_EXIT|false
07:31:20.1 (3493512)|VARIABLE_ASSIGNMENT|[1]|obj_Arr_opp|{}|0x2667bf8c
07:31:20.1 (3500468)|STATEMENT_EXECUTE|[2]
07:31:20.1 (3522828)|SYSTEM_MODE_ENTER|false
07:31:20.1 (3541385)|HEAP_ALLOCATE|[2]|Bytes:5
07:31:20.1 (3565219)|METHOD_ENTRY|[2]|01p6F00000MPtB2|Array_Operations.Perform_Operation()
07:31:20.1 (3596384)|VARIABLE_SCOPE_BEGIN|[2]|this|Array_Operations|true|false
07:31:20.1 (3612355)|VARIABLE_ASSIGNMENT|[2]|this|{}|0x2667bf8c
07:31:20.1 (3624537)|HEAP_ALLOCATE|[3]|Bytes:5
07:31:20.1 (3628915)|STATEMENT_EXECUTE|[2]
07:31:20.1 (3630826)|STATEMENT_EXECUTE|[3]
07:31:20.1 (3672961)|HEAP_ALLOCATE|[3]|Bytes:4
07:31:20.1 (3721544)|VARIABLE_SCOPE_BEGIN|[3]|myList|List<Integer>|true|false
07:31:20.1 (3751191)|HEAP_ALLOCATE|[EXTERNAL]|Bytes:4
07:31:20.1 (3765226)|VARIABLE_ASSIGNMENT|[3]|myList|[]|0x696d83b7
07:31:20.1 (3770977)|STATEMENT_EXECUTE|[6]
07:31:20.1 (3806796)|HEAP_ALLOCATE|[6]|Bytes:4
07:31:20.1 (3815830)|HEAP_ALLOCATE|[EXTERNAL]|Bytes:4
07:31:20.1 (3825299)|STATEMENT_EXECUTE|[7]
07:31:20.1 (3841084)|HEAP_ALLOCATE|[7]|Bytes:4
07:31:20.1 (3845729)|HEAP_ALLOCATE|[EXTERNAL]|Bytes:4
07:31:20.1 (3852027)|STATEMENT_EXECUTE|[8]
07:31:20.1 (3864779)|HEAP_ALLOCATE|[8]|Bytes:4
07:31:20.1 (3868937)|HEAP_ALLOCATE|[EXTERNAL]|Bytes:4
07:31:20.1 (3874375)|STATEMENT_EXECUTE|[9]
07:31:20.1 (3886036)|HEAP_ALLOCATE|[9]|Bytes:4
07:31:20.1 (3890009)|HEAP_ALLOCATE|[EXTERNAL]|Bytes:4
07:31:20.1 (3895574)|STATEMENT_EXECUTE|[10]
07:31:20.1 (3907107)|HEAP_ALLOCATE|[10]|Bytes:4
07:31:20.1 (3911624)|HEAP_ALLOCATE|[EXTERNAL]|Bytes:4
07:31:20.1 (3917179)|STATEMENT_EXECUTE|[11]
07:31:20.1 (3928774)|HEAP_ALLOCATE|[11]|Bytes:4
07:31:20.1 (3932968)|HEAP_ALLOCATE|[EXTERNAL]|Bytes:4
07:31:20.1 (3938376)|STATEMENT_EXECUTE|[12]
07:31:20.1 (3949489)|HEAP_ALLOCATE|[12]|Bytes:4
07:31:20.1 (3953752)|HEAP_ALLOCATE|[EXTERNAL]|Bytes:4
07:31:20.1 (3959316)|STATEMENT_EXECUTE|[13]
07:31:20.1 (3970226)|HEAP_ALLOCATE|[13]|Bytes:4
07:31:20.1 (3974071)|HEAP_ALLOCATE|[EXTERNAL]|Bytes:4
07:31:20.1 (3979459)|STATEMENT_EXECUTE|[14]
07:31:20.1 (3990412)|HEAP_ALLOCATE|[14]|Bytes:4
07:31:20.1 (3994318)|HEAP_ALLOCATE|[EXTERNAL]|Bytes:4
07:31:20.1 (3999939)|STATEMENT_EXECUTE|[16]
07:31:20.1 (4025876)|METHOD_EXIT|[2]|01p6F00000MPtB2|Array_Operations.Perform_Operation()
07:31:20.1 (4033173)|SYSTEM_MODE_EXIT|false
07:31:20.4 (4063003)|CUMULATIVE_LIMIT_USAGE
07:31:20.4 (4063003)|LIMIT_USAGE_FOR_NS|(default)|
  Number of SOQL queries: 0 out of 100
  Number of query rows: 0 out of 50000
  Number of SOSL queries: 0 out of 20
  Number of DML statements: 0 out of 150
  Number of DML rows: 0 out of 10000
  Maximum CPU time: 0 out of 10000
  Maximum heap size: 0 out of 6000000
  Number of callouts: 0 out of 100
  Number of Email Invocations: 0 out of 10
  Number of future calls: 0 out of 50
  Number of queueable jobs added to the queue: 0 out of 50
  Number of Mobile Apex push calls: 0 out of 10

07:31:20.4 (4063003)|CUMULATIVE_LIMIT_USAGE_END

07:31:20.1 (4097298)|CODE_UNIT_FINISHED|execute_anonymous_apex
07:31:20.1 (5218484)|EXECUTION_FINISHED
