44.0 APEX_CODE,DEBUG;APEX_PROFILING,INFO;CALLOUT,INFO;DB,INFO;NBA,INFO;SYSTEM,DEBUG;VALIDATION,INFO;VISUALFORCE,DEBUG;WAVE,INFO;WORKFLOW,INFO
06:35:14.0 (361027)|USER_INFO|[EXTERNAL]|0056F00000ATCAZ|ayman.shaikh@gmail.com|Pacific Standard Time|GMT-07:00
06:35:14.0 (397140)|EXECUTION_STARTED
06:35:14.0 (402391)|CODE_UNIT_STARTED|[EXTERNAL]|Validation:Employee:a056F00000lKAkx
06:35:14.0 (415923)|VALIDATION_RULE|03d6F000001EXpW|Resignation_Date_rule
06:35:14.0 (620448)|VALIDATION_FORMULA|Is_on_Notice_Period__c= true && ISBLANK(Resignation_Date__c)|Is_on_Notice_Period__c=0 , Resignation_Date__c=null
06:35:14.0 (628370)|VALIDATION_PASS
06:35:14.0 (630015)|VALIDATION_RULE|03d6F000001EXr8|Restrict_DOB
06:35:14.0 (855758)|VALIDATION_FORMULA|Age__c  <= 18|Age__c=32
06:35:14.0 (862156)|VALIDATION_PASS
06:35:14.0 (863172)|VALIDATION_RULE|03d6F000001EWg3|Check_Dates
06:35:14.0 (991873)|VALIDATION_FORMULA|Last_Working_Day__c  <  Date_of_Joining__c|Last_Working_Day__c=null , Date_of_Joining__c=2018-09-30 00:00:00
06:35:14.0 (998746)|VALIDATION_PASS
06:35:14.0 (999648)|VALIDATION_RULE|03d6F000001EWfy|Notice_Period
06:35:14.0 (1060666)|VALIDATION_FORMULA|Is_on_Notice_Period__c  = true && ISBLANK( Resignation_Date__c )|Is_on_Notice_Period__c=0 , Resignation_Date__c=null
06:35:14.0 (1066986)|VALIDATION_PASS
06:35:14.0 (1323095)|CODE_UNIT_FINISHED|Validation:Employee:a056F00000lKAkx
06:35:14.0 (1331614)|EXECUTION_FINISHED
06:35:14.18 (18722617)|USER_INFO|[EXTERNAL]|0056F00000ATCAZ|ayman.shaikh@gmail.com|Pacific Standard Time|GMT-07:00
06:35:14.18 (18746367)|EXECUTION_STARTED
06:35:14.18 (18750774)|CODE_UNIT_STARTED|[EXTERNAL]|Workflow:01I6F000002DSKA
06:35:14.18 (27634898)|WF_RULE_EVAL_BEGIN|Workflow
06:35:14.18 (27678930)|WF_CRITERIA_BEGIN|[Employee: EMP-000037 a056F00000lKAkx]|one to one|01Q6F0000015jKG|ON_ALL_CHANGES|0
06:35:14.18 (29243474)|WF_RULE_FILTER|[Employee : Employees ID not equal to NULL]
06:35:14.18 (29264396)|WF_RULE_EVAL_VALUE|EMP-000037
06:35:14.18 (29268307)|WF_CRITERIA_END|true
06:35:14.18 (30392320)|WF_CRITERIA_BEGIN|[Employee: EMP-000037 a056F00000lKAkx]|Record deactivated|01Q6F0000015jIy|ON_CREATE_OR_TRIGGERING_UPDATE|0
06:35:14.18 (30744035)|WF_FORMULA|Formula:ENCODED:[treatNullAsNull]NOT({!ID:00N6F00000RfoKy})|Values:Is_Active__c=0
06:35:14.18 (30751614)|WF_CRITERIA_END|true
06:35:14.18 (30767367)|WF_SPOOL_ACTION_BEGIN|Workflow
06:35:14.18 (33876306)|WF_FIELD_UPDATE|[Employee: EMP-000037 a056F00000lKAkx]|Field:Employee: Roll Id|Value:1|Id=04Y6F000000kSXA|CurrentRule:one to one (Id=01Q6F0000015jKG)
06:35:14.18 (33928588)|WF_RULE_INVOCATION|[Employee: EMP-000037 a056F00000lKAkx]
06:35:14.18 (33951169)|WF_EMAIL_ALERT|Id=01W6F000000kHXy|CurrentRule:Record deactivated (Id=01Q6F0000015jIy)
06:35:14.18 (62871386)|WF_EMAIL_SENT|Template:00X6F0000027G3n|Recipients:abc@gmail.com |CcEmails:
06:35:14.18 (62931659)|WF_ACTION| Field Update: 1; Email Alert: 1;
06:35:14.18 (62938939)|WF_RULE_EVAL_END
06:35:14.18 (74442732)|WF_ACTIONS_END| Field Update: 1; Email Alert: 1;
06:35:14.18 (74458489)|CODE_UNIT_FINISHED|Workflow:01I6F000002DSKA
06:35:14.18 (74464601)|EXECUTION_FINISHED
