44.0 APEX_CODE,DEBUG;APEX_PROFILING,INFO;CALLOUT,INFO;DB,INFO;NBA,INFO;SYSTEM,DEBUG;VALIDATION,INFO;VISUALFORCE,DEBUG;WAVE,INFO;WORKFLOW,INFO
07:10:12.0 (455182)|USER_INFO|[EXTERNAL]|0056F00000ATCAZ|ayman.shaikh@gmail.com|Pacific Standard Time|GMT-07:00
07:10:12.0 (706276)|EXECUTION_STARTED
07:10:12.0 (783534)|CODE_UNIT_STARTED|[EXTERNAL]|Workflow:01I6F000002DYLm
07:10:12.0 (19662713)|WF_RULE_EVAL_BEGIN|Workflow
07:10:12.0 (20026489)|WF_CRITERIA_BEGIN|[Project Details: PRJ-0022 a096F00002KiKeY]|New project created|01Q6F0000015jJD|ON_CREATE_ONLY|0
07:10:12.0 (21968405)|WF_RULE_FILTER|[Project Details : Created By equals Ayman Shaikh]
07:10:12.0 (22061235)|WF_RULE_EVAL_VALUE|0056F00000ATCAZ
07:10:12.0 (22168800)|WF_CRITERIA_END|true
07:10:12.0 (38724354)|WF_CRITERIA_BEGIN|[Project Details: PRJ-0022 a096F00002KiKeY]|Email 5 days prior|01Q6F0000015jQd|ON_CREATE_OR_TRIGGERING_UPDATE|0
07:10:12.0 (39070372)|WF_FORMULA|Formula:ENCODED:[treatNullAsNull]{!ID:00N6F00000Rgvx0}   -  TODAY() <= 5|Values:End_Date__c=2018-10-23 00:00:00
07:10:12.0 (39106157)|WF_CRITERIA_END|true
07:10:12.0 (39143520)|WF_CRITERIA_BEGIN|[Project Details: PRJ-0022 a096F00002KiKeY]|End Date Today|01Q6F0000015jQY|ON_ALL_CHANGES|0
07:10:12.0 (39361697)|WF_FORMULA|Formula:ENCODED:[treatNullAsNull]{!ID:00N6F00000Rgvx0} = TODAY()|Values:End_Date__c=2018-10-23 00:00:00
07:10:12.0 (39377331)|WF_CRITERIA_END|true
07:10:12.0 (39418608)|WF_SPOOL_ACTION_BEGIN|Workflow
07:10:12.0 (39577230)|WF_FIELD_UPDATE|[Project Details: PRJ-0022 a096F00002KiKeY]|Field:Project Details: Status|Value:Closed|Id=04Y6F000000kSa9|CurrentRule:End Date Today (Id=01Q6F0000015jQY)
07:10:12.0 (79062749)|WF_RULE_INVOCATION|[Project Details: PRJ-0022 a096F00002KiKeY]
07:10:12.0 (79961801)|WF_ACTION_TASK|Task:New project is created|Id=01V6F000000kDAm|CurrentRule:New project created (Id=01Q6F0000015jJD)|AssignedTo:Ayman Shaikh|DueDate:Sun Oct 28 00:00:00 GMT 2018
07:10:12.0 (80009041)|WF_RULE_INVOCATION|[Project Details: PRJ-0022 a096F00002KiKeY]
07:10:12.0 (80028055)|WF_EMAIL_ALERT|Id=01W6F000000kHYI|CurrentRule:New project created (Id=01Q6F0000015jJD)
07:10:12.0 (114475508)|WF_EMAIL_SENT|Template:00X6F0000027G47|Recipients:ayman.shaikh@eternussolutions.com |CcEmails:
07:10:12.0 (114521248)|WF_RULE_INVOCATION|[Project Details: PRJ-0022 a096F00002KiKeY]
07:10:12.0 (114535104)|WF_EMAIL_ALERT|Id=01W6F000000kHZu|CurrentRule:Email 5 days prior (Id=01Q6F0000015jQd)
07:10:12.0 (125373070)|WF_EMAIL_SENT|Template:00X6F0000027G6S|Recipients:ayman.shaikh@eternussolutions.com |CcEmails:
07:10:12.0 (125465577)|WF_ACTION| Field Update: 1; Task: 1; Email Alert: 2;
07:10:12.0 (125486720)|WF_RULE_EVAL_END
07:10:12.0 (231656486)|WF_RULE_EVAL_BEGIN|Workflow
07:10:12.0 (231705165)|WF_SPOOL_ACTION_BEGIN|Workflow
07:10:12.0 (231724313)|WF_ACTION| None
07:10:12.0 (231732571)|WF_RULE_EVAL_END
07:10:12.0 (231949367)|WF_ACTIONS_END| Field Update: 1; Task: 1; Email Alert: 2;
07:10:12.0 (231964363)|CODE_UNIT_FINISHED|Workflow:01I6F000002DYLm
07:10:12.0 (231978863)|EXECUTION_FINISHED
