43.0 APEX_CODE,FINEST;APEX_PROFILING,INFO;CALLOUT,INFO;DB,INFO;NBA,INFO;SYSTEM,DEBUG;VALIDATION,INFO;VISUALFORCE,INFO;WAVE,INFO;WORKFLOW,INFO
Execute Anonymous: Array_Operations objArrayOpp = new Array_Operations();
Execute Anonymous: Integer num = 0;
Execute Anonymous: objArrayOpp.Duplicate();
07:53:11.12 (12636114)|USER_INFO|[EXTERNAL]|0056F00000ATCAZ|ayman.shaikh@gmail.com|Pacific Standard Time|GMT-07:00
07:53:11.12 (12666541)|EXECUTION_STARTED
07:53:11.12 (12674921)|CODE_UNIT_STARTED|[EXTERNAL]|execute_anonymous_apex
07:53:11.12 (13034185)|VARIABLE_SCOPE_BEGIN|[2]|num|Integer|false|false
07:53:11.12 (13166125)|VARIABLE_SCOPE_BEGIN|[1]|objArrayOpp|Array_Operations|true|false
07:53:11.12 (13287585)|HEAP_ALLOCATE|[72]|Bytes:3
07:53:11.12 (13327514)|HEAP_ALLOCATE|[77]|Bytes:152
07:53:11.12 (13342354)|HEAP_ALLOCATE|[342]|Bytes:408
07:53:11.12 (13356025)|HEAP_ALLOCATE|[355]|Bytes:408
07:53:11.12 (13368016)|HEAP_ALLOCATE|[467]|Bytes:48
07:53:11.12 (13393392)|HEAP_ALLOCATE|[139]|Bytes:6
07:53:11.12 (13423584)|HEAP_ALLOCATE|[EXTERNAL]|Bytes:5
07:53:11.12 (13517136)|STATEMENT_EXECUTE|[1]
07:53:11.12 (13520776)|STATEMENT_EXECUTE|[1]
07:53:11.12 (13525928)|HEAP_ALLOCATE|[1]|Bytes:13
07:53:11.12 (13533132)|HEAP_ALLOCATE|[1]|Bytes:28
07:53:11.12 (13569390)|METHOD_ENTRY|[1]|01p6F00000MPtB2|Array_Operations.Array_Operations()
07:53:11.12 (13578097)|STATEMENT_EXECUTE|[1]
07:53:11.12 (13581170)|STATEMENT_EXECUTE|[1]
07:53:11.12 (13613121)|HEAP_ALLOCATE|[50]|Bytes:5
07:53:11.12 (13638663)|HEAP_ALLOCATE|[56]|Bytes:5
07:53:11.12 (13648073)|HEAP_ALLOCATE|[64]|Bytes:7
07:53:11.12 (13668937)|SYSTEM_MODE_ENTER|false
07:53:11.12 (13690142)|HEAP_ALLOCATE|[1]|Bytes:5
07:53:11.12 (13701714)|SYSTEM_MODE_EXIT|false
07:53:11.12 (13718223)|METHOD_EXIT|[1]|Array_Operations
07:53:11.12 (13726164)|HEAP_ALLOCATE|[1]|Bytes:8
07:53:11.12 (13759162)|SYSTEM_MODE_ENTER|false
07:53:11.12 (13787870)|HEAP_ALLOCATE|[1]|Bytes:5
07:53:11.12 (13831403)|CONSTRUCTOR_ENTRY|[1]|01p6F00000MPtB2|<init>()|Array_Operations
07:53:11.12 (13860286)|VARIABLE_SCOPE_BEGIN|[1]|this|Array_Operations|true|false
07:53:11.12 (13912753)|VARIABLE_ASSIGNMENT|[1]|this|{}|0x5c3ac944
07:53:11.12 (13926711)|HEAP_ALLOCATE|[3]|Bytes:5
07:53:11.12 (13936629)|HEAP_ALLOCATE|[3]|Bytes:6
07:53:11.12 (13976733)|STATEMENT_EXECUTE|[1]
07:53:11.12 (13982595)|HEAP_ALLOCATE|[3]|Bytes:5
07:53:11.12 (13987262)|STATEMENT_EXECUTE|[3]
07:53:11.12 (14053189)|HEAP_ALLOCATE|[3]|Bytes:4
07:53:11.12 (14141226)|HEAP_ALLOCATE|[3]|Bytes:4
07:53:11.12 (14150504)|HEAP_ALLOCATE|[3]|Bytes:4
07:53:11.12 (14159780)|HEAP_ALLOCATE|[3]|Bytes:4
07:53:11.12 (14163690)|HEAP_ALLOCATE|[3]|Bytes:4
07:53:11.12 (14168051)|HEAP_ALLOCATE|[3]|Bytes:4
07:53:11.12 (14172420)|HEAP_ALLOCATE|[3]|Bytes:4
07:53:11.12 (14176539)|HEAP_ALLOCATE|[3]|Bytes:4
07:53:11.12 (14182605)|HEAP_ALLOCATE|[3]|Bytes:4
07:53:11.12 (14187760)|HEAP_ALLOCATE|[3]|Bytes:4
07:53:11.12 (14191821)|HEAP_ALLOCATE|[3]|Bytes:4
07:53:11.12 (14195735)|HEAP_ALLOCATE|[3]|Bytes:4
07:53:11.12 (14200021)|HEAP_ALLOCATE|[3]|Bytes:4
07:53:11.12 (14203931)|HEAP_ALLOCATE|[3]|Bytes:4
07:53:11.12 (14207739)|HEAP_ALLOCATE|[3]|Bytes:4
07:53:11.12 (14247129)|HEAP_ALLOCATE|[EXTERNAL]|Bytes:60
07:53:11.12 (14272567)|VARIABLE_ASSIGNMENT|[3]|this.integerList|"List of size 14 too large to display"|0x5c3ac944
07:53:11.12 (14303272)|CONSTRUCTOR_EXIT|[1]|01p6F00000MPtB2|<init>()|Array_Operations
07:53:11.12 (14314577)|SYSTEM_MODE_EXIT|false
07:53:11.12 (14361711)|VARIABLE_ASSIGNMENT|[1]|objArrayOpp|{"integerList":"0x1b617fd2"}|0x5c3ac944
07:53:11.12 (14371487)|STATEMENT_EXECUTE|[2]
07:53:11.12 (14375972)|HEAP_ALLOCATE|[2]|Bytes:4
07:53:11.12 (14406561)|VARIABLE_ASSIGNMENT|[2]|num|0
07:53:11.12 (14412851)|STATEMENT_EXECUTE|[3]
07:53:11.12 (14445616)|SYSTEM_MODE_ENTER|false
07:53:11.12 (14470897)|HEAP_ALLOCATE|[3]|Bytes:5
07:53:11.12 (14544053)|METHOD_ENTRY|[3]|01p6F00000MPtB2|Array_Operations.Duplicate()
07:53:11.12 (14580762)|VARIABLE_SCOPE_BEGIN|[60]|this|Array_Operations|true|false
07:53:11.12 (14607348)|VARIABLE_ASSIGNMENT|[60]|this|{"integerList":"0x1b617fd2"}|0x5c3ac944
07:53:11.12 (14624363)|HEAP_ALLOCATE|[62]|Bytes:5
07:53:11.12 (14630723)|STATEMENT_EXECUTE|[61]
07:53:11.12 (14637132)|STATEMENT_EXECUTE|[62]
07:53:11.12 (14650978)|VARIABLE_SCOPE_BEGIN|[62]|Digit|Integer|false|false
07:53:11.12 (14663021)|VARIABLE_ASSIGNMENT|[62]|Digit|null
07:53:11.12 (14668210)|STATEMENT_EXECUTE|[63]
07:53:11.12 (14682767)|HEAP_ALLOCATE|[63]|Bytes:4
07:53:11.12 (14734434)|HEAP_ALLOCATE|[74]|Bytes:4
07:53:11.12 (14755429)|HEAP_ALLOCATE|[63]|Bytes:12
07:53:11.12 (14764879)|HEAP_ALLOCATE|[63]|Bytes:12
07:53:11.12 (14770229)|HEAP_ALLOCATE|[63]|Bytes:12
07:53:11.12 (14775554)|HEAP_ALLOCATE|[63]|Bytes:12
07:53:11.12 (14780262)|HEAP_ALLOCATE|[63]|Bytes:12
07:53:11.12 (14784971)|HEAP_ALLOCATE|[63]|Bytes:12
07:53:11.12 (14789729)|HEAP_ALLOCATE|[63]|Bytes:12
07:53:11.12 (14794871)|HEAP_ALLOCATE|[63]|Bytes:12
07:53:11.12 (14799752)|HEAP_ALLOCATE|[63]|Bytes:12
07:53:11.12 (14804688)|HEAP_ALLOCATE|[63]|Bytes:12
07:53:11.12 (14809384)|HEAP_ALLOCATE|[63]|Bytes:12
07:53:11.12 (14814149)|HEAP_ALLOCATE|[63]|Bytes:12
07:53:11.12 (14818791)|HEAP_ALLOCATE|[63]|Bytes:12
07:53:11.12 (14823648)|HEAP_ALLOCATE|[63]|Bytes:12
07:53:11.12 (14828370)|HEAP_ALLOCATE|[63]|Bytes:12
07:53:11.12 (14832975)|HEAP_ALLOCATE|[63]|Bytes:12
07:53:11.12 (14838213)|VARIABLE_SCOPE_BEGIN|[63]|countList|List<Long>|true|false
07:53:11.12 (14865660)|HEAP_ALLOCATE|[EXTERNAL]|Bytes:68
07:53:11.12 (14879079)|VARIABLE_ASSIGNMENT|[63]|countList|"List of size 16 too large to display"|0x54154700
07:53:11.12 (14887763)|STATEMENT_EXECUTE|[64]
07:53:11.12 (14891346)|VARIABLE_SCOPE_BEGIN|[64]|j|Integer|false|false
07:53:11.12 (14899298)|HEAP_ALLOCATE|[64]|Bytes:4
07:53:11.12 (14905502)|VARIABLE_ASSIGNMENT|[64]|j|0
07:53:11.12 (14972723)|STATEMENT_EXECUTE|[64]
07:53:11.12 (14975903)|STATEMENT_EXECUTE|[66]
07:53:11.12 (14986073)|HEAP_ALLOCATE|[66]|Bytes:8
07:53:11.12 (14996695)|VARIABLE_ASSIGNMENT|[66]|Digit|9
07:53:11.12 (15006261)|STATEMENT_EXECUTE|[67]
07:53:11.12 (15013967)|HEAP_ALLOCATE|[67]|Bytes:12
07:53:11.12 (15024503)|HEAP_ALLOCATE|[67]|Bytes:12
07:53:11.12 (15049631)|HEAP_ALLOCATE|[64]|Bytes:4
07:53:11.12 (15057024)|VARIABLE_ASSIGNMENT|[64]|j|1
07:53:11.12 (15072116)|STATEMENT_EXECUTE|[64]
07:53:11.12 (15074100)|STATEMENT_EXECUTE|[66]
07:53:11.12 (15077653)|HEAP_ALLOCATE|[66]|Bytes:8
07:53:11.12 (15084709)|VARIABLE_ASSIGNMENT|[66]|Digit|1
07:53:11.12 (15093854)|STATEMENT_EXECUTE|[67]
07:53:11.12 (15097978)|HEAP_ALLOCATE|[67]|Bytes:12
07:53:11.12 (15103898)|HEAP_ALLOCATE|[67]|Bytes:12
07:53:11.12 (15111284)|HEAP_ALLOCATE|[64]|Bytes:4
07:53:11.12 (15116758)|VARIABLE_ASSIGNMENT|[64]|j|2
07:53:11.12 (15130463)|STATEMENT_EXECUTE|[64]
07:53:11.12 (15132444)|STATEMENT_EXECUTE|[66]
07:53:11.12 (15135498)|HEAP_ALLOCATE|[66]|Bytes:8
07:53:11.12 (15141697)|VARIABLE_ASSIGNMENT|[66]|Digit|5
07:53:11.12 (15145751)|STATEMENT_EXECUTE|[67]
07:53:11.12 (15149259)|HEAP_ALLOCATE|[67]|Bytes:12
07:53:11.12 (15155116)|HEAP_ALLOCATE|[67]|Bytes:12
07:53:11.12 (15165275)|HEAP_ALLOCATE|[64]|Bytes:4
07:53:11.12 (15170933)|VARIABLE_ASSIGNMENT|[64]|j|3
07:53:11.12 (15181364)|STATEMENT_EXECUTE|[64]
07:53:11.12 (15183253)|STATEMENT_EXECUTE|[66]
07:53:11.12 (15186176)|HEAP_ALLOCATE|[66]|Bytes:8
07:53:11.12 (15194606)|VARIABLE_ASSIGNMENT|[66]|Digit|3
07:53:11.12 (15198863)|STATEMENT_EXECUTE|[67]
07:53:11.12 (15202196)|HEAP_ALLOCATE|[67]|Bytes:12
07:53:11.12 (15212918)|HEAP_ALLOCATE|[67]|Bytes:12
07:53:11.12 (15219011)|HEAP_ALLOCATE|[64]|Bytes:4
07:53:11.12 (15224522)|VARIABLE_ASSIGNMENT|[64]|j|4
07:53:11.12 (15236232)|STATEMENT_EXECUTE|[64]
07:53:11.12 (15242262)|STATEMENT_EXECUTE|[66]
07:53:11.12 (15245360)|HEAP_ALLOCATE|[66]|Bytes:8
07:53:11.12 (15251835)|VARIABLE_ASSIGNMENT|[66]|Digit|7
07:53:11.12 (15256279)|STATEMENT_EXECUTE|[67]
07:53:11.12 (15259724)|HEAP_ALLOCATE|[67]|Bytes:12
07:53:11.12 (15266273)|HEAP_ALLOCATE|[67]|Bytes:12
07:53:11.12 (15273335)|HEAP_ALLOCATE|[64]|Bytes:4
07:53:11.12 (15279314)|VARIABLE_ASSIGNMENT|[64]|j|5
07:53:11.12 (15289899)|STATEMENT_EXECUTE|[64]
07:53:11.12 (15291756)|STATEMENT_EXECUTE|[66]
07:53:11.12 (15294593)|HEAP_ALLOCATE|[66]|Bytes:8
07:53:11.12 (15305047)|VARIABLE_ASSIGNMENT|[66]|Digit|2
07:53:11.12 (15309185)|STATEMENT_EXECUTE|[67]
07:53:11.12 (15312677)|HEAP_ALLOCATE|[67]|Bytes:12
07:53:11.12 (15317652)|HEAP_ALLOCATE|[67]|Bytes:12
07:53:11.12 (15323352)|HEAP_ALLOCATE|[64]|Bytes:4
07:53:11.12 (15330185)|VARIABLE_ASSIGNMENT|[64]|j|6
07:53:11.12 (15341935)|STATEMENT_EXECUTE|[64]
07:53:11.12 (15343738)|STATEMENT_EXECUTE|[66]
07:53:11.12 (15346746)|HEAP_ALLOCATE|[66]|Bytes:8
07:53:11.12 (15352931)|VARIABLE_ASSIGNMENT|[66]|Digit|3
07:53:11.12 (15357195)|STATEMENT_EXECUTE|[67]
07:53:11.12 (15360395)|HEAP_ALLOCATE|[67]|Bytes:12
07:53:11.12 (15365576)|HEAP_ALLOCATE|[67]|Bytes:12
07:53:11.12 (15371029)|HEAP_ALLOCATE|[64]|Bytes:4
07:53:11.12 (15380462)|VARIABLE_ASSIGNMENT|[64]|j|7
07:53:11.12 (15390579)|STATEMENT_EXECUTE|[64]
07:53:11.12 (15392471)|STATEMENT_EXECUTE|[66]
07:53:11.12 (15395452)|HEAP_ALLOCATE|[66]|Bytes:8
07:53:11.12 (15401560)|VARIABLE_ASSIGNMENT|[66]|Digit|0
07:53:11.12 (15408296)|STATEMENT_EXECUTE|[67]
07:53:11.12 (15412004)|HEAP_ALLOCATE|[67]|Bytes:12
07:53:11.12 (15417142)|HEAP_ALLOCATE|[67]|Bytes:12
07:53:11.12 (15422826)|HEAP_ALLOCATE|[64]|Bytes:4
07:53:11.12 (15428599)|VARIABLE_ASSIGNMENT|[64]|j|8
07:53:11.12 (15438915)|STATEMENT_EXECUTE|[64]
07:53:11.12 (15440772)|STATEMENT_EXECUTE|[66]
07:53:11.12 (15447658)|HEAP_ALLOCATE|[66]|Bytes:8
07:53:11.12 (15453731)|VARIABLE_ASSIGNMENT|[66]|Digit|3
07:53:11.12 (15458114)|STATEMENT_EXECUTE|[67]
07:53:11.12 (15461576)|HEAP_ALLOCATE|[67]|Bytes:12
07:53:11.12 (15466552)|HEAP_ALLOCATE|[67]|Bytes:12
07:53:11.12 (15474164)|HEAP_ALLOCATE|[64]|Bytes:4
07:53:11.12 (15479679)|VARIABLE_ASSIGNMENT|[64]|j|9
07:53:11.12 (15490304)|STATEMENT_EXECUTE|[64]
07:53:11.12 (15492265)|STATEMENT_EXECUTE|[66]
07:53:11.12 (15495174)|HEAP_ALLOCATE|[66]|Bytes:8
07:53:11.12 (15501740)|VARIABLE_ASSIGNMENT|[66]|Digit|2
07:53:11.12 (15506008)|STATEMENT_EXECUTE|[67]
07:53:11.12 (15509225)|HEAP_ALLOCATE|[67]|Bytes:12
07:53:11.12 (15514159)|HEAP_ALLOCATE|[67]|Bytes:12
07:53:11.12 (15519719)|HEAP_ALLOCATE|[64]|Bytes:4
07:53:11.12 (15525225)|VARIABLE_ASSIGNMENT|[64]|j|10
07:53:11.12 (15535403)|STATEMENT_EXECUTE|[64]
07:53:11.12 (15537219)|STATEMENT_EXECUTE|[66]
07:53:11.12 (15540013)|HEAP_ALLOCATE|[66]|Bytes:8
07:53:11.12 (15546100)|VARIABLE_ASSIGNMENT|[66]|Digit|9
07:53:11.12 (15550077)|STATEMENT_EXECUTE|[67]
07:53:11.12 (15553224)|HEAP_ALLOCATE|[67]|Bytes:12
07:53:11.12 (15557932)|HEAP_ALLOCATE|[67]|Bytes:12
07:53:11.12 (15563269)|HEAP_ALLOCATE|[64]|Bytes:4
07:53:11.12 (15568395)|VARIABLE_ASSIGNMENT|[64]|j|11
07:53:11.12 (15578004)|STATEMENT_EXECUTE|[64]
07:53:11.12 (15579791)|STATEMENT_EXECUTE|[66]
07:53:11.12 (15582529)|HEAP_ALLOCATE|[66]|Bytes:8
07:53:11.12 (15588304)|VARIABLE_ASSIGNMENT|[66]|Digit|1
07:53:11.12 (15592211)|STATEMENT_EXECUTE|[67]
07:53:11.12 (15595256)|HEAP_ALLOCATE|[67]|Bytes:12
07:53:11.12 (15600035)|HEAP_ALLOCATE|[67]|Bytes:12
07:53:11.12 (15605808)|HEAP_ALLOCATE|[64]|Bytes:4
07:53:11.12 (15611301)|VARIABLE_ASSIGNMENT|[64]|j|12
07:53:11.12 (15621003)|STATEMENT_EXECUTE|[64]
07:53:11.12 (15622955)|STATEMENT_EXECUTE|[66]
07:53:11.12 (15625618)|HEAP_ALLOCATE|[66]|Bytes:8
07:53:11.12 (15631311)|VARIABLE_ASSIGNMENT|[66]|Digit|0
07:53:11.12 (15635329)|STATEMENT_EXECUTE|[67]
07:53:11.12 (15638598)|HEAP_ALLOCATE|[67]|Bytes:12
07:53:11.12 (15643237)|HEAP_ALLOCATE|[67]|Bytes:12
07:53:11.12 (15653641)|HEAP_ALLOCATE|[64]|Bytes:4
07:53:11.12 (15659007)|VARIABLE_ASSIGNMENT|[64]|j|13
07:53:11.12 (15668909)|STATEMENT_EXECUTE|[64]
07:53:11.12 (15671189)|STATEMENT_EXECUTE|[66]
07:53:11.12 (15675235)|HEAP_ALLOCATE|[66]|Bytes:8
07:53:11.12 (15682414)|VARIABLE_ASSIGNMENT|[66]|Digit|7
07:53:11.12 (15686739)|STATEMENT_EXECUTE|[67]
07:53:11.12 (15690213)|HEAP_ALLOCATE|[67]|Bytes:12
07:53:11.12 (15695651)|HEAP_ALLOCATE|[67]|Bytes:12
07:53:11.12 (15701207)|HEAP_ALLOCATE|[64]|Bytes:4
07:53:11.12 (15706432)|VARIABLE_ASSIGNMENT|[64]|j|14
07:53:11.12 (15721963)|STATEMENT_EXECUTE|[71]
07:53:11.12 (15726146)|HEAP_ALLOCATE|[71]|Bytes:26
07:53:11.12 (15771799)|USER_DEBUG|[71]|DEBUG|Frequency of each digit is
07:53:11.12 (15788958)|STATEMENT_EXECUTE|[72]
07:53:11.12 (15792694)|VARIABLE_SCOPE_BEGIN|[72]|k|Integer|false|false
07:53:11.12 (15800565)|HEAP_ALLOCATE|[72]|Bytes:4
07:53:11.12 (15807522)|VARIABLE_ASSIGNMENT|[72]|k|0
07:53:11.12 (15832172)|STATEMENT_EXECUTE|[73]
07:53:11.12 (15834806)|STATEMENT_EXECUTE|[74]
07:53:11.12 (15838528)|HEAP_ALLOCATE|[74]|Bytes:13
07:53:11.12 (15897456)|HEAP_ALLOCATE|[74]|Bytes:1
07:53:11.12 (15911874)|HEAP_ALLOCATE|[74]|Bytes:1
07:53:11.12 (15921565)|HEAP_ALLOCATE|[74]|Bytes:12
07:53:11.12 (15939572)|HEAP_ALLOCATE|[74]|Bytes:1
07:53:11.12 (15957990)|HEAP_ALLOCATE|[74]|Bytes:16
07:53:11.12 (15969828)|USER_DEBUG|[74]|DEBUG|Frequency of 0=2
07:53:11.12 (15978250)|HEAP_ALLOCATE|[72]|Bytes:4
07:53:11.12 (15985158)|VARIABLE_ASSIGNMENT|[72]|k|1
07:53:11.12 (16001644)|STATEMENT_EXECUTE|[73]
07:53:11.12 (16004171)|STATEMENT_EXECUTE|[74]
07:53:11.12 (16015258)|HEAP_ALLOCATE|[74]|Bytes:1
07:53:11.12 (16029468)|HEAP_ALLOCATE|[74]|Bytes:12
07:53:11.12 (16040146)|HEAP_ALLOCATE|[74]|Bytes:1
07:53:11.12 (16054947)|HEAP_ALLOCATE|[74]|Bytes:16
07:53:11.12 (16063327)|USER_DEBUG|[74]|DEBUG|Frequency of 1=2
07:53:11.12 (16070158)|HEAP_ALLOCATE|[72]|Bytes:4
07:53:11.12 (16076366)|VARIABLE_ASSIGNMENT|[72]|k|2
07:53:11.12 (16088022)|STATEMENT_EXECUTE|[73]
07:53:11.12 (16089932)|STATEMENT_EXECUTE|[74]
07:53:11.12 (16099095)|HEAP_ALLOCATE|[74]|Bytes:1
07:53:11.12 (16109744)|HEAP_ALLOCATE|[74]|Bytes:12
07:53:11.12 (16119972)|HEAP_ALLOCATE|[74]|Bytes:1
07:53:11.12 (16129405)|HEAP_ALLOCATE|[74]|Bytes:16
07:53:11.12 (16136658)|USER_DEBUG|[74]|DEBUG|Frequency of 2=2
07:53:11.12 (16143639)|HEAP_ALLOCATE|[72]|Bytes:4
07:53:11.12 (16149768)|VARIABLE_ASSIGNMENT|[72]|k|3
07:53:11.12 (16160248)|STATEMENT_EXECUTE|[73]
07:53:11.12 (16162185)|STATEMENT_EXECUTE|[74]
07:53:11.12 (16170377)|HEAP_ALLOCATE|[74]|Bytes:1
07:53:11.12 (16180369)|HEAP_ALLOCATE|[74]|Bytes:12
07:53:11.12 (16190288)|HEAP_ALLOCATE|[74]|Bytes:1
07:53:11.12 (16199136)|HEAP_ALLOCATE|[74]|Bytes:16
07:53:11.12 (16206592)|USER_DEBUG|[74]|DEBUG|Frequency of 3=3
07:53:11.12 (16231264)|HEAP_ALLOCATE|[72]|Bytes:4
07:53:11.12 (16238701)|VARIABLE_ASSIGNMENT|[72]|k|4
07:53:11.12 (16250946)|STATEMENT_EXECUTE|[73]
07:53:11.12 (16252977)|STATEMENT_EXECUTE|[74]
07:53:11.12 (16262984)|HEAP_ALLOCATE|[74]|Bytes:1
07:53:11.12 (16273599)|HEAP_ALLOCATE|[74]|Bytes:12
07:53:11.12 (16288991)|HEAP_ALLOCATE|[74]|Bytes:1
07:53:11.12 (16298688)|HEAP_ALLOCATE|[74]|Bytes:16
07:53:11.12 (16306755)|USER_DEBUG|[74]|DEBUG|Frequency of 4=0
07:53:11.12 (16316068)|HEAP_ALLOCATE|[72]|Bytes:4
07:53:11.12 (16322621)|VARIABLE_ASSIGNMENT|[72]|k|5
07:53:11.12 (16333889)|STATEMENT_EXECUTE|[73]
07:53:11.12 (16335887)|STATEMENT_EXECUTE|[74]
07:53:11.12 (16349591)|HEAP_ALLOCATE|[74]|Bytes:1
07:53:11.12 (16360377)|HEAP_ALLOCATE|[74]|Bytes:12
07:53:11.12 (16370490)|HEAP_ALLOCATE|[74]|Bytes:1
07:53:11.12 (16382190)|HEAP_ALLOCATE|[74]|Bytes:16
07:53:11.12 (16389866)|USER_DEBUG|[74]|DEBUG|Frequency of 5=1
07:53:11.12 (16397535)|HEAP_ALLOCATE|[72]|Bytes:4
07:53:11.12 (16403871)|VARIABLE_ASSIGNMENT|[72]|k|6
07:53:11.12 (16414700)|STATEMENT_EXECUTE|[73]
07:53:11.12 (16416562)|STATEMENT_EXECUTE|[74]
07:53:11.12 (16429726)|HEAP_ALLOCATE|[74]|Bytes:1
07:53:11.12 (16440210)|HEAP_ALLOCATE|[74]|Bytes:12
07:53:11.12 (16452683)|HEAP_ALLOCATE|[74]|Bytes:1
07:53:11.12 (16462114)|HEAP_ALLOCATE|[74]|Bytes:16
07:53:11.12 (16469238)|USER_DEBUG|[74]|DEBUG|Frequency of 6=0
07:53:11.12 (16476210)|HEAP_ALLOCATE|[72]|Bytes:4
07:53:11.12 (16482176)|VARIABLE_ASSIGNMENT|[72]|k|7
07:53:11.12 (16497922)|STATEMENT_EXECUTE|[73]
07:53:11.12 (16499801)|STATEMENT_EXECUTE|[74]
07:53:11.12 (16508714)|HEAP_ALLOCATE|[74]|Bytes:1
07:53:11.12 (16521499)|HEAP_ALLOCATE|[74]|Bytes:12
07:53:11.12 (16532326)|HEAP_ALLOCATE|[74]|Bytes:1
07:53:11.12 (16541447)|HEAP_ALLOCATE|[74]|Bytes:16
07:53:11.12 (16548240)|USER_DEBUG|[74]|DEBUG|Frequency of 7=2
07:53:11.12 (16554800)|HEAP_ALLOCATE|[72]|Bytes:4
07:53:11.12 (16565490)|VARIABLE_ASSIGNMENT|[72]|k|8
07:53:11.12 (16576852)|STATEMENT_EXECUTE|[73]
07:53:11.12 (16578919)|STATEMENT_EXECUTE|[74]
07:53:11.12 (16590033)|HEAP_ALLOCATE|[74]|Bytes:1
07:53:11.12 (16600925)|HEAP_ALLOCATE|[74]|Bytes:12
07:53:11.12 (16630756)|HEAP_ALLOCATE|[74]|Bytes:1
07:53:11.12 (16642838)|HEAP_ALLOCATE|[74]|Bytes:16
07:53:11.12 (16652217)|USER_DEBUG|[74]|DEBUG|Frequency of 8=0
07:53:11.12 (16659420)|HEAP_ALLOCATE|[72]|Bytes:4
07:53:11.12 (16665533)|VARIABLE_ASSIGNMENT|[72]|k|9
07:53:11.12 (16677820)|STATEMENT_EXECUTE|[73]
07:53:11.12 (16679732)|STATEMENT_EXECUTE|[74]
07:53:11.12 (16688740)|HEAP_ALLOCATE|[74]|Bytes:1
07:53:11.12 (16704801)|HEAP_ALLOCATE|[74]|Bytes:12
07:53:11.12 (16715118)|HEAP_ALLOCATE|[74]|Bytes:1
07:53:11.12 (16727667)|HEAP_ALLOCATE|[74]|Bytes:16
07:53:11.12 (16735414)|USER_DEBUG|[74]|DEBUG|Frequency of 9=2
07:53:11.12 (16742590)|HEAP_ALLOCATE|[72]|Bytes:4
07:53:11.12 (16748433)|VARIABLE_ASSIGNMENT|[72]|k|10
07:53:11.12 (16763840)|STATEMENT_EXECUTE|[73]
07:53:11.12 (16766107)|STATEMENT_EXECUTE|[74]
07:53:11.12 (16775121)|HEAP_ALLOCATE|[74]|Bytes:2
07:53:11.12 (16787008)|HEAP_ALLOCATE|[74]|Bytes:12
07:53:11.12 (16797992)|HEAP_ALLOCATE|[74]|Bytes:1
07:53:11.12 (16807109)|HEAP_ALLOCATE|[74]|Bytes:17
07:53:11.12 (16814103)|USER_DEBUG|[74]|DEBUG|Frequency of 10=0
07:53:11.12 (16821419)|HEAP_ALLOCATE|[72]|Bytes:4
07:53:11.12 (16827358)|VARIABLE_ASSIGNMENT|[72]|k|11
07:53:11.12 (16838417)|STATEMENT_EXECUTE|[73]
07:53:11.12 (16840329)|STATEMENT_EXECUTE|[74]
07:53:11.12 (16848849)|HEAP_ALLOCATE|[74]|Bytes:2
07:53:11.12 (16859180)|HEAP_ALLOCATE|[74]|Bytes:12
07:53:11.12 (16868897)|HEAP_ALLOCATE|[74]|Bytes:1
07:53:11.12 (16877842)|HEAP_ALLOCATE|[74]|Bytes:17
07:53:11.12 (16884564)|USER_DEBUG|[74]|DEBUG|Frequency of 11=0
07:53:11.12 (16891292)|HEAP_ALLOCATE|[72]|Bytes:4
07:53:11.12 (16897076)|VARIABLE_ASSIGNMENT|[72]|k|12
07:53:11.12 (16907414)|STATEMENT_EXECUTE|[73]
07:53:11.12 (16909192)|STATEMENT_EXECUTE|[74]
07:53:11.12 (16917352)|HEAP_ALLOCATE|[74]|Bytes:2
07:53:11.12 (16927301)|HEAP_ALLOCATE|[74]|Bytes:12
07:53:11.12 (16937193)|HEAP_ALLOCATE|[74]|Bytes:1
07:53:11.12 (16946137)|HEAP_ALLOCATE|[74]|Bytes:17
07:53:11.12 (16952879)|USER_DEBUG|[74]|DEBUG|Frequency of 12=0
07:53:11.12 (16959266)|HEAP_ALLOCATE|[72]|Bytes:4
07:53:11.12 (16965062)|VARIABLE_ASSIGNMENT|[72]|k|13
07:53:11.12 (16975260)|STATEMENT_EXECUTE|[73]
07:53:11.12 (16977042)|STATEMENT_EXECUTE|[74]
07:53:11.12 (16985389)|HEAP_ALLOCATE|[74]|Bytes:2
07:53:11.12 (16995129)|HEAP_ALLOCATE|[74]|Bytes:12
07:53:11.12 (17004570)|HEAP_ALLOCATE|[74]|Bytes:1
07:53:11.12 (17018671)|HEAP_ALLOCATE|[74]|Bytes:17
07:53:11.12 (17025792)|USER_DEBUG|[74]|DEBUG|Frequency of 13=0
07:53:11.12 (17033256)|HEAP_ALLOCATE|[72]|Bytes:4
07:53:11.12 (17041108)|VARIABLE_ASSIGNMENT|[72]|k|14
07:53:11.12 (17092028)|METHOD_EXIT|[3]|01p6F00000MPtB2|Array_Operations.Duplicate()
07:53:11.12 (17105441)|SYSTEM_MODE_EXIT|false
07:53:11.17 (17146126)|CUMULATIVE_LIMIT_USAGE
07:53:11.17 (17146126)|LIMIT_USAGE_FOR_NS|(default)|
  Number of SOQL queries: 0 out of 100
  Number of query rows: 0 out of 50000
  Number of SOSL queries: 0 out of 20
  Number of DML statements: 0 out of 150
  Number of DML rows: 0 out of 10000
  Maximum CPU time: 0 out of 10000
  Maximum heap size: 0 out of 6000000
  Number of callouts: 0 out of 100
  Number of Email Invocations: 0 out of 10
  Number of future calls: 0 out of 50
  Number of queueable jobs added to the queue: 0 out of 50
  Number of Mobile Apex push calls: 0 out of 10

07:53:11.17 (17146126)|CUMULATIVE_LIMIT_USAGE_END

07:53:11.12 (17212362)|CODE_UNIT_FINISHED|execute_anonymous_apex
07:53:11.12 (18150913)|EXECUTION_FINISHED
