44.0 APEX_CODE,FINEST;APEX_PROFILING,INFO;CALLOUT,INFO;DB,INFO;NBA,INFO;SYSTEM,DEBUG;VALIDATION,INFO;VISUALFORCE,INFO;WAVE,INFO;WORKFLOW,INFO
03:53:49.0 (343719)|USER_INFO|[EXTERNAL]|0056F00000ATCAZ|ayman.shaikh@gmail.com|Pacific Standard Time|GMT-07:00
03:53:49.0 (374956)|EXECUTION_STARTED
03:53:49.0 (378801)|CODE_UNIT_STARTED|[EXTERNAL]|DuplicateDetector
03:53:49.0 (392161)|DUPLICATE_DETECTION_BEGIN
03:53:49.0 (961541)|DUPLICATE_DETECTION_RULE_INVOCATION|DuplicateRuleId:0Bm6F000006fqOl|DuplicateRuleName:Standard Lead Duplicate Rule|DmlType:UPDATE
03:53:49.0 (1021353)|DUPLICATE_DETECTION_END
03:53:49.0 (1027555)|CODE_UNIT_FINISHED|DuplicateDetector
03:53:49.0 (1033691)|EXECUTION_FINISHED
03:53:49.17 (17216456)|USER_INFO|[EXTERNAL]|0056F00000ATCAZ|ayman.shaikh@gmail.com|Pacific Standard Time|GMT-07:00
03:53:49.17 (17230867)|EXECUTION_STARTED
03:53:49.17 (17233571)|CODE_UNIT_STARTED|[EXTERNAL]|Workflow:Lead
03:53:49.17 (26581220)|WF_RULE_EVAL_BEGIN|Assignment
03:53:49.17 (26595356)|WF_SPOOL_ACTION_BEGIN|Assignment
03:53:49.17 (26601934)|WF_ACTION|.
03:53:49.17 (26605093)|WF_RULE_EVAL_END
03:53:49.17 (26613380)|WF_RULE_EVAL_BEGIN|Workflow
03:53:49.17 (26653657)|WF_CRITERIA_BEGIN|[Lead: LINA KAPOOR 00Q6F00001DpBKH]|DNC|01Q6F0000015kX1|ON_CREATE_OR_TRIGGERING_UPDATE|0
03:53:49.17 (31194298)|WF_RULE_FILTER|[Lead : Cluster of Leads equals DNC]
03:53:49.17 (31215310)|WF_RULE_EVAL_VALUE|1
03:53:49.17 (31219159)|WF_CRITERIA_END|false
03:53:49.17 (31230825)|WF_CRITERIA_BEGIN|[Lead: LINA KAPOOR 00Q6F00001DpBKH]|MOBILE|01Q6F0000015kXB|ON_CREATE_OR_TRIGGERING_UPDATE|0
03:53:49.17 (31266659)|WF_RULE_FILTER|[Lead : Cluster of Leads equals MOBILE]
03:53:49.17 (31275604)|WF_RULE_EVAL_VALUE|1
03:53:49.17 (31278240)|WF_CRITERIA_END|false
03:53:49.17 (31285198)|WF_CRITERIA_BEGIN|[Lead: LINA KAPOOR 00Q6F00001DpBKH]|Mumbai Sales|01Q6F0000015j5B|ON_CREATE_OR_TRIGGERING_UPDATE|0
03:53:49.17 (31332500)|WF_RULE_FILTER|[Lead : City equals Mumbai]
03:53:49.17 (31338547)|WF_RULE_EVAL_VALUE|
03:53:49.17 (31339773)|WF_CRITERIA_END|false
03:53:49.17 (31346322)|WF_CRITERIA_BEGIN|[Lead: LINA KAPOOR 00Q6F00001DpBKH]|Time based Follow up|01Q6F0000015jWv|ON_CREATE_OR_TRIGGERING_UPDATE|0
03:53:49.17 (31371657)|WF_RULE_NOT_EVALUATED
03:53:49.17 (31380586)|WF_CRITERIA_BEGIN|[Lead: LINA KAPOOR 00Q6F00001DpBKH]|LANDLINE|01Q6F0000015jXZ|ON_CREATE_OR_TRIGGERING_UPDATE|0
03:53:49.17 (31409346)|WF_RULE_FILTER|[Lead : Cluster of Leads equals LANDLINE]
03:53:49.17 (31416990)|WF_RULE_EVAL_VALUE|1
03:53:49.17 (31419302)|WF_CRITERIA_END|false
03:53:49.17 (31425638)|WF_CRITERIA_BEGIN|[Lead: LINA KAPOOR 00Q6F00001DpBKH]|NO NUMBER|01Q6F0000015jXP|ON_CREATE_OR_TRIGGERING_UPDATE|0
03:53:49.17 (31450552)|WF_RULE_FILTER|[Lead : Cluster of Leads equals NO NUMBER]
03:53:49.17 (31459491)|WF_RULE_EVAL_VALUE|1
03:53:49.17 (31461755)|WF_CRITERIA_END|true
03:53:49.17 (51684437)|WF_CRITERIA_BEGIN|[Lead: LINA KAPOOR 00Q6F00001DpBKH]|Pune Sales|01Q6F0000015j4m|ON_CREATE_OR_TRIGGERING_UPDATE|0
03:53:49.17 (51831027)|WF_RULE_FILTER|[Lead : City equals Pune]
03:53:49.17 (51845566)|WF_RULE_EVAL_VALUE|
03:53:49.17 (51848487)|WF_CRITERIA_END|false
03:53:49.17 (51881326)|WF_SPOOL_ACTION_BEGIN|Workflow
03:53:49.17 (52077888)|WF_ACTION| Field Update: 1;
03:53:49.17 (52087809)|WF_RULE_EVAL_END
03:53:49.17 (52103969)|WF_TIME_TRIGGERS_BEGIN
03:53:49.17 (53585161)|WF_TIME_TRIGGER|[Lead: LINA KAPOOR 00Q6F00001DpBKH]|1 after 00N6F00000RhNNn|Time based Follow up 01Q6F0000015jWv|00:00:00.0
03:53:49.17 (56009347)|WF_ACTIONS_END| Field Update: 1;
03:53:49.17 (56025797)|CODE_UNIT_FINISHED|Workflow:Lead
03:53:49.17 (56033804)|EXECUTION_FINISHED
03:53:49.95 (95314084)|USER_INFO|[EXTERNAL]|0056F00000ATCAZ|ayman.shaikh@gmail.com|Pacific Standard Time|GMT-07:00
03:53:49.95 (95337523)|EXECUTION_STARTED
03:53:49.95 (95341073)|CODE_UNIT_STARTED|[EXTERNAL]|DuplicateDetector
03:53:49.95 (95352788)|DUPLICATE_DETECTION_BEGIN
03:53:49.95 (95425277)|DUPLICATE_DETECTION_RULE_INVOCATION|DuplicateRuleId:0Bm6F000006fqOl|DuplicateRuleName:Standard Lead Duplicate Rule|DmlType:UPDATE
03:53:49.95 (108768288)|DUPLICATE_DETECTION_END
03:53:49.95 (108777074)|CODE_UNIT_FINISHED|DuplicateDetector
03:53:49.95 (108786617)|EXECUTION_FINISHED
