44.0 APEX_CODE,FINEST;APEX_PROFILING,INFO;CALLOUT,INFO;DB,INFO;NBA,INFO;SYSTEM,DEBUG;VALIDATION,INFO;VISUALFORCE,INFO;WAVE,INFO;WORKFLOW,INFO
Execute Anonymous: ParentToChild objParentToChild = new ParentToChild();
Execute Anonymous: objParentToChild.AccountToContact();
07:23:41.1 (1213143)|USER_INFO|[EXTERNAL]|0056F00000ATCAZ|ayman.shaikh@gmail.com|Pacific Standard Time|GMT-08:00
07:23:41.1 (1236740)|EXECUTION_STARTED
07:23:41.1 (1242234)|CODE_UNIT_STARTED|[EXTERNAL]|execute_anonymous_apex
07:23:41.1 (7950079)|VARIABLE_SCOPE_BEGIN|[1]|objParentToChild|ParentToChild|true|false
07:23:41.1 (8089612)|HEAP_ALLOCATE|[72]|Bytes:3
07:23:41.1 (8133344)|HEAP_ALLOCATE|[77]|Bytes:152
07:23:41.1 (8147636)|HEAP_ALLOCATE|[342]|Bytes:408
07:23:41.1 (8160770)|HEAP_ALLOCATE|[355]|Bytes:408
07:23:41.1 (8172497)|HEAP_ALLOCATE|[467]|Bytes:48
07:23:41.1 (8202048)|HEAP_ALLOCATE|[139]|Bytes:6
07:23:41.1 (8221223)|HEAP_ALLOCATE|[EXTERNAL]|Bytes:3
07:23:41.1 (8249586)|STATEMENT_EXECUTE|[1]
07:23:41.1 (8252216)|STATEMENT_EXECUTE|[1]
07:23:41.1 (8256381)|HEAP_ALLOCATE|[1]|Bytes:7
07:23:41.1 (8262433)|HEAP_ALLOCATE|[1]|Bytes:8
07:23:41.1 (8293171)|METHOD_ENTRY|[1]|01p6F00000MRjNH|ParentToChild.ParentToChild()
07:23:41.1 (8300131)|STATEMENT_EXECUTE|[1]
07:23:41.1 (8304619)|STATEMENT_EXECUTE|[1]
07:23:41.1 (8310872)|METHOD_EXIT|[1]|ParentToChild
07:23:41.1 (8327506)|HEAP_ALLOCATE|[1]|Bytes:4
07:23:41.1 (8363306)|HEAP_ALLOCATE|[50]|Bytes:5
07:23:41.1 (8388197)|HEAP_ALLOCATE|[56]|Bytes:5
07:23:41.1 (8396584)|HEAP_ALLOCATE|[64]|Bytes:7
07:23:41.1 (8415758)|SYSTEM_MODE_ENTER|false
07:23:41.1 (8443853)|HEAP_ALLOCATE|[1]|Bytes:5
07:23:41.1 (8457116)|CONSTRUCTOR_ENTRY|[1]|01p6F00000MRjNH|<init>()|ParentToChild
07:23:41.1 (8484050)|VARIABLE_SCOPE_BEGIN|[1]|this|ParentToChild|true|false
07:23:41.1 (8527361)|VARIABLE_ASSIGNMENT|[1]|this|{}|0x4db14909
07:23:41.1 (8538441)|HEAP_ALLOCATE|[EXTERNAL]|Bytes:6
07:23:41.1 (8574196)|STATEMENT_EXECUTE|[1]
07:23:41.1 (8580248)|CONSTRUCTOR_EXIT|[1]|01p6F00000MRjNH|<init>()|ParentToChild
07:23:41.1 (8593548)|SYSTEM_MODE_EXIT|false
07:23:41.1 (8616085)|VARIABLE_ASSIGNMENT|[1]|objParentToChild|{}|0x4db14909
07:23:41.1 (8622694)|STATEMENT_EXECUTE|[2]
07:23:41.1 (8647769)|SYSTEM_MODE_ENTER|false
07:23:41.1 (8664509)|HEAP_ALLOCATE|[2]|Bytes:5
07:23:41.1 (8691631)|METHOD_ENTRY|[2]|01p6F00000MRjNH|ParentToChild.AccountToContact()
07:23:41.1 (8716219)|VARIABLE_SCOPE_BEGIN|[2]|this|ParentToChild|true|false
07:23:41.1 (8731075)|VARIABLE_ASSIGNMENT|[2]|this|{}|0x4db14909
07:23:41.1 (8740479)|STATEMENT_EXECUTE|[2]
07:23:41.1 (8742328)|STATEMENT_EXECUTE|[3]
07:23:41.1 (8745656)|HEAP_ALLOCATE|[3]|Bytes:109
07:23:41.1 (8769081)|HEAP_ALLOCATE|[3]|Bytes:4
07:23:41.1 (9212108)|SOQL_EXECUTE_BEGIN|[3]|Aggregations:1|SELECT Account.Name, (SELECT Contact.LastName FROM Account.Contacts) FROM Account WHERE Account.Name = 'John'
07:23:41.1 (34427437)|SOQL_EXECUTE_END|[3]|Rows:1
07:23:41.1 (34485205)|HEAP_ALLOCATE|[3]|Bytes:8
07:23:41.1 (34515284)|HEAP_ALLOCATE|[3]|Bytes:209
07:23:41.1 (34667376)|HEAP_ALLOCATE|[3]|Bytes:8
07:23:41.1 (34689232)|VARIABLE_SCOPE_BEGIN|[3]|AccList|List<Account>|true|false
07:23:41.1 (34745018)|VARIABLE_ASSIGNMENT|[3]|AccList|[{"Name":"John","Id":"0016F00002yfopzQAA","Contacts":[{"AccountId":"0016F00002yfopzQAA","Id":"0036F00002o3pbbQAA","LastName":"Shaikh"},{"AccountId":"0016F00002yfopzQAA","Id":"0036F00002o3pdlQAA","LastName":"Kapoor"}]}]|0x5dfdd493
07:23:41.1 (34755186)|STATEMENT_EXECUTE|[13]
07:23:41.1 (34865451)|USER_DEBUG|[13]|DEBUG|(Account:{Name=John, Id=0016F00002yfopzQAA})
07:23:41.1 (34886405)|METHOD_EXIT|[2]|01p6F00000MRjNH|ParentToChild.AccountToContact()
07:23:41.1 (34897356)|SYSTEM_MODE_EXIT|false
07:23:41.34 (34942597)|CUMULATIVE_LIMIT_USAGE
07:23:41.34 (34942597)|LIMIT_USAGE_FOR_NS|(default)|
  Number of SOQL queries: 1 out of 100
  Number of query rows: 3 out of 50000
  Number of SOSL queries: 0 out of 20
  Number of DML statements: 0 out of 150
  Number of DML rows: 0 out of 10000
  Maximum CPU time: 0 out of 10000
  Maximum heap size: 0 out of 6000000
  Number of callouts: 0 out of 100
  Number of Email Invocations: 0 out of 10
  Number of future calls: 0 out of 50
  Number of queueable jobs added to the queue: 0 out of 50
  Number of Mobile Apex push calls: 0 out of 10

07:23:41.34 (34942597)|CUMULATIVE_LIMIT_USAGE_END

07:23:41.1 (34986073)|CODE_UNIT_FINISHED|execute_anonymous_apex
07:23:41.1 (36196612)|EXECUTION_FINISHED
