44.0 APEX_CODE,FINEST;APEX_PROFILING,INFO;CALLOUT,INFO;DB,INFO;NBA,INFO;SYSTEM,DEBUG;VALIDATION,INFO;VISUALFORCE,INFO;WAVE,INFO;WORKFLOW,INFO
Execute Anonymous: ParentClass obj1, obj2;
Execute Anonymous: obj1 = new ParentClass();
Execute Anonymous: obj1.write();
Execute Anonymous: obj2 = new ChildClass();
Execute Anonymous: obj2.write();
Execute Anonymous: obj2.ParentClassAdd();
05:45:03.1 (1239370)|USER_INFO|[EXTERNAL]|0056F00000ATCAZ|ayman.shaikh@gmail.com|Pacific Standard Time|GMT-07:00
05:45:03.1 (1261194)|EXECUTION_STARTED
05:45:03.1 (1266127)|CODE_UNIT_STARTED|[EXTERNAL]|execute_anonymous_apex
05:45:03.1 (15712433)|VARIABLE_SCOPE_BEGIN|[1]|obj1|ParentClass|true|false
05:45:03.1 (15936934)|VARIABLE_SCOPE_BEGIN|[1]|obj2|ParentClass|true|false
05:45:03.1 (16098975)|HEAP_ALLOCATE|[72]|Bytes:3
05:45:03.1 (16154426)|HEAP_ALLOCATE|[77]|Bytes:152
05:45:03.1 (16170063)|HEAP_ALLOCATE|[342]|Bytes:408
05:45:03.1 (16183403)|HEAP_ALLOCATE|[355]|Bytes:408
05:45:03.1 (16194636)|HEAP_ALLOCATE|[467]|Bytes:48
05:45:03.1 (16219801)|HEAP_ALLOCATE|[139]|Bytes:6
05:45:03.1 (16245121)|HEAP_ALLOCATE|[EXTERNAL]|Bytes:11
05:45:03.1 (16308204)|STATEMENT_EXECUTE|[1]
05:45:03.1 (16310885)|STATEMENT_EXECUTE|[1]
05:45:03.1 (16329805)|VARIABLE_ASSIGNMENT|[1]|obj1|null|
05:45:03.1 (16335495)|STATEMENT_EXECUTE|[1]
05:45:03.1 (16340983)|VARIABLE_ASSIGNMENT|[1]|obj2|null|
05:45:03.1 (16345804)|STATEMENT_EXECUTE|[2]
05:45:03.1 (16350027)|HEAP_ALLOCATE|[2]|Bytes:4
05:45:03.1 (16355653)|HEAP_ALLOCATE|[2]|Bytes:4
05:45:03.1 (16399345)|METHOD_ENTRY|[1]|01p6F00000MR10y|ParentClass.ParentClass()
05:45:03.1 (16406242)|STATEMENT_EXECUTE|[1]
05:45:03.1 (16410355)|STATEMENT_EXECUTE|[1]
05:45:03.1 (16424759)|METHOD_EXIT|[1]|ParentClass
05:45:03.1 (16439899)|HEAP_ALLOCATE|[2]|Bytes:4
05:45:03.1 (16472408)|HEAP_ALLOCATE|[50]|Bytes:5
05:45:03.1 (16494221)|HEAP_ALLOCATE|[56]|Bytes:5
05:45:03.1 (16502460)|HEAP_ALLOCATE|[64]|Bytes:7
05:45:03.1 (16520477)|SYSTEM_MODE_ENTER|false
05:45:03.1 (16551901)|HEAP_ALLOCATE|[2]|Bytes:5
05:45:03.1 (16564389)|CONSTRUCTOR_ENTRY|[2]|01p6F00000MR10y|<init>()|ParentClass
05:45:03.1 (16591189)|VARIABLE_SCOPE_BEGIN|[1]|this|ParentClass|true|false
05:45:03.1 (16633151)|VARIABLE_ASSIGNMENT|[1]|this|{}|0x46ad3d25
05:45:03.1 (16644798)|HEAP_ALLOCATE|[EXTERNAL]|Bytes:6
05:45:03.1 (16680677)|STATEMENT_EXECUTE|[1]
05:45:03.1 (16686330)|CONSTRUCTOR_EXIT|[2]|01p6F00000MR10y|<init>()|ParentClass
05:45:03.1 (16697363)|SYSTEM_MODE_EXIT|false
05:45:03.1 (16713505)|VARIABLE_ASSIGNMENT|[2]|obj1|{}|0x46ad3d25
05:45:03.1 (16720968)|STATEMENT_EXECUTE|[3]
05:45:03.1 (16742334)|SYSTEM_MODE_ENTER|false
05:45:03.1 (16760004)|HEAP_ALLOCATE|[3]|Bytes:5
05:45:03.1 (16784424)|METHOD_ENTRY|[3]|01p6F00000MR10y|ParentClass.write()
05:45:03.1 (16807330)|VARIABLE_SCOPE_BEGIN|[3]|this|ParentClass|true|false
05:45:03.1 (16822001)|VARIABLE_ASSIGNMENT|[3]|this|{}|0x46ad3d25
05:45:03.1 (16830289)|STATEMENT_EXECUTE|[3]
05:45:03.1 (16831972)|STATEMENT_EXECUTE|[5]
05:45:03.1 (16834829)|HEAP_ALLOCATE|[5]|Bytes:20
05:45:03.1 (16886074)|USER_DEBUG|[5]|DEBUG|This is Parent Class
05:45:03.1 (16900149)|METHOD_EXIT|[3]|01p6F00000MR10y|ParentClass.write()
05:45:03.1 (16906167)|SYSTEM_MODE_EXIT|false
05:45:03.1 (16912293)|STATEMENT_EXECUTE|[4]
05:45:03.1 (24952728)|HEAP_ALLOCATE|[4]|Bytes:1
05:45:03.1 (24971056)|HEAP_ALLOCATE|[4]|Bytes:1
05:45:03.1 (25000463)|METHOD_ENTRY|[1]|01p6F00000MR2GO|ChildClass.ChildClass()
05:45:03.1 (25008504)|STATEMENT_EXECUTE|[1]
05:45:03.1 (25014183)|STATEMENT_EXECUTE|[1]
05:45:03.1 (25020429)|METHOD_EXIT|[1]|ChildClass
05:45:03.1 (25038045)|HEAP_ALLOCATE|[4]|Bytes:4
05:45:03.1 (25069985)|SYSTEM_MODE_ENTER|false
05:45:03.1 (25090972)|HEAP_ALLOCATE|[4]|Bytes:5
05:45:03.1 (25103916)|CONSTRUCTOR_ENTRY|[4]|01p6F00000MR2GO|<init>()|ChildClass
05:45:03.1 (25134065)|VARIABLE_SCOPE_BEGIN|[1]|this|ChildClass|true|false
05:45:03.1 (25169854)|VARIABLE_ASSIGNMENT|[1]|this|{}|0x66c5ee8b
05:45:03.1 (25179892)|CONSTRUCTOR_ENTRY|[EXTERNAL]|01p6F00000MR10y|<init>()|ParentClass
05:45:03.1 (25193882)|VARIABLE_SCOPE_BEGIN|[1]|this|ParentClass|true|false
05:45:03.1 (25206473)|VARIABLE_ASSIGNMENT|[1]|this|{}|0x66c5ee8b
05:45:03.1 (25230671)|STATEMENT_EXECUTE|[1]
05:45:03.1 (25236909)|CONSTRUCTOR_EXIT|[EXTERNAL]|01p6F00000MR10y|<init>()|ParentClass
05:45:03.1 (25244429)|STATEMENT_EXECUTE|[1]
05:45:03.1 (25246883)|CONSTRUCTOR_EXIT|[4]|01p6F00000MR2GO|<init>()|ChildClass
05:45:03.1 (25257101)|SYSTEM_MODE_EXIT|false
05:45:03.1 (25281574)|VARIABLE_ASSIGNMENT|[4]|obj2|{}|0x66c5ee8b
05:45:03.1 (25295224)|STATEMENT_EXECUTE|[5]
05:45:03.1 (25317951)|SYSTEM_MODE_ENTER|false
05:45:03.1 (25334741)|HEAP_ALLOCATE|[5]|Bytes:5
05:45:03.1 (25375998)|METHOD_ENTRY|[5]|01p6F00000MR2GO|ChildClass.write()
05:45:03.1 (25430725)|VARIABLE_SCOPE_BEGIN|[2]|this|ChildClass|true|false
05:45:03.1 (25463303)|VARIABLE_ASSIGNMENT|[2]|this|{}|0x66c5ee8b
05:45:03.1 (25474552)|STATEMENT_EXECUTE|[2]
05:45:03.1 (25476268)|STATEMENT_EXECUTE|[4]
05:45:03.1 (25480299)|HEAP_ALLOCATE|[4]|Bytes:19
05:45:03.1 (25525043)|USER_DEBUG|[4]|DEBUG|This is ChildClass.
05:45:03.1 (25550539)|METHOD_EXIT|[5]|01p6F00000MR2GO|ChildClass.write()
05:45:03.1 (25558391)|SYSTEM_MODE_EXIT|false
05:45:03.1 (25563585)|STATEMENT_EXECUTE|[6]
05:45:03.1 (25582272)|SYSTEM_MODE_ENTER|false
05:45:03.1 (25606162)|HEAP_ALLOCATE|[6]|Bytes:5
05:45:03.1 (25617878)|METHOD_ENTRY|[6]|01p6F00000MR10y|ParentClass.ParentClassAdd()
05:45:03.1 (25633388)|VARIABLE_SCOPE_BEGIN|[11]|this|ParentClass|true|false
05:45:03.1 (25650057)|VARIABLE_ASSIGNMENT|[11]|this|{}|0x66c5ee8b
05:45:03.1 (25658897)|STATEMENT_EXECUTE|[11]
05:45:03.1 (25660700)|STATEMENT_EXECUTE|[12]
05:45:03.1 (25665841)|VARIABLE_SCOPE_BEGIN|[12]|IntNum1|Integer|false|false
05:45:03.1 (25677739)|VARIABLE_ASSIGNMENT|[12]|IntNum1|null
05:45:03.1 (25682749)|STATEMENT_EXECUTE|[12]
05:45:03.1 (25684777)|VARIABLE_SCOPE_BEGIN|[12]|IntNum2|Integer|false|false
05:45:03.1 (25692940)|VARIABLE_ASSIGNMENT|[12]|IntNum2|null
05:45:03.1 (25696482)|STATEMENT_EXECUTE|[12]
05:45:03.1 (25700079)|VARIABLE_SCOPE_BEGIN|[12]|IntSum|Integer|false|false
05:45:03.1 (25708763)|HEAP_ALLOCATE|[12]|Bytes:4
05:45:03.1 (25715313)|VARIABLE_ASSIGNMENT|[12]|IntSum|0
05:45:03.1 (25720114)|STATEMENT_EXECUTE|[13]
05:45:03.1 (25765332)|HEAP_ALLOCATE|[13]|Bytes:41
05:45:03.1 (25781904)|METHOD_EXIT|[6]|01p6F00000MR10y|ParentClass.ParentClassAdd()
05:45:03.1 (25790829)|SYSTEM_MODE_EXIT|false
05:45:03.1 (25940467)|FATAL_ERROR|System.NullPointerException: Attempt to de-reference a null object

Class.ParentClass.ParentClassAdd: line 13, column 1
AnonymousBlock: line 6, column 1
AnonymousBlock: line 6, column 1
05:45:03.25 (25986175)|CUMULATIVE_LIMIT_USAGE
05:45:03.25 (25986175)|LIMIT_USAGE_FOR_NS|(default)|
  Number of SOQL queries: 0 out of 100
  Number of query rows: 0 out of 50000
  Number of SOSL queries: 0 out of 20
  Number of DML statements: 0 out of 150
  Number of DML rows: 0 out of 10000
  Maximum CPU time: 0 out of 10000
  Maximum heap size: 0 out of 6000000
  Number of callouts: 0 out of 100
  Number of Email Invocations: 0 out of 10
  Number of future calls: 0 out of 50
  Number of queueable jobs added to the queue: 0 out of 50
  Number of Mobile Apex push calls: 0 out of 10

05:45:03.25 (25986175)|CUMULATIVE_LIMIT_USAGE_END

05:45:03.1 (26025705)|CODE_UNIT_FINISHED|execute_anonymous_apex
05:45:03.1 (26879812)|EXECUTION_FINISHED
