44.0 APEX_CODE,DEBUG;APEX_PROFILING,INFO;CALLOUT,INFO;DB,INFO;NBA,INFO;SYSTEM,DEBUG;VALIDATION,INFO;VISUALFORCE,DEBUG;WAVE,INFO;WORKFLOW,INFO
06:38:39.0 (391553)|USER_INFO|[EXTERNAL]|0056F00000ATCAZ|ayman.shaikh@gmail.com|Pacific Standard Time|GMT-07:00
06:38:39.0 (423697)|EXECUTION_STARTED
06:38:39.0 (426089)|CODE_UNIT_STARTED|[EXTERNAL]|Validation:Employee:a056F00000lJj7Z
06:38:39.0 (436243)|VALIDATION_RULE|03d6F000001EXpW|Resignation_Date_rule
06:38:39.0 (610947)|VALIDATION_FORMULA|Is_on_Notice_Period__c= true && ISBLANK(Resignation_Date__c)|Is_on_Notice_Period__c=0 , Resignation_Date__c=null
06:38:39.0 (618119)|VALIDATION_PASS
06:38:39.0 (619745)|VALIDATION_RULE|03d6F000001EXr8|Restrict_DOB
06:38:39.0 (821803)|VALIDATION_FORMULA|Age__c  <= 18|Age__c=73
06:38:39.0 (828944)|VALIDATION_PASS
06:38:39.0 (829993)|VALIDATION_RULE|03d6F000001EWg3|Check_Dates
06:38:39.0 (947045)|VALIDATION_FORMULA|Last_Working_Day__c  <  Date_of_Joining__c|Last_Working_Day__c=null , Date_of_Joining__c=2018-10-03 00:00:00
06:38:39.0 (953528)|VALIDATION_PASS
06:38:39.0 (954437)|VALIDATION_RULE|03d6F000001EWfy|Notice_Period
06:38:39.0 (1014772)|VALIDATION_FORMULA|Is_on_Notice_Period__c  = true && ISBLANK( Resignation_Date__c )|Is_on_Notice_Period__c=0 , Resignation_Date__c=null
06:38:39.0 (1020735)|VALIDATION_PASS
06:38:39.0 (1321919)|CODE_UNIT_FINISHED|Validation:Employee:a056F00000lJj7Z
06:38:39.0 (1329717)|EXECUTION_FINISHED
06:38:39.21 (21839748)|USER_INFO|[EXTERNAL]|0056F00000ATCAZ|ayman.shaikh@gmail.com|Pacific Standard Time|GMT-07:00
06:38:39.21 (21865549)|EXECUTION_STARTED
06:38:39.21 (21869478)|CODE_UNIT_STARTED|[EXTERNAL]|Workflow:01I6F000002DSKA
06:38:39.21 (30876100)|WF_RULE_EVAL_BEGIN|Workflow
06:38:39.21 (30904197)|WF_CRITERIA_BEGIN|[Employee: EMP-000001 a056F00000lJj7Z]|one to one|01Q6F0000015jKG|ON_ALL_CHANGES|0
06:38:39.21 (32240086)|WF_RULE_FILTER|[Employee : Employees ID not equal to NULL]
06:38:39.21 (32261850)|WF_RULE_EVAL_VALUE|EMP-000001
06:38:39.21 (32266652)|WF_CRITERIA_END|true
06:38:39.21 (32976255)|WF_CRITERIA_BEGIN|[Employee: EMP-000001 a056F00000lJj7Z]|Record deactivated|01Q6F0000015jIy|ON_CREATE_OR_TRIGGERING_UPDATE|0
06:38:39.21 (33217096)|WF_FORMULA|Formula:ENCODED:[treatNullAsNull]NOT({!ID:00N6F00000RfoKy})|Values:Is_Active__c=1
06:38:39.21 (33226000)|WF_CRITERIA_END|false
06:38:39.21 (33238347)|WF_SPOOL_ACTION_BEGIN|Workflow
06:38:39.21 (33488150)|WF_ACTION| Field Update: 1;
06:38:39.21 (33494694)|WF_RULE_EVAL_END
06:38:39.21 (33573882)|WF_ACTIONS_END| Field Update: 1;
06:38:39.21 (33583992)|CODE_UNIT_FINISHED|Workflow:01I6F000002DSKA
06:38:39.21 (33590363)|EXECUTION_FINISHED
