44.0 APEX_CODE,FINEST;APEX_PROFILING,INFO;CALLOUT,INFO;DB,INFO;NBA,INFO;SYSTEM,DEBUG;VALIDATION,INFO;VISUALFORCE,INFO;WAVE,INFO;WORKFLOW,INFO
Execute Anonymous: AccountProgram objAccountProgram = new AccountProgram();
Execute Anonymous: objAccountProgram.queryOnAccount1();
Execute Anonymous: objAccountProgram.queryOnAccount2();
Execute Anonymous: objAccountProgram.queryOnAccount3();
03:25:31.1 (1098536)|USER_INFO|[EXTERNAL]|0056F00000ATCAZ|ayman.shaikh@gmail.com|Pacific Standard Time|GMT-07:00
03:25:31.1 (1120683)|EXECUTION_STARTED
03:25:31.1 (1125211)|CODE_UNIT_STARTED|[EXTERNAL]|execute_anonymous_apex
03:25:31.1 (7028029)|VARIABLE_SCOPE_BEGIN|[1]|objAccountProgram|AccountProgram|true|false
03:25:31.1 (7190744)|HEAP_ALLOCATE|[72]|Bytes:3
03:25:31.1 (7238505)|HEAP_ALLOCATE|[77]|Bytes:152
03:25:31.1 (7253101)|HEAP_ALLOCATE|[342]|Bytes:408
03:25:31.1 (7265446)|HEAP_ALLOCATE|[355]|Bytes:408
03:25:31.1 (7276269)|HEAP_ALLOCATE|[467]|Bytes:48
03:25:31.1 (7302012)|HEAP_ALLOCATE|[139]|Bytes:6
03:25:31.1 (7319709)|HEAP_ALLOCATE|[EXTERNAL]|Bytes:7
03:25:31.1 (7352364)|STATEMENT_EXECUTE|[1]
03:25:31.1 (7354841)|STATEMENT_EXECUTE|[1]
03:25:31.1 (7358669)|HEAP_ALLOCATE|[1]|Bytes:7
03:25:31.1 (7366798)|HEAP_ALLOCATE|[1]|Bytes:15
03:25:31.1 (7392300)|METHOD_ENTRY|[1]|01p6F00000MR33H|AccountProgram.AccountProgram()
03:25:31.1 (7399262)|STATEMENT_EXECUTE|[1]
03:25:31.1 (7402843)|STATEMENT_EXECUTE|[1]
03:25:31.1 (7430607)|HEAP_ALLOCATE|[50]|Bytes:5
03:25:31.1 (7454672)|HEAP_ALLOCATE|[56]|Bytes:5
03:25:31.1 (7462976)|HEAP_ALLOCATE|[64]|Bytes:7
03:25:31.1 (7480055)|SYSTEM_MODE_ENTER|false
03:25:31.1 (7495027)|HEAP_ALLOCATE|[1]|Bytes:5
03:25:31.1 (7502212)|SYSTEM_MODE_EXIT|false
03:25:31.1 (7510620)|METHOD_EXIT|[1]|AccountProgram
03:25:31.1 (7524619)|HEAP_ALLOCATE|[1]|Bytes:4
03:25:31.1 (7546024)|SYSTEM_MODE_ENTER|false
03:25:31.1 (7566043)|HEAP_ALLOCATE|[1]|Bytes:5
03:25:31.1 (7578390)|CONSTRUCTOR_ENTRY|[1]|01p6F00000MR33H|<init>()|AccountProgram
03:25:31.1 (7603739)|VARIABLE_SCOPE_BEGIN|[1]|this|AccountProgram|true|false
03:25:31.1 (7646778)|VARIABLE_ASSIGNMENT|[1]|this|{}|0x70568b4c
03:25:31.1 (7657321)|HEAP_ALLOCATE|[EXTERNAL]|Bytes:5
03:25:31.1 (7665143)|HEAP_ALLOCATE|[EXTERNAL]|Bytes:6
03:25:31.1 (7696919)|STATEMENT_EXECUTE|[1]
03:25:31.1 (7700895)|HEAP_ALLOCATE|[EXTERNAL]|Bytes:5
03:25:31.1 (7707873)|CONSTRUCTOR_EXIT|[1]|01p6F00000MR33H|<init>()|AccountProgram
03:25:31.1 (7716128)|SYSTEM_MODE_EXIT|false
03:25:31.1 (7732743)|VARIABLE_ASSIGNMENT|[1]|objAccountProgram|{}|0x70568b4c
03:25:31.1 (7739300)|STATEMENT_EXECUTE|[2]
03:25:31.1 (7758428)|SYSTEM_MODE_ENTER|false
03:25:31.1 (7773059)|HEAP_ALLOCATE|[2]|Bytes:5
03:25:31.1 (7797175)|METHOD_ENTRY|[2]|01p6F00000MR33H|AccountProgram.queryOnAccount1()
03:25:31.1 (7821937)|VARIABLE_SCOPE_BEGIN|[2]|this|AccountProgram|true|false
03:25:31.1 (7846662)|VARIABLE_ASSIGNMENT|[2]|this|{}|0x70568b4c
03:25:31.1 (7865705)|HEAP_ALLOCATE|[4]|Bytes:5
03:25:31.1 (7872805)|STATEMENT_EXECUTE|[2]
03:25:31.1 (7874436)|STATEMENT_EXECUTE|[4]
03:25:31.1 (7877201)|HEAP_ALLOCATE|[4]|Bytes:24
03:25:31.1 (7900139)|HEAP_ALLOCATE|[4]|Bytes:4
03:25:31.1 (8095781)|SOQL_EXECUTE_BEGIN|[4]|Aggregations:0|SELECT Name FROM Account
03:25:31.1 (11322721)|SOQL_EXECUTE_END|[4]|Rows:14
03:25:31.1 (11349121)|HEAP_ALLOCATE|[4]|Bytes:60
03:25:31.1 (11379300)|HEAP_ALLOCATE|[4]|Bytes:782
03:25:31.1 (11472091)|HEAP_ALLOCATE|[4]|Bytes:60
03:25:31.1 (11486069)|VARIABLE_SCOPE_BEGIN|[4]|AccName1|List<Account>|true|false
03:25:31.1 (11509267)|VARIABLE_ASSIGNMENT|[4]|AccName1|"List of size 14 too large to display"|0x4b241a50
03:25:31.1 (11516208)|STATEMENT_EXECUTE|[5]
03:25:31.1 (11520248)|HEAP_ALLOCATE|[5]|Bytes:17
03:25:31.1 (11559256)|USER_DEBUG|[5]|DEBUG|Advanced For Loop
03:25:31.1 (11746265)|HEAP_ALLOCATE|[6]|Bytes:5
03:25:31.1 (11780167)|HEAP_ALLOCATE|[6]|Bytes:12
03:25:31.1 (11790160)|VARIABLE_SCOPE_BEGIN|[6]|acc|Account|true|false
03:25:31.1 (11813444)|VARIABLE_ASSIGNMENT|[6]|acc|{"Name":"sForce","Id":"0016F00002o0fjCQAQ"}|0x1b7ff461
03:25:31.1 (11820681)|STATEMENT_EXECUTE|[6]
03:25:31.1 (11822572)|STATEMENT_EXECUTE|[7]
03:25:31.1 (11825594)|HEAP_ALLOCATE|[7]|Bytes:13
03:25:31.1 (11901155)|HEAP_ALLOCATE|[7]|Bytes:44
03:25:31.1 (11921933)|HEAP_ALLOCATE|[7]|Bytes:57
03:25:31.1 (11932317)|USER_DEBUG|[7]|DEBUG|Account Name Account:{Name=sForce, Id=0016F00002o0fjCQAQ}
03:25:31.1 (11947757)|HEAP_ALLOCATE|[6]|Bytes:5
03:25:31.1 (11958851)|HEAP_ALLOCATE|[6]|Bytes:12
03:25:31.1 (11965144)|VARIABLE_SCOPE_BEGIN|[6]|acc|Account|true|false
03:25:31.1 (11983550)|VARIABLE_ASSIGNMENT|[6]|acc|{"Name":"University of Arizon (1 more) ...","Id":"0016F00002o0fj8QAA"}|0x73849245
03:25:31.1 (11989913)|STATEMENT_EXECUTE|[6]
03:25:31.1 (11991817)|STATEMENT_EXECUTE|[7]
03:25:31.1 (12014997)|HEAP_ALLOCATE|[7]|Bytes:59
03:25:31.1 (12027491)|HEAP_ALLOCATE|[7]|Bytes:72
03:25:31.1 (12034713)|USER_DEBUG|[7]|DEBUG|Account Name Account:{Name=University of Arizona, Id=0016F00002o0fj8QAA}
03:25:31.1 (12047124)|HEAP_ALLOCATE|[6]|Bytes:5
03:25:31.1 (12056633)|HEAP_ALLOCATE|[6]|Bytes:12
03:25:31.1 (12062099)|VARIABLE_SCOPE_BEGIN|[6]|acc|Account|true|false
03:25:31.1 (12076973)|VARIABLE_ASSIGNMENT|[6]|acc|{"Name":"United Oil & Gas Cor (2 more) ...","Id":"0016F00002o0fj6QAA"}|0xfea322d
03:25:31.1 (12082933)|STATEMENT_EXECUTE|[6]
03:25:31.1 (12084579)|STATEMENT_EXECUTE|[7]
03:25:31.1 (12104062)|HEAP_ALLOCATE|[7]|Bytes:60
03:25:31.1 (12114690)|HEAP_ALLOCATE|[7]|Bytes:73
03:25:31.1 (12121475)|USER_DEBUG|[7]|DEBUG|Account Name Account:{Name=United Oil & Gas Corp., Id=0016F00002o0fj6QAA}
03:25:31.1 (12138477)|HEAP_ALLOCATE|[6]|Bytes:5
03:25:31.1 (12147759)|HEAP_ALLOCATE|[6]|Bytes:12
03:25:31.1 (12152968)|VARIABLE_SCOPE_BEGIN|[6]|acc|Account|true|false
03:25:31.1 (12166747)|VARIABLE_ASSIGNMENT|[6]|acc|{"Name":"GenePoint","Id":"0016F00002o0fjBQAQ"}|0x1585779b
03:25:31.1 (12173041)|STATEMENT_EXECUTE|[6]
03:25:31.1 (12174620)|STATEMENT_EXECUTE|[7]
03:25:31.1 (12193379)|HEAP_ALLOCATE|[7]|Bytes:47
03:25:31.1 (12203601)|HEAP_ALLOCATE|[7]|Bytes:60
03:25:31.1 (12210282)|USER_DEBUG|[7]|DEBUG|Account Name Account:{Name=GenePoint, Id=0016F00002o0fjBQAQ}
03:25:31.1 (12221853)|HEAP_ALLOCATE|[6]|Bytes:5
03:25:31.1 (12230494)|HEAP_ALLOCATE|[6]|Bytes:12
03:25:31.1 (12235500)|VARIABLE_SCOPE_BEGIN|[6]|acc|Account|true|false
03:25:31.1 (12249076)|VARIABLE_ASSIGNMENT|[6]|acc|{"Name":"United Oil & Gas, UK","Id":"0016F00002o0fj9QAA"}|0x713d55b6
03:25:31.1 (12254762)|STATEMENT_EXECUTE|[6]
03:25:31.1 (12256417)|STATEMENT_EXECUTE|[7]
03:25:31.1 (12273561)|HEAP_ALLOCATE|[7]|Bytes:58
03:25:31.1 (12283465)|HEAP_ALLOCATE|[7]|Bytes:71
03:25:31.1 (12289845)|USER_DEBUG|[7]|DEBUG|Account Name Account:{Name=United Oil & Gas, UK, Id=0016F00002o0fj9QAA}
03:25:31.1 (12300884)|HEAP_ALLOCATE|[6]|Bytes:5
03:25:31.1 (12309022)|HEAP_ALLOCATE|[6]|Bytes:12
03:25:31.1 (12314121)|VARIABLE_SCOPE_BEGIN|[6]|acc|Account|true|false
03:25:31.1 (12328057)|VARIABLE_ASSIGNMENT|[6]|acc|{"Name":"United Oil & Gas, Si (7 more) ...","Id":"0016F00002o0fjAQAQ"}|0x267cf76e
03:25:31.1 (12333618)|STATEMENT_EXECUTE|[6]
03:25:31.1 (12335155)|STATEMENT_EXECUTE|[7]
03:25:31.1 (12353253)|HEAP_ALLOCATE|[7]|Bytes:65
03:25:31.1 (12362993)|HEAP_ALLOCATE|[7]|Bytes:78
03:25:31.1 (12369956)|USER_DEBUG|[7]|DEBUG|Account Name Account:{Name=United Oil & Gas, Singapore, Id=0016F00002o0fjAQAQ}
03:25:31.1 (12380702)|HEAP_ALLOCATE|[6]|Bytes:5
03:25:31.1 (12388907)|HEAP_ALLOCATE|[6]|Bytes:12
03:25:31.1 (12394137)|VARIABLE_SCOPE_BEGIN|[6]|acc|Account|true|false
03:25:31.1 (12407453)|VARIABLE_ASSIGNMENT|[6]|acc|{"Name":"Edge Communications","Id":"0016F00002o0fj1QAA"}|0x7859d2d6
03:25:31.1 (12413143)|STATEMENT_EXECUTE|[6]
03:25:31.1 (12414785)|STATEMENT_EXECUTE|[7]
03:25:31.1 (12431822)|HEAP_ALLOCATE|[7]|Bytes:57
03:25:31.1 (12441859)|HEAP_ALLOCATE|[7]|Bytes:70
03:25:31.1 (12448006)|USER_DEBUG|[7]|DEBUG|Account Name Account:{Name=Edge Communications, Id=0016F00002o0fj1QAA}
03:25:31.1 (12458846)|HEAP_ALLOCATE|[6]|Bytes:5
03:25:31.1 (12467012)|HEAP_ALLOCATE|[6]|Bytes:12
03:25:31.1 (12472110)|VARIABLE_SCOPE_BEGIN|[6]|acc|Account|true|false
03:25:31.1 (12485795)|VARIABLE_ASSIGNMENT|[6]|acc|{"Name":"Burlington Textiles  (15 more) ...","Id":"0016F00002o0fj2QAA"}|0x465e4be9
03:25:31.1 (12491950)|STATEMENT_EXECUTE|[6]
03:25:31.1 (12493554)|STATEMENT_EXECUTE|[7]
03:25:31.1 (12511067)|HEAP_ALLOCATE|[7]|Bytes:73
03:25:31.1 (12520956)|HEAP_ALLOCATE|[7]|Bytes:86
03:25:31.1 (12527006)|USER_DEBUG|[7]|DEBUG|Account Name Account:{Name=Burlington Textiles Corp of America, Id=0016F00002o0fj2QAA}
03:25:31.1 (12538399)|HEAP_ALLOCATE|[6]|Bytes:5
03:25:31.1 (12546655)|HEAP_ALLOCATE|[6]|Bytes:12
03:25:31.1 (12552113)|VARIABLE_SCOPE_BEGIN|[6]|acc|Account|true|false
03:25:31.1 (12565916)|VARIABLE_ASSIGNMENT|[6]|acc|{"Name":"Pyramid Construction (5 more) ...","Id":"0016F00002o0fj3QAA"}|0x5d553671
03:25:31.1 (12572444)|STATEMENT_EXECUTE|[6]
03:25:31.1 (12574068)|STATEMENT_EXECUTE|[7]
03:25:31.1 (12591002)|HEAP_ALLOCATE|[7]|Bytes:63
03:25:31.1 (12601206)|HEAP_ALLOCATE|[7]|Bytes:76
03:25:31.1 (12607628)|USER_DEBUG|[7]|DEBUG|Account Name Account:{Name=Pyramid Construction Inc., Id=0016F00002o0fj3QAA}
03:25:31.1 (12618712)|HEAP_ALLOCATE|[6]|Bytes:5
03:25:31.1 (12633284)|HEAP_ALLOCATE|[6]|Bytes:12
03:25:31.1 (12638397)|VARIABLE_SCOPE_BEGIN|[6]|acc|Account|true|false
03:25:31.1 (12651268)|VARIABLE_ASSIGNMENT|[6]|acc|{"Name":"Dickenson plc","Id":"0016F00002o0fj4QAA"}|0x1c536d32
03:25:31.1 (12657120)|STATEMENT_EXECUTE|[6]
03:25:31.1 (12658672)|STATEMENT_EXECUTE|[7]
03:25:31.1 (12675918)|HEAP_ALLOCATE|[7]|Bytes:51
03:25:31.1 (12686326)|HEAP_ALLOCATE|[7]|Bytes:64
03:25:31.1 (12692631)|USER_DEBUG|[7]|DEBUG|Account Name Account:{Name=Dickenson plc, Id=0016F00002o0fj4QAA}
03:25:31.1 (12704093)|HEAP_ALLOCATE|[6]|Bytes:5
03:25:31.1 (12712081)|HEAP_ALLOCATE|[6]|Bytes:12
03:25:31.1 (12717088)|VARIABLE_SCOPE_BEGIN|[6]|acc|Account|true|false
03:25:31.1 (12729954)|VARIABLE_ASSIGNMENT|[6]|acc|{"Name":"Grand Hotels & Resor (6 more) ...","Id":"0016F00002o0fj5QAA"}|0x2a2ac30c
03:25:31.1 (12736027)|STATEMENT_EXECUTE|[6]
03:25:31.1 (12737665)|STATEMENT_EXECUTE|[7]
03:25:31.1 (12754208)|HEAP_ALLOCATE|[7]|Bytes:64
03:25:31.1 (12764919)|HEAP_ALLOCATE|[7]|Bytes:77
03:25:31.1 (12771611)|USER_DEBUG|[7]|DEBUG|Account Name Account:{Name=Grand Hotels & Resorts Ltd, Id=0016F00002o0fj5QAA}
03:25:31.1 (12782867)|HEAP_ALLOCATE|[6]|Bytes:5
03:25:31.1 (12790669)|HEAP_ALLOCATE|[6]|Bytes:12
03:25:31.1 (12795547)|VARIABLE_SCOPE_BEGIN|[6]|acc|Account|true|false
03:25:31.1 (12808881)|VARIABLE_ASSIGNMENT|[6]|acc|{"Name":"Express Logistics an (11 more) ...","Id":"0016F00002o0fj7QAA"}|0x1e9fd4a3
03:25:31.1 (12815304)|STATEMENT_EXECUTE|[6]
03:25:31.1 (12816864)|STATEMENT_EXECUTE|[7]
03:25:31.1 (12833861)|HEAP_ALLOCATE|[7]|Bytes:69
03:25:31.1 (12843920)|HEAP_ALLOCATE|[7]|Bytes:82
03:25:31.1 (12849885)|USER_DEBUG|[7]|DEBUG|Account Name Account:{Name=Express Logistics and Transport, Id=0016F00002o0fj7QAA}
03:25:31.1 (12860488)|HEAP_ALLOCATE|[6]|Bytes:5
03:25:31.1 (12868459)|HEAP_ALLOCATE|[6]|Bytes:12
03:25:31.1 (12873591)|VARIABLE_SCOPE_BEGIN|[6]|acc|Account|true|false
03:25:31.1 (12884976)|VARIABLE_ASSIGNMENT|[6]|acc|{"Name":"Almas","Id":"0016F00002vJCC2QAO"}|0x6a0d8fbf
03:25:31.1 (12891131)|STATEMENT_EXECUTE|[6]
03:25:31.1 (12892706)|STATEMENT_EXECUTE|[7]
03:25:31.1 (12909457)|HEAP_ALLOCATE|[7]|Bytes:43
03:25:31.1 (12919955)|HEAP_ALLOCATE|[7]|Bytes:56
03:25:31.1 (12925908)|USER_DEBUG|[7]|DEBUG|Account Name Account:{Name=Almas, Id=0016F00002vJCC2QAO}
03:25:31.1 (12937438)|HEAP_ALLOCATE|[6]|Bytes:5
03:25:31.1 (12945367)|HEAP_ALLOCATE|[6]|Bytes:12
03:25:31.1 (12950582)|VARIABLE_SCOPE_BEGIN|[6]|acc|Account|true|false
03:25:31.1 (12962461)|VARIABLE_ASSIGNMENT|[6]|acc|{"Name":"Ketki","Id":"0016F00002sP67wQAC"}|0x6db04531
03:25:31.1 (12968152)|STATEMENT_EXECUTE|[6]
03:25:31.1 (12969671)|STATEMENT_EXECUTE|[7]
03:25:31.1 (12986185)|HEAP_ALLOCATE|[7]|Bytes:43
03:25:31.1 (12996107)|HEAP_ALLOCATE|[7]|Bytes:56
03:25:31.1 (13002064)|USER_DEBUG|[7]|DEBUG|Account Name Account:{Name=Ketki, Id=0016F00002sP67wQAC}
03:25:31.1 (13013727)|HEAP_ALLOCATE|[6]|Bytes:5
03:25:31.1 (13024697)|VARIABLE_ASSIGNMENT|[6]|acc|null|
03:25:31.1 (13035702)|METHOD_EXIT|[2]|01p6F00000MR33H|AccountProgram.queryOnAccount1()
03:25:31.1 (13042852)|SYSTEM_MODE_EXIT|false
03:25:31.1 (13050377)|STATEMENT_EXECUTE|[3]
03:25:31.1 (13074938)|SYSTEM_MODE_ENTER|false
03:25:31.1 (13088423)|HEAP_ALLOCATE|[3]|Bytes:5
03:25:31.1 (13100170)|METHOD_ENTRY|[3]|01p6F00000MR33H|AccountProgram.queryOnAccount2()
03:25:31.1 (13119453)|VARIABLE_SCOPE_BEGIN|[12]|this|AccountProgram|true|false
03:25:31.1 (13135993)|VARIABLE_ASSIGNMENT|[12]|this|{}|0x70568b4c
03:25:31.1 (13146024)|HEAP_ALLOCATE|[14]|Bytes:5
03:25:31.1 (13150408)|STATEMENT_EXECUTE|[12]
03:25:31.1 (13152131)|STATEMENT_EXECUTE|[14]
03:25:31.1 (13164401)|HEAP_ALLOCATE|[14]|Bytes:4
03:25:31.1 (13252547)|SOQL_EXECUTE_BEGIN|[14]|Aggregations:0|SELECT Name FROM Account
03:25:31.1 (15312700)|SOQL_EXECUTE_END|[14]|Rows:14
03:25:31.1 (15335578)|HEAP_ALLOCATE|[14]|Bytes:60
03:25:31.1 (15358837)|HEAP_ALLOCATE|[14]|Bytes:782
03:25:31.1 (15384802)|HEAP_ALLOCATE|[14]|Bytes:60
03:25:31.1 (15395614)|VARIABLE_SCOPE_BEGIN|[14]|AccName2|List<Account>|true|false
03:25:31.1 (15412178)|VARIABLE_ASSIGNMENT|[14]|AccName2|"List of size 14 too large to display"|0x257d457a
03:25:31.1 (15421039)|STATEMENT_EXECUTE|[15]
03:25:31.1 (15425138)|HEAP_ALLOCATE|[15]|Bytes:20
03:25:31.1 (15449284)|USER_DEBUG|[15]|DEBUG|Traditional For Loop
03:25:31.1 (15458883)|STATEMENT_EXECUTE|[16]
03:25:31.1 (15462376)|VARIABLE_SCOPE_BEGIN|[16]|i|Integer|false|false
03:25:31.1 (15472686)|VARIABLE_ASSIGNMENT|[16]|i|null
03:25:31.1 (15478192)|STATEMENT_EXECUTE|[17]
03:25:31.1 (15482443)|HEAP_ALLOCATE|[17]|Bytes:4
03:25:31.1 (15489807)|VARIABLE_ASSIGNMENT|[17]|i|0
03:25:31.1 (15515778)|STATEMENT_EXECUTE|[17]
03:25:31.1 (15517863)|STATEMENT_EXECUTE|[18]
03:25:31.1 (15521285)|HEAP_ALLOCATE|[18]|Bytes:12
03:25:31.1 (15531724)|HEAP_ALLOCATE|[18]|Bytes:12
03:25:31.1 (15581958)|HEAP_ALLOCATE|[18]|Bytes:44
03:25:31.1 (15597229)|HEAP_ALLOCATE|[18]|Bytes:56
03:25:31.1 (15606900)|USER_DEBUG|[18]|DEBUG|Account NameAccount:{Name=sForce, Id=0016F00002o0fjCQAQ}
03:25:31.1 (15615694)|HEAP_ALLOCATE|[17]|Bytes:4
03:25:31.1 (15628807)|VARIABLE_ASSIGNMENT|[17]|i|1
03:25:31.1 (15641508)|STATEMENT_EXECUTE|[17]
03:25:31.1 (15643231)|STATEMENT_EXECUTE|[18]
03:25:31.1 (15648867)|HEAP_ALLOCATE|[18]|Bytes:12
03:25:31.1 (15672151)|HEAP_ALLOCATE|[18]|Bytes:59
03:25:31.1 (15683301)|HEAP_ALLOCATE|[18]|Bytes:71
03:25:31.1 (15690221)|USER_DEBUG|[18]|DEBUG|Account NameAccount:{Name=University of Arizona, Id=0016F00002o0fj8QAA}
03:25:31.1 (15697187)|HEAP_ALLOCATE|[17]|Bytes:4
03:25:31.1 (15704026)|VARIABLE_ASSIGNMENT|[17]|i|2
03:25:31.1 (15714701)|STATEMENT_EXECUTE|[17]
03:25:31.1 (15716412)|STATEMENT_EXECUTE|[18]
03:25:31.1 (15720596)|HEAP_ALLOCATE|[18]|Bytes:12
03:25:31.1 (15739433)|HEAP_ALLOCATE|[18]|Bytes:60
03:25:31.1 (15749406)|HEAP_ALLOCATE|[18]|Bytes:72
03:25:31.1 (15755829)|USER_DEBUG|[18]|DEBUG|Account NameAccount:{Name=United Oil & Gas Corp., Id=0016F00002o0fj6QAA}
03:25:31.1 (15765373)|HEAP_ALLOCATE|[17]|Bytes:4
03:25:31.1 (15774418)|VARIABLE_ASSIGNMENT|[17]|i|3
03:25:31.1 (15797412)|STATEMENT_EXECUTE|[17]
03:25:31.1 (15800246)|STATEMENT_EXECUTE|[18]
03:25:31.1 (15808131)|HEAP_ALLOCATE|[18]|Bytes:12
03:25:31.1 (15844430)|HEAP_ALLOCATE|[18]|Bytes:47
03:25:31.1 (15856802)|HEAP_ALLOCATE|[18]|Bytes:59
03:25:31.1 (15863895)|USER_DEBUG|[18]|DEBUG|Account NameAccount:{Name=GenePoint, Id=0016F00002o0fjBQAQ}
03:25:31.1 (15871523)|HEAP_ALLOCATE|[17]|Bytes:4
03:25:31.1 (15879537)|VARIABLE_ASSIGNMENT|[17]|i|4
03:25:31.1 (15890034)|STATEMENT_EXECUTE|[17]
03:25:31.1 (15891755)|STATEMENT_EXECUTE|[18]
03:25:31.1 (15896667)|HEAP_ALLOCATE|[18]|Bytes:12
03:25:31.1 (15915943)|HEAP_ALLOCATE|[18]|Bytes:58
03:25:31.1 (15925860)|HEAP_ALLOCATE|[18]|Bytes:70
03:25:31.1 (15932706)|USER_DEBUG|[18]|DEBUG|Account NameAccount:{Name=United Oil & Gas, UK, Id=0016F00002o0fj9QAA}
03:25:31.1 (15939637)|HEAP_ALLOCATE|[17]|Bytes:4
03:25:31.1 (15945340)|VARIABLE_ASSIGNMENT|[17]|i|5
03:25:31.1 (15954354)|STATEMENT_EXECUTE|[17]
03:25:31.1 (15956017)|STATEMENT_EXECUTE|[18]
03:25:31.1 (15960052)|HEAP_ALLOCATE|[18]|Bytes:12
03:25:31.1 (15977268)|HEAP_ALLOCATE|[18]|Bytes:65
03:25:31.1 (15986994)|HEAP_ALLOCATE|[18]|Bytes:77
03:25:31.1 (15993160)|USER_DEBUG|[18]|DEBUG|Account NameAccount:{Name=United Oil & Gas, Singapore, Id=0016F00002o0fjAQAQ}
03:25:31.1 (15999890)|HEAP_ALLOCATE|[17]|Bytes:4
03:25:31.1 (16005472)|VARIABLE_ASSIGNMENT|[17]|i|6
03:25:31.1 (16015410)|STATEMENT_EXECUTE|[17]
03:25:31.1 (16017048)|STATEMENT_EXECUTE|[18]
03:25:31.1 (16022061)|HEAP_ALLOCATE|[18]|Bytes:12
03:25:31.1 (16039318)|HEAP_ALLOCATE|[18]|Bytes:57
03:25:31.1 (16049072)|HEAP_ALLOCATE|[18]|Bytes:69
03:25:31.1 (16054945)|USER_DEBUG|[18]|DEBUG|Account NameAccount:{Name=Edge Communications, Id=0016F00002o0fj1QAA}
03:25:31.1 (16061484)|HEAP_ALLOCATE|[17]|Bytes:4
03:25:31.1 (16066955)|VARIABLE_ASSIGNMENT|[17]|i|7
03:25:31.1 (16076207)|STATEMENT_EXECUTE|[17]
03:25:31.1 (16077954)|STATEMENT_EXECUTE|[18]
03:25:31.1 (16082009)|HEAP_ALLOCATE|[18]|Bytes:12
03:25:31.1 (16099448)|HEAP_ALLOCATE|[18]|Bytes:73
03:25:31.1 (16108821)|HEAP_ALLOCATE|[18]|Bytes:85
03:25:31.1 (16114733)|USER_DEBUG|[18]|DEBUG|Account NameAccount:{Name=Burlington Textiles Corp of America, Id=0016F00002o0fj2QAA}
03:25:31.1 (16121044)|HEAP_ALLOCATE|[17]|Bytes:4
03:25:31.1 (16126762)|VARIABLE_ASSIGNMENT|[17]|i|8
03:25:31.1 (16136343)|STATEMENT_EXECUTE|[17]
03:25:31.1 (16137998)|STATEMENT_EXECUTE|[18]
03:25:31.1 (16141524)|HEAP_ALLOCATE|[18]|Bytes:12
03:25:31.1 (16158332)|HEAP_ALLOCATE|[18]|Bytes:63
03:25:31.1 (16168258)|HEAP_ALLOCATE|[18]|Bytes:75
03:25:31.1 (16174090)|USER_DEBUG|[18]|DEBUG|Account NameAccount:{Name=Pyramid Construction Inc., Id=0016F00002o0fj3QAA}
03:25:31.1 (16180353)|HEAP_ALLOCATE|[17]|Bytes:4
03:25:31.1 (16185792)|VARIABLE_ASSIGNMENT|[17]|i|9
03:25:31.1 (16194921)|STATEMENT_EXECUTE|[17]
03:25:31.1 (16196615)|STATEMENT_EXECUTE|[18]
03:25:31.1 (16200276)|HEAP_ALLOCATE|[18]|Bytes:12
03:25:31.1 (16216845)|HEAP_ALLOCATE|[18]|Bytes:51
03:25:31.1 (16226126)|HEAP_ALLOCATE|[18]|Bytes:63
03:25:31.1 (16232472)|USER_DEBUG|[18]|DEBUG|Account NameAccount:{Name=Dickenson plc, Id=0016F00002o0fj4QAA}
03:25:31.1 (16238752)|HEAP_ALLOCATE|[17]|Bytes:4
03:25:31.1 (16244224)|VARIABLE_ASSIGNMENT|[17]|i|10
03:25:31.1 (16253065)|STATEMENT_EXECUTE|[17]
03:25:31.1 (16254944)|STATEMENT_EXECUTE|[18]
03:25:31.1 (16258412)|HEAP_ALLOCATE|[18]|Bytes:12
03:25:31.1 (16275174)|HEAP_ALLOCATE|[18]|Bytes:64
03:25:31.1 (16285063)|HEAP_ALLOCATE|[18]|Bytes:76
03:25:31.1 (16291340)|USER_DEBUG|[18]|DEBUG|Account NameAccount:{Name=Grand Hotels & Resorts Ltd, Id=0016F00002o0fj5QAA}
03:25:31.1 (16297959)|HEAP_ALLOCATE|[17]|Bytes:4
03:25:31.1 (16303463)|VARIABLE_ASSIGNMENT|[17]|i|11
03:25:31.1 (16312224)|STATEMENT_EXECUTE|[17]
03:25:31.1 (16313887)|STATEMENT_EXECUTE|[18]
03:25:31.1 (16317504)|HEAP_ALLOCATE|[18]|Bytes:12
03:25:31.1 (16334278)|HEAP_ALLOCATE|[18]|Bytes:69
03:25:31.1 (16344037)|HEAP_ALLOCATE|[18]|Bytes:81
03:25:31.1 (16350457)|USER_DEBUG|[18]|DEBUG|Account NameAccount:{Name=Express Logistics and Transport, Id=0016F00002o0fj7QAA}
03:25:31.1 (16357004)|HEAP_ALLOCATE|[17]|Bytes:4
03:25:31.1 (16362775)|VARIABLE_ASSIGNMENT|[17]|i|12
03:25:31.1 (16372319)|STATEMENT_EXECUTE|[17]
03:25:31.1 (16373921)|STATEMENT_EXECUTE|[18]
03:25:31.1 (16377485)|HEAP_ALLOCATE|[18]|Bytes:12
03:25:31.1 (16394007)|HEAP_ALLOCATE|[18]|Bytes:43
03:25:31.1 (16404033)|HEAP_ALLOCATE|[18]|Bytes:55
03:25:31.1 (16410015)|USER_DEBUG|[18]|DEBUG|Account NameAccount:{Name=Almas, Id=0016F00002vJCC2QAO}
03:25:31.1 (16416429)|HEAP_ALLOCATE|[17]|Bytes:4
03:25:31.1 (16422928)|VARIABLE_ASSIGNMENT|[17]|i|13
03:25:31.1 (16431785)|STATEMENT_EXECUTE|[17]
03:25:31.1 (16433367)|STATEMENT_EXECUTE|[18]
03:25:31.1 (16436998)|HEAP_ALLOCATE|[18]|Bytes:12
03:25:31.1 (16453416)|HEAP_ALLOCATE|[18]|Bytes:43
03:25:31.1 (16462686)|HEAP_ALLOCATE|[18]|Bytes:55
03:25:31.1 (16468624)|USER_DEBUG|[18]|DEBUG|Account NameAccount:{Name=Ketki, Id=0016F00002sP67wQAC}
03:25:31.1 (16474756)|HEAP_ALLOCATE|[17]|Bytes:4
03:25:31.1 (16480337)|VARIABLE_ASSIGNMENT|[17]|i|14
03:25:31.1 (16495295)|METHOD_EXIT|[3]|01p6F00000MR33H|AccountProgram.queryOnAccount2()
03:25:31.1 (16502020)|SYSTEM_MODE_EXIT|false
03:25:31.1 (16508843)|STATEMENT_EXECUTE|[4]
03:25:31.1 (16536043)|SYSTEM_MODE_ENTER|false
03:25:31.1 (16555087)|HEAP_ALLOCATE|[4]|Bytes:5
03:25:31.1 (16572073)|METHOD_ENTRY|[4]|01p6F00000MR33H|AccountProgram.queryOnAccount3()
03:25:31.1 (16596518)|VARIABLE_SCOPE_BEGIN|[22]|this|AccountProgram|true|false
03:25:31.1 (16613952)|VARIABLE_ASSIGNMENT|[22]|this|{}|0x70568b4c
03:25:31.1 (16629619)|HEAP_ALLOCATE|[24]|Bytes:5
03:25:31.1 (16634416)|STATEMENT_EXECUTE|[22]
03:25:31.1 (16636001)|STATEMENT_EXECUTE|[24]
03:25:31.1 (16647938)|HEAP_ALLOCATE|[24]|Bytes:4
03:25:31.1 (16737780)|SOQL_EXECUTE_BEGIN|[24]|Aggregations:0|SELECT Name FROM Account
03:25:31.1 (18718157)|SOQL_EXECUTE_END|[24]|Rows:14
03:25:31.1 (18740708)|HEAP_ALLOCATE|[24]|Bytes:60
03:25:31.1 (18763208)|HEAP_ALLOCATE|[24]|Bytes:782
03:25:31.1 (18788653)|HEAP_ALLOCATE|[24]|Bytes:60
03:25:31.1 (18799615)|VARIABLE_SCOPE_BEGIN|[24]|AccName3|List<Account>|true|false
03:25:31.1 (18816611)|VARIABLE_ASSIGNMENT|[24]|AccName3|"List of size 14 too large to display"|0x223824
03:25:31.1 (18822974)|STATEMENT_EXECUTE|[25]
03:25:31.1 (18827046)|VARIABLE_SCOPE_BEGIN|[25]|i|Integer|false|false
03:25:31.1 (18833555)|HEAP_ALLOCATE|[25]|Bytes:4
03:25:31.1 (18840641)|VARIABLE_ASSIGNMENT|[25]|i|0
03:25:31.1 (18844624)|STATEMENT_EXECUTE|[26]
03:25:31.1 (18848021)|HEAP_ALLOCATE|[26]|Bytes:10
03:25:31.1 (18871097)|USER_DEBUG|[26]|DEBUG|While Loop
03:25:31.1 (18899531)|STATEMENT_EXECUTE|[27]
03:25:31.1 (18904277)|STATEMENT_EXECUTE|[28]
03:25:31.1 (18912198)|HEAP_ALLOCATE|[28]|Bytes:12
03:25:31.1 (18964138)|HEAP_ALLOCATE|[28]|Bytes:44
03:25:31.1 (18979635)|HEAP_ALLOCATE|[28]|Bytes:56
03:25:31.1 (18988920)|USER_DEBUG|[28]|DEBUG|Account NameAccount:{Name=sForce, Id=0016F00002o0fjCQAQ}
03:25:31.1 (18996132)|STATEMENT_EXECUTE|[29]
03:25:31.1 (18998633)|HEAP_ALLOCATE|[29]|Bytes:4
03:25:31.1 (19006633)|VARIABLE_ASSIGNMENT|[29]|i|1
03:25:31.1 (19019036)|STATEMENT_EXECUTE|[27]
03:25:31.1 (19020636)|STATEMENT_EXECUTE|[28]
03:25:31.1 (19026291)|HEAP_ALLOCATE|[28]|Bytes:12
03:25:31.1 (19048919)|HEAP_ALLOCATE|[28]|Bytes:59
03:25:31.1 (19059437)|HEAP_ALLOCATE|[28]|Bytes:71
03:25:31.1 (19066505)|USER_DEBUG|[28]|DEBUG|Account NameAccount:{Name=University of Arizona, Id=0016F00002o0fj8QAA}
03:25:31.1 (19073250)|STATEMENT_EXECUTE|[29]
03:25:31.1 (19075387)|HEAP_ALLOCATE|[29]|Bytes:4
03:25:31.1 (19081586)|VARIABLE_ASSIGNMENT|[29]|i|2
03:25:31.1 (19091498)|STATEMENT_EXECUTE|[27]
03:25:31.1 (19093183)|STATEMENT_EXECUTE|[28]
03:25:31.1 (19097639)|HEAP_ALLOCATE|[28]|Bytes:12
03:25:31.1 (19116472)|HEAP_ALLOCATE|[28]|Bytes:60
03:25:31.1 (19126479)|HEAP_ALLOCATE|[28]|Bytes:72
03:25:31.1 (19132894)|USER_DEBUG|[28]|DEBUG|Account NameAccount:{Name=United Oil & Gas Corp., Id=0016F00002o0fj6QAA}
03:25:31.1 (19139115)|STATEMENT_EXECUTE|[29]
03:25:31.1 (19141192)|HEAP_ALLOCATE|[29]|Bytes:4
03:25:31.1 (19147072)|VARIABLE_ASSIGNMENT|[29]|i|3
03:25:31.1 (19156521)|STATEMENT_EXECUTE|[27]
03:25:31.1 (19158114)|STATEMENT_EXECUTE|[28]
03:25:31.1 (19162444)|HEAP_ALLOCATE|[28]|Bytes:12
03:25:31.1 (19180661)|HEAP_ALLOCATE|[28]|Bytes:47
03:25:31.1 (19191261)|HEAP_ALLOCATE|[28]|Bytes:59
03:25:31.1 (19197638)|USER_DEBUG|[28]|DEBUG|Account NameAccount:{Name=GenePoint, Id=0016F00002o0fjBQAQ}
03:25:31.1 (19204306)|STATEMENT_EXECUTE|[29]
03:25:31.1 (19206442)|HEAP_ALLOCATE|[29]|Bytes:4
03:25:31.1 (19212016)|VARIABLE_ASSIGNMENT|[29]|i|4
03:25:31.1 (19220881)|STATEMENT_EXECUTE|[27]
03:25:31.1 (19222603)|STATEMENT_EXECUTE|[28]
03:25:31.1 (19226623)|HEAP_ALLOCATE|[28]|Bytes:12
03:25:31.1 (19243686)|HEAP_ALLOCATE|[28]|Bytes:58
03:25:31.1 (19253959)|HEAP_ALLOCATE|[28]|Bytes:70
03:25:31.1 (19259999)|USER_DEBUG|[28]|DEBUG|Account NameAccount:{Name=United Oil & Gas, UK, Id=0016F00002o0fj9QAA}
03:25:31.1 (19266479)|STATEMENT_EXECUTE|[29]
03:25:31.1 (19268700)|HEAP_ALLOCATE|[29]|Bytes:4
03:25:31.1 (19273961)|VARIABLE_ASSIGNMENT|[29]|i|5
03:25:31.1 (19282732)|STATEMENT_EXECUTE|[27]
03:25:31.1 (19284328)|STATEMENT_EXECUTE|[28]
03:25:31.1 (19288214)|HEAP_ALLOCATE|[28]|Bytes:12
03:25:31.1 (19305716)|HEAP_ALLOCATE|[28]|Bytes:65
03:25:31.1 (19315338)|HEAP_ALLOCATE|[28]|Bytes:77
03:25:31.1 (19321865)|USER_DEBUG|[28]|DEBUG|Account NameAccount:{Name=United Oil & Gas, Singapore, Id=0016F00002o0fjAQAQ}
03:25:31.1 (19328757)|STATEMENT_EXECUTE|[29]
03:25:31.1 (19330996)|HEAP_ALLOCATE|[29]|Bytes:4
03:25:31.1 (19336165)|VARIABLE_ASSIGNMENT|[29]|i|6
03:25:31.1 (19345083)|STATEMENT_EXECUTE|[27]
03:25:31.1 (19346626)|STATEMENT_EXECUTE|[28]
03:25:31.1 (19350223)|HEAP_ALLOCATE|[28]|Bytes:12
03:25:31.1 (19367032)|HEAP_ALLOCATE|[28]|Bytes:57
03:25:31.1 (19376572)|HEAP_ALLOCATE|[28]|Bytes:69
03:25:31.1 (19382820)|USER_DEBUG|[28]|DEBUG|Account NameAccount:{Name=Edge Communications, Id=0016F00002o0fj1QAA}
03:25:31.1 (19389557)|STATEMENT_EXECUTE|[29]
03:25:31.1 (19391719)|HEAP_ALLOCATE|[29]|Bytes:4
03:25:31.1 (19397050)|VARIABLE_ASSIGNMENT|[29]|i|7
03:25:31.1 (19406112)|STATEMENT_EXECUTE|[27]
03:25:31.1 (19407690)|STATEMENT_EXECUTE|[28]
03:25:31.1 (19411620)|HEAP_ALLOCATE|[28]|Bytes:12
03:25:31.1 (19429071)|HEAP_ALLOCATE|[28]|Bytes:73
03:25:31.1 (19438586)|HEAP_ALLOCATE|[28]|Bytes:85
03:25:31.1 (19446002)|USER_DEBUG|[28]|DEBUG|Account NameAccount:{Name=Burlington Textiles Corp of America, Id=0016F00002o0fj2QAA}
03:25:31.1 (19452614)|STATEMENT_EXECUTE|[29]
03:25:31.1 (19454345)|HEAP_ALLOCATE|[29]|Bytes:4
03:25:31.1 (19459656)|VARIABLE_ASSIGNMENT|[29]|i|8
03:25:31.1 (19468484)|STATEMENT_EXECUTE|[27]
03:25:31.1 (19470037)|STATEMENT_EXECUTE|[28]
03:25:31.1 (19474193)|HEAP_ALLOCATE|[28]|Bytes:12
03:25:31.1 (19491908)|HEAP_ALLOCATE|[28]|Bytes:63
03:25:31.1 (19501386)|HEAP_ALLOCATE|[28]|Bytes:75
03:25:31.1 (19508530)|USER_DEBUG|[28]|DEBUG|Account NameAccount:{Name=Pyramid Construction Inc., Id=0016F00002o0fj3QAA}
03:25:31.1 (19515359)|STATEMENT_EXECUTE|[29]
03:25:31.1 (19517293)|HEAP_ALLOCATE|[29]|Bytes:4
03:25:31.1 (19523228)|VARIABLE_ASSIGNMENT|[29]|i|9
03:25:31.1 (19532914)|STATEMENT_EXECUTE|[27]
03:25:31.1 (19534472)|STATEMENT_EXECUTE|[28]
03:25:31.1 (19538455)|HEAP_ALLOCATE|[28]|Bytes:12
03:25:31.1 (19558555)|HEAP_ALLOCATE|[28]|Bytes:51
03:25:31.1 (19569047)|HEAP_ALLOCATE|[28]|Bytes:63
03:25:31.1 (19575632)|USER_DEBUG|[28]|DEBUG|Account NameAccount:{Name=Dickenson plc, Id=0016F00002o0fj4QAA}
03:25:31.1 (19582118)|STATEMENT_EXECUTE|[29]
03:25:31.1 (19583968)|HEAP_ALLOCATE|[29]|Bytes:4
03:25:31.1 (19589447)|VARIABLE_ASSIGNMENT|[29]|i|10
03:25:31.1 (19598861)|STATEMENT_EXECUTE|[27]
03:25:31.1 (19600464)|STATEMENT_EXECUTE|[28]
03:25:31.1 (19604583)|HEAP_ALLOCATE|[28]|Bytes:12
03:25:31.1 (19627789)|HEAP_ALLOCATE|[28]|Bytes:64
03:25:31.1 (19637919)|HEAP_ALLOCATE|[28]|Bytes:76
03:25:31.1 (19644450)|USER_DEBUG|[28]|DEBUG|Account NameAccount:{Name=Grand Hotels & Resorts Ltd, Id=0016F00002o0fj5QAA}
03:25:31.1 (19650875)|STATEMENT_EXECUTE|[29]
03:25:31.1 (19652836)|HEAP_ALLOCATE|[29]|Bytes:4
03:25:31.1 (19658584)|VARIABLE_ASSIGNMENT|[29]|i|11
03:25:31.1 (19668519)|STATEMENT_EXECUTE|[27]
03:25:31.1 (19670082)|STATEMENT_EXECUTE|[28]
03:25:31.1 (19674066)|HEAP_ALLOCATE|[28]|Bytes:12
03:25:31.1 (19691681)|HEAP_ALLOCATE|[28]|Bytes:69
03:25:31.1 (19701214)|HEAP_ALLOCATE|[28]|Bytes:81
03:25:31.1 (19709684)|USER_DEBUG|[28]|DEBUG|Account NameAccount:{Name=Express Logistics and Transport, Id=0016F00002o0fj7QAA}
03:25:31.1 (19720049)|STATEMENT_EXECUTE|[29]
03:25:31.1 (19723093)|HEAP_ALLOCATE|[29]|Bytes:4
03:25:31.1 (19732436)|VARIABLE_ASSIGNMENT|[29]|i|12
03:25:31.1 (19748617)|STATEMENT_EXECUTE|[27]
03:25:31.1 (19751337)|STATEMENT_EXECUTE|[28]
03:25:31.1 (19758241)|HEAP_ALLOCATE|[28]|Bytes:12
03:25:31.1 (19785539)|HEAP_ALLOCATE|[28]|Bytes:43
03:25:31.1 (19796125)|HEAP_ALLOCATE|[28]|Bytes:55
03:25:31.1 (19802944)|USER_DEBUG|[28]|DEBUG|Account NameAccount:{Name=Almas, Id=0016F00002vJCC2QAO}
03:25:31.1 (19809255)|STATEMENT_EXECUTE|[29]
03:25:31.1 (19811337)|HEAP_ALLOCATE|[29]|Bytes:4
03:25:31.1 (19817383)|VARIABLE_ASSIGNMENT|[29]|i|13
03:25:31.1 (19831474)|STATEMENT_EXECUTE|[27]
03:25:31.1 (19833824)|STATEMENT_EXECUTE|[28]
03:25:31.1 (19838218)|HEAP_ALLOCATE|[28]|Bytes:12
03:25:31.1 (19857622)|HEAP_ALLOCATE|[28]|Bytes:43
03:25:31.1 (19867423)|HEAP_ALLOCATE|[28]|Bytes:55
03:25:31.1 (19873988)|USER_DEBUG|[28]|DEBUG|Account NameAccount:{Name=Ketki, Id=0016F00002sP67wQAC}
03:25:31.1 (19880175)|STATEMENT_EXECUTE|[29]
03:25:31.1 (19882170)|HEAP_ALLOCATE|[29]|Bytes:4
03:25:31.1 (19887709)|VARIABLE_ASSIGNMENT|[29]|i|14
03:25:31.1 (19902230)|METHOD_EXIT|[4]|01p6F00000MR33H|AccountProgram.queryOnAccount3()
03:25:31.1 (19908351)|SYSTEM_MODE_EXIT|false
03:25:31.19 (19933814)|CUMULATIVE_LIMIT_USAGE
03:25:31.19 (19933814)|LIMIT_USAGE_FOR_NS|(default)|
  Number of SOQL queries: 3 out of 100
  Number of query rows: 42 out of 50000
  Number of SOSL queries: 0 out of 20
  Number of DML statements: 0 out of 150
  Number of DML rows: 0 out of 10000
  Maximum CPU time: 0 out of 10000
  Maximum heap size: 0 out of 6000000
  Number of callouts: 0 out of 100
  Number of Email Invocations: 0 out of 10
  Number of future calls: 0 out of 50
  Number of queueable jobs added to the queue: 0 out of 50
  Number of Mobile Apex push calls: 0 out of 10

03:25:31.19 (19933814)|CUMULATIVE_LIMIT_USAGE_END

03:25:31.1 (19970274)|CODE_UNIT_FINISHED|execute_anonymous_apex
03:25:31.1 (21175124)|EXECUTION_FINISHED
