44.0 APEX_CODE,DEBUG;APEX_PROFILING,INFO;CALLOUT,INFO;DB,INFO;NBA,INFO;SYSTEM,DEBUG;VALIDATION,INFO;VISUALFORCE,DEBUG;WAVE,INFO;WORKFLOW,INFO
07:06:04.0 (457622)|USER_INFO|[EXTERNAL]|0056F00000ATCAZ|ayman.shaikh@gmail.com|Pacific Standard Time|GMT-07:00
07:06:04.0 (547319)|EXECUTION_STARTED
07:06:04.0 (576126)|CODE_UNIT_STARTED|[EXTERNAL]|Validation:Employee:a056F00000lJj7Z
07:06:04.0 (621598)|VALIDATION_RULE|03d6F000001EXpW|Resignation_Date_rule
07:06:04.0 (870250)|VALIDATION_FORMULA|Is_on_Notice_Period__c= true && ISBLANK(Resignation_Date__c)|Is_on_Notice_Period__c=0 , Resignation_Date__c=null
07:06:04.0 (899294)|VALIDATION_PASS
07:06:04.0 (903249)|VALIDATION_RULE|03d6F000001EXr8|Restrict_DOB
07:06:04.0 (1146214)|VALIDATION_FORMULA|Age__c  <= 18|Age__c=30
07:06:04.0 (1157381)|VALIDATION_PASS
07:06:04.0 (1159640)|VALIDATION_RULE|03d6F000001EWg3|Check_Dates
07:06:04.0 (1335649)|VALIDATION_FORMULA|Last_Working_Day__c  <  Date_of_Joining__c|Last_Working_Day__c=null , Date_of_Joining__c=2018-10-03 00:00:00
07:06:04.0 (1343293)|VALIDATION_PASS
07:06:04.0 (1344813)|VALIDATION_RULE|03d6F000001EWfy|Notice_Period
07:06:04.0 (1414317)|VALIDATION_FORMULA|Is_on_Notice_Period__c  = true && ISBLANK( Resignation_Date__c )|Is_on_Notice_Period__c=0 , Resignation_Date__c=null
07:06:04.0 (1420057)|VALIDATION_PASS
07:06:04.0 (1728311)|CODE_UNIT_FINISHED|Validation:Employee:a056F00000lJj7Z
07:06:04.0 (1742437)|EXECUTION_FINISHED
07:06:04.22 (22675449)|USER_INFO|[EXTERNAL]|0056F00000ATCAZ|ayman.shaikh@gmail.com|Pacific Standard Time|GMT-07:00
07:06:04.22 (22708597)|EXECUTION_STARTED
07:06:04.22 (22715183)|CODE_UNIT_STARTED|[EXTERNAL]|Workflow:01I6F000002DSKA
07:06:04.22 (31780169)|WF_RULE_EVAL_BEGIN|Workflow
07:06:04.22 (31854249)|WF_CRITERIA_BEGIN|[Employee: EMP-000001 a056F00000lJj7Z]|one to one|01Q6F0000015jKG|ON_ALL_CHANGES|0
07:06:04.22 (34009838)|WF_RULE_FILTER|[Employee : Employees ID not equal to NULL]
07:06:04.22 (34059358)|WF_RULE_EVAL_VALUE|EMP-000001
07:06:04.22 (34085859)|WF_CRITERIA_END|true
07:06:04.22 (34788957)|WF_CRITERIA_BEGIN|[Employee: EMP-000001 a056F00000lJj7Z]|Record deactivated|01Q6F0000015jIy|ON_CREATE_OR_TRIGGERING_UPDATE|0
07:06:04.22 (35257694)|WF_RULE_NOT_EVALUATED
07:06:04.22 (35298761)|WF_SPOOL_ACTION_BEGIN|Workflow
07:06:04.22 (35635376)|WF_ACTION| Field Update: 1;
07:06:04.22 (35646532)|WF_RULE_EVAL_END
07:06:04.22 (35748919)|WF_ACTIONS_END| Field Update: 1;
07:06:04.22 (35761559)|CODE_UNIT_FINISHED|Workflow:01I6F000002DSKA
07:06:04.22 (35775392)|EXECUTION_FINISHED
